[
  {
    "Plan": {
      "Node Type": "Limit",
      "Parallel Aware": false,
      "Startup Cost": 71778.54,
      "Total Cost": 71778.55,
      "Plan Rows": 2,
      "Plan Width": 148,
      "Plans": [
        {
          "Node Type": "Sort",
          "Parent Relationship": "Outer",
          "Parallel Aware": false,
          "Startup Cost": 71778.54,
          "Total Cost": 71778.55,
          "Plan Rows": 2,
          "Plan Width": 148,
          "Sort Key": ["(count(*)) DESC", "item.i_item_desc", "warehouse.w_warehouse_name", "d1.d_week_seq"],
          "Plans": [
            {
              "Node Type": "Aggregate",
              "Strategy": "Sorted",
              "Partial Mode": "Simple",
              "Parent Relationship": "Outer",
              "Parallel Aware": false,
              "Startup Cost": 71778.48,
              "Total Cost": 71778.53,
              "Plan Rows": 2,
              "Plan Width": 148,
              "Group Key": ["item.i_item_desc", "warehouse.w_warehouse_name", "d1.d_week_seq"],
              "Plans": [
                {
                  "Node Type": "Sort",
                  "Parent Relationship": "Outer",
                  "Parallel Aware": false,
                  "Startup Cost": 71778.48,
                  "Total Cost": 71778.48,
                  "Plan Rows": 2,
                  "Plan Width": 128,
                  "Sort Key": ["item.i_item_desc", "warehouse.w_warehouse_name", "d1.d_week_seq"],
                  "Plans": [
                    {
                      "Node Type": "Nested Loop",
                      "Parent Relationship": "Outer",
                      "Parallel Aware": false,
                      "Join Type": "Left",
                      "Startup Cost": 5530.71,
                      "Total Cost": 71778.47,
                      "Plan Rows": 2,
                      "Plan Width": 128,
                      "Inner Unique": true,
                      "Join Filter": "(catalog_sales.cs_promo_sk = promotion.p_promo_sk)",
                      "Plans": [
                        {
                          "Node Type": "Nested Loop",
                          "Parent Relationship": "Outer",
                          "Parallel Aware": false,
                          "Join Type": "Inner",
                          "Startup Cost": 5530.71,
                          "Total Cost": 71757.72,
                          "Plan Rows": 2,
                          "Plan Width": 128,
                          "Inner Unique": true,
                          "Join Filter": "(d3.d_date > (d1.d_date + 5))",
                          "Plans": [
                            {
                              "Node Type": "Nested Loop",
                              "Parent Relationship": "Outer",
                              "Parallel Aware": false,
                              "Join Type": "Inner",
                              "Startup Cost": 5530.42,
                              "Total Cost": 71756.07,
                              "Plan Rows": 5,
                              "Plan Width": 136,
                              "Inner Unique": true,
                              "Plans": [
                                {
                                  "Node Type": "Nested Loop",
                                  "Parent Relationship": "Outer",
                                  "Parallel Aware": false,
                                  "Join Type": "Inner",
                                  "Startup Cost": 5530.13,
                                  "Total Cost": 71754.53,
                                  "Plan Rows": 5,
                                  "Plan Width": 42,
                                  "Inner Unique": true,
                                  "Join Filter": "(inventory.inv_warehouse_sk = warehouse.w_warehouse_sk)",
                                  "Plans": [
                                    {
                                      "Node Type": "Nested Loop",
                                      "Parent Relationship": "Outer",
                                      "Parallel Aware": false,
                                      "Join Type": "Inner",
                                      "Startup Cost": 5530.13,
                                      "Total Cost": 71753.14,
                                      "Plan Rows": 5,
                                      "Plan Width": 28,
                                      "Inner Unique": false,
                                      "Plans": [
                                        {
                                          "Node Type": "Hash Join",
                                          "Parent Relationship": "Outer",
                                          "Parallel Aware": false,
                                          "Join Type": "Inner",
                                          "Startup Cost": 5529.69,
                                          "Total Cost": 61793.35,
                                          "Plan Rows": 1661,
                                          "Plan Width": 28,
                                          "Inner Unique": false,
                                          "Hash Cond": "(d1.d_week_seq = d2.d_week_seq)",
                                          "Plans": [
                                            {
                                              "Node Type": "Nested Loop",
                                              "Parent Relationship": "Outer",
                                              "Parallel Aware": false,
                                              "Join Type": "Inner",
                                              "Startup Cost": 2481.09,
                                              "Total Cost": 58725.47,
                                              "Plan Rows": 237,
                                              "Plan Width": 24,
                                              "Inner Unique": true,
                                              "Plans": [
                                                {
                                                  "Node Type": "Hash Join",
                                                  "Parent Relationship": "Outer",
                                                  "Parallel Aware": false,
                                                  "Join Type": "Inner",
                                                  "Startup Cost": 2480.66,
                                                  "Total Cost": 58106.10,
                                                  "Plan Rows": 1185,
                                                  "Plan Width": 28,
                                                  "Inner Unique": true,
                                                  "Hash Cond": "(catalog_sales.cs_bill_hdemo_sk = household_demographics.hd_demo_sk)",
                                                  "Plans": [
                                                    {
                                                      "Node Type": "Hash Join",
                                                      "Parent Relationship": "Outer",
                                                      "Parallel Aware": false,
                                                      "Join Type": "Inner",
                                                      "Startup Cost": 2322.66,
                                                      "Total Cost": 57929.32,
                                                      "Plan Rows": 7149,
                                                      "Plan Width": 32,
                                                      "Inner Unique": true,
                                                      "Hash Cond": "(catalog_sales.cs_sold_date_sk = d1.d_date_sk)",
                                                      "Plans": [
                                                        {
                                                          "Node Type": "Seq Scan",
                                                          "Parent Relationship": "Outer",
                                                          "Parallel Aware": false,
                                                          "Relation Name": "catalog_sales",
                                                          "Alias": "catalog_sales",
                                                          "Startup Cost": 0.00,
                                                          "Total Cost": 51821.98,
                                                          "Plan Rows": 1441698,
                                                          "Plan Width": 32
                                                        },
                                                        {
                                                          "Node Type": "Hash",
                                                          "Parent Relationship": "Inner",
                                                          "Parallel Aware": false,
                                                          "Startup Cost": 2318.11,
                                                          "Total Cost": 2318.11,
                                                          "Plan Rows": 364,
                                                          "Plan Width": 12,
                                                          "Plans": [
                                                            {
                                                              "Node Type": "Seq Scan",
                                                              "Parent Relationship": "Outer",
                                                              "Parallel Aware": false,
                                                              "Relation Name": "date_dim",
                                                              "Alias": "d1",
                                                              "Startup Cost": 0.00,
                                                              "Total Cost": 2318.11,
                                                              "Plan Rows": 364,
                                                              "Plan Width": 12,
                                                              "Filter": "(d_year = 1999)"
                                                            }
                                                          ]
                                                        }
                                                      ]
                                                    },
                                                    {
                                                      "Node Type": "Hash",
                                                      "Parent Relationship": "Inner",
                                                      "Parallel Aware": false,
                                                      "Startup Cost": 143.00,
                                                      "Total Cost": 143.00,
                                                      "Plan Rows": 1200,
                                                      "Plan Width": 4,
                                                      "Plans": [
                                                        {
                                                          "Node Type": "Seq Scan",
                                                          "Parent Relationship": "Outer",
                                                          "Parallel Aware": false,
                                                          "Relation Name": "household_demographics",
                                                          "Alias": "household_demographics",
                                                          "Startup Cost": 0.00,
                                                          "Total Cost": 143.00,
                                                          "Plan Rows": 1200,
                                                          "Plan Width": 4,
                                                          "Filter": "(hd_buy_potential = '1001-5000'::bpchar)"
                                                        }
                                                      ]
                                                    }
                                                  ]
                                                },
                                                {
                                                  "Node Type": "Index Scan",
                                                  "Parent Relationship": "Inner",
                                                  "Parallel Aware": false,
                                                  "Scan Direction": "Forward",
                                                  "Index Name": "customer_demographics_pkey",
                                                  "Relation Name": "customer_demographics",
                                                  "Alias": "customer_demographics",
                                                  "Startup Cost": 0.43,
                                                  "Total Cost": 0.52,
                                                  "Plan Rows": 1,
                                                  "Plan Width": 4,
                                                  "Index Cond": "(cd_demo_sk = catalog_sales.cs_bill_cdemo_sk)",
                                                  "Filter": "(cd_marital_status = 'U'::bpchar)"
                                                }
                                              ]
                                            },
                                            {
                                              "Node Type": "Hash",
                                              "Parent Relationship": "Inner",
                                              "Parallel Aware": false,
                                              "Startup Cost": 2135.49,
                                              "Total Cost": 2135.49,
                                              "Plan Rows": 73049,
                                              "Plan Width": 8,
                                              "Plans": [
                                                {
                                                  "Node Type": "Seq Scan",
                                                  "Parent Relationship": "Outer",
                                                  "Parallel Aware": false,
                                                  "Relation Name": "date_dim",
                                                  "Alias": "d2",
                                                  "Startup Cost": 0.00,
                                                  "Total Cost": 2135.49,
                                                  "Plan Rows": 73049,
                                                  "Plan Width": 8
                                                }
                                              ]
                                            }
                                          ]
                                        },
                                        {
                                          "Node Type": "Index Scan",
                                          "Parent Relationship": "Inner",
                                          "Parallel Aware": false,
                                          "Scan Direction": "Forward",
                                          "Index Name": "inventory_pkey",
                                          "Relation Name": "inventory",
                                          "Alias": "inventory",
                                          "Startup Cost": 0.43,
                                          "Total Cost": 5.99,
                                          "Plan Rows": 1,
                                          "Plan Width": 16,
                                          "Index Cond": "((inv_date_sk = d2.d_date_sk) AND (inv_item_sk = catalog_sales.cs_item_sk))",
                                          "Filter": "(inv_quantity_on_hand < catalog_sales.cs_quantity)"
                                        }
                                      ]
                                    },
                                    {
                                      "Node Type": "Materialize",
                                      "Parent Relationship": "Inner",
                                      "Parallel Aware": false,
                                      "Startup Cost": 0.00,
                                      "Total Cost": 1.07,
                                      "Plan Rows": 5,
                                      "Plan Width": 22,
                                      "Plans": [
                                        {
                                          "Node Type": "Seq Scan",
                                          "Parent Relationship": "Outer",
                                          "Parallel Aware": false,
                                          "Relation Name": "warehouse",
                                          "Alias": "warehouse",
                                          "Startup Cost": 0.00,
                                          "Total Cost": 1.05,
                                          "Plan Rows": 5,
                                          "Plan Width": 22
                                        }
                                      ]
                                    }
                                  ]
                                },
                                {
                                  "Node Type": "Index Scan",
                                  "Parent Relationship": "Inner",
                                  "Parallel Aware": false,
                                  "Scan Direction": "Forward",
                                  "Index Name": "item_pkey",
                                  "Relation Name": "item",
                                  "Alias": "item",
                                  "Startup Cost": 0.29,
                                  "Total Cost": 0.31,
                                  "Plan Rows": 1,
                                  "Plan Width": 106,
                                  "Index Cond": "(i_item_sk = catalog_sales.cs_item_sk)"
                                }
                              ]
                            },
                            {
                              "Node Type": "Index Scan",
                              "Parent Relationship": "Inner",
                              "Parallel Aware": false,
                              "Scan Direction": "Forward",
                              "Index Name": "date_dim_pkey",
                              "Relation Name": "date_dim",
                              "Alias": "d3",
                              "Startup Cost": 0.29,
                              "Total Cost": 0.31,
                              "Plan Rows": 1,
                              "Plan Width": 8,
                              "Index Cond": "(d_date_sk = catalog_sales.cs_ship_date_sk)"
                            }
                          ]
                        },
                        {
                          "Node Type": "Materialize",
                          "Parent Relationship": "Inner",
                          "Parallel Aware": false,
                          "Startup Cost": 0.00,
                          "Total Cost": 12.50,
                          "Plan Rows": 300,
                          "Plan Width": 4,
                          "Plans": [
                            {
                              "Node Type": "Seq Scan",
                              "Parent Relationship": "Outer",
                              "Parallel Aware": false,
                              "Relation Name": "promotion",
                              "Alias": "promotion",
                              "Startup Cost": 0.00,
                              "Total Cost": 11.00,
                              "Plan Rows": 300,
                              "Plan Width": 4
                            }
                          ]
                        }
                      ]
                    }
                  ]
                }
              ]
            }
          ]
        }
      ]
    }
  }
]
SET
