[
  {
    "Plan": {
      "Node Type": "Limit",
      "Parallel Aware": false,
      "Startup Cost": 22149.15,
      "Total Cost": 22149.16,
      "Plan Rows": 7,
      "Plan Width": 68,
      "Plans": [
        {
          "Node Type": "Sort",
          "Parent Relationship": "Outer",
          "Parallel Aware": false,
          "Startup Cost": 22149.15,
          "Total Cost": 22149.16,
          "Plan Rows": 7,
          "Plan Width": 68,
          "Sort Key": ["tmp1.avg_quarterly_sales", "tmp1.sum_sales", "tmp1.i_manufact_id"],
          "Plans": [
            {
              "Node Type": "Subquery Scan",
              "Parent Relationship": "Outer",
              "Parallel Aware": false,
              "Alias": "tmp1",
              "Startup Cost": 22147.68,
              "Total Cost": 22149.05,
              "Plan Rows": 7,
              "Plan Width": 68,
              "Filter": "(CASE WHEN (tmp1.avg_quarterly_sales > '0'::numeric) THEN (abs((tmp1.sum_sales - tmp1.avg_quarterly_sales)) / tmp1.avg_quarterly_sales) ELSE NULL::numeric END > 0.1)",
              "Plans": [
                {
                  "Node Type": "WindowAgg",
                  "Parent Relationship": "Subquery",
                  "Parallel Aware": false,
                  "Startup Cost": 22147.68,
                  "Total Cost": 22148.58,
                  "Plan Rows": 21,
                  "Plan Width": 72,
                  "Plans": [
                    {
                      "Node Type": "Aggregate",
                      "Strategy": "Sorted",
                      "Partial Mode": "Simple",
                      "Parent Relationship": "Outer",
                      "Parallel Aware": false,
                      "Startup Cost": 22147.68,
                      "Total Cost": 22148.26,
                      "Plan Rows": 21,
                      "Plan Width": 40,
                      "Group Key": ["item.i_manufact_id", "date_dim.d_qoy"],
                      "Plans": [
                        {
                          "Node Type": "Sort",
                          "Parent Relationship": "Outer",
                          "Parallel Aware": false,
                          "Startup Cost": 22147.68,
                          "Total Cost": 22147.74,
                          "Plan Rows": 21,
                          "Plan Width": 14,
                          "Sort Key": ["item.i_manufact_id", "date_dim.d_qoy"],
                          "Plans": [
                            {
                              "Node Type": "Nested Loop",
                              "Parent Relationship": "Outer",
                              "Parallel Aware": false,
                              "Join Type": "Inner",
                              "Startup Cost": 6.07,
                              "Total Cost": 22147.22,
                              "Plan Rows": 21,
                              "Plan Width": 14,
                              "Inner Unique": true,
                              "Join Filter": "(store_sales.ss_store_sk = store.s_store_sk)",
                              "Plans": [
                                {
                                  "Node Type": "Nested Loop",
                                  "Parent Relationship": "Outer",
                                  "Parallel Aware": false,
                                  "Join Type": "Inner",
                                  "Startup Cost": 6.07,
                                  "Total Cost": 22142.42,
                                  "Plan Rows": 22,
                                  "Plan Width": 18,
                                  "Inner Unique": true,
                                  "Plans": [
                                    {
                                      "Node Type": "Nested Loop",
                                      "Parent Relationship": "Outer",
                                      "Parallel Aware": false,
                                      "Join Type": "Inner",
                                      "Startup Cost": 5.78,
                                      "Total Cost": 20623.74,
                                      "Plan Rows": 4641,
                                      "Plan Width": 18,
                                      "Inner Unique": false,
                                      "Plans": [
                                        {
                                          "Node Type": "Seq Scan",
                                          "Parent Relationship": "Outer",
                                          "Parallel Aware": false,
                                          "Relation Name": "item",
                                          "Alias": "item",
                                          "Startup Cost": 0.00,
                                          "Total Cost": 1905.00,
                                          "Plan Rows": 29,
                                          "Plan Width": 8,
                                          "Filter": "(((i_category = ANY ('{Books,Children,Electronics}'::bpchar[])) AND (i_class = ANY ('{personal,portable,reference,self-help}'::bpchar[])) AND (i_brand = ANY ('{\"scholaramalgamalg #14\",\"scholaramalgamalg #7\",\"exportiunivamalg #9\",\"scholaramalgamalg #9\"}'::bpchar[]))) OR ((i_category = ANY ('{Women,Music,Men}'::bpchar[])) AND (i_class = ANY ('{accessories,classical,fragrances,pants}'::bpchar[])) AND (i_brand = ANY ('{\"amalgimporto #1\",\"edu packscholar #1\",\"exportiimporto #1\",\"importoamalg #1\"}'::bpchar[]))))"
                                        },
                                        {
                                          "Node Type": "Bitmap Heap Scan",
                                          "Parent Relationship": "Inner",
                                          "Parallel Aware": false,
                                          "Relation Name": "store_sales",
                                          "Alias": "store_sales",
                                          "Startup Cost": 5.78,
                                          "Total Cost": 643.73,
                                          "Plan Rows": 174,
                                          "Plan Width": 18,
                                          "Recheck Cond": "(ss_item_sk = item.i_item_sk)",
                                          "Plans": [
                                            {
                                              "Node Type": "Bitmap Index Scan",
                                              "Parent Relationship": "Outer",
                                              "Parallel Aware": false,
                                              "Index Name": "store_sales_pkey",
                                              "Startup Cost": 0.00,
                                              "Total Cost": 5.73,
                                              "Plan Rows": 174,
                                              "Plan Width": 0,
                                              "Index Cond": "(ss_item_sk = item.i_item_sk)"
                                            }
                                          ]
                                        }
                                      ]
                                    },
                                    {
                                      "Node Type": "Index Scan",
                                      "Parent Relationship": "Inner",
                                      "Parallel Aware": false,
                                      "Scan Direction": "Forward",
                                      "Index Name": "date_dim_pkey",
                                      "Relation Name": "date_dim",
                                      "Alias": "date_dim",
                                      "Startup Cost": 0.29,
                                      "Total Cost": 0.33,
                                      "Plan Rows": 1,
                                      "Plan Width": 8,
                                      "Index Cond": "(d_date_sk = store_sales.ss_sold_date_sk)",
                                      "Filter": "(d_month_seq = ANY ('{1203,1204,1205,1206,1207,1208,1209,1210,1211,1212,1213,1214}'::integer[]))"
                                    }
                                  ]
                                },
                                {
                                  "Node Type": "Materialize",
                                  "Parent Relationship": "Inner",
                                  "Parallel Aware": false,
                                  "Startup Cost": 0.00,
                                  "Total Cost": 1.18,
                                  "Plan Rows": 12,
                                  "Plan Width": 4,
                                  "Plans": [
                                    {
                                      "Node Type": "Seq Scan",
                                      "Parent Relationship": "Outer",
                                      "Parallel Aware": false,
                                      "Relation Name": "store",
                                      "Alias": "store",
                                      "Startup Cost": 0.00,
                                      "Total Cost": 1.12,
                                      "Plan Rows": 12,
                                      "Plan Width": 4
                                    }
                                  ]
                                }
                              ]
                            }
                          ]
                        }
                      ]
                    }
                  ]
                }
              ]
            }
          ]
        }
      ]
    }
  }
]
SET
