[
  {
    "Plan": {
      "Node Type": "Limit",
      "Parallel Aware": false,
      "Startup Cost": 97198.97,
      "Total Cost": 97201.85,
      "Plan Rows": 100,
      "Plan Width": 152,
      "Plans": [
        {
          "Node Type": "Aggregate",
          "Strategy": "Sorted",
          "Partial Mode": "Simple",
          "Parent Relationship": "Outer",
          "Parallel Aware": false,
          "Startup Cost": 97198.97,
          "Total Cost": 97209.52,
          "Plan Rows": 367,
          "Plan Width": 152,
          "Grouping Sets": [
            {
              "Group Keys": [
                ["item.i_item_id", "store.s_state"],
                ["item.i_item_id"],
                []
              ]
            }
          ],
          "Plans": [
            {
              "Node Type": "Sort",
              "Parent Relationship": "Outer",
              "Parallel Aware": false,
              "Startup Cost": 97198.97,
              "Total Cost": 97199.43,
              "Plan Rows": 183,
              "Plan Width": 39,
              "Sort Key": ["item.i_item_id", "store.s_state"],
              "Plans": [
                {
                  "Node Type": "Nested Loop",
                  "Parent Relationship": "Outer",
                  "Parallel Aware": false,
                  "Join Type": "Inner",
                  "Startup Cost": 2323.38,
                  "Total Cost": 97192.10,
                  "Plan Rows": 183,
                  "Plan Width": 39,
                  "Inner Unique": true,
                  "Plans": [
                    {
                      "Node Type": "Nested Loop",
                      "Parent Relationship": "Outer",
                      "Parallel Aware": false,
                      "Join Type": "Inner",
                      "Startup Cost": 2323.09,
                      "Total Cost": 97135.96,
                      "Plan Rows": 183,
                      "Plan Width": 26,
                      "Inner Unique": true,
                      "Join Filter": "(store_sales.ss_store_sk = store.s_store_sk)",
                      "Plans": [
                        {
                          "Node Type": "Nested Loop",
                          "Parent Relationship": "Outer",
                          "Parallel Aware": false,
                          "Join Type": "Inner",
                          "Startup Cost": 2323.09,
                          "Total Cost": 97102.44,
                          "Plan Rows": 192,
                          "Plan Width": 27,
                          "Inner Unique": true,
                          "Plans": [
                            {
                              "Node Type": "Hash Join",
                              "Parent Relationship": "Outer",
                              "Parallel Aware": false,
                              "Join Type": "Inner",
                              "Startup Cost": 2322.66,
                              "Total Cost": 90384.75,
                              "Plan Rows": 13706,
                              "Plan Width": 31,
                              "Inner Unique": true,
                              "Hash Cond": "(store_sales.ss_sold_date_sk = date_dim.d_date_sk)",
                              "Plans": [
                                {
                                  "Node Type": "Seq Scan",
                                  "Parent Relationship": "Outer",
                                  "Parallel Aware": false,
                                  "Relation Name": "store_sales",
                                  "Alias": "store_sales",
                                  "Startup Cost": 0.00,
                                  "Total Cost": 80500.49,
                                  "Plan Rows": 2880449,
                                  "Plan Width": 35
                                },
                                {
                                  "Node Type": "Hash",
                                  "Parent Relationship": "Inner",
                                  "Parallel Aware": false,
                                  "Startup Cost": 2318.11,
                                  "Total Cost": 2318.11,
                                  "Plan Rows": 364,
                                  "Plan Width": 4,
                                  "Plans": [
                                    {
                                      "Node Type": "Seq Scan",
                                      "Parent Relationship": "Outer",
                                      "Parallel Aware": false,
                                      "Relation Name": "date_dim",
                                      "Alias": "date_dim",
                                      "Startup Cost": 0.00,
                                      "Total Cost": 2318.11,
                                      "Plan Rows": 364,
                                      "Plan Width": 4,
                                      "Filter": "(d_year = 1998)"
                                    }
                                  ]
                                }
                              ]
                            },
                            {
                              "Node Type": "Index Scan",
                              "Parent Relationship": "Inner",
                              "Parallel Aware": false,
                              "Scan Direction": "Forward",
                              "Index Name": "customer_demographics_pkey",
                              "Relation Name": "customer_demographics",
                              "Alias": "customer_demographics",
                              "Startup Cost": 0.43,
                              "Total Cost": 0.49,
                              "Plan Rows": 1,
                              "Plan Width": 4,
                              "Index Cond": "(cd_demo_sk = store_sales.ss_cdemo_sk)",
                              "Filter": "((cd_gender = 'M'::bpchar) AND (cd_marital_status = 'D'::bpchar) AND (cd_education_status = 'Advanced Degree'::bpchar))"
                            }
                          ]
                        },
                        {
                          "Node Type": "Materialize",
                          "Parent Relationship": "Inner",
                          "Parallel Aware": false,
                          "Startup Cost": 0.00,
                          "Total Cost": 1.27,
                          "Plan Rows": 12,
                          "Plan Width": 7,
                          "Plans": [
                            {
                              "Node Type": "Seq Scan",
                              "Parent Relationship": "Outer",
                              "Parallel Aware": false,
                              "Relation Name": "store",
                              "Alias": "store",
                              "Startup Cost": 0.00,
                              "Total Cost": 1.21,
                              "Plan Rows": 12,
                              "Plan Width": 7,
                              "Filter": "(s_state = ANY ('{SC,OH,MI,SD,TN,GA}'::bpchar[]))"
                            }
                          ]
                        }
                      ]
                    },
                    {
                      "Node Type": "Index Scan",
                      "Parent Relationship": "Inner",
                      "Parallel Aware": false,
                      "Scan Direction": "Forward",
                      "Index Name": "item_pkey",
                      "Relation Name": "item",
                      "Alias": "item",
                      "Startup Cost": 0.29,
                      "Total Cost": 0.31,
                      "Plan Rows": 1,
                      "Plan Width": 21,
                      "Index Cond": "(i_item_sk = store_sales.ss_item_sk)"
                    }
                  ]
                }
              ]
            }
          ]
        }
      ]
    }
  }
]
SET
