[
  {
    "Plan": {
      "Node Type": "Sort",
      "Parallel Aware": false,
      "Startup Cost": 90932.68,
      "Total Cost": 90932.69,
      "Plan Rows": 2,
      "Plan Width": 77,
      "Sort Key": ["(count(*)) DESC", "customer.c_last_name"],
      "Plans": [
        {
          "Node Type": "Nested Loop",
          "Parent Relationship": "Outer",
          "Parallel Aware": false,
          "Join Type": "Inner",
          "Startup Cost": 90915.90,
          "Total Cost": 90932.67,
          "Plan Rows": 2,
          "Plan Width": 77,
          "Inner Unique": true,
          "Plans": [
            {
              "Node Type": "Aggregate",
              "Strategy": "Sorted",
              "Partial Mode": "Simple",
              "Parent Relationship": "Outer",
              "Parallel Aware": false,
              "Startup Cost": 90915.61,
              "Total Cost": 90916.03,
              "Plan Rows": 2,
              "Plan Width": 16,
              "Group Key": ["store_sales.ss_ticket_number", "store_sales.ss_customer_sk"],
              "Filter": "((count(*) >= 1) AND (count(*) <= 5))",
              "Plans": [
                {
                  "Node Type": "Sort",
                  "Parent Relationship": "Outer",
                  "Parallel Aware": false,
                  "Startup Cost": 90915.61,
                  "Total Cost": 90915.65,
                  "Plan Rows": 14,
                  "Plan Width": 8,
                  "Sort Key": ["store_sales.ss_ticket_number", "store_sales.ss_customer_sk"],
                  "Plans": [
                    {
                      "Node Type": "Nested Loop",
                      "Parent Relationship": "Outer",
                      "Parallel Aware": false,
                      "Join Type": "Inner",
                      "Startup Cost": 2777.03,
                      "Total Cost": 90915.34,
                      "Plan Rows": 14,
                      "Plan Width": 8,
                      "Inner Unique": true,
                      "Plans": [
                        {
                          "Node Type": "Hash Join",
                          "Parent Relationship": "Outer",
                          "Parallel Aware": false,
                          "Join Type": "Inner",
                          "Startup Cost": 2776.75,
                          "Total Cost": 90848.23,
                          "Plan Rows": 213,
                          "Plan Width": 12,
                          "Inner Unique": true,
                          "Hash Cond": "(store_sales.ss_store_sk = store.s_store_sk)",
                          "Plans": [
                            {
                              "Node Type": "Hash Join",
                              "Parent Relationship": "Outer",
                              "Parallel Aware": false,
                              "Join Type": "Inner",
                              "Startup Cost": 2775.56,
                              "Total Cost": 90837.65,
                              "Plan Rows": 2673,
                              "Plan Width": 16,
                              "Inner Unique": true,
                              "Hash Cond": "(store_sales.ss_sold_date_sk = date_dim.d_date_sk)",
                              "Plans": [
                                {
                                  "Node Type": "Seq Scan",
                                  "Parent Relationship": "Outer",
                                  "Parallel Aware": false,
                                  "Relation Name": "store_sales",
                                  "Alias": "store_sales",
                                  "Startup Cost": 0.00,
                                  "Total Cost": 80500.49,
                                  "Plan Rows": 2880449,
                                  "Plan Width": 20
                                },
                                {
                                  "Node Type": "Hash",
                                  "Parent Relationship": "Inner",
                                  "Parallel Aware": false,
                                  "Startup Cost": 2774.67,
                                  "Total Cost": 2774.67,
                                  "Plan Rows": 71,
                                  "Plan Width": 4,
                                  "Plans": [
                                    {
                                      "Node Type": "Seq Scan",
                                      "Parent Relationship": "Outer",
                                      "Parallel Aware": false,
                                      "Relation Name": "date_dim",
                                      "Alias": "date_dim",
                                      "Startup Cost": 0.00,
                                      "Total Cost": 2774.67,
                                      "Plan Rows": 71,
                                      "Plan Width": 4,
                                      "Filter": "((d_dom >= 1) AND (d_dom <= 2) AND (d_year = ANY ('{2000,2001,2002}'::integer[])))"
                                    }
                                  ]
                                }
                              ]
                            },
                            {
                              "Node Type": "Hash",
                              "Parent Relationship": "Inner",
                              "Parallel Aware": false,
                              "Startup Cost": 1.18,
                              "Total Cost": 1.18,
                              "Plan Rows": 1,
                              "Plan Width": 4,
                              "Plans": [
                                {
                                  "Node Type": "Seq Scan",
                                  "Parent Relationship": "Outer",
                                  "Parallel Aware": false,
                                  "Relation Name": "store",
                                  "Alias": "store",
                                  "Startup Cost": 0.00,
                                  "Total Cost": 1.18,
                                  "Plan Rows": 1,
                                  "Plan Width": 4,
                                  "Filter": "((s_county)::text = ANY ('{\"Barrow County\",\"Walker County\",\"Richland County\",\"Ziebach County\"}'::text[]))"
                                }
                              ]
                            }
                          ]
                        },
                        {
                          "Node Type": "Index Scan",
                          "Parent Relationship": "Inner",
                          "Parallel Aware": false,
                          "Scan Direction": "Forward",
                          "Index Name": "household_demographics_pkey",
                          "Relation Name": "household_demographics",
                          "Alias": "household_demographics",
                          "Startup Cost": 0.28,
                          "Total Cost": 0.32,
                          "Plan Rows": 1,
                          "Plan Width": 4,
                          "Index Cond": "(hd_demo_sk = store_sales.ss_hdemo_sk)",
                          "Filter": "((hd_vehicle_count > 0) AND ((hd_buy_potential = '1001-5000'::bpchar) OR (hd_buy_potential = '0-500'::bpchar)) AND (CASE WHEN (hd_vehicle_count > 0) THEN (hd_dep_count / hd_vehicle_count) ELSE NULL::integer END > 1))"
                        }
                      ]
                    }
                  ]
                }
              ]
            },
            {
              "Node Type": "Index Scan",
              "Parent Relationship": "Inner",
              "Parallel Aware": false,
              "Scan Direction": "Forward",
              "Index Name": "customer_pkey",
              "Relation Name": "customer",
              "Alias": "customer",
              "Startup Cost": 0.29,
              "Total Cost": 8.31,
              "Plan Rows": 1,
              "Plan Width": 69,
              "Index Cond": "(c_customer_sk = store_sales.ss_customer_sk)"
            }
          ]
        }
      ]
    }
  }
]
SET
