[
  {
    "Plan": {
      "Node Type": "Limit",
      "Parallel Aware": false,
      "Startup Cost": 120970.16,
      "Total Cost": 120970.16,
      "Plan Rows": 1,
      "Plan Width": 16,
      "Plans": [
        {
          "Node Type": "Unique",
          "Parent Relationship": "InitPlan",
          "Subplan Name": "CTE my_customers",
          "Parallel Aware": false,
          "Startup Cost": 24625.27,
          "Total Cost": 24625.28,
          "Plan Rows": 2,
          "Plan Width": 8,
          "Plans": [
            {
              "Node Type": "Sort",
              "Parent Relationship": "Outer",
              "Parallel Aware": false,
              "Startup Cost": 24625.27,
              "Total Cost": 24625.27,
              "Plan Rows": 2,
              "Plan Width": 8,
              "Sort Key": ["customer.c_customer_sk", "customer.c_current_addr_sk"],
              "Plans": [
                {
                  "Node Type": "Nested Loop",
                  "Parent Relationship": "Outer",
                  "Parallel Aware": false,
                  "Join Type": "Inner",
                  "Startup Cost": 5.69,
                  "Total Cost": 24625.26,
                  "Plan Rows": 2,
                  "Plan Width": 8,
                  "Inner Unique": true,
                  "Plans": [
                    {
                      "Node Type": "Nested Loop",
                      "Parent Relationship": "Outer",
                      "Parallel Aware": false,
                      "Join Type": "Inner",
                      "Startup Cost": 5.40,
                      "Total Cost": 24624.63,
                      "Plan Rows": 2,
                      "Plan Width": 4,
                      "Inner Unique": true,
                      "Plans": [
                        {
                          "Node Type": "Nested Loop",
                          "Parent Relationship": "Outer",
                          "Parallel Aware": false,
                          "Join Type": "Inner",
                          "Startup Cost": 5.11,
                          "Total Cost": 22982.92,
                          "Plan Rows": 5163,
                          "Plan Width": 8,
                          "Inner Unique": false,
                          "Plans": [
                            {
                              "Node Type": "Seq Scan",
                              "Parent Relationship": "Outer",
                              "Parallel Aware": false,
                              "Relation Name": "item",
                              "Alias": "item",
                              "Startup Cost": 0.00,
                              "Total Cost": 1500.00,
                              "Plan Rows": 43,
                              "Plan Width": 4,
                              "Filter": "((i_category = 'Children'::bpchar) AND (i_class = 'infants'::bpchar))"
                            },
                            {
                              "Node Type": "Append",
                              "Parent Relationship": "Inner",
                              "Parallel Aware": false,
                              "Startup Cost": 5.11,
                              "Total Cost": 498.28,
                              "Plan Rows": 132,
                              "Plan Width": 12,
                              "Plans": [
                                {
                                  "Node Type": "Bitmap Heap Scan",
                                  "Parent Relationship": "Member",
                                  "Parallel Aware": false,
                                  "Relation Name": "catalog_sales",
                                  "Alias": "catalog_sales",
                                  "Startup Cost": 5.11,
                                  "Total Cost": 330.27,
                                  "Plan Rows": 88,
                                  "Plan Width": 12,
                                  "Recheck Cond": "(cs_item_sk = item.i_item_sk)",
                                  "Plans": [
                                    {
                                      "Node Type": "Bitmap Index Scan",
                                      "Parent Relationship": "Outer",
                                      "Parallel Aware": false,
                                      "Index Name": "catalog_sales_pkey",
                                      "Startup Cost": 0.00,
                                      "Total Cost": 5.09,
                                      "Plan Rows": 88,
                                      "Plan Width": 0,
                                      "Index Cond": "(cs_item_sk = item.i_item_sk)"
                                    }
                                  ]
                                },
                                {
                                  "Node Type": "Bitmap Heap Scan",
                                  "Parent Relationship": "Member",
                                  "Parallel Aware": false,
                                  "Relation Name": "web_sales",
                                  "Alias": "web_sales",
                                  "Startup Cost": 4.77,
                                  "Total Cost": 167.36,
                                  "Plan Rows": 44,
                                  "Plan Width": 12,
                                  "Recheck Cond": "(ws_item_sk = item.i_item_sk)",
                                  "Plans": [
                                    {
                                      "Node Type": "Bitmap Index Scan",
                                      "Parent Relationship": "Outer",
                                      "Parallel Aware": false,
                                      "Index Name": "web_sales_pkey",
                                      "Startup Cost": 0.00,
                                      "Total Cost": 4.75,
                                      "Plan Rows": 44,
                                      "Plan Width": 0,
                                      "Index Cond": "(ws_item_sk = item.i_item_sk)"
                                    }
                                  ]
                                }
                              ]
                            }
                          ]
                        },
                        {
                          "Node Type": "Index Scan",
                          "Parent Relationship": "Inner",
                          "Parallel Aware": false,
                          "Scan Direction": "Forward",
                          "Index Name": "date_dim_pkey",
                          "Relation Name": "date_dim",
                          "Alias": "date_dim",
                          "Startup Cost": 0.29,
                          "Total Cost": 0.32,
                          "Plan Rows": 1,
                          "Plan Width": 4,
                          "Index Cond": "(d_date_sk = catalog_sales.cs_sold_date_sk)",
                          "Filter": "((d_moy = 7) AND (d_year = 1999))"
                        }
                      ]
                    },
                    {
                      "Node Type": "Index Scan",
                      "Parent Relationship": "Inner",
                      "Parallel Aware": false,
                      "Scan Direction": "Forward",
                      "Index Name": "customer_pkey",
                      "Relation Name": "customer",
                      "Alias": "customer",
                      "Startup Cost": 0.29,
                      "Total Cost": 0.32,
                      "Plan Rows": 1,
                      "Plan Width": 8,
                      "Index Cond": "(c_customer_sk = catalog_sales.cs_bill_customer_sk)"
                    }
                  ]
                }
              ]
            }
          ]
        },
        {
          "Node Type": "Aggregate",
          "Strategy": "Sorted",
          "Partial Mode": "Simple",
          "Parent Relationship": "InitPlan",
          "Subplan Name": "CTE my_revenue",
          "Parallel Aware": false,
          "Startup Cost": 96344.78,
          "Total Cost": 96344.80,
          "Plan Rows": 1,
          "Plan Width": 36,
          "Group Key": ["my_customers.c_customer_sk"],
          "Plans": [
            {
              "Node Type": "Unique",
              "Parent Relationship": "InitPlan",
              "Subplan Name": "InitPlan 2 (returns $4)",
              "Parallel Aware": false,
              "Startup Cost": 2501.58,
              "Total Cost": 2501.74,
              "Plan Rows": 31,
              "Plan Width": 4,
              "Plans": [
                {
                  "Node Type": "Sort",
                  "Parent Relationship": "Outer",
                  "Parallel Aware": false,
                  "Startup Cost": 2501.58,
                  "Total Cost": 2501.66,
                  "Plan Rows": 31,
                  "Plan Width": 4,
                  "Sort Key": ["((date_dim_1.d_month_seq + 1))"],
                  "Plans": [
                    {
                      "Node Type": "Seq Scan",
                      "Parent Relationship": "Outer",
                      "Parallel Aware": false,
                      "Relation Name": "date_dim",
                      "Alias": "date_dim_1",
                      "Startup Cost": 0.00,
                      "Total Cost": 2500.81,
                      "Plan Rows": 31,
                      "Plan Width": 4,
                      "Filter": "((d_year = 1999) AND (d_moy = 7))"
                    }
                  ]
                }
              ]
            },
            {
              "Node Type": "Unique",
              "Parent Relationship": "InitPlan",
              "Subplan Name": "InitPlan 3 (returns $5)",
              "Parallel Aware": false,
              "Startup Cost": 2501.58,
              "Total Cost": 2501.74,
              "Plan Rows": 31,
              "Plan Width": 4,
              "Plans": [
                {
                  "Node Type": "Sort",
                  "Parent Relationship": "Outer",
                  "Parallel Aware": false,
                  "Startup Cost": 2501.58,
                  "Total Cost": 2501.66,
                  "Plan Rows": 31,
                  "Plan Width": 4,
                  "Sort Key": ["((date_dim_2.d_month_seq + 3))"],
                  "Plans": [
                    {
                      "Node Type": "Seq Scan",
                      "Parent Relationship": "Outer",
                      "Parallel Aware": false,
                      "Relation Name": "date_dim",
                      "Alias": "date_dim_2",
                      "Startup Cost": 0.00,
                      "Total Cost": 2500.81,
                      "Plan Rows": 31,
                      "Plan Width": 4,
                      "Filter": "((d_year = 1999) AND (d_moy = 7))"
                    }
                  ]
                }
              ]
            },
            {
              "Node Type": "Sort",
              "Parent Relationship": "Outer",
              "Parallel Aware": false,
              "Startup Cost": 91341.31,
              "Total Cost": 91341.31,
              "Plan Rows": 1,
              "Plan Width": 10,
              "Sort Key": ["my_customers.c_customer_sk"],
              "Plans": [
                {
                  "Node Type": "Nested Loop",
                  "Parent Relationship": "Outer",
                  "Parallel Aware": false,
                  "Join Type": "Inner",
                  "Startup Cost": 0.65,
                  "Total Cost": 91341.30,
                  "Plan Rows": 1,
                  "Plan Width": 10,
                  "Inner Unique": false,
                  "Join Filter": "(((customer_address.ca_county)::text = (store.s_county)::text) AND (customer_address.ca_state = store.s_state))",
                  "Plans": [
                    {
                      "Node Type": "Nested Loop",
                      "Parent Relationship": "Outer",
                      "Parallel Aware": false,
                      "Join Type": "Inner",
                      "Startup Cost": 0.65,
                      "Total Cost": 91340.00,
                      "Plan Rows": 1,
                      "Plan Width": 27,
                      "Inner Unique": true,
                      "Plans": [
                        {
                          "Node Type": "Nested Loop",
                          "Parent Relationship": "Outer",
                          "Parallel Aware": false,
                          "Join Type": "Inner",
                          "Startup Cost": 0.36,
                          "Total Cost": 91331.69,
                          "Plan Rows": 1,
                          "Plan Width": 14,
                          "Inner Unique": true,
                          "Plans": [
                            {
                              "Node Type": "Hash Join",
                              "Parent Relationship": "Outer",
                              "Parallel Aware": false,
                              "Join Type": "Inner",
                              "Startup Cost": 0.07,
                              "Total Cost": 91303.14,
                              "Plan Rows": 90,
                              "Plan Width": 18,
                              "Inner Unique": false,
                              "Hash Cond": "(store_sales.ss_customer_sk = my_customers.c_customer_sk)",
                              "Plans": [
                                {
                                  "Node Type": "Seq Scan",
                                  "Parent Relationship": "Outer",
                                  "Parallel Aware": false,
                                  "Relation Name": "store_sales",
                                  "Alias": "store_sales",
                                  "Startup Cost": 0.00,
                                  "Total Cost": 80500.49,
                                  "Plan Rows": 2880449,
                                  "Plan Width": 14
                                },
                                {
                                  "Node Type": "Hash",
                                  "Parent Relationship": "Inner",
                                  "Parallel Aware": false,
                                  "Startup Cost": 0.04,
                                  "Total Cost": 0.04,
                                  "Plan Rows": 2,
                                  "Plan Width": 8,
                                  "Plans": [
                                    {
                                      "Node Type": "CTE Scan",
                                      "Parent Relationship": "Outer",
                                      "Parallel Aware": false,
                                      "CTE Name": "my_customers",
                                      "Alias": "my_customers",
                                      "Startup Cost": 0.00,
                                      "Total Cost": 0.04,
                                      "Plan Rows": 2,
                                      "Plan Width": 8
                                    }
                                  ]
                                }
                              ]
                            },
                            {
                              "Node Type": "Index Scan",
                              "Parent Relationship": "Inner",
                              "Parallel Aware": false,
                              "Scan Direction": "Forward",
                              "Index Name": "date_dim_pkey",
                              "Relation Name": "date_dim",
                              "Alias": "date_dim_3",
                              "Startup Cost": 0.29,
                              "Total Cost": 0.32,
                              "Plan Rows": 1,
                              "Plan Width": 4,
                              "Index Cond": "(d_date_sk = store_sales.ss_sold_date_sk)",
                              "Filter": "((d_month_seq >= $4) AND (d_month_seq <= $5))"
                            }
                          ]
                        },
                        {
                          "Node Type": "Index Scan",
                          "Parent Relationship": "Inner",
                          "Parallel Aware": false,
                          "Scan Direction": "Forward",
                          "Index Name": "customer_address_pkey",
                          "Relation Name": "customer_address",
                          "Alias": "customer_address",
                          "Startup Cost": 0.29,
                          "Total Cost": 8.31,
                          "Plan Rows": 1,
                          "Plan Width": 21,
                          "Index Cond": "(ca_address_sk = my_customers.c_current_addr_sk)"
                        }
                      ]
                    },
                    {
                      "Node Type": "Seq Scan",
                      "Parent Relationship": "Inner",
                      "Parallel Aware": false,
                      "Relation Name": "store",
                      "Alias": "store",
                      "Startup Cost": 0.00,
                      "Total Cost": 1.12,
                      "Plan Rows": 12,
                      "Plan Width": 21
                    }
                  ]
                }
              ]
            }
          ]
        },
        {
          "Node Type": "CTE Scan",
          "Parent Relationship": "InitPlan",
          "Subplan Name": "CTE segments",
          "Parallel Aware": false,
          "CTE Name": "my_revenue",
          "Alias": "my_revenue",
          "Startup Cost": 0.00,
          "Total Cost": 0.03,
          "Plan Rows": 1,
          "Plan Width": 4
        },
        {
          "Node Type": "Sort",
          "Parent Relationship": "Outer",
          "Parallel Aware": false,
          "Startup Cost": 0.05,
          "Total Cost": 0.05,
          "Plan Rows": 1,
          "Plan Width": 16,
          "Sort Key": ["segments.segment", "(count(*))"],
          "Plans": [
            {
              "Node Type": "Aggregate",
              "Strategy": "Hashed",
              "Partial Mode": "Simple",
              "Parent Relationship": "Outer",
              "Parallel Aware": false,
              "Startup Cost": 0.02,
              "Total Cost": 0.04,
              "Plan Rows": 1,
              "Plan Width": 16,
              "Group Key": ["segments.segment"],
              "Plans": [
                {
                  "Node Type": "CTE Scan",
                  "Parent Relationship": "Outer",
                  "Parallel Aware": false,
                  "CTE Name": "segments",
                  "Alias": "segments",
                  "Startup Cost": 0.00,
                  "Total Cost": 0.02,
                  "Plan Rows": 1,
                  "Plan Width": 4
                }
              ]
            }
          ]
        }
      ]
    }
  }
]
SET
