[
  {
    "Plan": {
      "Node Type": "Limit",
      "Parallel Aware": false,
      "Startup Cost": 85642.95,
      "Total Cost": 85642.98,
      "Plan Rows": 10,
      "Plan Width": 87,
      "Plans": [
        {
          "Node Type": "Sort",
          "Parent Relationship": "Outer",
          "Parallel Aware": false,
          "Startup Cost": 85642.95,
          "Total Cost": 85642.98,
          "Plan Rows": 10,
          "Plan Width": 87,
          "Sort Key": ["(sum(store_sales.ss_ext_sales_price)) DESC", "item.i_brand_id"],
          "Plans": [
            {
              "Node Type": "Aggregate",
              "Strategy": "Sorted",
              "Partial Mode": "Simple",
              "Parent Relationship": "Outer",
              "Parallel Aware": false,
              "Startup Cost": 85642.56,
              "Total Cost": 85642.79,
              "Plan Rows": 10,
              "Plan Width": 87,
              "Group Key": ["item.i_brand", "item.i_brand_id"],
              "Plans": [
                {
                  "Node Type": "Sort",
                  "Parent Relationship": "Outer",
                  "Parallel Aware": false,
                  "Startup Cost": 85642.56,
                  "Total Cost": 85642.59,
                  "Plan Rows": 10,
                  "Plan Width": 61,
                  "Sort Key": ["item.i_brand", "item.i_brand_id"],
                  "Plans": [
                    {
                      "Node Type": "Hash Join",
                      "Parent Relationship": "Outer",
                      "Parallel Aware": false,
                      "Join Type": "Inner",
                      "Startup Cost": 2506.87,
                      "Total Cost": 85642.39,
                      "Plan Rows": 10,
                      "Plan Width": 61,
                      "Inner Unique": true,
                      "Hash Cond": "(store_sales.ss_sold_date_sk = date_dim.d_date_sk)",
                      "Plans": [
                        {
                          "Node Type": "Nested Loop",
                          "Parent Relationship": "Outer",
                          "Parallel Aware": false,
                          "Join Type": "Inner",
                          "Startup Cost": 5.75,
                          "Total Cost": 83078.68,
                          "Plan Rows": 23844,
                          "Plan Width": 65,
                          "Inner Unique": false,
                          "Plans": [
                            {
                              "Node Type": "Seq Scan",
                              "Parent Relationship": "Outer",
                              "Parallel Aware": false,
                              "Relation Name": "item",
                              "Alias": "item",
                              "Startup Cost": 0.00,
                              "Total Cost": 1455.00,
                              "Plan Rows": 149,
                              "Plan Width": 59,
                              "Filter": "(i_manager_id = 54)"
                            },
                            {
                              "Node Type": "Bitmap Heap Scan",
                              "Parent Relationship": "Inner",
                              "Parallel Aware": false,
                              "Relation Name": "store_sales",
                              "Alias": "store_sales",
                              "Startup Cost": 5.75,
                              "Total Cost": 546.07,
                              "Plan Rows": 174,
                              "Plan Width": 14,
                              "Recheck Cond": "(ss_item_sk = item.i_item_sk)",
                              "Plans": [
                                {
                                  "Node Type": "Bitmap Index Scan",
                                  "Parent Relationship": "Outer",
                                  "Parallel Aware": false,
                                  "Index Name": "store_sales_pkey",
                                  "Startup Cost": 0.00,
                                  "Total Cost": 5.71,
                                  "Plan Rows": 174,
                                  "Plan Width": 0,
                                  "Index Cond": "(ss_item_sk = item.i_item_sk)"
                                }
                              ]
                            }
                          ]
                        },
                        {
                          "Node Type": "Hash",
                          "Parent Relationship": "Inner",
                          "Parallel Aware": false,
                          "Startup Cost": 2500.73,
                          "Total Cost": 2500.73,
                          "Plan Rows": 31,
                          "Plan Width": 4,
                          "Plans": [
                            {
                              "Node Type": "Seq Scan",
                              "Parent Relationship": "Outer",
                              "Parallel Aware": false,
                              "Relation Name": "date_dim",
                              "Alias": "date_dim",
                              "Startup Cost": 0.00,
                              "Total Cost": 2500.73,
                              "Plan Rows": 31,
                              "Plan Width": 4,
                              "Filter": "((d_moy = 12) AND (d_year = 2000))"
                            }
                          ]
                        }
                      ]
                    }
                  ]
                }
              ]
            }
          ]
        }
      ]
    }
  }
]
SET
