[
  {
    "Plan": {
      "Node Type": "Limit",
      "Parallel Aware": false,
      "Startup Cost": 12848.81,
      "Total Cost": 12849.06,
      "Plan Rows": 100,
      "Plan Width": 91,
      "Plans": [
        {
          "Node Type": "Sort",
          "Parent Relationship": "Outer",
          "Parallel Aware": false,
          "Startup Cost": 12848.81,
          "Total Cost": 12849.33,
          "Plan Rows": 206,
          "Plan Width": 91,
          "Sort Key": ["dt.d_year", "(sum(store_sales.ss_sales_price)) DESC", "item.i_brand_id"],
          "Plans": [
            {
              "Node Type": "Aggregate",
              "Strategy": "Sorted",
              "Partial Mode": "Simple",
              "Parent Relationship": "Outer",
              "Parallel Aware": false,
              "Startup Cost": 12835.79,
              "Total Cost": 12840.94,
              "Plan Rows": 206,
              "Plan Width": 91,
              "Group Key": ["dt.d_year", "item.i_brand", "item.i_brand_id"],
              "Plans": [
                {
                  "Node Type": "Sort",
                  "Parent Relationship": "Outer",
                  "Parallel Aware": false,
                  "Startup Cost": 12835.79,
                  "Total Cost": 12836.31,
                  "Plan Rows": 206,
                  "Plan Width": 65,
                  "Sort Key": ["dt.d_year", "item.i_brand", "item.i_brand_id"],
                  "Plans": [
                    {
                      "Node Type": "Nested Loop",
                      "Parent Relationship": "Outer",
                      "Parallel Aware": false,
                      "Join Type": "Inner",
                      "Startup Cost": 6.07,
                      "Total Cost": 12827.87,
                      "Plan Rows": 206,
                      "Plan Width": 65,
                      "Inner Unique": true,
                      "Plans": [
                        {
                          "Node Type": "Nested Loop",
                          "Parent Relationship": "Outer",
                          "Parallel Aware": false,
                          "Join Type": "Inner",
                          "Startup Cost": 5.78,
                          "Total Cost": 12022.16,
                          "Plan Rows": 2560,
                          "Plan Width": 65,
                          "Inner Unique": false,
                          "Plans": [
                            {
                              "Node Type": "Seq Scan",
                              "Parent Relationship": "Outer",
                              "Parallel Aware": false,
                              "Relation Name": "item",
                              "Alias": "item",
                              "Startup Cost": 0.00,
                              "Total Cost": 1455.00,
                              "Plan Rows": 16,
                              "Plan Width": 59,
                              "Filter": "(i_manufact_id = 890)"
                            },
                            {
                              "Node Type": "Bitmap Heap Scan",
                              "Parent Relationship": "Inner",
                              "Parallel Aware": false,
                              "Relation Name": "store_sales",
                              "Alias": "store_sales",
                              "Startup Cost": 5.78,
                              "Total Cost": 658.71,
                              "Plan Rows": 174,
                              "Plan Width": 14,
                              "Recheck Cond": "(ss_item_sk = item.i_item_sk)",
                              "Plans": [
                                {
                                  "Node Type": "Bitmap Index Scan",
                                  "Parent Relationship": "Outer",
                                  "Parallel Aware": false,
                                  "Index Name": "store_sales_pkey",
                                  "Startup Cost": 0.00,
                                  "Total Cost": 5.73,
                                  "Plan Rows": 174,
                                  "Plan Width": 0,
                                  "Index Cond": "(ss_item_sk = item.i_item_sk)"
                                }
                              ]
                            }
                          ]
                        },
                        {
                          "Node Type": "Index Scan",
                          "Parent Relationship": "Inner",
                          "Parallel Aware": false,
                          "Scan Direction": "Forward",
                          "Index Name": "date_dim_pkey",
                          "Relation Name": "date_dim",
                          "Alias": "dt",
                          "Startup Cost": 0.29,
                          "Total Cost": 0.31,
                          "Plan Rows": 1,
                          "Plan Width": 8,
                          "Index Cond": "(d_date_sk = store_sales.ss_sold_date_sk)",
                          "Filter": "(d_moy = 12)"
                        }
                      ]
                    }
                  ]
                }
              ]
            }
          ]
        }
      ]
    }
  }
]
SET
