[
  {
    "Plan": {
      "Node Type": "Sort",
      "Parallel Aware": false,
      "Startup Cost": 82295.74,
      "Total Cost": 82295.74,
      "Plan Rows": 1,
      "Plan Width": 1310,
      "Sort Key": ["cs1.product_name", "cs1.store_name", "cs2.cnt", "cs1.s1", "cs2.s1"],
      "Plans": [
        {
          "Node Type": "Aggregate",
          "Strategy": "Sorted",
          "Partial Mode": "Simple",
          "Parent Relationship": "InitPlan",
          "Subplan Name": "CTE cs_ui",
          "Parallel Aware": false,
          "Startup Cost": 81923.26,
          "Total Cost": 81928.71,
          "Plan Rows": 36,
          "Plan Width": 68,
          "Group Key": ["catalog_sales.cs_item_sk"],
          "Filter": "(sum(catalog_sales.cs_ext_list_price) > ('2'::numeric * sum(((catalog_returns.cr_refunded_cash + catalog_returns.cr_reversed_charge) + catalog_returns.cr_store_credit))))",
          "Plans": [
            {
              "Node Type": "Sort",
              "Parent Relationship": "Outer",
              "Parallel Aware": false,
              "Startup Cost": 81923.26,
              "Total Cost": 81923.53,
              "Plan Rows": 109,
              "Plan Width": 29,
              "Sort Key": ["catalog_sales.cs_item_sk"],
              "Plans": [
                {
                  "Node Type": "Hash Join",
                  "Parent Relationship": "Outer",
                  "Parallel Aware": false,
                  "Join Type": "Inner",
                  "Startup Cost": 7463.68,
                  "Total Cost": 81919.57,
                  "Plan Rows": 109,
                  "Plan Width": 29,
                  "Inner Unique": true,
                  "Hash Cond": "((catalog_sales.cs_item_sk = catalog_returns.cr_item_sk) AND (catalog_sales.cs_order_number = catalog_returns.cr_order_number))",
                  "Plans": [
                    {
                      "Node Type": "Seq Scan",
                      "Parent Relationship": "Outer",
                      "Parallel Aware": false,
                      "Relation Name": "catalog_sales",
                      "Alias": "catalog_sales",
                      "Startup Cost": 0.00,
                      "Total Cost": 51821.98,
                      "Plan Rows": 1441698,
                      "Plan Width": 15
                    },
                    {
                      "Node Type": "Hash",
                      "Parent Relationship": "Inner",
                      "Parallel Aware": false,
                      "Startup Cost": 4317.67,
                      "Total Cost": 4317.67,
                      "Plan Rows": 144067,
                      "Plan Width": 26,
                      "Plans": [
                        {
                          "Node Type": "Seq Scan",
                          "Parent Relationship": "Outer",
                          "Parallel Aware": false,
                          "Relation Name": "catalog_returns",
                          "Alias": "catalog_returns",
                          "Startup Cost": 0.00,
                          "Total Cost": 4317.67,
                          "Plan Rows": 144067,
                          "Plan Width": 26
                        }
                      ]
                    }
                  ]
                }
              ]
            }
          ]
        },
        {
          "Node Type": "Aggregate",
          "Strategy": "Sorted",
          "Partial Mode": "Simple",
          "Parent Relationship": "InitPlan",
          "Subplan Name": "CTE cross_sales",
          "Parallel Aware": false,
          "Startup Cost": 366.89,
          "Total Cost": 366.95,
          "Plan Rows": 1,
          "Plan Width": 267,
          "Group Key": ["item.i_item_sk", "store.s_store_name", "store.s_zip", "ad1.ca_street_number", "ad1.ca_street_name", "ad1.ca_city", "ad1.ca_zip", "ad2.ca_street_number", "ad2.ca_street_name", "ad2.ca_city", "ad2.ca_zip", "d1.d_year", "d2.d_year", "d3.d_year"],
          "Plans": [
            {
              "Node Type": "Sort",
              "Parent Relationship": "Outer",
              "Parallel Aware": false,
              "Startup Cost": 366.89,
              "Total Cost": 366.89,
              "Plan Rows": 1,
              "Plan Width": 178,
              "Sort Key": ["item.i_item_sk", "store.s_store_name", "store.s_zip", "ad1.ca_street_number", "ad1.ca_street_name", "ad1.ca_city", "ad1.ca_zip", "ad2.ca_street_number", "ad2.ca_street_name", "ad2.ca_city", "ad2.ca_zip", "d1.d_year", "d2.d_year", "d3.d_year"],
              "Plans": [
                {
                  "Node Type": "Nested Loop",
                  "Parent Relationship": "Outer",
                  "Parallel Aware": false,
                  "Join Type": "Inner",
                  "Startup Cost": 8.60,
                  "Total Cost": 366.88,
                  "Plan Rows": 1,
                  "Plan Width": 178,
                  "Inner Unique": true,
                  "Join Filter": "(ib2.ib_income_band_sk = hd2.hd_income_band_sk)",
                  "Plans": [
                    {
                      "Node Type": "Nested Loop",
                      "Parent Relationship": "Outer",
                      "Parallel Aware": false,
                      "Join Type": "Inner",
                      "Startup Cost": 8.60,
                      "Total Cost": 365.43,
                      "Plan Rows": 1,
                      "Plan Width": 182,
                      "Inner Unique": true,
                      "Plans": [
                        {
                          "Node Type": "Nested Loop",
                          "Parent Relationship": "Outer",
                          "Parallel Aware": false,
                          "Join Type": "Inner",
                          "Startup Cost": 8.31,
                          "Total Cost": 365.12,
                          "Plan Rows": 1,
                          "Plan Width": 182,
                          "Inner Unique": true,
                          "Join Filter": "(store_sales.ss_store_sk = store.s_store_sk)",
                          "Plans": [
                            {
                              "Node Type": "Nested Loop",
                              "Parent Relationship": "Outer",
                              "Parallel Aware": false,
                              "Join Type": "Inner",
                              "Startup Cost": 8.31,
                              "Total Cost": 363.85,
                              "Plan Rows": 1,
                              "Plan Width": 170,
                              "Inner Unique": true,
                              "Join Filter": "(ib1.ib_income_band_sk = hd1.hd_income_band_sk)",
                              "Plans": [
                                {
                                  "Node Type": "Nested Loop",
                                  "Parent Relationship": "Outer",
                                  "Parallel Aware": false,
                                  "Join Type": "Inner",
                                  "Startup Cost": 8.31,
                                  "Total Cost": 362.40,
                                  "Plan Rows": 1,
                                  "Plan Width": 174,
                                  "Inner Unique": true,
                                  "Plans": [
                                    {
                                      "Node Type": "Nested Loop",
                                      "Parent Relationship": "Outer",
                                      "Parallel Aware": false,
                                      "Join Type": "Inner",
                                      "Startup Cost": 8.03,
                                      "Total Cost": 362.10,
                                      "Plan Rows": 1,
                                      "Plan Width": 174,
                                      "Inner Unique": true,
                                      "Plans": [
                                        {
                                          "Node Type": "Nested Loop",
                                          "Parent Relationship": "Outer",
                                          "Parallel Aware": false,
                                          "Join Type": "Inner",
                                          "Startup Cost": 7.74,
                                          "Total Cost": 361.80,
                                          "Plan Rows": 1,
                                          "Plan Width": 138,
                                          "Inner Unique": true,
                                          "Join Filter": "(cd1.cd_marital_status <> cd2.cd_marital_status)",
                                          "Plans": [
                                            {
                                              "Node Type": "Nested Loop",
                                              "Parent Relationship": "Outer",
                                              "Parallel Aware": false,
                                              "Join Type": "Inner",
                                              "Startup Cost": 7.31,
                                              "Total Cost": 360.25,
                                              "Plan Rows": 1,
                                              "Plan Width": 144,
                                              "Inner Unique": true,
                                              "Plans": [
                                                {
                                                  "Node Type": "Nested Loop",
                                                  "Parent Relationship": "Outer",
                                                  "Parallel Aware": false,
                                                  "Join Type": "Inner",
                                                  "Startup Cost": 7.02,
                                                  "Total Cost": 359.90,
                                                  "Plan Rows": 1,
                                                  "Plan Width": 108,
                                                  "Inner Unique": true,
                                                  "Plans": [
                                                    {
                                                      "Node Type": "Nested Loop",
                                                      "Parent Relationship": "Outer",
                                                      "Parallel Aware": false,
                                                      "Join Type": "Inner",
                                                      "Startup Cost": 6.88,
                                                      "Total Cost": 359.73,
                                                      "Plan Rows": 1,
                                                      "Plan Width": 112,
                                                      "Inner Unique": true,
                                                      "Plans": [
                                                        {
                                                          "Node Type": "Nested Loop",
                                                          "Parent Relationship": "Outer",
                                                          "Parallel Aware": false,
                                                          "Join Type": "Inner",
                                                          "Startup Cost": 6.58,
                                                          "Total Cost": 359.36,
                                                          "Plan Rows": 1,
                                                          "Plan Width": 112,
                                                          "Inner Unique": true,
                                                          "Plans": [
                                                            {
                                                              "Node Type": "Nested Loop",
                                                              "Parent Relationship": "Outer",
                                                              "Parallel Aware": false,
                                                              "Join Type": "Inner",
                                                              "Startup Cost": 6.29,
                                                              "Total Cost": 358.98,
                                                              "Plan Rows": 1,
                                                              "Plan Width": 112,
                                                              "Inner Unique": true,
                                                              "Plans": [
                                                                {
                                                                  "Node Type": "Nested Loop",
                                                                  "Parent Relationship": "Outer",
                                                                  "Parallel Aware": false,
                                                                  "Join Type": "Inner",
                                                                  "Startup Cost": 6.00,
                                                                  "Total Cost": 358.67,
                                                                  "Plan Rows": 1,
                                                                  "Plan Width": 96,
                                                                  "Inner Unique": true,
                                                                  "Plans": [
                                                                    {
                                                                      "Node Type": "Nested Loop",
                                                                      "Parent Relationship": "Outer",
                                                                      "Parallel Aware": false,
                                                                      "Join Type": "Inner",
                                                                      "Startup Cost": 5.57,
                                                                      "Total Cost": 358.19,
                                                                      "Plan Rows": 1,
                                                                      "Plan Width": 98,
                                                                      "Inner Unique": true,
                                                                      "Plans": [
                                                                        {
                                                                          "Node Type": "Nested Loop",
                                                                          "Parent Relationship": "Outer",
                                                                          "Parallel Aware": false,
                                                                          "Join Type": "Inner",
                                                                          "Startup Cost": 5.28,
                                                                          "Total Cost": 357.87,
                                                                          "Plan Rows": 1,
                                                                          "Plan Width": 98,
                                                                          "Inner Unique": true,
                                                                          "Join Filter": "(item.i_item_sk = store_sales.ss_item_sk)",
                                                                          "Plans": [
                                                                            {
                                                                              "Node Type": "Nested Loop",
                                                                              "Parent Relationship": "Outer",
                                                                              "Parallel Aware": false,
                                                                              "Join Type": "Inner",
                                                                              "Startup Cost": 4.85,
                                                                              "Total Cost": 336.65,
                                                                              "Plan Rows": 16,
                                                                              "Plan Width": 67,
                                                                              "Inner Unique": false,
                                                                              "Join Filter": "(item.i_item_sk = store_returns.sr_item_sk)",
                                                                              "Plans": [
                                                                                {
                                                                                  "Node Type": "Nested Loop",
                                                                                  "Parent Relationship": "Outer",
                                                                                  "Parallel Aware": false,
                                                                                  "Join Type": "Inner",
                                                                                  "Startup Cost": 0.29,
                                                                                  "Total Cost": 266.68,
                                                                                  "Plan Rows": 1,
                                                                                  "Plan Width": 59,
                                                                                  "Inner Unique": true,
                                                                                  "Plans": [
                                                                                    {
                                                                                      "Node Type": "CTE Scan",
                                                                                      "Parent Relationship": "Outer",
                                                                                      "Parallel Aware": false,
                                                                                      "CTE Name": "cs_ui",
                                                                                      "Alias": "cs_ui",
                                                                                      "Startup Cost": 0.00,
                                                                                      "Total Cost": 0.72,
                                                                                      "Plan Rows": 36,
                                                                                      "Plan Width": 4
                                                                                    },
                                                                                    {
                                                                                      "Node Type": "Index Scan",
                                                                                      "Parent Relationship": "Inner",
                                                                                      "Parallel Aware": false,
                                                                                      "Scan Direction": "Forward",
                                                                                      "Index Name": "item_pkey",
                                                                                      "Relation Name": "item",
                                                                                      "Alias": "item",
                                                                                      "Startup Cost": 0.29,
                                                                                      "Total Cost": 7.32,
                                                                                      "Plan Rows": 1,
                                                                                      "Plan Width": 55,
                                                                                      "Index Cond": "(i_item_sk = cs_ui.cs_item_sk)",
                                                                                      "Filter": "((i_current_price >= '77'::numeric) AND (i_current_price <= '87'::numeric) AND (i_current_price >= '78'::numeric) AND (i_current_price <= '92'::numeric) AND (i_color = ANY ('{antique,azure,burlywood,linen,chartreuse,honeydew}'::bpchar[])))"
                                                                                    }
                                                                                  ]
                                                                                },
                                                                                {
                                                                                  "Node Type": "Bitmap Heap Scan",
                                                                                  "Parent Relationship": "Inner",
                                                                                  "Parallel Aware": false,
                                                                                  "Relation Name": "store_returns",
                                                                                  "Alias": "store_returns",
                                                                                  "Startup Cost": 4.56,
                                                                                  "Total Cost": 69.75,
                                                                                  "Plan Rows": 18,
                                                                                  "Plan Width": 8,
                                                                                  "Recheck Cond": "(sr_item_sk = cs_ui.cs_item_sk)",
                                                                                  "Plans": [
                                                                                    {
                                                                                      "Node Type": "Bitmap Index Scan",
                                                                                      "Parent Relationship": "Outer",
                                                                                      "Parallel Aware": false,
                                                                                      "Index Name": "store_returns_pkey",
                                                                                      "Startup Cost": 0.00,
                                                                                      "Total Cost": 4.56,
                                                                                      "Plan Rows": 18,
                                                                                      "Plan Width": 0,
                                                                                      "Index Cond": "(sr_item_sk = cs_ui.cs_item_sk)"
                                                                                    }
                                                                                  ]
                                                                                }
                                                                              ]
                                                                            },
                                                                            {
                                                                              "Node Type": "Index Scan",
                                                                              "Parent Relationship": "Inner",
                                                                              "Parallel Aware": false,
                                                                              "Scan Direction": "Forward",
                                                                              "Index Name": "store_sales_pkey",
                                                                              "Relation Name": "store_sales",
                                                                              "Alias": "store_sales",
                                                                              "Startup Cost": 0.43,
                                                                              "Total Cost": 1.31,
                                                                              "Plan Rows": 1,
                                                                              "Plan Width": 51,
                                                                              "Index Cond": "((ss_item_sk = store_returns.sr_item_sk) AND (ss_ticket_number = store_returns.sr_ticket_number))"
                                                                            }
                                                                          ]
                                                                        },
                                                                        {
                                                                          "Node Type": "Index Scan",
                                                                          "Parent Relationship": "Inner",
                                                                          "Parallel Aware": false,
                                                                          "Scan Direction": "Forward",
                                                                          "Index Name": "date_dim_pkey",
                                                                          "Relation Name": "date_dim",
                                                                          "Alias": "d1",
                                                                          "Startup Cost": 0.29,
                                                                          "Total Cost": 0.31,
                                                                          "Plan Rows": 1,
                                                                          "Plan Width": 8,
                                                                          "Index Cond": "(d_date_sk = store_sales.ss_sold_date_sk)"
                                                                        }
                                                                      ]
                                                                    },
                                                                    {
                                                                      "Node Type": "Index Scan",
                                                                      "Parent Relationship": "Inner",
                                                                      "Parallel Aware": false,
                                                                      "Scan Direction": "Forward",
                                                                      "Index Name": "customer_demographics_pkey",
                                                                      "Relation Name": "customer_demographics",
                                                                      "Alias": "cd1",
                                                                      "Startup Cost": 0.43,
                                                                      "Total Cost": 0.48,
                                                                      "Plan Rows": 1,
                                                                      "Plan Width": 6,
                                                                      "Index Cond": "(cd_demo_sk = store_sales.ss_cdemo_sk)"
                                                                    }
                                                                  ]
                                                                },
                                                                {
                                                                  "Node Type": "Index Scan",
                                                                  "Parent Relationship": "Inner",
                                                                  "Parallel Aware": false,
                                                                  "Scan Direction": "Forward",
                                                                  "Index Name": "customer_pkey",
                                                                  "Relation Name": "customer",
                                                                  "Alias": "customer",
                                                                  "Startup Cost": 0.29,
                                                                  "Total Cost": 0.31,
                                                                  "Plan Rows": 1,
                                                                  "Plan Width": 24,
                                                                  "Index Cond": "(c_customer_sk = store_sales.ss_customer_sk)"
                                                                }
                                                              ]
                                                            },
                                                            {
                                                              "Node Type": "Index Scan",
                                                              "Parent Relationship": "Inner",
                                                              "Parallel Aware": false,
                                                              "Scan Direction": "Forward",
                                                              "Index Name": "date_dim_pkey",
                                                              "Relation Name": "date_dim",
                                                              "Alias": "d2",
                                                              "Startup Cost": 0.29,
                                                              "Total Cost": 0.37,
                                                              "Plan Rows": 1,
                                                              "Plan Width": 8,
                                                              "Index Cond": "(d_date_sk = customer.c_first_sales_date_sk)"
                                                            }
                                                          ]
                                                        },
                                                        {
                                                          "Node Type": "Index Scan",
                                                          "Parent Relationship": "Inner",
                                                          "Parallel Aware": false,
                                                          "Scan Direction": "Forward",
                                                          "Index Name": "date_dim_pkey",
                                                          "Relation Name": "date_dim",
                                                          "Alias": "d3",
                                                          "Startup Cost": 0.29,
                                                          "Total Cost": 0.37,
                                                          "Plan Rows": 1,
                                                          "Plan Width": 8,
                                                          "Index Cond": "(d_date_sk = customer.c_first_shipto_date_sk)"
                                                        }
                                                      ]
                                                    },
                                                    {
                                                      "Node Type": "Index Only Scan",
                                                      "Parent Relationship": "Inner",
                                                      "Parallel Aware": false,
                                                      "Scan Direction": "Forward",
                                                      "Index Name": "promotion_pkey",
                                                      "Relation Name": "promotion",
                                                      "Alias": "promotion",
                                                      "Startup Cost": 0.15,
                                                      "Total Cost": 0.17,
                                                      "Plan Rows": 1,
                                                      "Plan Width": 4,
                                                      "Index Cond": "(p_promo_sk = store_sales.ss_promo_sk)"
                                                    }
                                                  ]
                                                },
                                                {
                                                  "Node Type": "Index Scan",
                                                  "Parent Relationship": "Inner",
                                                  "Parallel Aware": false,
                                                  "Scan Direction": "Forward",
                                                  "Index Name": "customer_address_pkey",
                                                  "Relation Name": "customer_address",
                                                  "Alias": "ad2",
                                                  "Startup Cost": 0.29,
                                                  "Total Cost": 0.36,
                                                  "Plan Rows": 1,
                                                  "Plan Width": 44,
                                                  "Index Cond": "(ca_address_sk = customer.c_current_addr_sk)"
                                                }
                                              ]
                                            },
                                            {
                                              "Node Type": "Index Scan",
                                              "Parent Relationship": "Inner",
                                              "Parallel Aware": false,
                                              "Scan Direction": "Forward",
                                              "Index Name": "customer_demographics_pkey",
                                              "Relation Name": "customer_demographics",
                                              "Alias": "cd2",
                                              "Startup Cost": 0.43,
                                              "Total Cost": 1.53,
                                              "Plan Rows": 1,
                                              "Plan Width": 6,
                                              "Index Cond": "(cd_demo_sk = customer.c_current_cdemo_sk)"
                                            }
                                          ]
                                        },
                                        {
                                          "Node Type": "Index Scan",
                                          "Parent Relationship": "Inner",
                                          "Parallel Aware": false,
                                          "Scan Direction": "Forward",
                                          "Index Name": "customer_address_pkey",
                                          "Relation Name": "customer_address",
                                          "Alias": "ad1",
                                          "Startup Cost": 0.29,
                                          "Total Cost": 0.31,
                                          "Plan Rows": 1,
                                          "Plan Width": 44,
                                          "Index Cond": "(ca_address_sk = store_sales.ss_addr_sk)"
                                        }
                                      ]
                                    },
                                    {
                                      "Node Type": "Index Scan",
                                      "Parent Relationship": "Inner",
                                      "Parallel Aware": false,
                                      "Scan Direction": "Forward",
                                      "Index Name": "household_demographics_pkey",
                                      "Relation Name": "household_demographics",
                                      "Alias": "hd1",
                                      "Startup Cost": 0.28,
                                      "Total Cost": 0.30,
                                      "Plan Rows": 1,
                                      "Plan Width": 8,
                                      "Index Cond": "(hd_demo_sk = store_sales.ss_hdemo_sk)"
                                    }
                                  ]
                                },
                                {
                                  "Node Type": "Seq Scan",
                                  "Parent Relationship": "Inner",
                                  "Parallel Aware": false,
                                  "Relation Name": "income_band",
                                  "Alias": "ib1",
                                  "Startup Cost": 0.00,
                                  "Total Cost": 1.20,
                                  "Plan Rows": 20,
                                  "Plan Width": 4
                                }
                              ]
                            },
                            {
                              "Node Type": "Seq Scan",
                              "Parent Relationship": "Inner",
                              "Parallel Aware": false,
                              "Relation Name": "store",
                              "Alias": "store",
                              "Startup Cost": 0.00,
                              "Total Cost": 1.12,
                              "Plan Rows": 12,
                              "Plan Width": 20
                            }
                          ]
                        },
                        {
                          "Node Type": "Index Scan",
                          "Parent Relationship": "Inner",
                          "Parallel Aware": false,
                          "Scan Direction": "Forward",
                          "Index Name": "household_demographics_pkey",
                          "Relation Name": "household_demographics",
                          "Alias": "hd2",
                          "Startup Cost": 0.28,
                          "Total Cost": 0.30,
                          "Plan Rows": 1,
                          "Plan Width": 8,
                          "Index Cond": "(hd_demo_sk = customer.c_current_hdemo_sk)"
                        }
                      ]
                    },
                    {
                      "Node Type": "Seq Scan",
                      "Parent Relationship": "Inner",
                      "Parallel Aware": false,
                      "Relation Name": "income_band",
                      "Alias": "ib2",
                      "Startup Cost": 0.00,
                      "Total Cost": 1.20,
                      "Plan Rows": 20,
                      "Plan Width": 4
                    }
                  ]
                }
              ]
            }
          ]
        },
        {
          "Node Type": "Nested Loop",
          "Parent Relationship": "Outer",
          "Parallel Aware": false,
          "Join Type": "Inner",
          "Startup Cost": 0.00,
          "Total Cost": 0.07,
          "Plan Rows": 1,
          "Plan Width": 1310,
          "Inner Unique": false,
          "Join Filter": "((cs2.cnt <= cs1.cnt) AND (cs1.item_sk = cs2.item_sk) AND ((cs1.store_name)::text = (cs2.store_name)::text) AND (cs1.store_zip = cs2.store_zip))",
          "Plans": [
            {
              "Node Type": "CTE Scan",
              "Parent Relationship": "Outer",
              "Parallel Aware": false,
              "CTE Name": "cross_sales",
              "Alias": "cs1",
              "Startup Cost": 0.00,
              "Total Cost": 0.02,
              "Plan Rows": 1,
              "Plan Width": 1206,
              "Filter": "(syear = 2001)"
            },
            {
              "Node Type": "CTE Scan",
              "Parent Relationship": "Inner",
              "Parallel Aware": false,
              "CTE Name": "cross_sales",
              "Alias": "cs2",
              "Startup Cost": 0.00,
              "Total Cost": 0.02,
              "Plan Rows": 1,
              "Plan Width": 274,
              "Filter": "(syear = 2002)"
            }
          ]
        }
      ]
    }
  }
]
SET
