[
  {
    "Plan": {
      "Node Type": "Limit",
      "Parallel Aware": false,
      "Startup Cost": 350806.70,
      "Total Cost": 354076.72,
      "Plan Rows": 1,
      "Plan Width": 110,
      "Plans": [
        {
          "Node Type": "Nested Loop",
          "Parent Relationship": "Outer",
          "Parallel Aware": false,
          "Join Type": "Inner",
          "Startup Cost": 350806.70,
          "Total Cost": 354076.72,
          "Plan Rows": 1,
          "Plan Width": 110,
          "Inner Unique": true,
          "Join Filter": "(v21.item_sk = i2.i_item_sk)",
          "Plans": [
            {
              "Node Type": "Nested Loop",
              "Parent Relationship": "Outer",
              "Parallel Aware": false,
              "Join Type": "Inner",
              "Startup Cost": 350806.70,
              "Total Cost": 352441.72,
              "Plan Rows": 1,
              "Plan Width": 63,
              "Inner Unique": true,
              "Join Filter": "(v11.item_sk = i1.i_item_sk)",
              "Plans": [
                {
                  "Node Type": "Merge Join",
                  "Parent Relationship": "Outer",
                  "Parallel Aware": false,
                  "Join Type": "Inner",
                  "Startup Cost": 350806.70,
                  "Total Cost": 350806.72,
                  "Plan Rows": 1,
                  "Plan Width": 16,
                  "Inner Unique": false,
                  "Merge Cond": "(v11.rnk = v21.rnk)",
                  "Plans": [
                    {
                      "Node Type": "Sort",
                      "Parent Relationship": "Outer",
                      "Parallel Aware": false,
                      "Startup Cost": 175403.35,
                      "Total Cost": 175403.35,
                      "Plan Rows": 1,
                      "Plan Width": 12,
                      "Sort Key": ["v11.rnk"],
                      "Plans": [
                        {
                          "Node Type": "Subquery Scan",
                          "Parent Relationship": "Outer",
                          "Parallel Aware": false,
                          "Alias": "v11",
                          "Startup Cost": 175403.31,
                          "Total Cost": 175403.34,
                          "Plan Rows": 1,
                          "Plan Width": 12,
                          "Filter": "(v11.rnk < 11)",
                          "Plans": [
                            {
                              "Node Type": "WindowAgg",
                              "Parent Relationship": "Subquery",
                              "Parallel Aware": false,
                              "Startup Cost": 175403.31,
                              "Total Cost": 175403.33,
                              "Plan Rows": 1,
                              "Plan Width": 44,
                              "Plans": [
                                {
                                  "Node Type": "Sort",
                                  "Parent Relationship": "Outer",
                                  "Parallel Aware": false,
                                  "Startup Cost": 175403.31,
                                  "Total Cost": 175403.31,
                                  "Plan Rows": 1,
                                  "Plan Width": 36,
                                  "Sort Key": ["v1.rank_col"],
                                  "Plans": [
                                    {
                                      "Node Type": "Subquery Scan",
                                      "Parent Relationship": "Outer",
                                      "Parallel Aware": false,
                                      "Alias": "v1",
                                      "Startup Cost": 175403.25,
                                      "Total Cost": 175403.30,
                                      "Plan Rows": 1,
                                      "Plan Width": 36,
                                      "Plans": [
                                        {
                                          "Node Type": "Aggregate",
                                          "Strategy": "Sorted",
                                          "Partial Mode": "Simple",
                                          "Parent Relationship": "Subquery",
                                          "Parallel Aware": false,
                                          "Startup Cost": 175403.25,
                                          "Total Cost": 175403.29,
                                          "Plan Rows": 1,
                                          "Plan Width": 36,
                                          "Group Key": ["ss1.ss_item_sk"],
                                          "Filter": "(avg(ss1.ss_net_profit) > (0.9 * $0))",
                                          "Plans": [
                                            {
                                              "Node Type": "Aggregate",
                                              "Strategy": "Sorted",
                                              "Partial Mode": "Simple",
                                              "Parent Relationship": "InitPlan",
                                              "Subplan Name": "InitPlan 1 (returns $0)",
                                              "Parallel Aware": false,
                                              "Startup Cost": 0.00,
                                              "Total Cost": 87701.63,
                                              "Plan Rows": 1,
                                              "Plan Width": 36,
                                              "Group Key": ["store_sales.ss_store_sk"],
                                              "Plans": [
                                                {
                                                  "Node Type": "Seq Scan",
                                                  "Parent Relationship": "Outer",
                                                  "Parallel Aware": false,
                                                  "Relation Name": "store_sales",
                                                  "Alias": "store_sales",
                                                  "Startup Cost": 0.00,
                                                  "Total Cost": 87701.61,
                                                  "Plan Rows": 1,
                                                  "Plan Width": 10,
                                                  "Filter": "((ss_promo_sk IS NULL) AND (ss_store_sk = 93))"
                                                }
                                              ]
                                            },
                                            {
                                              "Node Type": "Sort",
                                              "Parent Relationship": "Outer",
                                              "Parallel Aware": false,
                                              "Startup Cost": 87701.62,
                                              "Total Cost": 87701.63,
                                              "Plan Rows": 1,
                                              "Plan Width": 10,
                                              "Sort Key": ["ss1.ss_item_sk"],
                                              "Plans": [
                                                {
                                                  "Node Type": "Seq Scan",
                                                  "Parent Relationship": "Outer",
                                                  "Parallel Aware": false,
                                                  "Relation Name": "store_sales",
                                                  "Alias": "ss1",
                                                  "Startup Cost": 0.00,
                                                  "Total Cost": 87701.61,
                                                  "Plan Rows": 1,
                                                  "Plan Width": 10,
                                                  "Filter": "(ss_store_sk = 93)"
                                                }
                                              ]
                                            }
                                          ]
                                        }
                                      ]
                                    }
                                  ]
                                }
                              ]
                            }
                          ]
                        }
                      ]
                    },
                    {
                      "Node Type": "Sort",
                      "Parent Relationship": "Inner",
                      "Parallel Aware": false,
                      "Startup Cost": 175403.35,
                      "Total Cost": 175403.35,
                      "Plan Rows": 1,
                      "Plan Width": 12,
                      "Sort Key": ["v21.rnk"],
                      "Plans": [
                        {
                          "Node Type": "Subquery Scan",
                          "Parent Relationship": "Outer",
                          "Parallel Aware": false,
                          "Alias": "v21",
                          "Startup Cost": 175403.31,
                          "Total Cost": 175403.34,
                          "Plan Rows": 1,
                          "Plan Width": 12,
                          "Filter": "(v21.rnk < 11)",
                          "Plans": [
                            {
                              "Node Type": "WindowAgg",
                              "Parent Relationship": "Subquery",
                              "Parallel Aware": false,
                              "Startup Cost": 175403.31,
                              "Total Cost": 175403.33,
                              "Plan Rows": 1,
                              "Plan Width": 44,
                              "Plans": [
                                {
                                  "Node Type": "Sort",
                                  "Parent Relationship": "Outer",
                                  "Parallel Aware": false,
                                  "Startup Cost": 175403.31,
                                  "Total Cost": 175403.31,
                                  "Plan Rows": 1,
                                  "Plan Width": 36,
                                  "Sort Key": ["v2.rank_col DESC"],
                                  "Plans": [
                                    {
                                      "Node Type": "Subquery Scan",
                                      "Parent Relationship": "Outer",
                                      "Parallel Aware": false,
                                      "Alias": "v2",
                                      "Startup Cost": 175403.25,
                                      "Total Cost": 175403.30,
                                      "Plan Rows": 1,
                                      "Plan Width": 36,
                                      "Plans": [
                                        {
                                          "Node Type": "Aggregate",
                                          "Strategy": "Sorted",
                                          "Partial Mode": "Simple",
                                          "Parent Relationship": "Subquery",
                                          "Parallel Aware": false,
                                          "Startup Cost": 175403.25,
                                          "Total Cost": 175403.29,
                                          "Plan Rows": 1,
                                          "Plan Width": 36,
                                          "Group Key": ["ss1_1.ss_item_sk"],
                                          "Filter": "(avg(ss1_1.ss_net_profit) > (0.9 * $1))",
                                          "Plans": [
                                            {
                                              "Node Type": "Aggregate",
                                              "Strategy": "Sorted",
                                              "Partial Mode": "Simple",
                                              "Parent Relationship": "InitPlan",
                                              "Subplan Name": "InitPlan 2 (returns $1)",
                                              "Parallel Aware": false,
                                              "Startup Cost": 0.00,
                                              "Total Cost": 87701.63,
                                              "Plan Rows": 1,
                                              "Plan Width": 36,
                                              "Group Key": ["store_sales_1.ss_store_sk"],
                                              "Plans": [
                                                {
                                                  "Node Type": "Seq Scan",
                                                  "Parent Relationship": "Outer",
                                                  "Parallel Aware": false,
                                                  "Relation Name": "store_sales",
                                                  "Alias": "store_sales_1",
                                                  "Startup Cost": 0.00,
                                                  "Total Cost": 87701.61,
                                                  "Plan Rows": 1,
                                                  "Plan Width": 10,
                                                  "Filter": "((ss_promo_sk IS NULL) AND (ss_store_sk = 93))"
                                                }
                                              ]
                                            },
                                            {
                                              "Node Type": "Sort",
                                              "Parent Relationship": "Outer",
                                              "Parallel Aware": false,
                                              "Startup Cost": 87701.62,
                                              "Total Cost": 87701.63,
                                              "Plan Rows": 1,
                                              "Plan Width": 10,
                                              "Sort Key": ["ss1_1.ss_item_sk"],
                                              "Plans": [
                                                {
                                                  "Node Type": "Seq Scan",
                                                  "Parent Relationship": "Outer",
                                                  "Parallel Aware": false,
                                                  "Relation Name": "store_sales",
                                                  "Alias": "ss1_1",
                                                  "Startup Cost": 0.00,
                                                  "Total Cost": 87701.61,
                                                  "Plan Rows": 1,
                                                  "Plan Width": 10,
                                                  "Filter": "(ss_store_sk = 93)"
                                                }
                                              ]
                                            }
                                          ]
                                        }
                                      ]
                                    }
                                  ]
                                }
                              ]
                            }
                          ]
                        }
                      ]
                    }
                  ]
                },
                {
                  "Node Type": "Seq Scan",
                  "Parent Relationship": "Inner",
                  "Parallel Aware": false,
                  "Relation Name": "item",
                  "Alias": "i1",
                  "Startup Cost": 0.00,
                  "Total Cost": 1410.00,
                  "Plan Rows": 18000,
                  "Plan Width": 55
                }
              ]
            },
            {
              "Node Type": "Seq Scan",
              "Parent Relationship": "Inner",
              "Parallel Aware": false,
              "Relation Name": "item",
              "Alias": "i2",
              "Startup Cost": 0.00,
              "Total Cost": 1410.00,
              "Plan Rows": 18000,
              "Plan Width": 55
            }
          ]
        }
      ]
    }
  }
]
SET
