[
  {
    "Plan": {
      "Node Type": "Sort",
      "Parallel Aware": false,
      "Startup Cost": 90978.03,
      "Total Cost": 90978.88,
      "Plan Rows": 339,
      "Plan Width": 291,
      "Sort Key": ["item.i_category", "item.i_class", "item.i_item_id", "item.i_item_desc", "((((sum(store_sales.ss_ext_sales_price)) * '100'::numeric) / sum((sum(store_sales.ss_ext_sales_price))) OVER (?)))"],
      "Plans": [
        {
          "Node Type": "WindowAgg",
          "Parent Relationship": "Outer",
          "Parallel Aware": false,
          "Startup Cost": 90956.15,
          "Total Cost": 90963.78,
          "Plan Rows": 339,
          "Plan Width": 291,
          "Plans": [
            {
              "Node Type": "Sort",
              "Parent Relationship": "Outer",
              "Parallel Aware": false,
              "Startup Cost": 90956.15,
              "Total Cost": 90957.00,
              "Plan Rows": 339,
              "Plan Width": 259,
              "Sort Key": ["item.i_class"],
              "Plans": [
                {
                  "Node Type": "Aggregate",
                  "Strategy": "Sorted",
                  "Partial Mode": "Simple",
                  "Parent Relationship": "Outer",
                  "Parallel Aware": false,
                  "Startup Cost": 90928.35,
                  "Total Cost": 90941.91,
                  "Plan Rows": 339,
                  "Plan Width": 259,
                  "Group Key": ["item.i_item_id", "item.i_item_desc", "item.i_category", "item.i_class", "item.i_current_price"],
                  "Plans": [
                    {
                      "Node Type": "Sort",
                      "Parent Relationship": "Outer",
                      "Parallel Aware": false,
                      "Startup Cost": 90928.35,
                      "Total Cost": 90929.19,
                      "Plan Rows": 339,
                      "Plan Width": 233,
                      "Sort Key": ["item.i_item_id", "item.i_item_desc", "item.i_category", "item.i_class", "item.i_current_price"],
                      "Plans": [
                        {
                          "Node Type": "Nested Loop",
                          "Parent Relationship": "Outer",
                          "Parallel Aware": false,
                          "Join Type": "Inner",
                          "Startup Cost": 2501.40,
                          "Total Cost": 90914.10,
                          "Plan Rows": 339,
                          "Plan Width": 233,
                          "Inner Unique": true,
                          "Plans": [
                            {
                              "Node Type": "Hash Join",
                              "Parent Relationship": "Outer",
                              "Parallel Aware": false,
                              "Join Type": "Inner",
                              "Startup Cost": 2501.11,
                              "Total Cost": 90563.20,
                              "Plan Rows": 1130,
                              "Plan Width": 10,
                              "Inner Unique": true,
                              "Hash Cond": "(store_sales.ss_sold_date_sk = date_dim.d_date_sk)",
                              "Plans": [
                                {
                                  "Node Type": "Seq Scan",
                                  "Parent Relationship": "Outer",
                                  "Parallel Aware": false,
                                  "Relation Name": "store_sales",
                                  "Alias": "store_sales",
                                  "Startup Cost": 0.00,
                                  "Total Cost": 80500.49,
                                  "Plan Rows": 2880449,
                                  "Plan Width": 14
                                },
                                {
                                  "Node Type": "Hash",
                                  "Parent Relationship": "Inner",
                                  "Parallel Aware": false,
                                  "Startup Cost": 2500.73,
                                  "Total Cost": 2500.73,
                                  "Plan Rows": 30,
                                  "Plan Width": 4,
                                  "Plans": [
                                    {
                                      "Node Type": "Seq Scan",
                                      "Parent Relationship": "Outer",
                                      "Parallel Aware": false,
                                      "Relation Name": "date_dim",
                                      "Alias": "date_dim",
                                      "Startup Cost": 0.00,
                                      "Total Cost": 2500.73,
                                      "Plan Rows": 30,
                                      "Plan Width": 4,
                                      "Filter": "((d_date >= '2000-01-30'::date) AND (d_date <= '2000-02-29'::date))"
                                    }
                                  ]
                                }
                              ]
                            },
                            {
                              "Node Type": "Index Scan",
                              "Parent Relationship": "Inner",
                              "Parallel Aware": false,
                              "Scan Direction": "Forward",
                              "Index Name": "item_pkey",
                              "Relation Name": "item",
                              "Alias": "item",
                              "Startup Cost": 0.29,
                              "Total Cost": 0.31,
                              "Plan Rows": 1,
                              "Plan Width": 231,
                              "Index Cond": "(i_item_sk = store_sales.ss_item_sk)",
                              "Filter": "(i_category = ANY ('{Home,Music,Jewelry}'::bpchar[]))"
                            }
                          ]
                        }
                      ]
                    }
                  ]
                }
              ]
            }
          ]
        }
      ]
    }
  }
]
SET
