[
  {
    "Plan": {
      "Node Type": "Limit",
      "Parallel Aware": false,
      "Startup Cost": 152313.60,
      "Total Cost": 152313.61,
      "Plan Rows": 1,
      "Plan Width": 24,
      "Plans": [
        {
          "Node Type": "Group",
          "Parent Relationship": "InitPlan",
          "Subplan Name": "CTE ssci",
          "Parallel Aware": false,
          "Startup Cost": 91503.43,
          "Total Cost": 91605.67,
          "Plan Rows": 13631,
          "Plan Width": 8,
          "Group Key": ["store_sales.ss_customer_sk", "store_sales.ss_item_sk"],
          "Plans": [
            {
              "Node Type": "Sort",
              "Parent Relationship": "Outer",
              "Parallel Aware": false,
              "Startup Cost": 91503.43,
              "Total Cost": 91537.51,
              "Plan Rows": 13631,
              "Plan Width": 8,
              "Sort Key": ["store_sales.ss_customer_sk", "store_sales.ss_item_sk"],
              "Plans": [
                {
                  "Node Type": "Hash Join",
                  "Parent Relationship": "Outer",
                  "Parallel Aware": false,
                  "Join Type": "Inner",
                  "Startup Cost": 2505.26,
                  "Total Cost": 90567.35,
                  "Plan Rows": 13631,
                  "Plan Width": 8,
                  "Inner Unique": true,
                  "Hash Cond": "(store_sales.ss_sold_date_sk = date_dim.d_date_sk)",
                  "Plans": [
                    {
                      "Node Type": "Seq Scan",
                      "Parent Relationship": "Outer",
                      "Parallel Aware": false,
                      "Relation Name": "store_sales",
                      "Alias": "store_sales",
                      "Startup Cost": 0.00,
                      "Total Cost": 80500.49,
                      "Plan Rows": 2880449,
                      "Plan Width": 12
                    },
                    {
                      "Node Type": "Hash",
                      "Parent Relationship": "Inner",
                      "Parallel Aware": false,
                      "Startup Cost": 2500.73,
                      "Total Cost": 2500.73,
                      "Plan Rows": 362,
                      "Plan Width": 4,
                      "Plans": [
                        {
                          "Node Type": "Seq Scan",
                          "Parent Relationship": "Outer",
                          "Parallel Aware": false,
                          "Relation Name": "date_dim",
                          "Alias": "date_dim",
                          "Startup Cost": 0.00,
                          "Total Cost": 2500.73,
                          "Plan Rows": 362,
                          "Plan Width": 4,
                          "Filter": "((d_month_seq >= 1194) AND (d_month_seq <= 1205))"
                        }
                      ]
                    }
                  ]
                }
              ]
            }
          ]
        },
        {
          "Node Type": "Group",
          "Parent Relationship": "InitPlan",
          "Subplan Name": "CTE csci",
          "Parallel Aware": false,
          "Startup Cost": 58566.80,
          "Total Cost": 58620.13,
          "Plan Rows": 7110,
          "Plan Width": 8,
          "Group Key": ["catalog_sales.cs_bill_customer_sk", "catalog_sales.cs_item_sk"],
          "Plans": [
            {
              "Node Type": "Sort",
              "Parent Relationship": "Outer",
              "Parallel Aware": false,
              "Startup Cost": 58566.80,
              "Total Cost": 58584.58,
              "Plan Rows": 7110,
              "Plan Width": 8,
              "Sort Key": ["catalog_sales.cs_bill_customer_sk", "catalog_sales.cs_item_sk"],
              "Plans": [
                {
                  "Node Type": "Hash Join",
                  "Parent Relationship": "Outer",
                  "Parallel Aware": false,
                  "Join Type": "Inner",
                  "Startup Cost": 2505.26,
                  "Total Cost": 58111.92,
                  "Plan Rows": 7110,
                  "Plan Width": 8,
                  "Inner Unique": true,
                  "Hash Cond": "(catalog_sales.cs_sold_date_sk = date_dim_1.d_date_sk)",
                  "Plans": [
                    {
                      "Node Type": "Seq Scan",
                      "Parent Relationship": "Outer",
                      "Parallel Aware": false,
                      "Relation Name": "catalog_sales",
                      "Alias": "catalog_sales",
                      "Startup Cost": 0.00,
                      "Total Cost": 51821.98,
                      "Plan Rows": 1441698,
                      "Plan Width": 12
                    },
                    {
                      "Node Type": "Hash",
                      "Parent Relationship": "Inner",
                      "Parallel Aware": false,
                      "Startup Cost": 2500.73,
                      "Total Cost": 2500.73,
                      "Plan Rows": 362,
                      "Plan Width": 4,
                      "Plans": [
                        {
                          "Node Type": "Seq Scan",
                          "Parent Relationship": "Outer",
                          "Parallel Aware": false,
                          "Relation Name": "date_dim",
                          "Alias": "date_dim_1",
                          "Startup Cost": 0.00,
                          "Total Cost": 2500.73,
                          "Plan Rows": 362,
                          "Plan Width": 4,
                          "Filter": "((d_month_seq >= 1194) AND (d_month_seq <= 1205))"
                        }
                      ]
                    }
                  ]
                }
              ]
            }
          ]
        },
        {
          "Node Type": "Aggregate",
          "Strategy": "Plain",
          "Partial Mode": "Simple",
          "Parent Relationship": "Outer",
          "Parallel Aware": false,
          "Startup Cost": 2087.81,
          "Total Cost": 2087.82,
          "Plan Rows": 1,
          "Plan Width": 24,
          "Plans": [
            {
              "Node Type": "Merge Join",
              "Parent Relationship": "Outer",
              "Parallel Aware": false,
              "Join Type": "Full",
              "Startup Cost": 1805.79,
              "Total Cost": 1985.57,
              "Plan Rows": 13631,
              "Plan Width": 8,
              "Inner Unique": false,
              "Merge Cond": "((ssci.customer_sk = csci.customer_sk) AND (ssci.item_sk = csci.item_sk))",
              "Plans": [
                {
                  "Node Type": "Sort",
                  "Parent Relationship": "Outer",
                  "Parallel Aware": false,
                  "Startup Cost": 1208.70,
                  "Total Cost": 1242.78,
                  "Plan Rows": 13631,
                  "Plan Width": 8,
                  "Sort Key": ["ssci.customer_sk", "ssci.item_sk"],
                  "Plans": [
                    {
                      "Node Type": "CTE Scan",
                      "Parent Relationship": "Outer",
                      "Parallel Aware": false,
                      "CTE Name": "ssci",
                      "Alias": "ssci",
                      "Startup Cost": 0.00,
                      "Total Cost": 272.62,
                      "Plan Rows": 13631,
                      "Plan Width": 8
                    }
                  ]
                },
                {
                  "Node Type": "Sort",
                  "Parent Relationship": "Inner",
                  "Parallel Aware": false,
                  "Startup Cost": 597.08,
                  "Total Cost": 614.86,
                  "Plan Rows": 7110,
                  "Plan Width": 8,
                  "Sort Key": ["csci.customer_sk", "csci.item_sk"],
                  "Plans": [
                    {
                      "Node Type": "CTE Scan",
                      "Parent Relationship": "Outer",
                      "Parallel Aware": false,
                      "CTE Name": "csci",
                      "Alias": "csci",
                      "Startup Cost": 0.00,
                      "Total Cost": 142.20,
                      "Plan Rows": 7110,
                      "Plan Width": 8
                    }
                  ]
                }
              ]
            }
          ]
        }
      ]
    }
  }
]
SET
