[
  {
    "Plan": {
      "Node Type": "Limit",
      "Parallel Aware": false,
      "Startup Cost": 59622.63,
      "Total Cost": 60061.53,
      "Plan Rows": 72,
      "Plan Width": 115,
      "Plans": [
        {
          "Node Type": "Aggregate",
          "Strategy": "Sorted",
          "Partial Mode": "Simple",
          "Parent Relationship": "Outer",
          "Parallel Aware": false,
          "Startup Cost": 59622.63,
          "Total Cost": 60061.53,
          "Plan Rows": 72,
          "Plan Width": 115,
          "Group Key": ["(substr((warehouse.w_warehouse_name)::text, 1, 20))", "ship_mode.sm_type", "call_center.cc_name"],
          "Plans": [
            {
              "Node Type": "Sort",
              "Parent Relationship": "Outer",
              "Parallel Aware": false,
              "Startup Cost": 59622.63,
              "Total Cost": 59640.15,
              "Plan Rows": 7008,
              "Plan Width": 83,
              "Sort Key": ["(substr((warehouse.w_warehouse_name)::text, 1, 20))", "ship_mode.sm_type", "call_center.cc_name"],
              "Plans": [
                {
                  "Node Type": "Nested Loop",
                  "Parent Relationship": "Outer",
                  "Parallel Aware": false,
                  "Join Type": "Inner",
                  "Startup Cost": 2506.71,
                  "Total Cost": 59175.00,
                  "Plan Rows": 7008,
                  "Plan Width": 83,
                  "Inner Unique": true,
                  "Join Filter": "(catalog_sales.cs_call_center_sk = call_center.cc_call_center_sk)",
                  "Plans": [
                    {
                      "Node Type": "Nested Loop",
                      "Parent Relationship": "Outer",
                      "Parallel Aware": false,
                      "Join Type": "Inner",
                      "Startup Cost": 2506.71,
                      "Total Cost": 58597.44,
                      "Plan Rows": 7045,
                      "Plan Width": 61,
                      "Inner Unique": true,
                      "Join Filter": "(catalog_sales.cs_warehouse_sk = warehouse.w_warehouse_sk)",
                      "Plans": [
                        {
                          "Node Type": "Hash Join",
                          "Parent Relationship": "Outer",
                          "Parallel Aware": false,
                          "Join Type": "Inner",
                          "Startup Cost": 2506.71,
                          "Total Cost": 58135.98,
                          "Plan Rows": 7078,
                          "Plan Width": 47,
                          "Inner Unique": true,
                          "Hash Cond": "(catalog_sales.cs_ship_mode_sk = ship_mode.sm_ship_mode_sk)",
                          "Plans": [
                            {
                              "Node Type": "Hash Join",
                              "Parent Relationship": "Outer",
                              "Parallel Aware": false,
                              "Join Type": "Inner",
                              "Startup Cost": 2505.26,
                              "Total Cost": 58111.92,
                              "Plan Rows": 7113,
                              "Plan Width": 20,
                              "Inner Unique": true,
                              "Hash Cond": "(catalog_sales.cs_ship_date_sk = date_dim.d_date_sk)",
                              "Plans": [
                                {
                                  "Node Type": "Seq Scan",
                                  "Parent Relationship": "Outer",
                                  "Parallel Aware": false,
                                  "Relation Name": "catalog_sales",
                                  "Alias": "catalog_sales",
                                  "Startup Cost": 0.00,
                                  "Total Cost": 51821.98,
                                  "Plan Rows": 1441698,
                                  "Plan Width": 20
                                },
                                {
                                  "Node Type": "Hash",
                                  "Parent Relationship": "Inner",
                                  "Parallel Aware": false,
                                  "Startup Cost": 2500.73,
                                  "Total Cost": 2500.73,
                                  "Plan Rows": 362,
                                  "Plan Width": 4,
                                  "Plans": [
                                    {
                                      "Node Type": "Seq Scan",
                                      "Parent Relationship": "Outer",
                                      "Parallel Aware": false,
                                      "Relation Name": "date_dim",
                                      "Alias": "date_dim",
                                      "Startup Cost": 0.00,
                                      "Total Cost": 2500.73,
                                      "Plan Rows": 362,
                                      "Plan Width": 4,
                                      "Filter": "((d_month_seq >= 1200) AND (d_month_seq <= 1211))"
                                    }
                                  ]
                                }
                              ]
                            },
                            {
                              "Node Type": "Hash",
                              "Parent Relationship": "Inner",
                              "Parallel Aware": false,
                              "Startup Cost": 1.20,
                              "Total Cost": 1.20,
                              "Plan Rows": 20,
                              "Plan Width": 35,
                              "Plans": [
                                {
                                  "Node Type": "Seq Scan",
                                  "Parent Relationship": "Outer",
                                  "Parallel Aware": false,
                                  "Relation Name": "ship_mode",
                                  "Alias": "ship_mode",
                                  "Startup Cost": 0.00,
                                  "Total Cost": 1.20,
                                  "Plan Rows": 20,
                                  "Plan Width": 35
                                }
                              ]
                            }
                          ]
                        },
                        {
                          "Node Type": "Materialize",
                          "Parent Relationship": "Inner",
                          "Parallel Aware": false,
                          "Startup Cost": 0.00,
                          "Total Cost": 1.07,
                          "Plan Rows": 5,
                          "Plan Width": 22,
                          "Plans": [
                            {
                              "Node Type": "Seq Scan",
                              "Parent Relationship": "Outer",
                              "Parallel Aware": false,
                              "Relation Name": "warehouse",
                              "Alias": "warehouse",
                              "Startup Cost": 0.00,
                              "Total Cost": 1.05,
                              "Plan Rows": 5,
                              "Plan Width": 22
                            }
                          ]
                        }
                      ]
                    },
                    {
                      "Node Type": "Materialize",
                      "Parent Relationship": "Inner",
                      "Parallel Aware": false,
                      "Startup Cost": 0.00,
                      "Total Cost": 1.09,
                      "Plan Rows": 6,
                      "Plan Width": 16,
                      "Plans": [
                        {
                          "Node Type": "Seq Scan",
                          "Parent Relationship": "Outer",
                          "Parallel Aware": false,
                          "Relation Name": "call_center",
                          "Alias": "call_center",
                          "Startup Cost": 0.00,
                          "Total Cost": 1.06,
                          "Plan Rows": 6,
                          "Plan Width": 16
                        }
                      ]
                    }
                  ]
                }
              ]
            }
          ]
        }
      ]
    }
  }
]
