[
  {
    "Plan": {
      "Node Type": "Aggregate",
      "Strategy": "Plain",
      "Partial Mode": "Simple",
      "Parallel Aware": false,
      "Startup Cost": 189346.46,
      "Total Cost": 189346.47,
      "Plan Rows": 1,
      "Plan Width": 8,
      "Plans": [
        {
          "Node Type": "Subquery Scan",
          "Parent Relationship": "Outer",
          "Parallel Aware": false,
          "Alias": "cool_cust",
          "Startup Cost": 95653.00,
          "Total Cost": 189314.45,
          "Plan Rows": 12804,
          "Plan Width": 0,
          "Plans": [
            {
              "Node Type": "SetOp",
              "Strategy": "Hashed",
              "Parent Relationship": "Subquery",
              "Parallel Aware": false,
              "Command": "Except",
              "Startup Cost": 95653.00,
              "Total Cost": 189186.41,
              "Plan Rows": 12804,
              "Plan Width": 216,
              "Plans": [
                {
                  "Node Type": "Append",
                  "Parent Relationship": "Outer",
                  "Parallel Aware": false,
                  "Startup Cost": 95653.00,
                  "Total Cost": 189064.09,
                  "Plan Rows": 16309,
                  "Plan Width": 216,
                  "Plans": [
                    {
                      "Node Type": "Result",
                      "Parent Relationship": "Member",
                      "Parallel Aware": false,
                      "Startup Cost": 95653.00,
                      "Total Cost": 157205.69,
                      "Plan Rows": 12804,
                      "Plan Width": 216,
                      "Plans": [
                        {
                          "Node Type": "SetOp",
                          "Strategy": "Hashed",
                          "Parent Relationship": "Outer",
                          "Parallel Aware": false,
                          "Command": "Except",
                          "Startup Cost": 95653.00,
                          "Total Cost": 157077.65,
                          "Plan Rows": 12804,
                          "Plan Width": 216,
                          "Plans": [
                            {
                              "Node Type": "Append",
                              "Parent Relationship": "Outer",
                              "Parallel Aware": false,
                              "Startup Cost": 95653.00,
                              "Total Cost": 156929.45,
                              "Plan Rows": 19761,
                              "Plan Width": 216,
                              "Plans": [
                                {
                                  "Node Type": "Subquery Scan",
                                  "Parent Relationship": "Member",
                                  "Parallel Aware": false,
                                  "Alias": "*SELECT* 1",
                                  "Startup Cost": 95653.00,
                                  "Total Cost": 95909.08,
                                  "Plan Rows": 12804,
                                  "Plan Width": 60,
                                  "Plans": [
                                    {
                                      "Node Type": "Unique",
                                      "Parent Relationship": "Subquery",
                                      "Parallel Aware": false,
                                      "Startup Cost": 95653.00,
                                      "Total Cost": 95781.04,
                                      "Plan Rows": 12804,
                                      "Plan Width": 56,
                                      "Plans": [
                                        {
                                          "Node Type": "Sort",
                                          "Parent Relationship": "Outer",
                                          "Parallel Aware": false,
                                          "Startup Cost": 95653.00,
                                          "Total Cost": 95685.01,
                                          "Plan Rows": 12804,
                                          "Plan Width": 56,
                                          "Sort Key": ["customer.c_last_name", "customer.c_first_name", "date_dim.d_date"],
                                          "Plans": [
                                            {
                                              "Node Type": "Nested Loop",
                                              "Parent Relationship": "Outer",
                                              "Parallel Aware": false,
                                              "Join Type": "Inner",
                                              "Startup Cost": 2505.48,
                                              "Total Cost": 94779.49,
                                              "Plan Rows": 12804,
                                              "Plan Width": 56,
                                              "Inner Unique": true,
                                              "Plans": [
                                                {
                                                  "Node Type": "Hash Join",
                                                  "Parent Relationship": "Outer",
                                                  "Parallel Aware": false,
                                                  "Join Type": "Inner",
                                                  "Startup Cost": 2505.18,
                                                  "Total Cost": 90567.28,
                                                  "Plan Rows": 13405,
                                                  "Plan Width": 8,
                                                  "Inner Unique": true,
                                                  "Hash Cond": "(store_sales.ss_sold_date_sk = date_dim.d_date_sk)",
                                                  "Plans": [
                                                    {
                                                      "Node Type": "Seq Scan",
                                                      "Parent Relationship": "Outer",
                                                      "Parallel Aware": false,
                                                      "Relation Name": "store_sales",
                                                      "Alias": "store_sales",
                                                      "Startup Cost": 0.00,
                                                      "Total Cost": 80500.49,
                                                      "Plan Rows": 2880449,
                                                      "Plan Width": 8
                                                    },
                                                    {
                                                      "Node Type": "Hash",
                                                      "Parent Relationship": "Inner",
                                                      "Parallel Aware": false,
                                                      "Startup Cost": 2500.73,
                                                      "Total Cost": 2500.73,
                                                      "Plan Rows": 356,
                                                      "Plan Width": 8,
                                                      "Plans": [
                                                        {
                                                          "Node Type": "Seq Scan",
                                                          "Parent Relationship": "Outer",
                                                          "Parallel Aware": false,
                                                          "Relation Name": "date_dim",
                                                          "Alias": "date_dim",
                                                          "Startup Cost": 0.00,
                                                          "Total Cost": 2500.73,
                                                          "Plan Rows": 356,
                                                          "Plan Width": 8,
                                                          "Filter": "((d_month_seq >= 1220) AND (d_month_seq <= 1231))"
                                                        }
                                                      ]
                                                    }
                                                  ]
                                                },
                                                {
                                                  "Node Type": "Index Scan",
                                                  "Parent Relationship": "Inner",
                                                  "Parallel Aware": false,
                                                  "Scan Direction": "Forward",
                                                  "Index Name": "customer_pkey",
                                                  "Relation Name": "customer",
                                                  "Alias": "customer",
                                                  "Startup Cost": 0.29,
                                                  "Total Cost": 0.31,
                                                  "Plan Rows": 1,
                                                  "Plan Width": 56,
                                                  "Index Cond": "(c_customer_sk = store_sales.ss_customer_sk)"
                                                }
                                              ]
                                            }
                                          ]
                                        }
                                      ]
                                    }
                                  ]
                                },
                                {
                                  "Node Type": "Subquery Scan",
                                  "Parent Relationship": "Member",
                                  "Parallel Aware": false,
                                  "Alias": "*SELECT* 2",
                                  "Startup Cost": 60782.42,
                                  "Total Cost": 60921.56,
                                  "Plan Rows": 6957,
                                  "Plan Width": 60,
                                  "Plans": [
                                    {
                                      "Node Type": "Unique",
                                      "Parent Relationship": "Subquery",
                                      "Parallel Aware": false,
                                      "Startup Cost": 60782.42,
                                      "Total Cost": 60851.99,
                                      "Plan Rows": 6957,
                                      "Plan Width": 56,
                                      "Plans": [
                                        {
                                          "Node Type": "Sort",
                                          "Parent Relationship": "Outer",
                                          "Parallel Aware": false,
                                          "Startup Cost": 60782.42,
                                          "Total Cost": 60799.81,
                                          "Plan Rows": 6957,
                                          "Plan Width": 56,
                                          "Sort Key": ["customer_1.c_last_name", "customer_1.c_first_name", "date_dim_1.d_date"],
                                          "Plans": [
                                            {
                                              "Node Type": "Nested Loop",
                                              "Parent Relationship": "Outer",
                                              "Parallel Aware": false,
                                              "Join Type": "Inner",
                                              "Startup Cost": 2505.48,
                                              "Total Cost": 60338.42,
                                              "Plan Rows": 6957,
                                              "Plan Width": 56,
                                              "Inner Unique": true,
                                              "Plans": [
                                                {
                                                  "Node Type": "Hash Join",
                                                  "Parent Relationship": "Outer",
                                                  "Parallel Aware": false,
                                                  "Join Type": "Inner",
                                                  "Startup Cost": 2505.18,
                                                  "Total Cost": 58111.84,
                                                  "Plan Rows": 6992,
                                                  "Plan Width": 8,
                                                  "Inner Unique": true,
                                                  "Hash Cond": "(catalog_sales.cs_sold_date_sk = date_dim_1.d_date_sk)",
                                                  "Plans": [
                                                    {
                                                      "Node Type": "Seq Scan",
                                                      "Parent Relationship": "Outer",
                                                      "Parallel Aware": false,
                                                      "Relation Name": "catalog_sales",
                                                      "Alias": "catalog_sales",
                                                      "Startup Cost": 0.00,
                                                      "Total Cost": 51821.98,
                                                      "Plan Rows": 1441698,
                                                      "Plan Width": 8
                                                    },
                                                    {
                                                      "Node Type": "Hash",
                                                      "Parent Relationship": "Inner",
                                                      "Parallel Aware": false,
                                                      "Startup Cost": 2500.73,
                                                      "Total Cost": 2500.73,
                                                      "Plan Rows": 356,
                                                      "Plan Width": 8,
                                                      "Plans": [
                                                        {
                                                          "Node Type": "Seq Scan",
                                                          "Parent Relationship": "Outer",
                                                          "Parallel Aware": false,
                                                          "Relation Name": "date_dim",
                                                          "Alias": "date_dim_1",
                                                          "Startup Cost": 0.00,
                                                          "Total Cost": 2500.73,
                                                          "Plan Rows": 356,
                                                          "Plan Width": 8,
                                                          "Filter": "((d_month_seq >= 1220) AND (d_month_seq <= 1231))"
                                                        }
                                                      ]
                                                    }
                                                  ]
                                                },
                                                {
                                                  "Node Type": "Index Scan",
                                                  "Parent Relationship": "Inner",
                                                  "Parallel Aware": false,
                                                  "Scan Direction": "Forward",
                                                  "Index Name": "customer_pkey",
                                                  "Relation Name": "customer",
                                                  "Alias": "customer_1",
                                                  "Startup Cost": 0.29,
                                                  "Total Cost": 0.32,
                                                  "Plan Rows": 1,
                                                  "Plan Width": 56,
                                                  "Index Cond": "(c_customer_sk = catalog_sales.cs_bill_customer_sk)"
                                                }
                                              ]
                                            }
                                          ]
                                        }
                                      ]
                                    }
                                  ]
                                }
                              ]
                            }
                          ]
                        }
                      ]
                    },
                    {
                      "Node Type": "Subquery Scan",
                      "Parent Relationship": "Member",
                      "Parallel Aware": false,
                      "Alias": "*SELECT* 3",
                      "Startup Cost": 31706.75,
                      "Total Cost": 31776.85,
                      "Plan Rows": 3505,
                      "Plan Width": 60,
                      "Plans": [
                        {
                          "Node Type": "Unique",
                          "Parent Relationship": "Subquery",
                          "Parallel Aware": false,
                          "Startup Cost": 31706.75,
                          "Total Cost": 31741.80,
                          "Plan Rows": 3505,
                          "Plan Width": 56,
                          "Plans": [
                            {
                              "Node Type": "Sort",
                              "Parent Relationship": "Outer",
                              "Parallel Aware": false,
                              "Startup Cost": 31706.75,
                              "Total Cost": 31715.52,
                              "Plan Rows": 3505,
                              "Plan Width": 56,
                              "Sort Key": ["customer_2.c_last_name", "customer_2.c_first_name", "date_dim_2.d_date"],
                              "Plans": [
                                {
                                  "Node Type": "Nested Loop",
                                  "Parent Relationship": "Outer",
                                  "Parallel Aware": false,
                                  "Join Type": "Inner",
                                  "Startup Cost": 2505.48,
                                  "Total Cost": 31500.39,
                                  "Plan Rows": 3505,
                                  "Plan Width": 56,
                                  "Inner Unique": true,
                                  "Plans": [
                                    {
                                      "Node Type": "Hash Join",
                                      "Parent Relationship": "Outer",
                                      "Parallel Aware": false,
                                      "Join Type": "Inner",
                                      "Startup Cost": 2505.18,
                                      "Total Cost": 30354.52,
                                      "Plan Rows": 3505,
                                      "Plan Width": 8,
                                      "Inner Unique": true,
                                      "Hash Cond": "(web_sales.ws_sold_date_sk = date_dim_2.d_date_sk)",
                                      "Plans": [
                                        {
                                          "Node Type": "Seq Scan",
                                          "Parent Relationship": "Outer",
                                          "Parallel Aware": false,
                                          "Relation Name": "web_sales",
                                          "Alias": "web_sales",
                                          "Startup Cost": 0.00,
                                          "Total Cost": 25960.84,
                                          "Plan Rows": 719384,
                                          "Plan Width": 8
                                        },
                                        {
                                          "Node Type": "Hash",
                                          "Parent Relationship": "Inner",
                                          "Parallel Aware": false,
                                          "Startup Cost": 2500.73,
                                          "Total Cost": 2500.73,
                                          "Plan Rows": 356,
                                          "Plan Width": 8,
                                          "Plans": [
                                            {
                                              "Node Type": "Seq Scan",
                                              "Parent Relationship": "Outer",
                                              "Parallel Aware": false,
                                              "Relation Name": "date_dim",
                                              "Alias": "date_dim_2",
                                              "Startup Cost": 0.00,
                                              "Total Cost": 2500.73,
                                              "Plan Rows": 356,
                                              "Plan Width": 8,
                                              "Filter": "((d_month_seq >= 1220) AND (d_month_seq <= 1231))"
                                            }
                                          ]
                                        }
                                      ]
                                    },
                                    {
                                      "Node Type": "Index Scan",
                                      "Parent Relationship": "Inner",
                                      "Parallel Aware": false,
                                      "Scan Direction": "Forward",
                                      "Index Name": "customer_pkey",
                                      "Relation Name": "customer",
                                      "Alias": "customer_2",
                                      "Startup Cost": 0.29,
                                      "Total Cost": 0.33,
                                      "Plan Rows": 1,
                                      "Plan Width": 56,
                                      "Index Cond": "(c_customer_sk = web_sales.ws_bill_customer_sk)"
                                    }
                                  ]
                                }
                              ]
                            }
                          ]
                        }
                      ]
                    }
                  ]
                }
              ]
            }
          ]
        }
      ]
    }
  }
]
SET
