[
  {
    "Plan": {
      "Node Type": "Limit",
      "Parallel Aware": false,
      "Startup Cost": 95670.70,
      "Total Cost": 95670.95,
      "Plan Rows": 100,
      "Plan Width": 138,
      "Plans": [
        {
          "Node Type": "Sort",
          "Parent Relationship": "Outer",
          "Parallel Aware": false,
          "Startup Cost": 95670.70,
          "Total Cost": 95672.29,
          "Plan Rows": 637,
          "Plan Width": 138,
          "Sort Key": ["customer.c_last_name", "customer.c_first_name", "current_addr.ca_city", "customer_address.ca_city", "store_sales.ss_ticket_number"],
          "Plans": [
            {
              "Node Type": "Nested Loop",
              "Parent Relationship": "Outer",
              "Parallel Aware": false,
              "Join Type": "Inner",
              "Startup Cost": 91790.60,
              "Total Cost": 95646.36,
              "Plan Rows": 637,
              "Plan Width": 138,
              "Inner Unique": true,
              "Join Filter": "((current_addr.ca_city)::text <> (customer_address.ca_city)::text)",
              "Plans": [
                {
                  "Node Type": "Nested Loop",
                  "Parent Relationship": "Outer",
                  "Parallel Aware": false,
                  "Join Type": "Inner",
                  "Startup Cost": 91790.31,
                  "Total Cost": 95410.91,
                  "Plan Rows": 638,
                  "Plan Width": 133,
                  "Inner Unique": true,
                  "Plans": [
                    {
                      "Node Type": "Aggregate",
                      "Strategy": "Sorted",
                      "Partial Mode": "Simple",
                      "Parent Relationship": "Outer",
                      "Parallel Aware": false,
                      "Startup Cost": 91790.01,
                      "Total Cost": 91810.75,
                      "Plan Rows": 638,
                      "Plan Width": 85,
                      "Group Key": ["store_sales.ss_ticket_number", "store_sales.ss_customer_sk", "store_sales.ss_addr_sk", "customer_address.ca_city"],
                      "Plans": [
                        {
                          "Node Type": "Sort",
                          "Parent Relationship": "Outer",
                          "Parallel Aware": false,
                          "Startup Cost": 91790.01,
                          "Total Cost": 91791.61,
                          "Plan Rows": 638,
                          "Plan Width": 30,
                          "Sort Key": ["store_sales.ss_ticket_number", "store_sales.ss_customer_sk", "store_sales.ss_addr_sk", "customer_address.ca_city"],
                          "Plans": [
                            {
                              "Node Type": "Nested Loop",
                              "Parent Relationship": "Outer",
                              "Parallel Aware": false,
                              "Join Type": "Inner",
                              "Startup Cost": 2597.74,
                              "Total Cost": 91760.29,
                              "Plan Rows": 638,
                              "Plan Width": 30,
                              "Inner Unique": true,
                              "Plans": [
                                {
                                  "Node Type": "Nested Loop",
                                  "Parent Relationship": "Outer",
                                  "Parallel Aware": false,
                                  "Join Type": "Inner",
                                  "Startup Cost": 2597.45,
                                  "Total Cost": 91553.74,
                                  "Plan Rows": 668,
                                  "Plan Width": 21,
                                  "Inner Unique": true,
                                  "Plans": [
                                    {
                                      "Node Type": "Hash Join",
                                      "Parent Relationship": "Outer",
                                      "Parallel Aware": false,
                                      "Join Type": "Inner",
                                      "Startup Cost": 2597.17,
                                      "Total Cost": 90700.37,
                                      "Plan Rows": 2797,
                                      "Plan Width": 25,
                                      "Inner Unique": true,
                                      "Hash Cond": "(store_sales.ss_store_sk = store.s_store_sk)",
                                      "Plans": [
                                        {
                                          "Node Type": "Hash Join",
                                          "Parent Relationship": "Outer",
                                          "Parallel Aware": false,
                                          "Join Type": "Inner",
                                          "Startup Cost": 2595.93,
                                          "Total Cost": 90658.03,
                                          "Plan Rows": 11711,
                                          "Plan Width": 29,
                                          "Inner Unique": true,
                                          "Hash Cond": "(store_sales.ss_sold_date_sk = date_dim.d_date_sk)",
                                          "Plans": [
                                            {
                                              "Node Type": "Seq Scan",
                                              "Parent Relationship": "Outer",
                                              "Parallel Aware": false,
                                              "Relation Name": "store_sales",
                                              "Alias": "store_sales",
                                              "Startup Cost": 0.00,
                                              "Total Cost": 80500.49,
                                              "Plan Rows": 2880449,
                                              "Plan Width": 33
                                            },
                                            {
                                              "Node Type": "Hash",
                                              "Parent Relationship": "Inner",
                                              "Parallel Aware": false,
                                              "Startup Cost": 2592.05,
                                              "Total Cost": 2592.05,
                                              "Plan Rows": 311,
                                              "Plan Width": 4,
                                              "Plans": [
                                                {
                                                  "Node Type": "Seq Scan",
                                                  "Parent Relationship": "Outer",
                                                  "Parallel Aware": false,
                                                  "Relation Name": "date_dim",
                                                  "Alias": "date_dim",
                                                  "Startup Cost": 0.00,
                                                  "Total Cost": 2592.05,
                                                  "Plan Rows": 311,
                                                  "Plan Width": 4,
                                                  "Filter": "((d_dow = ANY ('{6,0}'::integer[])) AND (d_year = ANY ('{1999,2000,2001}'::integer[])))"
                                                }
                                              ]
                                            }
                                          ]
                                        },
                                        {
                                          "Node Type": "Hash",
                                          "Parent Relationship": "Inner",
                                          "Parallel Aware": false,
                                          "Startup Cost": 1.20,
                                          "Total Cost": 1.20,
                                          "Plan Rows": 3,
                                          "Plan Width": 4,
                                          "Plans": [
                                            {
                                              "Node Type": "Seq Scan",
                                              "Parent Relationship": "Outer",
                                              "Parallel Aware": false,
                                              "Relation Name": "store",
                                              "Alias": "store",
                                              "Startup Cost": 0.00,
                                              "Total Cost": 1.20,
                                              "Plan Rows": 3,
                                              "Plan Width": 4,
                                              "Filter": "((s_city)::text = ANY ('{Greenwood,\"New Hope\",\"Pleasant Grove\",\"Oak Grove\",Fairview}'::text[]))"
                                            }
                                          ]
                                        }
                                      ]
                                    },
                                    {
                                      "Node Type": "Index Scan",
                                      "Parent Relationship": "Inner",
                                      "Parallel Aware": false,
                                      "Scan Direction": "Forward",
                                      "Index Name": "household_demographics_pkey",
                                      "Relation Name": "household_demographics",
                                      "Alias": "household_demographics",
                                      "Startup Cost": 0.28,
                                      "Total Cost": 0.31,
                                      "Plan Rows": 1,
                                      "Plan Width": 4,
                                      "Index Cond": "(hd_demo_sk = store_sales.ss_hdemo_sk)",
                                      "Filter": "((hd_dep_count = 6) OR (hd_vehicle_count = 2))"
                                    }
                                  ]
                                },
                                {
                                  "Node Type": "Index Scan",
                                  "Parent Relationship": "Inner",
                                  "Parallel Aware": false,
                                  "Scan Direction": "Forward",
                                  "Index Name": "customer_address_pkey",
                                  "Relation Name": "customer_address",
                                  "Alias": "customer_address",
                                  "Startup Cost": 0.29,
                                  "Total Cost": 0.31,
                                  "Plan Rows": 1,
                                  "Plan Width": 13,
                                  "Index Cond": "(ca_address_sk = store_sales.ss_addr_sk)"
                                }
                              ]
                            }
                          ]
                        }
                      ]
                    },
                    {
                      "Node Type": "Index Scan",
                      "Parent Relationship": "Inner",
                      "Parallel Aware": false,
                      "Scan Direction": "Forward",
                      "Index Name": "customer_pkey",
                      "Relation Name": "customer",
                      "Alias": "customer",
                      "Startup Cost": 0.29,
                      "Total Cost": 5.63,
                      "Plan Rows": 1,
                      "Plan Width": 60,
                      "Index Cond": "(c_customer_sk = store_sales.ss_customer_sk)"
                    }
                  ]
                },
                {
                  "Node Type": "Index Scan",
                  "Parent Relationship": "Inner",
                  "Parallel Aware": false,
                  "Scan Direction": "Forward",
                  "Index Name": "customer_address_pkey",
                  "Relation Name": "customer_address",
                  "Alias": "current_addr",
                  "Startup Cost": 0.29,
                  "Total Cost": 0.36,
                  "Plan Rows": 1,
                  "Plan Width": 13,
                  "Index Cond": "(ca_address_sk = customer.c_current_addr_sk)"
                }
              ]
            }
          ]
        }
      ]
    }
  }
]
SET
