[
  {
    "Plan": {
      "Node Type": "Limit",
      "Parallel Aware": false,
      "Startup Cost": 135882.79,
      "Total Cost": 135882.79,
      "Plan Rows": 1,
      "Plan Width": 276,
      "Plans": [
        {
          "Node Type": "Append",
          "Parent Relationship": "InitPlan",
          "Subplan Name": "CTE year_total",
          "Parallel Aware": false,
          "Startup Cost": 98554.58,
          "Total Cost": 132385.60,
          "Plan Rows": 33306,
          "Plan Width": 137,
          "Plans": [
            {
              "Node Type": "Aggregate",
              "Strategy": "Sorted",
              "Partial Mode": "Simple",
              "Parent Relationship": "Member",
              "Parallel Aware": false,
              "Startup Cost": 98554.58,
              "Total Cost": 99208.31,
              "Plan Rows": 26149,
              "Plan Width": 137,
              "Group Key": ["customer.c_customer_id", "customer.c_first_name", "customer.c_last_name", "date_dim.d_year"],
              "Plans": [
                {
                  "Node Type": "Sort",
                  "Parent Relationship": "Outer",
                  "Parallel Aware": false,
                  "Startup Cost": 98554.58,
                  "Total Cost": 98619.95,
                  "Plan Rows": 26149,
                  "Plan Width": 79,
                  "Sort Key": ["customer.c_customer_id", "customer.c_first_name", "customer.c_last_name", "date_dim.d_year"],
                  "Plans": [
                    {
                      "Node Type": "Hash Join",
                      "Parent Relationship": "Outer",
                      "Parallel Aware": false,
                      "Join Type": "Inner",
                      "Startup Cost": 90731.48,
                      "Total Cost": 96635.97,
                      "Plan Rows": 26149,
                      "Plan Width": 79,
                      "Inner Unique": false,
                      "Hash Cond": "(customer.c_customer_sk = store_sales.ss_customer_sk)",
                      "Plans": [
                        {
                          "Node Type": "Seq Scan",
                          "Parent Relationship": "Outer",
                          "Parallel Aware": false,
                          "Relation Name": "customer",
                          "Alias": "customer",
                          "Startup Cost": 0.00,
                          "Total Cost": 3768.00,
                          "Plan Rows": 100000,
                          "Plan Width": 73
                        },
                        {
                          "Node Type": "Hash",
                          "Parent Relationship": "Inner",
                          "Parallel Aware": false,
                          "Startup Cost": 90389.29,
                          "Total Cost": 90389.29,
                          "Plan Rows": 27375,
                          "Plan Width": 14,
                          "Plans": [
                            {
                              "Node Type": "Hash Join",
                              "Parent Relationship": "Outer",
                              "Parallel Aware": false,
                              "Join Type": "Inner",
                              "Startup Cost": 2327.20,
                              "Total Cost": 90389.29,
                              "Plan Rows": 27375,
                              "Plan Width": 14,
                              "Inner Unique": true,
                              "Hash Cond": "(store_sales.ss_sold_date_sk = date_dim.d_date_sk)",
                              "Plans": [
                                {
                                  "Node Type": "Seq Scan",
                                  "Parent Relationship": "Outer",
                                  "Parallel Aware": false,
                                  "Relation Name": "store_sales",
                                  "Alias": "store_sales",
                                  "Startup Cost": 0.00,
                                  "Total Cost": 80500.49,
                                  "Plan Rows": 2880449,
                                  "Plan Width": 14
                                },
                                {
                                  "Node Type": "Hash",
                                  "Parent Relationship": "Inner",
                                  "Parallel Aware": false,
                                  "Startup Cost": 2318.11,
                                  "Total Cost": 2318.11,
                                  "Plan Rows": 727,
                                  "Plan Width": 8,
                                  "Plans": [
                                    {
                                      "Node Type": "Seq Scan",
                                      "Parent Relationship": "Outer",
                                      "Parallel Aware": false,
                                      "Relation Name": "date_dim",
                                      "Alias": "date_dim",
                                      "Startup Cost": 0.00,
                                      "Total Cost": 2318.11,
                                      "Plan Rows": 727,
                                      "Plan Width": 8,
                                      "Filter": "(d_year = ANY ('{1998,1999}'::integer[]))"
                                    }
                                  ]
                                }
                              ]
                            }
                          ]
                        }
                      ]
                    }
                  ]
                }
              ]
            },
            {
              "Node Type": "Aggregate",
              "Strategy": "Hashed",
              "Partial Mode": "Simple",
              "Parent Relationship": "Member",
              "Parallel Aware": false,
              "Startup Cost": 32606.13,
              "Total Cost": 32677.70,
              "Plan Rows": 7157,
              "Plan Width": 137,
              "Group Key": ["customer_1.c_customer_id", "customer_1.c_first_name", "customer_1.c_last_name", "date_dim_1.d_year"],
              "Plans": [
                {
                  "Node Type": "Nested Loop",
                  "Parent Relationship": "Outer",
                  "Parallel Aware": false,
                  "Join Type": "Inner",
                  "Startup Cost": 2327.49,
                  "Total Cost": 32516.67,
                  "Plan Rows": 7157,
                  "Plan Width": 79,
                  "Inner Unique": true,
                  "Plans": [
                    {
                      "Node Type": "Hash Join",
                      "Parent Relationship": "Outer",
                      "Parallel Aware": false,
                      "Join Type": "Inner",
                      "Startup Cost": 2327.20,
                      "Total Cost": 30176.53,
                      "Plan Rows": 7158,
                      "Plan Width": 14,
                      "Inner Unique": true,
                      "Hash Cond": "(web_sales.ws_sold_date_sk = date_dim_1.d_date_sk)",
                      "Plans": [
                        {
                          "Node Type": "Seq Scan",
                          "Parent Relationship": "Outer",
                          "Parallel Aware": false,
                          "Relation Name": "web_sales",
                          "Alias": "web_sales",
                          "Startup Cost": 0.00,
                          "Total Cost": 25960.84,
                          "Plan Rows": 719384,
                          "Plan Width": 14
                        },
                        {
                          "Node Type": "Hash",
                          "Parent Relationship": "Inner",
                          "Parallel Aware": false,
                          "Startup Cost": 2318.11,
                          "Total Cost": 2318.11,
                          "Plan Rows": 727,
                          "Plan Width": 8,
                          "Plans": [
                            {
                              "Node Type": "Seq Scan",
                              "Parent Relationship": "Outer",
                              "Parallel Aware": false,
                              "Relation Name": "date_dim",
                              "Alias": "date_dim_1",
                              "Startup Cost": 0.00,
                              "Total Cost": 2318.11,
                              "Plan Rows": 727,
                              "Plan Width": 8,
                              "Filter": "(d_year = ANY ('{1998,1999}'::integer[]))"
                            }
                          ]
                        }
                      ]
                    },
                    {
                      "Node Type": "Index Scan",
                      "Parent Relationship": "Inner",
                      "Parallel Aware": false,
                      "Scan Direction": "Forward",
                      "Index Name": "customer_pkey",
                      "Relation Name": "customer",
                      "Alias": "customer_1",
                      "Startup Cost": 0.29,
                      "Total Cost": 0.33,
                      "Plan Rows": 1,
                      "Plan Width": 73,
                      "Index Cond": "(c_customer_sk = web_sales.ws_bill_customer_sk)"
                    }
                  ]
                }
              ]
            }
          ]
        },
        {
          "Node Type": "Sort",
          "Parent Relationship": "Outer",
          "Parallel Aware": false,
          "Startup Cost": 3497.19,
          "Total Cost": 3497.20,
          "Plan Rows": 1,
          "Plan Width": 276,
          "Sort Key": ["t_s_secyear.customer_id", "t_s_secyear.customer_last_name", "t_s_secyear.customer_first_name"],
          "Plans": [
            {
              "Node Type": "Nested Loop",
              "Parent Relationship": "Outer",
              "Parallel Aware": false,
              "Join Type": "Inner",
              "Startup Cost": 0.00,
              "Total Cost": 3497.18,
              "Plan Rows": 1,
              "Plan Width": 276,
              "Inner Unique": false,
              "Join Filter": "((t_s_secyear.customer_id = t_w_secyear.customer_id) AND (CASE WHEN (t_w_firstyear.year_total > '0'::numeric) THEN (t_w_secyear.year_total / t_w_firstyear.year_total) ELSE NULL::numeric END > CASE WHEN (t_s_firstyear.year_total > '0'::numeric) THEN (t_s_secyear.year_total / t_s_firstyear.year_total) ELSE NULL::numeric END))",
              "Plans": [
                {
                  "Node Type": "Nested Loop",
                  "Parent Relationship": "Outer",
                  "Parallel Aware": false,
                  "Join Type": "Inner",
                  "Startup Cost": 0.00,
                  "Total Cost": 2664.51,
                  "Plan Rows": 1,
                  "Plan Width": 508,
                  "Inner Unique": false,
                  "Join Filter": "(t_s_secyear.customer_id = t_w_firstyear.customer_id)",
                  "Plans": [
                    {
                      "Node Type": "Nested Loop",
                      "Parent Relationship": "Outer",
                      "Parallel Aware": false,
                      "Join Type": "Inner",
                      "Startup Cost": 0.00,
                      "Total Cost": 1748.58,
                      "Plan Rows": 1,
                      "Plan Width": 408,
                      "Inner Unique": false,
                      "Join Filter": "(t_s_firstyear.customer_id = t_s_secyear.customer_id)",
                      "Plans": [
                        {
                          "Node Type": "CTE Scan",
                          "Parent Relationship": "Outer",
                          "Parallel Aware": false,
                          "CTE Name": "year_total",
                          "Alias": "t_s_firstyear",
                          "Startup Cost": 0.00,
                          "Total Cost": 915.92,
                          "Plan Rows": 1,
                          "Plan Width": 100,
                          "Filter": "((year_total > '0'::numeric) AND (sale_type = 's'::text) AND (year = 1998))"
                        },
                        {
                          "Node Type": "CTE Scan",
                          "Parent Relationship": "Inner",
                          "Parallel Aware": false,
                          "CTE Name": "year_total",
                          "Alias": "t_s_secyear",
                          "Startup Cost": 0.00,
                          "Total Cost": 832.65,
                          "Plan Rows": 1,
                          "Plan Width": 308,
                          "Filter": "((sale_type = 's'::text) AND (year = 1999))"
                        }
                      ]
                    },
                    {
                      "Node Type": "CTE Scan",
                      "Parent Relationship": "Inner",
                      "Parallel Aware": false,
                      "CTE Name": "year_total",
                      "Alias": "t_w_firstyear",
                      "Startup Cost": 0.00,
                      "Total Cost": 915.92,
                      "Plan Rows": 1,
                      "Plan Width": 100,
                      "Filter": "((year_total > '0'::numeric) AND (sale_type = 'w'::text) AND (year = 1998))"
                    }
                  ]
                },
                {
                  "Node Type": "CTE Scan",
                  "Parent Relationship": "Inner",
                  "Parallel Aware": false,
                  "CTE Name": "year_total",
                  "Alias": "t_w_secyear",
                  "Startup Cost": 0.00,
                  "Total Cost": 832.65,
                  "Plan Rows": 1,
                  "Plan Width": 100,
                  "Filter": "((sale_type = 'w'::text) AND (year = 1999))"
                }
              ]
            }
          ]
        }
      ]
    }
  }
]
SET
