[
  {
    "Plan": {
      "Node Type": "Limit",
      "Parallel Aware": false,
      "Startup Cost": 668058.67,
      "Total Cost": 668058.68,
      "Plan Rows": 1,
      "Plan Width": 72,
      "Plans": [
        {
          "Node Type": "Hash Join",
          "Parent Relationship": "InitPlan",
          "Subplan Name": "CTE ws_wh",
          "Parallel Aware": false,
          "Join Type": "Inner",
          "Startup Cost": 37764.14,
          "Total Cost": 313065.86,
          "Plan Rows": 7016206,
          "Plan Width": 12,
          "Inner Unique": false,
          "Hash Cond": "(ws1_1.ws_order_number = ws2.ws_order_number)",
          "Join Filter": "(ws1_1.ws_warehouse_sk <> ws2.ws_warehouse_sk)",
          "Plans": [
            {
              "Node Type": "Seq Scan",
              "Parent Relationship": "Outer",
              "Parallel Aware": false,
              "Relation Name": "web_sales",
              "Alias": "ws1_1",
              "Startup Cost": 0.00,
              "Total Cost": 25960.84,
              "Plan Rows": 719384,
              "Plan Width": 8
            },
            {
              "Node Type": "Hash",
              "Parent Relationship": "Inner",
              "Parallel Aware": false,
              "Startup Cost": 25960.84,
              "Total Cost": 25960.84,
              "Plan Rows": 719384,
              "Plan Width": 8,
              "Plans": [
                {
                  "Node Type": "Seq Scan",
                  "Parent Relationship": "Outer",
                  "Parallel Aware": false,
                  "Relation Name": "web_sales",
                  "Alias": "ws2",
                  "Startup Cost": 0.00,
                  "Total Cost": 25960.84,
                  "Plan Rows": 719384,
                  "Plan Width": 8
                }
              ]
            }
          ]
        },
        {
          "Node Type": "Sort",
          "Parent Relationship": "Outer",
          "Parallel Aware": false,
          "Startup Cost": 354992.81,
          "Total Cost": 354992.82,
          "Plan Rows": 1,
          "Plan Width": 72,
          "Sort Key": ["(count(DISTINCT ws1.ws_order_number))"],
          "Plans": [
            {
              "Node Type": "Aggregate",
              "Strategy": "Plain",
              "Partial Mode": "Simple",
              "Parent Relationship": "Outer",
              "Parallel Aware": false,
              "Startup Cost": 354992.79,
              "Total Cost": 354992.80,
              "Plan Rows": 1,
              "Plan Width": 72,
              "Plans": [
                {
                  "Node Type": "Nested Loop",
                  "Parent Relationship": "Outer",
                  "Parallel Aware": false,
                  "Join Type": "Semi",
                  "Startup Cost": 160118.08,
                  "Total Cost": 354992.78,
                  "Plan Rows": 1,
                  "Plan Width": 16,
                  "Inner Unique": false,
                  "Join Filter": "(ws1.ws_order_number = web_returns.wr_order_number)",
                  "Plans": [
                    {
                      "Node Type": "Nested Loop",
                      "Parent Relationship": "Outer",
                      "Parallel Aware": false,
                      "Join Type": "Inner",
                      "Startup Cost": 159579.52,
                      "Total Cost": 187814.56,
                      "Plan Rows": 1,
                      "Plan Width": 20,
                      "Inner Unique": true,
                      "Join Filter": "(ws1.ws_order_number = ws_wh.ws_order_number)",
                      "Plans": [
                        {
                          "Node Type": "Nested Loop",
                          "Parent Relationship": "Outer",
                          "Parallel Aware": false,
                          "Join Type": "Inner",
                          "Startup Cost": 1714.88,
                          "Total Cost": 29945.43,
                          "Plan Rows": 1,
                          "Plan Width": 16,
                          "Inner Unique": true,
                          "Plans": [
                            {
                              "Node Type": "Nested Loop",
                              "Parent Relationship": "Outer",
                              "Parallel Aware": false,
                              "Join Type": "Inner",
                              "Startup Cost": 1714.59,
                              "Total Cost": 29784.75,
                              "Plan Rows": 496,
                              "Plan Width": 20,
                              "Inner Unique": true,
                              "Join Filter": "(ws1.ws_web_site_sk = web_site.web_site_sk)",
                              "Plans": [
                                {
                                  "Node Type": "Hash Join",
                                  "Parent Relationship": "Outer",
                                  "Parallel Aware": false,
                                  "Join Type": "Inner",
                                  "Startup Cost": 1714.59,
                                  "Total Cost": 29563.97,
                                  "Plan Rows": 2978,
                                  "Plan Width": 24,
                                  "Inner Unique": true,
                                  "Hash Cond": "(ws1.ws_ship_addr_sk = customer_address.ca_address_sk)",
                                  "Plans": [
                                    {
                                      "Node Type": "Seq Scan",
                                      "Parent Relationship": "Outer",
                                      "Parallel Aware": false,
                                      "Relation Name": "web_sales",
                                      "Alias": "ws1",
                                      "Startup Cost": 0.00,
                                      "Total Cost": 25960.84,
                                      "Plan Rows": 719384,
                                      "Plan Width": 28
                                    },
                                    {
                                      "Node Type": "Hash",
                                      "Parent Relationship": "Inner",
                                      "Parallel Aware": false,
                                      "Startup Cost": 1712.00,
                                      "Total Cost": 1712.00,
                                      "Plan Rows": 207,
                                      "Plan Width": 4,
                                      "Plans": [
                                        {
                                          "Node Type": "Seq Scan",
                                          "Parent Relationship": "Outer",
                                          "Parallel Aware": false,
                                          "Relation Name": "customer_address",
                                          "Alias": "customer_address",
                                          "Startup Cost": 0.00,
                                          "Total Cost": 1712.00,
                                          "Plan Rows": 207,
                                          "Plan Width": 4,
                                          "Filter": "(ca_state = 'VT'::bpchar)"
                                        }
                                      ]
                                    }
                                  ]
                                },
                                {
                                  "Node Type": "Materialize",
                                  "Parent Relationship": "Inner",
                                  "Parallel Aware": false,
                                  "Startup Cost": 0.00,
                                  "Total Cost": 2.40,
                                  "Plan Rows": 5,
                                  "Plan Width": 4,
                                  "Plans": [
                                    {
                                      "Node Type": "Seq Scan",
                                      "Parent Relationship": "Outer",
                                      "Parallel Aware": false,
                                      "Relation Name": "web_site",
                                      "Alias": "web_site",
                                      "Startup Cost": 0.00,
                                      "Total Cost": 2.38,
                                      "Plan Rows": 5,
                                      "Plan Width": 4,
                                      "Filter": "(web_company_name = 'pri'::bpchar)"
                                    }
                                  ]
                                }
                              ]
                            },
                            {
                              "Node Type": "Index Scan",
                              "Parent Relationship": "Inner",
                              "Parallel Aware": false,
                              "Scan Direction": "Forward",
                              "Index Name": "date_dim_pkey",
                              "Relation Name": "date_dim",
                              "Alias": "date_dim",
                              "Startup Cost": 0.29,
                              "Total Cost": 0.32,
                              "Plan Rows": 1,
                              "Plan Width": 4,
                              "Index Cond": "(d_date_sk = ws1.ws_ship_date_sk)",
                              "Filter": "((d_date >= '2002-04-01'::date) AND (d_date <= '2002-05-31'::date))"
                            }
                          ]
                        },
                        {
                          "Node Type": "Aggregate",
                          "Strategy": "Hashed",
                          "Partial Mode": "Simple",
                          "Parent Relationship": "Inner",
                          "Parallel Aware": false,
                          "Startup Cost": 157864.64,
                          "Total Cost": 157866.64,
                          "Plan Rows": 200,
                          "Plan Width": 4,
                          "Group Key": ["ws_wh.ws_order_number"],
                          "Plans": [
                            {
                              "Node Type": "CTE Scan",
                              "Parent Relationship": "Outer",
                              "Parallel Aware": false,
                              "CTE Name": "ws_wh",
                              "Alias": "ws_wh",
                              "Startup Cost": 0.00,
                              "Total Cost": 140324.12,
                              "Plan Rows": 7016206,
                              "Plan Width": 4
                            }
                          ]
                        }
                      ]
                    },
                    {
                      "Node Type": "Hash Join",
                      "Parent Relationship": "Inner",
                      "Parallel Aware": false,
                      "Join Type": "Inner",
                      "Startup Cost": 538.56,
                      "Total Cost": 167178.19,
                      "Plan Rows": 379,
                      "Plan Width": 8,
                      "Inner Unique": false,
                      "Hash Cond": "(ws_wh_1.ws_order_number = web_returns.wr_order_number)",
                      "Join Filter": "(ws_wh.ws_order_number = ws_wh_1.ws_order_number)",
                      "Plans": [
                        {
                          "Node Type": "CTE Scan",
                          "Parent Relationship": "Outer",
                          "Parallel Aware": false,
                          "CTE Name": "ws_wh",
                          "Alias": "ws_wh_1",
                          "Startup Cost": 0.00,
                          "Total Cost": 140324.12,
                          "Plan Rows": 7016206,
                          "Plan Width": 4
                        },
                        {
                          "Node Type": "Hash",
                          "Parent Relationship": "Inner",
                          "Parallel Aware": false,
                          "Startup Cost": 538.54,
                          "Total Cost": 538.54,
                          "Plan Rows": 2,
                          "Plan Width": 4,
                          "Plans": [
                            {
                              "Node Type": "Index Only Scan",
                              "Parent Relationship": "Outer",
                              "Parallel Aware": false,
                              "Scan Direction": "Forward",
                              "Index Name": "web_returns_pkey",
                              "Relation Name": "web_returns",
                              "Alias": "web_returns",
                              "Startup Cost": 0.29,
                              "Total Cost": 538.54,
                              "Plan Rows": 2,
                              "Plan Width": 4,
                              "Index Cond": "(wr_order_number = ws_wh.ws_order_number)"
                            }
                          ]
                        }
                      ]
                    }
                  ]
                }
              ]
            }
          ]
        }
      ]
    }
  }
]
SET
