[
  {
    "Plan": {
      "Node Type": "Aggregate",
      "Strategy": "Sorted",
      "Partial Mode": "Simple",
      "Parallel Aware": false,
      "Startup Cost": 108140.57,
      "Total Cost": 108140.60,
      "Plan Rows": 1,
      "Plan Width": 358,
      "Group Key": ["ssales.c_last_name", "ssales.c_first_name", "ssales.s_store_name"],
      "Filter": "(sum(ssales.netpaid) > $4)",
      "Plans": [
        {
          "Node Type": "Aggregate",
          "Strategy": "Sorted",
          "Partial Mode": "Simple",
          "Parent Relationship": "InitPlan",
          "Subplan Name": "CTE ssales",
          "Parallel Aware": false,
          "Startup Cost": 108140.45,
          "Total Cost": 108140.50,
          "Plan Rows": 1,
          "Plan Width": 158,
          "Group Key": ["customer.c_last_name", "customer.c_first_name", "store.s_store_name", "customer_address.ca_state", "store.s_state", "item.i_color", "item.i_current_price", "item.i_manager_id", "item.i_units", "item.i_size"],
          "Plans": [
            {
              "Node Type": "Sort",
              "Parent Relationship": "Outer",
              "Parallel Aware": false,
              "Startup Cost": 108140.45,
              "Total Cost": 108140.46,
              "Plan Rows": 1,
              "Plan Width": 132,
              "Sort Key": ["customer.c_last_name", "customer.c_first_name", "store.s_store_name", "customer_address.ca_state", "store.s_state", "item.i_color", "item.i_current_price", "item.i_manager_id", "item.i_units", "item.i_size"],
              "Plans": [
                {
                  "Node Type": "Nested Loop",
                  "Parent Relationship": "Outer",
                  "Parallel Aware": false,
                  "Join Type": "Inner",
                  "Startup Cost": 5984.03,
                  "Total Cost": 108140.44,
                  "Plan Rows": 1,
                  "Plan Width": 132,
                  "Inner Unique": true,
                  "Plans": [
                    {
                      "Node Type": "Nested Loop",
                      "Parent Relationship": "Outer",
                      "Parallel Aware": false,
                      "Join Type": "Inner",
                      "Startup Cost": 5983.74,
                      "Total Cost": 108140.14,
                      "Plan Rows": 1,
                      "Plan Width": 77,
                      "Inner Unique": true,
                      "Plans": [
                        {
                          "Node Type": "Hash Join",
                          "Parent Relationship": "Outer",
                          "Parallel Aware": false,
                          "Join Type": "Inner",
                          "Startup Cost": 5983.32,
                          "Total Cost": 108088.32,
                          "Plan Rows": 115,
                          "Plan Width": 77,
                          "Inner Unique": false,
                          "Hash Cond": "((store_sales.ss_customer_sk = customer.c_customer_sk) AND (store_sales.ss_store_sk = store.s_store_sk))",
                          "Plans": [
                            {
                              "Node Type": "Seq Scan",
                              "Parent Relationship": "Outer",
                              "Parallel Aware": false,
                              "Relation Name": "store_sales",
                              "Alias": "store_sales",
                              "Startup Cost": 0.00,
                              "Total Cost": 80500.49,
                              "Plan Rows": 2880449,
                              "Plan Width": 22
                            },
                            {
                              "Node Type": "Hash",
                              "Parent Relationship": "Inner",
                              "Parallel Aware": false,
                              "Startup Cost": 5982.54,
                              "Total Cost": 5982.54,
                              "Plan Rows": 52,
                              "Plan Width": 71,
                              "Plans": [
                                {
                                  "Node Type": "Hash Join",
                                  "Parent Relationship": "Outer",
                                  "Parallel Aware": false,
                                  "Join Type": "Inner",
                                  "Startup Cost": 1838.76,
                                  "Total Cost": 5982.54,
                                  "Plan Rows": 52,
                                  "Plan Width": 71,
                                  "Inner Unique": false,
                                  "Hash Cond": "(customer.c_current_addr_sk = customer_address.ca_address_sk)",
                                  "Join Filter": "((customer.c_birth_country)::text <> upper((customer_address.ca_country)::text))",
                                  "Plans": [
                                    {
                                      "Node Type": "Seq Scan",
                                      "Parent Relationship": "Outer",
                                      "Parallel Aware": false,
                                      "Relation Name": "customer",
                                      "Alias": "customer",
                                      "Startup Cost": 0.00,
                                      "Total Cost": 3768.00,
                                      "Plan Rows": 100000,
                                      "Plan Width": 69
                                    },
                                    {
                                      "Node Type": "Hash",
                                      "Parent Relationship": "Inner",
                                      "Parallel Aware": false,
                                      "Startup Cost": 1838.43,
                                      "Total Cost": 1838.43,
                                      "Plan Rows": 26,
                                      "Plan Width": 33,
                                      "Plans": [
                                        {
                                          "Node Type": "Hash Join",
                                          "Parent Relationship": "Outer",
                                          "Parallel Aware": false,
                                          "Join Type": "Inner",
                                          "Startup Cost": 1.17,
                                          "Total Cost": 1838.43,
                                          "Plan Rows": 26,
                                          "Plan Width": 33,
                                          "Inner Unique": false,
                                          "Hash Cond": "(customer_address.ca_zip = store.s_zip)",
                                          "Plans": [
                                            {
                                              "Node Type": "Seq Scan",
                                              "Parent Relationship": "Outer",
                                              "Parallel Aware": false,
                                              "Relation Name": "customer_address",
                                              "Alias": "customer_address",
                                              "Startup Cost": 0.00,
                                              "Total Cost": 1587.00,
                                              "Plan Rows": 50000,
                                              "Plan Width": 32
                                            },
                                            {
                                              "Node Type": "Hash",
                                              "Parent Relationship": "Inner",
                                              "Parallel Aware": false,
                                              "Startup Cost": 1.15,
                                              "Total Cost": 1.15,
                                              "Plan Rows": 2,
                                              "Plan Width": 23,
                                              "Plans": [
                                                {
                                                  "Node Type": "Seq Scan",
                                                  "Parent Relationship": "Outer",
                                                  "Parallel Aware": false,
                                                  "Relation Name": "store",
                                                  "Alias": "store",
                                                  "Startup Cost": 0.00,
                                                  "Total Cost": 1.15,
                                                  "Plan Rows": 2,
                                                  "Plan Width": 23,
                                                  "Filter": "(s_market_id = 6)"
                                                }
                                              ]
                                            }
                                          ]
                                        }
                                      ]
                                    }
                                  ]
                                }
                              ]
                            }
                          ]
                        },
                        {
                          "Node Type": "Index Only Scan",
                          "Parent Relationship": "Inner",
                          "Parallel Aware": false,
                          "Scan Direction": "Forward",
                          "Index Name": "store_returns_pkey",
                          "Relation Name": "store_returns",
                          "Alias": "store_returns",
                          "Startup Cost": 0.42,
                          "Total Cost": 0.45,
                          "Plan Rows": 1,
                          "Plan Width": 8,
                          "Index Cond": "((sr_item_sk = store_sales.ss_item_sk) AND (sr_ticket_number = store_sales.ss_ticket_number))"
                        }
                      ]
                    },
                    {
                      "Node Type": "Index Scan",
                      "Parent Relationship": "Inner",
                      "Parallel Aware": false,
                      "Scan Direction": "Forward",
                      "Index Name": "item_pkey",
                      "Relation Name": "item",
                      "Alias": "item",
                      "Startup Cost": 0.29,
                      "Total Cost": 0.31,
                      "Plan Rows": 1,
                      "Plan Width": 67,
                      "Index Cond": "(i_item_sk = store_sales.ss_item_sk)"
                    }
                  ]
                }
              ]
            }
          ]
        },
        {
          "Node Type": "Aggregate",
          "Strategy": "Plain",
          "Partial Mode": "Simple",
          "Parent Relationship": "InitPlan",
          "Subplan Name": "InitPlan 2 (returns $4)",
          "Parallel Aware": false,
          "Startup Cost": 0.02,
          "Total Cost": 0.04,
          "Plan Rows": 1,
          "Plan Width": 32,
          "Plans": [
            {
              "Node Type": "CTE Scan",
              "Parent Relationship": "Outer",
              "Parallel Aware": false,
              "CTE Name": "ssales",
              "Alias": "ssales_1",
              "Startup Cost": 0.00,
              "Total Cost": 0.02,
              "Plan Rows": 1,
              "Plan Width": 32
            }
          ]
        },
        {
          "Node Type": "Sort",
          "Parent Relationship": "Outer",
          "Parallel Aware": false,
          "Startup Cost": 0.03,
          "Total Cost": 0.04,
          "Plan Rows": 1,
          "Plan Width": 358,
          "Sort Key": ["ssales.c_last_name", "ssales.c_first_name", "ssales.s_store_name"],
          "Plans": [
            {
              "Node Type": "CTE Scan",
              "Parent Relationship": "Outer",
              "Parallel Aware": false,
              "CTE Name": "ssales",
              "Alias": "ssales",
              "Startup Cost": 0.00,
              "Total Cost": 0.02,
              "Plan Rows": 1,
              "Plan Width": 358,
              "Filter": "(i_color = 'dodger'::bpchar)"
            }
          ]
        }
      ]
    }
  }
]
SET
