[
  {
    "Plan": {
      "Node Type": "Limit",
      "Parallel Aware": false,
      "Startup Cost": 217297.75,
      "Total Cost": 217343.82,
      "Plan Rows": 65,
      "Plan Width": 51,
      "Plans": [
        {
          "Node Type": "Aggregate",
          "Strategy": "Sorted",
          "Partial Mode": "Simple",
          "Parent Relationship": "Outer",
          "Parallel Aware": false,
          "Startup Cost": 217297.75,
          "Total Cost": 217343.17,
          "Plan Rows": 65,
          "Plan Width": 51,
          "Group Key": ["warehouse.w_warehouse_name", "item.i_item_id"],
          "Filter": "(((CASE WHEN (sum(CASE WHEN (date_dim.d_date < '1999-03-26'::date) THEN inventory.inv_quantity_on_hand ELSE 0 END) > 0) THEN (sum(CASE WHEN (date_dim.d_date >= '1999-03-26'::date) THEN inventory.inv_quantity_on_hand ELSE 0 END) / sum(CASE WHEN (date_dim.d_date < '1999-03-26'::date) THEN inventory.inv_quantity_on_hand ELSE 0 END)) ELSE NULL::bigint END)::numeric >= 0.66666666666666666667) AND ((CASE WHEN (sum(CASE WHEN (date_dim.d_date < '1999-03-26'::date) THEN inventory.inv_quantity_on_hand ELSE 0 END) > 0) THEN (sum(CASE WHEN (date_dim.d_date >= '1999-03-26'::date) THEN inventory.inv_quantity_on_hand ELSE 0 END) / sum(CASE WHEN (date_dim.d_date < '1999-03-26'::date) THEN inventory.inv_quantity_on_hand ELSE 0 END)) ELSE NULL::bigint END)::numeric <= 1.5000000000000000))",
          "Plans": [
            {
              "Node Type": "Sort",
              "Parent Relationship": "Outer",
              "Parallel Aware": false,
              "Startup Cost": 217297.75,
              "Total Cost": 217299.22,
              "Plan Rows": 586,
              "Plan Width": 43,
              "Sort Key": ["warehouse.w_warehouse_name", "item.i_item_id"],
              "Plans": [
                {
                  "Node Type": "Hash Join",
                  "Parent Relationship": "Outer",
                  "Parallel Aware": false,
                  "Join Type": "Inner",
                  "Startup Cost": 2502.88,
                  "Total Cost": 217270.81,
                  "Plan Rows": 586,
                  "Plan Width": 43,
                  "Inner Unique": true,
                  "Hash Cond": "(inventory.inv_warehouse_sk = warehouse.w_warehouse_sk)",
                  "Plans": [
                    {
                      "Node Type": "Nested Loop",
                      "Parent Relationship": "Outer",
                      "Parallel Aware": false,
                      "Join Type": "Inner",
                      "Startup Cost": 2501.77,
                      "Total Cost": 217266.86,
                      "Plan Rows": 586,
                      "Plan Width": 29,
                      "Inner Unique": true,
                      "Plans": [
                        {
                          "Node Type": "Hash Join",
                          "Parent Relationship": "Outer",
                          "Parallel Aware": false,
                          "Join Type": "Inner",
                          "Startup Cost": 2501.48,
                          "Total Cost": 214272.10,
                          "Plan Rows": 9647,
                          "Plan Width": 16,
                          "Inner Unique": true,
                          "Hash Cond": "(inventory.inv_date_sk = date_dim.d_date_sk)",
                          "Plans": [
                            {
                              "Node Type": "Seq Scan",
                              "Parent Relationship": "Outer",
                              "Parallel Aware": false,
                              "Relation Name": "inventory",
                              "Alias": "inventory",
                              "Startup Cost": 0.00,
                              "Total Cost": 180937.95,
                              "Plan Rows": 11745095,
                              "Plan Width": 16
                            },
                            {
                              "Node Type": "Hash",
                              "Parent Relationship": "Inner",
                              "Parallel Aware": false,
                              "Startup Cost": 2500.73,
                              "Total Cost": 2500.73,
                              "Plan Rows": 60,
                              "Plan Width": 8,
                              "Plans": [
                                {
                                  "Node Type": "Seq Scan",
                                  "Parent Relationship": "Outer",
                                  "Parallel Aware": false,
                                  "Relation Name": "date_dim",
                                  "Alias": "date_dim",
                                  "Startup Cost": 0.00,
                                  "Total Cost": 2500.73,
                                  "Plan Rows": 60,
                                  "Plan Width": 8,
                                  "Filter": "((d_date >= '1999-02-24'::date) AND (d_date <= '1999-04-25'::date))"
                                }
                              ]
                            }
                          ]
                        },
                        {
                          "Node Type": "Index Scan",
                          "Parent Relationship": "Inner",
                          "Parallel Aware": false,
                          "Scan Direction": "Forward",
                          "Index Name": "item_pkey",
                          "Relation Name": "item",
                          "Alias": "item",
                          "Startup Cost": 0.29,
                          "Total Cost": 0.31,
                          "Plan Rows": 1,
                          "Plan Width": 21,
                          "Index Cond": "(i_item_sk = inventory.inv_item_sk)",
                          "Filter": "((i_current_price >= 0.99) AND (i_current_price <= 1.49))"
                        }
                      ]
                    },
                    {
                      "Node Type": "Hash",
                      "Parent Relationship": "Inner",
                      "Parallel Aware": false,
                      "Startup Cost": 1.05,
                      "Total Cost": 1.05,
                      "Plan Rows": 5,
                      "Plan Width": 22,
                      "Plans": [
                        {
                          "Node Type": "Seq Scan",
                          "Parent Relationship": "Outer",
                          "Parallel Aware": false,
                          "Relation Name": "warehouse",
                          "Alias": "warehouse",
                          "Startup Cost": 0.00,
                          "Total Cost": 1.05,
                          "Plan Rows": 5,
                          "Plan Width": 22
                        }
                      ]
                    }
                  ]
                }
              ]
            }
          ]
        }
      ]
    }
  }
]
SET
