[
  {
    "Plan": {
      "Node Type": "Sort",
      "Parallel Aware": false,
      "Startup Cost": 92015.12,
      "Total Cost": 92015.27,
      "Plan Rows": 61,
      "Plan Width": 77,
      "Sort Key": ["customer.c_last_name", "customer.c_first_name", "customer.c_salutation", "customer.c_preferred_cust_flag DESC", "store_sales.ss_ticket_number"],
      "Plans": [
        {
          "Node Type": "Nested Loop",
          "Parent Relationship": "Outer",
          "Parallel Aware": false,
          "Join Type": "Inner",
          "Startup Cost": 91513.70,
          "Total Cost": 92013.31,
          "Plan Rows": 61,
          "Plan Width": 77,
          "Inner Unique": true,
          "Plans": [
            {
              "Node Type": "Aggregate",
              "Strategy": "Sorted",
              "Partial Mode": "Simple",
              "Parent Relationship": "Outer",
              "Parallel Aware": false,
              "Startup Cost": 91513.41,
              "Total Cost": 91529.79,
              "Plan Rows": 61,
              "Plan Width": 16,
              "Group Key": ["store_sales.ss_ticket_number", "store_sales.ss_customer_sk"],
              "Filter": "((count(*) >= 15) AND (count(*) <= 20))",
              "Plans": [
                {
                  "Node Type": "Sort",
                  "Parent Relationship": "Outer",
                  "Parallel Aware": false,
                  "Startup Cost": 91513.41,
                  "Total Cost": 91514.77,
                  "Plan Rows": 546,
                  "Plan Width": 8,
                  "Sort Key": ["store_sales.ss_ticket_number", "store_sales.ss_customer_sk"],
                  "Plans": [
                    {
                      "Node Type": "Hash Join",
                      "Parent Relationship": "Outer",
                      "Parallel Aware": false,
                      "Join Type": "Inner",
                      "Startup Cost": 3401.34,
                      "Total Cost": 91488.59,
                      "Plan Rows": 546,
                      "Plan Width": 8,
                      "Inner Unique": true,
                      "Hash Cond": "(store_sales.ss_store_sk = store.s_store_sk)",
                      "Plans": [
                        {
                          "Node Type": "Hash Join",
                          "Parent Relationship": "Outer",
                          "Parallel Aware": false,
                          "Join Type": "Inner",
                          "Startup Cost": 3399.95,
                          "Total Cost": 91485.18,
                          "Plan Rows": 572,
                          "Plan Width": 12,
                          "Inner Unique": true,
                          "Hash Cond": "(store_sales.ss_hdemo_sk = household_demographics.hd_demo_sk)",
                          "Plans": [
                            {
                              "Node Type": "Hash Join",
                              "Parent Relationship": "Outer",
                              "Parallel Aware": false,
                              "Join Type": "Inner",
                              "Startup Cost": 3142.84,
                              "Total Cost": 91204.93,
                              "Plan Rows": 8811,
                              "Plan Width": 16,
                              "Inner Unique": true,
                              "Hash Cond": "(store_sales.ss_sold_date_sk = date_dim.d_date_sk)",
                              "Plans": [
                                {
                                  "Node Type": "Seq Scan",
                                  "Parent Relationship": "Outer",
                                  "Parallel Aware": false,
                                  "Relation Name": "store_sales",
                                  "Alias": "store_sales",
                                  "Startup Cost": 0.00,
                                  "Total Cost": 80500.49,
                                  "Plan Rows": 2880449,
                                  "Plan Width": 20
                                },
                                {
                                  "Node Type": "Hash",
                                  "Parent Relationship": "Inner",
                                  "Parallel Aware": false,
                                  "Startup Cost": 3139.91,
                                  "Total Cost": 3139.91,
                                  "Plan Rows": 234,
                                  "Plan Width": 4,
                                  "Plans": [
                                    {
                                      "Node Type": "Seq Scan",
                                      "Parent Relationship": "Outer",
                                      "Parallel Aware": false,
                                      "Relation Name": "date_dim",
                                      "Alias": "date_dim",
                                      "Startup Cost": 0.00,
                                      "Total Cost": 3139.91,
                                      "Plan Rows": 234,
                                      "Plan Width": 4,
                                      "Filter": "((d_year = ANY ('{1998,1999,2000}'::integer[])) AND (((d_dom >= 1) AND (d_dom <= 3)) OR ((d_dom >= 25) AND (d_dom <= 28))))"
                                    }
                                  ]
                                }
                              ]
                            },
                            {
                              "Node Type": "Hash",
                              "Parent Relationship": "Inner",
                              "Parallel Aware": false,
                              "Startup Cost": 251.00,
                              "Total Cost": 251.00,
                              "Plan Rows": 489,
                              "Plan Width": 4,
                              "Plans": [
                                {
                                  "Node Type": "Seq Scan",
                                  "Parent Relationship": "Outer",
                                  "Parallel Aware": false,
                                  "Relation Name": "household_demographics",
                                  "Alias": "household_demographics",
                                  "Startup Cost": 0.00,
                                  "Total Cost": 251.00,
                                  "Plan Rows": 489,
                                  "Plan Width": 4,
                                  "Filter": "((hd_vehicle_count > 0) AND ((hd_buy_potential = '501-1000'::bpchar) OR (hd_buy_potential = '0-500'::bpchar)) AND ((CASE WHEN (hd_vehicle_count > 0) THEN (hd_dep_count / hd_vehicle_count) ELSE NULL::integer END)::numeric > 1.2))"
                                }
                              ]
                            }
                          ]
                        },
                        {
                          "Node Type": "Hash",
                          "Parent Relationship": "Inner",
                          "Parallel Aware": false,
                          "Startup Cost": 1.24,
                          "Total Cost": 1.24,
                          "Plan Rows": 12,
                          "Plan Width": 4,
                          "Plans": [
                            {
                              "Node Type": "Seq Scan",
                              "Parent Relationship": "Outer",
                              "Parallel Aware": false,
                              "Relation Name": "store",
                              "Alias": "store",
                              "Startup Cost": 0.00,
                              "Total Cost": 1.24,
                              "Plan Rows": 12,
                              "Plan Width": 4,
                              "Filter": "((s_county)::text = ANY ('{\"Jackson County\",\"Pennington County\",\"Williamson County\",\"Oglethorpe County\",\"Franklin Parish\",\"Marshall County\",\"Maverick County\",\"Raleigh County\"}'::text[]))"
                            }
                          ]
                        }
                      ]
                    }
                  ]
                }
              ]
            },
            {
              "Node Type": "Index Scan",
              "Parent Relationship": "Inner",
              "Parallel Aware": false,
              "Scan Direction": "Forward",
              "Index Name": "customer_pkey",
              "Relation Name": "customer",
              "Alias": "customer",
              "Startup Cost": 0.29,
              "Total Cost": 7.92,
              "Plan Rows": 1,
              "Plan Width": 69,
              "Index Cond": "(c_customer_sk = store_sales.ss_customer_sk)"
            }
          ]
        }
      ]
    }
  }
]
SET
