QUERY PLAN
[
  {
    "Plan": {
      "Node Type": "Limit",
      "Parallel Aware": false,
      "Startup Cost": 53915.36,
      "Total Cost": 53915.37,
      "Plan Rows": 2,
      "Plan Width": 17,
      "Plans": [
        {
          "Node Type": "Aggregate",
          "Strategy": "Sorted",
          "Partial Mode": "Simple",
          "Parent Relationship": "InitPlan",
          "Subplan Name": "CTE customer_total_return",
          "Parallel Aware": false,
          "Startup Cost": 10815.66,
          "Total Cost": 10846.76,
          "Plan Rows": 1382,
          "Plan Width": 40,
          "Group Key": ["store_returns.sr_customer_sk", "store_returns.sr_store_sk"],
          "Plans": [
            {
              "Node Type": "Sort",
              "Parent Relationship": "Outer",
              "Parallel Aware": false,
              "Startup Cost": 10815.66,
              "Total Cost": 10819.12,
              "Plan Rows": 1382,
              "Plan Width": 14,
              "Sort Key": ["store_returns.sr_customer_sk", "store_returns.sr_store_sk"],
              "Plans": [
                {
                  "Node Type": "Hash Join",
                  "Parent Relationship": "Outer",
                  "Parallel Aware": false,
                  "Join Type": "Inner",
                  "Startup Cost": 2322.66,
                  "Total Cost": 10743.57,
                  "Plan Rows": 1382,
                  "Plan Width": 14,
                  "Inner Unique": true,
                  "Hash Cond": "(store_returns.sr_returned_date_sk = date_dim.d_date_sk)",
                  "Plans": [
                    {
                      "Node Type": "Seq Scan",
                      "Parent Relationship": "Outer",
                      "Parallel Aware": false,
                      "Relation Name": "store_returns",
                      "Alias": "store_returns",
                      "Startup Cost": 0.00,
                      "Total Cost": 7666.14,
                      "Plan Rows": 287514,
                      "Plan Width": 18
                    },
                    {
                      "Node Type": "Hash",
                      "Parent Relationship": "Inner",
                      "Parallel Aware": false,
                      "Startup Cost": 2318.11,
                      "Total Cost": 2318.11,
                      "Plan Rows": 364,
                      "Plan Width": 4,
                      "Plans": [
                        {
                          "Node Type": "Seq Scan",
                          "Parent Relationship": "Outer",
                          "Parallel Aware": false,
                          "Relation Name": "date_dim",
                          "Alias": "date_dim",
                          "Startup Cost": 0.00,
                          "Total Cost": 2318.11,
                          "Plan Rows": 364,
                          "Plan Width": 4,
                          "Filter": "(d_year = 2000)"
                        }
                      ]
                    }
                  ]
                }
              ]
            }
          ]
        },
        {
          "Node Type": "Sort",
          "Parent Relationship": "Outer",
          "Parallel Aware": false,
          "Startup Cost": 43068.61,
          "Total Cost": 43068.61,
          "Plan Rows": 2,
          "Plan Width": 17,
          "Sort Key": ["customer.c_customer_id"],
          "Plans": [
            {
              "Node Type": "Nested Loop",
              "Parent Relationship": "Outer",
              "Parallel Aware": false,
              "Join Type": "Inner",
              "Startup Cost": 0.29,
              "Total Cost": 43068.60,
              "Plan Rows": 2,
              "Plan Width": 17,
              "Inner Unique": true,
              "Plans": [
                {
                  "Node Type": "Nested Loop",
                  "Parent Relationship": "Outer",
                  "Parallel Aware": false,
                  "Join Type": "Inner",
                  "Startup Cost": 0.00,
                  "Total Cost": 43056.21,
                  "Plan Rows": 2,
                  "Plan Width": 4,
                  "Inner Unique": false,
                  "Join Filter": "(ctr1.ctr_store_sk = store.s_store_sk)",
                  "Plans": [
                    {
                      "Node Type": "Seq Scan",
                      "Parent Relationship": "Outer",
                      "Parallel Aware": false,
                      "Relation Name": "store",
                      "Alias": "store",
                      "Startup Cost": 0.00,
                      "Total Cost": 1.15,
                      "Plan Rows": 1,
                      "Plan Width": 4,
                      "Filter": "(s_state = 'NM'::bpchar)"
                    },
                    {
                      "Node Type": "CTE Scan",
                      "Parent Relationship": "Inner",
                      "Parallel Aware": false,
                      "CTE Name": "customer_total_return",
                      "Alias": "ctr1",
                      "Startup Cost": 0.00,
                      "Total Cost": 43049.30,
                      "Plan Rows": 461,
                      "Plan Width": 8,
                      "Filter": "(ctr_total_return > (SubPlan 2))",
                      "Plans": [
                        {
                          "Node Type": "Aggregate",
                          "Strategy": "Plain",
                          "Partial Mode": "Simple",
                          "Parent Relationship": "SubPlan",
                          "Subplan Name": "SubPlan 2",
                          "Parallel Aware": false,
                          "Startup Cost": 31.11,
                          "Total Cost": 31.13,
                          "Plan Rows": 1,
                          "Plan Width": 32,
                          "Plans": [
                            {
                              "Node Type": "CTE Scan",
                              "Parent Relationship": "Outer",
                              "Parallel Aware": false,
                              "CTE Name": "customer_total_return",
                              "Alias": "ctr2",
                              "Startup Cost": 0.00,
                              "Total Cost": 31.09,
                              "Plan Rows": 7,
                              "Plan Width": 32,
                              "Filter": "(ctr1.ctr_store_sk = ctr_store_sk)"
                            }
                          ]
                        }
                      ]
                    }
                  ]
                },
                {
                  "Node Type": "Index Scan",
                  "Parent Relationship": "Inner",
                  "Parallel Aware": false,
                  "Scan Direction": "Forward",
                  "Index Name": "customer_pkey",
                  "Relation Name": "customer",
                  "Alias": "customer",
                  "Startup Cost": 0.29,
                  "Total Cost": 6.19,
                  "Plan Rows": 1,
                  "Plan Width": 21,
                  "Index Cond": "(c_customer_sk = ctr1.ctr_customer_sk)"
                }
              ]
            }
          ]
        }
      ]
    }
  }
]
(1 row)
SET
