[
  {
    "Plan": {
      "Node Type": "Limit",
      "Parallel Aware": false,
      "Startup Cost": 189271.41,
      "Total Cost": 189271.42,
      "Plan Rows": 1,
      "Plan Width": 8,
      "Plans": [
        {
          "Node Type": "Aggregate",
          "Strategy": "Plain",
          "Partial Mode": "Simple",
          "Parent Relationship": "Outer",
          "Parallel Aware": false,
          "Startup Cost": 189271.41,
          "Total Cost": 189271.42,
          "Plan Rows": 1,
          "Plan Width": 8,
          "Plans": [
            {
              "Node Type": "Subquery Scan",
              "Parent Relationship": "Outer",
              "Parallel Aware": false,
              "Alias": "hot_cust",
              "Startup Cost": 31730.02,
              "Total Cost": 189262.50,
              "Plan Rows": 3564,
              "Plan Width": 0,
              "Plans": [
                {
                  "Node Type": "SetOp",
                  "Strategy": "Hashed",
                  "Parent Relationship": "Subquery",
                  "Parallel Aware": false,
                  "Command": "Intersect",
                  "Startup Cost": 31730.02,
                  "Total Cost": 189226.86,
                  "Plan Rows": 3564,
                  "Plan Width": 216,
                  "Plans": [
                    {
                      "Node Type": "Append",
                      "Parent Relationship": "Outer",
                      "Parallel Aware": false,
                      "Startup Cost": 31730.02,
                      "Total Cost": 189147.07,
                      "Plan Rows": 10638,
                      "Plan Width": 216,
                      "Plans": [
                        {
                          "Node Type": "Subquery Scan",
                          "Parent Relationship": "Member",
                          "Parallel Aware": false,
                          "Alias": "*SELECT* 3",
                          "Startup Cost": 31730.02,
                          "Total Cost": 31801.30,
                          "Plan Rows": 3564,
                          "Plan Width": 60,
                          "Plans": [
                            {
                              "Node Type": "Unique",
                              "Parent Relationship": "Subquery",
                              "Parallel Aware": false,
                              "Startup Cost": 31730.02,
                              "Total Cost": 31765.66,
                              "Plan Rows": 3564,
                              "Plan Width": 56,
                              "Plans": [
                                {
                                  "Node Type": "Sort",
                                  "Parent Relationship": "Outer",
                                  "Parallel Aware": false,
                                  "Startup Cost": 31730.02,
                                  "Total Cost": 31738.93,
                                  "Plan Rows": 3564,
                                  "Plan Width": 56,
                                  "Sort Key": ["customer.c_last_name", "customer.c_first_name", "date_dim.d_date"],
                                  "Plans": [
                                    {
                                      "Node Type": "Nested Loop",
                                      "Parent Relationship": "Outer",
                                      "Parallel Aware": false,
                                      "Join Type": "Inner",
                                      "Startup Cost": 2505.55,
                                      "Total Cost": 31519.76,
                                      "Plan Rows": 3564,
                                      "Plan Width": 56,
                                      "Inner Unique": true,
                                      "Plans": [
                                        {
                                          "Node Type": "Hash Join",
                                          "Parent Relationship": "Outer",
                                          "Parallel Aware": false,
                                          "Join Type": "Inner",
                                          "Startup Cost": 2505.26,
                                          "Total Cost": 30354.59,
                                          "Plan Rows": 3564,
                                          "Plan Width": 8,
                                          "Inner Unique": true,
                                          "Hash Cond": "(web_sales.ws_sold_date_sk = date_dim.d_date_sk)",
                                          "Plans": [
                                            {
                                              "Node Type": "Seq Scan",
                                              "Parent Relationship": "Outer",
                                              "Parallel Aware": false,
                                              "Relation Name": "web_sales",
                                              "Alias": "web_sales",
                                              "Startup Cost": 0.00,
                                              "Total Cost": 25960.84,
                                              "Plan Rows": 719384,
                                              "Plan Width": 8
                                            },
                                            {
                                              "Node Type": "Hash",
                                              "Parent Relationship": "Inner",
                                              "Parallel Aware": false,
                                              "Startup Cost": 2500.73,
                                              "Total Cost": 2500.73,
                                              "Plan Rows": 362,
                                              "Plan Width": 8,
                                              "Plans": [
                                                {
                                                  "Node Type": "Seq Scan",
                                                  "Parent Relationship": "Outer",
                                                  "Parallel Aware": false,
                                                  "Relation Name": "date_dim",
                                                  "Alias": "date_dim",
                                                  "Startup Cost": 0.00,
                                                  "Total Cost": 2500.73,
                                                  "Plan Rows": 362,
                                                  "Plan Width": 8,
                                                  "Filter": "((d_month_seq >= 1181) AND (d_month_seq <= 1192))"
                                                }
                                              ]
                                            }
                                          ]
                                        },
                                        {
                                          "Node Type": "Index Scan",
                                          "Parent Relationship": "Inner",
                                          "Parallel Aware": false,
                                          "Scan Direction": "Forward",
                                          "Index Name": "customer_pkey",
                                          "Relation Name": "customer",
                                          "Alias": "customer",
                                          "Startup Cost": 0.29,
                                          "Total Cost": 0.33,
                                          "Plan Rows": 1,
                                          "Plan Width": 56,
                                          "Index Cond": "(c_customer_sk = web_sales.ws_bill_customer_sk)"
                                        }
                                      ]
                                    }
                                  ]
                                }
                              ]
                            }
                          ]
                        },
                        {
                          "Node Type": "Result",
                          "Parent Relationship": "Member",
                          "Parallel Aware": false,
                          "Startup Cost": 60828.39,
                          "Total Cost": 157292.58,
                          "Plan Rows": 7074,
                          "Plan Width": 216,
                          "Plans": [
                            {
                              "Node Type": "SetOp",
                              "Strategy": "Hashed",
                              "Parent Relationship": "Outer",
                              "Parallel Aware": false,
                              "Command": "Intersect",
                              "Startup Cost": 60828.39,
                              "Total Cost": 157221.84,
                              "Plan Rows": 7074,
                              "Plan Width": 216,
                              "Plans": [
                                {
                                  "Node Type": "Append",
                                  "Parent Relationship": "Outer",
                                  "Parallel Aware": false,
                                  "Startup Cost": 60828.39,
                                  "Total Cost": 157071.14,
                                  "Plan Rows": 20094,
                                  "Plan Width": 216,
                                  "Plans": [
                                    {
                                      "Node Type": "Subquery Scan",
                                      "Parent Relationship": "Member",
                                      "Parallel Aware": false,
                                      "Alias": "*SELECT* 2",
                                      "Startup Cost": 60828.39,
                                      "Total Cost": 60969.87,
                                      "Plan Rows": 7074,
                                      "Plan Width": 60,
                                      "Plans": [
                                        {
                                          "Node Type": "Unique",
                                          "Parent Relationship": "Subquery",
                                          "Parallel Aware": false,
                                          "Startup Cost": 60828.39,
                                          "Total Cost": 60899.13,
                                          "Plan Rows": 7074,
                                          "Plan Width": 56,
                                          "Plans": [
                                            {
                                              "Node Type": "Sort",
                                              "Parent Relationship": "Outer",
                                              "Parallel Aware": false,
                                              "Startup Cost": 60828.39,
                                              "Total Cost": 60846.08,
                                              "Plan Rows": 7074,
                                              "Plan Width": 56,
                                              "Sort Key": ["customer_1.c_last_name", "customer_1.c_first_name", "date_dim_1.d_date"],
                                              "Plans": [
                                                {
                                                  "Node Type": "Nested Loop",
                                                  "Parent Relationship": "Outer",
                                                  "Parallel Aware": false,
                                                  "Join Type": "Inner",
                                                  "Startup Cost": 2505.55,
                                                  "Total Cost": 60376.07,
                                                  "Plan Rows": 7074,
                                                  "Plan Width": 56,
                                                  "Inner Unique": true,
                                                  "Plans": [
                                                    {
                                                      "Node Type": "Hash Join",
                                                      "Parent Relationship": "Outer",
                                                      "Parallel Aware": false,
                                                      "Join Type": "Inner",
                                                      "Startup Cost": 2505.26,
                                                      "Total Cost": 58111.92,
                                                      "Plan Rows": 7110,
                                                      "Plan Width": 8,
                                                      "Inner Unique": true,
                                                      "Hash Cond": "(catalog_sales.cs_sold_date_sk = date_dim_1.d_date_sk)",
                                                      "Plans": [
                                                        {
                                                          "Node Type": "Seq Scan",
                                                          "Parent Relationship": "Outer",
                                                          "Parallel Aware": false,
                                                          "Relation Name": "catalog_sales",
                                                          "Alias": "catalog_sales",
                                                          "Startup Cost": 0.00,
                                                          "Total Cost": 51821.98,
                                                          "Plan Rows": 1441698,
                                                          "Plan Width": 8
                                                        },
                                                        {
                                                          "Node Type": "Hash",
                                                          "Parent Relationship": "Inner",
                                                          "Parallel Aware": false,
                                                          "Startup Cost": 2500.73,
                                                          "Total Cost": 2500.73,
                                                          "Plan Rows": 362,
                                                          "Plan Width": 8,
                                                          "Plans": [
                                                            {
                                                              "Node Type": "Seq Scan",
                                                              "Parent Relationship": "Outer",
                                                              "Parallel Aware": false,
                                                              "Relation Name": "date_dim",
                                                              "Alias": "date_dim_1",
                                                              "Startup Cost": 0.00,
                                                              "Total Cost": 2500.73,
                                                              "Plan Rows": 362,
                                                              "Plan Width": 8,
                                                              "Filter": "((d_month_seq >= 1181) AND (d_month_seq <= 1192))"
                                                            }
                                                          ]
                                                        }
                                                      ]
                                                    },
                                                    {
                                                      "Node Type": "Index Scan",
                                                      "Parent Relationship": "Inner",
                                                      "Parallel Aware": false,
                                                      "Scan Direction": "Forward",
                                                      "Index Name": "customer_pkey",
                                                      "Relation Name": "customer",
                                                      "Alias": "customer_1",
                                                      "Startup Cost": 0.29,
                                                      "Total Cost": 0.32,
                                                      "Plan Rows": 1,
                                                      "Plan Width": 56,
                                                      "Index Cond": "(c_customer_sk = catalog_sales.cs_bill_customer_sk)"
                                                    }
                                                  ]
                                                }
                                              ]
                                            }
                                          ]
                                        }
                                      ]
                                    },
                                    {
                                      "Node Type": "Subquery Scan",
                                      "Parent Relationship": "Member",
                                      "Parallel Aware": false,
                                      "Alias": "*SELECT* 1",
                                      "Startup Cost": 95740.40,
                                      "Total Cost": 96000.80,
                                      "Plan Rows": 13020,
                                      "Plan Width": 60,
                                      "Plans": [
                                        {
                                          "Node Type": "Unique",
                                          "Parent Relationship": "Subquery",
                                          "Parallel Aware": false,
                                          "Startup Cost": 95740.40,
                                          "Total Cost": 95870.60,
                                          "Plan Rows": 13020,
                                          "Plan Width": 56,
                                          "Plans": [
                                            {
                                              "Node Type": "Sort",
                                              "Parent Relationship": "Outer",
                                              "Parallel Aware": false,
                                              "Startup Cost": 95740.40,
                                              "Total Cost": 95772.95,
                                              "Plan Rows": 13020,
                                              "Plan Width": 56,
                                              "Sort Key": ["customer_2.c_last_name", "customer_2.c_first_name", "date_dim_2.d_date"],
                                              "Plans": [
                                                {
                                                  "Node Type": "Nested Loop",
                                                  "Parent Relationship": "Outer",
                                                  "Parallel Aware": false,
                                                  "Join Type": "Inner",
                                                  "Startup Cost": 2505.55,
                                                  "Total Cost": 94850.58,
                                                  "Plan Rows": 13020,
                                                  "Plan Width": 56,
                                                  "Inner Unique": true,
                                                  "Plans": [
                                                    {
                                                      "Node Type": "Hash Join",
                                                      "Parent Relationship": "Outer",
                                                      "Parallel Aware": false,
                                                      "Join Type": "Inner",
                                                      "Startup Cost": 2505.26,
                                                      "Total Cost": 90567.35,
                                                      "Plan Rows": 13631,
                                                      "Plan Width": 8,
                                                      "Inner Unique": true,
                                                      "Hash Cond": "(store_sales.ss_sold_date_sk = date_dim_2.d_date_sk)",
                                                      "Plans": [
                                                        {
                                                          "Node Type": "Seq Scan",
                                                          "Parent Relationship": "Outer",
                                                          "Parallel Aware": false,
                                                          "Relation Name": "store_sales",
                                                          "Alias": "store_sales",
                                                          "Startup Cost": 0.00,
                                                          "Total Cost": 80500.49,
                                                          "Plan Rows": 2880449,
                                                          "Plan Width": 8
                                                        },
                                                        {
                                                          "Node Type": "Hash",
                                                          "Parent Relationship": "Inner",
                                                          "Parallel Aware": false,
                                                          "Startup Cost": 2500.73,
                                                          "Total Cost": 2500.73,
                                                          "Plan Rows": 362,
                                                          "Plan Width": 8,
                                                          "Plans": [
                                                            {
                                                              "Node Type": "Seq Scan",
                                                              "Parent Relationship": "Outer",
                                                              "Parallel Aware": false,
                                                              "Relation Name": "date_dim",
                                                              "Alias": "date_dim_2",
                                                              "Startup Cost": 0.00,
                                                              "Total Cost": 2500.73,
                                                              "Plan Rows": 362,
                                                              "Plan Width": 8,
                                                              "Filter": "((d_month_seq >= 1181) AND (d_month_seq <= 1192))"
                                                            }
                                                          ]
                                                        }
                                                      ]
                                                    },
                                                    {
                                                      "Node Type": "Index Scan",
                                                      "Parent Relationship": "Inner",
                                                      "Parallel Aware": false,
                                                      "Scan Direction": "Forward",
                                                      "Index Name": "customer_pkey",
                                                      "Relation Name": "customer",
                                                      "Alias": "customer_2",
                                                      "Startup Cost": 0.29,
                                                      "Total Cost": 0.31,
                                                      "Plan Rows": 1,
                                                      "Plan Width": 56,
                                                      "Index Cond": "(c_customer_sk = store_sales.ss_customer_sk)"
                                                    }
                                                  ]
                                                }
                                              ]
                                            }
                                          ]
                                        }
                                      ]
                                    }
                                  ]
                                }
                              ]
                            }
                          ]
                        }
                      ]
                    }
                  ]
                }
              ]
            }
          ]
        }
      ]
    }
  }
]
SET
