[
  {
    "Plan": {
      "Node Type": "Limit",
      "Parallel Aware": false,
      "Startup Cost": 97151.10,
      "Total Cost": 97151.35,
      "Plan Rows": 100,
      "Plan Width": 152,
      "Plans": [
        {
          "Node Type": "Sort",
          "Parent Relationship": "Outer",
          "Parallel Aware": false,
          "Startup Cost": 97151.10,
          "Total Cost": 97158.48,
          "Plan Rows": 2950,
          "Plan Width": 152,
          "Sort Key": ["customer.c_last_name", "customer.c_first_name", "(substr((ms.s_city)::text, 1, 30))", "ms.profit"],
          "Plans": [
            {
              "Node Type": "Merge Join",
              "Parent Relationship": "Outer",
              "Parallel Aware": false,
              "Join Type": "Inner",
              "Startup Cost": 91359.89,
              "Total Cost": 97038.36,
              "Plan Rows": 2950,
              "Plan Width": 152,
              "Inner Unique": false,
              "Merge Cond": "(customer.c_customer_sk = ms.ss_customer_sk)",
              "Plans": [
                {
                  "Node Type": "Index Scan",
                  "Parent Relationship": "Outer",
                  "Parallel Aware": false,
                  "Scan Direction": "Forward",
                  "Index Name": "customer_pkey",
                  "Relation Name": "customer",
                  "Alias": "customer",
                  "Startup Cost": 0.29,
                  "Total Cost": 5377.13,
                  "Plan Rows": 100000,
                  "Plan Width": 56
                },
                {
                  "Node Type": "Sort",
                  "Parent Relationship": "Inner",
                  "Parallel Aware": false,
                  "Startup Cost": 91359.60,
                  "Total Cost": 91366.97,
                  "Plan Rows": 2950,
                  "Plan Width": 79,
                  "Sort Key": ["ms.ss_customer_sk"],
                  "Plans": [
                    {
                      "Node Type": "Subquery Scan",
                      "Parent Relationship": "Outer",
                      "Parallel Aware": false,
                      "Alias": "ms",
                      "Startup Cost": 91064.21,
                      "Total Cost": 91189.58,
                      "Plan Rows": 2950,
                      "Plan Width": 79,
                      "Plans": [
                        {
                          "Node Type": "Aggregate",
                          "Strategy": "Sorted",
                          "Partial Mode": "Simple",
                          "Parent Relationship": "Subquery",
                          "Parallel Aware": false,
                          "Startup Cost": 91064.21,
                          "Total Cost": 91160.08,
                          "Plan Rows": 2950,
                          "Plan Width": 83,
                          "Group Key": ["store_sales.ss_ticket_number", "store_sales.ss_customer_sk", "store_sales.ss_addr_sk", "store.s_city"],
                          "Plans": [
                            {
                              "Node Type": "Sort",
                              "Parent Relationship": "Outer",
                              "Parallel Aware": false,
                              "Startup Cost": 91064.21,
                              "Total Cost": 91071.58,
                              "Plan Rows": 2950,
                              "Plan Width": 28,
                              "Sort Key": ["store_sales.ss_ticket_number", "store_sales.ss_customer_sk", "store_sales.ss_addr_sk", "store.s_city"],
                              "Plans": [
                                {
                                  "Node Type": "Hash Join",
                                  "Parent Relationship": "Outer",
                                  "Parallel Aware": false,
                                  "Join Type": "Inner",
                                  "Startup Cost": 2805.83,
                                  "Total Cost": 90894.19,
                                  "Plan Rows": 2950,
                                  "Plan Width": 28,
                                  "Inner Unique": true,
                                  "Hash Cond": "(store_sales.ss_store_sk = store.s_store_sk)",
                                  "Plans": [
                                    {
                                      "Node Type": "Hash Join",
                                      "Parent Relationship": "Outer",
                                      "Parallel Aware": false,
                                      "Join Type": "Inner",
                                      "Startup Cost": 2804.50,
                                      "Total Cost": 90882.02,
                                      "Plan Rows": 3088,
                                      "Plan Width": 25,
                                      "Inner Unique": true,
                                      "Hash Cond": "(store_sales.ss_hdemo_sk = household_demographics.hd_demo_sk)",
                                      "Plans": [
                                        {
                                          "Node Type": "Hash Join",
                                          "Parent Relationship": "Outer",
                                          "Parallel Aware": false,
                                          "Join Type": "Inner",
                                          "Startup Cost": 2594.00,
                                          "Total Cost": 90656.09,
                                          "Plan Rows": 5874,
                                          "Plan Width": 29,
                                          "Inner Unique": true,
                                          "Hash Cond": "(store_sales.ss_sold_date_sk = date_dim.d_date_sk)",
                                          "Plans": [
                                            {
                                              "Node Type": "Seq Scan",
                                              "Parent Relationship": "Outer",
                                              "Parallel Aware": false,
                                              "Relation Name": "store_sales",
                                              "Alias": "store_sales",
                                              "Startup Cost": 0.00,
                                              "Total Cost": 80500.49,
                                              "Plan Rows": 2880449,
                                              "Plan Width": 33
                                            },
                                            {
                                              "Node Type": "Hash",
                                              "Parent Relationship": "Inner",
                                              "Parallel Aware": false,
                                              "Startup Cost": 2592.05,
                                              "Total Cost": 2592.05,
                                              "Plan Rows": 156,
                                              "Plan Width": 4,
                                              "Plans": [
                                                {
                                                  "Node Type": "Seq Scan",
                                                  "Parent Relationship": "Outer",
                                                  "Parallel Aware": false,
                                                  "Relation Name": "date_dim",
                                                  "Alias": "date_dim",
                                                  "Startup Cost": 0.00,
                                                  "Total Cost": 2592.05,
                                                  "Plan Rows": 156,
                                                  "Plan Width": 4,
                                                  "Filter": "((d_dow = 1) AND (d_year = ANY ('{2000,2001,2002}'::integer[])))"
                                                }
                                              ]
                                            }
                                          ]
                                        },
                                        {
                                          "Node Type": "Hash",
                                          "Parent Relationship": "Inner",
                                          "Parallel Aware": false,
                                          "Startup Cost": 161.00,
                                          "Total Cost": 161.00,
                                          "Plan Rows": 3960,
                                          "Plan Width": 4,
                                          "Plans": [
                                            {
                                              "Node Type": "Seq Scan",
                                              "Parent Relationship": "Outer",
                                              "Parallel Aware": false,
                                              "Relation Name": "household_demographics",
                                              "Alias": "household_demographics",
                                              "Startup Cost": 0.00,
                                              "Total Cost": 161.00,
                                              "Plan Rows": 3960,
                                              "Plan Width": 4,
                                              "Filter": "((hd_dep_count = 2) OR (hd_vehicle_count > 1))"
                                            }
                                          ]
                                        }
                                      ]
                                    },
                                    {
                                      "Node Type": "Hash",
                                      "Parent Relationship": "Inner",
                                      "Parallel Aware": false,
                                      "Startup Cost": 1.18,
                                      "Total Cost": 1.18,
                                      "Plan Rows": 12,
                                      "Plan Width": 11,
                                      "Plans": [
                                        {
                                          "Node Type": "Seq Scan",
                                          "Parent Relationship": "Outer",
                                          "Parallel Aware": false,
                                          "Relation Name": "store",
                                          "Alias": "store",
                                          "Startup Cost": 0.00,
                                          "Total Cost": 1.18,
                                          "Plan Rows": 12,
                                          "Plan Width": 11,
                                          "Filter": "((s_number_employees >= 200) AND (s_number_employees <= 295))"
                                        }
                                      ]
                                    }
                                  ]
                                }
                              ]
                            }
                          ]
                        }
                      ]
                    }
                  ]
                }
              ]
            }
          ]
        }
      ]
    }
  }
]
SET
