[
  {
    "Plan": {
      "Node Type": "Limit",
      "Parallel Aware": false,
      "Startup Cost": 20250.82,
      "Total Cost": 20250.84,
      "Plan Rows": 6,
      "Plan Width": 236,
      "Plans": [
        {
          "Node Type": "Aggregate",
          "Strategy": "Sorted",
          "Partial Mode": "Simple",
          "Parent Relationship": "InitPlan",
          "Subplan Name": "CTE customer_total_return",
          "Parallel Aware": false,
          "Startup Cost": 7297.11,
          "Total Cost": 7312.97,
          "Plan Rows": 705,
          "Plan Width": 39,
          "Group Key": ["catalog_returns.cr_returning_customer_sk", "customer_address_1.ca_state"],
          "Plans": [
            {
              "Node Type": "Sort",
              "Parent Relationship": "Outer",
              "Parallel Aware": false,
              "Startup Cost": 7297.11,
              "Total Cost": 7298.87,
              "Plan Rows": 705,
              "Plan Width": 13,
              "Sort Key": ["catalog_returns.cr_returning_customer_sk", "customer_address_1.ca_state"],
              "Plans": [
                {
                  "Node Type": "Nested Loop",
                  "Parent Relationship": "Outer",
                  "Parallel Aware": false,
                  "Join Type": "Inner",
                  "Startup Cost": 2322.95,
                  "Total Cost": 7263.76,
                  "Plan Rows": 705,
                  "Plan Width": 13,
                  "Inner Unique": true,
                  "Plans": [
                    {
                      "Node Type": "Hash Join",
                      "Parent Relationship": "Outer",
                      "Parallel Aware": false,
                      "Join Type": "Inner",
                      "Startup Cost": 2322.66,
                      "Total Cost": 7018.53,
                      "Plan Rows": 718,
                      "Plan Width": 14,
                      "Inner Unique": true,
                      "Hash Cond": "(catalog_returns.cr_returned_date_sk = date_dim.d_date_sk)",
                      "Plans": [
                        {
                          "Node Type": "Seq Scan",
                          "Parent Relationship": "Outer",
                          "Parallel Aware": false,
                          "Relation Name": "catalog_returns",
                          "Alias": "catalog_returns",
                          "Startup Cost": 0.00,
                          "Total Cost": 4317.67,
                          "Plan Rows": 144067,
                          "Plan Width": 18
                        },
                        {
                          "Node Type": "Hash",
                          "Parent Relationship": "Inner",
                          "Parallel Aware": false,
                          "Startup Cost": 2318.11,
                          "Total Cost": 2318.11,
                          "Plan Rows": 364,
                          "Plan Width": 4,
                          "Plans": [
                            {
                              "Node Type": "Seq Scan",
                              "Parent Relationship": "Outer",
                              "Parallel Aware": false,
                              "Relation Name": "date_dim",
                              "Alias": "date_dim",
                              "Startup Cost": 0.00,
                              "Total Cost": 2318.11,
                              "Plan Rows": 364,
                              "Plan Width": 4,
                              "Filter": "(d_year = 2001)"
                            }
                          ]
                        }
                      ]
                    },
                    {
                      "Node Type": "Index Scan",
                      "Parent Relationship": "Inner",
                      "Parallel Aware": false,
                      "Scan Direction": "Forward",
                      "Index Name": "customer_address_pkey",
                      "Relation Name": "customer_address",
                      "Alias": "customer_address_1",
                      "Startup Cost": 0.29,
                      "Total Cost": 0.34,
                      "Plan Rows": 1,
                      "Plan Width": 7,
                      "Index Cond": "(ca_address_sk = catalog_returns.cr_returning_addr_sk)"
                    }
                  ]
                }
              ]
            }
          ]
        },
        {
          "Node Type": "Sort",
          "Parent Relationship": "Outer",
          "Parallel Aware": false,
          "Startup Cost": 12937.85,
          "Total Cost": 12937.87,
          "Plan Rows": 6,
          "Plan Width": 236,
          "Sort Key": ["customer.c_customer_id", "customer.c_salutation", "customer.c_first_name", "customer.c_last_name", "customer_address.ca_street_number", "customer_address.ca_street_name", "customer_address.ca_street_type", "customer_address.ca_suite_number", "customer_address.ca_city", "customer_address.ca_county", "customer_address.ca_zip", "customer_address.ca_country", "customer_address.ca_gmt_offset", "customer_address.ca_location_type", "ctr1.ctr_total_return"],
          "Plans": [
            {
              "Node Type": "Nested Loop",
              "Parent Relationship": "Outer",
              "Parallel Aware": false,
              "Join Type": "Inner",
              "Startup Cost": 0.58,
              "Total Cost": 12937.77,
              "Plan Rows": 6,
              "Plan Width": 236,
              "Inner Unique": true,
              "Plans": [
                {
                  "Node Type": "Nested Loop",
                  "Parent Relationship": "Outer",
                  "Parallel Aware": false,
                  "Join Type": "Inner",
                  "Startup Cost": 0.29,
                  "Total Cost": 12853.40,
                  "Plan Rows": 235,
                  "Plan Width": 116,
                  "Inner Unique": true,
                  "Plans": [
                    {
                      "Node Type": "CTE Scan",
                      "Parent Relationship": "Outer",
                      "Parallel Aware": false,
                      "CTE Name": "customer_total_return",
                      "Alias": "ctr1",
                      "Startup Cost": 0.00,
                      "Total Cost": 11216.55,
                      "Plan Rows": 235,
                      "Plan Width": 36,
                      "Filter": "(ctr_total_return > (SubPlan 2))",
                      "Plans": [
                        {
                          "Node Type": "Aggregate",
                          "Strategy": "Plain",
                          "Partial Mode": "Simple",
                          "Parent Relationship": "SubPlan",
                          "Subplan Name": "SubPlan 2",
                          "Parallel Aware": false,
                          "Startup Cost": 15.87,
                          "Total Cost": 15.89,
                          "Plan Rows": 1,
                          "Plan Width": 32,
                          "Plans": [
                            {
                              "Node Type": "CTE Scan",
                              "Parent Relationship": "Outer",
                              "Parallel Aware": false,
                              "CTE Name": "customer_total_return",
                              "Alias": "ctr2",
                              "Startup Cost": 0.00,
                              "Total Cost": 15.86,
                              "Plan Rows": 4,
                              "Plan Width": 32,
                              "Filter": "(ctr1.ctr_state = ctr_state)"
                            }
                          ]
                        }
                      ]
                    },
                    {
                      "Node Type": "Index Scan",
                      "Parent Relationship": "Inner",
                      "Parallel Aware": false,
                      "Scan Direction": "Forward",
                      "Index Name": "customer_pkey",
                      "Relation Name": "customer",
                      "Alias": "customer",
                      "Startup Cost": 0.29,
                      "Total Cost": 6.97,
                      "Plan Rows": 1,
                      "Plan Width": 88,
                      "Index Cond": "(c_customer_sk = ctr1.ctr_customer_sk)"
                    }
                  ]
                },
                {
                  "Node Type": "Index Scan",
                  "Parent Relationship": "Inner",
                  "Parallel Aware": false,
                  "Scan Direction": "Forward",
                  "Index Name": "customer_address_pkey",
                  "Relation Name": "customer_address",
                  "Alias": "customer_address",
                  "Startup Cost": 0.29,
                  "Total Cost": 0.36,
                  "Plan Rows": 1,
                  "Plan Width": 128,
                  "Index Cond": "(ca_address_sk = customer.c_current_addr_sk)",
                  "Filter": "(ca_state = 'MN'::bpchar)"
                }
              ]
            }
          ]
        }
      ]
    }
  }
]
SET
