[
  {
    "Plan": {
      "Node Type": "Limit",
      "Parallel Aware": false,
      "Startup Cost": 46131.20,
      "Total Cost": 46131.21,
      "Plan Rows": 3,
      "Plan Width": 84,
      "Plans": [
        {
          "Node Type": "Sort",
          "Parent Relationship": "Outer",
          "Parallel Aware": false,
          "Startup Cost": 46131.20,
          "Total Cost": 46131.21,
          "Plan Rows": 3,
          "Plan Width": 84,
          "Sort Key": ["('web'::text)", "web.return_rank", "web.currency_rank", "web.item"],
          "Plans": [
            {
              "Node Type": "Aggregate",
              "Strategy": "Hashed",
              "Partial Mode": "Simple",
              "Parent Relationship": "Outer",
              "Parallel Aware": false,
              "Startup Cost": 46131.11,
              "Total Cost": 46131.14,
              "Plan Rows": 3,
              "Plan Width": 84,
              "Group Key": ["('web'::text)", "web.item", "web.return_ratio", "web.return_rank", "web.currency_rank"],
              "Plans": [
                {
                  "Node Type": "Append",
                  "Parent Relationship": "Outer",
                  "Parallel Aware": false,
                  "Startup Cost": 7467.59,
                  "Total Cost": 46131.08,
                  "Plan Rows": 3,
                  "Plan Width": 84,
                  "Plans": [
                    {
                      "Node Type": "Subquery Scan",
                      "Parent Relationship": "Member",
                      "Parallel Aware": false,
                      "Alias": "web",
                      "Startup Cost": 7467.59,
                      "Total Cost": 7467.63,
                      "Plan Rows": 1,
                      "Plan Width": 84,
                      "Filter": "((web.return_rank <= 10) OR (web.currency_rank <= 10))",
                      "Plans": [
                        {
                          "Node Type": "WindowAgg",
                          "Parent Relationship": "Subquery",
                          "Parallel Aware": false,
                          "Startup Cost": 7467.59,
                          "Total Cost": 7467.61,
                          "Plan Rows": 1,
                          "Plan Width": 84,
                          "Plans": [
                            {
                              "Node Type": "Sort",
                              "Parent Relationship": "Outer",
                              "Parallel Aware": false,
                              "Startup Cost": 7467.59,
                              "Total Cost": 7467.60,
                              "Plan Rows": 1,
                              "Plan Width": 76,
                              "Sort Key": ["in_web.currency_ratio"],
                              "Plans": [
                                {
                                  "Node Type": "WindowAgg",
                                  "Parent Relationship": "Outer",
                                  "Parallel Aware": false,
                                  "Startup Cost": 7467.56,
                                  "Total Cost": 7467.58,
                                  "Plan Rows": 1,
                                  "Plan Width": 76,
                                  "Plans": [
                                    {
                                      "Node Type": "Sort",
                                      "Parent Relationship": "Outer",
                                      "Parallel Aware": false,
                                      "Startup Cost": 7467.56,
                                      "Total Cost": 7467.57,
                                      "Plan Rows": 1,
                                      "Plan Width": 68,
                                      "Sort Key": ["in_web.return_ratio"],
                                      "Plans": [
                                        {
                                          "Node Type": "Subquery Scan",
                                          "Parent Relationship": "Outer",
                                          "Parallel Aware": false,
                                          "Alias": "in_web",
                                          "Startup Cost": 7467.49,
                                          "Total Cost": 7467.55,
                                          "Plan Rows": 1,
                                          "Plan Width": 68,
                                          "Plans": [
                                            {
                                              "Node Type": "Aggregate",
                                              "Strategy": "Sorted",
                                              "Partial Mode": "Simple",
                                              "Parent Relationship": "Subquery",
                                              "Parallel Aware": false,
                                              "Startup Cost": 7467.49,
                                              "Total Cost": 7467.54,
                                              "Plan Rows": 1,
                                              "Plan Width": 68,
                                              "Group Key": ["ws.ws_item_sk"],
                                              "Plans": [
                                                {
                                                  "Node Type": "Sort",
                                                  "Parent Relationship": "Outer",
                                                  "Parallel Aware": false,
                                                  "Startup Cost": 7467.49,
                                                  "Total Cost": 7467.50,
                                                  "Plan Rows": 1,
                                                  "Plan Width": 24,
                                                  "Sort Key": ["ws.ws_item_sk"],
                                                  "Plans": [
                                                    {
                                                      "Node Type": "Nested Loop",
                                                      "Parent Relationship": "Outer",
                                                      "Parallel Aware": false,
                                                      "Join Type": "Inner",
                                                      "Startup Cost": 0.72,
                                                      "Total Cost": 7467.48,
                                                      "Plan Rows": 1,
                                                      "Plan Width": 24,
                                                      "Inner Unique": true,
                                                      "Plans": [
                                                        {
                                                          "Node Type": "Nested Loop",
                                                          "Parent Relationship": "Outer",
                                                          "Parallel Aware": false,
                                                          "Join Type": "Inner",
                                                          "Startup Cost": 0.42,
                                                          "Total Cost": 7467.14,
                                                          "Plan Rows": 1,
                                                          "Plan Width": 28,
                                                          "Inner Unique": true,
                                                          "Plans": [
                                                            {
                                                              "Node Type": "Seq Scan",
                                                              "Parent Relationship": "Outer",
                                                              "Parallel Aware": false,
                                                              "Relation Name": "web_returns",
                                                              "Alias": "wr",
                                                              "Startup Cost": 0.00,
                                                              "Total Cost": 2224.04,
                                                              "Plan Rows": 661,
                                                              "Plan Width": 18,
                                                              "Filter": "(wr_return_amt > '10000'::numeric)"
                                                            },
                                                            {
                                                              "Node Type": "Index Scan",
                                                              "Parent Relationship": "Inner",
                                                              "Parallel Aware": false,
                                                              "Scan Direction": "Forward",
                                                              "Index Name": "web_sales_pkey",
                                                              "Relation Name": "web_sales",
                                                              "Alias": "ws",
                                                              "Startup Cost": 0.42,
                                                              "Total Cost": 7.93,
                                                              "Plan Rows": 1,
                                                              "Plan Width": 22,
                                                              "Index Cond": "((ws_item_sk = wr.wr_item_sk) AND (ws_order_number = wr.wr_order_number))",
                                                              "Filter": "((ws_net_profit > '1'::numeric) AND (ws_net_paid > '0'::numeric) AND (ws_quantity > 0))"
                                                            }
                                                          ]
                                                        },
                                                        {
                                                          "Node Type": "Index Scan",
                                                          "Parent Relationship": "Inner",
                                                          "Parallel Aware": false,
                                                          "Scan Direction": "Forward",
                                                          "Index Name": "date_dim_pkey",
                                                          "Relation Name": "date_dim",
                                                          "Alias": "date_dim",
                                                          "Startup Cost": 0.29,
                                                          "Total Cost": 0.34,
                                                          "Plan Rows": 1,
                                                          "Plan Width": 4,
                                                          "Index Cond": "(d_date_sk = ws.ws_sold_date_sk)",
                                                          "Filter": "((d_year = 2000) AND (d_moy = 11))"
                                                        }
                                                      ]
                                                    }
                                                  ]
                                                }
                                              ]
                                            }
                                          ]
                                        }
                                      ]
                                    }
                                  ]
                                }
                              ]
                            }
                          ]
                        }
                      ]
                    },
                    {
                      "Node Type": "Subquery Scan",
                      "Parent Relationship": "Member",
                      "Parallel Aware": false,
                      "Alias": "catalog",
                      "Startup Cost": 15440.17,
                      "Total Cost": 15440.20,
                      "Plan Rows": 1,
                      "Plan Width": 84,
                      "Filter": "((catalog.return_rank <= 10) OR (catalog.currency_rank <= 10))",
                      "Plans": [
                        {
                          "Node Type": "WindowAgg",
                          "Parent Relationship": "Subquery",
                          "Parallel Aware": false,
                          "Startup Cost": 15440.17,
                          "Total Cost": 15440.19,
                          "Plan Rows": 1,
                          "Plan Width": 84,
                          "Plans": [
                            {
                              "Node Type": "Sort",
                              "Parent Relationship": "Outer",
                              "Parallel Aware": false,
                              "Startup Cost": 15440.17,
                              "Total Cost": 15440.17,
                              "Plan Rows": 1,
                              "Plan Width": 76,
                              "Sort Key": ["in_cat.currency_ratio"],
                              "Plans": [
                                {
                                  "Node Type": "WindowAgg",
                                  "Parent Relationship": "Outer",
                                  "Parallel Aware": false,
                                  "Startup Cost": 15440.14,
                                  "Total Cost": 15440.16,
                                  "Plan Rows": 1,
                                  "Plan Width": 76,
                                  "Plans": [
                                    {
                                      "Node Type": "Sort",
                                      "Parent Relationship": "Outer",
                                      "Parallel Aware": false,
                                      "Startup Cost": 15440.14,
                                      "Total Cost": 15440.14,
                                      "Plan Rows": 1,
                                      "Plan Width": 68,
                                      "Sort Key": ["in_cat.return_ratio"],
                                      "Plans": [
                                        {
                                          "Node Type": "Subquery Scan",
                                          "Parent Relationship": "Outer",
                                          "Parallel Aware": false,
                                          "Alias": "in_cat",
                                          "Startup Cost": 15440.07,
                                          "Total Cost": 15440.13,
                                          "Plan Rows": 1,
                                          "Plan Width": 68,
                                          "Plans": [
                                            {
                                              "Node Type": "Aggregate",
                                              "Strategy": "Sorted",
                                              "Partial Mode": "Simple",
                                              "Parent Relationship": "Subquery",
                                              "Parallel Aware": false,
                                              "Startup Cost": 15440.07,
                                              "Total Cost": 15440.12,
                                              "Plan Rows": 1,
                                              "Plan Width": 68,
                                              "Group Key": ["cs.cs_item_sk"],
                                              "Plans": [
                                                {
                                                  "Node Type": "Sort",
                                                  "Parent Relationship": "Outer",
                                                  "Parallel Aware": false,
                                                  "Startup Cost": 15440.07,
                                                  "Total Cost": 15440.07,
                                                  "Plan Rows": 1,
                                                  "Plan Width": 24,
                                                  "Sort Key": ["cs.cs_item_sk"],
                                                  "Plans": [
                                                    {
                                                      "Node Type": "Nested Loop",
                                                      "Parent Relationship": "Outer",
                                                      "Parallel Aware": false,
                                                      "Join Type": "Inner",
                                                      "Startup Cost": 0.72,
                                                      "Total Cost": 15440.06,
                                                      "Plan Rows": 1,
                                                      "Plan Width": 24,
                                                      "Inner Unique": true,
                                                      "Plans": [
                                                        {
                                                          "Node Type": "Nested Loop",
                                                          "Parent Relationship": "Outer",
                                                          "Parallel Aware": false,
                                                          "Join Type": "Inner",
                                                          "Startup Cost": 0.43,
                                                          "Total Cost": 15439.73,
                                                          "Plan Rows": 1,
                                                          "Plan Width": 28,
                                                          "Inner Unique": true,
                                                          "Plans": [
                                                            {
                                                              "Node Type": "Seq Scan",
                                                              "Parent Relationship": "Outer",
                                                              "Parallel Aware": false,
                                                              "Relation Name": "catalog_returns",
                                                              "Alias": "cr",
                                                              "Startup Cost": 0.00,
                                                              "Total Cost": 4677.84,
                                                              "Plan Rows": 1358,
                                                              "Plan Width": 18,
                                                              "Filter": "(cr_return_amount > '10000'::numeric)"
                                                            },
                                                            {
                                                              "Node Type": "Index Scan",
                                                              "Parent Relationship": "Inner",
                                                              "Parallel Aware": false,
                                                              "Scan Direction": "Forward",
                                                              "Index Name": "catalog_sales_pkey",
                                                              "Relation Name": "catalog_sales",
                                                              "Alias": "cs",
                                                              "Startup Cost": 0.43,
                                                              "Total Cost": 7.92,
                                                              "Plan Rows": 1,
                                                              "Plan Width": 22,
                                                              "Index Cond": "((cs_item_sk = cr.cr_item_sk) AND (cs_order_number = cr.cr_order_number))",
                                                              "Filter": "((cs_net_profit > '1'::numeric) AND (cs_net_paid > '0'::numeric) AND (cs_quantity > 0))"
                                                            }
                                                          ]
                                                        },
                                                        {
                                                          "Node Type": "Index Scan",
                                                          "Parent Relationship": "Inner",
                                                          "Parallel Aware": false,
                                                          "Scan Direction": "Forward",
                                                          "Index Name": "date_dim_pkey",
                                                          "Relation Name": "date_dim",
                                                          "Alias": "date_dim_1",
                                                          "Startup Cost": 0.29,
                                                          "Total Cost": 0.33,
                                                          "Plan Rows": 1,
                                                          "Plan Width": 4,
                                                          "Index Cond": "(d_date_sk = cs.cs_sold_date_sk)",
                                                          "Filter": "((d_year = 2000) AND (d_moy = 11))"
                                                        }
                                                      ]
                                                    }
                                                  ]
                                                }
                                              ]
                                            }
                                          ]
                                        }
                                      ]
                                    }
                                  ]
                                }
                              ]
                            }
                          ]
                        }
                      ]
                    },
                    {
                      "Node Type": "Subquery Scan",
                      "Parent Relationship": "Member",
                      "Parallel Aware": false,
                      "Alias": "store",
                      "Startup Cost": 23223.16,
                      "Total Cost": 23223.20,
                      "Plan Rows": 1,
                      "Plan Width": 84,
                      "Filter": "((store.return_rank <= 10) OR (store.currency_rank <= 10))",
                      "Plans": [
                        {
                          "Node Type": "WindowAgg",
                          "Parent Relationship": "Subquery",
                          "Parallel Aware": false,
                          "Startup Cost": 23223.16,
                          "Total Cost": 23223.18,
                          "Plan Rows": 1,
                          "Plan Width": 84,
                          "Plans": [
                            {
                              "Node Type": "Sort",
                              "Parent Relationship": "Outer",
                              "Parallel Aware": false,
                              "Startup Cost": 23223.16,
                              "Total Cost": 23223.17,
                              "Plan Rows": 1,
                              "Plan Width": 76,
                              "Sort Key": ["in_store.currency_ratio"],
                              "Plans": [
                                {
                                  "Node Type": "WindowAgg",
                                  "Parent Relationship": "Outer",
                                  "Parallel Aware": false,
                                  "Startup Cost": 23223.13,
                                  "Total Cost": 23223.15,
                                  "Plan Rows": 1,
                                  "Plan Width": 76,
                                  "Plans": [
                                    {
                                      "Node Type": "Sort",
                                      "Parent Relationship": "Outer",
                                      "Parallel Aware": false,
                                      "Startup Cost": 23223.13,
                                      "Total Cost": 23223.14,
                                      "Plan Rows": 1,
                                      "Plan Width": 68,
                                      "Sort Key": ["in_store.return_ratio"],
                                      "Plans": [
                                        {
                                          "Node Type": "Subquery Scan",
                                          "Parent Relationship": "Outer",
                                          "Parallel Aware": false,
                                          "Alias": "in_store",
                                          "Startup Cost": 23223.06,
                                          "Total Cost": 23223.12,
                                          "Plan Rows": 1,
                                          "Plan Width": 68,
                                          "Plans": [
                                            {
                                              "Node Type": "Aggregate",
                                              "Strategy": "Sorted",
                                              "Partial Mode": "Simple",
                                              "Parent Relationship": "Subquery",
                                              "Parallel Aware": false,
                                              "Startup Cost": 23223.06,
                                              "Total Cost": 23223.11,
                                              "Plan Rows": 1,
                                              "Plan Width": 68,
                                              "Group Key": ["sts.ss_item_sk"],
                                              "Plans": [
                                                {
                                                  "Node Type": "Sort",
                                                  "Parent Relationship": "Outer",
                                                  "Parallel Aware": false,
                                                  "Startup Cost": 23223.06,
                                                  "Total Cost": 23223.07,
                                                  "Plan Rows": 1,
                                                  "Plan Width": 24,
                                                  "Sort Key": ["sts.ss_item_sk"],
                                                  "Plans": [
                                                    {
                                                      "Node Type": "Nested Loop",
                                                      "Parent Relationship": "Outer",
                                                      "Parallel Aware": false,
                                                      "Join Type": "Inner",
                                                      "Startup Cost": 0.72,
                                                      "Total Cost": 23223.05,
                                                      "Plan Rows": 1,
                                                      "Plan Width": 24,
                                                      "Inner Unique": true,
                                                      "Plans": [
                                                        {
                                                          "Node Type": "Nested Loop",
                                                          "Parent Relationship": "Outer",
                                                          "Parallel Aware": false,
                                                          "Join Type": "Inner",
                                                          "Startup Cost": 0.43,
                                                          "Total Cost": 23222.73,
                                                          "Plan Rows": 1,
                                                          "Plan Width": 28,
                                                          "Inner Unique": true,
                                                          "Plans": [
                                                            {
                                                              "Node Type": "Seq Scan",
                                                              "Parent Relationship": "Outer",
                                                              "Parallel Aware": false,
                                                              "Relation Name": "store_returns",
                                                              "Alias": "sr",
                                                              "Startup Cost": 0.00,
                                                              "Total Cost": 8384.92,
                                                              "Plan Rows": 1840,
                                                              "Plan Width": 18,
                                                              "Filter": "(sr_return_amt > '10000'::numeric)"
                                                            },
                                                            {
                                                              "Node Type": "Index Scan",
                                                              "Parent Relationship": "Inner",
                                                              "Parallel Aware": false,
                                                              "Scan Direction": "Forward",
                                                              "Index Name": "store_sales_pkey",
                                                              "Relation Name": "store_sales",
                                                              "Alias": "sts",
                                                              "Startup Cost": 0.43,
                                                              "Total Cost": 8.06,
                                                              "Plan Rows": 1,
                                                              "Plan Width": 22,
                                                              "Index Cond": "((ss_item_sk = sr.sr_item_sk) AND (ss_ticket_number = sr.sr_ticket_number))",
                                                              "Filter": "((ss_net_profit > '1'::numeric) AND (ss_net_paid > '0'::numeric) AND (ss_quantity > 0))"
                                                            }
                                                          ]
                                                        },
                                                        {
                                                          "Node Type": "Index Scan",
                                                          "Parent Relationship": "Inner",
                                                          "Parallel Aware": false,
                                                          "Scan Direction": "Forward",
                                                          "Index Name": "date_dim_pkey",
                                                          "Relation Name": "date_dim",
                                                          "Alias": "date_dim_2",
                                                          "Startup Cost": 0.29,
                                                          "Total Cost": 0.33,
                                                          "Plan Rows": 1,
                                                          "Plan Width": 4,
                                                          "Index Cond": "(d_date_sk = sts.ss_sold_date_sk)",
                                                          "Filter": "((d_year = 2000) AND (d_moy = 11))"
                                                        }
                                                      ]
                                                    }
                                                  ]
                                                }
                                              ]
                                            }
                                          ]
                                        }
                                      ]
                                    }
                                  ]
                                }
                              ]
                            }
                          ]
                        }
                      ]
                    }
                  ]
                }
              ]
            }
          ]
        }
      ]
    }
  }
]
SET
