[
  {
    "Plan": {
      "Node Type": "Limit",
      "Parallel Aware": false,
      "Startup Cost": 68966.20,
      "Total Cost": 68966.20,
      "Plan Rows": 1,
      "Plan Width": 72,
      "Plans": [
        {
          "Node Type": "Sort",
          "Parent Relationship": "Outer",
          "Parallel Aware": false,
          "Startup Cost": 68966.20,
          "Total Cost": 68966.20,
          "Plan Rows": 1,
          "Plan Width": 72,
          "Sort Key": ["(count(DISTINCT cs1.cs_order_number))"],
          "Plans": [
            {
              "Node Type": "Aggregate",
              "Strategy": "Plain",
              "Partial Mode": "Simple",
              "Parent Relationship": "Outer",
              "Parallel Aware": false,
              "Startup Cost": 68966.18,
              "Total Cost": 68966.19,
              "Plan Rows": 1,
              "Plan Width": 72,
              "Plans": [
                {
                  "Node Type": "Nested Loop",
                  "Parent Relationship": "Outer",
                  "Parallel Aware": false,
                  "Join Type": "Anti",
                  "Startup Cost": 1713.58,
                  "Total Cost": 68966.16,
                  "Plan Rows": 1,
                  "Plan Width": 16,
                  "Inner Unique": false,
                  "Plans": [
                    {
                      "Node Type": "Nested Loop",
                      "Parent Relationship": "Outer",
                      "Parallel Aware": false,
                      "Join Type": "Semi",
                      "Startup Cost": 1713.16,
                      "Total Cost": 68199.32,
                      "Plan Rows": 1,
                      "Plan Width": 16,
                      "Inner Unique": false,
                      "Plans": [
                        {
                          "Node Type": "Nested Loop",
                          "Parent Relationship": "Outer",
                          "Parallel Aware": false,
                          "Join Type": "Inner",
                          "Startup Cost": 1712.73,
                          "Total Cost": 57385.88,
                          "Plan Rows": 1,
                          "Plan Width": 20,
                          "Inner Unique": true,
                          "Plans": [
                            {
                              "Node Type": "Nested Loop",
                              "Parent Relationship": "Outer",
                              "Parallel Aware": false,
                              "Join Type": "Inner",
                              "Startup Cost": 1712.44,
                              "Total Cost": 57332.84,
                              "Plan Rows": 166,
                              "Plan Width": 24,
                              "Inner Unique": false,
                              "Join Filter": "(cs1.cs_call_center_sk = call_center.cc_call_center_sk)",
                              "Plans": [
                                {
                                  "Node Type": "Seq Scan",
                                  "Parent Relationship": "Outer",
                                  "Parallel Aware": false,
                                  "Relation Name": "call_center",
                                  "Alias": "call_center",
                                  "Startup Cost": 0.00,
                                  "Total Cost": 1.10,
                                  "Plan Rows": 1,
                                  "Plan Width": 4,
                                  "Filter": "((cc_county)::text = ANY ('{\"Daviess County\",\"Wadena County\",\"Richland County\",\"Bronx County\",\"Franklin Parish\"}'::text[]))"
                                },
                                {
                                  "Node Type": "Hash Join",
                                  "Parent Relationship": "Inner",
                                  "Parallel Aware": false,
                                  "Join Type": "Inner",
                                  "Startup Cost": 1712.44,
                                  "Total Cost": 57319.20,
                                  "Plan Rows": 1004,
                                  "Plan Width": 28,
                                  "Inner Unique": true,
                                  "Hash Cond": "(cs1.cs_ship_addr_sk = customer_address.ca_address_sk)",
                                  "Plans": [
                                    {
                                      "Node Type": "Seq Scan",
                                      "Parent Relationship": "Outer",
                                      "Parallel Aware": false,
                                      "Relation Name": "catalog_sales",
                                      "Alias": "cs1",
                                      "Startup Cost": 0.00,
                                      "Total Cost": 51821.98,
                                      "Plan Rows": 1441698,
                                      "Plan Width": 32
                                    },
                                    {
                                      "Node Type": "Hash",
                                      "Parent Relationship": "Inner",
                                      "Parallel Aware": false,
                                      "Startup Cost": 1712.00,
                                      "Total Cost": 1712.00,
                                      "Plan Rows": 35,
                                      "Plan Width": 4,
                                      "Plans": [
                                        {
                                          "Node Type": "Seq Scan",
                                          "Parent Relationship": "Outer",
                                          "Parallel Aware": false,
                                          "Relation Name": "customer_address",
                                          "Alias": "customer_address",
                                          "Startup Cost": 0.00,
                                          "Total Cost": 1712.00,
                                          "Plan Rows": 35,
                                          "Plan Width": 4,
                                          "Filter": "(ca_state = 'DE'::bpchar)"
                                        }
                                      ]
                                    }
                                  ]
                                }
                              ]
                            },
                            {
                              "Node Type": "Index Scan",
                              "Parent Relationship": "Inner",
                              "Parallel Aware": false,
                              "Scan Direction": "Forward",
                              "Index Name": "date_dim_pkey",
                              "Relation Name": "date_dim",
                              "Alias": "date_dim",
                              "Startup Cost": 0.29,
                              "Total Cost": 0.32,
                              "Plan Rows": 1,
                              "Plan Width": 4,
                              "Index Cond": "(d_date_sk = cs1.cs_ship_date_sk)",
                              "Filter": "((d_date >= '1999-05-01'::date) AND (d_date <= '1999-06-30'::date))"
                            }
                          ]
                        },
                        {
                          "Node Type": "Index Scan",
                          "Parent Relationship": "Inner",
                          "Parallel Aware": false,
                          "Scan Direction": "Forward",
                          "Index Name": "catalog_sales_pkey",
                          "Relation Name": "catalog_sales",
                          "Alias": "cs2",
                          "Startup Cost": 0.43,
                          "Total Cost": 10813.43,
                          "Plan Rows": 10,
                          "Plan Width": 8,
                          "Index Cond": "(cs_order_number = cs1.cs_order_number)",
                          "Filter": "(cs1.cs_warehouse_sk <> cs_warehouse_sk)"
                        }
                      ]
                    },
                    {
                      "Node Type": "Index Only Scan",
                      "Parent Relationship": "Inner",
                      "Parallel Aware": false,
                      "Scan Direction": "Forward",
                      "Index Name": "catalog_returns_pkey",
                      "Relation Name": "catalog_returns",
                      "Alias": "cr1",
                      "Startup Cost": 0.42,
                      "Total Cost": 1080.95,
                      "Plan Rows": 2,
                      "Plan Width": 4,
                      "Index Cond": "(cr_order_number = cs1.cs_order_number)"
                    }
                  ]
                }
              ]
            }
          ]
        }
      ]
    }
  }
]
SET
