[
  {
    "Plan": {
      "Node Type": "Limit",
      "Parallel Aware": false,
      "Startup Cost": 181656.45,
      "Total Cost": 181656.46,
      "Plan Rows": 3,
      "Plan Width": 129,
      "Plans": [
        {
          "Node Type": "Sort",
          "Parent Relationship": "Outer",
          "Parallel Aware": false,
          "Startup Cost": 181656.45,
          "Total Cost": 181656.46,
          "Plan Rows": 3,
          "Plan Width": 129,
          "Sort Key": ["((GROUPING(store.s_state) + GROUPING(store.s_county))) DESC", "(CASE WHEN (((GROUPING(store.s_state) + GROUPING(store.s_county))) = 0) THEN store.s_state ELSE NULL::bpchar END)", "(rank() OVER (?))"],
          "Plans": [
            {
              "Node Type": "WindowAgg",
              "Parent Relationship": "Outer",
              "Parallel Aware": false,
              "Startup Cost": 181656.33,
              "Total Cost": 181656.43,
              "Plan Rows": 3,
              "Plan Width": 129,
              "Plans": [
                {
                  "Node Type": "Sort",
                  "Parent Relationship": "Outer",
                  "Parallel Aware": false,
                  "Startup Cost": 181656.33,
                  "Total Cost": 181656.34,
                  "Plan Rows": 3,
                  "Plan Width": 97,
                  "Sort Key": ["((GROUPING(store.s_state) + GROUPING(store.s_county)))", "(CASE WHEN (GROUPING(store.s_county) = 0) THEN store.s_state ELSE NULL::bpchar END)", "(sum(store_sales.ss_net_profit)) DESC"],
                  "Plans": [
                    {
                      "Node Type": "Aggregate",
                      "Strategy": "Mixed",
                      "Partial Mode": "Simple",
                      "Parent Relationship": "Outer",
                      "Parallel Aware": false,
                      "Startup Cost": 93188.14,
                      "Total Cost": 181656.30,
                      "Plan Rows": 3,
                      "Plan Width": 97,
                      "Grouping Sets": [
                        {
                          "Hash Keys": [
                            ["store.s_state", "store.s_county"]
                          ]
                        },
                        {
                          "Hash Keys": [
                            ["store.s_state"]
                          ]
                        },
                        {
                          "Group Keys": [
                            []
                          ]
                        }
                      ],
                      "Plans": [
                        {
                          "Node Type": "Nested Loop",
                          "Parent Relationship": "Outer",
                          "Parallel Aware": false,
                          "Join Type": "Inner",
                          "Startup Cost": 93188.14,
                          "Total Cost": 181460.91,
                          "Plan Rows": 13023,
                          "Plan Width": 27,
                          "Inner Unique": false,
                          "Join Filter": "(store.s_state = tmp1.s_state)",
                          "Plans": [
                            {
                              "Node Type": "Subquery Scan",
                              "Parent Relationship": "Outer",
                              "Parallel Aware": false,
                              "Alias": "tmp1",
                              "Startup Cost": 90681.61,
                              "Total Cost": 90681.65,
                              "Plan Rows": 1,
                              "Plan Width": 3,
                              "Filter": "(tmp1.ranking <= 5)",
                              "Plans": [
                                {
                                  "Node Type": "WindowAgg",
                                  "Parent Relationship": "Subquery",
                                  "Parallel Aware": false,
                                  "Startup Cost": 90681.61,
                                  "Total Cost": 90681.63,
                                  "Plan Rows": 1,
                                  "Plan Width": 43,
                                  "Plans": [
                                    {
                                      "Node Type": "Sort",
                                      "Parent Relationship": "Outer",
                                      "Parallel Aware": false,
                                      "Startup Cost": 90681.61,
                                      "Total Cost": 90681.62,
                                      "Plan Rows": 1,
                                      "Plan Width": 35,
                                      "Sort Key": ["store_1.s_state", "(sum(store_sales_1.ss_net_profit)) DESC"],
                                      "Plans": [
                                        {
                                          "Node Type": "Aggregate",
                                          "Strategy": "Hashed",
                                          "Partial Mode": "Simple",
                                          "Parent Relationship": "Outer",
                                          "Parallel Aware": false,
                                          "Startup Cost": 90681.59,
                                          "Total Cost": 90681.60,
                                          "Plan Rows": 1,
                                          "Plan Width": 35,
                                          "Group Key": ["store_1.s_state"],
                                          "Plans": [
                                            {
                                              "Node Type": "Hash Join",
                                              "Parent Relationship": "Outer",
                                              "Parallel Aware": false,
                                              "Join Type": "Inner",
                                              "Startup Cost": 2506.53,
                                              "Total Cost": 90616.47,
                                              "Plan Rows": 13023,
                                              "Plan Width": 9,
                                              "Inner Unique": true,
                                              "Hash Cond": "(store_sales_1.ss_store_sk = store_1.s_store_sk)",
                                              "Plans": [
                                                {
                                                  "Node Type": "Hash Join",
                                                  "Parent Relationship": "Outer",
                                                  "Parallel Aware": false,
                                                  "Join Type": "Inner",
                                                  "Startup Cost": 2505.26,
                                                  "Total Cost": 90567.35,
                                                  "Plan Rows": 13631,
                                                  "Plan Width": 10,
                                                  "Inner Unique": true,
                                                  "Hash Cond": "(store_sales_1.ss_sold_date_sk = date_dim.d_date_sk)",
                                                  "Plans": [
                                                    {
                                                      "Node Type": "Seq Scan",
                                                      "Parent Relationship": "Outer",
                                                      "Parallel Aware": false,
                                                      "Relation Name": "store_sales",
                                                      "Alias": "store_sales_1",
                                                      "Startup Cost": 0.00,
                                                      "Total Cost": 80500.49,
                                                      "Plan Rows": 2880449,
                                                      "Plan Width": 14
                                                    },
                                                    {
                                                      "Node Type": "Hash",
                                                      "Parent Relationship": "Inner",
                                                      "Parallel Aware": false,
                                                      "Startup Cost": 2500.73,
                                                      "Total Cost": 2500.73,
                                                      "Plan Rows": 362,
                                                      "Plan Width": 4,
                                                      "Plans": [
                                                        {
                                                          "Node Type": "Seq Scan",
                                                          "Parent Relationship": "Outer",
                                                          "Parallel Aware": false,
                                                          "Relation Name": "date_dim",
                                                          "Alias": "date_dim",
                                                          "Startup Cost": 0.00,
                                                          "Total Cost": 2500.73,
                                                          "Plan Rows": 362,
                                                          "Plan Width": 4,
                                                          "Filter": "((d_month_seq >= 1194) AND (d_month_seq <= 1205))"
                                                        }
                                                      ]
                                                    }
                                                  ]
                                                },
                                                {
                                                  "Node Type": "Hash",
                                                  "Parent Relationship": "Inner",
                                                  "Parallel Aware": false,
                                                  "Startup Cost": 1.12,
                                                  "Total Cost": 1.12,
                                                  "Plan Rows": 12,
                                                  "Plan Width": 7,
                                                  "Plans": [
                                                    {
                                                      "Node Type": "Seq Scan",
                                                      "Parent Relationship": "Outer",
                                                      "Parallel Aware": false,
                                                      "Relation Name": "store",
                                                      "Alias": "store_1",
                                                      "Startup Cost": 0.00,
                                                      "Total Cost": 1.12,
                                                      "Plan Rows": 12,
                                                      "Plan Width": 7
                                                    }
                                                  ]
                                                }
                                              ]
                                            }
                                          ]
                                        }
                                      ]
                                    }
                                  ]
                                }
                              ]
                            },
                            {
                              "Node Type": "Hash Join",
                              "Parent Relationship": "Inner",
                              "Parallel Aware": false,
                              "Join Type": "Inner",
                              "Startup Cost": 2506.53,
                              "Total Cost": 90616.47,
                              "Plan Rows": 13023,
                              "Plan Width": 27,
                              "Inner Unique": true,
                              "Hash Cond": "(store_sales.ss_store_sk = store.s_store_sk)",
                              "Plans": [
                                {
                                  "Node Type": "Hash Join",
                                  "Parent Relationship": "Outer",
                                  "Parallel Aware": false,
                                  "Join Type": "Inner",
                                  "Startup Cost": 2505.26,
                                  "Total Cost": 90567.35,
                                  "Plan Rows": 13631,
                                  "Plan Width": 10,
                                  "Inner Unique": true,
                                  "Hash Cond": "(store_sales.ss_sold_date_sk = d1.d_date_sk)",
                                  "Plans": [
                                    {
                                      "Node Type": "Seq Scan",
                                      "Parent Relationship": "Outer",
                                      "Parallel Aware": false,
                                      "Relation Name": "store_sales",
                                      "Alias": "store_sales",
                                      "Startup Cost": 0.00,
                                      "Total Cost": 80500.49,
                                      "Plan Rows": 2880449,
                                      "Plan Width": 14
                                    },
                                    {
                                      "Node Type": "Hash",
                                      "Parent Relationship": "Inner",
                                      "Parallel Aware": false,
                                      "Startup Cost": 2500.73,
                                      "Total Cost": 2500.73,
                                      "Plan Rows": 362,
                                      "Plan Width": 4,
                                      "Plans": [
                                        {
                                          "Node Type": "Seq Scan",
                                          "Parent Relationship": "Outer",
                                          "Parallel Aware": false,
                                          "Relation Name": "date_dim",
                                          "Alias": "d1",
                                          "Startup Cost": 0.00,
                                          "Total Cost": 2500.73,
                                          "Plan Rows": 362,
                                          "Plan Width": 4,
                                          "Filter": "((d_month_seq >= 1194) AND (d_month_seq <= 1205))"
                                        }
                                      ]
                                    }
                                  ]
                                },
                                {
                                  "Node Type": "Hash",
                                  "Parent Relationship": "Inner",
                                  "Parallel Aware": false,
                                  "Startup Cost": 1.12,
                                  "Total Cost": 1.12,
                                  "Plan Rows": 12,
                                  "Plan Width": 25,
                                  "Plans": [
                                    {
                                      "Node Type": "Seq Scan",
                                      "Parent Relationship": "Outer",
                                      "Parallel Aware": false,
                                      "Relation Name": "store",
                                      "Alias": "store",
                                      "Startup Cost": 0.00,
                                      "Total Cost": 1.12,
                                      "Plan Rows": 12,
                                      "Plan Width": 25
                                    }
                                  ]
                                }
                              ]
                            }
                          ]
                        }
                      ]
                    }
                  ]
                }
              ]
            }
          ]
        }
      ]
    }
  }
]
SET
