[
  {
    "Plan": {
      "Node Type": "Limit",
      "Parallel Aware": false,
      "Startup Cost": 198270.66,
      "Total Cost": 198270.66,
      "Plan Rows": 1,
      "Plan Width": 292,
      "Plans": [
        {
          "Node Type": "Aggregate",
          "Strategy": "Sorted",
          "Partial Mode": "Simple",
          "Parent Relationship": "InitPlan",
          "Subplan Name": "CTE ss_items",
          "Parallel Aware": false,
          "Startup Cost": 98360.14,
          "Total Cost": 98365.42,
          "Plan Rows": 264,
          "Plan Width": 49,
          "Group Key": ["item.i_item_id"],
          "Plans": [
            {
              "Node Type": "Seq Scan",
              "Parent Relationship": "InitPlan",
              "Subplan Name": "InitPlan 1 (returns $0)",
              "Parallel Aware": false,
              "Relation Name": "date_dim",
              "Alias": "date_dim",
              "Startup Cost": 0.00,
              "Total Cost": 2318.11,
              "Plan Rows": 1,
              "Plan Width": 4,
              "Filter": "(d_date = '2001-07-04'::date)"
            },
            {
              "Node Type": "Sort",
              "Parent Relationship": "Outer",
              "Parallel Aware": false,
              "Startup Cost": 96042.03,
              "Total Cost": 96042.69,
              "Plan Rows": 264,
              "Plan Width": 23,
              "Sort Key": ["item.i_item_id"],
              "Plans": [
                {
                  "Node Type": "Nested Loop",
                  "Parent Relationship": "Outer",
                  "Parallel Aware": false,
                  "Join Type": "Inner",
                  "Startup Cost": 4645.90,
                  "Total Cost": 96031.41,
                  "Plan Rows": 264,
                  "Plan Width": 23,
                  "Inner Unique": true,
                  "Plans": [
                    {
                      "Node Type": "Hash Join",
                      "Parent Relationship": "Outer",
                      "Parallel Aware": false,
                      "Join Type": "Inner",
                      "Startup Cost": 4645.61,
                      "Total Cost": 95950.42,
                      "Plan Rows": 264,
                      "Plan Width": 10,
                      "Inner Unique": false,
                      "Hash Cond": "(store_sales.ss_sold_date_sk = date_dim_1.d_date_sk)",
                      "Plans": [
                        {
                          "Node Type": "Seq Scan",
                          "Parent Relationship": "Outer",
                          "Parallel Aware": false,
                          "Relation Name": "store_sales",
                          "Alias": "store_sales",
                          "Startup Cost": 0.00,
                          "Total Cost": 80500.49,
                          "Plan Rows": 2880449,
                          "Plan Width": 14
                        },
                        {
                          "Node Type": "Hash",
                          "Parent Relationship": "Inner",
                          "Parallel Aware": false,
                          "Startup Cost": 4645.52,
                          "Total Cost": 4645.52,
                          "Plan Rows": 7,
                          "Plan Width": 4,
                          "Plans": [
                            {
                              "Node Type": "Hash Join",
                              "Parent Relationship": "Outer",
                              "Parallel Aware": false,
                              "Join Type": "Semi",
                              "Startup Cost": 2318.20,
                              "Total Cost": 4645.52,
                              "Plan Rows": 7,
                              "Plan Width": 4,
                              "Inner Unique": false,
                              "Hash Cond": "(date_dim_1.d_date = date_dim_2.d_date)",
                              "Plans": [
                                {
                                  "Node Type": "Seq Scan",
                                  "Parent Relationship": "Outer",
                                  "Parallel Aware": false,
                                  "Relation Name": "date_dim",
                                  "Alias": "date_dim_1",
                                  "Startup Cost": 0.00,
                                  "Total Cost": 2135.49,
                                  "Plan Rows": 73049,
                                  "Plan Width": 8
                                },
                                {
                                  "Node Type": "Hash",
                                  "Parent Relationship": "Inner",
                                  "Parallel Aware": false,
                                  "Startup Cost": 2318.11,
                                  "Total Cost": 2318.11,
                                  "Plan Rows": 7,
                                  "Plan Width": 4,
                                  "Plans": [
                                    {
                                      "Node Type": "Seq Scan",
                                      "Parent Relationship": "Outer",
                                      "Parallel Aware": false,
                                      "Relation Name": "date_dim",
                                      "Alias": "date_dim_2",
                                      "Startup Cost": 0.00,
                                      "Total Cost": 2318.11,
                                      "Plan Rows": 7,
                                      "Plan Width": 4,
                                      "Filter": "(d_week_seq = $0)"
                                    }
                                  ]
                                }
                              ]
                            }
                          ]
                        }
                      ]
                    },
                    {
                      "Node Type": "Index Scan",
                      "Parent Relationship": "Inner",
                      "Parallel Aware": false,
                      "Scan Direction": "Forward",
                      "Index Name": "item_pkey",
                      "Relation Name": "item",
                      "Alias": "item",
                      "Startup Cost": 0.29,
                      "Total Cost": 0.31,
                      "Plan Rows": 1,
                      "Plan Width": 21,
                      "Index Cond": "(i_item_sk = store_sales.ss_item_sk)"
                    }
                  ]
                }
              ]
            }
          ]
        },
        {
          "Node Type": "Aggregate",
          "Strategy": "Sorted",
          "Partial Mode": "Simple",
          "Parent Relationship": "InitPlan",
          "Subplan Name": "CTE cs_items",
          "Parallel Aware": false,
          "Startup Cost": 64240.57,
          "Total Cost": 64243.31,
          "Plan Rows": 137,
          "Plan Width": 49,
          "Group Key": ["item_1.i_item_id"],
          "Plans": [
            {
              "Node Type": "Seq Scan",
              "Parent Relationship": "InitPlan",
              "Subplan Name": "InitPlan 3 (returns $3)",
              "Parallel Aware": false,
              "Relation Name": "date_dim",
              "Alias": "date_dim_3",
              "Startup Cost": 0.00,
              "Total Cost": 2318.11,
              "Plan Rows": 1,
              "Plan Width": 4,
              "Filter": "(d_date = '2001-07-04'::date)"
            },
            {
              "Node Type": "Sort",
              "Parent Relationship": "Outer",
              "Parallel Aware": false,
              "Startup Cost": 61922.46,
              "Total Cost": 61922.80,
              "Plan Rows": 137,
              "Plan Width": 23,
              "Sort Key": ["item_1.i_item_id"],
              "Plans": [
                {
                  "Node Type": "Nested Loop",
                  "Parent Relationship": "Outer",
                  "Parallel Aware": false,
                  "Join Type": "Inner",
                  "Startup Cost": 4645.90,
                  "Total Cost": 61917.60,
                  "Plan Rows": 137,
                  "Plan Width": 23,
                  "Inner Unique": true,
                  "Plans": [
                    {
                      "Node Type": "Hash Join",
                      "Parent Relationship": "Outer",
                      "Parallel Aware": false,
                      "Join Type": "Inner",
                      "Startup Cost": 4645.61,
                      "Total Cost": 61875.33,
                      "Plan Rows": 137,
                      "Plan Width": 10,
                      "Inner Unique": false,
                      "Hash Cond": "(catalog_sales.cs_sold_date_sk = date_dim_4.d_date_sk)",
                      "Plans": [
                        {
                          "Node Type": "Seq Scan",
                          "Parent Relationship": "Outer",
                          "Parallel Aware": false,
                          "Relation Name": "catalog_sales",
                          "Alias": "catalog_sales",
                          "Startup Cost": 0.00,
                          "Total Cost": 51821.98,
                          "Plan Rows": 1441698,
                          "Plan Width": 14
                        },
                        {
                          "Node Type": "Hash",
                          "Parent Relationship": "Inner",
                          "Parallel Aware": false,
                          "Startup Cost": 4645.52,
                          "Total Cost": 4645.52,
                          "Plan Rows": 7,
                          "Plan Width": 4,
                          "Plans": [
                            {
                              "Node Type": "Hash Join",
                              "Parent Relationship": "Outer",
                              "Parallel Aware": false,
                              "Join Type": "Semi",
                              "Startup Cost": 2318.20,
                              "Total Cost": 4645.52,
                              "Plan Rows": 7,
                              "Plan Width": 4,
                              "Inner Unique": false,
                              "Hash Cond": "(date_dim_4.d_date = date_dim_5.d_date)",
                              "Plans": [
                                {
                                  "Node Type": "Seq Scan",
                                  "Parent Relationship": "Outer",
                                  "Parallel Aware": false,
                                  "Relation Name": "date_dim",
                                  "Alias": "date_dim_4",
                                  "Startup Cost": 0.00,
                                  "Total Cost": 2135.49,
                                  "Plan Rows": 73049,
                                  "Plan Width": 8
                                },
                                {
                                  "Node Type": "Hash",
                                  "Parent Relationship": "Inner",
                                  "Parallel Aware": false,
                                  "Startup Cost": 2318.11,
                                  "Total Cost": 2318.11,
                                  "Plan Rows": 7,
                                  "Plan Width": 4,
                                  "Plans": [
                                    {
                                      "Node Type": "Seq Scan",
                                      "Parent Relationship": "Outer",
                                      "Parallel Aware": false,
                                      "Relation Name": "date_dim",
                                      "Alias": "date_dim_5",
                                      "Startup Cost": 0.00,
                                      "Total Cost": 2318.11,
                                      "Plan Rows": 7,
                                      "Plan Width": 4,
                                      "Filter": "(d_week_seq = $3)"
                                    }
                                  ]
                                }
                              ]
                            }
                          ]
                        }
                      ]
                    },
                    {
                      "Node Type": "Index Scan",
                      "Parent Relationship": "Inner",
                      "Parallel Aware": false,
                      "Scan Direction": "Forward",
                      "Index Name": "item_pkey",
                      "Relation Name": "item",
                      "Alias": "item_1",
                      "Startup Cost": 0.29,
                      "Total Cost": 0.31,
                      "Plan Rows": 1,
                      "Plan Width": 21,
                      "Index Cond": "(i_item_sk = catalog_sales.cs_item_sk)"
                    }
                  ]
                }
              ]
            }
          ]
        },
        {
          "Node Type": "Aggregate",
          "Strategy": "Sorted",
          "Partial Mode": "Simple",
          "Parent Relationship": "InitPlan",
          "Subplan Name": "CTE ws_items",
          "Parallel Aware": false,
          "Startup Cost": 35646.59,
          "Total Cost": 35647.97,
          "Plan Rows": 69,
          "Plan Width": 49,
          "Group Key": ["item_2.i_item_id"],
          "Plans": [
            {
              "Node Type": "Seq Scan",
              "Parent Relationship": "InitPlan",
              "Subplan Name": "InitPlan 5 (returns $6)",
              "Parallel Aware": false,
              "Relation Name": "date_dim",
              "Alias": "date_dim_6",
              "Startup Cost": 0.00,
              "Total Cost": 2318.11,
              "Plan Rows": 1,
              "Plan Width": 4,
              "Filter": "(d_date = '2001-07-04'::date)"
            },
            {
              "Node Type": "Sort",
              "Parent Relationship": "Outer",
              "Parallel Aware": false,
              "Startup Cost": 33328.47,
              "Total Cost": 33328.65,
              "Plan Rows": 69,
              "Plan Width": 23,
              "Sort Key": ["item_2.i_item_id"],
              "Plans": [
                {
                  "Node Type": "Nested Loop",
                  "Parent Relationship": "Outer",
                  "Parallel Aware": false,
                  "Join Type": "Inner",
                  "Startup Cost": 4645.90,
                  "Total Cost": 33326.37,
                  "Plan Rows": 69,
                  "Plan Width": 23,
                  "Inner Unique": true,
                  "Plans": [
                    {
                      "Node Type": "Hash Join",
                      "Parent Relationship": "Outer",
                      "Parallel Aware": false,
                      "Join Type": "Inner",
                      "Startup Cost": 4645.61,
                      "Total Cost": 33304.83,
                      "Plan Rows": 69,
                      "Plan Width": 10,
                      "Inner Unique": false,
                      "Hash Cond": "(web_sales.ws_sold_date_sk = date_dim_7.d_date_sk)",
                      "Plans": [
                        {
                          "Node Type": "Seq Scan",
                          "Parent Relationship": "Outer",
                          "Parallel Aware": false,
                          "Relation Name": "web_sales",
                          "Alias": "web_sales",
                          "Startup Cost": 0.00,
                          "Total Cost": 25960.84,
                          "Plan Rows": 719384,
                          "Plan Width": 14
                        },
                        {
                          "Node Type": "Hash",
                          "Parent Relationship": "Inner",
                          "Parallel Aware": false,
                          "Startup Cost": 4645.52,
                          "Total Cost": 4645.52,
                          "Plan Rows": 7,
                          "Plan Width": 4,
                          "Plans": [
                            {
                              "Node Type": "Hash Join",
                              "Parent Relationship": "Outer",
                              "Parallel Aware": false,
                              "Join Type": "Semi",
                              "Startup Cost": 2318.20,
                              "Total Cost": 4645.52,
                              "Plan Rows": 7,
                              "Plan Width": 4,
                              "Inner Unique": false,
                              "Hash Cond": "(date_dim_7.d_date = date_dim_8.d_date)",
                              "Plans": [
                                {
                                  "Node Type": "Seq Scan",
                                  "Parent Relationship": "Outer",
                                  "Parallel Aware": false,
                                  "Relation Name": "date_dim",
                                  "Alias": "date_dim_7",
                                  "Startup Cost": 0.00,
                                  "Total Cost": 2135.49,
                                  "Plan Rows": 73049,
                                  "Plan Width": 8
                                },
                                {
                                  "Node Type": "Hash",
                                  "Parent Relationship": "Inner",
                                  "Parallel Aware": false,
                                  "Startup Cost": 2318.11,
                                  "Total Cost": 2318.11,
                                  "Plan Rows": 7,
                                  "Plan Width": 4,
                                  "Plans": [
                                    {
                                      "Node Type": "Seq Scan",
                                      "Parent Relationship": "Outer",
                                      "Parallel Aware": false,
                                      "Relation Name": "date_dim",
                                      "Alias": "date_dim_8",
                                      "Startup Cost": 0.00,
                                      "Total Cost": 2318.11,
                                      "Plan Rows": 7,
                                      "Plan Width": 4,
                                      "Filter": "(d_week_seq = $6)"
                                    }
                                  ]
                                }
                              ]
                            }
                          ]
                        }
                      ]
                    },
                    {
                      "Node Type": "Index Scan",
                      "Parent Relationship": "Inner",
                      "Parallel Aware": false,
                      "Scan Direction": "Forward",
                      "Index Name": "item_pkey",
                      "Relation Name": "item",
                      "Alias": "item_2",
                      "Startup Cost": 0.29,
                      "Total Cost": 0.31,
                      "Plan Rows": 1,
                      "Plan Width": 21,
                      "Index Cond": "(i_item_sk = web_sales.ws_item_sk)"
                    }
                  ]
                }
              ]
            }
          ]
        },
        {
          "Node Type": "Sort",
          "Parent Relationship": "Outer",
          "Parallel Aware": false,
          "Startup Cost": 13.95,
          "Total Cost": 13.96,
          "Plan Rows": 1,
          "Plan Width": 292,
          "Sort Key": ["ss_items.item_id", "ss_items.ss_item_rev"],
          "Plans": [
            {
              "Node Type": "Hash Join",
              "Parent Relationship": "Outer",
              "Parallel Aware": false,
              "Join Type": "Inner",
              "Startup Cost": 7.58,
              "Total Cost": 13.94,
              "Plan Rows": 1,
              "Plan Width": 292,
              "Inner Unique": false,
              "Hash Cond": "(ss_items.item_id = cs_items.item_id)",
              "Join Filter": "((ss_items.ss_item_rev >= (0.9 * cs_items.cs_item_rev)) AND (ss_items.ss_item_rev <= (1.1 * cs_items.cs_item_rev)) AND (cs_items.cs_item_rev >= (0.9 * ss_items.ss_item_rev)) AND (cs_items.cs_item_rev <= (1.1 * ss_items.ss_item_rev)) AND (ss_items.ss_item_rev >= (0.9 * ws_items.ws_item_rev)) AND (ss_items.ss_item_rev <= (1.1 * ws_items.ws_item_rev)) AND (ws_items.ws_item_rev >= (0.9 * ss_items.ss_item_rev)) AND (ws_items.ws_item_rev <= (1.1 * ss_items.ss_item_rev)))",
              "Plans": [
                {
                  "Node Type": "CTE Scan",
                  "Parent Relationship": "Outer",
                  "Parallel Aware": false,
                  "CTE Name": "ss_items",
                  "Alias": "ss_items",
                  "Startup Cost": 0.00,
                  "Total Cost": 5.28,
                  "Plan Rows": 264,
                  "Plan Width": 100
                },
                {
                  "Node Type": "Hash",
                  "Parent Relationship": "Inner",
                  "Parallel Aware": false,
                  "Startup Cost": 7.57,
                  "Total Cost": 7.57,
                  "Plan Rows": 1,
                  "Plan Width": 200,
                  "Plans": [
                    {
                      "Node Type": "Hash Join",
                      "Parent Relationship": "Outer",
                      "Parallel Aware": false,
                      "Join Type": "Inner",
                      "Startup Cost": 2.24,
                      "Total Cost": 7.57,
                      "Plan Rows": 1,
                      "Plan Width": 200,
                      "Inner Unique": false,
                      "Hash Cond": "(cs_items.item_id = ws_items.item_id)",
                      "Join Filter": "((cs_items.cs_item_rev >= (0.9 * ws_items.ws_item_rev)) AND (cs_items.cs_item_rev <= (1.1 * ws_items.ws_item_rev)) AND (ws_items.ws_item_rev >= (0.9 * cs_items.cs_item_rev)) AND (ws_items.ws_item_rev <= (1.1 * cs_items.cs_item_rev)))",
                      "Plans": [
                        {
                          "Node Type": "CTE Scan",
                          "Parent Relationship": "Outer",
                          "Parallel Aware": false,
                          "CTE Name": "cs_items",
                          "Alias": "cs_items",
                          "Startup Cost": 0.00,
                          "Total Cost": 2.74,
                          "Plan Rows": 137,
                          "Plan Width": 100
                        },
                        {
                          "Node Type": "Hash",
                          "Parent Relationship": "Inner",
                          "Parallel Aware": false,
                          "Startup Cost": 1.38,
                          "Total Cost": 1.38,
                          "Plan Rows": 69,
                          "Plan Width": 100,
                          "Plans": [
                            {
                              "Node Type": "CTE Scan",
                              "Parent Relationship": "Outer",
                              "Parallel Aware": false,
                              "CTE Name": "ws_items",
                              "Alias": "ws_items",
                              "Startup Cost": 0.00,
                              "Total Cost": 1.38,
                              "Plan Rows": 69,
                              "Plan Width": 100
                            }
                          ]
                        }
                      ]
                    }
                  ]
                }
              ]
            }
          ]
        }
      ]
    }
  }
]
SET
