[
  {
    "Plan": {
      "Node Type": "Limit",
      "Parallel Aware": false,
      "Startup Cost": 7992.68,
      "Total Cost": 7993.56,
      "Plan Rows": 2,
      "Plan Width": 125,
      "Plans": [
        {
          "Node Type": "Group",
          "Parent Relationship": "Outer",
          "Parallel Aware": false,
          "Startup Cost": 7992.68,
          "Total Cost": 7993.56,
          "Plan Rows": 2,
          "Plan Width": 125,
          "Group Key": ["item.i_item_id", "item.i_item_desc", "item.i_current_price"],
          "Plans": [
            {
              "Node Type": "Sort",
              "Parent Relationship": "Outer",
              "Parallel Aware": false,
              "Startup Cost": 7992.68,
              "Total Cost": 7992.90,
              "Plan Rows": 88,
              "Plan Width": 125,
              "Sort Key": ["item.i_item_id", "item.i_item_desc", "item.i_current_price"],
              "Plans": [
                {
                  "Node Type": "Nested Loop",
                  "Parent Relationship": "Outer",
                  "Parallel Aware": false,
                  "Join Type": "Inner",
                  "Startup Cost": 0.86,
                  "Total Cost": 7989.84,
                  "Plan Rows": 88,
                  "Plan Width": 125,
                  "Inner Unique": false,
                  "Plans": [
                    {
                      "Node Type": "Nested Loop",
                      "Parent Relationship": "Outer",
                      "Parallel Aware": false,
                      "Join Type": "Inner",
                      "Startup Cost": 0.43,
                      "Total Cost": 7986.95,
                      "Plan Rows": 1,
                      "Plan Width": 133,
                      "Inner Unique": false,
                      "Plans": [
                        {
                          "Node Type": "Seq Scan",
                          "Parent Relationship": "Outer",
                          "Parallel Aware": false,
                          "Relation Name": "item",
                          "Alias": "item",
                          "Startup Cost": 0.00,
                          "Total Cost": 1590.00,
                          "Plan Rows": 2,
                          "Plan Width": 129,
                          "Filter": "((i_current_price >= '63'::numeric) AND (i_current_price <= '93'::numeric) AND (i_manufact_id = ANY ('{841,952,810,984}'::integer[])))"
                        },
                        {
                          "Node Type": "Nested Loop",
                          "Parent Relationship": "Inner",
                          "Parallel Aware": false,
                          "Join Type": "Inner",
                          "Startup Cost": 0.43,
                          "Total Cost": 3197.89,
                          "Plan Rows": 58,
                          "Plan Width": 4,
                          "Inner Unique": false,
                          "Plans": [
                            {
                              "Node Type": "Seq Scan",
                              "Parent Relationship": "Outer",
                              "Parallel Aware": false,
                              "Relation Name": "date_dim",
                              "Alias": "date_dim",
                              "Startup Cost": 0.00,
                              "Total Cost": 2500.73,
                              "Plan Rows": 58,
                              "Plan Width": 4,
                              "Filter": "((d_date >= '2002-03-23'::date) AND (d_date <= '2002-05-22'::date))"
                            },
                            {
                              "Node Type": "Index Scan",
                              "Parent Relationship": "Inner",
                              "Parallel Aware": false,
                              "Scan Direction": "Forward",
                              "Index Name": "inventory_pkey",
                              "Relation Name": "inventory",
                              "Alias": "inventory",
                              "Startup Cost": 0.43,
                              "Total Cost": 12.01,
                              "Plan Rows": 1,
                              "Plan Width": 8,
                              "Index Cond": "((inv_date_sk = date_dim.d_date_sk) AND (inv_item_sk = item.i_item_sk))",
                              "Filter": "((inv_quantity_on_hand >= 100) AND (inv_quantity_on_hand <= 500))"
                            }
                          ]
                        }
                      ]
                    },
                    {
                      "Node Type": "Index Only Scan",
                      "Parent Relationship": "Inner",
                      "Parallel Aware": false,
                      "Scan Direction": "Forward",
                      "Index Name": "catalog_sales_pkey",
                      "Relation Name": "catalog_sales",
                      "Alias": "catalog_sales",
                      "Startup Cost": 0.43,
                      "Total Cost": 2.01,
                      "Plan Rows": 88,
                      "Plan Width": 4,
                      "Index Cond": "(cs_item_sk = inventory.inv_item_sk)"
                    }
                  ]
                }
              ]
            }
          ]
        }
      ]
    }
  }
]
SET
