[
  {
    "Plan": {
      "Node Type": "Limit",
      "Parallel Aware": false,
      "Startup Cost": 179710.89,
      "Total Cost": 179713.38,
      "Plan Rows": 100,
      "Plan Width": 160,
      "Plans": [
        {
          "Node Type": "Aggregate",
          "Strategy": "Sorted",
          "Partial Mode": "Simple",
          "Parent Relationship": "InitPlan",
          "Subplan Name": "CTE ssr",
          "Parallel Aware": false,
          "Startup Cost": 90928.25,
          "Total Cost": 90929.24,
          "Plan Rows": 6,
          "Plan Width": 113,
          "Group Key": ["store.s_store_id"],
          "Plans": [
            {
              "Node Type": "Sort",
              "Parent Relationship": "Outer",
              "Parallel Aware": false,
              "Startup Cost": 90928.25,
              "Total Cost": 90928.39,
              "Plan Rows": 59,
              "Plan Width": 41,
              "Sort Key": ["store.s_store_id"],
              "Plans": [
                {
                  "Node Type": "Nested Loop",
                  "Parent Relationship": "Outer",
                  "Parallel Aware": false,
                  "Join Type": "Left",
                  "Startup Cost": 2518.51,
                  "Total Cost": 90926.51,
                  "Plan Rows": 59,
                  "Plan Width": 41,
                  "Inner Unique": true,
                  "Plans": [
                    {
                      "Node Type": "Nested Loop",
                      "Parent Relationship": "Outer",
                      "Parallel Aware": false,
                      "Join Type": "Inner",
                      "Startup Cost": 2518.09,
                      "Total Cost": 90899.93,
                      "Plan Rows": 59,
                      "Plan Width": 37,
                      "Inner Unique": true,
                      "Plans": [
                        {
                          "Node Type": "Hash Join",
                          "Parent Relationship": "Outer",
                          "Parallel Aware": false,
                          "Join Type": "Inner",
                          "Startup Cost": 2517.80,
                          "Total Cost": 90586.62,
                          "Plan Rows": 1013,
                          "Plan Width": 37,
                          "Inner Unique": true,
                          "Hash Cond": "(store_sales.ss_store_sk = store.s_store_sk)",
                          "Plans": [
                            {
                              "Node Type": "Hash Join",
                              "Parent Relationship": "Outer",
                              "Parallel Aware": false,
                              "Join Type": "Inner",
                              "Startup Cost": 2516.53,
                              "Total Cost": 90581.64,
                              "Plan Rows": 1060,
                              "Plan Width": 24,
                              "Inner Unique": true,
                              "Hash Cond": "(store_sales.ss_promo_sk = promotion.p_promo_sk)",
                              "Plans": [
                                {
                                  "Node Type": "Hash Join",
                                  "Parent Relationship": "Outer",
                                  "Parallel Aware": false,
                                  "Join Type": "Inner",
                                  "Startup Cost": 2501.11,
                                  "Total Cost": 90563.20,
                                  "Plan Rows": 1130,
                                  "Plan Width": 28,
                                  "Inner Unique": true,
                                  "Hash Cond": "(store_sales.ss_sold_date_sk = date_dim.d_date_sk)",
                                  "Plans": [
                                    {
                                      "Node Type": "Seq Scan",
                                      "Parent Relationship": "Outer",
                                      "Parallel Aware": false,
                                      "Relation Name": "store_sales",
                                      "Alias": "store_sales",
                                      "Startup Cost": 0.00,
                                      "Total Cost": 80500.49,
                                      "Plan Rows": 2880449,
                                      "Plan Width": 32
                                    },
                                    {
                                      "Node Type": "Hash",
                                      "Parent Relationship": "Inner",
                                      "Parallel Aware": false,
                                      "Startup Cost": 2500.73,
                                      "Total Cost": 2500.73,
                                      "Plan Rows": 30,
                                      "Plan Width": 4,
                                      "Plans": [
                                        {
                                          "Node Type": "Seq Scan",
                                          "Parent Relationship": "Outer",
                                          "Parallel Aware": false,
                                          "Relation Name": "date_dim",
                                          "Alias": "date_dim",
                                          "Startup Cost": 0.00,
                                          "Total Cost": 2500.73,
                                          "Plan Rows": 30,
                                          "Plan Width": 4,
                                          "Filter": "((d_date >= '1998-08-27'::date) AND (d_date <= '1998-09-26'::date))"
                                        }
                                      ]
                                    }
                                  ]
                                },
                                {
                                  "Node Type": "Hash",
                                  "Parent Relationship": "Inner",
                                  "Parallel Aware": false,
                                  "Startup Cost": 11.75,
                                  "Total Cost": 11.75,
                                  "Plan Rows": 294,
                                  "Plan Width": 4,
                                  "Plans": [
                                    {
                                      "Node Type": "Seq Scan",
                                      "Parent Relationship": "Outer",
                                      "Parallel Aware": false,
                                      "Relation Name": "promotion",
                                      "Alias": "promotion",
                                      "Startup Cost": 0.00,
                                      "Total Cost": 11.75,
                                      "Plan Rows": 294,
                                      "Plan Width": 4,
                                      "Filter": "(p_channel_tv = 'N'::bpchar)"
                                    }
                                  ]
                                }
                              ]
                            },
                            {
                              "Node Type": "Hash",
                              "Parent Relationship": "Inner",
                              "Parallel Aware": false,
                              "Startup Cost": 1.12,
                              "Total Cost": 1.12,
                              "Plan Rows": 12,
                              "Plan Width": 21,
                              "Plans": [
                                {
                                  "Node Type": "Seq Scan",
                                  "Parent Relationship": "Outer",
                                  "Parallel Aware": false,
                                  "Relation Name": "store",
                                  "Alias": "store",
                                  "Startup Cost": 0.00,
                                  "Total Cost": 1.12,
                                  "Plan Rows": 12,
                                  "Plan Width": 21
                                }
                              ]
                            }
                          ]
                        },
                        {
                          "Node Type": "Index Scan",
                          "Parent Relationship": "Inner",
                          "Parallel Aware": false,
                          "Scan Direction": "Forward",
                          "Index Name": "item_pkey",
                          "Relation Name": "item",
                          "Alias": "item",
                          "Startup Cost": 0.29,
                          "Total Cost": 0.31,
                          "Plan Rows": 1,
                          "Plan Width": 4,
                          "Index Cond": "(i_item_sk = store_sales.ss_item_sk)",
                          "Filter": "(i_current_price > '50'::numeric)"
                        }
                      ]
                    },
                    {
                      "Node Type": "Index Scan",
                      "Parent Relationship": "Inner",
                      "Parallel Aware": false,
                      "Scan Direction": "Forward",
                      "Index Name": "store_returns_pkey",
                      "Relation Name": "store_returns",
                      "Alias": "store_returns",
                      "Startup Cost": 0.42,
                      "Total Cost": 0.45,
                      "Plan Rows": 1,
                      "Plan Width": 20,
                      "Index Cond": "((store_sales.ss_item_sk = sr_item_sk) AND (store_sales.ss_ticket_number = sr_ticket_number))"
                    }
                  ]
                }
              ]
            }
          ]
        },
        {
          "Node Type": "Aggregate",
          "Strategy": "Sorted",
          "Partial Mode": "Simple",
          "Parent Relationship": "InitPlan",
          "Subplan Name": "CTE csr",
          "Parallel Aware": false,
          "Startup Cost": 58322.35,
          "Total Cost": 58323.42,
          "Plan Rows": 33,
          "Plan Width": 113,
          "Group Key": ["catalog_page.cp_catalog_page_id"],
          "Plans": [
            {
              "Node Type": "Sort",
              "Parent Relationship": "Outer",
              "Parallel Aware": false,
              "Startup Cost": 58322.35,
              "Total Cost": 58322.43,
              "Plan Rows": 33,
              "Plan Width": 41,
              "Sort Key": ["catalog_page.cp_catalog_page_id"],
              "Plans": [
                {
                  "Node Type": "Nested Loop",
                  "Parent Relationship": "Outer",
                  "Parallel Aware": false,
                  "Join Type": "Inner",
                  "Startup Cost": 2502.25,
                  "Total Cost": 58321.52,
                  "Plan Rows": 33,
                  "Plan Width": 41,
                  "Inner Unique": true,
                  "Plans": [
                    {
                      "Node Type": "Nested Loop",
                      "Parent Relationship": "Outer",
                      "Parallel Aware": false,
                      "Join Type": "Left",
                      "Startup Cost": 2501.96,
                      "Total Cost": 58311.51,
                      "Plan Rows": 33,
                      "Plan Width": 28,
                      "Inner Unique": true,
                      "Plans": [
                        {
                          "Node Type": "Nested Loop",
                          "Parent Relationship": "Outer",
                          "Parallel Aware": false,
                          "Join Type": "Inner",
                          "Startup Cost": 2501.54,
                          "Total Cost": 58296.68,
                          "Plan Rows": 33,
                          "Plan Width": 24,
                          "Inner Unique": true,
                          "Plans": [
                            {
                              "Node Type": "Nested Loop",
                              "Parent Relationship": "Outer",
                              "Parallel Aware": false,
                              "Join Type": "Inner",
                              "Startup Cost": 2501.40,
                              "Total Cost": 58290.98,
                              "Plan Rows": 34,
                              "Plan Width": 28,
                              "Inner Unique": true,
                              "Plans": [
                                {
                                  "Node Type": "Hash Join",
                                  "Parent Relationship": "Outer",
                                  "Parallel Aware": false,
                                  "Join Type": "Inner",
                                  "Startup Cost": 2501.11,
                                  "Total Cost": 58107.77,
                                  "Plan Rows": 589,
                                  "Plan Width": 28,
                                  "Inner Unique": true,
                                  "Hash Cond": "(catalog_sales.cs_sold_date_sk = date_dim_1.d_date_sk)",
                                  "Plans": [
                                    {
                                      "Node Type": "Seq Scan",
                                      "Parent Relationship": "Outer",
                                      "Parallel Aware": false,
                                      "Relation Name": "catalog_sales",
                                      "Alias": "catalog_sales",
                                      "Startup Cost": 0.00,
                                      "Total Cost": 51821.98,
                                      "Plan Rows": 1441698,
                                      "Plan Width": 32
                                    },
                                    {
                                      "Node Type": "Hash",
                                      "Parent Relationship": "Inner",
                                      "Parallel Aware": false,
                                      "Startup Cost": 2500.73,
                                      "Total Cost": 2500.73,
                                      "Plan Rows": 30,
                                      "Plan Width": 4,
                                      "Plans": [
                                        {
                                          "Node Type": "Seq Scan",
                                          "Parent Relationship": "Outer",
                                          "Parallel Aware": false,
                                          "Relation Name": "date_dim",
                                          "Alias": "date_dim_1",
                                          "Startup Cost": 0.00,
                                          "Total Cost": 2500.73,
                                          "Plan Rows": 30,
                                          "Plan Width": 4,
                                          "Filter": "((d_date >= '1998-08-27'::date) AND (d_date <= '1998-09-26'::date))"
                                        }
                                      ]
                                    }
                                  ]
                                },
                                {
                                  "Node Type": "Index Scan",
                                  "Parent Relationship": "Inner",
                                  "Parallel Aware": false,
                                  "Scan Direction": "Forward",
                                  "Index Name": "item_pkey",
                                  "Relation Name": "item",
                                  "Alias": "item_1",
                                  "Startup Cost": 0.29,
                                  "Total Cost": 0.31,
                                  "Plan Rows": 1,
                                  "Plan Width": 4,
                                  "Index Cond": "(i_item_sk = catalog_sales.cs_item_sk)",
                                  "Filter": "(i_current_price > '50'::numeric)"
                                }
                              ]
                            },
                            {
                              "Node Type": "Index Scan",
                              "Parent Relationship": "Inner",
                              "Parallel Aware": false,
                              "Scan Direction": "Forward",
                              "Index Name": "promotion_pkey",
                              "Relation Name": "promotion",
                              "Alias": "promotion_1",
                              "Startup Cost": 0.15,
                              "Total Cost": 0.17,
                              "Plan Rows": 1,
                              "Plan Width": 4,
                              "Index Cond": "(p_promo_sk = catalog_sales.cs_promo_sk)",
                              "Filter": "(p_channel_tv = 'N'::bpchar)"
                            }
                          ]
                        },
                        {
                          "Node Type": "Index Scan",
                          "Parent Relationship": "Inner",
                          "Parallel Aware": false,
                          "Scan Direction": "Forward",
                          "Index Name": "catalog_returns_pkey",
                          "Relation Name": "catalog_returns",
                          "Alias": "catalog_returns",
                          "Startup Cost": 0.42,
                          "Total Cost": 0.45,
                          "Plan Rows": 1,
                          "Plan Width": 20,
                          "Index Cond": "((catalog_sales.cs_item_sk = cr_item_sk) AND (catalog_sales.cs_order_number = cr_order_number))"
                        }
                      ]
                    },
                    {
                      "Node Type": "Index Scan",
                      "Parent Relationship": "Inner",
                      "Parallel Aware": false,
                      "Scan Direction": "Forward",
                      "Index Name": "catalog_page_pkey",
                      "Relation Name": "catalog_page",
                      "Alias": "catalog_page",
                      "Startup Cost": 0.29,
                      "Total Cost": 0.30,
                      "Plan Rows": 1,
                      "Plan Width": 21,
                      "Index Cond": "(cp_catalog_page_sk = catalog_sales.cs_catalog_page_sk)"
                    }
                  ]
                }
              ]
            }
          ]
        },
        {
          "Node Type": "Aggregate",
          "Strategy": "Sorted",
          "Partial Mode": "Simple",
          "Parent Relationship": "InitPlan",
          "Subplan Name": "CTE wsr",
          "Parallel Aware": false,
          "Startup Cost": 30454.54,
          "Total Cost": 30455.06,
          "Plan Rows": 15,
          "Plan Width": 113,
          "Group Key": ["web_site.web_site_id"],
          "Plans": [
            {
              "Node Type": "Sort",
              "Parent Relationship": "Outer",
              "Parallel Aware": false,
              "Startup Cost": 30454.54,
              "Total Cost": 30454.58,
              "Plan Rows": 17,
              "Plan Width": 41,
              "Sort Key": ["web_site.web_site_id"],
              "Plans": [
                {
                  "Node Type": "Nested Loop",
                  "Parent Relationship": "Outer",
                  "Parallel Aware": false,
                  "Join Type": "Inner",
                  "Startup Cost": 2501.97,
                  "Total Cost": 30454.19,
                  "Plan Rows": 17,
                  "Plan Width": 41,
                  "Inner Unique": true,
                  "Plans": [
                    {
                      "Node Type": "Nested Loop",
                      "Parent Relationship": "Outer",
                      "Parallel Aware": false,
                      "Join Type": "Inner",
                      "Startup Cost": 2501.83,
                      "Total Cost": 30451.34,
                      "Plan Rows": 17,
                      "Plan Width": 45,
                      "Inner Unique": true,
                      "Plans": [
                        {
                          "Node Type": "Nested Loop",
                          "Parent Relationship": "Outer",
                          "Parallel Aware": false,
                          "Join Type": "Left",
                          "Startup Cost": 2501.69,
                          "Total Cost": 30448.72,
                          "Plan Rows": 17,
                          "Plan Width": 32,
                          "Inner Unique": true,
                          "Plans": [
                            {
                              "Node Type": "Nested Loop",
                              "Parent Relationship": "Outer",
                              "Parallel Aware": false,
                              "Join Type": "Inner",
                              "Startup Cost": 2501.40,
                              "Total Cost": 30443.26,
                              "Plan Rows": 17,
                              "Plan Width": 28,
                              "Inner Unique": true,
                              "Plans": [
                                {
                                  "Node Type": "Hash Join",
                                  "Parent Relationship": "Outer",
                                  "Parallel Aware": false,
                                  "Join Type": "Inner",
                                  "Startup Cost": 2501.11,
                                  "Total Cost": 30350.44,
                                  "Plan Rows": 295,
                                  "Plan Width": 28,
                                  "Inner Unique": true,
                                  "Hash Cond": "(web_sales.ws_sold_date_sk = date_dim_2.d_date_sk)",
                                  "Plans": [
                                    {
                                      "Node Type": "Seq Scan",
                                      "Parent Relationship": "Outer",
                                      "Parallel Aware": false,
                                      "Relation Name": "web_sales",
                                      "Alias": "web_sales",
                                      "Startup Cost": 0.00,
                                      "Total Cost": 25960.84,
                                      "Plan Rows": 719384,
                                      "Plan Width": 32
                                    },
                                    {
                                      "Node Type": "Hash",
                                      "Parent Relationship": "Inner",
                                      "Parallel Aware": false,
                                      "Startup Cost": 2500.73,
                                      "Total Cost": 2500.73,
                                      "Plan Rows": 30,
                                      "Plan Width": 4,
                                      "Plans": [
                                        {
                                          "Node Type": "Seq Scan",
                                          "Parent Relationship": "Outer",
                                          "Parallel Aware": false,
                                          "Relation Name": "date_dim",
                                          "Alias": "date_dim_2",
                                          "Startup Cost": 0.00,
                                          "Total Cost": 2500.73,
                                          "Plan Rows": 30,
                                          "Plan Width": 4,
                                          "Filter": "((d_date >= '1998-08-27'::date) AND (d_date <= '1998-09-26'::date))"
                                        }
                                      ]
                                    }
                                  ]
                                },
                                {
                                  "Node Type": "Index Scan",
                                  "Parent Relationship": "Inner",
                                  "Parallel Aware": false,
                                  "Scan Direction": "Forward",
                                  "Index Name": "item_pkey",
                                  "Relation Name": "item",
                                  "Alias": "item_2",
                                  "Startup Cost": 0.29,
                                  "Total Cost": 0.31,
                                  "Plan Rows": 1,
                                  "Plan Width": 4,
                                  "Index Cond": "(i_item_sk = web_sales.ws_item_sk)",
                                  "Filter": "(i_current_price > '50'::numeric)"
                                }
                              ]
                            },
                            {
                              "Node Type": "Index Scan",
                              "Parent Relationship": "Inner",
                              "Parallel Aware": false,
                              "Scan Direction": "Forward",
                              "Index Name": "web_returns_pkey",
                              "Relation Name": "web_returns",
                              "Alias": "web_returns",
                              "Startup Cost": 0.29,
                              "Total Cost": 0.32,
                              "Plan Rows": 1,
                              "Plan Width": 20,
                              "Index Cond": "((web_sales.ws_item_sk = wr_item_sk) AND (web_sales.ws_order_number = wr_order_number))"
                            }
                          ]
                        },
                        {
                          "Node Type": "Index Scan",
                          "Parent Relationship": "Inner",
                          "Parallel Aware": false,
                          "Scan Direction": "Forward",
                          "Index Name": "web_site_pkey",
                          "Relation Name": "web_site",
                          "Alias": "web_site",
                          "Startup Cost": 0.14,
                          "Total Cost": 0.16,
                          "Plan Rows": 1,
                          "Plan Width": 21,
                          "Index Cond": "(web_site_sk = web_sales.ws_web_site_sk)"
                        }
                      ]
                    },
                    {
                      "Node Type": "Index Scan",
                      "Parent Relationship": "Inner",
                      "Parallel Aware": false,
                      "Scan Direction": "Forward",
                      "Index Name": "promotion_pkey",
                      "Relation Name": "promotion",
                      "Alias": "promotion_2",
                      "Startup Cost": 0.15,
                      "Total Cost": 0.17,
                      "Plan Rows": 1,
                      "Plan Width": 4,
                      "Index Cond": "(p_promo_sk = web_sales.ws_promo_sk)",
                      "Filter": "(p_channel_tv = 'N'::bpchar)"
                    }
                  ]
                }
              ]
            }
          ]
        },
        {
          "Node Type": "Aggregate",
          "Strategy": "Sorted",
          "Partial Mode": "Simple",
          "Parent Relationship": "Outer",
          "Parallel Aware": false,
          "Startup Cost": 3.17,
          "Total Cost": 5.89,
          "Plan Rows": 109,
          "Plan Width": 160,
          "Grouping Sets": [
            {
              "Group Keys": [
                ["('store channel'::text)", "(('store'::text || (ssr.store_id)::text))"],
                ["('store channel'::text)"],
                []
              ]
            }
          ],
          "Plans": [
            {
              "Node Type": "Sort",
              "Parent Relationship": "Outer",
              "Parallel Aware": false,
              "Startup Cost": 3.17,
              "Total Cost": 3.31,
              "Plan Rows": 54,
              "Plan Width": 160,
              "Sort Key": ["('store channel'::text)", "(('store'::text || (ssr.store_id)::text))"],
              "Plans": [
                {
                  "Node Type": "Append",
                  "Parent Relationship": "Outer",
                  "Parallel Aware": false,
                  "Startup Cost": 0.00,
                  "Total Cost": 1.62,
                  "Plan Rows": 54,
                  "Plan Width": 160,
                  "Plans": [
                    {
                      "Node Type": "CTE Scan",
                      "Parent Relationship": "Member",
                      "Parallel Aware": false,
                      "CTE Name": "ssr",
                      "Alias": "ssr",
                      "Startup Cost": 0.00,
                      "Total Cost": 0.15,
                      "Plan Rows": 6,
                      "Plan Width": 160
                    },
                    {
                      "Node Type": "CTE Scan",
                      "Parent Relationship": "Member",
                      "Parallel Aware": false,
                      "CTE Name": "csr",
                      "Alias": "csr",
                      "Startup Cost": 0.00,
                      "Total Cost": 0.83,
                      "Plan Rows": 33,
                      "Plan Width": 160
                    },
                    {
                      "Node Type": "CTE Scan",
                      "Parent Relationship": "Member",
                      "Parallel Aware": false,
                      "CTE Name": "wsr",
                      "Alias": "wsr",
                      "Startup Cost": 0.00,
                      "Total Cost": 0.38,
                      "Plan Rows": 15,
                      "Plan Width": 160
                    }
                  ]
                }
              ]
            }
          ]
        }
      ]
    }
  }
]
SET
