[
  {
    "Plan": {
      "Node Type": "Limit",
      "Parallel Aware": false,
      "Startup Cost": 792756952.00,
      "Total Cost": 792756957.75,
      "Plan Rows": 100,
      "Plan Width": 91,
      "Plans": [
        {
          "Node Type": "Aggregate",
          "Strategy": "Sorted",
          "Partial Mode": "Simple",
          "Parent Relationship": "Outer",
          "Parallel Aware": false,
          "Startup Cost": 792756952.00,
          "Total Cost": 792757380.03,
          "Plan Rows": 7444,
          "Plan Width": 91,
          "Group Key": ["ca.ca_state", "customer_demographics.cd_gender", "customer_demographics.cd_marital_status", "customer_demographics.cd_dep_count", "customer_demographics.cd_dep_employed_count", "customer_demographics.cd_dep_college_count"],
          "Plans": [
            {
              "Node Type": "Sort",
              "Parent Relationship": "Outer",
              "Parallel Aware": false,
              "Startup Cost": 792756952.00,
              "Total Cost": 792756970.61,
              "Plan Rows": 7444,
              "Plan Width": 19,
              "Sort Key": ["ca.ca_state", "customer_demographics.cd_gender", "customer_demographics.cd_marital_status", "customer_demographics.cd_dep_count", "customer_demographics.cd_dep_employed_count", "customer_demographics.cd_dep_college_count"],
              "Plans": [
                {
                  "Node Type": "Nested Loop",
                  "Parent Relationship": "Outer",
                  "Parallel Aware": false,
                  "Join Type": "Inner",
                  "Startup Cost": 90592.95,
                  "Total Cost": 792756473.28,
                  "Plan Rows": 7444,
                  "Plan Width": 19,
                  "Inner Unique": true,
                  "Plans": [
                    {
                      "Node Type": "Nested Loop",
                      "Parent Relationship": "Outer",
                      "Parallel Aware": false,
                      "Join Type": "Inner",
                      "Startup Cost": 90592.66,
                      "Total Cost": 792753697.52,
                      "Plan Rows": 7444,
                      "Plan Width": 20,
                      "Inner Unique": true,
                      "Plans": [
                        {
                          "Node Type": "Nested Loop",
                          "Parent Relationship": "Outer",
                          "Parallel Aware": false,
                          "Join Type": "Inner",
                          "Startup Cost": 90592.23,
                          "Total Cost": 792739124.69,
                          "Plan Rows": 7710,
                          "Plan Width": 8,
                          "Inner Unique": true,
                          "Plans": [
                            {
                              "Node Type": "Aggregate",
                              "Strategy": "Hashed",
                              "Partial Mode": "Simple",
                              "Parent Relationship": "Outer",
                              "Parallel Aware": false,
                              "Startup Cost": 90591.94,
                              "Total Cost": 90694.74,
                              "Plan Rows": 10280,
                              "Plan Width": 4,
                              "Group Key": ["store_sales.ss_customer_sk"],
                              "Plans": [
                                {
                                  "Node Type": "Hash Join",
                                  "Parent Relationship": "Outer",
                                  "Parallel Aware": false,
                                  "Join Type": "Inner",
                                  "Startup Cost": 2504.15,
                                  "Total Cost": 90566.24,
                                  "Plan Rows": 10280,
                                  "Plan Width": 4,
                                  "Inner Unique": true,
                                  "Hash Cond": "(store_sales.ss_sold_date_sk = date_dim.d_date_sk)",
                                  "Plans": [
                                    {
                                      "Node Type": "Seq Scan",
                                      "Parent Relationship": "Outer",
                                      "Parallel Aware": false,
                                      "Relation Name": "store_sales",
                                      "Alias": "store_sales",
                                      "Startup Cost": 0.00,
                                      "Total Cost": 80500.49,
                                      "Plan Rows": 2880449,
                                      "Plan Width": 8
                                    },
                                    {
                                      "Node Type": "Hash",
                                      "Parent Relationship": "Inner",
                                      "Parallel Aware": false,
                                      "Startup Cost": 2500.73,
                                      "Total Cost": 2500.73,
                                      "Plan Rows": 273,
                                      "Plan Width": 4,
                                      "Plans": [
                                        {
                                          "Node Type": "Seq Scan",
                                          "Parent Relationship": "Outer",
                                          "Parallel Aware": false,
                                          "Relation Name": "date_dim",
                                          "Alias": "date_dim",
                                          "Startup Cost": 0.00,
                                          "Total Cost": 2500.73,
                                          "Plan Rows": 273,
                                          "Plan Width": 4,
                                          "Filter": "((d_qoy < 4) AND (d_year = 2002))"
                                        }
                                      ]
                                    }
                                  ]
                                }
                              ]
                            },
                            {
                              "Node Type": "Index Scan",
                              "Parent Relationship": "Inner",
                              "Parallel Aware": false,
                              "Scan Direction": "Forward",
                              "Index Name": "customer_pkey",
                              "Relation Name": "customer",
                              "Alias": "c",
                              "Startup Cost": 0.29,
                              "Total Cost": 83539.69,
                              "Plan Rows": 1,
                              "Plan Width": 12,
                              "Index Cond": "(c_customer_sk = store_sales.ss_customer_sk)",
                              "Filter": "((alternatives: SubPlan 1 or hashed SubPlan 2) OR (alternatives: SubPlan 3 or hashed SubPlan 4))",
                              "Plans": [
                                {
                                  "Node Type": "Nested Loop",
                                  "Parent Relationship": "SubPlan",
                                  "Subplan Name": "SubPlan 1",
                                  "Parallel Aware": false,
                                  "Join Type": "Inner",
                                  "Startup Cost": 0.29,
                                  "Total Cost": 27909.03,
                                  "Plan Rows": 1,
                                  "Plan Width": 0,
                                  "Inner Unique": true,
                                  "Plans": [
                                    {
                                      "Node Type": "Seq Scan",
                                      "Parent Relationship": "Outer",
                                      "Parallel Aware": false,
                                      "Relation Name": "web_sales",
                                      "Alias": "web_sales",
                                      "Startup Cost": 0.00,
                                      "Total Cost": 27759.30,
                                      "Plan Rows": 18,
                                      "Plan Width": 4,
                                      "Filter": "(c.c_customer_sk = ws_bill_customer_sk)"
                                    },
                                    {
                                      "Node Type": "Index Scan",
                                      "Parent Relationship": "Inner",
                                      "Parallel Aware": false,
                                      "Scan Direction": "Forward",
                                      "Index Name": "date_dim_pkey",
                                      "Relation Name": "date_dim",
                                      "Alias": "date_dim_1",
                                      "Startup Cost": 0.29,
                                      "Total Cost": 8.32,
                                      "Plan Rows": 1,
                                      "Plan Width": 4,
                                      "Index Cond": "(d_date_sk = web_sales.ws_sold_date_sk)",
                                      "Filter": "((d_qoy < 4) AND (d_year = 2002))"
                                    }
                                  ]
                                },
                                {
                                  "Node Type": "Hash Join",
                                  "Parent Relationship": "SubPlan",
                                  "Subplan Name": "SubPlan 2",
                                  "Parallel Aware": false,
                                  "Join Type": "Inner",
                                  "Startup Cost": 2504.15,
                                  "Total Cost": 30353.48,
                                  "Plan Rows": 2688,
                                  "Plan Width": 4,
                                  "Inner Unique": true,
                                  "Hash Cond": "(web_sales_1.ws_sold_date_sk = date_dim_2.d_date_sk)",
                                  "Plans": [
                                    {
                                      "Node Type": "Seq Scan",
                                      "Parent Relationship": "Outer",
                                      "Parallel Aware": false,
                                      "Relation Name": "web_sales",
                                      "Alias": "web_sales_1",
                                      "Startup Cost": 0.00,
                                      "Total Cost": 25960.84,
                                      "Plan Rows": 719384,
                                      "Plan Width": 8
                                    },
                                    {
                                      "Node Type": "Hash",
                                      "Parent Relationship": "Inner",
                                      "Parallel Aware": false,
                                      "Startup Cost": 2500.73,
                                      "Total Cost": 2500.73,
                                      "Plan Rows": 273,
                                      "Plan Width": 4,
                                      "Plans": [
                                        {
                                          "Node Type": "Seq Scan",
                                          "Parent Relationship": "Outer",
                                          "Parallel Aware": false,
                                          "Relation Name": "date_dim",
                                          "Alias": "date_dim_2",
                                          "Startup Cost": 0.00,
                                          "Total Cost": 2500.73,
                                          "Plan Rows": 273,
                                          "Plan Width": 4,
                                          "Filter": "((d_qoy < 4) AND (d_year = 2002))"
                                        }
                                      ]
                                    }
                                  ]
                                },
                                {
                                  "Node Type": "Nested Loop",
                                  "Parent Relationship": "SubPlan",
                                  "Subplan Name": "SubPlan 3",
                                  "Parallel Aware": false,
                                  "Join Type": "Inner",
                                  "Startup Cost": 0.29,
                                  "Total Cost": 55630.16,
                                  "Plan Rows": 1,
                                  "Plan Width": 0,
                                  "Inner Unique": true,
                                  "Plans": [
                                    {
                                      "Node Type": "Seq Scan",
                                      "Parent Relationship": "Outer",
                                      "Parallel Aware": false,
                                      "Relation Name": "catalog_sales",
                                      "Alias": "catalog_sales",
                                      "Startup Cost": 0.00,
                                      "Total Cost": 55426.23,
                                      "Plan Rows": 25,
                                      "Plan Width": 4,
                                      "Filter": "(c.c_customer_sk = cs_ship_customer_sk)"
                                    },
                                    {
                                      "Node Type": "Index Scan",
                                      "Parent Relationship": "Inner",
                                      "Parallel Aware": false,
                                      "Scan Direction": "Forward",
                                      "Index Name": "date_dim_pkey",
                                      "Relation Name": "date_dim",
                                      "Alias": "date_dim_3",
                                      "Startup Cost": 0.29,
                                      "Total Cost": 8.15,
                                      "Plan Rows": 1,
                                      "Plan Width": 4,
                                      "Index Cond": "(d_date_sk = catalog_sales.cs_sold_date_sk)",
                                      "Filter": "((d_qoy < 4) AND (d_year = 2002))"
                                    }
                                  ]
                                },
                                {
                                  "Node Type": "Hash Join",
                                  "Parent Relationship": "SubPlan",
                                  "Subplan Name": "SubPlan 4",
                                  "Parallel Aware": false,
                                  "Join Type": "Inner",
                                  "Startup Cost": 2504.15,
                                  "Total Cost": 58110.81,
                                  "Plan Rows": 5362,
                                  "Plan Width": 4,
                                  "Inner Unique": true,
                                  "Hash Cond": "(catalog_sales_1.cs_sold_date_sk = date_dim_4.d_date_sk)",
                                  "Plans": [
                                    {
                                      "Node Type": "Seq Scan",
                                      "Parent Relationship": "Outer",
                                      "Parallel Aware": false,
                                      "Relation Name": "catalog_sales",
                                      "Alias": "catalog_sales_1",
                                      "Startup Cost": 0.00,
                                      "Total Cost": 51821.98,
                                      "Plan Rows": 1441698,
                                      "Plan Width": 8
                                    },
                                    {
                                      "Node Type": "Hash",
                                      "Parent Relationship": "Inner",
                                      "Parallel Aware": false,
                                      "Startup Cost": 2500.73,
                                      "Total Cost": 2500.73,
                                      "Plan Rows": 273,
                                      "Plan Width": 4,
                                      "Plans": [
                                        {
                                          "Node Type": "Seq Scan",
                                          "Parent Relationship": "Outer",
                                          "Parallel Aware": false,
                                          "Relation Name": "date_dim",
                                          "Alias": "date_dim_4",
                                          "Startup Cost": 0.00,
                                          "Total Cost": 2500.73,
                                          "Plan Rows": 273,
                                          "Plan Width": 4,
                                          "Filter": "((d_qoy < 4) AND (d_year = 2002))"
                                        }
                                      ]
                                    }
                                  ]
                                }
                              ]
                            }
                          ]
                        },
                        {
                          "Node Type": "Index Scan",
                          "Parent Relationship": "Inner",
                          "Parallel Aware": false,
                          "Scan Direction": "Forward",
                          "Index Name": "customer_demographics_pkey",
                          "Relation Name": "customer_demographics",
                          "Alias": "customer_demographics",
                          "Startup Cost": 0.43,
                          "Total Cost": 1.89,
                          "Plan Rows": 1,
                          "Plan Width": 20,
                          "Index Cond": "(cd_demo_sk = c.c_current_cdemo_sk)"
                        }
                      ]
                    },
                    {
                      "Node Type": "Index Scan",
                      "Parent Relationship": "Inner",
                      "Parallel Aware": false,
                      "Scan Direction": "Forward",
                      "Index Name": "customer_address_pkey",
                      "Relation Name": "customer_address",
                      "Alias": "ca",
                      "Startup Cost": 0.29,
                      "Total Cost": 0.37,
                      "Plan Rows": 1,
                      "Plan Width": 7,
                      "Index Cond": "(ca_address_sk = c.c_current_addr_sk)"
                    }
                  ]
                }
              ]
            }
          ]
        }
      ]
    }
  }
]
SET
