[
  {
    "Plan": {
      "Node Type": "Limit",
      "Parallel Aware": false,
      "Startup Cost": 12212.56,
      "Total Cost": 12212.66,
      "Plan Rows": 1,
      "Plan Width": 434,
      "Plans": [
        {
          "Node Type": "Aggregate",
          "Strategy": "Sorted",
          "Partial Mode": "Simple",
          "Parent Relationship": "Outer",
          "Parallel Aware": false,
          "Startup Cost": 12212.56,
          "Total Cost": 12212.66,
          "Plan Rows": 1,
          "Plan Width": 434,
          "Group Key": ["item.i_item_id", "item.i_item_desc", "store.s_state"],
          "Plans": [
            {
              "Node Type": "Sort",
              "Parent Relationship": "Outer",
              "Parallel Aware": false,
              "Startup Cost": 12212.56,
              "Total Cost": 12212.57,
              "Plan Rows": 1,
              "Plan Width": 134,
              "Sort Key": ["item.i_item_id", "item.i_item_desc", "store.s_state"],
              "Plans": [
                {
                  "Node Type": "Nested Loop",
                  "Parent Relationship": "Outer",
                  "Parallel Aware": false,
                  "Join Type": "Inner",
                  "Startup Cost": 2414.57,
                  "Total Cost": 12212.55,
                  "Plan Rows": 1,
                  "Plan Width": 134,
                  "Inner Unique": true,
                  "Plans": [
                    {
                      "Node Type": "Nested Loop",
                      "Parent Relationship": "Outer",
                      "Parallel Aware": false,
                      "Join Type": "Inner",
                      "Startup Cost": 2414.28,
                      "Total Cost": 12212.25,
                      "Plan Rows": 1,
                      "Plan Width": 27,
                      "Inner Unique": true,
                      "Join Filter": "(store_sales.ss_store_sk = store.s_store_sk)",
                      "Plans": [
                        {
                          "Node Type": "Nested Loop",
                          "Parent Relationship": "Outer",
                          "Parallel Aware": false,
                          "Join Type": "Inner",
                          "Startup Cost": 2414.28,
                          "Total Cost": 12210.98,
                          "Plan Rows": 1,
                          "Plan Width": 28,
                          "Inner Unique": true,
                          "Plans": [
                            {
                              "Node Type": "Nested Loop",
                              "Parent Relationship": "Outer",
                              "Parallel Aware": false,
                              "Join Type": "Inner",
                              "Startup Cost": 2413.99,
                              "Total Cost": 12210.66,
                              "Plan Rows": 1,
                              "Plan Width": 32,
                              "Inner Unique": true,
                              "Plans": [
                                {
                                  "Node Type": "Nested Loop",
                                  "Parent Relationship": "Outer",
                                  "Parallel Aware": false,
                                  "Join Type": "Inner",
                                  "Startup Cost": 2413.69,
                                  "Total Cost": 12210.34,
                                  "Plan Rows": 1,
                                  "Plan Width": 36,
                                  "Inner Unique": false,
                                  "Plans": [
                                    {
                                      "Node Type": "Nested Loop",
                                      "Parent Relationship": "Outer",
                                      "Parallel Aware": false,
                                      "Join Type": "Inner",
                                      "Startup Cost": 2413.27,
                                      "Total Cost": 12208.09,
                                      "Plan Rows": 1,
                                      "Plan Width": 32,
                                      "Inner Unique": true,
                                      "Plans": [
                                        {
                                          "Node Type": "Hash Join",
                                          "Parent Relationship": "Outer",
                                          "Parallel Aware": false,
                                          "Join Type": "Inner",
                                          "Startup Cost": 2412.84,
                                          "Total Cost": 10833.74,
                                          "Plan Rows": 1036,
                                          "Plan Width": 16,
                                          "Inner Unique": true,
                                          "Hash Cond": "(store_returns.sr_returned_date_sk = d2.d_date_sk)",
                                          "Plans": [
                                            {
                                              "Node Type": "Seq Scan",
                                              "Parent Relationship": "Outer",
                                              "Parallel Aware": false,
                                              "Relation Name": "store_returns",
                                              "Alias": "store_returns",
                                              "Startup Cost": 0.00,
                                              "Total Cost": 7666.14,
                                              "Plan Rows": 287514,
                                              "Plan Width": 20
                                            },
                                            {
                                              "Node Type": "Hash",
                                              "Parent Relationship": "Inner",
                                              "Parallel Aware": false,
                                              "Startup Cost": 2409.42,
                                              "Total Cost": 2409.42,
                                              "Plan Rows": 273,
                                              "Plan Width": 4,
                                              "Plans": [
                                                {
                                                  "Node Type": "Seq Scan",
                                                  "Parent Relationship": "Outer",
                                                  "Parallel Aware": false,
                                                  "Relation Name": "date_dim",
                                                  "Alias": "d2",
                                                  "Startup Cost": 0.00,
                                                  "Total Cost": 2409.42,
                                                  "Plan Rows": 273,
                                                  "Plan Width": 4,
                                                  "Filter": "(d_quarter_name = ANY ('{2000Q1,2000Q2,2000Q3}'::bpchar[]))"
                                                }
                                              ]
                                            }
                                          ]
                                        },
                                        {
                                          "Node Type": "Index Scan",
                                          "Parent Relationship": "Inner",
                                          "Parallel Aware": false,
                                          "Scan Direction": "Forward",
                                          "Index Name": "store_sales_pkey",
                                          "Relation Name": "store_sales",
                                          "Alias": "store_sales",
                                          "Startup Cost": 0.43,
                                          "Total Cost": 1.32,
                                          "Plan Rows": 1,
                                          "Plan Width": 24,
                                          "Index Cond": "((ss_item_sk = store_returns.sr_item_sk) AND (ss_ticket_number = store_returns.sr_ticket_number))",
                                          "Filter": "(store_returns.sr_customer_sk = ss_customer_sk)"
                                        }
                                      ]
                                    },
                                    {
                                      "Node Type": "Index Scan",
                                      "Parent Relationship": "Inner",
                                      "Parallel Aware": false,
                                      "Scan Direction": "Forward",
                                      "Index Name": "catalog_sales_pkey",
                                      "Relation Name": "catalog_sales",
                                      "Alias": "catalog_sales",
                                      "Startup Cost": 0.43,
                                      "Total Cost": 2.25,
                                      "Plan Rows": 1,
                                      "Plan Width": 16,
                                      "Index Cond": "(cs_item_sk = store_sales.ss_item_sk)",
                                      "Filter": "(store_sales.ss_customer_sk = cs_bill_customer_sk)"
                                    }
                                  ]
                                },
                                {
                                  "Node Type": "Index Scan",
                                  "Parent Relationship": "Inner",
                                  "Parallel Aware": false,
                                  "Scan Direction": "Forward",
                                  "Index Name": "date_dim_pkey",
                                  "Relation Name": "date_dim",
                                  "Alias": "d1",
                                  "Startup Cost": 0.29,
                                  "Total Cost": 0.31,
                                  "Plan Rows": 1,
                                  "Plan Width": 4,
                                  "Index Cond": "(d_date_sk = store_sales.ss_sold_date_sk)",
                                  "Filter": "(d_quarter_name = '2000Q1'::bpchar)"
                                }
                              ]
                            },
                            {
                              "Node Type": "Index Scan",
                              "Parent Relationship": "Inner",
                              "Parallel Aware": false,
                              "Scan Direction": "Forward",
                              "Index Name": "date_dim_pkey",
                              "Relation Name": "date_dim",
                              "Alias": "d3",
                              "Startup Cost": 0.29,
                              "Total Cost": 0.32,
                              "Plan Rows": 1,
                              "Plan Width": 4,
                              "Index Cond": "(d_date_sk = catalog_sales.cs_sold_date_sk)",
                              "Filter": "(d_quarter_name = ANY ('{2000Q1,2000Q2,2000Q3}'::bpchar[]))"
                            }
                          ]
                        },
                        {
                          "Node Type": "Seq Scan",
                          "Parent Relationship": "Inner",
                          "Parallel Aware": false,
                          "Relation Name": "store",
                          "Alias": "store",
                          "Startup Cost": 0.00,
                          "Total Cost": 1.12,
                          "Plan Rows": 12,
                          "Plan Width": 7
                        }
                      ]
                    },
                    {
                      "Node Type": "Index Scan",
                      "Parent Relationship": "Inner",
                      "Parallel Aware": false,
                      "Scan Direction": "Forward",
                      "Index Name": "item_pkey",
                      "Relation Name": "item",
                      "Alias": "item",
                      "Startup Cost": 0.29,
                      "Total Cost": 0.31,
                      "Plan Rows": 1,
                      "Plan Width": 123,
                      "Index Cond": "(i_item_sk = store_sales.ss_item_sk)"
                    }
                  ]
                }
              ]
            }
          ]
        }
      ]
    }
  }
]
SET
