[
  {
    "Plan": {
      "Node Type": "Limit",
      "Parallel Aware": false,
      "Startup Cost": 183170.38,
      "Total Cost": 183173.63,
      "Plan Rows": 100,
      "Plan Width": 64,
      "Plans": [
        {
          "Node Type": "Aggregate",
          "Strategy": "Sorted",
          "Partial Mode": "Simple",
          "Parent Relationship": "Outer",
          "Parallel Aware": false,
          "Startup Cost": 183170.38,
          "Total Cost": 183180.75,
          "Plan Rows": 319,
          "Plan Width": 64,
          "Group Key": ["customer_demographics.cd_gender", "customer_demographics.cd_marital_status", "customer_demographics.cd_education_status", "customer_demographics.cd_purchase_estimate", "customer_demographics.cd_credit_rating"],
          "Plans": [
            {
              "Node Type": "Sort",
              "Parent Relationship": "Outer",
              "Parallel Aware": false,
              "Startup Cost": 183170.38,
              "Total Cost": 183171.18,
              "Plan Rows": 319,
              "Plan Width": 40,
              "Sort Key": ["customer_demographics.cd_gender", "customer_demographics.cd_marital_status", "customer_demographics.cd_education_status", "customer_demographics.cd_purchase_estimate", "customer_demographics.cd_credit_rating"],
              "Plans": [
                {
                  "Node Type": "Hash Join",
                  "Parent Relationship": "Outer",
                  "Parallel Aware": false,
                  "Join Type": "Anti",
                  "Startup Cost": 179615.19,
                  "Total Cost": 183157.12,
                  "Plan Rows": 319,
                  "Plan Width": 40,
                  "Inner Unique": false,
                  "Hash Cond": "(c.c_customer_sk = catalog_sales.cs_ship_customer_sk)",
                  "Plans": [
                    {
                      "Node Type": "Nested Loop",
                      "Parent Relationship": "Outer",
                      "Parallel Aware": false,
                      "Join Type": "Inner",
                      "Startup Cost": 121301.44,
                      "Total Cost": 124839.23,
                      "Plan Rows": 325,
                      "Plan Width": 44,
                      "Inner Unique": true,
                      "Plans": [
                        {
                          "Node Type": "Hash Join",
                          "Parent Relationship": "Outer",
                          "Parallel Aware": false,
                          "Join Type": "Anti",
                          "Startup Cost": 121301.01,
                          "Total Cost": 124324.01,
                          "Plan Rows": 337,
                          "Plan Width": 8,
                          "Inner Unique": false,
                          "Hash Cond": "(c.c_customer_sk = web_sales.ws_bill_customer_sk)",
                          "Plans": [
                            {
                              "Node Type": "Nested Loop",
                              "Parent Relationship": "Outer",
                              "Parallel Aware": false,
                              "Join Type": "Inner",
                              "Startup Cost": 90755.84,
                              "Total Cost": 93774.55,
                              "Plan Rows": 340,
                              "Plan Width": 8,
                              "Inner Unique": true,
                              "Plans": [
                                {
                                  "Node Type": "Nested Loop",
                                  "Parent Relationship": "Outer",
                                  "Parallel Aware": false,
                                  "Join Type": "Inner",
                                  "Startup Cost": 90755.55,
                                  "Total Cost": 92526.51,
                                  "Plan Rows": 3464,
                                  "Plan Width": 12,
                                  "Inner Unique": true,
                                  "Plans": [
                                    {
                                      "Node Type": "Aggregate",
                                      "Strategy": "Hashed",
                                      "Partial Mode": "Simple",
                                      "Parent Relationship": "Outer",
                                      "Parallel Aware": false,
                                      "Startup Cost": 90755.26,
                                      "Total Cost": 90789.90,
                                      "Plan Rows": 3464,
                                      "Plan Width": 4,
                                      "Group Key": ["store_sales.ss_customer_sk"],
                                      "Plans": [
                                        {
                                          "Node Type": "Hash Join",
                                          "Parent Relationship": "Outer",
                                          "Parallel Aware": false,
                                          "Join Type": "Inner",
                                          "Startup Cost": 2684.51,
                                          "Total Cost": 90746.60,
                                          "Plan Rows": 3464,
                                          "Plan Width": 4,
                                          "Inner Unique": true,
                                          "Hash Cond": "(store_sales.ss_sold_date_sk = date_dim.d_date_sk)",
                                          "Plans": [
                                            {
                                              "Node Type": "Seq Scan",
                                              "Parent Relationship": "Outer",
                                              "Parallel Aware": false,
                                              "Relation Name": "store_sales",
                                              "Alias": "store_sales",
                                              "Startup Cost": 0.00,
                                              "Total Cost": 80500.49,
                                              "Plan Rows": 2880449,
                                              "Plan Width": 8
                                            },
                                            {
                                              "Node Type": "Hash",
                                              "Parent Relationship": "Inner",
                                              "Parallel Aware": false,
                                              "Startup Cost": 2683.36,
                                              "Total Cost": 2683.36,
                                              "Plan Rows": 92,
                                              "Plan Width": 4,
                                              "Plans": [
                                                {
                                                  "Node Type": "Seq Scan",
                                                  "Parent Relationship": "Outer",
                                                  "Parallel Aware": false,
                                                  "Relation Name": "date_dim",
                                                  "Alias": "date_dim",
                                                  "Startup Cost": 0.00,
                                                  "Total Cost": 2683.36,
                                                  "Plan Rows": 92,
                                                  "Plan Width": 4,
                                                  "Filter": "((d_moy >= 4) AND (d_moy <= 6) AND (d_year = 2002))"
                                                }
                                              ]
                                            }
                                          ]
                                        }
                                      ]
                                    },
                                    {
                                      "Node Type": "Index Scan",
                                      "Parent Relationship": "Inner",
                                      "Parallel Aware": false,
                                      "Scan Direction": "Forward",
                                      "Index Name": "customer_pkey",
                                      "Relation Name": "customer",
                                      "Alias": "c",
                                      "Startup Cost": 0.29,
                                      "Total Cost": 0.51,
                                      "Plan Rows": 1,
                                      "Plan Width": 12,
                                      "Index Cond": "(c_customer_sk = store_sales.ss_customer_sk)"
                                    }
                                  ]
                                },
                                {
                                  "Node Type": "Index Scan",
                                  "Parent Relationship": "Inner",
                                  "Parallel Aware": false,
                                  "Scan Direction": "Forward",
                                  "Index Name": "customer_address_pkey",
                                  "Relation Name": "customer_address",
                                  "Alias": "ca",
                                  "Startup Cost": 0.29,
                                  "Total Cost": 0.36,
                                  "Plan Rows": 1,
                                  "Plan Width": 4,
                                  "Index Cond": "(ca_address_sk = c.c_current_addr_sk)",
                                  "Filter": "(ca_state = ANY ('{OH,AR,GA}'::bpchar[]))"
                                }
                              ]
                            },
                            {
                              "Node Type": "Hash",
                              "Parent Relationship": "Inner",
                              "Parallel Aware": false,
                              "Startup Cost": 30533.84,
                              "Total Cost": 30533.84,
                              "Plan Rows": 906,
                              "Plan Width": 4,
                              "Plans": [
                                {
                                  "Node Type": "Hash Join",
                                  "Parent Relationship": "Outer",
                                  "Parallel Aware": false,
                                  "Join Type": "Inner",
                                  "Startup Cost": 2684.51,
                                  "Total Cost": 30533.84,
                                  "Plan Rows": 906,
                                  "Plan Width": 4,
                                  "Inner Unique": true,
                                  "Hash Cond": "(web_sales.ws_sold_date_sk = date_dim_1.d_date_sk)",
                                  "Plans": [
                                    {
                                      "Node Type": "Seq Scan",
                                      "Parent Relationship": "Outer",
                                      "Parallel Aware": false,
                                      "Relation Name": "web_sales",
                                      "Alias": "web_sales",
                                      "Startup Cost": 0.00,
                                      "Total Cost": 25960.84,
                                      "Plan Rows": 719384,
                                      "Plan Width": 8
                                    },
                                    {
                                      "Node Type": "Hash",
                                      "Parent Relationship": "Inner",
                                      "Parallel Aware": false,
                                      "Startup Cost": 2683.36,
                                      "Total Cost": 2683.36,
                                      "Plan Rows": 92,
                                      "Plan Width": 4,
                                      "Plans": [
                                        {
                                          "Node Type": "Seq Scan",
                                          "Parent Relationship": "Outer",
                                          "Parallel Aware": false,
                                          "Relation Name": "date_dim",
                                          "Alias": "date_dim_1",
                                          "Startup Cost": 0.00,
                                          "Total Cost": 2683.36,
                                          "Plan Rows": 92,
                                          "Plan Width": 4,
                                          "Filter": "((d_moy >= 4) AND (d_moy <= 6) AND (d_year = 2002))"
                                        }
                                      ]
                                    }
                                  ]
                                }
                              ]
                            }
                          ]
                        },
                        {
                          "Node Type": "Index Scan",
                          "Parent Relationship": "Inner",
                          "Parallel Aware": false,
                          "Scan Direction": "Forward",
                          "Index Name": "customer_demographics_pkey",
                          "Relation Name": "customer_demographics",
                          "Alias": "customer_demographics",
                          "Startup Cost": 0.43,
                          "Total Cost": 1.53,
                          "Plan Rows": 1,
                          "Plan Width": 44,
                          "Index Cond": "(cd_demo_sk = c.c_current_cdemo_sk)"
                        }
                      ]
                    },
                    {
                      "Node Type": "Hash",
                      "Parent Relationship": "Inner",
                      "Parallel Aware": false,
                      "Startup Cost": 58291.17,
                      "Total Cost": 58291.17,
                      "Plan Rows": 1807,
                      "Plan Width": 4,
                      "Plans": [
                        {
                          "Node Type": "Hash Join",
                          "Parent Relationship": "Outer",
                          "Parallel Aware": false,
                          "Join Type": "Inner",
                          "Startup Cost": 2684.51,
                          "Total Cost": 58291.17,
                          "Plan Rows": 1807,
                          "Plan Width": 4,
                          "Inner Unique": true,
                          "Hash Cond": "(catalog_sales.cs_sold_date_sk = date_dim_2.d_date_sk)",
                          "Plans": [
                            {
                              "Node Type": "Seq Scan",
                              "Parent Relationship": "Outer",
                              "Parallel Aware": false,
                              "Relation Name": "catalog_sales",
                              "Alias": "catalog_sales",
                              "Startup Cost": 0.00,
                              "Total Cost": 51821.98,
                              "Plan Rows": 1441698,
                              "Plan Width": 8
                            },
                            {
                              "Node Type": "Hash",
                              "Parent Relationship": "Inner",
                              "Parallel Aware": false,
                              "Startup Cost": 2683.36,
                              "Total Cost": 2683.36,
                              "Plan Rows": 92,
                              "Plan Width": 4,
                              "Plans": [
                                {
                                  "Node Type": "Seq Scan",
                                  "Parent Relationship": "Outer",
                                  "Parallel Aware": false,
                                  "Relation Name": "date_dim",
                                  "Alias": "date_dim_2",
                                  "Startup Cost": 0.00,
                                  "Total Cost": 2683.36,
                                  "Plan Rows": 92,
                                  "Plan Width": 4,
                                  "Filter": "((d_moy >= 4) AND (d_moy <= 6) AND (d_year = 2002))"
                                }
                              ]
                            }
                          ]
                        }
                      ]
                    }
                  ]
                }
              ]
            }
          ]
        }
      ]
    }
  }
]
SET
