[
  {
    "Plan": {
      "Node Type": "Limit",
      "Parallel Aware": false,
      "Startup Cost": 71551770.10,
      "Total Cost": 71551770.13,
      "Plan Rows": 7,
      "Plan Width": 51,
      "Plans": [
        {
          "Node Type": "Unique",
          "Parent Relationship": "Outer",
          "Parallel Aware": false,
          "Startup Cost": 71551770.10,
          "Total Cost": 71551770.13,
          "Plan Rows": 7,
          "Plan Width": 51,
          "Plans": [
            {
              "Node Type": "Sort",
              "Parent Relationship": "Outer",
              "Parallel Aware": false,
              "Startup Cost": 71551770.10,
              "Total Cost": 71551770.12,
              "Plan Rows": 7,
              "Plan Width": 51,
              "Sort Key": ["i1.i_product_name"],
              "Plans": [
                {
                  "Node Type": "Seq Scan",
                  "Parent Relationship": "Outer",
                  "Parallel Aware": false,
                  "Relation Name": "item",
                  "Alias": "i1",
                  "Startup Cost": 0.00,
                  "Total Cost": 71551770.00,
                  "Plan Rows": 7,
                  "Plan Width": 51,
                  "Filter": "((i_manufact_id >= 999) AND (i_manufact_id <= 1039) AND ((SubPlan 1) > 0))",
                  "Plans": [
                    {
                      "Node Type": "Aggregate",
                      "Strategy": "Plain",
                      "Partial Mode": "Simple",
                      "Parent Relationship": "SubPlan",
                      "Subplan Name": "SubPlan 1",
                      "Parallel Aware": false,
                      "Startup Cost": 3975.00,
                      "Total Cost": 3975.01,
                      "Plan Rows": 1,
                      "Plan Width": 8,
                      "Plans": [
                        {
                          "Node Type": "Seq Scan",
                          "Parent Relationship": "Outer",
                          "Parallel Aware": false,
                          "Relation Name": "item",
                          "Alias": "item",
                          "Startup Cost": 0.00,
                          "Total Cost": 3975.00,
                          "Plan Rows": 1,
                          "Plan Width": 0,
                          "Filter": "((i_manufact = i1.i_manufact) AND (((i_category = 'Women'::bpchar) AND ((i_color = 'lemon'::bpchar) OR (i_color = 'misty'::bpchar)) AND ((i_units = 'Box'::bpchar) OR (i_units = 'Cup'::bpchar)) AND ((i_size = 'petite'::bpchar) OR (i_size = 'N/A'::bpchar))) OR ((i_category = 'Women'::bpchar) AND ((i_color = 'snow'::bpchar) OR (i_color = 'deep'::bpchar)) AND ((i_units = 'Ton'::bpchar) OR (i_units = 'Gram'::bpchar)) AND ((i_size = 'medium'::bpchar) OR (i_size = 'economy'::bpchar))) OR ((i_category = 'Men'::bpchar) AND ((i_color = 'ivory'::bpchar) OR (i_color = 'lawn'::bpchar)) AND ((i_units = 'Tsp'::bpchar) OR (i_units = 'Unknown'::bpchar)) AND ((i_size = 'extra large'::bpchar) OR (i_size = 'large'::bpchar))) OR ((i_category = 'Men'::bpchar) AND ((i_color = 'cornflower'::bpchar) OR (i_color = 'khaki'::bpchar)) AND ((i_units = 'Dozen'::bpchar) OR (i_units = 'Bunch'::bpchar)) AND ((i_size = 'petite'::bpchar) OR (i_size = 'N/A'::bpchar))) OR ((i_category = 'Women'::bpchar) AND ((i_color = 'slate'::bpchar) OR (i_color = 'peach'::bpchar)) AND ((i_units = 'Dram'::bpchar) OR (i_units = 'Each'::bpchar)) AND ((i_size = 'petite'::bpchar) OR (i_size = 'N/A'::bpchar))) OR ((i_category = 'Women'::bpchar) AND ((i_color = 'rose'::bpchar) OR (i_color = 'royal'::bpchar)) AND ((i_units = 'Tbl'::bpchar) OR (i_units = 'Case'::bpchar)) AND ((i_size = 'medium'::bpchar) OR (i_size = 'economy'::bpchar))) OR ((i_category = 'Men'::bpchar) AND ((i_color = 'papaya'::bpchar) OR (i_color = 'navy'::bpchar)) AND ((i_units = 'Ounce'::bpchar) OR (i_units = 'Lb'::bpchar)) AND ((i_size = 'extra large'::bpchar) OR (i_size = 'large'::bpchar))) OR ((i_category = 'Men'::bpchar) AND ((i_color = 'coral'::bpchar) OR (i_color = 'olive'::bpchar)) AND ((i_units = 'N/A'::bpchar) OR (i_units = 'Carton'::bpchar)) AND ((i_size = 'petite'::bpchar) OR (i_size = 'N/A'::bpchar)))))"
                        }
                      ]
                    }
                  ]
                }
              ]
            }
          ]
        }
      ]
    }
  }
]
SET
