[
  {
    "Plan": {
      "Node Type": "Aggregate",
      "Strategy": "Plain",
      "Partial Mode": "Simple",
      "Parallel Aware": false,
      "Startup Cost": 169672.27,
      "Total Cost": 169672.28,
      "Plan Rows": 1,
      "Plan Width": 128,
      "Plans": [
        {
          "Node Type": "Nested Loop",
          "Parent Relationship": "Outer",
          "Parallel Aware": false,
          "Join Type": "Inner",
          "Startup Cost": 2324.93,
          "Total Cost": 169672.25,
          "Plan Rows": 1,
          "Plan Width": 16,
          "Inner Unique": true,
          "Join Filter": "(((customer_demographics.cd_marital_status = 'D'::bpchar) AND (customer_demographics.cd_education_status = '2 yr Degree'::bpchar) AND (store_sales.ss_sales_price >= 100.00) AND (store_sales.ss_sales_price <= 150.00) AND (household_demographics.hd_dep_count = 3)) OR ((customer_demographics.cd_marital_status = 'U'::bpchar) AND (customer_demographics.cd_education_status = 'Unknown'::bpchar) AND (store_sales.ss_sales_price >= 50.00) AND (store_sales.ss_sales_price <= 100.00) AND (household_demographics.hd_dep_count = 1)) OR ((customer_demographics.cd_marital_status = 'M'::bpchar) AND (customer_demographics.cd_education_status = 'College'::bpchar) AND (store_sales.ss_sales_price >= 150.00) AND (store_sales.ss_sales_price <= 200.00) AND (household_demographics.hd_dep_count = 1)))",
          "Plans": [
            {
              "Node Type": "Nested Loop",
              "Parent Relationship": "Outer",
              "Parallel Aware": false,
              "Join Type": "Inner",
              "Startup Cost": 2324.51,
              "Total Cost": 169658.84,
              "Plan Rows": 8,
              "Plan Width": 30,
              "Inner Unique": true,
              "Plans": [
                {
                  "Node Type": "Nested Loop",
                  "Parent Relationship": "Outer",
                  "Parallel Aware": false,
                  "Join Type": "Inner",
                  "Startup Cost": 2324.22,
                  "Total Cost": 169614.11,
                  "Plan Rows": 109,
                  "Plan Width": 40,
                  "Inner Unique": true,
                  "Plans": [
                    {
                      "Node Type": "Hash Join",
                      "Parent Relationship": "Outer",
                      "Parallel Aware": false,
                      "Join Type": "Inner",
                      "Startup Cost": 2323.93,
                      "Total Cost": 169482.99,
                      "Plan Rows": 422,
                      "Plan Width": 40,
                      "Inner Unique": true,
                      "Hash Cond": "(store_sales.ss_store_sk = store.s_store_sk)",
                      "Plans": [
                        {
                          "Node Type": "Hash Join",
                          "Parent Relationship": "Outer",
                          "Parallel Aware": false,
                          "Join Type": "Inner",
                          "Startup Cost": 2322.66,
                          "Total Cost": 169480.17,
                          "Plan Rows": 441,
                          "Plan Width": 44,
                          "Inner Unique": true,
                          "Hash Cond": "(store_sales.ss_sold_date_sk = date_dim.d_date_sk)",
                          "Plans": [
                            {
                              "Node Type": "Seq Scan",
                              "Parent Relationship": "Outer",
                              "Parallel Aware": false,
                              "Relation Name": "store_sales",
                              "Alias": "store_sales",
                              "Startup Cost": 0.00,
                              "Total Cost": 166913.96,
                              "Plan Rows": 92775,
                              "Plan Width": 48,
                              "Filter": "((((ss_sales_price >= 100.00) AND (ss_sales_price <= 150.00)) OR ((ss_sales_price >= 50.00) AND (ss_sales_price <= 100.00)) OR ((ss_sales_price >= 150.00) AND (ss_sales_price <= 200.00))) AND (((ss_net_profit >= '100'::numeric) AND (ss_net_profit <= '200'::numeric)) OR ((ss_net_profit >= '150'::numeric) AND (ss_net_profit <= '300'::numeric)) OR ((ss_net_profit >= '50'::numeric) AND (ss_net_profit <= '250'::numeric))))"
                            },
                            {
                              "Node Type": "Hash",
                              "Parent Relationship": "Inner",
                              "Parallel Aware": false,
                              "Startup Cost": 2318.11,
                              "Total Cost": 2318.11,
                              "Plan Rows": 364,
                              "Plan Width": 4,
                              "Plans": [
                                {
                                  "Node Type": "Seq Scan",
                                  "Parent Relationship": "Outer",
                                  "Parallel Aware": false,
                                  "Relation Name": "date_dim",
                                  "Alias": "date_dim",
                                  "Startup Cost": 0.00,
                                  "Total Cost": 2318.11,
                                  "Plan Rows": 364,
                                  "Plan Width": 4,
                                  "Filter": "(d_year = 2001)"
                                }
                              ]
                            }
                          ]
                        },
                        {
                          "Node Type": "Hash",
                          "Parent Relationship": "Inner",
                          "Parallel Aware": false,
                          "Startup Cost": 1.12,
                          "Total Cost": 1.12,
                          "Plan Rows": 12,
                          "Plan Width": 4,
                          "Plans": [
                            {
                              "Node Type": "Seq Scan",
                              "Parent Relationship": "Outer",
                              "Parallel Aware": false,
                              "Relation Name": "store",
                              "Alias": "store",
                              "Startup Cost": 0.00,
                              "Total Cost": 1.12,
                              "Plan Rows": 12,
                              "Plan Width": 4
                            }
                          ]
                        }
                      ]
                    },
                    {
                      "Node Type": "Index Scan",
                      "Parent Relationship": "Inner",
                      "Parallel Aware": false,
                      "Scan Direction": "Forward",
                      "Index Name": "household_demographics_pkey",
                      "Relation Name": "household_demographics",
                      "Alias": "household_demographics",
                      "Startup Cost": 0.28,
                      "Total Cost": 0.31,
                      "Plan Rows": 1,
                      "Plan Width": 8,
                      "Index Cond": "(hd_demo_sk = store_sales.ss_hdemo_sk)",
                      "Filter": "((hd_dep_count = 3) OR (hd_dep_count = 1) OR (hd_dep_count = 1))"
                    }
                  ]
                },
                {
                  "Node Type": "Index Scan",
                  "Parent Relationship": "Inner",
                  "Parallel Aware": false,
                  "Scan Direction": "Forward",
                  "Index Name": "customer_address_pkey",
                  "Relation Name": "customer_address",
                  "Alias": "customer_address",
                  "Startup Cost": 0.29,
                  "Total Cost": 0.40,
                  "Plan Rows": 1,
                  "Plan Width": 7,
                  "Index Cond": "(ca_address_sk = store_sales.ss_addr_sk)",
                  "Filter": "(((ca_country)::text = 'United States'::text) AND ((ca_state = ANY ('{NY,AL,PA}'::bpchar[])) OR (ca_state = ANY ('{WI,MT,GA}'::bpchar[])) OR (ca_state = ANY ('{OH,VA,SC}'::bpchar[]))) AND (((ca_state = ANY ('{NY,AL,PA}'::bpchar[])) AND (store_sales.ss_net_profit >= '100'::numeric) AND (store_sales.ss_net_profit <= '200'::numeric)) OR ((ca_state = ANY ('{WI,MT,GA}'::bpchar[])) AND (store_sales.ss_net_profit >= '150'::numeric) AND (store_sales.ss_net_profit <= '300'::numeric)) OR ((ca_state = ANY ('{OH,VA,SC}'::bpchar[])) AND (store_sales.ss_net_profit >= '50'::numeric) AND (store_sales.ss_net_profit <= '250'::numeric))))"
                }
              ]
            },
            {
              "Node Type": "Index Scan",
              "Parent Relationship": "Inner",
              "Parallel Aware": false,
              "Scan Direction": "Forward",
              "Index Name": "customer_demographics_pkey",
              "Relation Name": "customer_demographics",
              "Alias": "customer_demographics",
              "Startup Cost": 0.43,
              "Total Cost": 1.63,
              "Plan Rows": 1,
              "Plan Width": 27,
              "Index Cond": "(cd_demo_sk = store_sales.ss_cdemo_sk)",
              "Filter": "(((cd_marital_status = 'D'::bpchar) AND (cd_education_status = '2 yr Degree'::bpchar)) OR ((cd_marital_status = 'U'::bpchar) AND (cd_education_status = 'Unknown'::bpchar)) OR ((cd_marital_status = 'M'::bpchar) AND (cd_education_status = 'College'::bpchar)))"
            }
          ]
        }
      ]
    }
  }
]
SET
