[
  {
    "Plan": {
      "Node Type": "Limit",
      "Parallel Aware": false,
      "Startup Cost": 181204.86,
      "Total Cost": 181204.87,
      "Plan Rows": 1,
      "Plan Width": 96,
      "Plans": [
        {
          "Node Type": "Sort",
          "Parent Relationship": "Outer",
          "Parallel Aware": false,
          "Startup Cost": 181204.86,
          "Total Cost": 181204.87,
          "Plan Rows": 1,
          "Plan Width": 96,
          "Sort Key": ["(sum(store_sales.ss_ext_sales_price))", "(sum(store_sales_1.ss_ext_sales_price))"],
          "Plans": [
            {
              "Node Type": "Nested Loop",
              "Parent Relationship": "Outer",
              "Parallel Aware": false,
              "Join Type": "Inner",
              "Startup Cost": 181204.79,
              "Total Cost": 181204.85,
              "Plan Rows": 1,
              "Plan Width": 96,
              "Inner Unique": false,
              "Plans": [
                {
                  "Node Type": "Aggregate",
                  "Strategy": "Plain",
                  "Partial Mode": "Simple",
                  "Parent Relationship": "Outer",
                  "Parallel Aware": false,
                  "Startup Cost": 90601.49,
                  "Total Cost": 90601.50,
                  "Plan Rows": 1,
                  "Plan Width": 32,
                  "Plans": [
                    {
                      "Node Type": "Nested Loop",
                      "Parent Relationship": "Outer",
                      "Parallel Aware": false,
                      "Join Type": "Inner",
                      "Startup Cost": 2518.38,
                      "Total Cost": 90601.49,
                      "Plan Rows": 1,
                      "Plan Width": 6,
                      "Inner Unique": true,
                      "Plans": [
                        {
                          "Node Type": "Nested Loop",
                          "Parent Relationship": "Outer",
                          "Parallel Aware": false,
                          "Join Type": "Inner",
                          "Startup Cost": 2518.09,
                          "Total Cost": 90600.05,
                          "Plan Rows": 4,
                          "Plan Width": 10,
                          "Inner Unique": true,
                          "Plans": [
                            {
                              "Node Type": "Nested Loop",
                              "Parent Relationship": "Outer",
                              "Parallel Aware": false,
                              "Join Type": "Inner",
                              "Startup Cost": 2517.80,
                              "Total Cost": 90598.48,
                              "Plan Rows": 5,
                              "Plan Width": 10,
                              "Inner Unique": true,
                              "Plans": [
                                {
                                  "Node Type": "Hash Join",
                                  "Parent Relationship": "Outer",
                                  "Parallel Aware": false,
                                  "Join Type": "Inner",
                                  "Startup Cost": 2517.51,
                                  "Total Cost": 90583.94,
                                  "Plan Rows": 47,
                                  "Plan Width": 14,
                                  "Inner Unique": true,
                                  "Hash Cond": "(store_sales.ss_promo_sk = promotion.p_promo_sk)",
                                  "Plans": [
                                    {
                                      "Node Type": "Hash Join",
                                      "Parent Relationship": "Outer",
                                      "Parallel Aware": false,
                                      "Join Type": "Inner",
                                      "Startup Cost": 2502.28,
                                      "Total Cost": 90568.47,
                                      "Plan Rows": 93,
                                      "Plan Width": 18,
                                      "Inner Unique": true,
                                      "Hash Cond": "(store_sales.ss_store_sk = store.s_store_sk)",
                                      "Plans": [
                                        {
                                          "Node Type": "Hash Join",
                                          "Parent Relationship": "Outer",
                                          "Parallel Aware": false,
                                          "Join Type": "Inner",
                                          "Startup Cost": 2501.12,
                                          "Total Cost": 90563.21,
                                          "Plan Rows": 1167,
                                          "Plan Width": 22,
                                          "Inner Unique": true,
                                          "Hash Cond": "(store_sales.ss_sold_date_sk = date_dim.d_date_sk)",
                                          "Plans": [
                                            {
                                              "Node Type": "Seq Scan",
                                              "Parent Relationship": "Outer",
                                              "Parallel Aware": false,
                                              "Relation Name": "store_sales",
                                              "Alias": "store_sales",
                                              "Startup Cost": 0.00,
                                              "Total Cost": 80500.49,
                                              "Plan Rows": 2880449,
                                              "Plan Width": 26
                                            },
                                            {
                                              "Node Type": "Hash",
                                              "Parent Relationship": "Inner",
                                              "Parallel Aware": false,
                                              "Startup Cost": 2500.73,
                                              "Total Cost": 2500.73,
                                              "Plan Rows": 31,
                                              "Plan Width": 4,
                                              "Plans": [
                                                {
                                                  "Node Type": "Seq Scan",
                                                  "Parent Relationship": "Outer",
                                                  "Parallel Aware": false,
                                                  "Relation Name": "date_dim",
                                                  "Alias": "date_dim",
                                                  "Startup Cost": 0.00,
                                                  "Total Cost": 2500.73,
                                                  "Plan Rows": 31,
                                                  "Plan Width": 4,
                                                  "Filter": "((d_year = 2001) AND (d_moy = 12))"
                                                }
                                              ]
                                            }
                                          ]
                                        },
                                        {
                                          "Node Type": "Hash",
                                          "Parent Relationship": "Inner",
                                          "Parallel Aware": false,
                                          "Startup Cost": 1.15,
                                          "Total Cost": 1.15,
                                          "Plan Rows": 1,
                                          "Plan Width": 4,
                                          "Plans": [
                                            {
                                              "Node Type": "Seq Scan",
                                              "Parent Relationship": "Outer",
                                              "Parallel Aware": false,
                                              "Relation Name": "store",
                                              "Alias": "store",
                                              "Startup Cost": 0.00,
                                              "Total Cost": 1.15,
                                              "Plan Rows": 1,
                                              "Plan Width": 4,
                                              "Filter": "(s_gmt_offset = '-7'::numeric)"
                                            }
                                          ]
                                        }
                                      ]
                                    },
                                    {
                                      "Node Type": "Hash",
                                      "Parent Relationship": "Inner",
                                      "Parallel Aware": false,
                                      "Startup Cost": 13.25,
                                      "Total Cost": 13.25,
                                      "Plan Rows": 158,
                                      "Plan Width": 4,
                                      "Plans": [
                                        {
                                          "Node Type": "Seq Scan",
                                          "Parent Relationship": "Outer",
                                          "Parallel Aware": false,
                                          "Relation Name": "promotion",
                                          "Alias": "promotion",
                                          "Startup Cost": 0.00,
                                          "Total Cost": 13.25,
                                          "Plan Rows": 158,
                                          "Plan Width": 4,
                                          "Filter": "((p_channel_dmail = 'Y'::bpchar) OR (p_channel_email = 'Y'::bpchar) OR (p_channel_tv = 'Y'::bpchar))"
                                        }
                                      ]
                                    }
                                  ]
                                },
                                {
                                  "Node Type": "Index Scan",
                                  "Parent Relationship": "Inner",
                                  "Parallel Aware": false,
                                  "Scan Direction": "Forward",
                                  "Index Name": "item_pkey",
                                  "Relation Name": "item",
                                  "Alias": "item",
                                  "Startup Cost": 0.29,
                                  "Total Cost": 0.31,
                                  "Plan Rows": 1,
                                  "Plan Width": 4,
                                  "Index Cond": "(i_item_sk = store_sales.ss_item_sk)",
                                  "Filter": "(i_category = 'Sports'::bpchar)"
                                }
                              ]
                            },
                            {
                              "Node Type": "Index Scan",
                              "Parent Relationship": "Inner",
                              "Parallel Aware": false,
                              "Scan Direction": "Forward",
                              "Index Name": "customer_pkey",
                              "Relation Name": "customer",
                              "Alias": "customer",
                              "Startup Cost": 0.29,
                              "Total Cost": 0.31,
                              "Plan Rows": 1,
                              "Plan Width": 8,
                              "Index Cond": "(c_customer_sk = store_sales.ss_customer_sk)"
                            }
                          ]
                        },
                        {
                          "Node Type": "Index Scan",
                          "Parent Relationship": "Inner",
                          "Parallel Aware": false,
                          "Scan Direction": "Forward",
                          "Index Name": "customer_address_pkey",
                          "Relation Name": "customer_address",
                          "Alias": "customer_address",
                          "Startup Cost": 0.29,
                          "Total Cost": 0.36,
                          "Plan Rows": 1,
                          "Plan Width": 4,
                          "Index Cond": "(ca_address_sk = customer.c_current_addr_sk)",
                          "Filter": "(ca_gmt_offset = '-7'::numeric)"
                        }
                      ]
                    }
                  ]
                },
                {
                  "Node Type": "Aggregate",
                  "Strategy": "Plain",
                  "Partial Mode": "Simple",
                  "Parent Relationship": "Inner",
                  "Parallel Aware": false,
                  "Startup Cost": 90603.30,
                  "Total Cost": 90603.31,
                  "Plan Rows": 1,
                  "Plan Width": 32,
                  "Plans": [
                    {
                      "Node Type": "Nested Loop",
                      "Parent Relationship": "Outer",
                      "Parallel Aware": false,
                      "Join Type": "Inner",
                      "Startup Cost": 2503.15,
                      "Total Cost": 90603.30,
                      "Plan Rows": 1,
                      "Plan Width": 6,
                      "Inner Unique": true,
                      "Plans": [
                        {
                          "Node Type": "Nested Loop",
                          "Parent Relationship": "Outer",
                          "Parallel Aware": false,
                          "Join Type": "Inner",
                          "Startup Cost": 2502.86,
                          "Total Cost": 90600.07,
                          "Plan Rows": 9,
                          "Plan Width": 10,
                          "Inner Unique": true,
                          "Plans": [
                            {
                              "Node Type": "Nested Loop",
                              "Parent Relationship": "Outer",
                              "Parallel Aware": false,
                              "Join Type": "Inner",
                              "Startup Cost": 2502.57,
                              "Total Cost": 90597.24,
                              "Plan Rows": 9,
                              "Plan Width": 10,
                              "Inner Unique": true,
                              "Plans": [
                                {
                                  "Node Type": "Hash Join",
                                  "Parent Relationship": "Outer",
                                  "Parallel Aware": false,
                                  "Join Type": "Inner",
                                  "Startup Cost": 2502.28,
                                  "Total Cost": 90568.47,
                                  "Plan Rows": 93,
                                  "Plan Width": 14,
                                  "Inner Unique": true,
                                  "Hash Cond": "(store_sales_1.ss_store_sk = store_1.s_store_sk)",
                                  "Plans": [
                                    {
                                      "Node Type": "Hash Join",
                                      "Parent Relationship": "Outer",
                                      "Parallel Aware": false,
                                      "Join Type": "Inner",
                                      "Startup Cost": 2501.12,
                                      "Total Cost": 90563.21,
                                      "Plan Rows": 1167,
                                      "Plan Width": 18,
                                      "Inner Unique": true,
                                      "Hash Cond": "(store_sales_1.ss_sold_date_sk = date_dim_1.d_date_sk)",
                                      "Plans": [
                                        {
                                          "Node Type": "Seq Scan",
                                          "Parent Relationship": "Outer",
                                          "Parallel Aware": false,
                                          "Relation Name": "store_sales",
                                          "Alias": "store_sales_1",
                                          "Startup Cost": 0.00,
                                          "Total Cost": 80500.49,
                                          "Plan Rows": 2880449,
                                          "Plan Width": 22
                                        },
                                        {
                                          "Node Type": "Hash",
                                          "Parent Relationship": "Inner",
                                          "Parallel Aware": false,
                                          "Startup Cost": 2500.73,
                                          "Total Cost": 2500.73,
                                          "Plan Rows": 31,
                                          "Plan Width": 4,
                                          "Plans": [
                                            {
                                              "Node Type": "Seq Scan",
                                              "Parent Relationship": "Outer",
                                              "Parallel Aware": false,
                                              "Relation Name": "date_dim",
                                              "Alias": "date_dim_1",
                                              "Startup Cost": 0.00,
                                              "Total Cost": 2500.73,
                                              "Plan Rows": 31,
                                              "Plan Width": 4,
                                              "Filter": "((d_year = 2001) AND (d_moy = 12))"
                                            }
                                          ]
                                        }
                                      ]
                                    },
                                    {
                                      "Node Type": "Hash",
                                      "Parent Relationship": "Inner",
                                      "Parallel Aware": false,
                                      "Startup Cost": 1.15,
                                      "Total Cost": 1.15,
                                      "Plan Rows": 1,
                                      "Plan Width": 4,
                                      "Plans": [
                                        {
                                          "Node Type": "Seq Scan",
                                          "Parent Relationship": "Outer",
                                          "Parallel Aware": false,
                                          "Relation Name": "store",
                                          "Alias": "store_1",
                                          "Startup Cost": 0.00,
                                          "Total Cost": 1.15,
                                          "Plan Rows": 1,
                                          "Plan Width": 4,
                                          "Filter": "(s_gmt_offset = '-7'::numeric)"
                                        }
                                      ]
                                    }
                                  ]
                                },
                                {
                                  "Node Type": "Index Scan",
                                  "Parent Relationship": "Inner",
                                  "Parallel Aware": false,
                                  "Scan Direction": "Forward",
                                  "Index Name": "item_pkey",
                                  "Relation Name": "item",
                                  "Alias": "item_1",
                                  "Startup Cost": 0.29,
                                  "Total Cost": 0.31,
                                  "Plan Rows": 1,
                                  "Plan Width": 4,
                                  "Index Cond": "(i_item_sk = store_sales_1.ss_item_sk)",
                                  "Filter": "(i_category = 'Sports'::bpchar)"
                                }
                              ]
                            },
                            {
                              "Node Type": "Index Scan",
                              "Parent Relationship": "Inner",
                              "Parallel Aware": false,
                              "Scan Direction": "Forward",
                              "Index Name": "customer_pkey",
                              "Relation Name": "customer",
                              "Alias": "customer_1",
                              "Startup Cost": 0.29,
                              "Total Cost": 0.31,
                              "Plan Rows": 1,
                              "Plan Width": 8,
                              "Index Cond": "(c_customer_sk = store_sales_1.ss_customer_sk)"
                            }
                          ]
                        },
                        {
                          "Node Type": "Index Scan",
                          "Parent Relationship": "Inner",
                          "Parallel Aware": false,
                          "Scan Direction": "Forward",
                          "Index Name": "customer_address_pkey",
                          "Relation Name": "customer_address",
                          "Alias": "customer_address_1",
                          "Startup Cost": 0.29,
                          "Total Cost": 0.36,
                          "Plan Rows": 1,
                          "Plan Width": 4,
                          "Index Cond": "(ca_address_sk = customer_1.c_current_addr_sk)",
                          "Filter": "(ca_gmt_offset = '-7'::numeric)"
                        }
                      ]
                    }
                  ]
                }
              ]
            }
          ]
        }
      ]
    }
  }
]
SET
