[
  {
    "Plan": {
      "Node Type": "Limit",
      "Parallel Aware": false,
      "Startup Cost": 97194.78,
      "Total Cost": 97198.28,
      "Plan Rows": 100,
      "Plan Width": 145,
      "Plans": [
        {
          "Node Type": "Aggregate",
          "Strategy": "Sorted",
          "Partial Mode": "Simple",
          "Parent Relationship": "Outer",
          "Parallel Aware": false,
          "Startup Cost": 97194.78,
          "Total Cost": 97200.98,
          "Plan Rows": 177,
          "Plan Width": 145,
          "Group Key": ["item.i_item_id"],
          "Plans": [
            {
              "Node Type": "Sort",
              "Parent Relationship": "Outer",
              "Parallel Aware": false,
              "Startup Cost": 97194.78,
              "Total Cost": 97195.22,
              "Plan Rows": 177,
              "Plan Width": 36,
              "Sort Key": ["item.i_item_id"],
              "Plans": [
                {
                  "Node Type": "Nested Loop",
                  "Parent Relationship": "Outer",
                  "Parallel Aware": false,
                  "Join Type": "Inner",
                  "Startup Cost": 2323.53,
                  "Total Cost": 97188.17,
                  "Plan Rows": 177,
                  "Plan Width": 36,
                  "Inner Unique": true,
                  "Plans": [
                    {
                      "Node Type": "Nested Loop",
                      "Parent Relationship": "Outer",
                      "Parallel Aware": false,
                      "Join Type": "Inner",
                      "Startup Cost": 2323.24,
                      "Total Cost": 97133.87,
                      "Plan Rows": 177,
                      "Plan Width": 23,
                      "Inner Unique": true,
                      "Plans": [
                        {
                          "Node Type": "Nested Loop",
                          "Parent Relationship": "Outer",
                          "Parallel Aware": false,
                          "Join Type": "Inner",
                          "Startup Cost": 2323.09,
                          "Total Cost": 97102.44,
                          "Plan Rows": 185,
                          "Plan Width": 27,
                          "Inner Unique": true,
                          "Plans": [
                            {
                              "Node Type": "Hash Join",
                              "Parent Relationship": "Outer",
                              "Parallel Aware": false,
                              "Join Type": "Inner",
                              "Startup Cost": 2322.66,
                              "Total Cost": 90384.75,
                              "Plan Rows": 13706,
                              "Plan Width": 31,
                              "Inner Unique": true,
                              "Hash Cond": "(store_sales.ss_sold_date_sk = date_dim.d_date_sk)",
                              "Plans": [
                                {
                                  "Node Type": "Seq Scan",
                                  "Parent Relationship": "Outer",
                                  "Parallel Aware": false,
                                  "Relation Name": "store_sales",
                                  "Alias": "store_sales",
                                  "Startup Cost": 0.00,
                                  "Total Cost": 80500.49,
                                  "Plan Rows": 2880449,
                                  "Plan Width": 35
                                },
                                {
                                  "Node Type": "Hash",
                                  "Parent Relationship": "Inner",
                                  "Parallel Aware": false,
                                  "Startup Cost": 2318.11,
                                  "Total Cost": 2318.11,
                                  "Plan Rows": 364,
                                  "Plan Width": 4,
                                  "Plans": [
                                    {
                                      "Node Type": "Seq Scan",
                                      "Parent Relationship": "Outer",
                                      "Parallel Aware": false,
                                      "Relation Name": "date_dim",
                                      "Alias": "date_dim",
                                      "Startup Cost": 0.00,
                                      "Total Cost": 2318.11,
                                      "Plan Rows": 364,
                                      "Plan Width": 4,
                                      "Filter": "(d_year = 2001)"
                                    }
                                  ]
                                }
                              ]
                            },
                            {
                              "Node Type": "Index Scan",
                              "Parent Relationship": "Inner",
                              "Parallel Aware": false,
                              "Scan Direction": "Forward",
                              "Index Name": "customer_demographics_pkey",
                              "Relation Name": "customer_demographics",
                              "Alias": "customer_demographics",
                              "Startup Cost": 0.43,
                              "Total Cost": 0.49,
                              "Plan Rows": 1,
                              "Plan Width": 4,
                              "Index Cond": "(cd_demo_sk = store_sales.ss_cdemo_sk)",
                              "Filter": "((cd_gender = 'M'::bpchar) AND (cd_marital_status = 'W'::bpchar) AND (cd_education_status = 'Secondary'::bpchar))"
                            }
                          ]
                        },
                        {
                          "Node Type": "Index Scan",
                          "Parent Relationship": "Inner",
                          "Parallel Aware": false,
                          "Scan Direction": "Forward",
                          "Index Name": "promotion_pkey",
                          "Relation Name": "promotion",
                          "Alias": "promotion",
                          "Startup Cost": 0.15,
                          "Total Cost": 0.17,
                          "Plan Rows": 1,
                          "Plan Width": 4,
                          "Index Cond": "(p_promo_sk = store_sales.ss_promo_sk)",
                          "Filter": "((p_channel_email = 'N'::bpchar) OR (p_channel_event = 'N'::bpchar))"
                        }
                      ]
                    },
                    {
                      "Node Type": "Index Scan",
                      "Parent Relationship": "Inner",
                      "Parallel Aware": false,
                      "Scan Direction": "Forward",
                      "Index Name": "item_pkey",
                      "Relation Name": "item",
                      "Alias": "item",
                      "Startup Cost": 0.29,
                      "Total Cost": 0.31,
                      "Plan Rows": 1,
                      "Plan Width": 21,
                      "Index Cond": "(i_item_sk = store_sales.ss_item_sk)"
                    }
                  ]
                }
              ]
            }
          ]
        }
      ]
    }
  }
]
SET
