[
  {
    "Plan": {
      "Node Type": "Limit",
      "Parallel Aware": false,
      "Startup Cost": 181656.45,
      "Total Cost": 181656.46,
      "Plan Rows": 3,
      "Plan Width": 129,
      "Actual Startup Time": 4243.001,
      "Actual Total Time": 4243.002,
      "Actual Rows": 3,
      "Actual Loops": 1,
      "Plans": [
        {
          "Node Type": "Sort",
          "Parent Relationship": "Outer",
          "Parallel Aware": false,
          "Startup Cost": 181656.45,
          "Total Cost": 181656.46,
          "Plan Rows": 3,
          "Plan Width": 129,
          "Actual Startup Time": 4243.000,
          "Actual Total Time": 4243.000,
          "Actual Rows": 3,
          "Actual Loops": 1,
          "Sort Key": ["((GROUPING(store.s_state) + GROUPING(store.s_county))) DESC", "(CASE WHEN (((GROUPING(store.s_state) + GROUPING(store.s_county))) = 0) THEN store.s_state ELSE NULL::bpchar END)", "(rank() OVER (?))"],
          "Sort Method": "quicksort",
          "Sort Space Used": 25,
          "Sort Space Type": "Memory",
          "Plans": [
            {
              "Node Type": "WindowAgg",
              "Parent Relationship": "Outer",
              "Parallel Aware": false,
              "Startup Cost": 181656.33,
              "Total Cost": 181656.43,
              "Plan Rows": 3,
              "Plan Width": 129,
              "Actual Startup Time": 4242.987,
              "Actual Total Time": 4242.992,
              "Actual Rows": 3,
              "Actual Loops": 1,
              "Plans": [
                {
                  "Node Type": "Sort",
                  "Parent Relationship": "Outer",
                  "Parallel Aware": false,
                  "Startup Cost": 181656.33,
                  "Total Cost": 181656.34,
                  "Plan Rows": 3,
                  "Plan Width": 97,
                  "Actual Startup Time": 4242.979,
                  "Actual Total Time": 4242.979,
                  "Actual Rows": 3,
                  "Actual Loops": 1,
                  "Sort Key": ["((GROUPING(store.s_state) + GROUPING(store.s_county)))", "(CASE WHEN (GROUPING(store.s_county) = 0) THEN store.s_state ELSE NULL::bpchar END)", "(sum(store_sales.ss_net_profit)) DESC"],
                  "Sort Method": "quicksort",
                  "Sort Space Used": 25,
                  "Sort Space Type": "Memory",
                  "Plans": [
                    {
                      "Node Type": "Aggregate",
                      "Strategy": "Mixed",
                      "Partial Mode": "Simple",
                      "Parent Relationship": "Outer",
                      "Parallel Aware": false,
                      "Startup Cost": 93188.14,
                      "Total Cost": 181656.30,
                      "Plan Rows": 3,
                      "Plan Width": 97,
                      "Actual Startup Time": 4242.966,
                      "Actual Total Time": 4242.971,
                      "Actual Rows": 3,
                      "Actual Loops": 1,
                      "Grouping Sets": [
                        {
                          "Hash Keys": [
                            ["store.s_state", "store.s_county"]
                          ]
                        },
                        {
                          "Hash Keys": [
                            ["store.s_state"]
                          ]
                        },
                        {
                          "Group Keys": [
                            []
                          ]
                        }
                      ],
                      "Plans": [
                        {
                          "Node Type": "Nested Loop",
                          "Parent Relationship": "Outer",
                          "Parallel Aware": false,
                          "Join Type": "Inner",
                          "Startup Cost": 93188.14,
                          "Total Cost": 181460.91,
                          "Plan Rows": 13023,
                          "Plan Width": 27,
                          "Actual Startup Time": 1915.444,
                          "Actual Total Time": 3600.923,
                          "Actual Rows": 532998,
                          "Actual Loops": 1,
                          "Inner Unique": false,
                          "Join Filter": "(store.s_state = tmp1.s_state)",
                          "Rows Removed by Join Filter": 0,
                          "Plans": [
                            {
                              "Node Type": "Subquery Scan",
                              "Parent Relationship": "Outer",
                              "Parallel Aware": false,
                              "Alias": "tmp1",
                              "Startup Cost": 90681.61,
                              "Total Cost": 90681.65,
                              "Plan Rows": 1,
                              "Plan Width": 3,
                              "Actual Startup Time": 1902.398,
                              "Actual Total Time": 1902.401,
                              "Actual Rows": 1,
                              "Actual Loops": 1,
                              "Filter": "(tmp1.ranking <= 5)",
                              "Rows Removed by Filter": 0,
                              "Plans": [
                                {
                                  "Node Type": "WindowAgg",
                                  "Parent Relationship": "Subquery",
                                  "Parallel Aware": false,
                                  "Startup Cost": 90681.61,
                                  "Total Cost": 90681.63,
                                  "Plan Rows": 1,
                                  "Plan Width": 43,
                                  "Actual Startup Time": 1902.396,
                                  "Actual Total Time": 1902.399,
                                  "Actual Rows": 1,
                                  "Actual Loops": 1,
                                  "Plans": [
                                    {
                                      "Node Type": "Sort",
                                      "Parent Relationship": "Outer",
                                      "Parallel Aware": false,
                                      "Startup Cost": 90681.61,
                                      "Total Cost": 90681.62,
                                      "Plan Rows": 1,
                                      "Plan Width": 35,
                                      "Actual Startup Time": 1902.389,
                                      "Actual Total Time": 1902.389,
                                      "Actual Rows": 1,
                                      "Actual Loops": 1,
                                      "Sort Key": ["store_1.s_state", "(sum(store_sales_1.ss_net_profit)) DESC"],
                                      "Sort Method": "quicksort",
                                      "Sort Space Used": 25,
                                      "Sort Space Type": "Memory",
                                      "Plans": [
                                        {
                                          "Node Type": "Aggregate",
                                          "Strategy": "Hashed",
                                          "Partial Mode": "Simple",
                                          "Parent Relationship": "Outer",
                                          "Parallel Aware": false,
                                          "Startup Cost": 90681.59,
                                          "Total Cost": 90681.60,
                                          "Plan Rows": 1,
                                          "Plan Width": 35,
                                          "Actual Startup Time": 1902.384,
                                          "Actual Total Time": 1902.385,
                                          "Actual Rows": 1,
                                          "Actual Loops": 1,
                                          "Group Key": ["store_1.s_state"],
                                          "Plans": [
                                            {
                                              "Node Type": "Hash Join",
                                              "Parent Relationship": "Outer",
                                              "Parallel Aware": false,
                                              "Join Type": "Inner",
                                              "Startup Cost": 2506.53,
                                              "Total Cost": 90616.47,
                                              "Plan Rows": 13023,
                                              "Plan Width": 9,
                                              "Actual Startup Time": 14.274,
                                              "Actual Total Time": 1597.445,
                                              "Actual Rows": 532998,
                                              "Actual Loops": 1,
                                              "Inner Unique": true,
                                              "Hash Cond": "(store_sales_1.ss_store_sk = store_1.s_store_sk)",
                                              "Plans": [
                                                {
                                                  "Node Type": "Hash Join",
                                                  "Parent Relationship": "Outer",
                                                  "Parallel Aware": false,
                                                  "Join Type": "Inner",
                                                  "Startup Cost": 2505.26,
                                                  "Total Cost": 90567.35,
                                                  "Plan Rows": 13631,
                                                  "Plan Width": 10,
                                                  "Actual Startup Time": 14.249,
                                                  "Actual Total Time": 1389.155,
                                                  "Actual Rows": 545916,
                                                  "Actual Loops": 1,
                                                  "Inner Unique": true,
                                                  "Hash Cond": "(store_sales_1.ss_sold_date_sk = date_dim.d_date_sk)",
                                                  "Plans": [
                                                    {
                                                      "Node Type": "Seq Scan",
                                                      "Parent Relationship": "Outer",
                                                      "Parallel Aware": false,
                                                      "Relation Name": "store_sales",
                                                      "Alias": "store_sales_1",
                                                      "Startup Cost": 0.00,
                                                      "Total Cost": 80500.49,
                                                      "Plan Rows": 2880449,
                                                      "Plan Width": 14,
                                                      "Actual Startup Time": 0.015,
                                                      "Actual Total Time": 593.773,
                                                      "Actual Rows": 2880404,
                                                      "Actual Loops": 1
                                                    },
                                                    {
                                                      "Node Type": "Hash",
                                                      "Parent Relationship": "Inner",
                                                      "Parallel Aware": false,
                                                      "Startup Cost": 2500.73,
                                                      "Total Cost": 2500.73,
                                                      "Plan Rows": 362,
                                                      "Plan Width": 4,
                                                      "Actual Startup Time": 14.221,
                                                      "Actual Total Time": 14.221,
                                                      "Actual Rows": 366,
                                                      "Actual Loops": 1,
                                                      "Hash Buckets": 1024,
                                                      "Original Hash Buckets": 1024,
                                                      "Hash Batches": 1,
                                                      "Original Hash Batches": 1,
                                                      "Peak Memory Usage": 21,
                                                      "Plans": [
                                                        {
                                                          "Node Type": "Seq Scan",
                                                          "Parent Relationship": "Outer",
                                                          "Parallel Aware": false,
                                                          "Relation Name": "date_dim",
                                                          "Alias": "date_dim",
                                                          "Startup Cost": 0.00,
                                                          "Total Cost": 2500.73,
                                                          "Plan Rows": 362,
                                                          "Plan Width": 4,
                                                          "Actual Startup Time": 6.128,
                                                          "Actual Total Time": 14.117,
                                                          "Actual Rows": 366,
                                                          "Actual Loops": 1,
                                                          "Filter": "((d_month_seq >= 1194) AND (d_month_seq <= 1205))",
                                                          "Rows Removed by Filter": 72683
                                                        }
                                                      ]
                                                    }
                                                  ]
                                                },
                                                {
                                                  "Node Type": "Hash",
                                                  "Parent Relationship": "Inner",
                                                  "Parallel Aware": false,
                                                  "Startup Cost": 1.12,
                                                  "Total Cost": 1.12,
                                                  "Plan Rows": 12,
                                                  "Plan Width": 7,
                                                  "Actual Startup Time": 0.020,
                                                  "Actual Total Time": 0.020,
                                                  "Actual Rows": 12,
                                                  "Actual Loops": 1,
                                                  "Hash Buckets": 1024,
                                                  "Original Hash Buckets": 1024,
                                                  "Hash Batches": 1,
                                                  "Original Hash Batches": 1,
                                                  "Peak Memory Usage": 9,
                                                  "Plans": [
                                                    {
                                                      "Node Type": "Seq Scan",
                                                      "Parent Relationship": "Outer",
                                                      "Parallel Aware": false,
                                                      "Relation Name": "store",
                                                      "Alias": "store_1",
                                                      "Startup Cost": 0.00,
                                                      "Total Cost": 1.12,
                                                      "Plan Rows": 12,
                                                      "Plan Width": 7,
                                                      "Actual Startup Time": 0.008,
                                                      "Actual Total Time": 0.015,
                                                      "Actual Rows": 12,
                                                      "Actual Loops": 1
                                                    }
                                                  ]
                                                }
                                              ]
                                            }
                                          ]
                                        }
                                      ]
                                    }
                                  ]
                                }
                              ]
                            },
                            {
                              "Node Type": "Hash Join",
                              "Parent Relationship": "Inner",
                              "Parallel Aware": false,
                              "Join Type": "Inner",
                              "Startup Cost": 2506.53,
                              "Total Cost": 90616.47,
                              "Plan Rows": 13023,
                              "Plan Width": 27,
                              "Actual Startup Time": 13.042,
                              "Actual Total Time": 1543.734,
                              "Actual Rows": 532998,
                              "Actual Loops": 1,
                              "Inner Unique": true,
                              "Hash Cond": "(store_sales.ss_store_sk = store.s_store_sk)",
                              "Plans": [
                                {
                                  "Node Type": "Hash Join",
                                  "Parent Relationship": "Outer",
                                  "Parallel Aware": false,
                                  "Join Type": "Inner",
                                  "Startup Cost": 2505.26,
                                  "Total Cost": 90567.35,
                                  "Plan Rows": 13631,
                                  "Plan Width": 10,
                                  "Actual Startup Time": 13.010,
                                  "Actual Total Time": 1326.031,
                                  "Actual Rows": 545916,
                                  "Actual Loops": 1,
                                  "Inner Unique": true,
                                  "Hash Cond": "(store_sales.ss_sold_date_sk = d1.d_date_sk)",
                                  "Plans": [
                                    {
                                      "Node Type": "Seq Scan",
                                      "Parent Relationship": "Outer",
                                      "Parallel Aware": false,
                                      "Relation Name": "store_sales",
                                      "Alias": "store_sales",
                                      "Startup Cost": 0.00,
                                      "Total Cost": 80500.49,
                                      "Plan Rows": 2880449,
                                      "Plan Width": 14,
                                      "Actual Startup Time": 0.023,
                                      "Actual Total Time": 563.738,
                                      "Actual Rows": 2880404,
                                      "Actual Loops": 1
                                    },
                                    {
                                      "Node Type": "Hash",
                                      "Parent Relationship": "Inner",
                                      "Parallel Aware": false,
                                      "Startup Cost": 2500.73,
                                      "Total Cost": 2500.73,
                                      "Plan Rows": 362,
                                      "Plan Width": 4,
                                      "Actual Startup Time": 12.976,
                                      "Actual Total Time": 12.977,
                                      "Actual Rows": 366,
                                      "Actual Loops": 1,
                                      "Hash Buckets": 1024,
                                      "Original Hash Buckets": 1024,
                                      "Hash Batches": 1,
                                      "Original Hash Batches": 1,
                                      "Peak Memory Usage": 21,
                                      "Plans": [
                                        {
                                          "Node Type": "Seq Scan",
                                          "Parent Relationship": "Outer",
                                          "Parallel Aware": false,
                                          "Relation Name": "date_dim",
                                          "Alias": "d1",
                                          "Startup Cost": 0.00,
                                          "Total Cost": 2500.73,
                                          "Plan Rows": 362,
                                          "Plan Width": 4,
                                          "Actual Startup Time": 6.362,
                                          "Actual Total Time": 12.898,
                                          "Actual Rows": 366,
                                          "Actual Loops": 1,
                                          "Filter": "((d_month_seq >= 1194) AND (d_month_seq <= 1205))",
                                          "Rows Removed by Filter": 72683
                                        }
                                      ]
                                    }
                                  ]
                                },
                                {
                                  "Node Type": "Hash",
                                  "Parent Relationship": "Inner",
                                  "Parallel Aware": false,
                                  "Startup Cost": 1.12,
                                  "Total Cost": 1.12,
                                  "Plan Rows": 12,
                                  "Plan Width": 25,
                                  "Actual Startup Time": 0.022,
                                  "Actual Total Time": 0.022,
                                  "Actual Rows": 12,
                                  "Actual Loops": 1,
                                  "Hash Buckets": 1024,
                                  "Original Hash Buckets": 1024,
                                  "Hash Batches": 1,
                                  "Original Hash Batches": 1,
                                  "Peak Memory Usage": 9,
                                  "Plans": [
                                    {
                                      "Node Type": "Seq Scan",
                                      "Parent Relationship": "Outer",
                                      "Parallel Aware": false,
                                      "Relation Name": "store",
                                      "Alias": "store",
                                      "Startup Cost": 0.00,
                                      "Total Cost": 1.12,
                                      "Plan Rows": 12,
                                      "Plan Width": 25,
                                      "Actual Startup Time": 0.009,
                                      "Actual Total Time": 0.016,
                                      "Actual Rows": 12,
                                      "Actual Loops": 1
                                    }
                                  ]
                                }
                              ]
                            }
                          ]
                        }
                      ]
                    }
                  ]
                }
              ]
            }
          ]
        }
      ]
    },
    "Planning Time": 0.671,
    "Triggers": [
    ],
    "Execution Time": 4243.136
  }
]
SET
