[
  {
    "Plan": {
      "Node Type": "Limit",
      "Parallel Aware": false,
      "Startup Cost": 25662.68,
      "Total Cost": 25662.91,
      "Plan Rows": 92,
      "Plan Width": 291,
      "Actual Startup Time": 158.231,
      "Actual Total Time": 158.343,
      "Actual Rows": 100,
      "Actual Loops": 1,
      "Plans": [
        {
          "Node Type": "Sort",
          "Parent Relationship": "Outer",
          "Parallel Aware": false,
          "Startup Cost": 25662.68,
          "Total Cost": 25662.91,
          "Plan Rows": 92,
          "Plan Width": 291,
          "Actual Startup Time": 158.230,
          "Actual Total Time": 158.237,
          "Actual Rows": 100,
          "Actual Loops": 1,
          "Sort Key": ["item.i_category", "item.i_class", "item.i_item_id", "item.i_item_desc", "((((sum(web_sales.ws_ext_sales_price)) * '100'::numeric) / sum((sum(web_sales.ws_ext_sales_price))) OVER (?)))"],
          "Sort Method": "top-N heapsort",
          "Sort Space Used": 91,
          "Sort Space Type": "Memory",
          "Plans": [
            {
              "Node Type": "WindowAgg",
              "Parent Relationship": "Outer",
              "Parallel Aware": false,
              "Startup Cost": 25657.61,
              "Total Cost": 25659.68,
              "Plan Rows": 92,
              "Plan Width": 291,
              "Actual Startup Time": 151.905,
              "Actual Total Time": 155.476,
              "Actual Rows": 1421,
              "Actual Loops": 1,
              "Plans": [
                {
                  "Node Type": "Sort",
                  "Parent Relationship": "Outer",
                  "Parallel Aware": false,
                  "Startup Cost": 25657.61,
                  "Total Cost": 25657.84,
                  "Plan Rows": 92,
                  "Plan Width": 259,
                  "Actual Startup Time": 150.515,
                  "Actual Total Time": 150.665,
                  "Actual Rows": 1421,
                  "Actual Loops": 1,
                  "Sort Key": ["item.i_class"],
                  "Sort Method": "quicksort",
                  "Sort Space Used": 586,
                  "Sort Space Type": "Memory",
                  "Plans": [
                    {
                      "Node Type": "Aggregate",
                      "Strategy": "Sorted",
                      "Partial Mode": "Finalize",
                      "Parent Relationship": "Outer",
                      "Parallel Aware": false,
                      "Startup Cost": 25642.22,
                      "Total Cost": 25654.61,
                      "Plan Rows": 92,
                      "Plan Width": 259,
                      "Actual Startup Time": 136.314,
                      "Actual Total Time": 145.934,
                      "Actual Rows": 1421,
                      "Actual Loops": 1,
                      "Group Key": ["item.i_item_id", "item.i_item_desc", "item.i_category", "item.i_class", "item.i_current_price"],
                      "Plans": [
                        {
                          "Node Type": "Gather Merge",
                          "Parent Relationship": "Outer",
                          "Parallel Aware": false,
                          "Startup Cost": 25642.22,
                          "Total Cost": 25652.13,
                          "Plan Rows": 76,
                          "Plan Width": 259,
                          "Actual Startup Time": 136.298,
                          "Actual Total Time": 141.972,
                          "Actual Rows": 1842,
                          "Actual Loops": 1,
                          "Workers Planned": 2,
                          "Workers Launched": 2,
                          "Plans": [
                            {
                              "Node Type": "Aggregate",
                              "Strategy": "Sorted",
                              "Partial Mode": "Partial",
                              "Parent Relationship": "Outer",
                              "Parallel Aware": false,
                              "Startup Cost": 24642.19,
                              "Total Cost": 24643.33,
                              "Plan Rows": 38,
                              "Plan Width": 259,
                              "Actual Startup Time": 129.846,
                              "Actual Total Time": 131.242,
                              "Actual Rows": 614,
                              "Actual Loops": 3,
                              "Group Key": ["item.i_item_id", "item.i_item_desc", "item.i_category", "item.i_class", "item.i_current_price"],
                              "Plans": [
                                {
                                  "Node Type": "Sort",
                                  "Parent Relationship": "Outer",
                                  "Parallel Aware": false,
                                  "Startup Cost": 24642.19,
                                  "Total Cost": 24642.29,
                                  "Plan Rows": 38,
                                  "Plan Width": 233,
                                  "Actual Startup Time": 129.820,
                                  "Actual Total Time": 129.899,
                                  "Actual Rows": 703,
                                  "Actual Loops": 3,
                                  "Sort Key": ["item.i_item_id", "item.i_item_desc", "item.i_category", "item.i_class", "item.i_current_price"],
                                  "Sort Method": "quicksort",
                                  "Sort Space Used": 272,
                                  "Sort Space Type": "Memory",
                                  "Workers": [
                                    {
                                      "Worker Number": 0,
                                      "Sort Method": "quicksort",
                                      "Sort Space Used": 286,
                                      "Sort Space Type": "Memory"
                                    },
                                    {
                                      "Worker Number": 1,
                                      "Sort Method": "quicksort",
                                      "Sort Space Used": 319,
                                      "Sort Space Type": "Memory"
                                    }
                                  ],
                                  "Plans": [
                                    {
                                      "Node Type": "Nested Loop",
                                      "Parent Relationship": "Outer",
                                      "Parallel Aware": false,
                                      "Join Type": "Inner",
                                      "Startup Cost": 2050.06,
                                      "Total Cost": 24641.19,
                                      "Plan Rows": 38,
                                      "Plan Width": 233,
                                      "Actual Startup Time": 6.841,
                                      "Actual Total Time": 123.375,
                                      "Actual Rows": 703,
                                      "Actual Loops": 3,
                                      "Inner Unique": true,
                                      "Plans": [
                                        {
                                          "Node Type": "Hash Join",
                                          "Parent Relationship": "Outer",
                                          "Parallel Aware": true,
                                          "Join Type": "Inner",
                                          "Startup Cost": 2049.78,
                                          "Total Cost": 24601.08,
                                          "Plan Rows": 127,
                                          "Plan Width": 10,
                                          "Actual Startup Time": 6.552,
                                          "Actual Total Time": 106.900,
                                          "Actual Rows": 2333,
                                          "Actual Loops": 3,
                                          "Inner Unique": true,
                                          "Hash Cond": "(web_sales.ws_sold_date_sk = date_dim.d_date_sk)",
                                          "Plans": [
                                            {
                                              "Node Type": "Seq Scan",
                                              "Parent Relationship": "Outer",
                                              "Parallel Aware": true,
                                              "Relation Name": "web_sales",
                                              "Alias": "web_sales",
                                              "Startup Cost": 0.00,
                                              "Total Cost": 21764.43,
                                              "Plan Rows": 299743,
                                              "Plan Width": 14,
                                              "Actual Startup Time": 0.049,
                                              "Actual Total Time": 59.559,
                                              "Actual Rows": 239795,
                                              "Actual Loops": 3
                                            },
                                            {
                                              "Node Type": "Hash",
                                              "Parent Relationship": "Inner",
                                              "Parallel Aware": true,
                                              "Startup Cost": 2049.55,
                                              "Total Cost": 2049.55,
                                              "Plan Rows": 18,
                                              "Plan Width": 4,
                                              "Actual Startup Time": 5.644,
                                              "Actual Total Time": 5.644,
                                              "Actual Rows": 10,
                                              "Actual Loops": 3,
                                              "Hash Buckets": 1024,
                                              "Original Hash Buckets": 1024,
                                              "Hash Batches": 1,
                                              "Original Hash Batches": 1,
                                              "Peak Memory Usage": 40,
                                              "Plans": [
                                                {
                                                  "Node Type": "Seq Scan",
                                                  "Parent Relationship": "Outer",
                                                  "Parallel Aware": true,
                                                  "Relation Name": "date_dim",
                                                  "Alias": "date_dim",
                                                  "Startup Cost": 0.00,
                                                  "Total Cost": 2049.55,
                                                  "Plan Rows": 18,
                                                  "Plan Width": 4,
                                                  "Actual Startup Time": 4.475,
                                                  "Actual Total Time": 5.600,
                                                  "Actual Rows": 10,
                                                  "Actual Loops": 3,
                                                  "Filter": "((d_date >= '2000-03-29'::date) AND (d_date <= '2000-04-28'::date))",
                                                  "Rows Removed by Filter": 24339
                                                }
                                              ]
                                            }
                                          ]
                                        },
                                        {
                                          "Node Type": "Index Scan",
                                          "Parent Relationship": "Inner",
                                          "Parallel Aware": false,
                                          "Scan Direction": "Forward",
                                          "Index Name": "item_pkey",
                                          "Relation Name": "item",
                                          "Alias": "item",
                                          "Startup Cost": 0.29,
                                          "Total Cost": 0.32,
                                          "Plan Rows": 1,
                                          "Plan Width": 231,
                                          "Actual Startup Time": 0.006,
                                          "Actual Total Time": 0.006,
                                          "Actual Rows": 0,
                                          "Actual Loops": 6998,
                                          "Index Cond": "(i_item_sk = web_sales.ws_item_sk)",
                                          "Rows Removed by Index Recheck": 0,
                                          "Filter": "(i_category = ANY ('{Music,Home,Sports}'::bpchar[]))",
                                          "Rows Removed by Filter": 1
                                        }
                                      ]
                                    }
                                  ]
                                }
                              ]
                            }
                          ]
                        }
                      ]
                    }
                  ]
                }
              ]
            }
          ]
        }
      ]
    },
    "Planning Time": 6.203,
    "Triggers": [
    ],
    "Execution Time": 159.404
  }
]
