[
  {
    "Plan": {
      "Node Type": "Limit",
      "Parallel Aware": false,
      "Startup Cost": 73765.86,
      "Total Cost": 73806.31,
      "Plan Rows": 100,
      "Plan Width": 1254,
      "Actual Startup Time": 672.765,
      "Actual Total Time": 672.931,
      "Actual Rows": 5,
      "Actual Loops": 1,
      "Plans": [
        {
          "Node Type": "Aggregate",
          "Strategy": "Sorted",
          "Partial Mode": "Simple",
          "Parent Relationship": "Outer",
          "Parallel Aware": false,
          "Startup Cost": 73765.86,
          "Total Cost": 73846.76,
          "Plan Rows": 200,
          "Plan Width": 1254,
          "Actual Startup Time": 672.764,
          "Actual Total Time": 672.928,
          "Actual Rows": 5,
          "Actual Loops": 1,
          "Group Key": ["warehouse.w_warehouse_name", "warehouse.w_warehouse_sq_ft", "warehouse.w_city", "warehouse.w_county", "warehouse.w_state", "warehouse.w_country", "('LATVIAN,BARIAN'::text)", "date_dim.d_year"],
          "Plans": [
            {
              "Node Type": "Sort",
              "Parent Relationship": "Outer",
              "Parallel Aware": false,
              "Startup Cost": 73765.86,
              "Total Cost": 73766.75,
              "Plan Rows": 353,
              "Plan Width": 870,
              "Actual Startup Time": 672.695,
              "Actual Total Time": 672.697,
              "Actual Rows": 10,
              "Actual Loops": 1,
              "Sort Key": ["warehouse.w_warehouse_name", "warehouse.w_warehouse_sq_ft", "warehouse.w_city", "warehouse.w_county", "warehouse.w_state", "warehouse.w_country", "('LATVIAN,BARIAN'::text)", "date_dim.d_year"],
              "Sort Method": "quicksort",
              "Sort Space Used": 30,
              "Sort Space Type": "Memory",
              "Plans": [
                {
                  "Node Type": "Append",
                  "Parent Relationship": "Outer",
                  "Parallel Aware": false,
                  "Startup Cost": 25553.21,
                  "Total Cost": 73750.93,
                  "Plan Rows": 353,
                  "Plan Width": 870,
                  "Actual Startup Time": 292.255,
                  "Actual Total Time": 672.634,
                  "Actual Rows": 10,
                  "Actual Loops": 1,
                  "Plans": [
                    {
                      "Node Type": "Aggregate",
                      "Strategy": "Sorted",
                      "Partial Mode": "Finalize",
                      "Parent Relationship": "Member",
                      "Parallel Aware": false,
                      "Startup Cost": 25553.21,
                      "Total Cost": 25603.33,
                      "Plan Rows": 119,
                      "Plan Width": 870,
                      "Actual Startup Time": 292.254,
                      "Actual Total Time": 296.711,
                      "Actual Rows": 5,
                      "Actual Loops": 1,
                      "Group Key": ["warehouse.w_warehouse_name", "warehouse.w_warehouse_sq_ft", "warehouse.w_city", "warehouse.w_county", "warehouse.w_state", "warehouse.w_country", "date_dim.d_year"],
                      "Plans": [
                        {
                          "Node Type": "Gather Merge",
                          "Parent Relationship": "Outer",
                          "Parallel Aware": false,
                          "Startup Cost": 25553.21,
                          "Total Cost": 25581.25,
                          "Plan Rows": 100,
                          "Plan Width": 838,
                          "Actual Startup Time": 291.136,
                          "Actual Total Time": 296.461,
                          "Actual Rows": 15,
                          "Actual Loops": 1,
                          "Workers Planned": 2,
                          "Workers Launched": 2,
                          "Plans": [
                            {
                              "Node Type": "Aggregate",
                              "Strategy": "Sorted",
                              "Partial Mode": "Partial",
                              "Parent Relationship": "Outer",
                              "Parallel Aware": false,
                              "Startup Cost": 24553.19,
                              "Total Cost": 24569.69,
                              "Plan Rows": 50,
                              "Plan Width": 838,
                              "Actual Startup Time": 283.945,
                              "Actual Total Time": 287.975,
                              "Actual Rows": 5,
                              "Actual Loops": 3,
                              "Group Key": ["warehouse.w_warehouse_name", "warehouse.w_warehouse_sq_ft", "warehouse.w_city", "warehouse.w_county", "warehouse.w_state", "warehouse.w_country", "date_dim.d_year"],
                              "Plans": [
                                {
                                  "Node Type": "Sort",
                                  "Parent Relationship": "Outer",
                                  "Parallel Aware": false,
                                  "Startup Cost": 24553.19,
                                  "Total Cost": 24553.31,
                                  "Plan Rows": 50,
                                  "Plan Width": 92,
                                  "Actual Startup Time": 282.800,
                                  "Actual Total Time": 282.942,
                                  "Actual Rows": 1420,
                                  "Actual Loops": 3,
                                  "Sort Key": ["warehouse.w_warehouse_name", "warehouse.w_warehouse_sq_ft", "warehouse.w_city", "warehouse.w_county", "warehouse.w_state", "warehouse.w_country"],
                                  "Sort Method": "quicksort",
                                  "Sort Space Used": 249,
                                  "Sort Space Type": "Memory",
                                  "Workers": [
                                    {
                                      "Worker Number": 0,
                                      "Sort Method": "quicksort",
                                      "Sort Space Used": 256,
                                      "Sort Space Type": "Memory"
                                    },
                                    {
                                      "Worker Number": 1,
                                      "Sort Method": "quicksort",
                                      "Sort Space Used": 240,
                                      "Sort Space Type": "Memory"
                                    }
                                  ],
                                  "Plans": [
                                    {
                                      "Node Type": "Hash Join",
                                      "Parent Relationship": "Outer",
                                      "Parallel Aware": false,
                                      "Join Type": "Inner",
                                      "Startup Cost": 1947.48,
                                      "Total Cost": 24551.78,
                                      "Plan Rows": 50,
                                      "Plan Width": 92,
                                      "Actual Startup Time": 9.388,
                                      "Actual Total Time": 279.176,
                                      "Actual Rows": 1420,
                                      "Actual Loops": 3,
                                      "Inner Unique": true,
                                      "Hash Cond": "(web_sales.ws_warehouse_sk = warehouse.w_warehouse_sk)",
                                      "Plans": [
                                        {
                                          "Node Type": "Nested Loop",
                                          "Parent Relationship": "Outer",
                                          "Parallel Aware": false,
                                          "Join Type": "Inner",
                                          "Startup Cost": 1946.37,
                                          "Total Cost": 24550.42,
                                          "Plan Rows": 50,
                                          "Plan Width": 30,
                                          "Actual Startup Time": 9.285,
                                          "Actual Total Time": 277.822,
                                          "Actual Rows": 1420,
                                          "Actual Loops": 3,
                                          "Inner Unique": true,
                                          "Plans": [
                                            {
                                              "Node Type": "Hash Join",
                                              "Parent Relationship": "Outer",
                                              "Parallel Aware": false,
                                              "Join Type": "Inner",
                                              "Startup Cost": 1946.08,
                                              "Total Cost": 24502.13,
                                              "Plan Rows": 149,
                                              "Plan Width": 34,
                                              "Actual Startup Time": 7.305,
                                              "Actual Total Time": 156.353,
                                              "Actual Rows": 4713,
                                              "Actual Loops": 3,
                                              "Inner Unique": true,
                                              "Hash Cond": "(web_sales.ws_ship_mode_sk = ship_mode.sm_ship_mode_sk)",
                                              "Plans": [
                                                {
                                                  "Node Type": "Hash Join",
                                                  "Parent Relationship": "Outer",
                                                  "Parallel Aware": true,
                                                  "Join Type": "Inner",
                                                  "Startup Cost": 1944.80,
                                                  "Total Cost": 24496.10,
                                                  "Plan Rows": 1493,
                                                  "Plan Width": 38,
                                                  "Actual Startup Time": 7.209,
                                                  "Actual Total Time": 147.420,
                                                  "Actual Rows": 47394,
                                                  "Actual Loops": 3,
                                                  "Inner Unique": true,
                                                  "Hash Cond": "(web_sales.ws_sold_date_sk = date_dim.d_date_sk)",
                                                  "Plans": [
                                                    {
                                                      "Node Type": "Seq Scan",
                                                      "Parent Relationship": "Outer",
                                                      "Parallel Aware": true,
                                                      "Relation Name": "web_sales",
                                                      "Alias": "web_sales",
                                                      "Startup Cost": 0.00,
                                                      "Total Cost": 21764.43,
                                                      "Plan Rows": 299743,
                                                      "Plan Width": 34,
                                                      "Actual Startup Time": 0.080,
                                                      "Actual Total Time": 65.765,
                                                      "Actual Rows": 239795,
                                                      "Actual Loops": 3
                                                    },
                                                    {
                                                      "Node Type": "Hash",
                                                      "Parent Relationship": "Inner",
                                                      "Parallel Aware": true,
                                                      "Startup Cost": 1942.12,
                                                      "Total Cost": 1942.12,
                                                      "Plan Rows": 214,
                                                      "Plan Width": 12,
                                                      "Actual Startup Time": 6.996,
                                                      "Actual Total Time": 6.996,
                                                      "Actual Rows": 122,
                                                      "Actual Loops": 3,
                                                      "Hash Buckets": 1024,
                                                      "Original Hash Buckets": 1024,
                                                      "Hash Batches": 1,
                                                      "Original Hash Batches": 1,
                                                      "Peak Memory Usage": 104,
                                                      "Plans": [
                                                        {
                                                          "Node Type": "Seq Scan",
                                                          "Parent Relationship": "Outer",
                                                          "Parallel Aware": true,
                                                          "Relation Name": "date_dim",
                                                          "Alias": "date_dim",
                                                          "Startup Cost": 0.00,
                                                          "Total Cost": 1942.12,
                                                          "Plan Rows": 214,
                                                          "Plan Width": 12,
                                                          "Actual Startup Time": 2.988,
                                                          "Actual Total Time": 6.860,
                                                          "Actual Rows": 122,
                                                          "Actual Loops": 3,
                                                          "Filter": "(d_year = 2000)",
                                                          "Rows Removed by Filter": 24228
                                                        }
                                                      ]
                                                    }
                                                  ]
                                                },
                                                {
                                                  "Node Type": "Hash",
                                                  "Parent Relationship": "Inner",
                                                  "Parallel Aware": false,
                                                  "Startup Cost": 1.25,
                                                  "Total Cost": 1.25,
                                                  "Plan Rows": 2,
                                                  "Plan Width": 4,
                                                  "Actual Startup Time": 0.058,
                                                  "Actual Total Time": 0.058,
                                                  "Actual Rows": 2,
                                                  "Actual Loops": 3,
                                                  "Hash Buckets": 1024,
                                                  "Original Hash Buckets": 1024,
                                                  "Hash Batches": 1,
                                                  "Original Hash Batches": 1,
                                                  "Peak Memory Usage": 9,
                                                  "Plans": [
                                                    {
                                                      "Node Type": "Seq Scan",
                                                      "Parent Relationship": "Outer",
                                                      "Parallel Aware": false,
                                                      "Relation Name": "ship_mode",
                                                      "Alias": "ship_mode",
                                                      "Startup Cost": 0.00,
                                                      "Total Cost": 1.25,
                                                      "Plan Rows": 2,
                                                      "Plan Width": 4,
                                                      "Actual Startup Time": 0.044,
                                                      "Actual Total Time": 0.049,
                                                      "Actual Rows": 2,
                                                      "Actual Loops": 3,
                                                      "Filter": "(sm_carrier = ANY ('{LATVIAN,BARIAN}'::bpchar[]))",
                                                      "Rows Removed by Filter": 18
                                                    }
                                                  ]
                                                }
                                              ]
                                            },
                                            {
                                              "Node Type": "Index Scan",
                                              "Parent Relationship": "Inner",
                                              "Parallel Aware": false,
                                              "Scan Direction": "Forward",
                                              "Index Name": "time_dim_pkey",
                                              "Relation Name": "time_dim",
                                              "Alias": "time_dim",
                                              "Startup Cost": 0.29,
                                              "Total Cost": 0.32,
                                              "Plan Rows": 1,
                                              "Plan Width": 4,
                                              "Actual Startup Time": 0.025,
                                              "Actual Total Time": 0.025,
                                              "Actual Rows": 0,
                                              "Actual Loops": 14138,
                                              "Index Cond": "(t_time_sk = web_sales.ws_sold_time_sk)",
                                              "Rows Removed by Index Recheck": 0,
                                              "Filter": "((t_time >= 11551) AND (t_time <= 40351))",
                                              "Rows Removed by Filter": 1
                                            }
                                          ]
                                        },
                                        {
                                          "Node Type": "Hash",
                                          "Parent Relationship": "Inner",
                                          "Parallel Aware": false,
                                          "Startup Cost": 1.05,
                                          "Total Cost": 1.05,
                                          "Plan Rows": 5,
                                          "Plan Width": 70,
                                          "Actual Startup Time": 0.057,
                                          "Actual Total Time": 0.058,
                                          "Actual Rows": 5,
                                          "Actual Loops": 3,
                                          "Hash Buckets": 1024,
                                          "Original Hash Buckets": 1024,
                                          "Hash Batches": 1,
                                          "Original Hash Batches": 1,
                                          "Peak Memory Usage": 9,
                                          "Plans": [
                                            {
                                              "Node Type": "Seq Scan",
                                              "Parent Relationship": "Outer",
                                              "Parallel Aware": false,
                                              "Relation Name": "warehouse",
                                              "Alias": "warehouse",
                                              "Startup Cost": 0.00,
                                              "Total Cost": 1.05,
                                              "Plan Rows": 5,
                                              "Plan Width": 70,
                                              "Actual Startup Time": 0.041,
                                              "Actual Total Time": 0.044,
                                              "Actual Rows": 5,
                                              "Actual Loops": 3
                                            }
                                          ]
                                        }
                                      ]
                                    }
                                  ]
                                }
                              ]
                            }
                          ]
                        }
                      ]
                    },
                    {
                      "Node Type": "Aggregate",
                      "Strategy": "Sorted",
                      "Partial Mode": "Finalize",
                      "Parent Relationship": "Member",
                      "Parallel Aware": false,
                      "Startup Cost": 48044.00,
                      "Total Cost": 48142.30,
                      "Plan Rows": 234,
                      "Plan Width": 870,
                      "Actual Startup Time": 367.567,
                      "Actual Total Time": 375.917,
                      "Actual Rows": 5,
                      "Actual Loops": 1,
                      "Group Key": ["warehouse_1.w_warehouse_name", "warehouse_1.w_warehouse_sq_ft", "warehouse_1.w_city", "warehouse_1.w_county", "warehouse_1.w_state", "warehouse_1.w_country", "date_dim_1.d_year"],
                      "Plans": [
                        {
                          "Node Type": "Gather Merge",
                          "Parent Relationship": "Outer",
                          "Parallel Aware": false,
                          "Startup Cost": 48044.00,
                          "Total Cost": 48098.97,
                          "Plan Rows": 196,
                          "Plan Width": 838,
                          "Actual Startup Time": 365.233,
                          "Actual Total Time": 375.591,
                          "Actual Rows": 15,
                          "Actual Loops": 1,
                          "Workers Planned": 2,
                          "Workers Launched": 2,
                          "Plans": [
                            {
                              "Node Type": "Aggregate",
                              "Strategy": "Sorted",
                              "Partial Mode": "Partial",
                              "Parent Relationship": "Outer",
                              "Parallel Aware": false,
                              "Startup Cost": 47043.98,
                              "Total Cost": 47076.32,
                              "Plan Rows": 98,
                              "Plan Width": 838,
                              "Actual Startup Time": 359.752,
                              "Actual Total Time": 368.204,
                              "Actual Rows": 5,
                              "Actual Loops": 3,
                              "Group Key": ["warehouse_1.w_warehouse_name", "warehouse_1.w_warehouse_sq_ft", "warehouse_1.w_city", "warehouse_1.w_county", "warehouse_1.w_state", "warehouse_1.w_country", "date_dim_1.d_year"],
                              "Plans": [
                                {
                                  "Node Type": "Sort",
                                  "Parent Relationship": "Outer",
                                  "Parallel Aware": false,
                                  "Startup Cost": 47043.98,
                                  "Total Cost": 47044.23,
                                  "Plan Rows": 98,
                                  "Plan Width": 92,
                                  "Actual Startup Time": 357.452,
                                  "Actual Total Time": 357.750,
                                  "Actual Rows": 2811,
                                  "Actual Loops": 3,
                                  "Sort Key": ["warehouse_1.w_warehouse_name", "warehouse_1.w_warehouse_sq_ft", "warehouse_1.w_city", "warehouse_1.w_county", "warehouse_1.w_state", "warehouse_1.w_country"],
                                  "Sort Method": "quicksort",
                                  "Sort Space Used": 501,
                                  "Sort Space Type": "Memory",
                                  "Workers": [
                                    {
                                      "Worker Number": 0,
                                      "Sort Method": "quicksort",
                                      "Sort Space Used": 484,
                                      "Sort Space Type": "Memory"
                                    },
                                    {
                                      "Worker Number": 1,
                                      "Sort Method": "quicksort",
                                      "Sort Space Used": 490,
                                      "Sort Space Type": "Memory"
                                    }
                                  ],
                                  "Plans": [
                                    {
                                      "Node Type": "Hash Join",
                                      "Parent Relationship": "Outer",
                                      "Parallel Aware": false,
                                      "Join Type": "Inner",
                                      "Startup Cost": 1947.48,
                                      "Total Cost": 47040.74,
                                      "Plan Rows": 98,
                                      "Plan Width": 92,
                                      "Actual Startup Time": 6.478,
                                      "Actual Total Time": 351.819,
                                      "Actual Rows": 2811,
                                      "Actual Loops": 3,
                                      "Inner Unique": true,
                                      "Hash Cond": "(catalog_sales.cs_warehouse_sk = warehouse_1.w_warehouse_sk)",
                                      "Plans": [
                                        {
                                          "Node Type": "Nested Loop",
                                          "Parent Relationship": "Outer",
                                          "Parallel Aware": false,
                                          "Join Type": "Inner",
                                          "Startup Cost": 1946.37,
                                          "Total Cost": 47039.15,
                                          "Plan Rows": 98,
                                          "Plan Width": 30,
                                          "Actual Startup Time": 6.375,
                                          "Actual Total Time": 349.754,
                                          "Actual Rows": 2814,
                                          "Actual Loops": 3,
                                          "Inner Unique": true,
                                          "Plans": [
                                            {
                                              "Node Type": "Hash Join",
                                              "Parent Relationship": "Outer",
                                              "Parallel Aware": false,
                                              "Join Type": "Inner",
                                              "Startup Cost": 1946.08,
                                              "Total Cost": 46944.56,
                                              "Plan Rows": 296,
                                              "Plan Width": 34,
                                              "Actual Startup Time": 6.085,
                                              "Actual Total Time": 299.681,
                                              "Actual Rows": 9588,
                                              "Actual Loops": 3,
                                              "Inner Unique": true,
                                              "Hash Cond": "(catalog_sales.cs_ship_mode_sk = ship_mode_1.sm_ship_mode_sk)",
                                              "Plans": [
                                                {
                                                  "Node Type": "Hash Join",
                                                  "Parent Relationship": "Outer",
                                                  "Parallel Aware": true,
                                                  "Join Type": "Inner",
                                                  "Startup Cost": 1944.80,
                                                  "Total Cost": 46933.82,
                                                  "Plan Rows": 2979,
                                                  "Plan Width": 38,
                                                  "Actual Startup Time": 6.016,
                                                  "Actual Total Time": 283.147,
                                                  "Actual Rows": 95845,
                                                  "Actual Loops": 3,
                                                  "Inner Unique": true,
                                                  "Hash Cond": "(catalog_sales.cs_sold_date_sk = date_dim_1.d_date_sk)",
                                                  "Plans": [
                                                    {
                                                      "Node Type": "Seq Scan",
                                                      "Parent Relationship": "Outer",
                                                      "Parallel Aware": true,
                                                      "Relation Name": "catalog_sales",
                                                      "Alias": "catalog_sales",
                                                      "Startup Cost": 0.00,
                                                      "Total Cost": 43412.07,
                                                      "Plan Rows": 600708,
                                                      "Plan Width": 34,
                                                      "Actual Startup Time": 0.050,
                                                      "Actual Total Time": 129.048,
                                                      "Actual Rows": 480516,
                                                      "Actual Loops": 3
                                                    },
                                                    {
                                                      "Node Type": "Hash",
                                                      "Parent Relationship": "Inner",
                                                      "Parallel Aware": true,
                                                      "Startup Cost": 1942.12,
                                                      "Total Cost": 1942.12,
                                                      "Plan Rows": 214,
                                                      "Plan Width": 12,
                                                      "Actual Startup Time": 5.914,
                                                      "Actual Total Time": 5.914,
                                                      "Actual Rows": 122,
                                                      "Actual Loops": 3,
                                                      "Hash Buckets": 1024,
                                                      "Original Hash Buckets": 1024,
                                                      "Hash Batches": 1,
                                                      "Original Hash Batches": 1,
                                                      "Peak Memory Usage": 104,
                                                      "Plans": [
                                                        {
                                                          "Node Type": "Seq Scan",
                                                          "Parent Relationship": "Outer",
                                                          "Parallel Aware": true,
                                                          "Relation Name": "date_dim",
                                                          "Alias": "date_dim_1",
                                                          "Startup Cost": 0.00,
                                                          "Total Cost": 1942.12,
                                                          "Plan Rows": 214,
                                                          "Plan Width": 12,
                                                          "Actual Startup Time": 2.473,
                                                          "Actual Total Time": 5.782,
                                                          "Actual Rows": 122,
                                                          "Actual Loops": 3,
                                                          "Filter": "(d_year = 2000)",
                                                          "Rows Removed by Filter": 24228
                                                        }
                                                      ]
                                                    }
                                                  ]
                                                },
                                                {
                                                  "Node Type": "Hash",
                                                  "Parent Relationship": "Inner",
                                                  "Parallel Aware": false,
                                                  "Startup Cost": 1.25,
                                                  "Total Cost": 1.25,
                                                  "Plan Rows": 2,
                                                  "Plan Width": 4,
                                                  "Actual Startup Time": 0.047,
                                                  "Actual Total Time": 0.047,
                                                  "Actual Rows": 2,
                                                  "Actual Loops": 3,
                                                  "Hash Buckets": 1024,
                                                  "Original Hash Buckets": 1024,
                                                  "Hash Batches": 1,
                                                  "Original Hash Batches": 1,
                                                  "Peak Memory Usage": 9,
                                                  "Plans": [
                                                    {
                                                      "Node Type": "Seq Scan",
                                                      "Parent Relationship": "Outer",
                                                      "Parallel Aware": false,
                                                      "Relation Name": "ship_mode",
                                                      "Alias": "ship_mode_1",
                                                      "Startup Cost": 0.00,
                                                      "Total Cost": 1.25,
                                                      "Plan Rows": 2,
                                                      "Plan Width": 4,
                                                      "Actual Startup Time": 0.039,
                                                      "Actual Total Time": 0.043,
                                                      "Actual Rows": 2,
                                                      "Actual Loops": 3,
                                                      "Filter": "(sm_carrier = ANY ('{LATVIAN,BARIAN}'::bpchar[]))",
                                                      "Rows Removed by Filter": 18
                                                    }
                                                  ]
                                                }
                                              ]
                                            },
                                            {
                                              "Node Type": "Index Scan",
                                              "Parent Relationship": "Inner",
                                              "Parallel Aware": false,
                                              "Scan Direction": "Forward",
                                              "Index Name": "time_dim_pkey",
                                              "Relation Name": "time_dim",
                                              "Alias": "time_dim_1",
                                              "Startup Cost": 0.29,
                                              "Total Cost": 0.32,
                                              "Plan Rows": 1,
                                              "Plan Width": 4,
                                              "Actual Startup Time": 0.005,
                                              "Actual Total Time": 0.005,
                                              "Actual Rows": 0,
                                              "Actual Loops": 28763,
                                              "Index Cond": "(t_time_sk = catalog_sales.cs_sold_time_sk)",
                                              "Rows Removed by Index Recheck": 0,
                                              "Filter": "((t_time >= 11551) AND (t_time <= 40351))",
                                              "Rows Removed by Filter": 1
                                            }
                                          ]
                                        },
                                        {
                                          "Node Type": "Hash",
                                          "Parent Relationship": "Inner",
                                          "Parallel Aware": false,
                                          "Startup Cost": 1.05,
                                          "Total Cost": 1.05,
                                          "Plan Rows": 5,
                                          "Plan Width": 70,
                                          "Actual Startup Time": 0.068,
                                          "Actual Total Time": 0.068,
                                          "Actual Rows": 5,
                                          "Actual Loops": 3,
                                          "Hash Buckets": 1024,
                                          "Original Hash Buckets": 1024,
                                          "Hash Batches": 1,
                                          "Original Hash Batches": 1,
                                          "Peak Memory Usage": 9,
                                          "Plans": [
                                            {
                                              "Node Type": "Seq Scan",
                                              "Parent Relationship": "Outer",
                                              "Parallel Aware": false,
                                              "Relation Name": "warehouse",
                                              "Alias": "warehouse_1",
                                              "Startup Cost": 0.00,
                                              "Total Cost": 1.05,
                                              "Plan Rows": 5,
                                              "Plan Width": 70,
                                              "Actual Startup Time": 0.043,
                                              "Actual Total Time": 0.046,
                                              "Actual Rows": 5,
                                              "Actual Loops": 3
                                            }
                                          ]
                                        }
                                      ]
                                    }
                                  ]
                                }
                              ]
                            }
                          ]
                        }
                      ]
                    }
                  ]
                }
              ]
            }
          ]
        }
      ]
    },
    "Planning Time": 9.915,
    "Triggers": [
    ],
    "Execution Time": 675.237
  }
]
