[
  {
    "Plan": {
      "Node Type": "Limit",
      "Parallel Aware": false,
      "Startup Cost": 85642.95,
      "Total Cost": 85642.98,
      "Plan Rows": 10,
      "Plan Width": 87,
      "Actual Startup Time": 196.864,
      "Actual Total Time": 196.878,
      "Actual Rows": 60,
      "Actual Loops": 1,
      "Plans": [
        {
          "Node Type": "Sort",
          "Parent Relationship": "Outer",
          "Parallel Aware": false,
          "Startup Cost": 85642.95,
          "Total Cost": 85642.98,
          "Plan Rows": 10,
          "Plan Width": 87,
          "Actual Startup Time": 196.863,
          "Actual Total Time": 196.868,
          "Actual Rows": 60,
          "Actual Loops": 1,
          "Sort Key": ["(sum(store_sales.ss_ext_sales_price)) DESC", "item.i_brand_id"],
          "Sort Method": "quicksort",
          "Sort Space Used": 33,
          "Sort Space Type": "Memory",
          "Plans": [
            {
              "Node Type": "Aggregate",
              "Strategy": "Sorted",
              "Partial Mode": "Simple",
              "Parent Relationship": "Outer",
              "Parallel Aware": false,
              "Startup Cost": 85642.56,
              "Total Cost": 85642.79,
              "Plan Rows": 10,
              "Plan Width": 87,
              "Actual Startup Time": 196.223,
              "Actual Total Time": 196.781,
              "Actual Rows": 60,
              "Actual Loops": 1,
              "Group Key": ["item.i_brand", "item.i_brand_id"],
              "Plans": [
                {
                  "Node Type": "Sort",
                  "Parent Relationship": "Outer",
                  "Parallel Aware": false,
                  "Startup Cost": 85642.56,
                  "Total Cost": 85642.59,
                  "Plan Rows": 10,
                  "Plan Width": 61,
                  "Actual Startup Time": 196.204,
                  "Actual Total Time": 196.267,
                  "Actual Rows": 710,
                  "Actual Loops": 1,
                  "Sort Key": ["item.i_brand", "item.i_brand_id"],
                  "Sort Method": "quicksort",
                  "Sort Space Used": 124,
                  "Sort Space Type": "Memory",
                  "Plans": [
                    {
                      "Node Type": "Hash Join",
                      "Parent Relationship": "Outer",
                      "Parallel Aware": false,
                      "Join Type": "Inner",
                      "Startup Cost": 2506.87,
                      "Total Cost": 85642.39,
                      "Plan Rows": 10,
                      "Plan Width": 61,
                      "Actual Startup Time": 18.788,
                      "Actual Total Time": 193.383,
                      "Actual Rows": 710,
                      "Actual Loops": 1,
                      "Inner Unique": true,
                      "Hash Cond": "(store_sales.ss_sold_date_sk = date_dim.d_date_sk)",
                      "Plans": [
                        {
                          "Node Type": "Nested Loop",
                          "Parent Relationship": "Outer",
                          "Parallel Aware": false,
                          "Join Type": "Inner",
                          "Startup Cost": 5.75,
                          "Total Cost": 83078.68,
                          "Plan Rows": 23844,
                          "Plan Width": 65,
                          "Actual Startup Time": 0.161,
                          "Actual Total Time": 169.731,
                          "Actual Rows": 23178,
                          "Actual Loops": 1,
                          "Inner Unique": false,
                          "Plans": [
                            {
                              "Node Type": "Seq Scan",
                              "Parent Relationship": "Outer",
                              "Parallel Aware": false,
                              "Relation Name": "item",
                              "Alias": "item",
                              "Startup Cost": 0.00,
                              "Total Cost": 1455.00,
                              "Plan Rows": 149,
                              "Plan Width": 59,
                              "Actual Startup Time": 0.103,
                              "Actual Total Time": 14.603,
                              "Actual Rows": 149,
                              "Actual Loops": 1,
                              "Filter": "(i_manager_id = 54)",
                              "Rows Removed by Filter": 17851
                            },
                            {
                              "Node Type": "Bitmap Heap Scan",
                              "Parent Relationship": "Inner",
                              "Parallel Aware": false,
                              "Relation Name": "store_sales",
                              "Alias": "store_sales",
                              "Startup Cost": 5.75,
                              "Total Cost": 546.07,
                              "Plan Rows": 174,
                              "Plan Width": 14,
                              "Actual Startup Time": 0.073,
                              "Actual Total Time": 0.955,
                              "Actual Rows": 156,
                              "Actual Loops": 149,
                              "Recheck Cond": "(ss_item_sk = item.i_item_sk)",
                              "Rows Removed by Index Recheck": 0,
                              "Exact Heap Blocks": 23141,
                              "Lossy Heap Blocks": 0,
                              "Plans": [
                                {
                                  "Node Type": "Bitmap Index Scan",
                                  "Parent Relationship": "Outer",
                                  "Parallel Aware": false,
                                  "Index Name": "store_sales_pkey",
                                  "Startup Cost": 0.00,
                                  "Total Cost": 5.71,
                                  "Plan Rows": 174,
                                  "Plan Width": 0,
                                  "Actual Startup Time": 0.044,
                                  "Actual Total Time": 0.044,
                                  "Actual Rows": 156,
                                  "Actual Loops": 149,
                                  "Index Cond": "(ss_item_sk = item.i_item_sk)"
                                }
                              ]
                            }
                          ]
                        },
                        {
                          "Node Type": "Hash",
                          "Parent Relationship": "Inner",
                          "Parallel Aware": false,
                          "Startup Cost": 2500.73,
                          "Total Cost": 2500.73,
                          "Plan Rows": 31,
                          "Plan Width": 4,
                          "Actual Startup Time": 17.479,
                          "Actual Total Time": 17.479,
                          "Actual Rows": 31,
                          "Actual Loops": 1,
                          "Hash Buckets": 1024,
                          "Original Hash Buckets": 1024,
                          "Hash Batches": 1,
                          "Original Hash Batches": 1,
                          "Peak Memory Usage": 10,
                          "Plans": [
                            {
                              "Node Type": "Seq Scan",
                              "Parent Relationship": "Outer",
                              "Parallel Aware": false,
                              "Relation Name": "date_dim",
                              "Alias": "date_dim",
                              "Startup Cost": 0.00,
                              "Total Cost": 2500.73,
                              "Plan Rows": 31,
                              "Plan Width": 4,
                              "Actual Startup Time": 8.252,
                              "Actual Total Time": 17.467,
                              "Actual Rows": 31,
                              "Actual Loops": 1,
                              "Filter": "((d_moy = 12) AND (d_year = 2000))",
                              "Rows Removed by Filter": 73018
                            }
                          ]
                        }
                      ]
                    }
                  ]
                }
              ]
            }
          ]
        }
      ]
    },
    "Planning Time": 0.531,
    "Triggers": [
    ],
    "Execution Time": 196.960
  }
]
