[
  {
    "Plan": {
      "Node Type": "Limit",
      "Parallel Aware": false,
      "Startup Cost": 859653.79,
      "Total Cost": 859653.80,
      "Plan Rows": 1,
      "Plan Width": 32,
      "Actual Startup Time": 52439.867,
      "Actual Total Time": 52439.868,
      "Actual Rows": 1,
      "Actual Loops": 1,
      "Plans": [
        {
          "Node Type": "Aggregate",
          "Strategy": "Sorted",
          "Partial Mode": "Simple",
          "Parent Relationship": "InitPlan",
          "Subplan Name": "CTE frequent_ss_items",
          "Parallel Aware": false,
          "Startup Cost": 96805.61,
          "Total Cost": 98356.86,
          "Plan Rows": 18250,
          "Plan Width": 48,
          "Actual Startup Time": 34491.621,
          "Actual Total Time": 37802.961,
          "Actual Rows": 54,
          "Actual Loops": 1,
          "Group Key": ["(substr((item.i_item_desc)::text, 1, 30))", "item.i_item_sk", "date_dim_2.d_date"],
          "Filter": "(count(*) > 4)",
          "Rows Removed by Filter": 1976190,
          "Plans": [
            {
              "Node Type": "Sort",
              "Parent Relationship": "Outer",
              "Parallel Aware": false,
              "Startup Cost": 96805.61,
              "Total Cost": 96942.48,
              "Plan Rows": 54750,
              "Plan Width": 40,
              "Actual Startup Time": 34475.227,
              "Actual Total Time": 36784.440,
              "Actual Rows": 2194908,
              "Actual Loops": 1,
              "Sort Key": ["(substr((item.i_item_desc)::text, 1, 30))", "item.i_item_sk", "date_dim_2.d_date"],
              "Sort Method": "external merge",
              "Sort Space Used": 102720,
              "Sort Space Type": "Disk",
              "Plans": [
                {
                  "Node Type": "Hash Join",
                  "Parent Relationship": "Outer",
                  "Parallel Aware": false,
                  "Join Type": "Inner",
                  "Startup Cost": 4153.91,
                  "Total Cost": 92496.63,
                  "Plan Rows": 54750,
                  "Plan Width": 40,
                  "Actual Startup Time": 46.551,
                  "Actual Total Time": 4479.378,
                  "Actual Rows": 2194908,
                  "Actual Loops": 1,
                  "Inner Unique": true,
                  "Hash Cond": "(store_sales.ss_item_sk = item.i_item_sk)",
                  "Plans": [
                    {
                      "Node Type": "Hash Join",
                      "Parent Relationship": "Outer",
                      "Parallel Aware": false,
                      "Join Type": "Inner",
                      "Startup Cost": 2518.91,
                      "Total Cost": 90581.00,
                      "Plan Rows": 54750,
                      "Plan Width": 8,
                      "Actual Startup Time": 21.125,
                      "Actual Total Time": 1657.158,
                      "Actual Rows": 2194908,
                      "Actual Loops": 1,
                      "Inner Unique": true,
                      "Hash Cond": "(store_sales.ss_sold_date_sk = date_dim_2.d_date_sk)",
                      "Plans": [
                        {
                          "Node Type": "Seq Scan",
                          "Parent Relationship": "Outer",
                          "Parallel Aware": false,
                          "Relation Name": "store_sales",
                          "Alias": "store_sales",
                          "Startup Cost": 0.00,
                          "Total Cost": 80500.49,
                          "Plan Rows": 2880449,
                          "Plan Width": 8,
                          "Actual Startup Time": 0.026,
                          "Actual Total Time": 620.136,
                          "Actual Rows": 2880404,
                          "Actual Loops": 1
                        },
                        {
                          "Node Type": "Hash",
                          "Parent Relationship": "Inner",
                          "Parallel Aware": false,
                          "Startup Cost": 2500.73,
                          "Total Cost": 2500.73,
                          "Plan Rows": 1454,
                          "Plan Width": 8,
                          "Actual Startup Time": 21.084,
                          "Actual Total Time": 21.085,
                          "Actual Rows": 1461,
                          "Actual Loops": 1,
                          "Hash Buckets": 2048,
                          "Original Hash Buckets": 2048,
                          "Hash Batches": 1,
                          "Original Hash Batches": 1,
                          "Peak Memory Usage": 74,
                          "Plans": [
                            {
                              "Node Type": "Seq Scan",
                              "Parent Relationship": "Outer",
                              "Parallel Aware": false,
                              "Relation Name": "date_dim",
                              "Alias": "date_dim_2",
                              "Startup Cost": 0.00,
                              "Total Cost": 2500.73,
                              "Plan Rows": 1454,
                              "Plan Width": 8,
                              "Actual Startup Time": 10.971,
                              "Actual Total Time": 20.620,
                              "Actual Rows": 1461,
                              "Actual Loops": 1,
                              "Filter": "(d_year = ANY ('{1998,1999,2000,2001}'::integer[]))",
                              "Rows Removed by Filter": 71588
                            }
                          ]
                        }
                      ]
                    },
                    {
                      "Node Type": "Hash",
                      "Parent Relationship": "Inner",
                      "Parallel Aware": false,
                      "Startup Cost": 1410.00,
                      "Total Cost": 1410.00,
                      "Plan Rows": 18000,
                      "Plan Width": 106,
                      "Actual Startup Time": 25.251,
                      "Actual Total Time": 25.251,
                      "Actual Rows": 18000,
                      "Actual Loops": 1,
                      "Hash Buckets": 32768,
                      "Original Hash Buckets": 32768,
                      "Hash Batches": 1,
                      "Original Hash Batches": 1,
                      "Peak Memory Usage": 2713,
                      "Plans": [
                        {
                          "Node Type": "Seq Scan",
                          "Parent Relationship": "Outer",
                          "Parallel Aware": false,
                          "Relation Name": "item",
                          "Alias": "item",
                          "Startup Cost": 0.00,
                          "Total Cost": 1410.00,
                          "Plan Rows": 18000,
                          "Plan Width": 106,
                          "Actual Startup Time": 0.011,
                          "Actual Total Time": 11.898,
                          "Actual Rows": 18000,
                          "Actual Loops": 1
                        }
                      ]
                    }
                  ]
                }
              ]
            }
          ]
        },
        {
          "Node Type": "Aggregate",
          "Strategy": "Plain",
          "Partial Mode": "Simple",
          "Parent Relationship": "InitPlan",
          "Subplan Name": "CTE max_store_sales",
          "Parallel Aware": false,
          "Startup Cost": 103131.94,
          "Total Cost": 103131.95,
          "Plan Rows": 1,
          "Plan Width": 32,
          "Actual Startup Time": 6463.857,
          "Actual Total Time": 6463.857,
          "Actual Rows": 1,
          "Actual Loops": 1,
          "Plans": [
            {
              "Node Type": "Aggregate",
              "Strategy": "Sorted",
              "Partial Mode": "Simple",
              "Parent Relationship": "Outer",
              "Parallel Aware": false,
              "Startup Cost": 94891.12,
              "Total Cost": 102478.23,
              "Plan Rows": 52297,
              "Plan Width": 36,
              "Actual Startup Time": 3784.284,
              "Actual Total Time": 6447.683,
              "Actual Rows": 85219,
              "Actual Loops": 1,
              "Group Key": ["customer.c_customer_sk"],
              "Plans": [
                {
                  "Node Type": "Merge Join",
                  "Parent Relationship": "Outer",
                  "Parallel Aware": false,
                  "Join Type": "Inner",
                  "Startup Cost": 94891.12,
                  "Total Cost": 101301.55,
                  "Plan Rows": 52297,
                  "Plan Width": 14,
                  "Actual Startup Time": 3784.236,
                  "Actual Total Time": 4952.738,
                  "Actual Rows": 2143228,
                  "Actual Loops": 1,
                  "Inner Unique": false,
                  "Merge Cond": "(customer.c_customer_sk = store_sales_1.ss_customer_sk)",
                  "Plans": [
                    {
                      "Node Type": "Index Only Scan",
                      "Parent Relationship": "Outer",
                      "Parallel Aware": false,
                      "Scan Direction": "Forward",
                      "Index Name": "customer_pkey",
                      "Relation Name": "customer",
                      "Alias": "customer",
                      "Startup Cost": 0.29,
                      "Total Cost": 5377.13,
                      "Plan Rows": 100000,
                      "Plan Width": 4,
                      "Actual Startup Time": 0.057,
                      "Actual Total Time": 46.775,
                      "Actual Rows": 100000,
                      "Actual Loops": 1,
                      "Heap Fetches": 100000
                    },
                    {
                      "Node Type": "Sort",
                      "Parent Relationship": "Inner",
                      "Parallel Aware": false,
                      "Startup Cost": 94889.98,
                      "Total Cost": 95026.86,
                      "Plan Rows": 54750,
                      "Plan Width": 14,
                      "Actual Startup Time": 3784.165,
                      "Actual Total Time": 4269.414,
                      "Actual Rows": 2143229,
                      "Actual Loops": 1,
                      "Sort Key": ["store_sales_1.ss_customer_sk"],
                      "Sort Method": "external sort",
                      "Sort Space Used": 63600,
                      "Sort Space Type": "Disk",
                      "Plans": [
                        {
                          "Node Type": "Hash Join",
                          "Parent Relationship": "Outer",
                          "Parallel Aware": false,
                          "Join Type": "Inner",
                          "Startup Cost": 2518.91,
                          "Total Cost": 90581.00,
                          "Plan Rows": 54750,
                          "Plan Width": 14,
                          "Actual Startup Time": 18.804,
                          "Actual Total Time": 1797.189,
                          "Actual Rows": 2194908,
                          "Actual Loops": 1,
                          "Inner Unique": true,
                          "Hash Cond": "(store_sales_1.ss_sold_date_sk = date_dim_3.d_date_sk)",
                          "Plans": [
                            {
                              "Node Type": "Seq Scan",
                              "Parent Relationship": "Outer",
                              "Parallel Aware": false,
                              "Relation Name": "store_sales",
                              "Alias": "store_sales_1",
                              "Startup Cost": 0.00,
                              "Total Cost": 80500.49,
                              "Plan Rows": 2880449,
                              "Plan Width": 18,
                              "Actual Startup Time": 0.029,
                              "Actual Total Time": 557.918,
                              "Actual Rows": 2880404,
                              "Actual Loops": 1
                            },
                            {
                              "Node Type": "Hash",
                              "Parent Relationship": "Inner",
                              "Parallel Aware": false,
                              "Startup Cost": 2500.73,
                              "Total Cost": 2500.73,
                              "Plan Rows": 1454,
                              "Plan Width": 4,
                              "Actual Startup Time": 18.764,
                              "Actual Total Time": 18.764,
                              "Actual Rows": 1461,
                              "Actual Loops": 1,
                              "Hash Buckets": 2048,
                              "Original Hash Buckets": 2048,
                              "Hash Batches": 1,
                              "Original Hash Batches": 1,
                              "Peak Memory Usage": 68,
                              "Plans": [
                                {
                                  "Node Type": "Seq Scan",
                                  "Parent Relationship": "Outer",
                                  "Parallel Aware": false,
                                  "Relation Name": "date_dim",
                                  "Alias": "date_dim_3",
                                  "Startup Cost": 0.00,
                                  "Total Cost": 2500.73,
                                  "Plan Rows": 1454,
                                  "Plan Width": 4,
                                  "Actual Startup Time": 8.683,
                                  "Actual Total Time": 18.403,
                                  "Actual Rows": 1461,
                                  "Actual Loops": 1,
                                  "Filter": "(d_year = ANY ('{1998,1999,2000,2001}'::integer[]))",
                                  "Rows Removed by Filter": 71588
                                }
                              ]
                            }
                          ]
                        }
                      ]
                    }
                  ]
                }
              ]
            }
          ]
        },
        {
          "Node Type": "Aggregate",
          "Strategy": "Sorted",
          "Partial Mode": "Simple",
          "Parent Relationship": "InitPlan",
          "Subplan Name": "CTE best_ss_customer",
          "Parallel Aware": false,
          "Startup Cost": 510323.66,
          "Total Cost": 567351.76,
          "Plan Rows": 33333,
          "Plan Width": 36,
          "Actual Startup Time": 11113.131,
          "Actual Total Time": 13793.712,
          "Actual Rows": 9,
          "Actual Loops": 1,
          "Group Key": ["customer_1.c_customer_sk"],
          "Filter": "(sum(((store_sales_2.ss_quantity)::numeric * store_sales_2.ss_sales_price)) > (0.95000000000000000000 * $2))",
          "Rows Removed by Filter": 90849,
          "Plans": [
            {
              "Node Type": "CTE Scan",
              "Parent Relationship": "InitPlan",
              "Subplan Name": "InitPlan 3 (returns $2)",
              "Parallel Aware": false,
              "CTE Name": "max_store_sales",
              "Alias": "max_store_sales",
              "Startup Cost": 0.00,
              "Total Cost": 0.02,
              "Plan Rows": 1,
              "Plan Width": 32,
              "Actual Startup Time": 6463.860,
              "Actual Total Time": 6463.861,
              "Actual Rows": 1,
              "Actual Loops": 1
            },
            {
              "Node Type": "Sort",
              "Parent Relationship": "Outer",
              "Parallel Aware": false,
              "Startup Cost": 510323.64,
              "Total Cost": 517202.15,
              "Plan Rows": 2751405,
              "Plan Width": 14,
              "Actual Startup Time": 4570.080,
              "Actual Total Time": 5220.056,
              "Actual Rows": 2750652,
              "Actual Loops": 1,
              "Sort Key": ["customer_1.c_customer_sk"],
              "Sort Method": "external merge",
              "Sort Space Used": 66352,
              "Sort Space Type": "Disk",
              "Plans": [
                {
                  "Node Type": "Hash Join",
                  "Parent Relationship": "Outer",
                  "Parallel Aware": false,
                  "Join Type": "Inner",
                  "Startup Cost": 5409.00,
                  "Total Cost": 121991.98,
                  "Plan Rows": 2751405,
                  "Plan Width": 14,
                  "Actual Startup Time": 60.496,
                  "Actual Total Time": 2785.518,
                  "Actual Rows": 2750652,
                  "Actual Loops": 1,
                  "Inner Unique": true,
                  "Hash Cond": "(store_sales_2.ss_customer_sk = customer_1.c_customer_sk)",
                  "Plans": [
                    {
                      "Node Type": "Seq Scan",
                      "Parent Relationship": "Outer",
                      "Parallel Aware": false,
                      "Relation Name": "store_sales",
                      "Alias": "store_sales_2",
                      "Startup Cost": 0.00,
                      "Total Cost": 80500.49,
                      "Plan Rows": 2880449,
                      "Plan Width": 14,
                      "Actual Startup Time": 0.036,
                      "Actual Total Time": 1164.526,
                      "Actual Rows": 2880404,
                      "Actual Loops": 1
                    },
                    {
                      "Node Type": "Hash",
                      "Parent Relationship": "Inner",
                      "Parallel Aware": false,
                      "Startup Cost": 3768.00,
                      "Total Cost": 3768.00,
                      "Plan Rows": 100000,
                      "Plan Width": 4,
                      "Actual Startup Time": 59.737,
                      "Actual Total Time": 59.737,
                      "Actual Rows": 100000,
                      "Actual Loops": 1,
                      "Hash Buckets": 131072,
                      "Original Hash Buckets": 131072,
                      "Hash Batches": 2,
                      "Original Hash Batches": 2,
                      "Peak Memory Usage": 2781,
                      "Plans": [
                        {
                          "Node Type": "Seq Scan",
                          "Parent Relationship": "Outer",
                          "Parallel Aware": false,
                          "Relation Name": "customer",
                          "Alias": "customer_1",
                          "Startup Cost": 0.00,
                          "Total Cost": 3768.00,
                          "Plan Rows": 100000,
                          "Plan Width": 4,
                          "Actual Startup Time": 0.008,
                          "Actual Total Time": 30.164,
                          "Actual Rows": 100000,
                          "Actual Loops": 1
                        }
                      ]
                    }
                  ]
                }
              ]
            }
          ]
        },
        {
          "Node Type": "Aggregate",
          "Strategy": "Plain",
          "Partial Mode": "Simple",
          "Parent Relationship": "Outer",
          "Parallel Aware": false,
          "Startup Cost": 90813.22,
          "Total Cost": 90813.23,
          "Plan Rows": 1,
          "Plan Width": 32,
          "Actual Startup Time": 52439.866,
          "Actual Total Time": 52439.866,
          "Actual Rows": 1,
          "Actual Loops": 1,
          "Plans": [
            {
              "Node Type": "Append",
              "Parent Relationship": "Outer",
              "Parallel Aware": false,
              "Startup Cost": 3670.73,
              "Total Cost": 90812.67,
              "Plan Rows": 220,
              "Plan Width": 32,
              "Actual Startup Time": 52439.862,
              "Actual Total Time": 52439.862,
              "Actual Rows": 0,
              "Actual Loops": 1,
              "Plans": [
                {
                  "Node Type": "Hash Join",
                  "Parent Relationship": "Member",
                  "Parallel Aware": false,
                  "Join Type": "Inner",
                  "Startup Cost": 3670.73,
                  "Total Cost": 59285.32,
                  "Plan Rows": 146,
                  "Plan Width": 32,
                  "Actual Startup Time": 52145.512,
                  "Actual Total Time": 52145.513,
                  "Actual Rows": 0,
                  "Actual Loops": 1,
                  "Inner Unique": true,
                  "Hash Cond": "(catalog_sales.cs_item_sk = frequent_ss_items.item_sk)",
                  "Plans": [
                    {
                      "Node Type": "Hash Join",
                      "Parent Relationship": "Outer",
                      "Parallel Aware": false,
                      "Join Type": "Inner",
                      "Startup Cost": 3255.60,
                      "Total Cost": 58867.07,
                      "Plan Rows": 293,
                      "Plan Width": 14,
                      "Actual Startup Time": 14342.195,
                      "Actual Total Time": 14342.195,
                      "Actual Rows": 0,
                      "Actual Loops": 1,
                      "Inner Unique": true,
                      "Hash Cond": "(catalog_sales.cs_bill_customer_sk = best_ss_customer.c_customer_sk)",
                      "Plans": [
                        {
                          "Node Type": "Hash Join",
                          "Parent Relationship": "Outer",
                          "Parallel Aware": false,
                          "Join Type": "Inner",
                          "Startup Cost": 2501.11,
                          "Total Cost": 58107.77,
                          "Plan Rows": 589,
                          "Plan Width": 18,
                          "Actual Startup Time": 20.259,
                          "Actual Total Time": 546.629,
                          "Actual Rows": 13691,
                          "Actual Loops": 1,
                          "Inner Unique": true,
                          "Hash Cond": "(catalog_sales.cs_sold_date_sk = date_dim.d_date_sk)",
                          "Plans": [
                            {
                              "Node Type": "Seq Scan",
                              "Parent Relationship": "Outer",
                              "Parallel Aware": false,
                              "Relation Name": "catalog_sales",
                              "Alias": "catalog_sales",
                              "Startup Cost": 0.00,
                              "Total Cost": 51821.98,
                              "Plan Rows": 1441698,
                              "Plan Width": 22,
                              "Actual Startup Time": 0.037,
                              "Actual Total Time": 305.941,
                              "Actual Rows": 1441548,
                              "Actual Loops": 1
                            },
                            {
                              "Node Type": "Hash",
                              "Parent Relationship": "Inner",
                              "Parallel Aware": false,
                              "Startup Cost": 2500.73,
                              "Total Cost": 2500.73,
                              "Plan Rows": 30,
                              "Plan Width": 4,
                              "Actual Startup Time": 15.593,
                              "Actual Total Time": 15.593,
                              "Actual Rows": 30,
                              "Actual Loops": 1,
                              "Hash Buckets": 1024,
                              "Original Hash Buckets": 1024,
                              "Hash Batches": 1,
                              "Original Hash Batches": 1,
                              "Peak Memory Usage": 10,
                              "Plans": [
                                {
                                  "Node Type": "Seq Scan",
                                  "Parent Relationship": "Outer",
                                  "Parallel Aware": false,
                                  "Relation Name": "date_dim",
                                  "Alias": "date_dim",
                                  "Startup Cost": 0.00,
                                  "Total Cost": 2500.73,
                                  "Plan Rows": 30,
                                  "Plan Width": 4,
                                  "Actual Startup Time": 7.870,
                                  "Actual Total Time": 15.576,
                                  "Actual Rows": 30,
                                  "Actual Loops": 1,
                                  "Filter": "((d_year = 1998) AND (d_moy = 4))",
                                  "Rows Removed by Filter": 73019
                                }
                              ]
                            }
                          ]
                        },
                        {
                          "Node Type": "Hash",
                          "Parent Relationship": "Inner",
                          "Parallel Aware": false,
                          "Startup Cost": 751.99,
                          "Total Cost": 751.99,
                          "Plan Rows": 200,
                          "Plan Width": 4,
                          "Actual Startup Time": 13793.791,
                          "Actual Total Time": 13793.791,
                          "Actual Rows": 9,
                          "Actual Loops": 1,
                          "Hash Buckets": 1024,
                          "Original Hash Buckets": 1024,
                          "Hash Batches": 1,
                          "Original Hash Batches": 1,
                          "Peak Memory Usage": 9,
                          "Plans": [
                            {
                              "Node Type": "Aggregate",
                              "Strategy": "Hashed",
                              "Partial Mode": "Simple",
                              "Parent Relationship": "Outer",
                              "Parallel Aware": false,
                              "Startup Cost": 749.99,
                              "Total Cost": 751.99,
                              "Plan Rows": 200,
                              "Plan Width": 4,
                              "Actual Startup Time": 13793.770,
                              "Actual Total Time": 13793.774,
                              "Actual Rows": 9,
                              "Actual Loops": 1,
                              "Group Key": ["best_ss_customer.c_customer_sk"],
                              "Plans": [
                                {
                                  "Node Type": "CTE Scan",
                                  "Parent Relationship": "Outer",
                                  "Parallel Aware": false,
                                  "CTE Name": "best_ss_customer",
                                  "Alias": "best_ss_customer",
                                  "Startup Cost": 0.00,
                                  "Total Cost": 666.66,
                                  "Plan Rows": 33333,
                                  "Plan Width": 4,
                                  "Actual Startup Time": 11113.135,
                                  "Actual Total Time": 13793.746,
                                  "Actual Rows": 9,
                                  "Actual Loops": 1
                                }
                              ]
                            }
                          ]
                        }
                      ]
                    },
                    {
                      "Node Type": "Hash",
                      "Parent Relationship": "Inner",
                      "Parallel Aware": false,
                      "Startup Cost": 412.62,
                      "Total Cost": 412.62,
                      "Plan Rows": 200,
                      "Plan Width": 4,
                      "Actual Startup Time": 37803.287,
                      "Actual Total Time": 37803.287,
                      "Actual Rows": 54,
                      "Actual Loops": 1,
                      "Hash Buckets": 1024,
                      "Original Hash Buckets": 1024,
                      "Hash Batches": 1,
                      "Original Hash Batches": 1,
                      "Peak Memory Usage": 10,
                      "Plans": [
                        {
                          "Node Type": "Aggregate",
                          "Strategy": "Hashed",
                          "Partial Mode": "Simple",
                          "Parent Relationship": "Outer",
                          "Parallel Aware": false,
                          "Startup Cost": 410.62,
                          "Total Cost": 412.62,
                          "Plan Rows": 200,
                          "Plan Width": 4,
                          "Actual Startup Time": 37803.246,
                          "Actual Total Time": 37803.261,
                          "Actual Rows": 54,
                          "Actual Loops": 1,
                          "Group Key": ["frequent_ss_items.item_sk"],
                          "Plans": [
                            {
                              "Node Type": "CTE Scan",
                              "Parent Relationship": "Outer",
                              "Parallel Aware": false,
                              "CTE Name": "frequent_ss_items",
                              "Alias": "frequent_ss_items",
                              "Startup Cost": 0.00,
                              "Total Cost": 365.00,
                              "Plan Rows": 18250,
                              "Plan Width": 4,
                              "Actual Startup Time": 34491.626,
                              "Actual Total Time": 37803.143,
                              "Actual Rows": 54,
                              "Actual Loops": 1
                            }
                          ]
                        }
                      ]
                    }
                  ]
                },
                {
                  "Node Type": "Hash Join",
                  "Parent Relationship": "Member",
                  "Parallel Aware": false,
                  "Join Type": "Inner",
                  "Startup Cost": 3670.73,
                  "Total Cost": 31524.05,
                  "Plan Rows": 74,
                  "Plan Width": 32,
                  "Actual Startup Time": 294.347,
                  "Actual Total Time": 294.347,
                  "Actual Rows": 0,
                  "Actual Loops": 1,
                  "Inner Unique": true,
                  "Hash Cond": "(web_sales.ws_item_sk = frequent_ss_items_1.item_sk)",
                  "Plans": [
                    {
                      "Node Type": "Hash Join",
                      "Parent Relationship": "Outer",
                      "Parallel Aware": false,
                      "Join Type": "Inner",
                      "Startup Cost": 3255.60,
                      "Total Cost": 31107.35,
                      "Plan Rows": 147,
                      "Plan Width": 14,
                      "Actual Startup Time": 294.253,
                      "Actual Total Time": 294.253,
                      "Actual Rows": 0,
                      "Actual Loops": 1,
                      "Inner Unique": true,
                      "Hash Cond": "(web_sales.ws_bill_customer_sk = best_ss_customer_1.c_customer_sk)",
                      "Plans": [
                        {
                          "Node Type": "Hash Join",
                          "Parent Relationship": "Outer",
                          "Parallel Aware": false,
                          "Join Type": "Inner",
                          "Startup Cost": 2501.11,
                          "Total Cost": 30350.44,
                          "Plan Rows": 295,
                          "Plan Width": 18,
                          "Actual Startup Time": 16.825,
                          "Actual Total Time": 293.091,
                          "Actual Rows": 6666,
                          "Actual Loops": 1,
                          "Inner Unique": true,
                          "Hash Cond": "(web_sales.ws_sold_date_sk = date_dim_1.d_date_sk)",
                          "Plans": [
                            {
                              "Node Type": "Seq Scan",
                              "Parent Relationship": "Outer",
                              "Parallel Aware": false,
                              "Relation Name": "web_sales",
                              "Alias": "web_sales",
                              "Startup Cost": 0.00,
                              "Total Cost": 25960.84,
                              "Plan Rows": 719384,
                              "Plan Width": 22,
                              "Actual Startup Time": 0.015,
                              "Actual Total Time": 159.841,
                              "Actual Rows": 719384,
                              "Actual Loops": 1
                            },
                            {
                              "Node Type": "Hash",
                              "Parent Relationship": "Inner",
                              "Parallel Aware": false,
                              "Startup Cost": 2500.73,
                              "Total Cost": 2500.73,
                              "Plan Rows": 30,
                              "Plan Width": 4,
                              "Actual Startup Time": 16.244,
                              "Actual Total Time": 16.244,
                              "Actual Rows": 30,
                              "Actual Loops": 1,
                              "Hash Buckets": 1024,
                              "Original Hash Buckets": 1024,
                              "Hash Batches": 1,
                              "Original Hash Batches": 1,
                              "Peak Memory Usage": 10,
                              "Plans": [
                                {
                                  "Node Type": "Seq Scan",
                                  "Parent Relationship": "Outer",
                                  "Parallel Aware": false,
                                  "Relation Name": "date_dim",
                                  "Alias": "date_dim_1",
                                  "Startup Cost": 0.00,
                                  "Total Cost": 2500.73,
                                  "Plan Rows": 30,
                                  "Plan Width": 4,
                                  "Actual Startup Time": 8.216,
                                  "Actual Total Time": 16.226,
                                  "Actual Rows": 30,
                                  "Actual Loops": 1,
                                  "Filter": "((d_year = 1998) AND (d_moy = 4))",
                                  "Rows Removed by Filter": 73019
                                }
                              ]
                            }
                          ]
                        },
                        {
                          "Node Type": "Hash",
                          "Parent Relationship": "Inner",
                          "Parallel Aware": false,
                          "Startup Cost": 751.99,
                          "Total Cost": 751.99,
                          "Plan Rows": 200,
                          "Plan Width": 4,
                          "Actual Startup Time": 0.025,
                          "Actual Total Time": 0.025,
                          "Actual Rows": 9,
                          "Actual Loops": 1,
                          "Hash Buckets": 1024,
                          "Original Hash Buckets": 1024,
                          "Hash Batches": 1,
                          "Original Hash Batches": 1,
                          "Peak Memory Usage": 9,
                          "Plans": [
                            {
                              "Node Type": "Aggregate",
                              "Strategy": "Hashed",
                              "Partial Mode": "Simple",
                              "Parent Relationship": "Outer",
                              "Parallel Aware": false,
                              "Startup Cost": 749.99,
                              "Total Cost": 751.99,
                              "Plan Rows": 200,
                              "Plan Width": 4,
                              "Actual Startup Time": 0.014,
                              "Actual Total Time": 0.018,
                              "Actual Rows": 9,
                              "Actual Loops": 1,
                              "Group Key": ["best_ss_customer_1.c_customer_sk"],
                              "Plans": [
                                {
                                  "Node Type": "CTE Scan",
                                  "Parent Relationship": "Outer",
                                  "Parallel Aware": false,
                                  "CTE Name": "best_ss_customer",
                                  "Alias": "best_ss_customer_1",
                                  "Startup Cost": 0.00,
                                  "Total Cost": 666.66,
                                  "Plan Rows": 33333,
                                  "Plan Width": 4,
                                  "Actual Startup Time": 0.001,
                                  "Actual Total Time": 0.003,
                                  "Actual Rows": 9,
                                  "Actual Loops": 1
                                }
                              ]
                            }
                          ]
                        }
                      ]
                    },
                    {
                      "Node Type": "Hash",
                      "Parent Relationship": "Inner",
                      "Parallel Aware": false,
                      "Startup Cost": 412.62,
                      "Total Cost": 412.62,
                      "Plan Rows": 200,
                      "Plan Width": 4,
                      "Actual Startup Time": 0.084,
                      "Actual Total Time": 0.084,
                      "Actual Rows": 54,
                      "Actual Loops": 1,
                      "Hash Buckets": 1024,
                      "Original Hash Buckets": 1024,
                      "Hash Batches": 1,
                      "Original Hash Batches": 1,
                      "Peak Memory Usage": 10,
                      "Plans": [
                        {
                          "Node Type": "Aggregate",
                          "Strategy": "Hashed",
                          "Partial Mode": "Simple",
                          "Parent Relationship": "Outer",
                          "Parallel Aware": false,
                          "Startup Cost": 410.62,
                          "Total Cost": 412.62,
                          "Plan Rows": 200,
                          "Plan Width": 4,
                          "Actual Startup Time": 0.046,
                          "Actual Total Time": 0.060,
                          "Actual Rows": 54,
                          "Actual Loops": 1,
                          "Group Key": ["frequent_ss_items_1.item_sk"],
                          "Plans": [
                            {
                              "Node Type": "CTE Scan",
                              "Parent Relationship": "Outer",
                              "Parallel Aware": false,
                              "CTE Name": "frequent_ss_items",
                              "Alias": "frequent_ss_items_1",
                              "Startup Cost": 0.00,
                              "Total Cost": 365.00,
                              "Plan Rows": 18250,
                              "Plan Width": 4,
                              "Actual Startup Time": 0.002,
                              "Actual Total Time": 0.014,
                              "Actual Rows": 54,
                              "Actual Loops": 1
                            }
                          ]
                        }
                      ]
                    }
                  ]
                }
              ]
            }
          ]
        }
      ]
    },
    "Planning Time": 2.839,
    "Triggers": [
    ],
    "Execution Time": 52456.347
  }
]
SET
