[
  {
    "Plan": {
      "Node Type": "Seq Scan",
      "Parallel Aware": false,
      "Relation Name": "reason",
      "Alias": "reason",
      "Startup Cost": 1069088.50,
      "Total Cost": 1069089.95,
      "Plan Rows": 1,
      "Plan Width": 160,
      "Actual Startup Time": 4082.945,
      "Actual Total Time": 4082.972,
      "Actual Rows": 1,
      "Actual Loops": 1,
      "Filter": "(r_reason_sk = 1)",
      "Rows Removed by Filter": 34,
      "Plans": [
        {
          "Node Type": "Aggregate",
          "Strategy": "Plain",
          "Partial Mode": "Finalize",
          "Parent Relationship": "InitPlan",
          "Subplan Name": "InitPlan 1 (returns $1)",
          "Parallel Aware": false,
          "Startup Cost": 71274.01,
          "Total Cost": 71274.02,
          "Plan Rows": 1,
          "Plan Width": 8,
          "Actual Startup Time": 384.769,
          "Actual Total Time": 384.769,
          "Actual Rows": 1,
          "Actual Loops": 1,
          "Plans": [
            {
              "Node Type": "Gather",
              "Parent Relationship": "Outer",
              "Parallel Aware": false,
              "Startup Cost": 71273.80,
              "Total Cost": 71274.01,
              "Plan Rows": 2,
              "Plan Width": 8,
              "Actual Startup Time": 384.667,
              "Actual Total Time": 384.802,
              "Actual Rows": 3,
              "Actual Loops": 1,
              "Workers Planned": 2,
              "Workers Launched": 2,
              "Single Copy": false,
              "Plans": [
                {
                  "Node Type": "Aggregate",
                  "Strategy": "Plain",
                  "Partial Mode": "Partial",
                  "Parent Relationship": "Outer",
                  "Parallel Aware": false,
                  "Startup Cost": 70273.80,
                  "Total Cost": 70273.81,
                  "Plan Rows": 1,
                  "Plan Width": 8,
                  "Actual Startup Time": 377.391,
                  "Actual Total Time": 377.392,
                  "Actual Rows": 1,
                  "Actual Loops": 3,
                  "Plans": [
                    {
                      "Node Type": "Seq Scan",
                      "Parent Relationship": "Outer",
                      "Parallel Aware": true,
                      "Relation Name": "store_sales",
                      "Alias": "store_sales",
                      "Startup Cost": 0.00,
                      "Total Cost": 69698.81,
                      "Plan Rows": 229996,
                      "Plan Width": 0,
                      "Actual Startup Time": 0.073,
                      "Actual Total Time": 354.745,
                      "Actual Rows": 183334,
                      "Actual Loops": 3,
                      "Filter": "((ss_quantity >= 1) AND (ss_quantity <= 20))",
                      "Rows Removed by Filter": 776800
                    }
                  ]
                }
              ]
            }
          ]
        },
        {
          "Node Type": "Aggregate",
          "Strategy": "Plain",
          "Partial Mode": "Finalize",
          "Parent Relationship": "InitPlan",
          "Subplan Name": "InitPlan 2 (returns $3)",
          "Parallel Aware": false,
          "Startup Cost": 71274.02,
          "Total Cost": 71274.03,
          "Plan Rows": 1,
          "Plan Width": 32,
          "Actual Startup Time": 438.668,
          "Actual Total Time": 438.668,
          "Actual Rows": 1,
          "Actual Loops": 1,
          "Plans": [
            {
              "Node Type": "Gather",
              "Parent Relationship": "Outer",
              "Parallel Aware": false,
              "Startup Cost": 71273.80,
              "Total Cost": 71274.01,
              "Plan Rows": 2,
              "Plan Width": 32,
              "Actual Startup Time": 438.542,
              "Actual Total Time": 438.685,
              "Actual Rows": 3,
              "Actual Loops": 1,
              "Workers Planned": 2,
              "Workers Launched": 2,
              "Single Copy": false,
              "Plans": [
                {
                  "Node Type": "Aggregate",
                  "Strategy": "Plain",
                  "Partial Mode": "Partial",
                  "Parent Relationship": "Outer",
                  "Parallel Aware": false,
                  "Startup Cost": 70273.80,
                  "Total Cost": 70273.81,
                  "Plan Rows": 1,
                  "Plan Width": 32,
                  "Actual Startup Time": 430.401,
                  "Actual Total Time": 430.401,
                  "Actual Rows": 1,
                  "Actual Loops": 3,
                  "Plans": [
                    {
                      "Node Type": "Seq Scan",
                      "Parent Relationship": "Outer",
                      "Parallel Aware": true,
                      "Relation Name": "store_sales",
                      "Alias": "store_sales_1",
                      "Startup Cost": 0.00,
                      "Total Cost": 69698.81,
                      "Plan Rows": 229996,
                      "Plan Width": 7,
                      "Actual Startup Time": 0.058,
                      "Actual Total Time": 361.116,
                      "Actual Rows": 183334,
                      "Actual Loops": 3,
                      "Filter": "((ss_quantity >= 1) AND (ss_quantity <= 20))",
                      "Rows Removed by Filter": 776800
                    }
                  ]
                }
              ]
            }
          ]
        },
        {
          "Node Type": "Aggregate",
          "Strategy": "Plain",
          "Partial Mode": "Finalize",
          "Parent Relationship": "InitPlan",
          "Subplan Name": "InitPlan 3 (returns $5)",
          "Parallel Aware": false,
          "Startup Cost": 71274.02,
          "Total Cost": 71274.03,
          "Plan Rows": 1,
          "Plan Width": 32,
          "Actual Startup Time": 0.000,
          "Actual Total Time": 0.000,
          "Actual Rows": 0,
          "Actual Loops": 0,
          "Plans": [
            {
              "Node Type": "Gather",
              "Parent Relationship": "Outer",
              "Parallel Aware": false,
              "Startup Cost": 71273.80,
              "Total Cost": 71274.01,
              "Plan Rows": 2,
              "Plan Width": 32,
              "Actual Startup Time": 0.000,
              "Actual Total Time": 0.000,
              "Actual Rows": 0,
              "Actual Loops": 0,
              "Workers Planned": 2,
              "Workers Launched": 0,
              "Single Copy": false,
              "Plans": [
                {
                  "Node Type": "Aggregate",
                  "Strategy": "Plain",
                  "Partial Mode": "Partial",
                  "Parent Relationship": "Outer",
                  "Parallel Aware": false,
                  "Startup Cost": 70273.80,
                  "Total Cost": 70273.81,
                  "Plan Rows": 1,
                  "Plan Width": 32,
                  "Actual Startup Time": 0.000,
                  "Actual Total Time": 0.000,
                  "Actual Rows": 0,
                  "Actual Loops": 0,
                  "Plans": [
                    {
                      "Node Type": "Seq Scan",
                      "Parent Relationship": "Outer",
                      "Parallel Aware": true,
                      "Relation Name": "store_sales",
                      "Alias": "store_sales_2",
                      "Startup Cost": 0.00,
                      "Total Cost": 69698.81,
                      "Plan Rows": 229996,
                      "Plan Width": 6,
                      "Actual Startup Time": 0.000,
                      "Actual Total Time": 0.000,
                      "Actual Rows": 0,
                      "Actual Loops": 0,
                      "Filter": "((ss_quantity >= 1) AND (ss_quantity <= 20))",
                      "Rows Removed by Filter": 0
                    }
                  ]
                }
              ]
            }
          ]
        },
        {
          "Node Type": "Aggregate",
          "Strategy": "Plain",
          "Partial Mode": "Finalize",
          "Parent Relationship": "InitPlan",
          "Subplan Name": "InitPlan 4 (returns $7)",
          "Parallel Aware": false,
          "Startup Cost": 71279.71,
          "Total Cost": 71279.72,
          "Plan Rows": 1,
          "Plan Width": 8,
          "Actual Startup Time": 387.032,
          "Actual Total Time": 387.032,
          "Actual Rows": 1,
          "Actual Loops": 1,
          "Plans": [
            {
              "Node Type": "Gather",
              "Parent Relationship": "Outer",
              "Parallel Aware": false,
              "Startup Cost": 71279.50,
              "Total Cost": 71279.71,
              "Plan Rows": 2,
              "Plan Width": 8,
              "Actual Startup Time": 386.910,
              "Actual Total Time": 387.046,
              "Actual Rows": 3,
              "Actual Loops": 1,
              "Workers Planned": 2,
              "Workers Launched": 2,
              "Single Copy": false,
              "Plans": [
                {
                  "Node Type": "Aggregate",
                  "Strategy": "Plain",
                  "Partial Mode": "Partial",
                  "Parent Relationship": "Outer",
                  "Parallel Aware": false,
                  "Startup Cost": 70279.50,
                  "Total Cost": 70279.51,
                  "Plan Rows": 1,
                  "Plan Width": 8,
                  "Actual Startup Time": 383.097,
                  "Actual Total Time": 383.097,
                  "Actual Rows": 1,
                  "Actual Loops": 3,
                  "Plans": [
                    {
                      "Node Type": "Seq Scan",
                      "Parent Relationship": "Outer",
                      "Parallel Aware": true,
                      "Relation Name": "store_sales",
                      "Alias": "store_sales_3",
                      "Startup Cost": 0.00,
                      "Total Cost": 69698.81,
                      "Plan Rows": 232276,
                      "Plan Width": 0,
                      "Actual Startup Time": 0.048,
                      "Actual Total Time": 360.489,
                      "Actual Rows": 183134,
                      "Actual Loops": 3,
                      "Filter": "((ss_quantity >= 21) AND (ss_quantity <= 40))",
                      "Rows Removed by Filter": 777001
                    }
                  ]
                }
              ]
            }
          ]
        },
        {
          "Node Type": "Aggregate",
          "Strategy": "Plain",
          "Partial Mode": "Finalize",
          "Parent Relationship": "InitPlan",
          "Subplan Name": "InitPlan 5 (returns $9)",
          "Parallel Aware": false,
          "Startup Cost": 71279.72,
          "Total Cost": 71279.73,
          "Plan Rows": 1,
          "Plan Width": 32,
          "Actual Startup Time": 436.515,
          "Actual Total Time": 436.515,
          "Actual Rows": 1,
          "Actual Loops": 1,
          "Plans": [
            {
              "Node Type": "Gather",
              "Parent Relationship": "Outer",
              "Parallel Aware": false,
              "Startup Cost": 71279.50,
              "Total Cost": 71279.71,
              "Plan Rows": 2,
              "Plan Width": 32,
              "Actual Startup Time": 436.371,
              "Actual Total Time": 436.527,
              "Actual Rows": 3,
              "Actual Loops": 1,
              "Workers Planned": 2,
              "Workers Launched": 2,
              "Single Copy": false,
              "Plans": [
                {
                  "Node Type": "Aggregate",
                  "Strategy": "Plain",
                  "Partial Mode": "Partial",
                  "Parent Relationship": "Outer",
                  "Parallel Aware": false,
                  "Startup Cost": 70279.50,
                  "Total Cost": 70279.51,
                  "Plan Rows": 1,
                  "Plan Width": 32,
                  "Actual Startup Time": 432.346,
                  "Actual Total Time": 432.346,
                  "Actual Rows": 1,
                  "Actual Loops": 3,
                  "Plans": [
                    {
                      "Node Type": "Seq Scan",
                      "Parent Relationship": "Outer",
                      "Parallel Aware": true,
                      "Relation Name": "store_sales",
                      "Alias": "store_sales_4",
                      "Startup Cost": 0.00,
                      "Total Cost": 69698.81,
                      "Plan Rows": 232276,
                      "Plan Width": 7,
                      "Actual Startup Time": 0.051,
                      "Actual Total Time": 362.606,
                      "Actual Rows": 183134,
                      "Actual Loops": 3,
                      "Filter": "((ss_quantity >= 21) AND (ss_quantity <= 40))",
                      "Rows Removed by Filter": 777001
                    }
                  ]
                }
              ]
            }
          ]
        },
        {
          "Node Type": "Aggregate",
          "Strategy": "Plain",
          "Partial Mode": "Finalize",
          "Parent Relationship": "InitPlan",
          "Subplan Name": "InitPlan 6 (returns $11)",
          "Parallel Aware": false,
          "Startup Cost": 71279.72,
          "Total Cost": 71279.73,
          "Plan Rows": 1,
          "Plan Width": 32,
          "Actual Startup Time": 0.000,
          "Actual Total Time": 0.000,
          "Actual Rows": 0,
          "Actual Loops": 0,
          "Plans": [
            {
              "Node Type": "Gather",
              "Parent Relationship": "Outer",
              "Parallel Aware": false,
              "Startup Cost": 71279.50,
              "Total Cost": 71279.71,
              "Plan Rows": 2,
              "Plan Width": 32,
              "Actual Startup Time": 0.000,
              "Actual Total Time": 0.000,
              "Actual Rows": 0,
              "Actual Loops": 0,
              "Workers Planned": 2,
              "Workers Launched": 0,
              "Single Copy": false,
              "Plans": [
                {
                  "Node Type": "Aggregate",
                  "Strategy": "Plain",
                  "Partial Mode": "Partial",
                  "Parent Relationship": "Outer",
                  "Parallel Aware": false,
                  "Startup Cost": 70279.50,
                  "Total Cost": 70279.51,
                  "Plan Rows": 1,
                  "Plan Width": 32,
                  "Actual Startup Time": 0.000,
                  "Actual Total Time": 0.000,
                  "Actual Rows": 0,
                  "Actual Loops": 0,
                  "Plans": [
                    {
                      "Node Type": "Seq Scan",
                      "Parent Relationship": "Outer",
                      "Parallel Aware": true,
                      "Relation Name": "store_sales",
                      "Alias": "store_sales_5",
                      "Startup Cost": 0.00,
                      "Total Cost": 69698.81,
                      "Plan Rows": 232276,
                      "Plan Width": 6,
                      "Actual Startup Time": 0.000,
                      "Actual Total Time": 0.000,
                      "Actual Rows": 0,
                      "Actual Loops": 0,
                      "Filter": "((ss_quantity >= 21) AND (ss_quantity <= 40))",
                      "Rows Removed by Filter": 0
                    }
                  ]
                }
              ]
            }
          ]
        },
        {
          "Node Type": "Aggregate",
          "Strategy": "Plain",
          "Partial Mode": "Finalize",
          "Parent Relationship": "InitPlan",
          "Subplan Name": "InitPlan 7 (returns $13)",
          "Parallel Aware": false,
          "Startup Cost": 71262.31,
          "Total Cost": 71262.32,
          "Plan Rows": 1,
          "Plan Width": 8,
          "Actual Startup Time": 396.127,
          "Actual Total Time": 396.127,
          "Actual Rows": 1,
          "Actual Loops": 1,
          "Plans": [
            {
              "Node Type": "Gather",
              "Parent Relationship": "Outer",
              "Parallel Aware": false,
              "Startup Cost": 71262.09,
              "Total Cost": 71262.30,
              "Plan Rows": 2,
              "Plan Width": 8,
              "Actual Startup Time": 396.009,
              "Actual Total Time": 396.138,
              "Actual Rows": 3,
              "Actual Loops": 1,
              "Workers Planned": 2,
              "Workers Launched": 2,
              "Single Copy": false,
              "Plans": [
                {
                  "Node Type": "Aggregate",
                  "Strategy": "Plain",
                  "Partial Mode": "Partial",
                  "Parent Relationship": "Outer",
                  "Parallel Aware": false,
                  "Startup Cost": 70262.09,
                  "Total Cost": 70262.10,
                  "Plan Rows": 1,
                  "Plan Width": 8,
                  "Actual Startup Time": 391.856,
                  "Actual Total Time": 391.857,
                  "Actual Rows": 1,
                  "Actual Loops": 3,
                  "Plans": [
                    {
                      "Node Type": "Seq Scan",
                      "Parent Relationship": "Outer",
                      "Parallel Aware": true,
                      "Relation Name": "store_sales",
                      "Alias": "store_sales_6",
                      "Startup Cost": 0.00,
                      "Total Cost": 69698.81,
                      "Plan Rows": 225315,
                      "Plan Width": 0,
                      "Actual Startup Time": 0.051,
                      "Actual Total Time": 368.679,
                      "Actual Rows": 183217,
                      "Actual Loops": 3,
                      "Filter": "((ss_quantity >= 41) AND (ss_quantity <= 60))",
                      "Rows Removed by Filter": 776918
                    }
                  ]
                }
              ]
            }
          ]
        },
        {
          "Node Type": "Aggregate",
          "Strategy": "Plain",
          "Partial Mode": "Finalize",
          "Parent Relationship": "InitPlan",
          "Subplan Name": "InitPlan 8 (returns $15)",
          "Parallel Aware": false,
          "Startup Cost": 71262.32,
          "Total Cost": 71262.33,
          "Plan Rows": 1,
          "Plan Width": 32,
          "Actual Startup Time": 435.497,
          "Actual Total Time": 435.497,
          "Actual Rows": 1,
          "Actual Loops": 1,
          "Plans": [
            {
              "Node Type": "Gather",
              "Parent Relationship": "Outer",
              "Parallel Aware": false,
              "Startup Cost": 71262.10,
              "Total Cost": 71262.31,
              "Plan Rows": 2,
              "Plan Width": 32,
              "Actual Startup Time": 435.366,
              "Actual Total Time": 435.486,
              "Actual Rows": 3,
              "Actual Loops": 1,
              "Workers Planned": 2,
              "Workers Launched": 2,
              "Single Copy": false,
              "Plans": [
                {
                  "Node Type": "Aggregate",
                  "Strategy": "Plain",
                  "Partial Mode": "Partial",
                  "Parent Relationship": "Outer",
                  "Parallel Aware": false,
                  "Startup Cost": 70262.10,
                  "Total Cost": 70262.11,
                  "Plan Rows": 1,
                  "Plan Width": 32,
                  "Actual Startup Time": 431.241,
                  "Actual Total Time": 431.242,
                  "Actual Rows": 1,
                  "Actual Loops": 3,
                  "Plans": [
                    {
                      "Node Type": "Seq Scan",
                      "Parent Relationship": "Outer",
                      "Parallel Aware": true,
                      "Relation Name": "store_sales",
                      "Alias": "store_sales_7",
                      "Startup Cost": 0.00,
                      "Total Cost": 69698.81,
                      "Plan Rows": 225315,
                      "Plan Width": 7,
                      "Actual Startup Time": 0.051,
                      "Actual Total Time": 361.740,
                      "Actual Rows": 183217,
                      "Actual Loops": 3,
                      "Filter": "((ss_quantity >= 41) AND (ss_quantity <= 60))",
                      "Rows Removed by Filter": 776918
                    }
                  ]
                }
              ]
            }
          ]
        },
        {
          "Node Type": "Aggregate",
          "Strategy": "Plain",
          "Partial Mode": "Finalize",
          "Parent Relationship": "InitPlan",
          "Subplan Name": "InitPlan 9 (returns $17)",
          "Parallel Aware": false,
          "Startup Cost": 71262.32,
          "Total Cost": 71262.33,
          "Plan Rows": 1,
          "Plan Width": 32,
          "Actual Startup Time": 0.000,
          "Actual Total Time": 0.000,
          "Actual Rows": 0,
          "Actual Loops": 0,
          "Plans": [
            {
              "Node Type": "Gather",
              "Parent Relationship": "Outer",
              "Parallel Aware": false,
              "Startup Cost": 71262.10,
              "Total Cost": 71262.31,
              "Plan Rows": 2,
              "Plan Width": 32,
              "Actual Startup Time": 0.000,
              "Actual Total Time": 0.000,
              "Actual Rows": 0,
              "Actual Loops": 0,
              "Workers Planned": 2,
              "Workers Launched": 0,
              "Single Copy": false,
              "Plans": [
                {
                  "Node Type": "Aggregate",
                  "Strategy": "Plain",
                  "Partial Mode": "Partial",
                  "Parent Relationship": "Outer",
                  "Parallel Aware": false,
                  "Startup Cost": 70262.10,
                  "Total Cost": 70262.11,
                  "Plan Rows": 1,
                  "Plan Width": 32,
                  "Actual Startup Time": 0.000,
                  "Actual Total Time": 0.000,
                  "Actual Rows": 0,
                  "Actual Loops": 0,
                  "Plans": [
                    {
                      "Node Type": "Seq Scan",
                      "Parent Relationship": "Outer",
                      "Parallel Aware": true,
                      "Relation Name": "store_sales",
                      "Alias": "store_sales_8",
                      "Startup Cost": 0.00,
                      "Total Cost": 69698.81,
                      "Plan Rows": 225315,
                      "Plan Width": 6,
                      "Actual Startup Time": 0.000,
                      "Actual Total Time": 0.000,
                      "Actual Rows": 0,
                      "Actual Loops": 0,
                      "Filter": "((ss_quantity >= 41) AND (ss_quantity <= 60))",
                      "Rows Removed by Filter": 0
                    }
                  ]
                }
              ]
            }
          ]
        },
        {
          "Node Type": "Aggregate",
          "Strategy": "Plain",
          "Partial Mode": "Finalize",
          "Parent Relationship": "InitPlan",
          "Subplan Name": "InitPlan 10 (returns $19)",
          "Parallel Aware": false,
          "Startup Cost": 71278.71,
          "Total Cost": 71278.72,
          "Plan Rows": 1,
          "Plan Width": 8,
          "Actual Startup Time": 376.598,
          "Actual Total Time": 376.599,
          "Actual Rows": 1,
          "Actual Loops": 1,
          "Plans": [
            {
              "Node Type": "Gather",
              "Parent Relationship": "Outer",
              "Parallel Aware": false,
              "Startup Cost": 71278.50,
              "Total Cost": 71278.71,
              "Plan Rows": 2,
              "Plan Width": 8,
              "Actual Startup Time": 376.492,
              "Actual Total Time": 376.602,
              "Actual Rows": 3,
              "Actual Loops": 1,
              "Workers Planned": 2,
              "Workers Launched": 2,
              "Single Copy": false,
              "Plans": [
                {
                  "Node Type": "Aggregate",
                  "Strategy": "Plain",
                  "Partial Mode": "Partial",
                  "Parent Relationship": "Outer",
                  "Parallel Aware": false,
                  "Startup Cost": 70278.50,
                  "Total Cost": 70278.51,
                  "Plan Rows": 1,
                  "Plan Width": 8,
                  "Actual Startup Time": 372.042,
                  "Actual Total Time": 372.042,
                  "Actual Rows": 1,
                  "Actual Loops": 3,
                  "Plans": [
                    {
                      "Node Type": "Seq Scan",
                      "Parent Relationship": "Outer",
                      "Parallel Aware": true,
                      "Relation Name": "store_sales",
                      "Alias": "store_sales_9",
                      "Startup Cost": 0.00,
                      "Total Cost": 69698.81,
                      "Plan Rows": 231876,
                      "Plan Width": 0,
                      "Actual Startup Time": 0.057,
                      "Actual Total Time": 349.666,
                      "Actual Rows": 183522,
                      "Actual Loops": 3,
                      "Filter": "((ss_quantity >= 61) AND (ss_quantity <= 80))",
                      "Rows Removed by Filter": 776613
                    }
                  ]
                }
              ]
            }
          ]
        },
        {
          "Node Type": "Aggregate",
          "Strategy": "Plain",
          "Partial Mode": "Finalize",
          "Parent Relationship": "InitPlan",
          "Subplan Name": "InitPlan 11 (returns $21)",
          "Parallel Aware": false,
          "Startup Cost": 71278.72,
          "Total Cost": 71278.73,
          "Plan Rows": 1,
          "Plan Width": 32,
          "Actual Startup Time": 428.943,
          "Actual Total Time": 428.943,
          "Actual Rows": 1,
          "Actual Loops": 1,
          "Plans": [
            {
              "Node Type": "Gather",
              "Parent Relationship": "Outer",
              "Parallel Aware": false,
              "Startup Cost": 71278.50,
              "Total Cost": 71278.71,
              "Plan Rows": 2,
              "Plan Width": 32,
              "Actual Startup Time": 428.820,
              "Actual Total Time": 428.934,
              "Actual Rows": 3,
              "Actual Loops": 1,
              "Workers Planned": 2,
              "Workers Launched": 2,
              "Single Copy": false,
              "Plans": [
                {
                  "Node Type": "Aggregate",
                  "Strategy": "Plain",
                  "Partial Mode": "Partial",
                  "Parent Relationship": "Outer",
                  "Parallel Aware": false,
                  "Startup Cost": 70278.50,
                  "Total Cost": 70278.51,
                  "Plan Rows": 1,
                  "Plan Width": 32,
                  "Actual Startup Time": 424.264,
                  "Actual Total Time": 424.264,
                  "Actual Rows": 1,
                  "Actual Loops": 3,
                  "Plans": [
                    {
                      "Node Type": "Seq Scan",
                      "Parent Relationship": "Outer",
                      "Parallel Aware": true,
                      "Relation Name": "store_sales",
                      "Alias": "store_sales_10",
                      "Startup Cost": 0.00,
                      "Total Cost": 69698.81,
                      "Plan Rows": 231876,
                      "Plan Width": 7,
                      "Actual Startup Time": 0.054,
                      "Actual Total Time": 355.045,
                      "Actual Rows": 183522,
                      "Actual Loops": 3,
                      "Filter": "((ss_quantity >= 61) AND (ss_quantity <= 80))",
                      "Rows Removed by Filter": 776613
                    }
                  ]
                }
              ]
            }
          ]
        },
        {
          "Node Type": "Aggregate",
          "Strategy": "Plain",
          "Partial Mode": "Finalize",
          "Parent Relationship": "InitPlan",
          "Subplan Name": "InitPlan 12 (returns $23)",
          "Parallel Aware": false,
          "Startup Cost": 71278.72,
          "Total Cost": 71278.73,
          "Plan Rows": 1,
          "Plan Width": 32,
          "Actual Startup Time": 0.000,
          "Actual Total Time": 0.000,
          "Actual Rows": 0,
          "Actual Loops": 0,
          "Plans": [
            {
              "Node Type": "Gather",
              "Parent Relationship": "Outer",
              "Parallel Aware": false,
              "Startup Cost": 71278.50,
              "Total Cost": 71278.71,
              "Plan Rows": 2,
              "Plan Width": 32,
              "Actual Startup Time": 0.000,
              "Actual Total Time": 0.000,
              "Actual Rows": 0,
              "Actual Loops": 0,
              "Workers Planned": 2,
              "Workers Launched": 0,
              "Single Copy": false,
              "Plans": [
                {
                  "Node Type": "Aggregate",
                  "Strategy": "Plain",
                  "Partial Mode": "Partial",
                  "Parent Relationship": "Outer",
                  "Parallel Aware": false,
                  "Startup Cost": 70278.50,
                  "Total Cost": 70278.51,
                  "Plan Rows": 1,
                  "Plan Width": 32,
                  "Actual Startup Time": 0.000,
                  "Actual Total Time": 0.000,
                  "Actual Rows": 0,
                  "Actual Loops": 0,
                  "Plans": [
                    {
                      "Node Type": "Seq Scan",
                      "Parent Relationship": "Outer",
                      "Parallel Aware": true,
                      "Relation Name": "store_sales",
                      "Alias": "store_sales_11",
                      "Startup Cost": 0.00,
                      "Total Cost": 69698.81,
                      "Plan Rows": 231876,
                      "Plan Width": 6,
                      "Actual Startup Time": 0.000,
                      "Actual Total Time": 0.000,
                      "Actual Rows": 0,
                      "Actual Loops": 0,
                      "Filter": "((ss_quantity >= 61) AND (ss_quantity <= 80))",
                      "Rows Removed by Filter": 0
                    }
                  ]
                }
              ]
            }
          ]
        },
        {
          "Node Type": "Aggregate",
          "Strategy": "Plain",
          "Partial Mode": "Finalize",
          "Parent Relationship": "InitPlan",
          "Subplan Name": "InitPlan 13 (returns $25)",
          "Parallel Aware": false,
          "Startup Cost": 71268.01,
          "Total Cost": 71268.02,
          "Plan Rows": 1,
          "Plan Width": 8,
          "Actual Startup Time": 376.680,
          "Actual Total Time": 376.680,
          "Actual Rows": 1,
          "Actual Loops": 1,
          "Plans": [
            {
              "Node Type": "Gather",
              "Parent Relationship": "Outer",
              "Parallel Aware": false,
              "Startup Cost": 71267.79,
              "Total Cost": 71268.00,
              "Plan Rows": 2,
              "Plan Width": 8,
              "Actual Startup Time": 376.539,
              "Actual Total Time": 376.691,
              "Actual Rows": 3,
              "Actual Loops": 1,
              "Workers Planned": 2,
              "Workers Launched": 2,
              "Single Copy": false,
              "Plans": [
                {
                  "Node Type": "Aggregate",
                  "Strategy": "Plain",
                  "Partial Mode": "Partial",
                  "Parent Relationship": "Outer",
                  "Parallel Aware": false,
                  "Startup Cost": 70267.79,
                  "Total Cost": 70267.80,
                  "Plan Rows": 1,
                  "Plan Width": 8,
                  "Actual Startup Time": 372.196,
                  "Actual Total Time": 372.197,
                  "Actual Rows": 1,
                  "Actual Loops": 3,
                  "Plans": [
                    {
                      "Node Type": "Seq Scan",
                      "Parent Relationship": "Outer",
                      "Parallel Aware": true,
                      "Relation Name": "store_sales",
                      "Alias": "store_sales_12",
                      "Startup Cost": 0.00,
                      "Total Cost": 69698.81,
                      "Plan Rows": 227595,
                      "Plan Width": 0,
                      "Actual Startup Time": 0.062,
                      "Actual Total Time": 349.772,
                      "Actual Rows": 183596,
                      "Actual Loops": 3,
                      "Filter": "((ss_quantity >= 81) AND (ss_quantity <= 100))",
                      "Rows Removed by Filter": 776539
                    }
                  ]
                }
              ]
            }
          ]
        },
        {
          "Node Type": "Aggregate",
          "Strategy": "Plain",
          "Partial Mode": "Finalize",
          "Parent Relationship": "InitPlan",
          "Subplan Name": "InitPlan 14 (returns $27)",
          "Parallel Aware": false,
          "Startup Cost": 71268.02,
          "Total Cost": 71268.03,
          "Plan Rows": 1,
          "Plan Width": 32,
          "Actual Startup Time": 421.714,
          "Actual Total Time": 421.714,
          "Actual Rows": 1,
          "Actual Loops": 1,
          "Plans": [
            {
              "Node Type": "Gather",
              "Parent Relationship": "Outer",
              "Parallel Aware": false,
              "Startup Cost": 71267.80,
              "Total Cost": 71268.01,
              "Plan Rows": 2,
              "Plan Width": 32,
              "Actual Startup Time": 421.538,
              "Actual Total Time": 423.408,
              "Actual Rows": 3,
              "Actual Loops": 1,
              "Workers Planned": 2,
              "Workers Launched": 2,
              "Single Copy": false,
              "Plans": [
                {
                  "Node Type": "Aggregate",
                  "Strategy": "Plain",
                  "Partial Mode": "Partial",
                  "Parent Relationship": "Outer",
                  "Parallel Aware": false,
                  "Startup Cost": 70267.80,
                  "Total Cost": 70267.81,
                  "Plan Rows": 1,
                  "Plan Width": 32,
                  "Actual Startup Time": 417.312,
                  "Actual Total Time": 417.313,
                  "Actual Rows": 1,
                  "Actual Loops": 3,
                  "Plans": [
                    {
                      "Node Type": "Seq Scan",
                      "Parent Relationship": "Outer",
                      "Parallel Aware": true,
                      "Relation Name": "store_sales",
                      "Alias": "store_sales_13",
                      "Startup Cost": 0.00,
                      "Total Cost": 69698.81,
                      "Plan Rows": 227595,
                      "Plan Width": 7,
                      "Actual Startup Time": 0.057,
                      "Actual Total Time": 347.657,
                      "Actual Rows": 183596,
                      "Actual Loops": 3,
                      "Filter": "((ss_quantity >= 81) AND (ss_quantity <= 100))",
                      "Rows Removed by Filter": 776539
                    }
                  ]
                }
              ]
            }
          ]
        },
        {
          "Node Type": "Aggregate",
          "Strategy": "Plain",
          "Partial Mode": "Finalize",
          "Parent Relationship": "InitPlan",
          "Subplan Name": "InitPlan 15 (returns $29)",
          "Parallel Aware": false,
          "Startup Cost": 71268.02,
          "Total Cost": 71268.03,
          "Plan Rows": 1,
          "Plan Width": 32,
          "Actual Startup Time": 0.000,
          "Actual Total Time": 0.000,
          "Actual Rows": 0,
          "Actual Loops": 0,
          "Plans": [
            {
              "Node Type": "Gather",
              "Parent Relationship": "Outer",
              "Parallel Aware": false,
              "Startup Cost": 71267.80,
              "Total Cost": 71268.01,
              "Plan Rows": 2,
              "Plan Width": 32,
              "Actual Startup Time": 0.000,
              "Actual Total Time": 0.000,
              "Actual Rows": 0,
              "Actual Loops": 0,
              "Workers Planned": 2,
              "Workers Launched": 0,
              "Single Copy": false,
              "Plans": [
                {
                  "Node Type": "Aggregate",
                  "Strategy": "Plain",
                  "Partial Mode": "Partial",
                  "Parent Relationship": "Outer",
                  "Parallel Aware": false,
                  "Startup Cost": 70267.80,
                  "Total Cost": 70267.81,
                  "Plan Rows": 1,
                  "Plan Width": 32,
                  "Actual Startup Time": 0.000,
                  "Actual Total Time": 0.000,
                  "Actual Rows": 0,
                  "Actual Loops": 0,
                  "Plans": [
                    {
                      "Node Type": "Seq Scan",
                      "Parent Relationship": "Outer",
                      "Parallel Aware": true,
                      "Relation Name": "store_sales",
                      "Alias": "store_sales_14",
                      "Startup Cost": 0.00,
                      "Total Cost": 69698.81,
                      "Plan Rows": 227595,
                      "Plan Width": 6,
                      "Actual Startup Time": 0.000,
                      "Actual Total Time": 0.000,
                      "Actual Rows": 0,
                      "Actual Loops": 0,
                      "Filter": "((ss_quantity >= 81) AND (ss_quantity <= 100))",
                      "Rows Removed by Filter": 0
                    }
                  ]
                }
              ]
            }
          ]
        }
      ]
    },
    "Planning Time": 4.464,
    "Triggers": [
    ],
    "Execution Time": 4085.315
  }
]
