[
  {
    "Plan": {
      "Node Type": "Limit",
      "Parallel Aware": false,
      "Startup Cost": 41012.63,
      "Total Cost": 41012.75,
      "Plan Rows": 51,
      "Plan Width": 100,
      "Actual Startup Time": 1498.391,
      "Actual Total Time": 1498.418,
      "Actual Rows": 100,
      "Actual Loops": 1,
      "Plans": [
        {
          "Node Type": "Aggregate",
          "Strategy": "Sorted",
          "Partial Mode": "Finalize",
          "Parent Relationship": "InitPlan",
          "Subplan Name": "CTE ss",
          "Parallel Aware": false,
          "Startup Cost": 17682.68,
          "Total Cost": 17685.27,
          "Plan Rows": 28,
          "Plan Width": 49,
          "Actual Startup Time": 785.962,
          "Actual Total Time": 787.338,
          "Actual Rows": 335,
          "Actual Loops": 1,
          "Group Key": ["item.i_item_id"],
          "Plans": [
            {
              "Node Type": "Gather Merge",
              "Parent Relationship": "Outer",
              "Parallel Aware": false,
              "Startup Cost": 17682.68,
              "Total Cost": 17684.80,
              "Plan Rows": 16,
              "Plan Width": 49,
              "Actual Startup Time": 785.950,
              "Actual Total Time": 786.837,
              "Actual Rows": 335,
              "Actual Loops": 1,
              "Workers Planned": 1,
              "Workers Launched": 1,
              "Plans": [
                {
                  "Node Type": "Aggregate",
                  "Strategy": "Sorted",
                  "Partial Mode": "Partial",
                  "Parent Relationship": "Outer",
                  "Parallel Aware": false,
                  "Startup Cost": 16682.67,
                  "Total Cost": 16682.99,
                  "Plan Rows": 16,
                  "Plan Width": 49,
                  "Actual Startup Time": 780.123,
                  "Actual Total Time": 780.515,
                  "Actual Rows": 168,
                  "Actual Loops": 2,
                  "Group Key": ["item.i_item_id"],
                  "Plans": [
                    {
                      "Node Type": "Sort",
                      "Parent Relationship": "Outer",
                      "Parallel Aware": false,
                      "Startup Cost": 16682.67,
                      "Total Cost": 16682.71,
                      "Plan Rows": 16,
                      "Plan Width": 23,
                      "Actual Startup Time": 780.090,
                      "Actual Total Time": 780.122,
                      "Actual Rows": 300,
                      "Actual Loops": 2,
                      "Sort Key": ["item.i_item_id"],
                      "Sort Method": "quicksort",
                      "Sort Space Used": 50,
                      "Sort Space Type": "Memory",
                      "Workers": [
                        {
                          "Worker Number": 0,
                          "Sort Method": "quicksort",
                          "Sort Space Used": 46,
                          "Sort Space Type": "Memory"
                        }
                      ],
                      "Plans": [
                        {
                          "Node Type": "Nested Loop",
                          "Parent Relationship": "Outer",
                          "Parallel Aware": false,
                          "Join Type": "Inner",
                          "Startup Cost": 3429.58,
                          "Total Cost": 16682.35,
                          "Plan Rows": 16,
                          "Plan Width": 23,
                          "Actual Startup Time": 26.670,
                          "Actual Total Time": 777.523,
                          "Actual Rows": 300,
                          "Actual Loops": 2,
                          "Inner Unique": true,
                          "Plans": [
                            {
                              "Node Type": "Hash Join",
                              "Parent Relationship": "Outer",
                              "Parallel Aware": true,
                              "Join Type": "Inner",
                              "Startup Cost": 3429.29,
                              "Total Cost": 16669.88,
                              "Plan Rows": 40,
                              "Plan Width": 27,
                              "Actual Startup Time": 23.368,
                              "Actual Total Time": 662.200,
                              "Actual Rows": 704,
                              "Actual Loops": 2,
                              "Inner Unique": true,
                              "Hash Cond": "(store_sales.ss_sold_date_sk = date_dim.d_date_sk)",
                              "Plans": [
                                {
                                  "Node Type": "Nested Loop",
                                  "Parent Relationship": "Outer",
                                  "Parallel Aware": false,
                                  "Join Type": "Inner",
                                  "Startup Cost": 1379.52,
                                  "Total Cost": 14361.20,
                                  "Plan Rows": 98629,
                                  "Plan Width": 31,
                                  "Actual Startup Time": 11.380,
                                  "Actual Total Time": 627.903,
                                  "Actual Rows": 75138,
                                  "Actual Loops": 2,
                                  "Inner Unique": false,
                                  "Plans": [
                                    {
                                      "Node Type": "Hash Join",
                                      "Parent Relationship": "Outer",
                                      "Parallel Aware": true,
                                      "Join Type": "Semi",
                                      "Startup Cost": 1379.09,
                                      "Total Cost": 2750.39,
                                      "Plan Rows": 616,
                                      "Plan Width": 21,
                                      "Actual Startup Time": 10.999,
                                      "Actual Total Time": 20.910,
                                      "Actual Rows": 542,
                                      "Actual Loops": 2,
                                      "Inner Unique": false,
                                      "Hash Cond": "(item.i_item_id = item_1.i_item_id)",
                                      "Plans": [
                                        {
                                          "Node Type": "Seq Scan",
                                          "Parent Relationship": "Outer",
                                          "Parallel Aware": true,
                                          "Relation Name": "item",
                                          "Alias": "item",
                                          "Startup Cost": 0.00,
                                          "Total Cost": 1335.88,
                                          "Plan Rows": 10588,
                                          "Plan Width": 21,
                                          "Actual Startup Time": 0.010,
                                          "Actual Total Time": 5.723,
                                          "Actual Rows": 9000,
                                          "Actual Loops": 2
                                        },
                                        {
                                          "Node Type": "Hash",
                                          "Parent Relationship": "Inner",
                                          "Parallel Aware": true,
                                          "Startup Cost": 1375.59,
                                          "Total Cost": 1375.59,
                                          "Plan Rows": 280,
                                          "Plan Width": 17,
                                          "Actual Startup Time": 10.370,
                                          "Actual Total Time": 10.370,
                                          "Actual Rows": 238,
                                          "Actual Loops": 2,
                                          "Hash Buckets": 1024,
                                          "Original Hash Buckets": 1024,
                                          "Hash Batches": 1,
                                          "Original Hash Batches": 1,
                                          "Peak Memory Usage": 72,
                                          "Plans": [
                                            {
                                              "Node Type": "Seq Scan",
                                              "Parent Relationship": "Outer",
                                              "Parallel Aware": true,
                                              "Relation Name": "item",
                                              "Alias": "item_1",
                                              "Startup Cost": 0.00,
                                              "Total Cost": 1375.59,
                                              "Plan Rows": 280,
                                              "Plan Width": 17,
                                              "Actual Startup Time": 0.110,
                                              "Actual Total Time": 10.139,
                                              "Actual Rows": 238,
                                              "Actual Loops": 2,
                                              "Filter": "(i_color = ANY ('{cornsilk,sky,azure}'::bpchar[]))",
                                              "Rows Removed by Filter": 8762
                                            }
                                          ]
                                        }
                                      ]
                                    },
                                    {
                                      "Node Type": "Index Scan",
                                      "Parent Relationship": "Inner",
                                      "Parallel Aware": false,
                                      "Scan Direction": "Forward",
                                      "Index Name": "store_sales_pkey",
                                      "Relation Name": "store_sales",
                                      "Alias": "store_sales",
                                      "Startup Cost": 0.43,
                                      "Total Cost": 17.11,
                                      "Plan Rows": 174,
                                      "Plan Width": 18,
                                      "Actual Startup Time": 0.118,
                                      "Actual Total Time": 1.044,
                                      "Actual Rows": 139,
                                      "Actual Loops": 1084,
                                      "Index Cond": "(ss_item_sk = item.i_item_sk)",
                                      "Rows Removed by Index Recheck": 0
                                    }
                                  ]
                                },
                                {
                                  "Node Type": "Hash",
                                  "Parent Relationship": "Inner",
                                  "Parallel Aware": true,
                                  "Startup Cost": 2049.55,
                                  "Total Cost": 2049.55,
                                  "Plan Rows": 18,
                                  "Plan Width": 4,
                                  "Actual Startup Time": 10.830,
                                  "Actual Total Time": 10.830,
                                  "Actual Rows": 16,
                                  "Actual Loops": 2,
                                  "Hash Buckets": 1024,
                                  "Original Hash Buckets": 1024,
                                  "Hash Batches": 1,
                                  "Original Hash Batches": 1,
                                  "Peak Memory Usage": 72,
                                  "Plans": [
                                    {
                                      "Node Type": "Seq Scan",
                                      "Parent Relationship": "Outer",
                                      "Parallel Aware": true,
                                      "Relation Name": "date_dim",
                                      "Alias": "date_dim",
                                      "Startup Cost": 0.00,
                                      "Total Cost": 2049.55,
                                      "Plan Rows": 18,
                                      "Plan Width": 4,
                                      "Actual Startup Time": 4.960,
                                      "Actual Total Time": 10.773,
                                      "Actual Rows": 16,
                                      "Actual Loops": 2,
                                      "Filter": "((d_year = 1999) AND (d_moy = 7))",
                                      "Rows Removed by Filter": 36509
                                    }
                                  ]
                                }
                              ]
                            },
                            {
                              "Node Type": "Index Scan",
                              "Parent Relationship": "Inner",
                              "Parallel Aware": false,
                              "Scan Direction": "Forward",
                              "Index Name": "customer_address_pkey",
                              "Relation Name": "customer_address",
                              "Alias": "customer_address",
                              "Startup Cost": 0.29,
                              "Total Cost": 0.31,
                              "Plan Rows": 1,
                              "Plan Width": 4,
                              "Actual Startup Time": 0.161,
                              "Actual Total Time": 0.161,
                              "Actual Rows": 0,
                              "Actual Loops": 1409,
                              "Index Cond": "(ca_address_sk = store_sales.ss_addr_sk)",
                              "Rows Removed by Index Recheck": 0,
                              "Filter": "(ca_gmt_offset = '-6'::numeric)",
                              "Rows Removed by Filter": 1
                            }
                          ]
                        }
                      ]
                    }
                  ]
                }
              ]
            }
          ]
        },
        {
          "Node Type": "Aggregate",
          "Strategy": "Sorted",
          "Partial Mode": "Finalize",
          "Parent Relationship": "InitPlan",
          "Subplan Name": "CTE cs",
          "Parallel Aware": false,
          "Startup Cost": 13526.12,
          "Total Cost": 13527.57,
          "Plan Rows": 15,
          "Plan Width": 49,
          "Actual Startup Time": 467.415,
          "Actual Total Time": 468.432,
          "Actual Rows": 229,
          "Actual Loops": 1,
          "Group Key": ["item_2.i_item_id"],
          "Plans": [
            {
              "Node Type": "Gather Merge",
              "Parent Relationship": "Outer",
              "Parallel Aware": false,
              "Startup Cost": 13526.12,
              "Total Cost": 13527.31,
              "Plan Rows": 9,
              "Plan Width": 49,
              "Actual Startup Time": 467.399,
              "Actual Total Time": 468.024,
              "Actual Rows": 229,
              "Actual Loops": 1,
              "Workers Planned": 1,
              "Workers Launched": 1,
              "Plans": [
                {
                  "Node Type": "Aggregate",
                  "Strategy": "Sorted",
                  "Partial Mode": "Partial",
                  "Parent Relationship": "Outer",
                  "Parallel Aware": false,
                  "Startup Cost": 12526.11,
                  "Total Cost": 12526.29,
                  "Plan Rows": 9,
                  "Plan Width": 49,
                  "Actual Startup Time": 462.486,
                  "Actual Total Time": 462.761,
                  "Actual Rows": 114,
                  "Actual Loops": 2,
                  "Group Key": ["item_2.i_item_id"],
                  "Plans": [
                    {
                      "Node Type": "Sort",
                      "Parent Relationship": "Outer",
                      "Parallel Aware": false,
                      "Startup Cost": 12526.11,
                      "Total Cost": 12526.13,
                      "Plan Rows": 9,
                      "Plan Width": 23,
                      "Actual Startup Time": 462.463,
                      "Actual Total Time": 462.484,
                      "Actual Rows": 152,
                      "Actual Loops": 2,
                      "Sort Key": ["item_2.i_item_id"],
                      "Sort Method": "quicksort",
                      "Sort Space Used": 36,
                      "Sort Space Type": "Memory",
                      "Workers": [
                        {
                          "Worker Number": 0,
                          "Sort Method": "quicksort",
                          "Sort Space Used": 37,
                          "Sort Space Type": "Memory"
                        }
                      ],
                      "Plans": [
                        {
                          "Node Type": "Nested Loop",
                          "Parent Relationship": "Outer",
                          "Parallel Aware": false,
                          "Join Type": "Inner",
                          "Startup Cost": 3429.58,
                          "Total Cost": 12525.97,
                          "Plan Rows": 9,
                          "Plan Width": 23,
                          "Actual Startup Time": 27.309,
                          "Actual Total Time": 461.341,
                          "Actual Rows": 152,
                          "Actual Loops": 2,
                          "Inner Unique": true,
                          "Plans": [
                            {
                              "Node Type": "Hash Join",
                              "Parent Relationship": "Outer",
                              "Parallel Aware": true,
                              "Join Type": "Inner",
                              "Startup Cost": 3429.29,
                              "Total Cost": 12519.39,
                              "Plan Rows": 21,
                              "Plan Width": 27,
                              "Actual Startup Time": 26.919,
                              "Actual Total Time": 438.559,
                              "Actual Rows": 373,
                              "Actual Loops": 2,
                              "Inner Unique": true,
                              "Hash Cond": "(catalog_sales.cs_sold_date_sk = date_dim_1.d_date_sk)",
                              "Plans": [
                                {
                                  "Node Type": "Nested Loop",
                                  "Parent Relationship": "Outer",
                                  "Parallel Aware": false,
                                  "Join Type": "Inner",
                                  "Startup Cost": 1379.52,
                                  "Total Cost": 10340.02,
                                  "Plan Rows": 49365,
                                  "Plan Width": 31,
                                  "Actual Startup Time": 11.402,
                                  "Actual Total Time": 413.803,
                                  "Actual Rows": 37373,
                                  "Actual Loops": 2,
                                  "Inner Unique": false,
                                  "Plans": [
                                    {
                                      "Node Type": "Hash Join",
                                      "Parent Relationship": "Outer",
                                      "Parallel Aware": true,
                                      "Join Type": "Semi",
                                      "Startup Cost": 1379.09,
                                      "Total Cost": 2750.39,
                                      "Plan Rows": 616,
                                      "Plan Width": 21,
                                      "Actual Startup Time": 11.032,
                                      "Actual Total Time": 19.071,
                                      "Actual Rows": 542,
                                      "Actual Loops": 2,
                                      "Inner Unique": false,
                                      "Hash Cond": "(item_2.i_item_id = item_3.i_item_id)",
                                      "Plans": [
                                        {
                                          "Node Type": "Seq Scan",
                                          "Parent Relationship": "Outer",
                                          "Parallel Aware": true,
                                          "Relation Name": "item",
                                          "Alias": "item_2",
                                          "Startup Cost": 0.00,
                                          "Total Cost": 1335.88,
                                          "Plan Rows": 10588,
                                          "Plan Width": 21,
                                          "Actual Startup Time": 0.006,
                                          "Actual Total Time": 4.552,
                                          "Actual Rows": 9000,
                                          "Actual Loops": 2
                                        },
                                        {
                                          "Node Type": "Hash",
                                          "Parent Relationship": "Inner",
                                          "Parallel Aware": true,
                                          "Startup Cost": 1375.59,
                                          "Total Cost": 1375.59,
                                          "Plan Rows": 280,
                                          "Plan Width": 17,
                                          "Actual Startup Time": 10.885,
                                          "Actual Total Time": 10.886,
                                          "Actual Rows": 238,
                                          "Actual Loops": 2,
                                          "Hash Buckets": 1024,
                                          "Original Hash Buckets": 1024,
                                          "Hash Batches": 1,
                                          "Original Hash Batches": 1,
                                          "Peak Memory Usage": 72,
                                          "Plans": [
                                            {
                                              "Node Type": "Seq Scan",
                                              "Parent Relationship": "Outer",
                                              "Parallel Aware": true,
                                              "Relation Name": "item",
                                              "Alias": "item_3",
                                              "Startup Cost": 0.00,
                                              "Total Cost": 1375.59,
                                              "Plan Rows": 280,
                                              "Plan Width": 17,
                                              "Actual Startup Time": 0.129,
                                              "Actual Total Time": 10.692,
                                              "Actual Rows": 238,
                                              "Actual Loops": 2,
                                              "Filter": "(i_color = ANY ('{cornsilk,sky,azure}'::bpchar[]))",
                                              "Rows Removed by Filter": 8762
                                            }
                                          ]
                                        }
                                      ]
                                    },
                                    {
                                      "Node Type": "Index Scan",
                                      "Parent Relationship": "Inner",
                                      "Parallel Aware": false,
                                      "Scan Direction": "Forward",
                                      "Index Name": "catalog_sales_pkey",
                                      "Relation Name": "catalog_sales",
                                      "Alias": "catalog_sales",
                                      "Startup Cost": 0.43,
                                      "Total Cost": 11.44,
                                      "Plan Rows": 88,
                                      "Plan Width": 18,
                                      "Actual Startup Time": 0.099,
                                      "Actual Total Time": 0.689,
                                      "Actual Rows": 69,
                                      "Actual Loops": 1084,
                                      "Index Cond": "(cs_item_sk = item_2.i_item_sk)",
                                      "Rows Removed by Index Recheck": 0
                                    }
                                  ]
                                },
                                {
                                  "Node Type": "Hash",
                                  "Parent Relationship": "Inner",
                                  "Parallel Aware": true,
                                  "Startup Cost": 2049.55,
                                  "Total Cost": 2049.55,
                                  "Plan Rows": 18,
                                  "Plan Width": 4,
                                  "Actual Startup Time": 14.621,
                                  "Actual Total Time": 14.621,
                                  "Actual Rows": 16,
                                  "Actual Loops": 2,
                                  "Hash Buckets": 1024,
                                  "Original Hash Buckets": 1024,
                                  "Hash Batches": 1,
                                  "Original Hash Batches": 1,
                                  "Peak Memory Usage": 72,
                                  "Plans": [
                                    {
                                      "Node Type": "Seq Scan",
                                      "Parent Relationship": "Outer",
                                      "Parallel Aware": true,
                                      "Relation Name": "date_dim",
                                      "Alias": "date_dim_1",
                                      "Startup Cost": 0.00,
                                      "Total Cost": 2049.55,
                                      "Plan Rows": 18,
                                      "Plan Width": 4,
                                      "Actual Startup Time": 7.416,
                                      "Actual Total Time": 14.512,
                                      "Actual Rows": 16,
                                      "Actual Loops": 2,
                                      "Filter": "((d_year = 1999) AND (d_moy = 7))",
                                      "Rows Removed by Filter": 36509
                                    }
                                  ]
                                }
                              ]
                            },
                            {
                              "Node Type": "Index Scan",
                              "Parent Relationship": "Inner",
                              "Parallel Aware": false,
                              "Scan Direction": "Forward",
                              "Index Name": "customer_address_pkey",
                              "Relation Name": "customer_address",
                              "Alias": "customer_address_1",
                              "Startup Cost": 0.29,
                              "Total Cost": 0.31,
                              "Plan Rows": 1,
                              "Plan Width": 4,
                              "Actual Startup Time": 0.060,
                              "Actual Total Time": 0.060,
                              "Actual Rows": 0,
                              "Actual Loops": 746,
                              "Index Cond": "(ca_address_sk = catalog_sales.cs_bill_addr_sk)",
                              "Rows Removed by Index Recheck": 0,
                              "Filter": "(ca_gmt_offset = '-6'::numeric)",
                              "Rows Removed by Filter": 1
                            }
                          ]
                        }
                      ]
                    }
                  ]
                }
              ]
            }
          ]
        },
        {
          "Node Type": "Aggregate",
          "Strategy": "Sorted",
          "Partial Mode": "Finalize",
          "Parent Relationship": "InitPlan",
          "Subplan Name": "CTE ws",
          "Parallel Aware": false,
          "Startup Cost": 9795.37,
          "Total Cost": 9796.17,
          "Plan Rows": 8,
          "Plan Width": 49,
          "Actual Startup Time": 239.766,
          "Actual Total Time": 240.356,
          "Actual Rows": 124,
          "Actual Loops": 1,
          "Group Key": ["item_4.i_item_id"],
          "Plans": [
            {
              "Node Type": "Gather Merge",
              "Parent Relationship": "Outer",
              "Parallel Aware": false,
              "Startup Cost": 9795.37,
              "Total Cost": 9796.04,
              "Plan Rows": 5,
              "Plan Width": 49,
              "Actual Startup Time": 239.753,
              "Actual Total Time": 244.198,
              "Actual Rows": 124,
              "Actual Loops": 1,
              "Workers Planned": 1,
              "Workers Launched": 1,
              "Plans": [
                {
                  "Node Type": "Aggregate",
                  "Strategy": "Sorted",
                  "Partial Mode": "Partial",
                  "Parent Relationship": "Outer",
                  "Parallel Aware": false,
                  "Startup Cost": 8795.36,
                  "Total Cost": 8795.46,
                  "Plan Rows": 5,
                  "Plan Width": 49,
                  "Actual Startup Time": 234.212,
                  "Actual Total Time": 234.340,
                  "Actual Rows": 62,
                  "Actual Loops": 2,
                  "Group Key": ["item_4.i_item_id"],
                  "Plans": [
                    {
                      "Node Type": "Sort",
                      "Parent Relationship": "Outer",
                      "Parallel Aware": false,
                      "Startup Cost": 8795.36,
                      "Total Cost": 8795.38,
                      "Plan Rows": 5,
                      "Plan Width": 23,
                      "Actual Startup Time": 234.188,
                      "Actual Total Time": 234.197,
                      "Actual Rows": 72,
                      "Actual Loops": 2,
                      "Sort Key": ["item_4.i_item_id"],
                      "Sort Method": "quicksort",
                      "Sort Space Used": 31,
                      "Sort Space Type": "Memory",
                      "Workers": [
                        {
                          "Worker Number": 0,
                          "Sort Method": "quicksort",
                          "Sort Space Used": 29,
                          "Sort Space Type": "Memory"
                        }
                      ],
                      "Plans": [
                        {
                          "Node Type": "Nested Loop",
                          "Parent Relationship": "Outer",
                          "Parallel Aware": false,
                          "Join Type": "Inner",
                          "Startup Cost": 3429.58,
                          "Total Cost": 8795.30,
                          "Plan Rows": 5,
                          "Plan Width": 23,
                          "Actual Startup Time": 25.525,
                          "Actual Total Time": 233.546,
                          "Actual Rows": 72,
                          "Actual Loops": 2,
                          "Inner Unique": true,
                          "Plans": [
                            {
                              "Node Type": "Hash Join",
                              "Parent Relationship": "Outer",
                              "Parallel Aware": true,
                              "Join Type": "Inner",
                              "Startup Cost": 3429.29,
                              "Total Cost": 8791.82,
                              "Plan Rows": 11,
                              "Plan Width": 27,
                              "Actual Startup Time": 24.737,
                              "Actual Total Time": 223.953,
                              "Actual Rows": 186,
                              "Actual Loops": 2,
                              "Inner Unique": true,
                              "Hash Cond": "(web_sales.ws_sold_date_sk = date_dim_2.d_date_sk)",
                              "Plans": [
                                {
                                  "Node Type": "Nested Loop",
                                  "Parent Relationship": "Outer",
                                  "Parallel Aware": false,
                                  "Join Type": "Inner",
                                  "Startup Cost": 1379.51,
                                  "Total Cost": 6677.39,
                                  "Plan Rows": 24632,
                                  "Plan Width": 31,
                                  "Actual Startup Time": 10.874,
                                  "Actual Total Time": 205.379,
                                  "Actual Rows": 18732,
                                  "Actual Loops": 2,
                                  "Inner Unique": false,
                                  "Plans": [
                                    {
                                      "Node Type": "Hash Join",
                                      "Parent Relationship": "Outer",
                                      "Parallel Aware": true,
                                      "Join Type": "Semi",
                                      "Startup Cost": 1379.09,
                                      "Total Cost": 2750.39,
                                      "Plan Rows": 616,
                                      "Plan Width": 21,
                                      "Actual Startup Time": 10.612,
                                      "Actual Total Time": 18.749,
                                      "Actual Rows": 542,
                                      "Actual Loops": 2,
                                      "Inner Unique": false,
                                      "Hash Cond": "(item_4.i_item_id = item_5.i_item_id)",
                                      "Plans": [
                                        {
                                          "Node Type": "Seq Scan",
                                          "Parent Relationship": "Outer",
                                          "Parallel Aware": true,
                                          "Relation Name": "item",
                                          "Alias": "item_4",
                                          "Startup Cost": 0.00,
                                          "Total Cost": 1335.88,
                                          "Plan Rows": 10588,
                                          "Plan Width": 21,
                                          "Actual Startup Time": 0.007,
                                          "Actual Total Time": 4.272,
                                          "Actual Rows": 9000,
                                          "Actual Loops": 2
                                        },
                                        {
                                          "Node Type": "Hash",
                                          "Parent Relationship": "Inner",
                                          "Parallel Aware": true,
                                          "Startup Cost": 1375.59,
                                          "Total Cost": 1375.59,
                                          "Plan Rows": 280,
                                          "Plan Width": 17,
                                          "Actual Startup Time": 10.418,
                                          "Actual Total Time": 10.418,
                                          "Actual Rows": 238,
                                          "Actual Loops": 2,
                                          "Hash Buckets": 1024,
                                          "Original Hash Buckets": 1024,
                                          "Hash Batches": 1,
                                          "Original Hash Batches": 1,
                                          "Peak Memory Usage": 72,
                                          "Plans": [
                                            {
                                              "Node Type": "Seq Scan",
                                              "Parent Relationship": "Outer",
                                              "Parallel Aware": true,
                                              "Relation Name": "item",
                                              "Alias": "item_5",
                                              "Startup Cost": 0.00,
                                              "Total Cost": 1375.59,
                                              "Plan Rows": 280,
                                              "Plan Width": 17,
                                              "Actual Startup Time": 0.113,
                                              "Actual Total Time": 10.224,
                                              "Actual Rows": 238,
                                              "Actual Loops": 2,
                                              "Filter": "(i_color = ANY ('{cornsilk,sky,azure}'::bpchar[]))",
                                              "Rows Removed by Filter": 8762
                                            }
                                          ]
                                        }
                                      ]
                                    },
                                    {
                                      "Node Type": "Index Scan",
                                      "Parent Relationship": "Inner",
                                      "Parallel Aware": false,
                                      "Scan Direction": "Forward",
                                      "Index Name": "web_sales_pkey",
                                      "Relation Name": "web_sales",
                                      "Alias": "web_sales",
                                      "Startup Cost": 0.42,
                                      "Total Cost": 5.93,
                                      "Plan Rows": 44,
                                      "Plan Width": 18,
                                      "Actual Startup Time": 0.101,
                                      "Actual Total Time": 0.320,
                                      "Actual Rows": 35,
                                      "Actual Loops": 1084,
                                      "Index Cond": "(ws_item_sk = item_4.i_item_sk)",
                                      "Rows Removed by Index Recheck": 0
                                    }
                                  ]
                                },
                                {
                                  "Node Type": "Hash",
                                  "Parent Relationship": "Inner",
                                  "Parallel Aware": true,
                                  "Startup Cost": 2049.55,
                                  "Total Cost": 2049.55,
                                  "Plan Rows": 18,
                                  "Plan Width": 4,
                                  "Actual Startup Time": 12.594,
                                  "Actual Total Time": 12.594,
                                  "Actual Rows": 16,
                                  "Actual Loops": 2,
                                  "Hash Buckets": 1024,
                                  "Original Hash Buckets": 1024,
                                  "Hash Batches": 1,
                                  "Original Hash Batches": 1,
                                  "Peak Memory Usage": 72,
                                  "Plans": [
                                    {
                                      "Node Type": "Seq Scan",
                                      "Parent Relationship": "Outer",
                                      "Parallel Aware": true,
                                      "Relation Name": "date_dim",
                                      "Alias": "date_dim_2",
                                      "Startup Cost": 0.00,
                                      "Total Cost": 2049.55,
                                      "Plan Rows": 18,
                                      "Plan Width": 4,
                                      "Actual Startup Time": 6.007,
                                      "Actual Total Time": 12.519,
                                      "Actual Rows": 16,
                                      "Actual Loops": 2,
                                      "Filter": "((d_year = 1999) AND (d_moy = 7))",
                                      "Rows Removed by Filter": 36509
                                    }
                                  ]
                                }
                              ]
                            },
                            {
                              "Node Type": "Index Scan",
                              "Parent Relationship": "Inner",
                              "Parallel Aware": false,
                              "Scan Direction": "Forward",
                              "Index Name": "customer_address_pkey",
                              "Relation Name": "customer_address",
                              "Alias": "customer_address_2",
                              "Startup Cost": 0.29,
                              "Total Cost": 0.32,
                              "Plan Rows": 1,
                              "Plan Width": 4,
                              "Actual Startup Time": 0.049,
                              "Actual Total Time": 0.049,
                              "Actual Rows": 0,
                              "Actual Loops": 372,
                              "Index Cond": "(ca_address_sk = web_sales.ws_bill_addr_sk)",
                              "Rows Removed by Index Recheck": 0,
                              "Filter": "(ca_gmt_offset = '-6'::numeric)",
                              "Rows Removed by Filter": 1
                            }
                          ]
                        }
                      ]
                    }
                  ]
                }
              ]
            }
          ]
        },
        {
          "Node Type": "Sort",
          "Parent Relationship": "Outer",
          "Parallel Aware": false,
          "Startup Cost": 3.61,
          "Total Cost": 3.74,
          "Plan Rows": 51,
          "Plan Width": 100,
          "Actual Startup Time": 1498.390,
          "Actual Total Time": 1498.400,
          "Actual Rows": 100,
          "Actual Loops": 1,
          "Sort Key": ["(sum(ss.total_sales))", "ss.i_item_id"],
          "Sort Method": "top-N heapsort",
          "Sort Space Used": 38,
          "Sort Space Type": "Memory",
          "Plans": [
            {
              "Node Type": "Aggregate",
              "Strategy": "Hashed",
              "Partial Mode": "Simple",
              "Parent Relationship": "Outer",
              "Parallel Aware": false,
              "Startup Cost": 1.53,
              "Total Cost": 2.17,
              "Plan Rows": 51,
              "Plan Width": 100,
              "Actual Startup Time": 1497.378,
              "Actual Total Time": 1497.690,
              "Actual Rows": 419,
              "Actual Loops": 1,
              "Group Key": ["ss.i_item_id"],
              "Plans": [
                {
                  "Node Type": "Append",
                  "Parent Relationship": "Outer",
                  "Parallel Aware": false,
                  "Startup Cost": 0.00,
                  "Total Cost": 1.27,
                  "Plan Rows": 51,
                  "Plan Width": 100,
                  "Actual Startup Time": 785.966,
                  "Actual Total Time": 1496.659,
                  "Actual Rows": 688,
                  "Actual Loops": 1,
                  "Plans": [
                    {
                      "Node Type": "CTE Scan",
                      "Parent Relationship": "Member",
                      "Parallel Aware": false,
                      "CTE Name": "ss",
                      "Alias": "ss",
                      "Startup Cost": 0.00,
                      "Total Cost": 0.56,
                      "Plan Rows": 28,
                      "Plan Width": 100,
                      "Actual Startup Time": 785.965,
                      "Actual Total Time": 787.518,
                      "Actual Rows": 335,
                      "Actual Loops": 1
                    },
                    {
                      "Node Type": "CTE Scan",
                      "Parent Relationship": "Member",
                      "Parallel Aware": false,
                      "CTE Name": "cs",
                      "Alias": "cs",
                      "Startup Cost": 0.00,
                      "Total Cost": 0.30,
                      "Plan Rows": 15,
                      "Plan Width": 100,
                      "Actual Startup Time": 467.419,
                      "Actual Total Time": 468.575,
                      "Actual Rows": 229,
                      "Actual Loops": 1
                    },
                    {
                      "Node Type": "CTE Scan",
                      "Parent Relationship": "Member",
                      "Parallel Aware": false,
                      "CTE Name": "ws",
                      "Alias": "ws",
                      "Startup Cost": 0.00,
                      "Total Cost": 0.16,
                      "Plan Rows": 8,
                      "Plan Width": 100,
                      "Actual Startup Time": 239.769,
                      "Actual Total Time": 240.437,
                      "Actual Rows": 124,
                      "Actual Loops": 1
                    }
                  ]
                }
              ]
            }
          ]
        }
      ]
    },
    "Planning Time": 7.542,
    "Triggers": [
    ],
    "Execution Time": 1503.232
  }
]
