[
  {
    "Plan": {
      "Node Type": "Limit",
      "Parallel Aware": false,
      "Startup Cost": 90932.13,
      "Total Cost": 90932.18,
      "Plan Rows": 19,
      "Plan Width": 142,
      "Actual Startup Time": 1456.322,
      "Actual Total Time": 1456.349,
      "Actual Rows": 100,
      "Actual Loops": 1,
      "Plans": [
        {
          "Node Type": "Sort",
          "Parent Relationship": "Outer",
          "Parallel Aware": false,
          "Startup Cost": 90932.13,
          "Total Cost": 90932.18,
          "Plan Rows": 19,
          "Plan Width": 142,
          "Actual Startup Time": 1456.321,
          "Actual Total Time": 1456.330,
          "Actual Rows": 100,
          "Actual Loops": 1,
          "Sort Key": ["(sum(store_sales.ss_ext_sales_price)) DESC", "item.i_brand", "item.i_brand_id", "item.i_manufact_id", "item.i_manufact"],
          "Sort Method": "quicksort",
          "Sort Space Used": 69,
          "Sort Space Type": "Memory",
          "Plans": [
            {
              "Node Type": "Aggregate",
              "Strategy": "Sorted",
              "Partial Mode": "Simple",
              "Parent Relationship": "Outer",
              "Parallel Aware": false,
              "Startup Cost": 90931.20,
              "Total Cost": 90931.73,
              "Plan Rows": 19,
              "Plan Width": 142,
              "Actual Startup Time": 1454.500,
              "Actual Total Time": 1456.085,
              "Actual Rows": 166,
              "Actual Loops": 1,
              "Group Key": ["item.i_brand", "item.i_brand_id", "item.i_manufact_id", "item.i_manufact"],
              "Plans": [
                {
                  "Node Type": "Sort",
                  "Parent Relationship": "Outer",
                  "Parallel Aware": false,
                  "Startup Cost": 90931.20,
                  "Total Cost": 90931.25,
                  "Plan Rows": 19,
                  "Plan Width": 116,
                  "Actual Startup Time": 1454.479,
                  "Actual Total Time": 1454.607,
                  "Actual Rows": 1473,
                  "Actual Loops": 1,
                  "Sort Key": ["item.i_brand", "item.i_brand_id", "item.i_manufact_id", "item.i_manufact"],
                  "Sort Method": "quicksort",
                  "Sort Space Used": 438,
                  "Sort Space Type": "Memory",
                  "Plans": [
                    {
                      "Node Type": "Nested Loop",
                      "Parent Relationship": "Outer",
                      "Parallel Aware": false,
                      "Join Type": "Inner",
                      "Startup Cost": 2501.98,
                      "Total Cost": 90930.80,
                      "Plan Rows": 19,
                      "Plan Width": 116,
                      "Actual Startup Time": 21.890,
                      "Actual Total Time": 1445.206,
                      "Actual Rows": 1473,
                      "Actual Loops": 1,
                      "Inner Unique": true,
                      "Join Filter": "(substr((customer_address.ca_zip)::text, 1, 5) <> substr((store.s_zip)::text, 1, 5))",
                      "Rows Removed by Join Filter": 69,
                      "Plans": [
                        {
                          "Node Type": "Nested Loop",
                          "Parent Relationship": "Outer",
                          "Parallel Aware": false,
                          "Join Type": "Inner",
                          "Startup Cost": 2501.69,
                          "Total Cost": 90923.60,
                          "Plan Rows": 19,
                          "Plan Width": 131,
                          "Actual Startup Time": 21.870,
                          "Actual Total Time": 1431.120,
                          "Actual Rows": 1542,
                          "Actual Loops": 1,
                          "Inner Unique": true,
                          "Plans": [
                            {
                              "Node Type": "Nested Loop",
                              "Parent Relationship": "Outer",
                              "Parallel Aware": false,
                              "Join Type": "Inner",
                              "Startup Cost": 2501.40,
                              "Total Cost": 90917.31,
                              "Plan Rows": 20,
                              "Plan Width": 131,
                              "Actual Startup Time": 21.861,
                              "Actual Total Time": 1417.733,
                              "Actual Rows": 1558,
                              "Actual Loops": 1,
                              "Inner Unique": true,
                              "Join Filter": "(store_sales.ss_store_sk = store.s_store_sk)",
                              "Rows Removed by Join Filter": 7298,
                              "Plans": [
                                {
                                  "Node Type": "Nested Loop",
                                  "Parent Relationship": "Outer",
                                  "Parallel Aware": false,
                                  "Join Type": "Inner",
                                  "Startup Cost": 2501.40,
                                  "Total Cost": 90912.69,
                                  "Plan Rows": 21,
                                  "Plan Width": 124,
                                  "Actual Startup Time": 21.844,
                                  "Actual Total Time": 1414.493,
                                  "Actual Rows": 1587,
                                  "Actual Loops": 1,
                                  "Inner Unique": true,
                                  "Plans": [
                                    {
                                      "Node Type": "Hash Join",
                                      "Parent Relationship": "Outer",
                                      "Parallel Aware": false,
                                      "Join Type": "Inner",
                                      "Startup Cost": 2501.11,
                                      "Total Cost": 90563.20,
                                      "Plan Rows": 1130,
                                      "Plan Width": 18,
                                      "Actual Startup Time": 21.626,
                                      "Actual Total Time": 1066.031,
                                      "Actual Rows": 88679,
                                      "Actual Loops": 1,
                                      "Inner Unique": true,
                                      "Hash Cond": "(store_sales.ss_sold_date_sk = date_dim.d_date_sk)",
                                      "Plans": [
                                        {
                                          "Node Type": "Seq Scan",
                                          "Parent Relationship": "Outer",
                                          "Parallel Aware": false,
                                          "Relation Name": "store_sales",
                                          "Alias": "store_sales",
                                          "Startup Cost": 0.00,
                                          "Total Cost": 80500.49,
                                          "Plan Rows": 2880449,
                                          "Plan Width": 22,
                                          "Actual Startup Time": 0.015,
                                          "Actual Total Time": 552.894,
                                          "Actual Rows": 2880404,
                                          "Actual Loops": 1
                                        },
                                        {
                                          "Node Type": "Hash",
                                          "Parent Relationship": "Inner",
                                          "Parallel Aware": false,
                                          "Startup Cost": 2500.73,
                                          "Total Cost": 2500.73,
                                          "Plan Rows": 30,
                                          "Plan Width": 4,
                                          "Actual Startup Time": 21.431,
                                          "Actual Total Time": 21.431,
                                          "Actual Rows": 30,
                                          "Actual Loops": 1,
                                          "Hash Buckets": 1024,
                                          "Original Hash Buckets": 1024,
                                          "Hash Batches": 1,
                                          "Original Hash Batches": 1,
                                          "Peak Memory Usage": 10,
                                          "Plans": [
                                            {
                                              "Node Type": "Seq Scan",
                                              "Parent Relationship": "Outer",
                                              "Parallel Aware": false,
                                              "Relation Name": "date_dim",
                                              "Alias": "date_dim",
                                              "Startup Cost": 0.00,
                                              "Total Cost": 2500.73,
                                              "Plan Rows": 30,
                                              "Plan Width": 4,
                                              "Actual Startup Time": 10.853,
                                              "Actual Total Time": 21.416,
                                              "Actual Rows": 30,
                                              "Actual Loops": 1,
                                              "Filter": "((d_moy = 11) AND (d_year = 2000))",
                                              "Rows Removed by Filter": 73019
                                            }
                                          ]
                                        }
                                      ]
                                    },
                                    {
                                      "Node Type": "Index Scan",
                                      "Parent Relationship": "Inner",
                                      "Parallel Aware": false,
                                      "Scan Direction": "Forward",
                                      "Index Name": "item_pkey",
                                      "Relation Name": "item",
                                      "Alias": "item",
                                      "Startup Cost": 0.29,
                                      "Total Cost": 0.31,
                                      "Plan Rows": 1,
                                      "Plan Width": 114,
                                      "Actual Startup Time": 0.003,
                                      "Actual Total Time": 0.003,
                                      "Actual Rows": 0,
                                      "Actual Loops": 88679,
                                      "Index Cond": "(i_item_sk = store_sales.ss_item_sk)",
                                      "Rows Removed by Index Recheck": 0,
                                      "Filter": "(i_manager_id = 18)",
                                      "Rows Removed by Filter": 1
                                    }
                                  ]
                                },
                                {
                                  "Node Type": "Materialize",
                                  "Parent Relationship": "Inner",
                                  "Parallel Aware": false,
                                  "Startup Cost": 0.00,
                                  "Total Cost": 1.18,
                                  "Plan Rows": 12,
                                  "Plan Width": 15,
                                  "Actual Startup Time": 0.000,
                                  "Actual Total Time": 0.001,
                                  "Actual Rows": 6,
                                  "Actual Loops": 1587,
                                  "Plans": [
                                    {
                                      "Node Type": "Seq Scan",
                                      "Parent Relationship": "Outer",
                                      "Parallel Aware": false,
                                      "Relation Name": "store",
                                      "Alias": "store",
                                      "Startup Cost": 0.00,
                                      "Total Cost": 1.12,
                                      "Plan Rows": 12,
                                      "Plan Width": 15,
                                      "Actual Startup Time": 0.007,
                                      "Actual Total Time": 0.017,
                                      "Actual Rows": 12,
                                      "Actual Loops": 1
                                    }
                                  ]
                                }
                              ]
                            },
                            {
                              "Node Type": "Index Scan",
                              "Parent Relationship": "Inner",
                              "Parallel Aware": false,
                              "Scan Direction": "Forward",
                              "Index Name": "customer_pkey",
                              "Relation Name": "customer",
                              "Alias": "customer",
                              "Startup Cost": 0.29,
                              "Total Cost": 0.31,
                              "Plan Rows": 1,
                              "Plan Width": 8,
                              "Actual Startup Time": 0.007,
                              "Actual Total Time": 0.007,
                              "Actual Rows": 1,
                              "Actual Loops": 1558,
                              "Index Cond": "(c_customer_sk = store_sales.ss_customer_sk)",
                              "Rows Removed by Index Recheck": 0
                            }
                          ]
                        },
                        {
                          "Node Type": "Index Scan",
                          "Parent Relationship": "Inner",
                          "Parallel Aware": false,
                          "Scan Direction": "Forward",
                          "Index Name": "customer_address_pkey",
                          "Relation Name": "customer_address",
                          "Alias": "customer_address",
                          "Startup Cost": 0.29,
                          "Total Cost": 0.36,
                          "Plan Rows": 1,
                          "Plan Width": 15,
                          "Actual Startup Time": 0.006,
                          "Actual Total Time": 0.006,
                          "Actual Rows": 1,
                          "Actual Loops": 1542,
                          "Index Cond": "(ca_address_sk = customer.c_current_addr_sk)",
                          "Rows Removed by Index Recheck": 0
                        }
                      ]
                    }
                  ]
                }
              ]
            }
          ]
        }
      ]
    },
    "Planning Time": 2.778,
    "Triggers": [
    ],
    "Execution Time": 1456.469
  }
]
