[
  {
    "Plan": {
      "Node Type": "Limit",
      "Parallel Aware": false,
      "Startup Cost": 97151.10,
      "Total Cost": 97151.35,
      "Plan Rows": 100,
      "Plan Width": 152,
      "Actual Startup Time": 1567.999,
      "Actual Total Time": 1568.027,
      "Actual Rows": 100,
      "Actual Loops": 1,
      "Plans": [
        {
          "Node Type": "Sort",
          "Parent Relationship": "Outer",
          "Parallel Aware": false,
          "Startup Cost": 97151.10,
          "Total Cost": 97158.48,
          "Plan Rows": 2950,
          "Plan Width": 152,
          "Actual Startup Time": 1567.997,
          "Actual Total Time": 1568.006,
          "Actual Rows": 100,
          "Actual Loops": 1,
          "Sort Key": ["customer.c_last_name", "customer.c_first_name", "(substr((ms.s_city)::text, 1, 30))", "ms.profit"],
          "Sort Method": "top-N heapsort",
          "Sort Space Used": 48,
          "Sort Space Type": "Memory",
          "Plans": [
            {
              "Node Type": "Merge Join",
              "Parent Relationship": "Outer",
              "Parallel Aware": false,
              "Join Type": "Inner",
              "Startup Cost": 91359.89,
              "Total Cost": 97038.36,
              "Plan Rows": 2950,
              "Plan Width": 152,
              "Actual Startup Time": 1494.597,
              "Actual Total Time": 1551.125,
              "Actual Rows": 9792,
              "Actual Loops": 1,
              "Inner Unique": false,
              "Merge Cond": "(customer.c_customer_sk = ms.ss_customer_sk)",
              "Plans": [
                {
                  "Node Type": "Index Scan",
                  "Parent Relationship": "Outer",
                  "Parallel Aware": false,
                  "Scan Direction": "Forward",
                  "Index Name": "customer_pkey",
                  "Relation Name": "customer",
                  "Alias": "customer",
                  "Startup Cost": 0.29,
                  "Total Cost": 5377.13,
                  "Plan Rows": 100000,
                  "Plan Width": 56,
                  "Actual Startup Time": 0.014,
                  "Actual Total Time": 30.379,
                  "Actual Rows": 99992,
                  "Actual Loops": 1
                },
                {
                  "Node Type": "Sort",
                  "Parent Relationship": "Inner",
                  "Parallel Aware": false,
                  "Startup Cost": 91359.60,
                  "Total Cost": 91366.97,
                  "Plan Rows": 2950,
                  "Plan Width": 79,
                  "Actual Startup Time": 1494.565,
                  "Actual Total Time": 1496.399,
                  "Actual Rows": 9793,
                  "Actual Loops": 1,
                  "Sort Key": ["ms.ss_customer_sk"],
                  "Sort Method": "quicksort",
                  "Sort Space Used": 1190,
                  "Sort Space Type": "Memory",
                  "Plans": [
                    {
                      "Node Type": "Subquery Scan",
                      "Parent Relationship": "Outer",
                      "Parallel Aware": false,
                      "Alias": "ms",
                      "Startup Cost": 91064.21,
                      "Total Cost": 91189.58,
                      "Plan Rows": 2950,
                      "Plan Width": 79,
                      "Actual Startup Time": 1384.429,
                      "Actual Total Time": 1487.567,
                      "Actual Rows": 10430,
                      "Actual Loops": 1,
                      "Plans": [
                        {
                          "Node Type": "Aggregate",
                          "Strategy": "Sorted",
                          "Partial Mode": "Simple",
                          "Parent Relationship": "Subquery",
                          "Parallel Aware": false,
                          "Startup Cost": 91064.21,
                          "Total Cost": 91160.08,
                          "Plan Rows": 2950,
                          "Plan Width": 83,
                          "Actual Startup Time": 1384.427,
                          "Actual Total Time": 1485.113,
                          "Actual Rows": 10430,
                          "Actual Loops": 1,
                          "Group Key": ["store_sales.ss_ticket_number", "store_sales.ss_customer_sk", "store_sales.ss_addr_sk", "store.s_city"],
                          "Plans": [
                            {
                              "Node Type": "Sort",
                              "Parent Relationship": "Outer",
                              "Parallel Aware": false,
                              "Startup Cost": 91064.21,
                              "Total Cost": 91071.58,
                              "Plan Rows": 2950,
                              "Plan Width": 28,
                              "Actual Startup Time": 1384.401,
                              "Actual Total Time": 1405.510,
                              "Actual Rows": 104934,
                              "Actual Loops": 1,
                              "Sort Key": ["store_sales.ss_ticket_number", "store_sales.ss_customer_sk", "store_sales.ss_addr_sk", "store.s_city"],
                              "Sort Method": "external merge",
                              "Sort Space Used": 4256,
                              "Sort Space Type": "Disk",
                              "Plans": [
                                {
                                  "Node Type": "Hash Join",
                                  "Parent Relationship": "Outer",
                                  "Parallel Aware": false,
                                  "Join Type": "Inner",
                                  "Startup Cost": 2805.83,
                                  "Total Cost": 90894.19,
                                  "Plan Rows": 2950,
                                  "Plan Width": 28,
                                  "Actual Startup Time": 23.747,
                                  "Actual Total Time": 1280.733,
                                  "Actual Rows": 104934,
                                  "Actual Loops": 1,
                                  "Inner Unique": true,
                                  "Hash Cond": "(store_sales.ss_store_sk = store.s_store_sk)",
                                  "Plans": [
                                    {
                                      "Node Type": "Hash Join",
                                      "Parent Relationship": "Outer",
                                      "Parallel Aware": false,
                                      "Join Type": "Inner",
                                      "Startup Cost": 2804.50,
                                      "Total Cost": 90882.02,
                                      "Plan Rows": 3088,
                                      "Plan Width": 25,
                                      "Actual Startup Time": 23.708,
                                      "Actual Total Time": 1233.653,
                                      "Actual Rows": 127904,
                                      "Actual Loops": 1,
                                      "Inner Unique": true,
                                      "Hash Cond": "(store_sales.ss_hdemo_sk = household_demographics.hd_demo_sk)",
                                      "Plans": [
                                        {
                                          "Node Type": "Hash Join",
                                          "Parent Relationship": "Outer",
                                          "Parallel Aware": false,
                                          "Join Type": "Inner",
                                          "Startup Cost": 2594.00,
                                          "Total Cost": 90656.09,
                                          "Plan Rows": 5874,
                                          "Plan Width": 29,
                                          "Actual Startup Time": 20.266,
                                          "Actual Total Time": 1159.523,
                                          "Actual Rows": 239138,
                                          "Actual Loops": 1,
                                          "Inner Unique": true,
                                          "Hash Cond": "(store_sales.ss_sold_date_sk = date_dim.d_date_sk)",
                                          "Plans": [
                                            {
                                              "Node Type": "Seq Scan",
                                              "Parent Relationship": "Outer",
                                              "Parallel Aware": false,
                                              "Relation Name": "store_sales",
                                              "Alias": "store_sales",
                                              "Startup Cost": 0.00,
                                              "Total Cost": 80500.49,
                                              "Plan Rows": 2880449,
                                              "Plan Width": 33,
                                              "Actual Startup Time": 0.019,
                                              "Actual Total Time": 554.469,
                                              "Actual Rows": 2880404,
                                              "Actual Loops": 1
                                            },
                                            {
                                              "Node Type": "Hash",
                                              "Parent Relationship": "Inner",
                                              "Parallel Aware": false,
                                              "Startup Cost": 2592.05,
                                              "Total Cost": 2592.05,
                                              "Plan Rows": 156,
                                              "Plan Width": 4,
                                              "Actual Startup Time": 20.236,
                                              "Actual Total Time": 20.236,
                                              "Actual Rows": 157,
                                              "Actual Loops": 1,
                                              "Hash Buckets": 1024,
                                              "Original Hash Buckets": 1024,
                                              "Hash Batches": 1,
                                              "Original Hash Batches": 1,
                                              "Peak Memory Usage": 14,
                                              "Plans": [
                                                {
                                                  "Node Type": "Seq Scan",
                                                  "Parent Relationship": "Outer",
                                                  "Parallel Aware": false,
                                                  "Relation Name": "date_dim",
                                                  "Alias": "date_dim",
                                                  "Startup Cost": 0.00,
                                                  "Total Cost": 2592.05,
                                                  "Plan Rows": 156,
                                                  "Plan Width": 4,
                                                  "Actual Startup Time": 9.838,
                                                  "Actual Total Time": 20.164,
                                                  "Actual Rows": 157,
                                                  "Actual Loops": 1,
                                                  "Filter": "((d_dow = 1) AND (d_year = ANY ('{2000,2001,2002}'::integer[])))",
                                                  "Rows Removed by Filter": 72892
                                                }
                                              ]
                                            }
                                          ]
                                        },
                                        {
                                          "Node Type": "Hash",
                                          "Parent Relationship": "Inner",
                                          "Parallel Aware": false,
                                          "Startup Cost": 161.00,
                                          "Total Cost": 161.00,
                                          "Plan Rows": 3960,
                                          "Plan Width": 4,
                                          "Actual Startup Time": 3.428,
                                          "Actual Total Time": 3.428,
                                          "Actual Rows": 3960,
                                          "Actual Loops": 1,
                                          "Hash Buckets": 4096,
                                          "Original Hash Buckets": 4096,
                                          "Hash Batches": 1,
                                          "Original Hash Batches": 1,
                                          "Peak Memory Usage": 172,
                                          "Plans": [
                                            {
                                              "Node Type": "Seq Scan",
                                              "Parent Relationship": "Outer",
                                              "Parallel Aware": false,
                                              "Relation Name": "household_demographics",
                                              "Alias": "household_demographics",
                                              "Startup Cost": 0.00,
                                              "Total Cost": 161.00,
                                              "Plan Rows": 3960,
                                              "Plan Width": 4,
                                              "Actual Startup Time": 0.064,
                                              "Actual Total Time": 2.249,
                                              "Actual Rows": 3960,
                                              "Actual Loops": 1,
                                              "Filter": "((hd_dep_count = 2) OR (hd_vehicle_count > 1))",
                                              "Rows Removed by Filter": 3240
                                            }
                                          ]
                                        }
                                      ]
                                    },
                                    {
                                      "Node Type": "Hash",
                                      "Parent Relationship": "Inner",
                                      "Parallel Aware": false,
                                      "Startup Cost": 1.18,
                                      "Total Cost": 1.18,
                                      "Plan Rows": 12,
                                      "Plan Width": 11,
                                      "Actual Startup Time": 0.030,
                                      "Actual Total Time": 0.030,
                                      "Actual Rows": 11,
                                      "Actual Loops": 1,
                                      "Hash Buckets": 1024,
                                      "Original Hash Buckets": 1024,
                                      "Hash Batches": 1,
                                      "Original Hash Batches": 1,
                                      "Peak Memory Usage": 9,
                                      "Plans": [
                                        {
                                          "Node Type": "Seq Scan",
                                          "Parent Relationship": "Outer",
                                          "Parallel Aware": false,
                                          "Relation Name": "store",
                                          "Alias": "store",
                                          "Startup Cost": 0.00,
                                          "Total Cost": 1.18,
                                          "Plan Rows": 12,
                                          "Plan Width": 11,
                                          "Actual Startup Time": 0.013,
                                          "Actual Total Time": 0.023,
                                          "Actual Rows": 11,
                                          "Actual Loops": 1,
                                          "Filter": "((s_number_employees >= 200) AND (s_number_employees <= 295))",
                                          "Rows Removed by Filter": 1
                                        }
                                      ]
                                    }
                                  ]
                                }
                              ]
                            }
                          ]
                        }
                      ]
                    }
                  ]
                }
              ]
            }
          ]
        }
      ]
    },
    "Planning Time": 1.221,
    "Triggers": [
    ],
    "Execution Time": 1572.861
  }
]
