[
  {
    "Plan": {
      "Node Type": "Limit",
      "Parallel Aware": false,
      "Startup Cost": 125323.53,
      "Total Cost": 125334.03,
      "Plan Rows": 100,
      "Plan Width": 136,
      "Actual Startup Time": 5909.827,
      "Actual Total Time": 5914.802,
      "Actual Rows": 100,
      "Actual Loops": 1,
      "Plans": [
        {
          "Node Type": "WindowAgg",
          "Parent Relationship": "InitPlan",
          "Subplan Name": "CTE web_v1",
          "Parallel Aware": false,
          "Startup Cost": 30564.86,
          "Total Cost": 30707.42,
          "Plan Rows": 3564,
          "Plan Width": 40,
          "Actual Startup Time": 537.233,
          "Actual Total Time": 989.895,
          "Actual Rows": 137567,
          "Actual Loops": 1,
          "Plans": [
            {
              "Node Type": "Aggregate",
              "Strategy": "Sorted",
              "Partial Mode": "Simple",
              "Parent Relationship": "Outer",
              "Parallel Aware": false,
              "Startup Cost": 30564.86,
              "Total Cost": 30645.05,
              "Plan Rows": 3564,
              "Plan Width": 40,
              "Actual Startup Time": 537.206,
              "Actual Total Time": 763.641,
              "Actual Rows": 137567,
              "Actual Loops": 1,
              "Group Key": ["web_sales.ws_item_sk", "date_dim.d_date"],
              "Plans": [
                {
                  "Node Type": "Sort",
                  "Parent Relationship": "Outer",
                  "Parallel Aware": false,
                  "Startup Cost": 30564.86,
                  "Total Cost": 30573.77,
                  "Plan Rows": 3564,
                  "Plan Width": 14,
                  "Actual Startup Time": 537.192,
                  "Actual Total Time": 583.587,
                  "Actual Rows": 141459,
                  "Actual Loops": 1,
                  "Sort Key": ["web_sales.ws_item_sk", "date_dim.d_date"],
                  "Sort Method": "external merge",
                  "Sort Space Used": 3464,
                  "Sort Space Type": "Disk",
                  "Plans": [
                    {
                      "Node Type": "Hash Join",
                      "Parent Relationship": "Outer",
                      "Parallel Aware": false,
                      "Join Type": "Inner",
                      "Startup Cost": 2505.26,
                      "Total Cost": 30354.59,
                      "Plan Rows": 3564,
                      "Plan Width": 14,
                      "Actual Startup Time": 18.897,
                      "Actual Total Time": 410.400,
                      "Actual Rows": 141459,
                      "Actual Loops": 1,
                      "Inner Unique": true,
                      "Hash Cond": "(web_sales.ws_sold_date_sk = date_dim.d_date_sk)",
                      "Plans": [
                        {
                          "Node Type": "Seq Scan",
                          "Parent Relationship": "Outer",
                          "Parallel Aware": false,
                          "Relation Name": "web_sales",
                          "Alias": "web_sales",
                          "Startup Cost": 0.00,
                          "Total Cost": 25960.84,
                          "Plan Rows": 719384,
                          "Plan Width": 14,
                          "Actual Startup Time": 0.020,
                          "Actual Total Time": 226.831,
                          "Actual Rows": 719384,
                          "Actual Loops": 1,
                          "Filter": "(ws_item_sk IS NOT NULL)",
                          "Rows Removed by Filter": 0
                        },
                        {
                          "Node Type": "Hash",
                          "Parent Relationship": "Inner",
                          "Parallel Aware": false,
                          "Startup Cost": 2500.73,
                          "Total Cost": 2500.73,
                          "Plan Rows": 362,
                          "Plan Width": 8,
                          "Actual Startup Time": 18.858,
                          "Actual Total Time": 18.858,
                          "Actual Rows": 366,
                          "Actual Loops": 1,
                          "Hash Buckets": 1024,
                          "Original Hash Buckets": 1024,
                          "Hash Batches": 1,
                          "Original Hash Batches": 1,
                          "Peak Memory Usage": 23,
                          "Plans": [
                            {
                              "Node Type": "Seq Scan",
                              "Parent Relationship": "Outer",
                              "Parallel Aware": false,
                              "Relation Name": "date_dim",
                              "Alias": "date_dim",
                              "Startup Cost": 0.00,
                              "Total Cost": 2500.73,
                              "Plan Rows": 362,
                              "Plan Width": 8,
                              "Actual Startup Time": 8.101,
                              "Actual Total Time": 18.749,
                              "Actual Rows": 366,
                              "Actual Loops": 1,
                              "Filter": "((d_month_seq >= 1201) AND (d_month_seq <= 1212))",
                              "Rows Removed by Filter": 72683
                            }
                          ]
                        }
                      ]
                    }
                  ]
                }
              ]
            }
          ]
        },
        {
          "Node Type": "WindowAgg",
          "Parent Relationship": "InitPlan",
          "Subplan Name": "CTE store_v1",
          "Parallel Aware": false,
          "Startup Cost": 91503.43,
          "Total Cost": 92048.67,
          "Plan Rows": 13631,
          "Plan Width": 40,
          "Actual Startup Time": 1892.032,
          "Actual Total Time": 3591.770,
          "Actual Rows": 497166,
          "Actual Loops": 1,
          "Plans": [
            {
              "Node Type": "Aggregate",
              "Strategy": "Sorted",
              "Partial Mode": "Simple",
              "Parent Relationship": "Outer",
              "Parallel Aware": false,
              "Startup Cost": 91503.43,
              "Total Cost": 91810.13,
              "Plan Rows": 13631,
              "Plan Width": 40,
              "Actual Startup Time": 1892.015,
              "Actual Total Time": 2815.707,
              "Actual Rows": 497166,
              "Actual Loops": 1,
              "Group Key": ["store_sales.ss_item_sk", "date_dim_1.d_date"],
              "Plans": [
                {
                  "Node Type": "Sort",
                  "Parent Relationship": "Outer",
                  "Parallel Aware": false,
                  "Startup Cost": 91503.43,
                  "Total Cost": 91537.51,
                  "Plan Rows": 13631,
                  "Plan Width": 14,
                  "Actual Startup Time": 1892.000,
                  "Actual Total Time": 2154.194,
                  "Actual Rows": 551705,
                  "Actual Loops": 1,
                  "Sort Key": ["store_sales.ss_item_sk", "date_dim_1.d_date"],
                  "Sort Method": "external merge",
                  "Sort Space Used": 13360,
                  "Sort Space Type": "Disk",
                  "Plans": [
                    {
                      "Node Type": "Hash Join",
                      "Parent Relationship": "Outer",
                      "Parallel Aware": false,
                      "Join Type": "Inner",
                      "Startup Cost": 2505.26,
                      "Total Cost": 90567.35,
                      "Plan Rows": 13631,
                      "Plan Width": 14,
                      "Actual Startup Time": 13.463,
                      "Actual Total Time": 1393.064,
                      "Actual Rows": 551705,
                      "Actual Loops": 1,
                      "Inner Unique": true,
                      "Hash Cond": "(store_sales.ss_sold_date_sk = date_dim_1.d_date_sk)",
                      "Plans": [
                        {
                          "Node Type": "Seq Scan",
                          "Parent Relationship": "Outer",
                          "Parallel Aware": false,
                          "Relation Name": "store_sales",
                          "Alias": "store_sales",
                          "Startup Cost": 0.00,
                          "Total Cost": 80500.49,
                          "Plan Rows": 2880449,
                          "Plan Width": 14,
                          "Actual Startup Time": 0.040,
                          "Actual Total Time": 775.208,
                          "Actual Rows": 2880404,
                          "Actual Loops": 1,
                          "Filter": "(ss_item_sk IS NOT NULL)",
                          "Rows Removed by Filter": 0
                        },
                        {
                          "Node Type": "Hash",
                          "Parent Relationship": "Inner",
                          "Parallel Aware": false,
                          "Startup Cost": 2500.73,
                          "Total Cost": 2500.73,
                          "Plan Rows": 362,
                          "Plan Width": 8,
                          "Actual Startup Time": 13.397,
                          "Actual Total Time": 13.397,
                          "Actual Rows": 366,
                          "Actual Loops": 1,
                          "Hash Buckets": 1024,
                          "Original Hash Buckets": 1024,
                          "Hash Batches": 1,
                          "Original Hash Batches": 1,
                          "Peak Memory Usage": 23,
                          "Plans": [
                            {
                              "Node Type": "Seq Scan",
                              "Parent Relationship": "Outer",
                              "Parallel Aware": false,
                              "Relation Name": "date_dim",
                              "Alias": "date_dim_1",
                              "Startup Cost": 0.00,
                              "Total Cost": 2500.73,
                              "Plan Rows": 362,
                              "Plan Width": 8,
                              "Actual Startup Time": 6.542,
                              "Actual Total Time": 13.300,
                              "Actual Rows": 366,
                              "Actual Loops": 1,
                              "Filter": "((d_month_seq >= 1201) AND (d_month_seq <= 1212))",
                              "Rows Removed by Filter": 72683
                            }
                          ]
                        }
                      ]
                    }
                  ]
                }
              ]
            }
          ]
        },
        {
          "Node Type": "Subquery Scan",
          "Parent Relationship": "Outer",
          "Parallel Aware": false,
          "Alias": "y",
          "Startup Cost": 2567.44,
          "Total Cost": 3044.52,
          "Plan Rows": 4544,
          "Plan Width": 136,
          "Actual Startup Time": 5909.825,
          "Actual Total Time": 5914.783,
          "Actual Rows": 100,
          "Actual Loops": 1,
          "Filter": "(y.web_cumulative > y.store_cumulative)",
          "Rows Removed by Filter": 2902,
          "Plans": [
            {
              "Node Type": "WindowAgg",
              "Parent Relationship": "Subquery",
              "Parallel Aware": false,
              "Startup Cost": 2567.44,
              "Total Cost": 2874.14,
              "Plan Rows": 13631,
              "Plan Width": 136,
              "Actual Startup Time": 5909.605,
              "Actual Total Time": 5914.261,
              "Actual Rows": 3002,
              "Actual Loops": 1,
              "Plans": [
                {
                  "Node Type": "Sort",
                  "Parent Relationship": "Outer",
                  "Parallel Aware": false,
                  "Startup Cost": 2567.44,
                  "Total Cost": 2601.52,
                  "Plan Rows": 13631,
                  "Plan Width": 72,
                  "Actual Startup Time": 5909.592,
                  "Actual Total Time": 5910.302,
                  "Actual Rows": 3003,
                  "Actual Loops": 1,
                  "Sort Key": ["(CASE WHEN (web.item_sk IS NOT NULL) THEN web.item_sk ELSE store.item_sk END)", "(CASE WHEN (web.d_date IS NOT NULL) THEN web.d_date ELSE store.d_date END)"],
                  "Sort Method": "external merge",
                  "Sort Space Used": 15096,
                  "Sort Space Type": "Disk",
                  "Plans": [
                    {
                      "Node Type": "Merge Join",
                      "Parent Relationship": "Outer",
                      "Parallel Aware": false,
                      "Join Type": "Full",
                      "Startup Cost": 1490.25,
                      "Total Cost": 1631.36,
                      "Plan Rows": 13631,
                      "Plan Width": 72,
                      "Actual Startup Time": 5287.392,
                      "Actual Total Time": 5647.056,
                      "Actual Rows": 608340,
                      "Actual Loops": 1,
                      "Inner Unique": false,
                      "Merge Cond": "((web.item_sk = store.item_sk) AND (web.d_date = store.d_date))",
                      "Plans": [
                        {
                          "Node Type": "Sort",
                          "Parent Relationship": "Outer",
                          "Parallel Aware": false,
                          "Startup Cost": 281.54,
                          "Total Cost": 290.45,
                          "Plan Rows": 3564,
                          "Plan Width": 40,
                          "Actual Startup Time": 1127.564,
                          "Actual Total Time": 1152.409,
                          "Actual Rows": 137567,
                          "Actual Loops": 1,
                          "Sort Key": ["web.item_sk", "web.d_date"],
                          "Sort Method": "external merge",
                          "Sort Space Used": 3368,
                          "Sort Space Type": "Disk",
                          "Plans": [
                            {
                              "Node Type": "CTE Scan",
                              "Parent Relationship": "Outer",
                              "Parallel Aware": false,
                              "CTE Name": "web_v1",
                              "Alias": "web",
                              "Startup Cost": 0.00,
                              "Total Cost": 71.28,
                              "Plan Rows": 3564,
                              "Plan Width": 40,
                              "Actual Startup Time": 537.235,
                              "Actual Total Time": 1079.957,
                              "Actual Rows": 137567,
                              "Actual Loops": 1
                            }
                          ]
                        },
                        {
                          "Node Type": "Sort",
                          "Parent Relationship": "Inner",
                          "Parallel Aware": false,
                          "Startup Cost": 1208.70,
                          "Total Cost": 1242.78,
                          "Plan Rows": 13631,
                          "Plan Width": 40,
                          "Actual Startup Time": 4159.818,
                          "Actual Total Time": 4246.224,
                          "Actual Rows": 497166,
                          "Actual Loops": 1,
                          "Sort Key": ["store.item_sk", "store.d_date"],
                          "Sort Method": "external sort",
                          "Sort Space Used": 14120,
                          "Sort Space Type": "Disk",
                          "Plans": [
                            {
                              "Node Type": "CTE Scan",
                              "Parent Relationship": "Outer",
                              "Parallel Aware": false,
                              "CTE Name": "store_v1",
                              "Alias": "store",
                              "Startup Cost": 0.00,
                              "Total Cost": 272.62,
                              "Plan Rows": 13631,
                              "Plan Width": 40,
                              "Actual Startup Time": 1892.034,
                              "Actual Total Time": 3911.856,
                              "Actual Rows": 497166,
                              "Actual Loops": 1
                            }
                          ]
                        }
                      ]
                    }
                  ]
                }
              ]
            }
          ]
        }
      ]
    },
    "Planning Time": 0.533,
    "Triggers": [
    ],
    "Execution Time": 5927.099
  }
]
