[
  {
    "Plan": {
      "Node Type": "Limit",
      "Parallel Aware": false,
      "Startup Cost": 92543.96,
      "Total Cost": 92544.21,
      "Plan Rows": 100,
      "Plan Width": 210,
      "Actual Startup Time": 3313.791,
      "Actual Total Time": 3313.836,
      "Actual Rows": 100,
      "Actual Loops": 1,
      "Plans": [
        {
          "Node Type": "Sort",
          "Parent Relationship": "Outer",
          "Parallel Aware": false,
          "Startup Cost": 92543.96,
          "Total Cost": 92546.46,
          "Plan Rows": 1001,
          "Plan Width": 210,
          "Actual Startup Time": 3313.789,
          "Actual Total Time": 3313.805,
          "Actual Rows": 100,
          "Actual Loops": 1,
          "Sort Key": ["((GROUPING(item.i_category) + GROUPING(item.i_class))) DESC", "(CASE WHEN (((GROUPING(item.i_category) + GROUPING(item.i_class))) = 0) THEN item.i_category ELSE NULL::bpchar END)", "(rank() OVER (?))"],
          "Sort Method": "quicksort",
          "Sort Space Used": 57,
          "Sort Space Type": "Memory",
          "Plans": [
            {
              "Node Type": "WindowAgg",
              "Parent Relationship": "Outer",
              "Parallel Aware": false,
              "Startup Cost": 92470.67,
              "Total Cost": 92505.70,
              "Plan Rows": 1001,
              "Plan Width": 210,
              "Actual Startup Time": 3311.986,
              "Actual Total Time": 3312.738,
              "Actual Rows": 136,
              "Actual Loops": 1,
              "Plans": [
                {
                  "Node Type": "Sort",
                  "Parent Relationship": "Outer",
                  "Parallel Aware": false,
                  "Startup Cost": 92470.67,
                  "Total Cost": 92473.17,
                  "Plan Rows": 1001,
                  "Plan Width": 178,
                  "Actual Startup Time": 3306.153,
                  "Actual Total Time": 3306.197,
                  "Actual Rows": 136,
                  "Actual Loops": 1,
                  "Sort Key": ["((GROUPING(item.i_category) + GROUPING(item.i_class)))", "(CASE WHEN (GROUPING(item.i_class) = 0) THEN item.i_category ELSE NULL::bpchar END)", "((sum(store_sales.ss_net_profit) / sum(store_sales.ss_ext_sales_price)))"],
                  "Sort Method": "quicksort",
                  "Sort Space Used": 57,
                  "Sort Space Type": "Memory",
                  "Plans": [
                    {
                      "Node Type": "Aggregate",
                      "Strategy": "Mixed",
                      "Partial Mode": "Simple",
                      "Parent Relationship": "Outer",
                      "Parallel Aware": false,
                      "Startup Cost": 3959.05,
                      "Total Cost": 92420.78,
                      "Plan Rows": 1001,
                      "Plan Width": 178,
                      "Actual Startup Time": 3305.404,
                      "Actual Total Time": 3305.663,
                      "Actual Rows": 136,
                      "Actual Loops": 1,
                      "Grouping Sets": [
                        {
                          "Hash Keys": [
                            ["item.i_category", "item.i_class"]
                          ]
                        },
                        {
                          "Hash Keys": [
                            ["item.i_category"]
                          ]
                        },
                        {
                          "Group Keys": [
                            []
                          ]
                        }
                      ],
                      "Plans": [
                        {
                          "Node Type": "Hash Join",
                          "Parent Relationship": "Outer",
                          "Parallel Aware": false,
                          "Join Type": "Inner",
                          "Startup Cost": 3959.05,
                          "Total Cost": 92103.64,
                          "Plan Rows": 13094,
                          "Plan Width": 114,
                          "Actual Startup Time": 45.093,
                          "Actual Total Time": 1909.754,
                          "Actual Rows": 537716,
                          "Actual Loops": 1,
                          "Inner Unique": true,
                          "Hash Cond": "(store_sales.ss_item_sk = item.i_item_sk)",
                          "Plans": [
                            {
                              "Node Type": "Hash Join",
                              "Parent Relationship": "Outer",
                              "Parallel Aware": false,
                              "Join Type": "Inner",
                              "Startup Cost": 2324.05,
                              "Total Cost": 90434.26,
                              "Plan Rows": 13094,
                              "Plan Width": 16,
                              "Actual Startup Time": 21.022,
                              "Actual Total Time": 1576.582,
                              "Actual Rows": 537716,
                              "Actual Loops": 1,
                              "Inner Unique": true,
                              "Hash Cond": "(store_sales.ss_store_sk = store.s_store_sk)",
                              "Plans": [
                                {
                                  "Node Type": "Hash Join",
                                  "Parent Relationship": "Outer",
                                  "Parallel Aware": false,
                                  "Join Type": "Inner",
                                  "Startup Cost": 2322.66,
                                  "Total Cost": 90384.75,
                                  "Plan Rows": 13706,
                                  "Plan Width": 20,
                                  "Actual Startup Time": 20.984,
                                  "Actual Total Time": 1372.221,
                                  "Actual Rows": 550596,
                                  "Actual Loops": 1,
                                  "Inner Unique": true,
                                  "Hash Cond": "(store_sales.ss_sold_date_sk = d1.d_date_sk)",
                                  "Plans": [
                                    {
                                      "Node Type": "Seq Scan",
                                      "Parent Relationship": "Outer",
                                      "Parallel Aware": false,
                                      "Relation Name": "store_sales",
                                      "Alias": "store_sales",
                                      "Startup Cost": 0.00,
                                      "Total Cost": 80500.49,
                                      "Plan Rows": 2880449,
                                      "Plan Width": 24,
                                      "Actual Startup Time": 0.012,
                                      "Actual Total Time": 587.125,
                                      "Actual Rows": 2880404,
                                      "Actual Loops": 1
                                    },
                                    {
                                      "Node Type": "Hash",
                                      "Parent Relationship": "Inner",
                                      "Parallel Aware": false,
                                      "Startup Cost": 2318.11,
                                      "Total Cost": 2318.11,
                                      "Plan Rows": 364,
                                      "Plan Width": 4,
                                      "Actual Startup Time": 20.902,
                                      "Actual Total Time": 20.902,
                                      "Actual Rows": 365,
                                      "Actual Loops": 1,
                                      "Hash Buckets": 1024,
                                      "Original Hash Buckets": 1024,
                                      "Hash Batches": 1,
                                      "Original Hash Batches": 1,
                                      "Peak Memory Usage": 21,
                                      "Plans": [
                                        {
                                          "Node Type": "Seq Scan",
                                          "Parent Relationship": "Outer",
                                          "Parallel Aware": false,
                                          "Relation Name": "date_dim",
                                          "Alias": "d1",
                                          "Startup Cost": 0.00,
                                          "Total Cost": 2318.11,
                                          "Plan Rows": 364,
                                          "Plan Width": 4,
                                          "Actual Startup Time": 10.107,
                                          "Actual Total Time": 20.748,
                                          "Actual Rows": 365,
                                          "Actual Loops": 1,
                                          "Filter": "(d_year = 1998)",
                                          "Rows Removed by Filter": 72684
                                        }
                                      ]
                                    }
                                  ]
                                },
                                {
                                  "Node Type": "Hash",
                                  "Parent Relationship": "Inner",
                                  "Parallel Aware": false,
                                  "Startup Cost": 1.24,
                                  "Total Cost": 1.24,
                                  "Plan Rows": 12,
                                  "Plan Width": 4,
                                  "Actual Startup Time": 0.028,
                                  "Actual Total Time": 0.028,
                                  "Actual Rows": 12,
                                  "Actual Loops": 1,
                                  "Hash Buckets": 1024,
                                  "Original Hash Buckets": 1024,
                                  "Hash Batches": 1,
                                  "Original Hash Batches": 1,
                                  "Peak Memory Usage": 9,
                                  "Plans": [
                                    {
                                      "Node Type": "Seq Scan",
                                      "Parent Relationship": "Outer",
                                      "Parallel Aware": false,
                                      "Relation Name": "store",
                                      "Alias": "store",
                                      "Startup Cost": 0.00,
                                      "Total Cost": 1.24,
                                      "Plan Rows": 12,
                                      "Plan Width": 4,
                                      "Actual Startup Time": 0.012,
                                      "Actual Total Time": 0.019,
                                      "Actual Rows": 12,
                                      "Actual Loops": 1,
                                      "Filter": "(s_state = ANY ('{TN,TN,TN,TN,TN,TN,TN,TN}'::bpchar[]))",
                                      "Rows Removed by Filter": 0
                                    }
                                  ]
                                }
                              ]
                            },
                            {
                              "Node Type": "Hash",
                              "Parent Relationship": "Inner",
                              "Parallel Aware": false,
                              "Startup Cost": 1410.00,
                              "Total Cost": 1410.00,
                              "Plan Rows": 18000,
                              "Plan Width": 106,
                              "Actual Startup Time": 24.028,
                              "Actual Total Time": 24.029,
                              "Actual Rows": 18000,
                              "Actual Loops": 1,
                              "Hash Buckets": 32768,
                              "Original Hash Buckets": 32768,
                              "Hash Batches": 1,
                              "Original Hash Batches": 1,
                              "Peak Memory Usage": 2713,
                              "Plans": [
                                {
                                  "Node Type": "Seq Scan",
                                  "Parent Relationship": "Outer",
                                  "Parallel Aware": false,
                                  "Relation Name": "item",
                                  "Alias": "item",
                                  "Startup Cost": 0.00,
                                  "Total Cost": 1410.00,
                                  "Plan Rows": 18000,
                                  "Plan Width": 106,
                                  "Actual Startup Time": 0.012,
                                  "Actual Total Time": 15.122,
                                  "Actual Rows": 18000,
                                  "Actual Loops": 1
                                }
                              ]
                            }
                          ]
                        }
                      ]
                    }
                  ]
                }
              ]
            }
          ]
        }
      ]
    },
    "Planning Time": 1.666,
    "Triggers": [
    ],
    "Execution Time": 3315.252
  }
]
SET
