[
  {
    "Plan": {
      "Node Type": "Limit",
      "Parallel Aware": false,
      "Startup Cost": 158515.01,
      "Total Cost": 158515.02,
      "Plan Rows": 1,
      "Plan Width": 292,
      "Actual Startup Time": 909.721,
      "Actual Total Time": 909.721,
      "Actual Rows": 0,
      "Actual Loops": 1,
      "Plans": [
        {
          "Node Type": "Aggregate",
          "Strategy": "Sorted",
          "Partial Mode": "Finalize",
          "Parent Relationship": "InitPlan",
          "Subplan Name": "CTE ss_items",
          "Parallel Aware": false,
          "Startup Cost": 75444.58,
          "Total Cost": 75477.12,
          "Plan Rows": 264,
          "Plan Width": 49,
          "Actual Startup Time": 429.766,
          "Actual Total Time": 453.903,
          "Actual Rows": 4329,
          "Actual Loops": 1,
          "Group Key": ["item.i_item_id"],
          "Plans": [
            {
              "Node Type": "Seq Scan",
              "Parent Relationship": "InitPlan",
              "Subplan Name": "InitPlan 1 (returns $0)",
              "Parallel Aware": false,
              "Relation Name": "date_dim",
              "Alias": "date_dim",
              "Startup Cost": 0.00,
              "Total Cost": 2318.11,
              "Plan Rows": 1,
              "Plan Width": 4,
              "Actual Startup Time": 7.656,
              "Actual Total Time": 14.314,
              "Actual Rows": 1,
              "Actual Loops": 1,
              "Filter": "(d_date = '2001-07-04'::date)",
              "Rows Removed by Filter": 73048
            },
            {
              "Node Type": "Gather Merge",
              "Parent Relationship": "Outer",
              "Parallel Aware": false,
              "Startup Cost": 73126.47,
              "Total Cost": 73154.06,
              "Plan Rows": 220,
              "Plan Width": 49,
              "Actual Startup Time": 429.748,
              "Actual Total Time": 444.853,
              "Actual Rows": 5270,
              "Actual Loops": 1,
              "Workers Planned": 2,
              "Params Evaluated": ["$0"],
              "Workers Launched": 2,
              "Plans": [
                {
                  "Node Type": "Aggregate",
                  "Strategy": "Sorted",
                  "Partial Mode": "Partial",
                  "Parent Relationship": "Outer",
                  "Parallel Aware": false,
                  "Startup Cost": 72126.44,
                  "Total Cost": 72128.64,
                  "Plan Rows": 110,
                  "Plan Width": 49,
                  "Actual Startup Time": 408.602,
                  "Actual Total Time": 411.817,
                  "Actual Rows": 1757,
                  "Actual Loops": 3,
                  "Group Key": ["item.i_item_id"],
                  "Plans": [
                    {
                      "Node Type": "Sort",
                      "Parent Relationship": "Outer",
                      "Parallel Aware": false,
                      "Startup Cost": 72126.44,
                      "Total Cost": 72126.72,
                      "Plan Rows": 110,
                      "Plan Width": 23,
                      "Actual Startup Time": 408.561,
                      "Actual Total Time": 408.844,
                      "Actual Rows": 2007,
                      "Actual Loops": 3,
                      "Sort Key": ["item.i_item_id"],
                      "Sort Method": "quicksort",
                      "Sort Space Used": 201,
                      "Sort Space Type": "Memory",
                      "Workers": [
                        {
                          "Worker Number": 0,
                          "Sort Method": "quicksort",
                          "Sort Space Used": 201,
                          "Sort Space Type": "Memory"
                        },
                        {
                          "Worker Number": 1,
                          "Sort Method": "quicksort",
                          "Sort Space Used": 262,
                          "Sort Space Type": "Memory"
                        }
                      ],
                      "Plans": [
                        {
                          "Node Type": "Nested Loop",
                          "Parent Relationship": "Outer",
                          "Parallel Aware": false,
                          "Join Type": "Inner",
                          "Startup Cost": 3890.05,
                          "Total Cost": 72122.71,
                          "Plan Rows": 110,
                          "Plan Width": 23,
                          "Actual Startup Time": 19.395,
                          "Actual Total Time": 387.613,
                          "Actual Rows": 2007,
                          "Actual Loops": 3,
                          "Inner Unique": true,
                          "Plans": [
                            {
                              "Node Type": "Hash Join",
                              "Parent Relationship": "Outer",
                              "Parallel Aware": true,
                              "Join Type": "Inner",
                              "Startup Cost": 3889.77,
                              "Total Cost": 72088.97,
                              "Plan Rows": 110,
                              "Plan Width": 10,
                              "Actual Startup Time": 19.347,
                              "Actual Total Time": 376.047,
                              "Actual Rows": 2007,
                              "Actual Loops": 3,
                              "Inner Unique": false,
                              "Hash Cond": "(store_sales.ss_sold_date_sk = date_dim_1.d_date_sk)",
                              "Plans": [
                                {
                                  "Node Type": "Seq Scan",
                                  "Parent Relationship": "Outer",
                                  "Parallel Aware": true,
                                  "Relation Name": "store_sales",
                                  "Alias": "store_sales",
                                  "Startup Cost": 0.00,
                                  "Total Cost": 63697.87,
                                  "Plan Rows": 1200187,
                                  "Plan Width": 14,
                                  "Actual Startup Time": 0.060,
                                  "Actual Total Time": 200.695,
                                  "Actual Rows": 960135,
                                  "Actual Loops": 3
                                },
                                {
                                  "Node Type": "Hash",
                                  "Parent Relationship": "Inner",
                                  "Parallel Aware": true,
                                  "Startup Cost": 3889.72,
                                  "Total Cost": 3889.72,
                                  "Plan Rows": 4,
                                  "Plan Width": 4,
                                  "Actual Startup Time": 17.679,
                                  "Actual Total Time": 17.679,
                                  "Actual Rows": 2,
                                  "Actual Loops": 3,
                                  "Hash Buckets": 1024,
                                  "Original Hash Buckets": 1024,
                                  "Hash Batches": 1,
                                  "Original Hash Batches": 1,
                                  "Peak Memory Usage": 72,
                                  "Plans": [
                                    {
                                      "Node Type": "Hash Join",
                                      "Parent Relationship": "Outer",
                                      "Parallel Aware": true,
                                      "Join Type": "Semi",
                                      "Startup Cost": 1942.17,
                                      "Total Cost": 3889.72,
                                      "Plan Rows": 4,
                                      "Plan Width": 4,
                                      "Actual Startup Time": 14.151,
                                      "Actual Total Time": 17.606,
                                      "Actual Rows": 2,
                                      "Actual Loops": 3,
                                      "Inner Unique": false,
                                      "Hash Cond": "(date_dim_1.d_date = date_dim_2.d_date)",
                                      "Plans": [
                                        {
                                          "Node Type": "Seq Scan",
                                          "Parent Relationship": "Outer",
                                          "Parallel Aware": true,
                                          "Relation Name": "date_dim",
                                          "Alias": "date_dim_1",
                                          "Startup Cost": 0.00,
                                          "Total Cost": 1834.70,
                                          "Plan Rows": 42970,
                                          "Plan Width": 8,
                                          "Actual Startup Time": 0.013,
                                          "Actual Total Time": 5.611,
                                          "Actual Rows": 24350,
                                          "Actual Loops": 3
                                        },
                                        {
                                          "Node Type": "Hash",
                                          "Parent Relationship": "Inner",
                                          "Parallel Aware": true,
                                          "Startup Cost": 1942.12,
                                          "Total Cost": 1942.12,
                                          "Plan Rows": 4,
                                          "Plan Width": 4,
                                          "Actual Startup Time": 6.504,
                                          "Actual Total Time": 6.505,
                                          "Actual Rows": 2,
                                          "Actual Loops": 3,
                                          "Hash Buckets": 1024,
                                          "Original Hash Buckets": 1024,
                                          "Hash Batches": 1,
                                          "Original Hash Batches": 1,
                                          "Peak Memory Usage": 72,
                                          "Plans": [
                                            {
                                              "Node Type": "Seq Scan",
                                              "Parent Relationship": "Outer",
                                              "Parallel Aware": true,
                                              "Relation Name": "date_dim",
                                              "Alias": "date_dim_2",
                                              "Startup Cost": 0.00,
                                              "Total Cost": 1942.12,
                                              "Plan Rows": 4,
                                              "Plan Width": 4,
                                              "Actual Startup Time": 4.030,
                                              "Actual Total Time": 6.432,
                                              "Actual Rows": 2,
                                              "Actual Loops": 3,
                                              "Filter": "(d_week_seq = $0)",
                                              "Rows Removed by Filter": 24347
                                            }
                                          ]
                                        }
                                      ]
                                    }
                                  ]
                                }
                              ]
                            },
                            {
                              "Node Type": "Index Scan",
                              "Parent Relationship": "Inner",
                              "Parallel Aware": false,
                              "Scan Direction": "Forward",
                              "Index Name": "item_pkey",
                              "Relation Name": "item",
                              "Alias": "item",
                              "Startup Cost": 0.29,
                              "Total Cost": 0.31,
                              "Plan Rows": 1,
                              "Plan Width": 21,
                              "Actual Startup Time": 0.005,
                              "Actual Total Time": 0.005,
                              "Actual Rows": 1,
                              "Actual Loops": 6020,
                              "Index Cond": "(i_item_sk = store_sales.ss_item_sk)",
                              "Rows Removed by Index Recheck": 0
                            }
                          ]
                        }
                      ]
                    }
                  ]
                }
              ]
            }
          ]
        },
        {
          "Node Type": "Aggregate",
          "Strategy": "Sorted",
          "Partial Mode": "Finalize",
          "Parent Relationship": "InitPlan",
          "Subplan Name": "CTE cs_items",
          "Parallel Aware": false,
          "Startup Cost": 52892.21,
          "Total Cost": 52909.08,
          "Plan Rows": 137,
          "Plan Width": 49,
          "Actual Startup Time": 270.415,
          "Actual Total Time": 287.562,
          "Actual Rows": 2806,
          "Actual Loops": 1,
          "Group Key": ["item_1.i_item_id"],
          "Plans": [
            {
              "Node Type": "Seq Scan",
              "Parent Relationship": "InitPlan",
              "Subplan Name": "InitPlan 3 (returns $4)",
              "Parallel Aware": false,
              "Relation Name": "date_dim",
              "Alias": "date_dim_3",
              "Startup Cost": 0.00,
              "Total Cost": 2318.11,
              "Plan Rows": 1,
              "Plan Width": 4,
              "Actual Startup Time": 5.848,
              "Actual Total Time": 11.501,
              "Actual Rows": 1,
              "Actual Loops": 1,
              "Filter": "(d_date = '2001-07-04'::date)",
              "Rows Removed by Filter": 73048
            },
            {
              "Node Type": "Gather Merge",
              "Parent Relationship": "Outer",
              "Parallel Aware": false,
              "Startup Cost": 50574.10,
              "Total Cost": 50588.40,
              "Plan Rows": 114,
              "Plan Width": 49,
              "Actual Startup Time": 270.402,
              "Actual Total Time": 281.432,
              "Actual Rows": 3070,
              "Actual Loops": 1,
              "Workers Planned": 2,
              "Params Evaluated": ["$4"],
              "Workers Launched": 2,
              "Plans": [
                {
                  "Node Type": "Aggregate",
                  "Strategy": "Sorted",
                  "Partial Mode": "Partial",
                  "Parent Relationship": "Outer",
                  "Parallel Aware": false,
                  "Startup Cost": 49574.08,
                  "Total Cost": 49575.22,
                  "Plan Rows": 57,
                  "Plan Width": 49,
                  "Actual Startup Time": 249.653,
                  "Actual Total Time": 251.573,
                  "Actual Rows": 1023,
                  "Actual Loops": 3,
                  "Group Key": ["item_1.i_item_id"],
                  "Plans": [
                    {
                      "Node Type": "Sort",
                      "Parent Relationship": "Outer",
                      "Parallel Aware": false,
                      "Startup Cost": 49574.08,
                      "Total Cost": 49574.22,
                      "Plan Rows": 57,
                      "Plan Width": 23,
                      "Actual Startup Time": 249.615,
                      "Actual Total Time": 249.777,
                      "Actual Rows": 1089,
                      "Actual Loops": 3,
                      "Sort Key": ["item_1.i_item_id"],
                      "Sort Method": "quicksort",
                      "Sort Space Used": 169,
                      "Sort Space Type": "Memory",
                      "Workers": [
                        {
                          "Worker Number": 0,
                          "Sort Method": "quicksort",
                          "Sort Space Used": 90,
                          "Sort Space Type": "Memory"
                        },
                        {
                          "Worker Number": 1,
                          "Sort Method": "quicksort",
                          "Sort Space Used": 93,
                          "Sort Space Type": "Memory"
                        }
                      ],
                      "Plans": [
                        {
                          "Node Type": "Nested Loop",
                          "Parent Relationship": "Outer",
                          "Parallel Aware": false,
                          "Join Type": "Inner",
                          "Startup Cost": 3890.05,
                          "Total Cost": 49572.41,
                          "Plan Rows": 57,
                          "Plan Width": 23,
                          "Actual Startup Time": 71.148,
                          "Actual Total Time": 239.416,
                          "Actual Rows": 1089,
                          "Actual Loops": 3,
                          "Inner Unique": true,
                          "Plans": [
                            {
                              "Node Type": "Hash Join",
                              "Parent Relationship": "Outer",
                              "Parallel Aware": true,
                              "Join Type": "Inner",
                              "Startup Cost": 3889.77,
                              "Total Cost": 49554.83,
                              "Plan Rows": 57,
                              "Plan Width": 10,
                              "Actual Startup Time": 71.088,
                              "Actual Total Time": 232.740,
                              "Actual Rows": 1089,
                              "Actual Loops": 3,
                              "Inner Unique": false,
                              "Hash Cond": "(catalog_sales.cs_sold_date_sk = date_dim_4.d_date_sk)",
                              "Plans": [
                                {
                                  "Node Type": "Seq Scan",
                                  "Parent Relationship": "Outer",
                                  "Parallel Aware": true,
                                  "Relation Name": "catalog_sales",
                                  "Alias": "catalog_sales",
                                  "Startup Cost": 0.00,
                                  "Total Cost": 43412.07,
                                  "Plan Rows": 600708,
                                  "Plan Width": 14,
                                  "Actual Startup Time": 1.961,
                                  "Actual Total Time": 136.217,
                                  "Actual Rows": 480516,
                                  "Actual Loops": 3
                                },
                                {
                                  "Node Type": "Hash",
                                  "Parent Relationship": "Inner",
                                  "Parallel Aware": true,
                                  "Startup Cost": 3889.72,
                                  "Total Cost": 3889.72,
                                  "Plan Rows": 4,
                                  "Plan Width": 4,
                                  "Actual Startup Time": 14.981,
                                  "Actual Total Time": 14.981,
                                  "Actual Rows": 2,
                                  "Actual Loops": 3,
                                  "Hash Buckets": 1024,
                                  "Original Hash Buckets": 1024,
                                  "Hash Batches": 1,
                                  "Original Hash Batches": 1,
                                  "Peak Memory Usage": 72,
                                  "Plans": [
                                    {
                                      "Node Type": "Hash Join",
                                      "Parent Relationship": "Outer",
                                      "Parallel Aware": true,
                                      "Join Type": "Semi",
                                      "Startup Cost": 1942.17,
                                      "Total Cost": 3889.72,
                                      "Plan Rows": 4,
                                      "Plan Width": 4,
                                      "Actual Startup Time": 11.998,
                                      "Actual Total Time": 14.918,
                                      "Actual Rows": 2,
                                      "Actual Loops": 3,
                                      "Inner Unique": false,
                                      "Hash Cond": "(date_dim_4.d_date = date_dim_5.d_date)",
                                      "Plans": [
                                        {
                                          "Node Type": "Seq Scan",
                                          "Parent Relationship": "Outer",
                                          "Parallel Aware": true,
                                          "Relation Name": "date_dim",
                                          "Alias": "date_dim_4",
                                          "Startup Cost": 0.00,
                                          "Total Cost": 1834.70,
                                          "Plan Rows": 42970,
                                          "Plan Width": 8,
                                          "Actual Startup Time": 0.010,
                                          "Actual Total Time": 4.744,
                                          "Actual Rows": 24350,
                                          "Actual Loops": 3
                                        },
                                        {
                                          "Node Type": "Hash",
                                          "Parent Relationship": "Inner",
                                          "Parallel Aware": true,
                                          "Startup Cost": 1942.12,
                                          "Total Cost": 1942.12,
                                          "Plan Rows": 4,
                                          "Plan Width": 4,
                                          "Actual Startup Time": 5.604,
                                          "Actual Total Time": 5.605,
                                          "Actual Rows": 2,
                                          "Actual Loops": 3,
                                          "Hash Buckets": 1024,
                                          "Original Hash Buckets": 1024,
                                          "Hash Batches": 1,
                                          "Original Hash Batches": 1,
                                          "Peak Memory Usage": 72,
                                          "Plans": [
                                            {
                                              "Node Type": "Seq Scan",
                                              "Parent Relationship": "Outer",
                                              "Parallel Aware": true,
                                              "Relation Name": "date_dim",
                                              "Alias": "date_dim_5",
                                              "Startup Cost": 0.00,
                                              "Total Cost": 1942.12,
                                              "Plan Rows": 4,
                                              "Plan Width": 4,
                                              "Actual Startup Time": 3.540,
                                              "Actual Total Time": 5.566,
                                              "Actual Rows": 2,
                                              "Actual Loops": 3,
                                              "Filter": "(d_week_seq = $4)",
                                              "Rows Removed by Filter": 24347
                                            }
                                          ]
                                        }
                                      ]
                                    }
                                  ]
                                }
                              ]
                            },
                            {
                              "Node Type": "Index Scan",
                              "Parent Relationship": "Inner",
                              "Parallel Aware": false,
                              "Scan Direction": "Forward",
                              "Index Name": "item_pkey",
                              "Relation Name": "item",
                              "Alias": "item_1",
                              "Startup Cost": 0.29,
                              "Total Cost": 0.31,
                              "Plan Rows": 1,
                              "Plan Width": 21,
                              "Actual Startup Time": 0.005,
                              "Actual Total Time": 0.005,
                              "Actual Rows": 1,
                              "Actual Loops": 3268,
                              "Index Cond": "(i_item_sk = catalog_sales.cs_item_sk)",
                              "Rows Removed by Index Recheck": 0
                            }
                          ]
                        }
                      ]
                    }
                  ]
                }
              ]
            }
          ]
        },
        {
          "Node Type": "Aggregate",
          "Strategy": "Sorted",
          "Partial Mode": "Finalize",
          "Parent Relationship": "InitPlan",
          "Subplan Name": "CTE ws_items",
          "Parallel Aware": false,
          "Startup Cost": 30106.29,
          "Total Cost": 30114.86,
          "Plan Rows": 69,
          "Plan Width": 49,
          "Actual Startup Time": 149.605,
          "Actual Total Time": 159.262,
          "Actual Rows": 1595,
          "Actual Loops": 1,
          "Group Key": ["item_2.i_item_id"],
          "Plans": [
            {
              "Node Type": "Seq Scan",
              "Parent Relationship": "InitPlan",
              "Subplan Name": "InitPlan 5 (returns $8)",
              "Parallel Aware": false,
              "Relation Name": "date_dim",
              "Alias": "date_dim_6",
              "Startup Cost": 0.00,
              "Total Cost": 2318.11,
              "Plan Rows": 1,
              "Plan Width": 4,
              "Actual Startup Time": 5.631,
              "Actual Total Time": 10.943,
              "Actual Rows": 1,
              "Actual Loops": 1,
              "Filter": "(d_date = '2001-07-04'::date)",
              "Rows Removed by Filter": 73048
            },
            {
              "Node Type": "Gather Merge",
              "Parent Relationship": "Outer",
              "Parallel Aware": false,
              "Startup Cost": 27788.18,
              "Total Cost": 27795.45,
              "Plan Rows": 58,
              "Plan Width": 49,
              "Actual Startup Time": 149.586,
              "Actual Total Time": 155.812,
              "Actual Rows": 1696,
              "Actual Loops": 1,
              "Workers Planned": 2,
              "Params Evaluated": ["$8"],
              "Workers Launched": 2,
              "Plans": [
                {
                  "Node Type": "Aggregate",
                  "Strategy": "Sorted",
                  "Partial Mode": "Partial",
                  "Parent Relationship": "Outer",
                  "Parallel Aware": false,
                  "Startup Cost": 26788.15,
                  "Total Cost": 26788.73,
                  "Plan Rows": 29,
                  "Plan Width": 49,
                  "Actual Startup Time": 132.126,
                  "Actual Total Time": 133.305,
                  "Actual Rows": 565,
                  "Actual Loops": 3,
                  "Group Key": ["item_2.i_item_id"],
                  "Plans": [
                    {
                      "Node Type": "Sort",
                      "Parent Relationship": "Outer",
                      "Parallel Aware": false,
                      "Startup Cost": 26788.15,
                      "Total Cost": 26788.22,
                      "Plan Rows": 29,
                      "Plan Width": 23,
                      "Actual Startup Time": 132.085,
                      "Actual Total Time": 132.175,
                      "Actual Rows": 580,
                      "Actual Loops": 3,
                      "Sort Key": ["item_2.i_item_id"],
                      "Sort Method": "quicksort",
                      "Sort Space Used": 80,
                      "Sort Space Type": "Memory",
                      "Workers": [
                        {
                          "Worker Number": 0,
                          "Sort Method": "quicksort",
                          "Sort Space Used": 66,
                          "Sort Space Type": "Memory"
                        },
                        {
                          "Worker Number": 1,
                          "Sort Method": "quicksort",
                          "Sort Space Used": 64,
                          "Sort Space Type": "Memory"
                        }
                      ],
                      "Plans": [
                        {
                          "Node Type": "Nested Loop",
                          "Parent Relationship": "Outer",
                          "Parallel Aware": false,
                          "Join Type": "Inner",
                          "Startup Cost": 3890.05,
                          "Total Cost": 26787.45,
                          "Plan Rows": 29,
                          "Plan Width": 23,
                          "Actual Startup Time": 16.956,
                          "Actual Total Time": 125.693,
                          "Actual Rows": 580,
                          "Actual Loops": 3,
                          "Inner Unique": true,
                          "Plans": [
                            {
                              "Node Type": "Hash Join",
                              "Parent Relationship": "Outer",
                              "Parallel Aware": true,
                              "Join Type": "Inner",
                              "Startup Cost": 3889.77,
                              "Total Cost": 26778.40,
                              "Plan Rows": 29,
                              "Plan Width": 10,
                              "Actual Startup Time": 16.915,
                              "Actual Total Time": 122.022,
                              "Actual Rows": 580,
                              "Actual Loops": 3,
                              "Inner Unique": false,
                              "Hash Cond": "(web_sales.ws_sold_date_sk = date_dim_7.d_date_sk)",
                              "Plans": [
                                {
                                  "Node Type": "Seq Scan",
                                  "Parent Relationship": "Outer",
                                  "Parallel Aware": true,
                                  "Relation Name": "web_sales",
                                  "Alias": "web_sales",
                                  "Startup Cost": 0.00,
                                  "Total Cost": 21764.43,
                                  "Plan Rows": 299743,
                                  "Plan Width": 14,
                                  "Actual Startup Time": 0.074,
                                  "Actual Total Time": 66.094,
                                  "Actual Rows": 239795,
                                  "Actual Loops": 3
                                },
                                {
                                  "Node Type": "Hash",
                                  "Parent Relationship": "Inner",
                                  "Parallel Aware": true,
                                  "Startup Cost": 3889.72,
                                  "Total Cost": 3889.72,
                                  "Plan Rows": 4,
                                  "Plan Width": 4,
                                  "Actual Startup Time": 15.579,
                                  "Actual Total Time": 15.579,
                                  "Actual Rows": 2,
                                  "Actual Loops": 3,
                                  "Hash Buckets": 1024,
                                  "Original Hash Buckets": 1024,
                                  "Hash Batches": 1,
                                  "Original Hash Batches": 1,
                                  "Peak Memory Usage": 72,
                                  "Plans": [
                                    {
                                      "Node Type": "Hash Join",
                                      "Parent Relationship": "Outer",
                                      "Parallel Aware": true,
                                      "Join Type": "Semi",
                                      "Startup Cost": 1942.17,
                                      "Total Cost": 3889.72,
                                      "Plan Rows": 4,
                                      "Plan Width": 4,
                                      "Actual Startup Time": 12.394,
                                      "Actual Total Time": 15.471,
                                      "Actual Rows": 2,
                                      "Actual Loops": 3,
                                      "Inner Unique": false,
                                      "Hash Cond": "(date_dim_7.d_date = date_dim_8.d_date)",
                                      "Plans": [
                                        {
                                          "Node Type": "Seq Scan",
                                          "Parent Relationship": "Outer",
                                          "Parallel Aware": true,
                                          "Relation Name": "date_dim",
                                          "Alias": "date_dim_7",
                                          "Startup Cost": 0.00,
                                          "Total Cost": 1834.70,
                                          "Plan Rows": 42970,
                                          "Plan Width": 8,
                                          "Actual Startup Time": 0.013,
                                          "Actual Total Time": 5.007,
                                          "Actual Rows": 24350,
                                          "Actual Loops": 3
                                        },
                                        {
                                          "Node Type": "Hash",
                                          "Parent Relationship": "Inner",
                                          "Parallel Aware": true,
                                          "Startup Cost": 1942.12,
                                          "Total Cost": 1942.12,
                                          "Plan Rows": 4,
                                          "Plan Width": 4,
                                          "Actual Startup Time": 5.697,
                                          "Actual Total Time": 5.697,
                                          "Actual Rows": 2,
                                          "Actual Loops": 3,
                                          "Hash Buckets": 1024,
                                          "Original Hash Buckets": 1024,
                                          "Hash Batches": 1,
                                          "Original Hash Batches": 1,
                                          "Peak Memory Usage": 72,
                                          "Plans": [
                                            {
                                              "Node Type": "Seq Scan",
                                              "Parent Relationship": "Outer",
                                              "Parallel Aware": true,
                                              "Relation Name": "date_dim",
                                              "Alias": "date_dim_8",
                                              "Startup Cost": 0.00,
                                              "Total Cost": 1942.12,
                                              "Plan Rows": 4,
                                              "Plan Width": 4,
                                              "Actual Startup Time": 3.557,
                                              "Actual Total Time": 5.669,
                                              "Actual Rows": 2,
                                              "Actual Loops": 3,
                                              "Filter": "(d_week_seq = $8)",
                                              "Rows Removed by Filter": 24347
                                            }
                                          ]
                                        }
                                      ]
                                    }
                                  ]
                                }
                              ]
                            },
                            {
                              "Node Type": "Index Scan",
                              "Parent Relationship": "Inner",
                              "Parallel Aware": false,
                              "Scan Direction": "Forward",
                              "Index Name": "item_pkey",
                              "Relation Name": "item",
                              "Alias": "item_2",
                              "Startup Cost": 0.29,
                              "Total Cost": 0.31,
                              "Plan Rows": 1,
                              "Plan Width": 21,
                              "Actual Startup Time": 0.005,
                              "Actual Total Time": 0.005,
                              "Actual Rows": 1,
                              "Actual Loops": 1739,
                              "Index Cond": "(i_item_sk = web_sales.ws_item_sk)",
                              "Rows Removed by Index Recheck": 0
                            }
                          ]
                        }
                      ]
                    }
                  ]
                }
              ]
            }
          ]
        },
        {
          "Node Type": "Sort",
          "Parent Relationship": "Outer",
          "Parallel Aware": false,
          "Startup Cost": 13.95,
          "Total Cost": 13.96,
          "Plan Rows": 1,
          "Plan Width": 292,
          "Actual Startup Time": 909.719,
          "Actual Total Time": 909.719,
          "Actual Rows": 0,
          "Actual Loops": 1,
          "Sort Key": ["ss_items.item_id", "ss_items.ss_item_rev"],
          "Sort Method": "quicksort",
          "Sort Space Used": 25,
          "Sort Space Type": "Memory",
          "Plans": [
            {
              "Node Type": "Hash Join",
              "Parent Relationship": "Outer",
              "Parallel Aware": false,
              "Join Type": "Inner",
              "Startup Cost": 7.58,
              "Total Cost": 13.94,
              "Plan Rows": 1,
              "Plan Width": 292,
              "Actual Startup Time": 909.700,
              "Actual Total Time": 909.700,
              "Actual Rows": 0,
              "Actual Loops": 1,
              "Inner Unique": false,
              "Hash Cond": "(ss_items.item_id = cs_items.item_id)",
              "Join Filter": "((ss_items.ss_item_rev >= (0.9 * cs_items.cs_item_rev)) AND (ss_items.ss_item_rev <= (1.1 * cs_items.cs_item_rev)) AND (cs_items.cs_item_rev >= (0.9 * ss_items.ss_item_rev)) AND (cs_items.cs_item_rev <= (1.1 * ss_items.ss_item_rev)) AND (ss_items.ss_item_rev >= (0.9 * ws_items.ws_item_rev)) AND (ss_items.ss_item_rev <= (1.1 * ws_items.ws_item_rev)) AND (ws_items.ws_item_rev >= (0.9 * ss_items.ss_item_rev)) AND (ws_items.ws_item_rev <= (1.1 * ss_items.ss_item_rev)))",
              "Rows Removed by Join Filter": 2,
              "Plans": [
                {
                  "Node Type": "CTE Scan",
                  "Parent Relationship": "Outer",
                  "Parallel Aware": false,
                  "CTE Name": "ss_items",
                  "Alias": "ss_items",
                  "Startup Cost": 0.00,
                  "Total Cost": 5.28,
                  "Plan Rows": 264,
                  "Plan Width": 100,
                  "Actual Startup Time": 429.769,
                  "Actual Total Time": 456.246,
                  "Actual Rows": 4329,
                  "Actual Loops": 1
                },
                {
                  "Node Type": "Hash",
                  "Parent Relationship": "Inner",
                  "Parallel Aware": false,
                  "Startup Cost": 7.57,
                  "Total Cost": 7.57,
                  "Plan Rows": 1,
                  "Plan Width": 200,
                  "Actual Startup Time": 452.334,
                  "Actual Total Time": 452.334,
                  "Actual Rows": 14,
                  "Actual Loops": 1,
                  "Hash Buckets": 1024,
                  "Original Hash Buckets": 1024,
                  "Hash Batches": 1,
                  "Original Hash Batches": 1,
                  "Peak Memory Usage": 10,
                  "Plans": [
                    {
                      "Node Type": "Hash Join",
                      "Parent Relationship": "Outer",
                      "Parallel Aware": false,
                      "Join Type": "Inner",
                      "Startup Cost": 2.24,
                      "Total Cost": 7.57,
                      "Plan Rows": 1,
                      "Plan Width": 200,
                      "Actual Startup Time": 433.335,
                      "Actual Total Time": 452.316,
                      "Actual Rows": 14,
                      "Actual Loops": 1,
                      "Inner Unique": false,
                      "Hash Cond": "(cs_items.item_id = ws_items.item_id)",
                      "Join Filter": "((cs_items.cs_item_rev >= (0.9 * ws_items.ws_item_rev)) AND (cs_items.cs_item_rev <= (1.1 * ws_items.ws_item_rev)) AND (ws_items.ws_item_rev >= (0.9 * cs_items.cs_item_rev)) AND (ws_items.ws_item_rev <= (1.1 * cs_items.cs_item_rev)))",
                      "Rows Removed by Join Filter": 509,
                      "Plans": [
                        {
                          "Node Type": "CTE Scan",
                          "Parent Relationship": "Outer",
                          "Parallel Aware": false,
                          "CTE Name": "cs_items",
                          "Alias": "cs_items",
                          "Startup Cost": 0.00,
                          "Total Cost": 2.74,
                          "Plan Rows": 137,
                          "Plan Width": 100,
                          "Actual Startup Time": 270.418,
                          "Actual Total Time": 289.290,
                          "Actual Rows": 2806,
                          "Actual Loops": 1
                        },
                        {
                          "Node Type": "Hash",
                          "Parent Relationship": "Inner",
                          "Parallel Aware": false,
                          "Startup Cost": 1.38,
                          "Total Cost": 1.38,
                          "Plan Rows": 69,
                          "Plan Width": 100,
                          "Actual Startup Time": 161.360,
                          "Actual Total Time": 161.360,
                          "Actual Rows": 1595,
                          "Actual Loops": 1,
                          "Hash Buckets": 2048,
                          "Original Hash Buckets": 1024,
                          "Hash Batches": 1,
                          "Original Hash Batches": 1,
                          "Peak Memory Usage": 104,
                          "Plans": [
                            {
                              "Node Type": "CTE Scan",
                              "Parent Relationship": "Outer",
                              "Parallel Aware": false,
                              "CTE Name": "ws_items",
                              "Alias": "ws_items",
                              "Startup Cost": 0.00,
                              "Total Cost": 1.38,
                              "Plan Rows": 69,
                              "Plan Width": 100,
                              "Actual Startup Time": 149.611,
                              "Actual Total Time": 160.544,
                              "Actual Rows": 1595,
                              "Actual Loops": 1
                            }
                          ]
                        }
                      ]
                    }
                  ]
                }
              ]
            }
          ]
        }
      ]
    },
    "Planning Time": 4.902,
    "Triggers": [
    ],
    "Execution Time": 910.425
  }
]
