                                                       QUERY PLAN                                                       
------------------------------------------------------------------------------------------------------------------------
 [                                                                                                                     +
   {                                                                                                                   +
     "Plan": {                                                                                                         +
       "Node Type": "Limit",                                                                                           +
       "Parallel Aware": false,                                                                                        +
       "Startup Cost": 165115.98,                                                                                      +
       "Total Cost": 165118.47,                                                                                        +
       "Plan Rows": 100,                                                                                               +
       "Plan Width": 132,                                                                                              +
       "Actual Startup Time": 1119.020,                                                                                +
       "Actual Total Time": 1119.165,                                                                                  +
       "Actual Rows": 44,                                                                                              +
       "Actual Loops": 1,                                                                                              +
       "Plans": [                                                                                                      +
         {                                                                                                             +
           "Node Type": "Aggregate",                                                                                   +
           "Strategy": "Sorted",                                                                                       +
           "Partial Mode": "Simple",                                                                                   +
           "Parent Relationship": "InitPlan",                                                                          +
           "Subplan Name": "CTE ss",                                                                                   +
           "Parallel Aware": false,                                                                                    +
           "Startup Cost": 3049.91,                                                                                    +
           "Total Cost": 70248.85,                                                                                     +
           "Plan Rows": 12,                                                                                            +
           "Plan Width": 68,                                                                                           +
           "Actual Startup Time": 403.441,                                                                             +
           "Actual Total Time": 632.121,                                                                               +
           "Actual Rows": 6,                                                                                           +
           "Actual Loops": 1,                                                                                          +
           "Group Key": ["store.s_store_sk"],                                                                          +
           "Plans": [                                                                                                  +
             {                                                                                                         +
               "Node Type": "Nested Loop",                                                                             +
               "Parent Relationship": "Outer",                                                                         +
               "Parallel Aware": false,                                                                                +
               "Join Type": "Inner",                                                                                   +
               "Startup Cost": 3049.91,                                                                                +
               "Total Cost": 70240.31,                                                                                 +
               "Plan Rows": 1115,                                                                                      +
               "Plan Width": 16,                                                                                       +
               "Actual Startup Time": 11.547,                                                                          +
               "Actual Total Time": 609.457,                                                                           +
               "Actual Rows": 59252,                                                                                   +
               "Actual Loops": 1,                                                                                      +
               "Inner Unique": false,                                                                                  +
               "Join Filter": "(store_sales.ss_store_sk = store.s_store_sk)",                                          +
               "Rows Removed by Join Filter": 668248,                                                                  +
               "Plans": [                                                                                              +
                 {                                                                                                     +
                   "Node Type": "Index Only Scan",                                                                     +
                   "Parent Relationship": "Outer",                                                                     +
                   "Parallel Aware": false,                                                                            +
                   "Scan Direction": "Forward",                                                                        +
                   "Index Name": "store_pkey",                                                                         +
                   "Relation Name": "store",                                                                           +
                   "Alias": "store",                                                                                   +
                   "Startup Cost": 0.14,                                                                               +
                   "Total Cost": 12.31,                                                                                +
                   "Plan Rows": 12,                                                                                    +
                   "Plan Width": 4,                                                                                    +
                   "Actual Startup Time": 0.032,                                                                       +
                   "Actual Total Time": 0.075,                                                                         +
                   "Actual Rows": 12,                                                                                  +
                   "Actual Loops": 1,                                                                                  +
                   "Heap Fetches": 12                                                                                  +
                 },                                                                                                    +
                 {                                                                                                     +
                   "Node Type": "Materialize",                                                                         +
                   "Parent Relationship": "Inner",                                                                     +
                   "Parallel Aware": false,                                                                            +
                   "Startup Cost": 3049.78,                                                                            +
                   "Total Cost": 70020.85,                                                                             +
                   "Plan Rows": 1167,                                                                                  +
                   "Plan Width": 16,                                                                                   +
                   "Actual Startup Time": 0.828,                                                                       +
                   "Actual Total Time": 41.175,                                                                        +
                   "Actual Rows": 60625,                                                                               +
                   "Actual Loops": 12,                                                                                 +
                   "Plans": [                                                                                          +
                     {                                                                                                 +
                       "Node Type": "Gather",                                                                          +
                       "Parent Relationship": "Outer",                                                                 +
                       "Parallel Aware": false,                                                                        +
                       "Startup Cost": 3049.78,                                                                        +
                       "Total Cost": 70015.01,                                                                         +
                       "Plan Rows": 1167,                                                                              +
                       "Plan Width": 16,                                                                               +
                       "Actual Startup Time": 9.865,                                                                   +
                       "Actual Total Time": 365.785,                                                                   +
                       "Actual Rows": 60625,                                                                           +
                       "Actual Loops": 1,                                                                              +
                       "Workers Planned": 2,                                                                           +
                       "Workers Launched": 2,                                                                          +
                       "Single Copy": false,                                                                           +
                       "Plans": [                                                                                      +
                         {                                                                                             +
                           "Node Type": "Hash Join",                                                                   +
                           "Parent Relationship": "Outer",                                                             +
                           "Parallel Aware": true,                                                                     +
                           "Join Type": "Inner",                                                                       +
                           "Startup Cost": 2049.78,                                                                    +
                           "Total Cost": 68898.31,                                                                     +
                           "Plan Rows": 486,                                                                           +
                           "Plan Width": 16,                                                                           +
                           "Actual Startup Time": 5.530,                                                               +
                           "Actual Total Time": 376.455,                                                               +
                           "Actual Rows": 20208,                                                                       +
                           "Actual Loops": 3,                                                                          +
                           "Inner Unique": true,                                                                       +
                           "Hash Cond": "(store_sales.ss_sold_date_sk = date_dim.d_date_sk)",                          +
                           "Plans": [                                                                                  +
                             {                                                                                         +
                               "Node Type": "Seq Scan",                                                                +
                               "Parent Relationship": "Outer",                                                         +
                               "Parallel Aware": true,                                                                 +
                               "Relation Name": "store_sales",                                                         +
                               "Alias": "store_sales",                                                                 +
                               "Startup Cost": 0.00,                                                                   +
                               "Total Cost": 63697.87,                                                                 +
                               "Plan Rows": 1200187,                                                                   +
                               "Plan Width": 20,                                                                       +
                               "Actual Startup Time": 0.060,                                                           +
                               "Actual Total Time": 200.517,                                                           +
                               "Actual Rows": 960135,                                                                  +
                               "Actual Loops": 3                                                                       +
                             },                                                                                        +
                             {                                                                                         +
                               "Node Type": "Hash",                                                                    +
                               "Parent Relationship": "Inner",                                                         +
                               "Parallel Aware": true,                                                                 +
                               "Startup Cost": 2049.55,                                                                +
                               "Total Cost": 2049.55,                                                                  +
                               "Plan Rows": 18,                                                                        +
                               "Plan Width": 4,                                                                        +
                               "Actual Startup Time": 5.009,                                                           +
                               "Actual Total Time": 5.009,                                                             +
                               "Actual Rows": 10,                                                                      +
                               "Actual Loops": 3,                                                                      +
                               "Hash Buckets": 1024,                                                                   +
                               "Original Hash Buckets": 1024,                                                          +
                               "Hash Batches": 1,                                                                      +
                               "Original Hash Batches": 1,                                                             +
                               "Peak Memory Usage": 40,                                                                +
                               "Plans": [                                                                              +
                                 {                                                                                     +
                                   "Node Type": "Seq Scan",                                                            +
                                   "Parent Relationship": "Outer",                                                     +
                                   "Parallel Aware": true,                                                             +
                                   "Relation Name": "date_dim",                                                        +
                                   "Alias": "date_dim",                                                                +
                                   "Startup Cost": 0.00,                                                               +
                                   "Total Cost": 2049.55,                                                              +
                                   "Plan Rows": 18,                                                                    +
                                   "Plan Width": 4,                                                                    +
                                   "Actual Startup Time": 3.931,                                                       +
                                   "Actual Total Time": 4.947,                                                         +
                                   "Actual Rows": 10,                                                                  +
                                   "Actual Loops": 3,                                                                  +
                                   "Filter": "((d_date >= '2000-08-06'::date) AND (d_date <= '2000-09-05'::date))",    +
                                   "Rows Removed by Filter": 24339                                                     +
                                 }                                                                                     +
                               ]                                                                                       +
                             }                                                                                         +
                           ]                                                                                           +
                         }                                                                                             +
                       ]                                                                                               +
                     }                                                                                                 +
                   ]                                                                                                   +
                 }                                                                                                     +
               ]                                                                                                       +
             }                                                                                                         +
           ]                                                                                                           +
         },                                                                                                            +
         {                                                                                                             +
           "Node Type": "Aggregate",                                                                                   +
           "Strategy": "Sorted",                                                                                       +
           "Partial Mode": "Simple",                                                                                   +
           "Parent Relationship": "InitPlan",                                                                          +
           "Subplan Name": "CTE sr",                                                                                   +
           "Parallel Aware": false,                                                                                    +
           "Startup Cost": 3049.91,                                                                                    +
           "Total Cost": 9399.93,                                                                                      +
           "Plan Rows": 12,                                                                                            +
           "Plan Width": 68,                                                                                           +
           "Actual Startup Time": 46.846,                                                                              +
           "Actual Total Time": 56.008,                                                                                +
           "Actual Rows": 6,                                                                                           +
           "Actual Loops": 1,                                                                                          +
           "Group Key": ["store_1.s_store_sk"],                                                                        +
           "Plans": [                                                                                                  +
             {                                                                                                         +
               "Node Type": "Nested Loop",                                                                             +
               "Parent Relationship": "Outer",                                                                         +
               "Parallel Aware": false,                                                                                +
               "Join Type": "Inner",                                                                                   +
               "Startup Cost": 3049.91,                                                                                +
               "Total Cost": 9398.89,                                                                                  +
               "Plan Rows": 114,                                                                                       +
               "Plan Width": 16,                                                                                       +
               "Actual Startup Time": 10.038,                                                                          +
               "Actual Total Time": 54.668,                                                                            +
               "Actual Rows": 3000,                                                                                    +
               "Actual Loops": 1,                                                                                      +
               "Inner Unique": false,                                                                                  +
               "Join Filter": "(store_returns.sr_store_sk = store_1.s_store_sk)",                                      +
               "Rows Removed by Join Filter": 33516,                                                                   +
               "Plans": [                                                                                              +
                 {                                                                                                     +
                   "Node Type": "Index Only Scan",                                                                     +
                   "Parent Relationship": "Outer",                                                                     +
                   "Parallel Aware": false,                                                                            +
                   "Scan Direction": "Forward",                                                                        +
                   "Index Name": "store_pkey",                                                                         +
                   "Relation Name": "store",                                                                           +
                   "Alias": "store_1",                                                                                 +
                   "Startup Cost": 0.14,                                                                               +
                   "Total Cost": 12.31,                                                                                +
                   "Plan Rows": 12,                                                                                    +
                   "Plan Width": 4,                                                                                    +
                   "Actual Startup Time": 0.008,                                                                       +
                   "Actual Total Time": 0.020,                                                                         +
                   "Actual Rows": 12,                                                                                  +
                   "Actual Loops": 1,                                                                                  +
                   "Heap Fetches": 12                                                                                  +
                 },                                                                                                    +
                 {                                                                                                     +
                   "Node Type": "Materialize",                                                                         +
                   "Parent Relationship": "Inner",                                                                     +
                   "Parallel Aware": false,                                                                            +
                   "Startup Cost": 3049.78,                                                                            +
                   "Total Cost": 9365.63,                                                                              +
                   "Plan Rows": 118,                                                                                   +
                   "Plan Width": 16,                                                                                   +
                   "Actual Startup Time": 0.812,                                                                       +
                   "Actual Total Time": 4.051,                                                                         +
                   "Actual Rows": 3043,                                                                                +
                   "Actual Loops": 12,                                                                                 +
                   "Plans": [                                                                                          +
                     {                                                                                                 +
                       "Node Type": "Gather",                                                                          +
                       "Parent Relationship": "Outer",                                                                 +
                       "Parallel Aware": false,                                                                        +
                       "Startup Cost": 3049.78,                                                                        +
                       "Total Cost": 9365.04,                                                                          +
                       "Plan Rows": 118,                                                                               +
                       "Plan Width": 16,                                                                               +
                       "Actual Startup Time": 9.741,                                                                   +
                       "Actual Total Time": 44.893,                                                                    +
                       "Actual Rows": 3043,                                                                            +
                       "Actual Loops": 1,                                                                              +
                       "Workers Planned": 2,                                                                           +
                       "Workers Launched": 2,                                                                          +
                       "Single Copy": false,                                                                           +
                       "Plans": [                                                                                      +
                         {                                                                                             +
                           "Node Type": "Hash Join",                                                                   +
                           "Parent Relationship": "Outer",                                                             +
                           "Parallel Aware": true,                                                                     +
                           "Join Type": "Inner",                                                                       +
                           "Startup Cost": 2049.78,                                                                    +
                           "Total Cost": 8353.24,                                                                      +
                           "Plan Rows": 49,                                                                            +
                           "Plan Width": 16,                                                                           +
                           "Actual Startup Time": 5.300,                                                               +
                           "Actual Total Time": 40.825,                                                                +
                           "Actual Rows": 1014,                                                                        +
                           "Actual Loops": 3,                                                                          +
                           "Inner Unique": true,                                                                       +
                           "Hash Cond": "(store_returns.sr_returned_date_sk = date_dim_1.d_date_sk)",                  +
                           "Plans": [                                                                                  +
                             {                                                                                         +
                               "Node Type": "Seq Scan",                                                                +
                               "Parent Relationship": "Outer",                                                         +
                               "Parallel Aware": true,                                                                 +
                               "Relation Name": "store_returns",                                                       +
                               "Alias": "store_returns",                                                               +
                               "Startup Cost": 0.00,                                                                   +
                               "Total Cost": 5988.98,                                                                  +
                               "Plan Rows": 119798,                                                                    +
                               "Plan Width": 20,                                                                       +
                               "Actual Startup Time": 0.059,                                                           +
                               "Actual Total Time": 19.250,                                                            +
                               "Actual Rows": 95838,                                                                   +
                               "Actual Loops": 3                                                                       +
                             },                                                                                        +
                             {                                                                                         +
                               "Node Type": "Hash",                                                                    +
                               "Parent Relationship": "Inner",                                                         +
                               "Parallel Aware": true,                                                                 +
                               "Startup Cost": 2049.55,                                                                +
                               "Total Cost": 2049.55,                                                                  +
                               "Plan Rows": 18,                                                                        +
                               "Plan Width": 4,                                                                        +
                               "Actual Startup Time": 4.977,                                                           +
                               "Actual Total Time": 4.977,                                                             +
                               "Actual Rows": 10,                                                                      +
                               "Actual Loops": 3,                                                                      +
                               "Hash Buckets": 1024,                                                                   +
                               "Original Hash Buckets": 1024,                                                          +
                               "Hash Batches": 1,                                                                      +
                               "Original Hash Batches": 1,                                                             +
                               "Peak Memory Usage": 72,                                                                +
                               "Plans": [                                                                              +
                                 {                                                                                     +
                                   "Node Type": "Seq Scan",                                                            +
                                   "Parent Relationship": "Outer",                                                     +
                                   "Parallel Aware": true,                                                             +
                                   "Relation Name": "date_dim",                                                        +
                                   "Alias": "date_dim_1",                                                              +
                                   "Startup Cost": 0.00,                                                               +
                                   "Total Cost": 2049.55,                                                              +
                                   "Plan Rows": 18,                                                                    +
                                   "Plan Width": 4,                                                                    +
                                   "Actual Startup Time": 2.981,                                                       +
                                   "Actual Total Time": 4.913,                                                         +
                                   "Actual Rows": 10,                                                                  +
                                   "Actual Loops": 3,                                                                  +
                                   "Filter": "((d_date >= '2000-08-06'::date) AND (d_date <= '2000-09-05'::date))",    +
                                   "Rows Removed by Filter": 24339                                                     +
                                 }                                                                                     +
                               ]                                                                                       +
                             }                                                                                         +
                           ]                                                                                           +
                         }                                                                                             +
                       ]                                                                                               +
                     }                                                                                                 +
                   ]                                                                                                   +
                 }                                                                                                     +
               ]                                                                                                       +
             }                                                                                                         +
           ]                                                                                                           +
         },                                                                                                            +
         {                                                                                                             +
           "Node Type": "Aggregate",                                                                                   +
           "Strategy": "Sorted",                                                                                       +
           "Partial Mode": "Finalize",                                                                                 +
           "Parent Relationship": "InitPlan",                                                                          +
           "Subplan Name": "CTE cs",                                                                                   +
           "Parallel Aware": false,                                                                                    +
           "Startup Cost": 48048.97,                                                                                   +
           "Total Cost": 48053.22,                                                                                     +
           "Plan Rows": 6,                                                                                             +
           "Plan Width": 68,                                                                                           +
           "Actual Startup Time": 220.880,                                                                             +
           "Actual Total Time": 222.497,                                                                               +
           "Actual Rows": 4,                                                                                           +
           "Actual Loops": 1,                                                                                          +
           "Group Key": ["catalog_sales.cs_call_center_sk"],                                                           +
           "Plans": [                                                                                                  +
             {                                                                                                         +
               "Node Type": "Gather Merge",                                                                            +
               "Parent Relationship": "Outer",                                                                         +
               "Parallel Aware": false,                                                                                +
               "Startup Cost": 48048.97,                                                                               +
               "Total Cost": 48052.98,                                                                                 +
               "Plan Rows": 12,                                                                                        +
               "Plan Width": 68,                                                                                       +
               "Actual Startup Time": 218.892,                                                                         +
               "Actual Total Time": 222.499,                                                                           +
               "Actual Rows": 12,                                                                                      +
               "Actual Loops": 1,                                                                                      +
               "Workers Planned": 2,                                                                                   +
               "Workers Launched": 2,                                                                                  +
               "Plans": [                                                                                              +
                 {                                                                                                     +
                   "Node Type": "Aggregate",                                                                           +
                   "Strategy": "Sorted",                                                                               +
                   "Partial Mode": "Partial",                                                                          +
                   "Parent Relationship": "Outer",                                                                     +
                   "Parallel Aware": false,                                                                            +
                   "Startup Cost": 47048.94,                                                                           +
                   "Total Cost": 47051.57,                                                                             +
                   "Plan Rows": 6,                                                                                     +
                   "Plan Width": 68,                                                                                   +
                   "Actual Startup Time": 214.217,                                                                     +
                   "Actual Total Time": 217.778,                                                                       +
                   "Actual Rows": 4,                                                                                   +
                   "Actual Loops": 3,                                                                                  +
                   "Group Key": ["catalog_sales.cs_call_center_sk"],                                                   +
                   "Plans": [                                                                                          +
                     {                                                                                                 +
                       "Node Type": "Sort",                                                                            +
                       "Parent Relationship": "Outer",                                                                 +
                       "Parallel Aware": false,                                                                        +
                       "Startup Cost": 47048.94,                                                                       +
                       "Total Cost": 47049.58,                                                                         +
                       "Plan Rows": 254,                                                                               +
                       "Plan Width": 16,                                                                               +
                       "Actual Startup Time": 212.527,                                                                 +
                       "Actual Total Time": 213.413,                                                                   +
                       "Actual Rows": 10528,                                                                           +
                       "Actual Loops": 3,                                                                              +
                       "Sort Key": ["catalog_sales.cs_call_center_sk"],                                                +
                       "Sort Method": "quicksort",                                                                     +
                       "Sort Space Used": 1187,                                                                        +
                       "Sort Space Type": "Memory",                                                                    +
                       "Workers": [                                                                                    +
                         {                                                                                             +
                           "Worker Number": 0,                                                                         +
                           "Sort Method": "quicksort",                                                                 +
                           "Sort Space Used": 1172,                                                                    +
                           "Sort Space Type": "Memory"                                                                 +
                         },                                                                                            +
                         {                                                                                             +
                           "Worker Number": 1,                                                                         +
                           "Sort Method": "quicksort",                                                                 +
                           "Sort Space Used": 1167,                                                                    +
                           "Sort Space Type": "Memory"                                                                 +
                         }                                                                                             +
                       ],                                                                                              +
                       "Plans": [                                                                                      +
                         {                                                                                             +
                           "Node Type": "Hash Join",                                                                   +
                           "Parent Relationship": "Outer",                                                             +
                           "Parallel Aware": true,                                                                     +
                           "Join Type": "Inner",                                                                       +
                           "Startup Cost": 2049.78,                                                                    +
                           "Total Cost": 47038.80,                                                                     +
                           "Plan Rows": 254,                                                                           +
                           "Plan Width": 16,                                                                           +
                           "Actual Startup Time": 7.071,                                                               +
                           "Actual Total Time": 208.625,                                                               +
                           "Actual Rows": 10528,                                                                       +
                           "Actual Loops": 3,                                                                          +
                           "Inner Unique": true,                                                                       +
                           "Hash Cond": "(catalog_sales.cs_sold_date_sk = date_dim_2.d_date_sk)",                      +
                           "Plans": [                                                                                  +
                             {                                                                                         +
                               "Node Type": "Seq Scan",                                                                +
                               "Parent Relationship": "Outer",                                                         +
                               "Parallel Aware": true,                                                                 +
                               "Relation Name": "catalog_sales",                                                       +
                               "Alias": "catalog_sales",                                                               +
                               "Startup Cost": 0.00,                                                                   +
                               "Total Cost": 43412.07,                                                                 +
                               "Plan Rows": 600708,                                                                    +
                               "Plan Width": 20,                                                                       +
                               "Actual Startup Time": 0.056,                                                           +
                               "Actual Total Time": 118.094,                                                           +
                               "Actual Rows": 480516,                                                                  +
                               "Actual Loops": 3                                                                       +
                             },                                                                                        +
                             {                                                                                         +
                               "Node Type": "Hash",                                                                    +
                               "Parent Relationship": "Inner",                                                         +
                               "Parallel Aware": true,                                                                 +
                               "Startup Cost": 2049.55,                                                                +
                               "Total Cost": 2049.55,                                                                  +
                               "Plan Rows": 18,                                                                        +
                               "Plan Width": 4,                                                                        +
                               "Actual Startup Time": 5.143,                                                           +
                               "Actual Total Time": 5.143,                                                             +
                               "Actual Rows": 10,                                                                      +
                               "Actual Loops": 3,                                                                      +
                               "Hash Buckets": 1024,                                                                   +
                               "Original Hash Buckets": 1024,                                                          +
                               "Hash Batches": 1,                                                                      +
                               "Original Hash Batches": 1,                                                             +
                               "Peak Memory Usage": 72,                                                                +
                               "Plans": [                                                                              +
                                 {                                                                                     +
                                   "Node Type": "Seq Scan",                                                            +
                                   "Parent Relationship": "Outer",                                                     +
                                   "Parallel Aware": true,                                                             +
                                   "Relation Name": "date_dim",                                                        +
                                   "Alias": "date_dim_2",                                                              +
                                   "Startup Cost": 0.00,                                                               +
                                   "Total Cost": 2049.55,                                                              +
                                   "Plan Rows": 18,                                                                    +
                                   "Plan Width": 4,                                                                    +
                                   "Actual Startup Time": 3.059,                                                       +
                                   "Actual Total Time": 5.072,                                                         +
                                   "Actual Rows": 10,                                                                  +
                                   "Actual Loops": 3,                                                                  +
                                   "Filter": "((d_date >= '2000-08-06'::date) AND (d_date <= '2000-09-05'::date))",    +
                                   "Rows Removed by Filter": 24339                                                     +
                                 }                                                                                     +
                               ]                                                                                       +
                             }                                                                                         +
                           ]                                                                                           +
                         }                                                                                             +
                       ]                                                                                               +
                     }                                                                                                 +
                   ]                                                                                                   +
                 }                                                                                                     +
               ]                                                                                                       +
             }                                                                                                         +
           ]                                                                                                           +
         },                                                                                                            +
         {                                                                                                             +
           "Node Type": "Aggregate",                                                                                   +
           "Strategy": "Sorted",                                                                                       +
           "Partial Mode": "Finalize",                                                                                 +
           "Parent Relationship": "InitPlan",                                                                          +
           "Subplan Name": "CTE cr",                                                                                   +
           "Parallel Aware": false,                                                                                    +
           "Startup Cost": 6997.64,                                                                                    +
           "Total Cost": 6998.93,                                                                                      +
           "Plan Rows": 6,                                                                                             +
           "Plan Width": 68,                                                                                           +
           "Actual Startup Time": 37.923,                                                                              +
           "Actual Total Time": 38.150,                                                                                +
           "Actual Rows": 5,                                                                                           +
           "Actual Loops": 1,                                                                                          +
           "Group Key": ["catalog_returns.cr_call_center_sk"],                                                         +
           "Plans": [                                                                                                  +
             {                                                                                                         +
               "Node Type": "Gather Merge",                                                                            +
               "Parent Relationship": "Outer",                                                                         +
               "Parallel Aware": false,                                                                                +
               "Startup Cost": 6997.64,                                                                                +
               "Total Cost": 6998.76,                                                                                  +
               "Plan Rows": 6,                                                                                         +
               "Plan Width": 68,                                                                                       +
               "Actual Startup Time": 37.757,                                                                          +
               "Actual Total Time": 38.139,                                                                            +
               "Actual Rows": 10,                                                                                      +
               "Actual Loops": 1,                                                                                      +
               "Workers Planned": 1,                                                                                   +
               "Workers Launched": 1,                                                                                  +
               "Plans": [                                                                                              +
                 {                                                                                                     +
                   "Node Type": "Aggregate",                                                                           +
                   "Strategy": "Sorted",                                                                               +
                   "Partial Mode": "Partial",                                                                          +
                   "Parent Relationship": "Outer",                                                                     +
                   "Parallel Aware": false,                                                                            +
                   "Startup Cost": 5997.63,                                                                            +
                   "Total Cost": 5998.08,                                                                              +
                   "Plan Rows": 6,                                                                                     +
                   "Plan Width": 68,                                                                                   +
                   "Actual Startup Time": 33.853,                                                                      +
                   "Actual Total Time": 34.134,                                                                        +
                   "Actual Rows": 5,                                                                                   +
                   "Actual Loops": 2,                                                                                  +
                   "Group Key": ["catalog_returns.cr_call_center_sk"],                                                 +
                   "Plans": [                                                                                          +
                     {                                                                                                 +
                       "Node Type": "Sort",                                                                            +
                       "Parent Relationship": "Outer",                                                                 +
                       "Parallel Aware": false,                                                                        +
                       "Startup Cost": 5997.63,                                                                        +
                       "Total Cost": 5997.72,                                                                          +
                       "Plan Rows": 36,                                                                                +
                       "Plan Width": 16,                                                                               +
                       "Actual Startup Time": 33.685,                                                                  +
                       "Actual Total Time": 33.753,                                                                    +
                       "Actual Rows": 793,                                                                             +
                       "Actual Loops": 2,                                                                              +
                       "Sort Key": ["catalog_returns.cr_call_center_sk"],                                              +
                       "Sort Method": "quicksort",                                                                     +
                       "Sort Space Used": 92,                                                                          +
                       "Sort Space Type": "Memory",                                                                    +
                       "Workers": [                                                                                    +
                         {                                                                                             +
                           "Worker Number": 0,                                                                         +
                           "Sort Method": "quicksort",                                                                 +
                           "Sort Space Used": 76,                                                                      +
                           "Sort Space Type": "Memory"                                                                 +
                         }                                                                                             +
                       ],                                                                                              +
                       "Plans": [                                                                                      +
                         {                                                                                             +
                           "Node Type": "Hash Join",                                                                   +
                           "Parent Relationship": "Outer",                                                             +
                           "Parallel Aware": true,                                                                     +
                           "Join Type": "Inner",                                                                       +
                           "Startup Cost": 2049.78,                                                                    +
                           "Total Cost": 5996.69,                                                                      +
                           "Plan Rows": 36,                                                                            +
                           "Plan Width": 16,                                                                           +
                           "Actual Startup Time": 12.765,                                                              +
                           "Actual Total Time": 33.356,                                                                +
                           "Actual Rows": 793,                                                                         +
                           "Actual Loops": 2,                                                                          +
                           "Inner Unique": true,                                                                       +
                           "Hash Cond": "(catalog_returns.cr_returned_date_sk = date_dim_3.d_date_sk)",                +
                           "Plans": [                                                                                  +
                             {                                                                                         +
                               "Node Type": "Seq Scan",                                                                +
                               "Parent Relationship": "Outer",                                                         +
                               "Parallel Aware": true,                                                                 +
                               "Relation Name": "catalog_returns",                                                     +
                               "Alias": "catalog_returns",                                                             +
                               "Startup Cost": 0.00,                                                                   +
                               "Total Cost": 3724.45,                                                                  +
                               "Plan Rows": 84745,                                                                     +
                               "Plan Width": 20,                                                                       +
                               "Actual Startup Time": 0.006,                                                           +
                               "Actual Total Time": 13.899,                                                            +
                               "Actual Rows": 72034,                                                                   +
                               "Actual Loops": 2                                                                       +
                             },                                                                                        +
                             {                                                                                         +
                               "Node Type": "Hash",                                                                    +
                               "Parent Relationship": "Inner",                                                         +
                               "Parallel Aware": true,                                                                 +
                               "Startup Cost": 2049.55,                                                                +
                               "Total Cost": 2049.55,                                                                  +
                               "Plan Rows": 18,                                                                        +
                               "Plan Width": 4,                                                                        +
                               "Actual Startup Time": 7.204,                                                           +
                               "Actual Total Time": 7.204,                                                             +
                               "Actual Rows": 16,                                                                      +
                               "Actual Loops": 2,                                                                      +
                               "Hash Buckets": 1024,                                                                   +
                               "Original Hash Buckets": 1024,                                                          +
                               "Hash Batches": 1,                                                                      +
                               "Original Hash Batches": 1,                                                             +
                               "Peak Memory Usage": 40,                                                                +
                               "Plans": [                                                                              +
                                 {                                                                                     +
                                   "Node Type": "Seq Scan",                                                            +
                                   "Parent Relationship": "Outer",                                                     +
                                   "Parallel Aware": true,                                                             +
                                   "Relation Name": "date_dim",                                                        +
                                   "Alias": "date_dim_3",                                                              +
                                   "Startup Cost": 0.00,                                                               +
                                   "Total Cost": 2049.55,                                                              +
                                   "Plan Rows": 18,                                                                    +
                                   "Plan Width": 4,                                                                    +
                                   "Actual Startup Time": 5.234,                                                       +
                                   "Actual Total Time": 7.171,                                                         +
                                   "Actual Rows": 16,                                                                  +
                                   "Actual Loops": 2,                                                                  +
                                   "Filter": "((d_date >= '2000-08-06'::date) AND (d_date <= '2000-09-05'::date))",    +
                                   "Rows Removed by Filter": 36509                                                     +
                                 }                                                                                     +
                               ]                                                                                       +
                             }                                                                                         +
                           ]                                                                                           +
                         }                                                                                             +
                       ]                                                                                               +
                     }                                                                                                 +
                   ]                                                                                                   +
                 }                                                                                                     +
               ]                                                                                                       +
             }                                                                                                         +
           ]                                                                                                           +
         },                                                                                                            +
         {                                                                                                             +
           "Node Type": "Aggregate",                                                                                   +
           "Strategy": "Sorted",                                                                                       +
           "Partial Mode": "Finalize",                                                                                 +
           "Parent Relationship": "InitPlan",                                                                          +
           "Subplan Name": "CTE ws",                                                                                   +
           "Parallel Aware": false,                                                                                    +
           "Startup Cost": 25609.91,                                                                                   +
           "Total Cost": 25630.22,                                                                                     +
           "Plan Rows": 60,                                                                                            +
           "Plan Width": 68,                                                                                           +
           "Actual Startup Time": 117.198,                                                                             +
           "Actual Total Time": 121.137,                                                                               +
           "Actual Rows": 30,                                                                                          +
           "Actual Loops": 1,                                                                                          +
           "Group Key": ["web_page.wp_web_page_sk"],                                                                   +
           "Plans": [                                                                                                  +
             {                                                                                                         +
               "Node Type": "Gather Merge",                                                                            +
               "Parent Relationship": "Outer",                                                                         +
               "Parallel Aware": false,                                                                                +
               "Startup Cost": 25609.91,                                                                               +
               "Total Cost": 25627.82,                                                                                 +
               "Plan Rows": 120,                                                                                       +
               "Plan Width": 68,                                                                                       +
               "Actual Startup Time": 117.013,                                                                         +
               "Actual Total Time": 120.962,                                                                           +
               "Actual Rows": 90,                                                                                      +
               "Actual Loops": 1,                                                                                      +
               "Workers Planned": 2,                                                                                   +
               "Workers Launched": 2,                                                                                  +
               "Plans": [                                                                                              +
                 {                                                                                                     +
                   "Node Type": "Aggregate",                                                                           +
                   "Strategy": "Sorted",                                                                               +
                   "Partial Mode": "Partial",                                                                          +
                   "Parent Relationship": "Outer",                                                                     +
                   "Parallel Aware": false,                                                                            +
                   "Startup Cost": 24609.89,                                                                           +
                   "Total Cost": 24613.95,                                                                             +
                   "Plan Rows": 60,                                                                                    +
                   "Plan Width": 68,                                                                                   +
                   "Actual Startup Time": 112.164,                                                                     +
                   "Actual Total Time": 116.235,                                                                       +
                   "Actual Rows": 30,                                                                                  +
                   "Actual Loops": 3,                                                                                  +
                   "Group Key": ["web_page.wp_web_page_sk"],                                                           +
                   "Plans": [                                                                                          +
                     {                                                                                                 +
                       "Node Type": "Merge Join",                                                                      +
                       "Parent Relationship": "Outer",                                                                 +
                       "Parallel Aware": false,                                                                        +
                       "Join Type": "Inner",                                                                           +
                       "Startup Cost": 24609.89,                                                                       +
                       "Total Cost": 24612.09,                                                                         +
                       "Plan Rows": 127,                                                                               +
                       "Plan Width": 16,                                                                               +
                       "Actual Startup Time": 111.975,                                                                 +
                       "Actual Total Time": 114.249,                                                                   +
                       "Actual Rows": 5282,                                                                            +
                       "Actual Loops": 3,                                                                              +
                       "Inner Unique": true,                                                                           +
                       "Merge Cond": "(web_sales.ws_web_page_sk = web_page.wp_web_page_sk)",                           +
                       "Plans": [                                                                                      +
                         {                                                                                             +
                           "Node Type": "Sort",                                                                        +
                           "Parent Relationship": "Outer",                                                             +
                           "Parallel Aware": false,                                                                    +
                           "Startup Cost": 24605.52,                                                                   +
                           "Total Cost": 24605.83,                                                                     +
                           "Plan Rows": 127,                                                                           +
                           "Plan Width": 16,                                                                           +
                           "Actual Startup Time": 111.859,                                                             +
                           "Actual Total Time": 112.497,                                                               +
                           "Actual Rows": 5283,                                                                        +
                           "Actual Loops": 3,                                                                          +
                           "Sort Key": ["web_sales.ws_web_page_sk"],                                                   +
                           "Sort Method": "quicksort",                                                                 +
                           "Sort Space Used": 587,                                                                     +
                           "Sort Space Type": "Memory",                                                                +
                           "Workers": [                                                                                +
                             {                                                                                         +
                               "Worker Number": 0,                                                                     +
                               "Sort Method": "quicksort",                                                             +
                               "Sort Space Used": 593,                                                                 +
                               "Sort Space Type": "Memory"                                                             +
                             },                                                                                        +
                             {                                                                                         +
                               "Worker Number": 1,                                                                     +
                               "Sort Method": "quicksort",                                                             +
                               "Sort Space Used": 591,                                                                 +
                               "Sort Space Type": "Memory"                                                             +
                             }                                                                                         +
                           ],                                                                                          +
                           "Plans": [                                                                                  +
                             {                                                                                         +
                               "Node Type": "Hash Join",                                                               +
                               "Parent Relationship": "Outer",                                                         +
                               "Parallel Aware": true,                                                                 +
                               "Join Type": "Inner",                                                                   +
                               "Startup Cost": 2049.78,                                                                +
                               "Total Cost": 24601.08,                                                                 +
                               "Plan Rows": 127,                                                                       +
                               "Plan Width": 16,                                                                       +
                               "Actual Startup Time": 5.632,                                                           +
                               "Actual Total Time": 109.153,                                                           +
                               "Actual Rows": 5283,                                                                    +
                               "Actual Loops": 3,                                                                      +
                               "Inner Unique": true,                                                                   +
                               "Hash Cond": "(web_sales.ws_sold_date_sk = date_dim_4.d_date_sk)",                      +
                               "Plans": [                                                                              +
                                 {                                                                                     +
                                   "Node Type": "Seq Scan",                                                            +
                                   "Parent Relationship": "Outer",                                                     +
                                   "Parallel Aware": true,                                                             +
                                   "Relation Name": "web_sales",                                                       +
                                   "Alias": "web_sales",                                                               +
                                   "Startup Cost": 0.00,                                                               +
                                   "Total Cost": 21764.43,                                                             +
                                   "Plan Rows": 299743,                                                                +
                                   "Plan Width": 20,                                                                   +
                                   "Actual Startup Time": 0.043,                                                       +
                                   "Actual Total Time": 60.622,                                                        +
                                   "Actual Rows": 239795,                                                              +
                                   "Actual Loops": 3                                                                   +
                                 },                                                                                    +
                                 {                                                                                     +
                                   "Node Type": "Hash",                                                                +
                                   "Parent Relationship": "Inner",                                                     +
                                   "Parallel Aware": true,                                                             +
                                   "Startup Cost": 2049.55,                                                            +
                                   "Total Cost": 2049.55,                                                              +
                                   "Plan Rows": 18,                                                                    +
                                   "Plan Width": 4,                                                                    +
                                   "Actual Startup Time": 5.226,                                                       +
                                   "Actual Total Time": 5.226,                                                         +
                                   "Actual Rows": 10,                                                                  +
                                   "Actual Loops": 3,                                                                  +
                                   "Hash Buckets": 1024,                                                               +
                                   "Original Hash Buckets": 1024,                                                      +
                                   "Hash Batches": 1,                                                                  +
                                   "Original Hash Batches": 1,                                                         +
                                   "Peak Memory Usage": 72,                                                            +
                                   "Plans": [                                                                          +
                                     {                                                                                 +
                                       "Node Type": "Seq Scan",                                                        +
                                       "Parent Relationship": "Outer",                                                 +
                                       "Parallel Aware": true,                                                         +
                                       "Relation Name": "date_dim",                                                    +
                                       "Alias": "date_dim_4",                                                          +
                                       "Startup Cost": 0.00,                                                           +
                                       "Total Cost": 2049.55,                                                          +
                                       "Plan Rows": 18,                                                                +
                                       "Plan Width": 4,                                                                +
                                       "Actual Startup Time": 3.152,                                                   +
                                       "Actual Total Time": 5.158,                                                     +
                                       "Actual Rows": 10,                                                              +
                                       "Actual Loops": 3,                                                              +
                                       "Filter": "((d_date >= '2000-08-06'::date) AND (d_date <= '2000-09-05'::date))",+
                                       "Rows Removed by Filter": 24339                                                 +
                                     }                                                                                 +
                                   ]                                                                                   +
                                 }                                                                                     +
                               ]                                                                                       +
                             }                                                                                         +
                           ]                                                                                           +
                         },                                                                                            +
                         {                                                                                             +
                           "Node Type": "Sort",                                                                        +
                           "Parent Relationship": "Inner",                                                             +
                           "Parallel Aware": false,                                                                    +
                           "Startup Cost": 4.37,                                                                       +
                           "Total Cost": 4.52,                                                                         +
                           "Plan Rows": 60,                                                                            +
                           "Plan Width": 4,                                                                            +
                           "Actual Startup Time": 0.105,                                                               +
                           "Actual Total Time": 0.110,                                                                 +
                           "Actual Rows": 59,                                                                          +
                           "Actual Loops": 3,                                                                          +
                           "Sort Key": ["web_page.wp_web_page_sk"],                                                    +
                           "Sort Method": "quicksort",                                                                 +
                           "Sort Space Used": 27,                                                                      +
                           "Sort Space Type": "Memory",                                                                +
                           "Workers": [                                                                                +
                             {                                                                                         +
                               "Worker Number": 0,                                                                     +
                               "Sort Method": "quicksort",                                                             +
                               "Sort Space Used": 27,                                                                  +
                               "Sort Space Type": "Memory"                                                             +
                             },                                                                                        +
                             {                                                                                         +
                               "Worker Number": 1,                                                                     +
                               "Sort Method": "quicksort",                                                             +
                               "Sort Space Used": 27,                                                                  +
                               "Sort Space Type": "Memory"                                                             +
                             }                                                                                         +
                           ],                                                                                          +
                           "Plans": [                                                                                  +
                             {                                                                                         +
                               "Node Type": "Seq Scan",                                                                +
                               "Parent Relationship": "Outer",                                                         +
                               "Parallel Aware": false,                                                                +
                               "Relation Name": "web_page",                                                            +
                               "Alias": "web_page",                                                                    +
                               "Startup Cost": 0.00,                                                                   +
                               "Total Cost": 2.60,                                                                     +
                               "Plan Rows": 60,                                                                        +
                               "Plan Width": 4,                                                                        +
                               "Actual Startup Time": 0.050,                                                           +
                               "Actual Total Time": 0.069,                                                             +
                               "Actual Rows": 60,                                                                      +
                               "Actual Loops": 3                                                                       +
                             }                                                                                         +
                           ]                                                                                           +
                         }                                                                                             +
                       ]                                                                                               +
                     }                                                                                                 +
                   ]                                                                                                   +
                 }                                                                                                     +
               ]                                                                                                       +
             }                                                                                                         +
           ]                                                                                                           +
         },                                                                                                            +
         {                                                                                                             +
           "Node Type": "Aggregate",                                                                                   +
           "Strategy": "Sorted",                                                                                       +
           "Partial Mode": "Simple",                                                                                   +
           "Parent Relationship": "InitPlan",                                                                          +
           "Subplan Name": "CTE wr",                                                                                   +
           "Parallel Aware": false,                                                                                    +
           "Startup Cost": 2501.26,                                                                                    +
           "Total Cost": 4774.98,                                                                                      +
           "Plan Rows": 28,                                                                                            +
           "Plan Width": 68,                                                                                           +
           "Actual Startup Time": 34.675,                                                                              +
           "Actual Total Time": 48.760,                                                                                +
           "Actual Rows": 40,                                                                                          +
           "Actual Loops": 1,                                                                                          +
           "Group Key": ["web_page_1.wp_web_page_sk"],                                                                 +
           "Plans": [                                                                                                  +
             {                                                                                                         +
               "Node Type": "Nested Loop",                                                                             +
               "Parent Relationship": "Outer",                                                                         +
               "Parallel Aware": false,                                                                                +
               "Join Type": "Inner",                                                                                   +
               "Startup Cost": 2501.26,                                                                                +
               "Total Cost": 4774.35,                                                                                  +
               "Plan Rows": 28,                                                                                        +
               "Plan Width": 16,                                                                                       +
               "Actual Startup Time": 13.253,                                                                          +
               "Actual Total Time": 48.261,                                                                            +
               "Actual Rows": 1056,                                                                                    +
               "Actual Loops": 1,                                                                                      +
               "Inner Unique": false,                                                                                  +
               "Join Filter": "(web_returns.wr_web_page_sk = web_page_1.wp_web_page_sk)",                              +
               "Rows Removed by Join Filter": 64284,                                                                   +
               "Plans": [                                                                                              +
                 {                                                                                                     +
                   "Node Type": "Index Only Scan",                                                                     +
                   "Parent Relationship": "Outer",                                                                     +
                   "Parallel Aware": false,                                                                            +
                   "Scan Direction": "Forward",                                                                        +
                   "Index Name": "web_page_pkey",                                                                      +
                   "Relation Name": "web_page",                                                                        +
                   "Alias": "web_page_1",                                                                              +
                   "Startup Cost": 0.14,                                                                               +
                   "Total Cost": 14.04,                                                                                +
                   "Plan Rows": 60,                                                                                    +
                   "Plan Width": 4,                                                                                    +
                   "Actual Startup Time": 0.056,                                                                       +
                   "Actual Total Time": 0.084,                                                                         +
                   "Actual Rows": 60,                                                                                  +
                   "Actual Loops": 1,                                                                                  +
                   "Heap Fetches": 60                                                                                  +
                 },                                                                                                    +
                 {                                                                                                     +
                   "Node Type": "Materialize",                                                                         +
                   "Parent Relationship": "Inner",                                                                     +
                   "Parallel Aware": false,                                                                            +
                   "Startup Cost": 2501.12,                                                                            +
                   "Total Cost": 4734.29,                                                                              +
                   "Plan Rows": 29,                                                                                    +
                   "Plan Width": 16,                                                                                   +
                   "Actual Startup Time": 0.204,                                                                       +
                   "Actual Total Time": 0.651,                                                                         +
                   "Actual Rows": 1089,                                                                                +
                   "Actual Loops": 60,                                                                                 +
                   "Plans": [                                                                                          +
                     {                                                                                                 +
                       "Node Type": "Hash Join",                                                                       +
                       "Parent Relationship": "Outer",                                                                 +
                       "Parallel Aware": false,                                                                        +
                       "Join Type": "Inner",                                                                           +
                       "Startup Cost": 2501.12,                                                                        +
                       "Total Cost": 4734.14,                                                                          +
                       "Plan Rows": 29,                                                                                +
                       "Plan Width": 16,                                                                               +
                       "Actual Startup Time": 12.236,                                                                  +
                       "Actual Total Time": 33.993,                                                                    +
                       "Actual Rows": 1089,                                                                            +
                       "Actual Loops": 1,                                                                              +
                       "Inner Unique": true,                                                                           +
                       "Hash Cond": "(web_returns.wr_returned_date_sk = date_dim_5.d_date_sk)",                        +
                       "Plans": [                                                                                      +
                         {                                                                                             +
                           "Node Type": "Seq Scan",                                                                    +
                           "Parent Relationship": "Outer",                                                             +
                           "Parallel Aware": false,                                                                    +
                           "Relation Name": "web_returns",                                                             +
                           "Alias": "web_returns",                                                                     +
                           "Startup Cost": 0.00,                                                                       +
                           "Total Cost": 2044.63,                                                                      +
                           "Plan Rows": 71763,                                                                         +
                           "Plan Width": 20,                                                                           +
                           "Actual Startup Time": 0.016,                                                               +
                           "Actual Total Time": 11.131,                                                                +
                           "Actual Rows": 71763,                                                                       +
                           "Actual Loops": 1                                                                           +
                         },                                                                                            +
                         {                                                                                             +
                           "Node Type": "Hash",                                                                        +
                           "Parent Relationship": "Inner",                                                             +
                           "Parallel Aware": false,                                                                    +
                           "Startup Cost": 2500.73,                                                                    +
                           "Total Cost": 2500.73,                                                                      +
                           "Plan Rows": 31,                                                                            +
                           "Plan Width": 4,                                                                            +
                           "Actual Startup Time": 12.101,                                                              +
                           "Actual Total Time": 12.101,                                                                +
                           "Actual Rows": 31,                                                                          +
                           "Actual Loops": 1,                                                                          +
                           "Hash Buckets": 1024,                                                                       +
                           "Original Hash Buckets": 1024,                                                              +
                           "Hash Batches": 1,                                                                          +
                           "Original Hash Batches": 1,                                                                 +
                           "Peak Memory Usage": 10,                                                                    +
                           "Plans": [                                                                                  +
                             {                                                                                         +
                               "Node Type": "Seq Scan",                                                                +
                               "Parent Relationship": "Outer",                                                         +
                               "Parallel Aware": false,                                                                +
                               "Relation Name": "date_dim",                                                            +
                               "Alias": "date_dim_5",                                                                  +
                               "Startup Cost": 0.00,                                                                   +
                               "Total Cost": 2500.73,                                                                  +
                               "Plan Rows": 31,                                                                        +
                               "Plan Width": 4,                                                                        +
                               "Actual Startup Time": 6.019,                                                           +
                               "Actual Total Time": 12.087,                                                            +
                               "Actual Rows": 31,                                                                      +
                               "Actual Loops": 1,                                                                      +
                               "Filter": "((d_date >= '2000-08-06'::date) AND (d_date <= '2000-09-05'::date))",        +
                               "Rows Removed by Filter": 73018                                                         +
                             }                                                                                         +
                           ]                                                                                           +
                         }                                                                                             +
                       ]                                                                                               +
                     }                                                                                                 +
                   ]                                                                                                   +
                 }                                                                                                     +
               ]                                                                                                       +
             }                                                                                                         +
           ]                                                                                                           +
         },                                                                                                            +
         {                                                                                                             +
           "Node Type": "Aggregate",                                                                                   +
           "Strategy": "Sorted",                                                                                       +
           "Partial Mode": "Simple",                                                                                   +
           "Parent Relationship": "Outer",                                                                             +
           "Parallel Aware": false,                                                                                    +
           "Startup Cost": 9.85,                                                                                       +
           "Total Cost": 15.27,                                                                                        +
           "Plan Rows": 217,                                                                                           +
           "Plan Width": 132,                                                                                          +
           "Actual Startup Time": 1119.019,                                                                            +
           "Actual Total Time": 1119.159,                                                                              +
           "Actual Rows": 44,                                                                                          +
           "Actual Loops": 1,                                                                                          +
           "Grouping Sets": [                                                                                          +
             {                                                                                                         +
               "Group Keys": [                                                                                         +
                 ["('store channel'::text)", "ss.s_store_sk"],                                                         +
                 ["('store channel'::text)"],                                                                          +
                 []                                                                                                    +
               ]                                                                                                       +
             }                                                                                                         +
           ],                                                                                                          +
           "Plans": [                                                                                                  +
             {                                                                                                         +
               "Node Type": "Sort",                                                                                    +
               "Parent Relationship": "Outer",                                                                         +
               "Parallel Aware": false,                                                                                +
               "Startup Cost": 9.85,                                                                                   +
               "Total Cost": 10.12,                                                                                    +
               "Plan Rows": 108,                                                                                       +
               "Plan Width": 132,                                                                                      +
               "Actual Startup Time": 1119.003,                                                                        +
               "Actual Total Time": 1119.008,                                                                          +
               "Actual Rows": 56,                                                                                      +
               "Actual Loops": 1,                                                                                      +
               "Sort Key": ["('store channel'::text)", "ss.s_store_sk"],                                               +
               "Sort Method": "quicksort",                                                                             +
               "Sort Space Used": 29,                                                                                  +
               "Sort Space Type": "Memory",                                                                            +
               "Plans": [                                                                                              +
                 {                                                                                                     +
                   "Node Type": "Append",                                                                              +
                   "Parent Relationship": "Outer",                                                                     +
                   "Parallel Aware": false,                                                                            +
                   "Startup Cost": 0.39,                                                                               +
                   "Total Cost": 6.20,                                                                                 +
                   "Plan Rows": 108,                                                                                   +
                   "Plan Width": 132,                                                                                  +
                   "Actual Startup Time": 459.494,                                                                     +
                   "Actual Total Time": 1118.914,                                                                      +
                   "Actual Rows": 56,                                                                                  +
                   "Actual Loops": 1,                                                                                  +
                   "Plans": [                                                                                          +
                     {                                                                                                 +
                       "Node Type": "Hash Join",                                                                       +
                       "Parent Relationship": "Member",                                                                +
                       "Parallel Aware": false,                                                                        +
                       "Join Type": "Left",                                                                            +
                       "Startup Cost": 0.39,                                                                           +
                       "Total Cost": 0.83,                                                                             +
                       "Plan Rows": 12,                                                                                +
                       "Plan Width": 132,                                                                              +
                       "Actual Startup Time": 459.493,                                                                 +
                       "Actual Total Time": 688.202,                                                                   +
                       "Actual Rows": 6,                                                                               +
                       "Actual Loops": 1,                                                                              +
                       "Inner Unique": false,                                                                          +
                       "Hash Cond": "(ss.s_store_sk = sr.s_store_sk)",                                                 +
                       "Plans": [                                                                                      +
                         {                                                                                             +
                           "Node Type": "CTE Scan",                                                                    +
                           "Parent Relationship": "Outer",                                                             +
                           "Parallel Aware": false,                                                                    +
                           "CTE Name": "ss",                                                                           +
                           "Alias": "ss",                                                                              +
                           "Startup Cost": 0.00,                                                                       +
                           "Total Cost": 0.24,                                                                         +
                           "Plan Rows": 12,                                                                            +
                           "Plan Width": 68,                                                                           +
                           "Actual Startup Time": 403.445,                                                             +
                           "Actual Total Time": 632.134,                                                               +
                           "Actual Rows": 6,                                                                           +
                           "Actual Loops": 1                                                                           +
                         },                                                                                            +
                         {                                                                                             +
                           "Node Type": "Hash",                                                                        +
                           "Parent Relationship": "Inner",                                                             +
                           "Parallel Aware": false,                                                                    +
                           "Startup Cost": 0.24,                                                                       +
                           "Total Cost": 0.24,                                                                         +
                           "Plan Rows": 12,                                                                            +
                           "Plan Width": 68,                                                                           +
                           "Actual Startup Time": 56.026,                                                              +
                           "Actual Total Time": 56.026,                                                                +
                           "Actual Rows": 6,                                                                           +
                           "Actual Loops": 1,                                                                          +
                           "Hash Buckets": 1024,                                                                       +
                           "Original Hash Buckets": 1024,                                                              +
                           "Hash Batches": 1,                                                                          +
                           "Original Hash Batches": 1,                                                                 +
                           "Peak Memory Usage": 9,                                                                     +
                           "Plans": [                                                                                  +
                             {                                                                                         +
                               "Node Type": "CTE Scan",                                                                +
                               "Parent Relationship": "Outer",                                                         +
                               "Parallel Aware": false,                                                                +
                               "CTE Name": "sr",                                                                       +
                               "Alias": "sr",                                                                          +
                               "Startup Cost": 0.00,                                                                   +
                               "Total Cost": 0.24,                                                                     +
                               "Plan Rows": 12,                                                                        +
                               "Plan Width": 68,                                                                       +
                               "Actual Startup Time": 46.849,                                                          +
                               "Actual Total Time": 56.018,                                                            +
                               "Actual Rows": 6,                                                                       +
                               "Actual Loops": 1                                                                       +
                             }                                                                                         +
                           ]                                                                                           +
                         }                                                                                             +
                       ]                                                                                               +
                     },                                                                                                +
                     {                                                                                                 +
                       "Node Type": "Nested Loop",                                                                     +
                       "Parent Relationship": "Member",                                                                +
                       "Parallel Aware": false,                                                                        +
                       "Join Type": "Inner",                                                                           +
                       "Startup Cost": 0.00,                                                                           +
                       "Total Cost": 0.99,                                                                             +
                       "Plan Rows": 36,                                                                                +
                       "Plan Width": 132,                                                                              +
                       "Actual Startup Time": 258.813,                                                                 +
                       "Actual Total Time": 260.685,                                                                   +
                       "Actual Rows": 20,                                                                              +
                       "Actual Loops": 1,                                                                              +
                       "Inner Unique": false,                                                                          +
                       "Plans": [                                                                                      +
                         {                                                                                             +
                           "Node Type": "CTE Scan",                                                                    +
                           "Parent Relationship": "Outer",                                                             +
                           "Parallel Aware": false,                                                                    +
                           "CTE Name": "cs",                                                                           +
                           "Alias": "cs",                                                                              +
                           "Startup Cost": 0.00,                                                                       +
                           "Total Cost": 0.12,                                                                         +
                           "Plan Rows": 6,                                                                             +
                           "Plan Width": 68,                                                                           +
                           "Actual Startup Time": 220.882,                                                             +
                           "Actual Total Time": 222.502,                                                               +
                           "Actual Rows": 4,                                                                           +
                           "Actual Loops": 1                                                                           +
                         },                                                                                            +
                         {                                                                                             +
                           "Node Type": "CTE Scan",                                                                    +
                           "Parent Relationship": "Inner",                                                             +
                           "Parallel Aware": false,                                                                    +
                           "CTE Name": "cr",                                                                           +
                           "Alias": "cr",                                                                              +
                           "Startup Cost": 0.00,                                                                       +
                           "Total Cost": 0.12,                                                                         +
                           "Plan Rows": 6,                                                                             +
                           "Plan Width": 64,                                                                           +
                           "Actual Startup Time": 9.482,                                                               +
                           "Actual Total Time": 9.540,                                                                 +
                           "Actual Rows": 5,                                                                           +
                           "Actual Loops": 4                                                                           +
                         }                                                                                             +
                       ]                                                                                               +
                     },                                                                                                +
                     {                                                                                                 +
                       "Node Type": "Hash Join",                                                                       +
                       "Parent Relationship": "Member",                                                                +
                       "Parallel Aware": false,                                                                        +
                       "Join Type": "Left",                                                                            +
                       "Startup Cost": 0.91,                                                                           +
                       "Total Cost": 2.77,                                                                             +
                       "Plan Rows": 60,                                                                                +
                       "Plan Width": 132,                                                                              +
                       "Actual Startup Time": 166.027,                                                                 +
                       "Actual Total Time": 170.012,                                                                   +
                       "Actual Rows": 30,                                                                              +
                       "Actual Loops": 1,                                                                              +
                       "Inner Unique": false,                                                                          +
                       "Hash Cond": "(ws.wp_web_page_sk = wr.wp_web_page_sk)",                                         +
                       "Plans": [                                                                                      +
                         {                                                                                             +
                           "Node Type": "CTE Scan",                                                                    +
                           "Parent Relationship": "Outer",                                                             +
                           "Parallel Aware": false,                                                                    +
                           "CTE Name": "ws",                                                                           +
                           "Alias": "ws",                                                                              +
                           "Startup Cost": 0.00,                                                                       +
                           "Total Cost": 1.20,                                                                         +
                           "Plan Rows": 60,                                                                            +
                           "Plan Width": 68,                                                                           +
                           "Actual Startup Time": 117.201,                                                             +
                           "Actual Total Time": 121.156,                                                               +
                           "Actual Rows": 30,                                                                          +
                           "Actual Loops": 1                                                                           +
                         },                                                                                            +
                         {                                                                                             +
                           "Node Type": "Hash",                                                                        +
                           "Parent Relationship": "Inner",                                                             +
                           "Parallel Aware": false,                                                                    +
                           "Startup Cost": 0.56,                                                                       +
                           "Total Cost": 0.56,                                                                         +
                           "Plan Rows": 28,                                                                            +
                           "Plan Width": 68,                                                                           +
                           "Actual Startup Time": 48.813,                                                              +
                           "Actual Total Time": 48.813,                                                                +
                           "Actual Rows": 40,                                                                          +
                           "Actual Loops": 1,                                                                          +
                           "Hash Buckets": 1024,                                                                       +
                           "Original Hash Buckets": 1024,                                                              +
                           "Hash Batches": 1,                                                                          +
                           "Original Hash Batches": 1,                                                                 +
                           "Peak Memory Usage": 11,                                                                    +
                           "Plans": [                                                                                  +
                             {                                                                                         +
                               "Node Type": "CTE Scan",                                                                +
                               "Parent Relationship": "Outer",                                                         +
                               "Parallel Aware": false,                                                                +
                               "CTE Name": "wr",                                                                       +
                               "Alias": "wr",                                                                          +
                               "Startup Cost": 0.00,                                                                   +
                               "Total Cost": 0.56,                                                                     +
                               "Plan Rows": 28,                                                                        +
                               "Plan Width": 68,                                                                       +
                               "Actual Startup Time": 34.678,                                                          +
                               "Actual Total Time": 48.794,                                                            +
                               "Actual Rows": 40,                                                                      +
                               "Actual Loops": 1                                                                       +
                             }                                                                                         +
                           ]                                                                                           +
                         }                                                                                             +
                       ]                                                                                               +
                     }                                                                                                 +
                   ]                                                                                                   +
                 }                                                                                                     +
               ]                                                                                                       +
             }                                                                                                         +
           ]                                                                                                           +
         }                                                                                                             +
       ]                                                                                                               +
     },                                                                                                                +
     "Planning Time": 8.358,                                                                                           +
     "Triggers": [                                                                                                     +
     ],                                                                                                                +
     "Execution Time": 1127.030                                                                                        +
   }                                                                                                                   +
 ]
(1 row)

