[
  {
    "Plan": {
      "Node Type": "Limit",
      "Parallel Aware": false,
      "Startup Cost": 261653.56,
      "Total Cost": 261656.61,
      "Plan Rows": 100,
      "Plan Width": 160,
      "Actual Startup Time": 8638.368,
      "Actual Total Time": 8638.685,
      "Actual Rows": 100,
      "Actual Loops": 1,
      "Plans": [
        {
          "Node Type": "Aggregate",
          "Strategy": "Sorted",
          "Partial Mode": "Simple",
          "Parent Relationship": "InitPlan",
          "Subplan Name": "CTE ssr",
          "Parallel Aware": false,
          "Startup Cost": 114827.79,
          "Total Cost": 114828.50,
          "Plan Rows": 6,
          "Plan Width": 145,
          "Actual Startup Time": 5113.505,
          "Actual Total Time": 5134.093,
          "Actual Rows": 6,
          "Actual Loops": 1,
          "Group Key": ["store.s_store_id"],
          "Plans": [
            {
              "Node Type": "Sort",
              "Parent Relationship": "Outer",
              "Parallel Aware": false,
              "Startup Cost": 114827.79,
              "Total Cost": 114827.89,
              "Plan Rows": 39,
              "Plan Width": 57,
              "Actual Startup Time": 5109.485,
              "Actual Total Time": 5112.440,
              "Actual Rows": 31221,
              "Actual Loops": 1,
              "Sort Key": ["store.s_store_id"],
              "Sort Method": "quicksort",
              "Sort Space Used": 3208,
              "Sort Space Type": "Memory",
              "Plans": [
                {
                  "Node Type": "Hash Join",
                  "Parent Relationship": "Outer",
                  "Parallel Aware": false,
                  "Join Type": "Inner",
                  "Startup Cost": 2502.19,
                  "Total Cost": 114826.76,
                  "Plan Rows": 39,
                  "Plan Width": 57,
                  "Actual Startup Time": 28.320,
                  "Actual Total Time": 5071.792,
                  "Actual Rows": 31221,
                  "Actual Loops": 1,
                  "Inner Unique": true,
                  "Hash Cond": "(store_sales.ss_store_sk = store.s_store_sk)",
                  "Plans": [
                    {
                      "Node Type": "Hash Join",
                      "Parent Relationship": "Outer",
                      "Parallel Aware": false,
                      "Join Type": "Inner",
                      "Startup Cost": 2500.92,
                      "Total Cost": 114823.75,
                      "Plan Rows": 651,
                      "Plan Width": 44,
                      "Actual Startup Time": 28.262,
                      "Actual Total Time": 5055.553,
                      "Actual Rows": 31946,
                      "Actual Loops": 1,
                      "Inner Unique": true,
                      "Hash Cond": "(store_sales.ss_sold_date_sk = date_dim.d_date_sk)",
                      "Plans": [
                        {
                          "Node Type": "Append",
                          "Parent Relationship": "Outer",
                          "Parallel Aware": false,
                          "Startup Cost": 0.00,
                          "Total Cost": 104006.45,
                          "Plan Rows": 3167963,
                          "Plan Width": 48,
                          "Actual Startup Time": 0.640,
                          "Actual Total Time": 4518.167,
                          "Actual Rows": 3167918,
                          "Actual Loops": 1,
                          "Plans": [
                            {
                              "Node Type": "Seq Scan",
                              "Parent Relationship": "Member",
                              "Parallel Aware": false,
                              "Relation Name": "store_sales",
                              "Alias": "store_sales",
                              "Startup Cost": 0.00,
                              "Total Cost": 80500.49,
                              "Plan Rows": 2880449,
                              "Plan Width": 48,
                              "Actual Startup Time": 0.640,
                              "Actual Total Time": 3914.744,
                              "Actual Rows": 2880404,
                              "Actual Loops": 1
                            },
                            {
                              "Node Type": "Seq Scan",
                              "Parent Relationship": "Member",
                              "Parallel Aware": false,
                              "Relation Name": "store_returns",
                              "Alias": "store_returns",
                              "Startup Cost": 0.00,
                              "Total Cost": 7666.14,
                              "Plan Rows": 287514,
                              "Plan Width": 48,
                              "Actual Startup Time": 0.331,
                              "Actual Total Time": 161.660,
                              "Actual Rows": 287514,
                              "Actual Loops": 1
                            }
                          ]
                        },
                        {
                          "Node Type": "Hash",
                          "Parent Relationship": "Inner",
                          "Parallel Aware": false,
                          "Startup Cost": 2500.73,
                          "Total Cost": 2500.73,
                          "Plan Rows": 15,
                          "Plan Width": 4,
                          "Actual Startup Time": 26.566,
                          "Actual Total Time": 26.566,
                          "Actual Rows": 15,
                          "Actual Loops": 1,
                          "Hash Buckets": 1024,
                          "Original Hash Buckets": 1024,
                          "Hash Batches": 1,
                          "Original Hash Batches": 1,
                          "Peak Memory Usage": 9,
                          "Plans": [
                            {
                              "Node Type": "Seq Scan",
                              "Parent Relationship": "Outer",
                              "Parallel Aware": false,
                              "Relation Name": "date_dim",
                              "Alias": "date_dim",
                              "Startup Cost": 0.00,
                              "Total Cost": 2500.73,
                              "Plan Rows": 15,
                              "Plan Width": 4,
                              "Actual Startup Time": 15.302,
                              "Actual Total Time": 26.555,
                              "Actual Rows": 15,
                              "Actual Loops": 1,
                              "Filter": "((d_date >= '2001-08-15'::date) AND (d_date <= '2001-08-29'::date))",
                              "Rows Removed by Filter": 73034
                            }
                          ]
                        }
                      ]
                    },
                    {
                      "Node Type": "Hash",
                      "Parent Relationship": "Inner",
                      "Parallel Aware": false,
                      "Startup Cost": 1.12,
                      "Total Cost": 1.12,
                      "Plan Rows": 12,
                      "Plan Width": 21,
                      "Actual Startup Time": 0.043,
                      "Actual Total Time": 0.043,
                      "Actual Rows": 12,
                      "Actual Loops": 1,
                      "Hash Buckets": 1024,
                      "Original Hash Buckets": 1024,
                      "Hash Batches": 1,
                      "Original Hash Batches": 1,
                      "Peak Memory Usage": 9,
                      "Plans": [
                        {
                          "Node Type": "Seq Scan",
                          "Parent Relationship": "Outer",
                          "Parallel Aware": false,
                          "Relation Name": "store",
                          "Alias": "store",
                          "Startup Cost": 0.00,
                          "Total Cost": 1.12,
                          "Plan Rows": 12,
                          "Plan Width": 21,
                          "Actual Startup Time": 0.032,
                          "Actual Total Time": 0.035,
                          "Actual Rows": 12,
                          "Actual Loops": 1
                        }
                      ]
                    }
                  ]
                }
              ]
            }
          ]
        },
        {
          "Node Type": "Aggregate",
          "Strategy": "Sorted",
          "Partial Mode": "Simple",
          "Parent Relationship": "InitPlan",
          "Subplan Name": "CTE csr",
          "Parallel Aware": false,
          "Startup Cost": 70844.73,
          "Total Cost": 70856.14,
          "Plan Rows": 326,
          "Plan Width": 145,
          "Actual Startup Time": 1916.627,
          "Actual Total Time": 1931.371,
          "Actual Rows": 595,
          "Actual Loops": 1,
          "Group Key": ["catalog_page.cp_catalog_page_id"],
          "Plans": [
            {
              "Node Type": "Sort",
              "Parent Relationship": "Outer",
              "Parallel Aware": false,
              "Startup Cost": 70844.73,
              "Total Cost": 70845.54,
              "Plan Rows": 326,
              "Plan Width": 57,
              "Actual Startup Time": 1916.606,
              "Actual Total Time": 1918.543,
              "Actual Rows": 16294,
              "Actual Loops": 1,
              "Sort Key": ["catalog_page.cp_catalog_page_id"],
              "Sort Method": "quicksort",
              "Sort Space Used": 1657,
              "Sort Space Type": "Memory",
              "Plans": [
                {
                  "Node Type": "Nested Loop",
                  "Parent Relationship": "Outer",
                  "Parallel Aware": false,
                  "Join Type": "Inner",
                  "Startup Cost": 2501.21,
                  "Total Cost": 70831.12,
                  "Plan Rows": 326,
                  "Plan Width": 57,
                  "Actual Startup Time": 1112.012,
                  "Actual Total Time": 1814.217,
                  "Actual Rows": 16294,
                  "Actual Loops": 1,
                  "Inner Unique": true,
                  "Plans": [
                    {
                      "Node Type": "Hash Join",
                      "Parent Relationship": "Outer",
                      "Parallel Aware": false,
                      "Join Type": "Inner",
                      "Startup Cost": 2500.92,
                      "Total Cost": 70732.28,
                      "Plan Rows": 326,
                      "Plan Width": 44,
                      "Actual Startup Time": 1105.756,
                      "Actual Total Time": 1747.021,
                      "Actual Rows": 16346,
                      "Actual Loops": 1,
                      "Inner Unique": true,
                      "Hash Cond": "(catalog_sales.cs_sold_date_sk = date_dim_1.d_date_sk)",
                      "Plans": [
                        {
                          "Node Type": "Append",
                          "Parent Relationship": "Outer",
                          "Parallel Aware": false,
                          "Startup Cost": 0.00,
                          "Total Cost": 64068.47,
                          "Plan Rows": 1585765,
                          "Plan Width": 48,
                          "Actual Startup Time": 0.848,
                          "Actual Total Time": 1498.548,
                          "Actual Rows": 1585615,
                          "Actual Loops": 1,
                          "Plans": [
                            {
                              "Node Type": "Seq Scan",
                              "Parent Relationship": "Member",
                              "Parallel Aware": false,
                              "Relation Name": "catalog_sales",
                              "Alias": "catalog_sales",
                              "Startup Cost": 0.00,
                              "Total Cost": 51821.98,
                              "Plan Rows": 1441698,
                              "Plan Width": 48,
                              "Actual Startup Time": 0.846,
                              "Actual Total Time": 1165.749,
                              "Actual Rows": 1441548,
                              "Actual Loops": 1
                            },
                            {
                              "Node Type": "Seq Scan",
                              "Parent Relationship": "Member",
                              "Parallel Aware": false,
                              "Relation Name": "catalog_returns",
                              "Alias": "catalog_returns",
                              "Startup Cost": 0.00,
                              "Total Cost": 4317.67,
                              "Plan Rows": 144067,
                              "Plan Width": 48,
                              "Actual Startup Time": 5.773,
                              "Actual Total Time": 133.094,
                              "Actual Rows": 144067,
                              "Actual Loops": 1
                            }
                          ]
                        },
                        {
                          "Node Type": "Hash",
                          "Parent Relationship": "Inner",
                          "Parallel Aware": false,
                          "Startup Cost": 2500.73,
                          "Total Cost": 2500.73,
                          "Plan Rows": 15,
                          "Plan Width": 4,
                          "Actual Startup Time": 12.582,
                          "Actual Total Time": 12.582,
                          "Actual Rows": 15,
                          "Actual Loops": 1,
                          "Hash Buckets": 1024,
                          "Original Hash Buckets": 1024,
                          "Hash Batches": 1,
                          "Original Hash Batches": 1,
                          "Peak Memory Usage": 9,
                          "Plans": [
                            {
                              "Node Type": "Seq Scan",
                              "Parent Relationship": "Outer",
                              "Parallel Aware": false,
                              "Relation Name": "date_dim",
                              "Alias": "date_dim_1",
                              "Startup Cost": 0.00,
                              "Total Cost": 2500.73,
                              "Plan Rows": 15,
                              "Plan Width": 4,
                              "Actual Startup Time": 6.127,
                              "Actual Total Time": 12.569,
                              "Actual Rows": 15,
                              "Actual Loops": 1,
                              "Filter": "((d_date >= '2001-08-15'::date) AND (d_date <= '2001-08-29'::date))",
                              "Rows Removed by Filter": 73034
                            }
                          ]
                        }
                      ]
                    },
                    {
                      "Node Type": "Index Scan",
                      "Parent Relationship": "Inner",
                      "Parallel Aware": false,
                      "Scan Direction": "Forward",
                      "Index Name": "catalog_page_pkey",
                      "Relation Name": "catalog_page",
                      "Alias": "catalog_page",
                      "Startup Cost": 0.29,
                      "Total Cost": 0.30,
                      "Plan Rows": 1,
                      "Plan Width": 21,
                      "Actual Startup Time": 0.003,
                      "Actual Total Time": 0.003,
                      "Actual Rows": 1,
                      "Actual Loops": 16346,
                      "Index Cond": "(cp_catalog_page_sk = catalog_sales.cs_catalog_page_sk)",
                      "Rows Removed by Index Recheck": 0
                    }
                  ]
                }
              ]
            }
          ]
        },
        {
          "Node Type": "Aggregate",
          "Strategy": "Sorted",
          "Partial Mode": "Simple",
          "Parent Relationship": "InitPlan",
          "Subplan Name": "CTE wsr",
          "Parallel Aware": false,
          "Startup Cost": 75942.35,
          "Total Cost": 75943.01,
          "Plan Rows": 15,
          "Plan Width": 145,
          "Actual Startup Time": 1556.866,
          "Actual Total Time": 1562.553,
          "Actual Rows": 15,
          "Actual Loops": 1,
          "Group Key": ["web_site.web_site_id"],
          "Plans": [
            {
              "Node Type": "Sort",
              "Parent Relationship": "Outer",
              "Parallel Aware": false,
              "Startup Cost": 75942.35,
              "Total Cost": 75942.41,
              "Plan Rows": 24,
              "Plan Width": 57,
              "Actual Startup Time": 1556.434,
              "Actual Total Time": 1557.088,
              "Actual Rows": 8329,
              "Actual Loops": 1,
              "Sort Key": ["web_site.web_site_id"],
              "Sort Method": "quicksort",
              "Sort Space Used": 1035,
              "Sort Space Type": "Memory",
              "Plans": [
                {
                  "Node Type": "Hash Join",
                  "Parent Relationship": "Outer",
                  "Parallel Aware": false,
                  "Join Type": "Inner",
                  "Startup Cost": 2503.60,
                  "Total Cost": 75941.80,
                  "Plan Rows": 24,
                  "Plan Width": 57,
                  "Actual Startup Time": 19.663,
                  "Actual Total Time": 1537.683,
                  "Actual Rows": 8329,
                  "Actual Loops": 1,
                  "Inner Unique": true,
                  "Hash Cond": "(web_sales.ws_web_site_sk = web_site.web_site_sk)",
                  "Plans": [
                    {
                      "Node Type": "Hash Join",
                      "Parent Relationship": "Outer",
                      "Parallel Aware": false,
                      "Join Type": "Inner",
                      "Startup Cost": 2500.92,
                      "Total Cost": 75938.69,
                      "Plan Rows": 162,
                      "Plan Width": 44,
                      "Actual Startup Time": 19.538,
                      "Actual Total Time": 1533.903,
                      "Actual Rows": 8331,
                      "Actual Loops": 1,
                      "Inner Unique": true,
                      "Hash Cond": "(web_sales.ws_sold_date_sk = date_dim_2.d_date_sk)",
                      "Plans": [
                        {
                          "Node Type": "Append",
                          "Parent Relationship": "Outer",
                          "Parallel Aware": false,
                          "Startup Cost": 0.00,
                          "Total Cost": 71360.89,
                          "Plan Rows": 791147,
                          "Plan Width": 48,
                          "Actual Startup Time": 5.677,
                          "Actual Total Time": 1408.670,
                          "Actual Rows": 791147,
                          "Actual Loops": 1,
                          "Plans": [
                            {
                              "Node Type": "Seq Scan",
                              "Parent Relationship": "Member",
                              "Parallel Aware": false,
                              "Relation Name": "web_sales",
                              "Alias": "web_sales",
                              "Startup Cost": 0.00,
                              "Total Cost": 25960.84,
                              "Plan Rows": 719384,
                              "Plan Width": 48,
                              "Actual Startup Time": 5.675,
                              "Actual Total Time": 499.130,
                              "Actual Rows": 719384,
                              "Actual Loops": 1
                            },
                            {
                              "Node Type": "Subquery Scan",
                              "Parent Relationship": "Member",
                              "Parallel Aware": false,
                              "Alias": "*SELECT* 2",
                              "Startup Cost": 3542.07,
                              "Total Cost": 41444.31,
                              "Plan Rows": 71763,
                              "Plan Width": 48,
                              "Actual Startup Time": 98.069,
                              "Actual Total Time": 811.648,
                              "Actual Rows": 71763,
                              "Actual Loops": 1,
                              "Plans": [
                                {
                                  "Node Type": "Hash Join",
                                  "Parent Relationship": "Subquery",
                                  "Parallel Aware": false,
                                  "Join Type": "Right",
                                  "Startup Cost": 3542.07,
                                  "Total Cost": 40726.68,
                                  "Plan Rows": 71763,
                                  "Plan Width": 48,
                                  "Actual Startup Time": 98.067,
                                  "Actual Total Time": 796.504,
                                  "Actual Rows": 71763,
                                  "Actual Loops": 1,
                                  "Inner Unique": true,
                                  "Hash Cond": "((web_sales_1.ws_item_sk = web_returns.wr_item_sk) AND (web_sales_1.ws_order_number = web_returns.wr_order_number))",
                                  "Plans": [
                                    {
                                      "Node Type": "Seq Scan",
                                      "Parent Relationship": "Outer",
                                      "Parallel Aware": false,
                                      "Relation Name": "web_sales",
                                      "Alias": "web_sales_1",
                                      "Startup Cost": 0.00,
                                      "Total Cost": 25960.84,
                                      "Plan Rows": 719384,
                                      "Plan Width": 12,
                                      "Actual Startup Time": 0.026,
                                      "Actual Total Time": 337.492,
                                      "Actual Rows": 719384,
                                      "Actual Loops": 1
                                    },
                                    {
                                      "Node Type": "Hash",
                                      "Parent Relationship": "Inner",
                                      "Parallel Aware": false,
                                      "Startup Cost": 2044.63,
                                      "Total Cost": 2044.63,
                                      "Plan Rows": 71763,
                                      "Plan Width": 24,
                                      "Actual Startup Time": 97.632,
                                      "Actual Total Time": 97.632,
                                      "Actual Rows": 71763,
                                      "Actual Loops": 1,
                                      "Hash Buckets": 65536,
                                      "Original Hash Buckets": 65536,
                                      "Hash Batches": 2,
                                      "Original Hash Batches": 2,
                                      "Peak Memory Usage": 2569,
                                      "Plans": [
                                        {
                                          "Node Type": "Seq Scan",
                                          "Parent Relationship": "Outer",
                                          "Parallel Aware": false,
                                          "Relation Name": "web_returns",
                                          "Alias": "web_returns",
                                          "Startup Cost": 0.00,
                                          "Total Cost": 2044.63,
                                          "Plan Rows": 71763,
                                          "Plan Width": 24,
                                          "Actual Startup Time": 0.345,
                                          "Actual Total Time": 57.918,
                                          "Actual Rows": 71763,
                                          "Actual Loops": 1
                                        }
                                      ]
                                    }
                                  ]
                                }
                              ]
                            }
                          ]
                        },
                        {
                          "Node Type": "Hash",
                          "Parent Relationship": "Inner",
                          "Parallel Aware": false,
                          "Startup Cost": 2500.73,
                          "Total Cost": 2500.73,
                          "Plan Rows": 15,
                          "Plan Width": 4,
                          "Actual Startup Time": 12.668,
                          "Actual Total Time": 12.668,
                          "Actual Rows": 15,
                          "Actual Loops": 1,
                          "Hash Buckets": 1024,
                          "Original Hash Buckets": 1024,
                          "Hash Batches": 1,
                          "Original Hash Batches": 1,
                          "Peak Memory Usage": 9,
                          "Plans": [
                            {
                              "Node Type": "Seq Scan",
                              "Parent Relationship": "Outer",
                              "Parallel Aware": false,
                              "Relation Name": "date_dim",
                              "Alias": "date_dim_2",
                              "Startup Cost": 0.00,
                              "Total Cost": 2500.73,
                              "Plan Rows": 15,
                              "Plan Width": 4,
                              "Actual Startup Time": 6.020,
                              "Actual Total Time": 12.650,
                              "Actual Rows": 15,
                              "Actual Loops": 1,
                              "Filter": "((d_date >= '2001-08-15'::date) AND (d_date <= '2001-08-29'::date))",
                              "Rows Removed by Filter": 73034
                            }
                          ]
                        }
                      ]
                    },
                    {
                      "Node Type": "Hash",
                      "Parent Relationship": "Inner",
                      "Parallel Aware": false,
                      "Startup Cost": 2.30,
                      "Total Cost": 2.30,
                      "Plan Rows": 30,
                      "Plan Width": 21,
                      "Actual Startup Time": 0.095,
                      "Actual Total Time": 0.095,
                      "Actual Rows": 30,
                      "Actual Loops": 1,
                      "Hash Buckets": 1024,
                      "Original Hash Buckets": 1024,
                      "Hash Batches": 1,
                      "Original Hash Batches": 1,
                      "Peak Memory Usage": 10,
                      "Plans": [
                        {
                          "Node Type": "Seq Scan",
                          "Parent Relationship": "Outer",
                          "Parallel Aware": false,
                          "Relation Name": "web_site",
                          "Alias": "web_site",
                          "Startup Cost": 0.00,
                          "Total Cost": 2.30,
                          "Plan Rows": 30,
                          "Plan Width": 21,
                          "Actual Startup Time": 0.030,
                          "Actual Total Time": 0.081,
                          "Actual Rows": 30,
                          "Actual Loops": 1
                        }
                      ]
                    }
                  ]
                }
              ]
            }
          ]
        },
        {
          "Node Type": "Aggregate",
          "Strategy": "Sorted",
          "Partial Mode": "Simple",
          "Parent Relationship": "Outer",
          "Parallel Aware": false,
          "Startup Cost": 25.92,
          "Total Cost": 38.14,
          "Plan Rows": 401,
          "Plan Width": 160,
          "Actual Startup Time": 8638.366,
          "Actual Total Time": 8638.669,
          "Actual Rows": 100,
          "Actual Loops": 1,
          "Grouping Sets": [
            {
              "Group Keys": [
                ["('store channel'::text)", "(('store'::text || (ssr.s_store_id)::text))"],
                ["('store channel'::text)"],
                []
              ]
            }
          ],
          "Plans": [
            {
              "Node Type": "Sort",
              "Parent Relationship": "Outer",
              "Parallel Aware": false,
              "Startup Cost": 25.92,
              "Total Cost": 26.79,
              "Plan Rows": 347,
              "Plan Width": 160,
              "Actual Startup Time": 8638.355,
              "Actual Total Time": 8638.365,
              "Actual Rows": 101,
              "Actual Loops": 1,
              "Sort Key": ["('store channel'::text)", "(('store'::text || (ssr.s_store_id)::text))"],
              "Sort Method": "quicksort",
              "Sort Space Used": 111,
              "Sort Space Type": "Memory",
              "Plans": [
                {
                  "Node Type": "Append",
                  "Parent Relationship": "Outer",
                  "Parallel Aware": false,
                  "Startup Cost": 0.00,
                  "Total Cost": 11.28,
                  "Plan Rows": 347,
                  "Plan Width": 160,
                  "Actual Startup Time": 5115.982,
                  "Actual Total Time": 8631.780,
                  "Actual Rows": 616,
                  "Actual Loops": 1,
                  "Plans": [
                    {
                      "Node Type": "CTE Scan",
                      "Parent Relationship": "Member",
                      "Parallel Aware": false,
                      "CTE Name": "ssr",
                      "Alias": "ssr",
                      "Startup Cost": 0.00,
                      "Total Cost": 0.16,
                      "Plan Rows": 6,
                      "Plan Width": 160,
                      "Actual Startup Time": 5115.981,
                      "Actual Total Time": 5136.590,
                      "Actual Rows": 6,
                      "Actual Loops": 1
                    },
                    {
                      "Node Type": "CTE Scan",
                      "Parent Relationship": "Member",
                      "Parallel Aware": false,
                      "CTE Name": "csr",
                      "Alias": "csr",
                      "Startup Cost": 0.00,
                      "Total Cost": 8.96,
                      "Plan Rows": 326,
                      "Plan Width": 160,
                      "Actual Startup Time": 1916.635,
                      "Actual Total Time": 1932.503,
                      "Actual Rows": 595,
                      "Actual Loops": 1
                    },
                    {
                      "Node Type": "CTE Scan",
                      "Parent Relationship": "Member",
                      "Parallel Aware": false,
                      "CTE Name": "wsr",
                      "Alias": "wsr",
                      "Startup Cost": 0.00,
                      "Total Cost": 0.41,
                      "Plan Rows": 15,
                      "Plan Width": 160,
                      "Actual Startup Time": 1556.874,
                      "Actual Total Time": 1562.587,
                      "Actual Rows": 15,
                      "Actual Loops": 1
                    }
                  ]
                }
              ]
            }
          ]
        }
      ]
    },
    "Planning Time": 14.654,
    "Triggers": [
    ],
    "Execution Time": 8640.644
  }
]
SET
