[
  {
    "Plan": {
      "Node Type": "Limit",
      "Parallel Aware": false,
      "Startup Cost": 288642.00,
      "Total Cost": 288642.01,
      "Plan Rows": 1,
      "Plan Width": 250,
      "Actual Startup Time": 3200.199,
      "Actual Total Time": 3200.224,
      "Actual Rows": 100,
      "Actual Loops": 1,
      "Plans": [
        {
          "Node Type": "Aggregate",
          "Strategy": "Sorted",
          "Partial Mode": "Finalize",
          "Parent Relationship": "InitPlan",
          "Subplan Name": "CTE wss",
          "Parallel Aware": false,
          "Startup Cost": 209071.51,
          "Total Cost": 280655.83,
          "Plan Rows": 62526,
          "Plan Width": 232,
          "Actual Startup Time": 1541.602,
          "Actual Total Time": 2762.107,
          "Actual Rows": 1834,
          "Actual Loops": 1,
          "Group Key": ["date_dim.d_week_seq", "store_sales.ss_store_sk"],
          "Plans": [
            {
              "Node Type": "Gather Merge",
              "Parent Relationship": "Outer",
              "Parallel Aware": false,
              "Startup Cost": 209071.51,
              "Total Cost": 273934.29,
              "Plan Rows": 125052,
              "Plan Width": 232,
              "Actual Startup Time": 1541.331,
              "Actual Total Time": 2724.302,
              "Actual Rows": 5502,
              "Actual Loops": 1,
              "Workers Planned": 2,
              "Workers Launched": 2,
              "Plans": [
                {
                  "Node Type": "Aggregate",
                  "Strategy": "Sorted",
                  "Partial Mode": "Partial",
                  "Parent Relationship": "Outer",
                  "Parallel Aware": false,
                  "Startup Cost": 208071.49,
                  "Total Cost": 258500.16,
                  "Plan Rows": 62526,
                  "Plan Width": 232,
                  "Actual Startup Time": 1532.117,
                  "Actual Total Time": 2691.169,
                  "Actual Rows": 1834,
                  "Actual Loops": 3,
                  "Group Key": ["date_dim.d_week_seq", "store_sales.ss_store_sk"],
                  "Plans": [
                    {
                      "Node Type": "Sort",
                      "Parent Relationship": "Outer",
                      "Parallel Aware": false,
                      "Startup Cost": 208071.49,
                      "Total Cost": 210936.74,
                      "Plan Rows": 1146099,
                      "Plan Width": 24,
                      "Actual Startup Time": 1531.838,
                      "Actual Total Time": 1812.984,
                      "Actual Rows": 916770,
                      "Actual Loops": 3,
                      "Sort Key": ["date_dim.d_week_seq", "store_sales.ss_store_sk"],
                      "Sort Method": "external merge",
                      "Sort Space Used": 31472,
                      "Sort Space Type": "Disk",
                      "Workers": [
                        {
                          "Worker Number": 0,
                          "Sort Method": "external merge",
                          "Sort Space Used": 31000,
                          "Sort Space Type": "Disk"
                        },
                        {
                          "Worker Number": 1,
                          "Sort Method": "external merge",
                          "Sort Space Used": 30840,
                          "Sort Space Type": "Disk"
                        }
                      ],
                      "Plans": [
                        {
                          "Node Type": "Hash Join",
                          "Parent Relationship": "Outer",
                          "Parallel Aware": true,
                          "Join Type": "Inner",
                          "Startup Cost": 2371.82,
                          "Total Cost": 69220.36,
                          "Plan Rows": 1146099,
                          "Plan Width": 24,
                          "Actual Startup Time": 22.530,
                          "Actual Total Time": 783.876,
                          "Actual Rows": 916770,
                          "Actual Loops": 3,
                          "Inner Unique": true,
                          "Hash Cond": "(store_sales.ss_sold_date_sk = date_dim.d_date_sk)",
                          "Plans": [
                            {
                              "Node Type": "Seq Scan",
                              "Parent Relationship": "Outer",
                              "Parallel Aware": true,
                              "Relation Name": "store_sales",
                              "Alias": "store_sales",
                              "Startup Cost": 0.00,
                              "Total Cost": 63697.87,
                              "Plan Rows": 1200187,
                              "Plan Width": 14,
                              "Actual Startup Time": 0.070,
                              "Actual Total Time": 223.218,
                              "Actual Rows": 960135,
                              "Actual Loops": 3
                            },
                            {
                              "Node Type": "Hash",
                              "Parent Relationship": "Inner",
                              "Parallel Aware": true,
                              "Startup Cost": 1834.70,
                              "Total Cost": 1834.70,
                              "Plan Rows": 42970,
                              "Plan Width": 18,
                              "Actual Startup Time": 21.899,
                              "Actual Total Time": 21.900,
                              "Actual Rows": 24350,
                              "Actual Loops": 3,
                              "Hash Buckets": 131072,
                              "Original Hash Buckets": 131072,
                              "Hash Batches": 1,
                              "Original Hash Batches": 1,
                              "Peak Memory Usage": 5088,
                              "Plans": [
                                {
                                  "Node Type": "Seq Scan",
                                  "Parent Relationship": "Outer",
                                  "Parallel Aware": true,
                                  "Relation Name": "date_dim",
                                  "Alias": "date_dim",
                                  "Startup Cost": 0.00,
                                  "Total Cost": 1834.70,
                                  "Plan Rows": 42970,
                                  "Plan Width": 18,
                                  "Actual Startup Time": 0.020,
                                  "Actual Total Time": 11.743,
                                  "Actual Rows": 24350,
                                  "Actual Loops": 3
                                }
                              ]
                            }
                          ]
                        }
                      ]
                    }
                  ]
                }
              ]
            }
          ]
        },
        {
          "Node Type": "Sort",
          "Parent Relationship": "Outer",
          "Parallel Aware": false,
          "Startup Cost": 7986.17,
          "Total Cost": 7986.18,
          "Plan Rows": 1,
          "Plan Width": 250,
          "Actual Startup Time": 3200.198,
          "Actual Total Time": 3200.205,
          "Actual Rows": 100,
          "Actual Loops": 1,
          "Sort Key": ["store.s_store_name", "store.s_store_id", "wss.d_week_seq"],
          "Sort Method": "top-N heapsort",
          "Sort Space Used": 68,
          "Sort Space Type": "Memory",
          "Plans": [
            {
              "Node Type": "Nested Loop",
              "Parent Relationship": "Outer",
              "Parallel Aware": false,
              "Join Type": "Inner",
              "Startup Cost": 3971.39,
              "Total Cost": 7986.16,
              "Plan Rows": 1,
              "Plan Width": 250,
              "Actual Startup Time": 2792.235,
              "Actual Total Time": 3189.524,
              "Actual Rows": 15210,
              "Actual Loops": 1,
              "Inner Unique": false,
              "Join Filter": "(wss_1.d_week_seq = d_1.d_week_seq)",
              "Rows Removed by Join Filter": 786330,
              "Plans": [
                {
                  "Node Type": "Seq Scan",
                  "Parent Relationship": "Outer",
                  "Parallel Aware": false,
                  "Relation Name": "date_dim",
                  "Alias": "d_1",
                  "Startup Cost": 0.00,
                  "Total Cost": 2500.73,
                  "Plan Rows": 362,
                  "Plan Width": 4,
                  "Actual Startup Time": 6.933,
                  "Actual Total Time": 13.328,
                  "Actual Rows": 366,
                  "Actual Loops": 1,
                  "Filter": "((d_month_seq >= 1200) AND (d_month_seq <= 1211))",
                  "Rows Removed by Filter": 72683
                },
                {
                  "Node Type": "Materialize",
                  "Parent Relationship": "Inner",
                  "Parallel Aware": false,
                  "Startup Cost": 3971.39,
                  "Total Cost": 5436.56,
                  "Plan Rows": 9,
                  "Plan Width": 478,
                  "Actual Startup Time": 7.610,
                  "Actual Total Time": 7.784,
                  "Actual Rows": 2190,
                  "Actual Loops": 366,
                  "Plans": [
                    {
                      "Node Type": "Hash Join",
                      "Parent Relationship": "Outer",
                      "Parallel Aware": false,
                      "Join Type": "Inner",
                      "Startup Cost": 3971.39,
                      "Total Cost": 5436.52,
                      "Plan Rows": 9,
                      "Plan Width": 478,
                      "Actual Startup Time": 2785.284,
                      "Actual Total Time": 2787.486,
                      "Actual Rows": 2190,
                      "Actual Loops": 1,
                      "Inner Unique": false,
                      "Hash Cond": "(((wss_1.d_week_seq - 52) = d.d_week_seq) AND (store_1.s_store_id = store.s_store_id))",
                      "Plans": [
                        {
                          "Node Type": "Hash Join",
                          "Parent Relationship": "Outer",
                          "Parallel Aware": false,
                          "Join Type": "Inner",
                          "Startup Cost": 1.27,
                          "Total Cost": 1419.40,
                          "Plan Rows": 3752,
                          "Plan Width": 245,
                          "Actual Startup Time": 1543.573,
                          "Actual Total Time": 1544.831,
                          "Actual Rows": 1572,
                          "Actual Loops": 1,
                          "Inner Unique": true,
                          "Hash Cond": "(wss_1.ss_store_sk = store_1.s_store_sk)",
                          "Plans": [
                            {
                              "Node Type": "CTE Scan",
                              "Parent Relationship": "Outer",
                              "Parallel Aware": false,
                              "CTE Name": "wss",
                              "Alias": "wss_1",
                              "Startup Cost": 0.00,
                              "Total Cost": 1250.52,
                              "Plan Rows": 62526,
                              "Plan Width": 232,
                              "Actual Startup Time": 1541.605,
                              "Actual Total Time": 1541.925,
                              "Actual Rows": 1834,
                              "Actual Loops": 1
                            },
                            {
                              "Node Type": "Hash",
                              "Parent Relationship": "Inner",
                              "Parallel Aware": false,
                              "Startup Cost": 1.12,
                              "Total Cost": 1.12,
                              "Plan Rows": 12,
                              "Plan Width": 21,
                              "Actual Startup Time": 1.944,
                              "Actual Total Time": 1.944,
                              "Actual Rows": 12,
                              "Actual Loops": 1,
                              "Hash Buckets": 1024,
                              "Original Hash Buckets": 1024,
                              "Hash Batches": 1,
                              "Original Hash Batches": 1,
                              "Peak Memory Usage": 9,
                              "Plans": [
                                {
                                  "Node Type": "Seq Scan",
                                  "Parent Relationship": "Outer",
                                  "Parallel Aware": false,
                                  "Relation Name": "store",
                                  "Alias": "store_1",
                                  "Startup Cost": 0.00,
                                  "Total Cost": 1.12,
                                  "Plan Rows": 12,
                                  "Plan Width": 21,
                                  "Actual Startup Time": 1.930,
                                  "Actual Total Time": 1.934,
                                  "Actual Rows": 12,
                                  "Actual Loops": 1
                                }
                              ]
                            }
                          ]
                        },
                        {
                          "Node Type": "Hash",
                          "Parent Relationship": "Inner",
                          "Parallel Aware": false,
                          "Startup Cost": 3968.17,
                          "Total Cost": 3968.17,
                          "Plan Rows": 130,
                          "Plan Width": 254,
                          "Actual Startup Time": 1241.039,
                          "Actual Total Time": 1241.039,
                          "Actual Rows": 2190,
                          "Actual Loops": 1,
                          "Hash Buckets": 4096,
                          "Original Hash Buckets": 1024,
                          "Hash Batches": 1,
                          "Original Hash Batches": 1,
                          "Peak Memory Usage": 283,
                          "Plans": [
                            {
                              "Node Type": "Hash Join",
                              "Parent Relationship": "Outer",
                              "Parallel Aware": false,
                              "Join Type": "Inner",
                              "Startup Cost": 2506.53,
                              "Total Cost": 3968.17,
                              "Plan Rows": 130,
                              "Plan Width": 254,
                              "Actual Startup Time": 256.145,
                              "Actual Total Time": 1239.269,
                              "Actual Rows": 2190,
                              "Actual Loops": 1,
                              "Inner Unique": false,
                              "Hash Cond": "(wss.d_week_seq = d.d_week_seq)",
                              "Plans": [
                                {
                                  "Node Type": "Hash Join",
                                  "Parent Relationship": "Outer",
                                  "Parallel Aware": false,
                                  "Join Type": "Inner",
                                  "Startup Cost": 1.27,
                                  "Total Cost": 1419.40,
                                  "Plan Rows": 3752,
                                  "Plan Width": 250,
                                  "Actual Startup Time": 0.024,
                                  "Actual Total Time": 1224.702,
                                  "Actual Rows": 1572,
                                  "Actual Loops": 1,
                                  "Inner Unique": true,
                                  "Hash Cond": "(wss.ss_store_sk = store.s_store_sk)",
                                  "Plans": [
                                    {
                                      "Node Type": "CTE Scan",
                                      "Parent Relationship": "Outer",
                                      "Parallel Aware": false,
                                      "CTE Name": "wss",
                                      "Alias": "wss",
                                      "Startup Cost": 0.00,
                                      "Total Cost": 1250.52,
                                      "Plan Rows": 62526,
                                      "Plan Width": 232,
                                      "Actual Startup Time": 0.001,
                                      "Actual Total Time": 1223.061,
                                      "Actual Rows": 1834,
                                      "Actual Loops": 1
                                    },
                                    {
                                      "Node Type": "Hash",
                                      "Parent Relationship": "Inner",
                                      "Parallel Aware": false,
                                      "Startup Cost": 1.12,
                                      "Total Cost": 1.12,
                                      "Plan Rows": 12,
                                      "Plan Width": 26,
                                      "Actual Startup Time": 0.017,
                                      "Actual Total Time": 0.017,
                                      "Actual Rows": 12,
                                      "Actual Loops": 1,
                                      "Hash Buckets": 1024,
                                      "Original Hash Buckets": 1024,
                                      "Hash Batches": 1,
                                      "Original Hash Batches": 1,
                                      "Peak Memory Usage": 9,
                                      "Plans": [
                                        {
                                          "Node Type": "Seq Scan",
                                          "Parent Relationship": "Outer",
                                          "Parallel Aware": false,
                                          "Relation Name": "store",
                                          "Alias": "store",
                                          "Startup Cost": 0.00,
                                          "Total Cost": 1.12,
                                          "Plan Rows": 12,
                                          "Plan Width": 26,
                                          "Actual Startup Time": 0.008,
                                          "Actual Total Time": 0.011,
                                          "Actual Rows": 12,
                                          "Actual Loops": 1
                                        }
                                      ]
                                    }
                                  ]
                                },
                                {
                                  "Node Type": "Hash",
                                  "Parent Relationship": "Inner",
                                  "Parallel Aware": false,
                                  "Startup Cost": 2500.73,
                                  "Total Cost": 2500.73,
                                  "Plan Rows": 362,
                                  "Plan Width": 4,
                                  "Actual Startup Time": 13.286,
                                  "Actual Total Time": 13.286,
                                  "Actual Rows": 365,
                                  "Actual Loops": 1,
                                  "Hash Buckets": 1024,
                                  "Original Hash Buckets": 1024,
                                  "Hash Batches": 1,
                                  "Original Hash Batches": 1,
                                  "Peak Memory Usage": 21,
                                  "Plans": [
                                    {
                                      "Node Type": "Seq Scan",
                                      "Parent Relationship": "Outer",
                                      "Parallel Aware": false,
                                      "Relation Name": "date_dim",
                                      "Alias": "d",
                                      "Startup Cost": 0.00,
                                      "Total Cost": 2500.73,
                                      "Plan Rows": 362,
                                      "Plan Width": 4,
                                      "Actual Startup Time": 6.274,
                                      "Actual Total Time": 13.198,
                                      "Actual Rows": 365,
                                      "Actual Loops": 1,
                                      "Filter": "((d_month_seq >= 1188) AND (d_month_seq <= 1199))",
                                      "Rows Removed by Filter": 72684
                                    }
                                  ]
                                }
                              ]
                            }
                          ]
                        }
                      ]
                    }
                  ]
                }
              ]
            }
          ]
        }
      ]
    },
    "Planning Time": 2.047,
    "Triggers": [
    ],
    "Execution Time": 3226.999
  }
]
