[
  {
    "Plan": {
      "Node Type": "Limit",
      "Parallel Aware": false,
      "Startup Cost": 18935.85,
      "Total Cost": 18935.87,
      "Plan Rows": 10,
      "Plan Width": 36,
      "Actual Startup Time": 274.102,
      "Actual Total Time": 274.124,
      "Actual Rows": 100,
      "Actual Loops": 1,
      "Plans": [
        {
          "Node Type": "Sort",
          "Parent Relationship": "Outer",
          "Parallel Aware": false,
          "Startup Cost": 18935.85,
          "Total Cost": 18935.87,
          "Plan Rows": 10,
          "Plan Width": 36,
          "Actual Startup Time": 274.101,
          "Actual Total Time": 274.109,
          "Actual Rows": 100,
          "Actual Loops": 1,
          "Sort Key": ["(sum(CASE WHEN (store_returns.sr_return_quantity IS NOT NULL) THEN (((store_sales.ss_quantity - store_returns.sr_return_quantity))::numeric * store_sales.ss_sales_price) ELSE ((store_sales.ss_quantity)::numeric * store_sales.ss_sales_price) END))", "store_sales.ss_customer_sk"],
          "Sort Method": "top-N heapsort",
          "Sort Space Used": 32,
          "Sort Space Type": "Memory",
          "Plans": [
            {
              "Node Type": "Aggregate",
              "Strategy": "Sorted",
              "Partial Mode": "Simple",
              "Parent Relationship": "Outer",
              "Parallel Aware": false,
              "Startup Cost": 18935.36,
              "Total Cost": 18935.68,
              "Plan Rows": 10,
              "Plan Width": 36,
              "Actual Startup Time": 257.604,
              "Actual Total Time": 270.805,
              "Actual Rows": 7153,
              "Actual Loops": 1,
              "Group Key": ["store_sales.ss_customer_sk"],
              "Plans": [
                {
                  "Node Type": "Sort",
                  "Parent Relationship": "Outer",
                  "Parallel Aware": false,
                  "Startup Cost": 18935.36,
                  "Total Cost": 18935.38,
                  "Plan Rows": 10,
                  "Plan Width": 18,
                  "Actual Startup Time": 257.589,
                  "Actual Total Time": 258.683,
                  "Actual Rows": 7938,
                  "Actual Loops": 1,
                  "Sort Key": ["store_sales.ss_customer_sk"],
                  "Sort Method": "quicksort",
                  "Sort Space Used": 785,
                  "Sort Space Type": "Memory",
                  "Plans": [
                    {
                      "Node Type": "Nested Loop",
                      "Parent Relationship": "Outer",
                      "Parallel Aware": false,
                      "Join Type": "Inner",
                      "Startup Cost": 1.88,
                      "Total Cost": 18935.19,
                      "Plan Rows": 10,
                      "Plan Width": 18,
                      "Actual Startup Time": 0.103,
                      "Actual Total Time": 250.333,
                      "Actual Rows": 7938,
                      "Actual Loops": 1,
                      "Inner Unique": true,
                      "Plans": [
                        {
                          "Node Type": "Hash Join",
                          "Parent Relationship": "Outer",
                          "Parallel Aware": false,
                          "Join Type": "Inner",
                          "Startup Cost": 1.45,
                          "Total Cost": 8510.57,
                          "Plan Rows": 7933,
                          "Plan Width": 12,
                          "Actual Startup Time": 0.073,
                          "Actual Total Time": 127.909,
                          "Actual Rows": 7938,
                          "Actual Loops": 1,
                          "Inner Unique": true,
                          "Hash Cond": "(store_returns.sr_reason_sk = reason.r_reason_sk)",
                          "Plans": [
                            {
                              "Node Type": "Seq Scan",
                              "Parent Relationship": "Outer",
                              "Parallel Aware": false,
                              "Relation Name": "store_returns",
                              "Alias": "store_returns",
                              "Startup Cost": 0.00,
                              "Total Cost": 7666.14,
                              "Plan Rows": 287514,
                              "Plan Width": 16,
                              "Actual Startup Time": 0.015,
                              "Actual Total Time": 56.645,
                              "Actual Rows": 287514,
                              "Actual Loops": 1
                            },
                            {
                              "Node Type": "Hash",
                              "Parent Relationship": "Inner",
                              "Parallel Aware": false,
                              "Startup Cost": 1.44,
                              "Total Cost": 1.44,
                              "Plan Rows": 1,
                              "Plan Width": 4,
                              "Actual Startup Time": 0.022,
                              "Actual Total Time": 0.022,
                              "Actual Rows": 1,
                              "Actual Loops": 1,
                              "Hash Buckets": 1024,
                              "Original Hash Buckets": 1024,
                              "Hash Batches": 1,
                              "Original Hash Batches": 1,
                              "Peak Memory Usage": 9,
                              "Plans": [
                                {
                                  "Node Type": "Seq Scan",
                                  "Parent Relationship": "Outer",
                                  "Parallel Aware": false,
                                  "Relation Name": "reason",
                                  "Alias": "reason",
                                  "Startup Cost": 0.00,
                                  "Total Cost": 1.44,
                                  "Plan Rows": 1,
                                  "Plan Width": 4,
                                  "Actual Startup Time": 0.008,
                                  "Actual Total Time": 0.019,
                                  "Actual Rows": 1,
                                  "Actual Loops": 1,
                                  "Filter": "(r_reason_desc = 'Not the product that was ordred'::bpchar)",
                                  "Rows Removed by Filter": 34
                                }
                              ]
                            }
                          ]
                        },
                        {
                          "Node Type": "Index Scan",
                          "Parent Relationship": "Inner",
                          "Parallel Aware": false,
                          "Scan Direction": "Forward",
                          "Index Name": "store_sales_pkey",
                          "Relation Name": "store_sales",
                          "Alias": "store_sales",
                          "Startup Cost": 0.43,
                          "Total Cost": 1.31,
                          "Plan Rows": 1,
                          "Plan Width": 22,
                          "Actual Startup Time": 0.014,
                          "Actual Total Time": 0.014,
                          "Actual Rows": 1,
                          "Actual Loops": 7938,
                          "Index Cond": "((ss_item_sk = store_returns.sr_item_sk) AND (ss_ticket_number = store_returns.sr_ticket_number))",
                          "Rows Removed by Index Recheck": 0
                        }
                      ]
                    }
                  ]
                }
              ]
            }
          ]
        }
      ]
    },
    "Planning Time": 0.779,
    "Triggers": [
    ],
    "Execution Time": 274.271
  }
]
SET
