[
  {
    "Plan": {
      "Node Type": "Limit",
      "Parallel Aware": false,
      "Startup Cost": 70241.63,
      "Total Cost": 70241.63,
      "Plan Rows": 1,
      "Plan Width": 8,
      "Actual Startup Time": 405.345,
      "Actual Total Time": 405.345,
      "Actual Rows": 1,
      "Actual Loops": 1,
      "Plans": [
        {
          "Node Type": "Sort",
          "Parent Relationship": "Outer",
          "Parallel Aware": false,
          "Startup Cost": 70241.63,
          "Total Cost": 70241.63,
          "Plan Rows": 1,
          "Plan Width": 8,
          "Actual Startup Time": 405.343,
          "Actual Total Time": 405.343,
          "Actual Rows": 1,
          "Actual Loops": 1,
          "Sort Key": ["(count(*))"],
          "Sort Method": "quicksort",
          "Sort Space Used": 25,
          "Sort Space Type": "Memory",
          "Plans": [
            {
              "Node Type": "Aggregate",
              "Strategy": "Plain",
              "Partial Mode": "Finalize",
              "Parent Relationship": "Outer",
              "Parallel Aware": false,
              "Startup Cost": 70241.61,
              "Total Cost": 70241.62,
              "Plan Rows": 1,
              "Plan Width": 8,
              "Actual Startup Time": 405.335,
              "Actual Total Time": 405.335,
              "Actual Rows": 1,
              "Actual Loops": 1,
              "Plans": [
                {
                  "Node Type": "Gather",
                  "Parent Relationship": "Outer",
                  "Parallel Aware": false,
                  "Startup Cost": 70241.39,
                  "Total Cost": 70241.60,
                  "Plan Rows": 2,
                  "Plan Width": 8,
                  "Actual Startup Time": 405.201,
                  "Actual Total Time": 408.066,
                  "Actual Rows": 3,
                  "Actual Loops": 1,
                  "Workers Planned": 2,
                  "Workers Launched": 2,
                  "Single Copy": false,
                  "Plans": [
                    {
                      "Node Type": "Aggregate",
                      "Strategy": "Plain",
                      "Partial Mode": "Partial",
                      "Parent Relationship": "Outer",
                      "Parallel Aware": false,
                      "Startup Cost": 69241.39,
                      "Total Cost": 69241.40,
                      "Plan Rows": 1,
                      "Plan Width": 8,
                      "Actual Startup Time": 400.273,
                      "Actual Total Time": 400.273,
                      "Actual Rows": 1,
                      "Actual Loops": 3,
                      "Plans": [
                        {
                          "Node Type": "Hash Join",
                          "Parent Relationship": "Outer",
                          "Parallel Aware": false,
                          "Join Type": "Inner",
                          "Startup Cost": 2325.12,
                          "Total Cost": 69240.96,
                          "Plan Rows": 173,
                          "Plan Width": 0,
                          "Actual Startup Time": 18.305,
                          "Actual Total Time": 400.205,
                          "Actual Rows": 255,
                          "Actual Loops": 3,
                          "Inner Unique": true,
                          "Hash Cond": "(store_sales.ss_store_sk = store.s_store_sk)",
                          "Plans": [
                            {
                              "Node Type": "Hash Join",
                              "Parent Relationship": "Outer",
                              "Parallel Aware": false,
                              "Join Type": "Inner",
                              "Startup Cost": 2323.95,
                              "Total Cost": 69232.17,
                              "Plan Rows": 2173,
                              "Plan Width": 4,
                              "Actual Startup Time": 15.328,
                              "Actual Total Time": 399.596,
                              "Actual Rows": 1642,
                              "Actual Loops": 3,
                              "Inner Unique": true,
                              "Hash Cond": "(store_sales.ss_hdemo_sk = household_demographics.hd_demo_sk)",
                              "Plans": [
                                {
                                  "Node Type": "Hash Join",
                                  "Parent Relationship": "Outer",
                                  "Parallel Aware": true,
                                  "Join Type": "Inner",
                                  "Startup Cost": 2171.95,
                                  "Total Cost": 69020.46,
                                  "Plan Rows": 22733,
                                  "Plan Width": 8,
                                  "Actual Startup Time": 10.294,
                                  "Actual Total Time": 394.326,
                                  "Actual Rows": 17912,
                                  "Actual Loops": 3,
                                  "Inner Unique": true,
                                  "Hash Cond": "(store_sales.ss_sold_time_sk = time_dim.t_time_sk)",
                                  "Plans": [
                                    {
                                      "Node Type": "Seq Scan",
                                      "Parent Relationship": "Outer",
                                      "Parallel Aware": true,
                                      "Relation Name": "store_sales",
                                      "Alias": "store_sales",
                                      "Startup Cost": 0.00,
                                      "Total Cost": 63697.87,
                                      "Plan Rows": 1200187,
                                      "Plan Width": 12,
                                      "Actual Startup Time": 0.053,
                                      "Actual Total Time": 199.300,
                                      "Actual Rows": 960135,
                                      "Actual Loops": 3
                                    },
                                    {
                                      "Node Type": "Hash",
                                      "Parent Relationship": "Inner",
                                      "Parallel Aware": true,
                                      "Startup Cost": 2159.35,
                                      "Total Cost": 2159.35,
                                      "Plan Rows": 1008,
                                      "Plan Width": 4,
                                      "Actual Startup Time": 9.955,
                                      "Actual Total Time": 9.955,
                                      "Actual Rows": 600,
                                      "Actual Loops": 3,
                                      "Hash Buckets": 2048,
                                      "Original Hash Buckets": 2048,
                                      "Hash Batches": 1,
                                      "Original Hash Batches": 1,
                                      "Peak Memory Usage": 112,
                                      "Plans": [
                                        {
                                          "Node Type": "Seq Scan",
                                          "Parent Relationship": "Outer",
                                          "Parallel Aware": true,
                                          "Relation Name": "time_dim",
                                          "Alias": "time_dim",
                                          "Startup Cost": 0.00,
                                          "Total Cost": 2159.35,
                                          "Plan Rows": 1008,
                                          "Plan Width": 4,
                                          "Actual Startup Time": 6.434,
                                          "Actual Total Time": 9.599,
                                          "Actual Rows": 600,
                                          "Actual Loops": 3,
                                          "Filter": "((t_minute >= 30) AND (t_hour = 15))",
                                          "Rows Removed by Filter": 28200
                                        }
                                      ]
                                    }
                                  ]
                                },
                                {
                                  "Node Type": "Hash",
                                  "Parent Relationship": "Inner",
                                  "Parallel Aware": false,
                                  "Startup Cost": 143.00,
                                  "Total Cost": 143.00,
                                  "Plan Rows": 720,
                                  "Plan Width": 4,
                                  "Actual Startup Time": 2.015,
                                  "Actual Total Time": 2.015,
                                  "Actual Rows": 720,
                                  "Actual Loops": 3,
                                  "Hash Buckets": 1024,
                                  "Original Hash Buckets": 1024,
                                  "Hash Batches": 1,
                                  "Original Hash Batches": 1,
                                  "Peak Memory Usage": 34,
                                  "Plans": [
                                    {
                                      "Node Type": "Seq Scan",
                                      "Parent Relationship": "Outer",
                                      "Parallel Aware": false,
                                      "Relation Name": "household_demographics",
                                      "Alias": "household_demographics",
                                      "Startup Cost": 0.00,
                                      "Total Cost": 143.00,
                                      "Plan Rows": 720,
                                      "Plan Width": 4,
                                      "Actual Startup Time": 0.235,
                                      "Actual Total Time": 1.786,
                                      "Actual Rows": 720,
                                      "Actual Loops": 3,
                                      "Filter": "(hd_dep_count = 7)",
                                      "Rows Removed by Filter": 6480
                                    }
                                  ]
                                }
                              ]
                            },
                            {
                              "Node Type": "Hash",
                              "Parent Relationship": "Inner",
                              "Parallel Aware": false,
                              "Startup Cost": 1.15,
                              "Total Cost": 1.15,
                              "Plan Rows": 1,
                              "Plan Width": 4,
                              "Actual Startup Time": 0.061,
                              "Actual Total Time": 0.061,
                              "Actual Rows": 1,
                              "Actual Loops": 3,
                              "Hash Buckets": 1024,
                              "Original Hash Buckets": 1024,
                              "Hash Batches": 1,
                              "Original Hash Batches": 1,
                              "Peak Memory Usage": 9,
                              "Plans": [
                                {
                                  "Node Type": "Seq Scan",
                                  "Parent Relationship": "Outer",
                                  "Parallel Aware": false,
                                  "Relation Name": "store",
                                  "Alias": "store",
                                  "Startup Cost": 0.00,
                                  "Total Cost": 1.15,
                                  "Plan Rows": 1,
                                  "Plan Width": 4,
                                  "Actual Startup Time": 0.048,
                                  "Actual Total Time": 0.051,
                                  "Actual Rows": 1,
                                  "Actual Loops": 3,
                                  "Filter": "((s_store_name)::text = 'ese'::text)",
                                  "Rows Removed by Filter": 11
                                }
                              ]
                            }
                          ]
                        }
                      ]
                    }
                  ]
                }
              ]
            }
          ]
        }
      ]
    },
    "Planning Time": 0.783,
    "Triggers": [
    ],
    "Execution Time": 408.174
  }
]
