[
  {
    "Plan": {
      "Node Type": "Limit",
      "Parallel Aware": false,
      "Startup Cost": 1668525.60,
      "Total Cost": 1668525.64,
      "Plan Rows": 17,
      "Plan Width": 11,
      "Actual Startup Time": 327161.438,
      "Actual Total Time": 327161.449,
      "Actual Rows": 44,
      "Actual Loops": 1,
      "Plans": [
        {
          "Node Type": "Unique",
          "Parent Relationship": "InitPlan",
          "Subplan Name": "InitPlan 1 (returns $0)",
          "Parallel Aware": false,
          "Startup Cost": 2501.47,
          "Total Cost": 2501.62,
          "Plan Rows": 30,
          "Plan Width": 4,
          "Actual Startup Time": 17.074,
          "Actual Total Time": 17.083,
          "Actual Rows": 1,
          "Actual Loops": 1,
          "Plans": [
            {
              "Node Type": "Sort",
              "Parent Relationship": "Outer",
              "Parallel Aware": false,
              "Startup Cost": 2501.47,
              "Total Cost": 2501.55,
              "Plan Rows": 30,
              "Plan Width": 4,
              "Actual Startup Time": 17.073,
              "Actual Total Time": 17.075,
              "Actual Rows": 30,
              "Actual Loops": 1,
              "Sort Key": ["date_dim.d_month_seq"],
              "Sort Method": "quicksort",
              "Sort Space Used": 26,
              "Sort Space Type": "Memory",
              "Plans": [
                {
                  "Node Type": "Seq Scan",
                  "Parent Relationship": "Outer",
                  "Parallel Aware": false,
                  "Relation Name": "date_dim",
                  "Alias": "date_dim",
                  "Startup Cost": 0.00,
                  "Total Cost": 2500.73,
                  "Plan Rows": 30,
                  "Plan Width": 4,
                  "Actual Startup Time": 8.653,
                  "Actual Total Time": 17.062,
                  "Actual Rows": 30,
                  "Actual Loops": 1,
                  "Filter": "((d_year = 1999) AND (d_moy = 4))",
                  "Rows Removed by Filter": 73019
                }
              ]
            }
          ]
        },
        {
          "Node Type": "Sort",
          "Parent Relationship": "Outer",
          "Parallel Aware": false,
          "Startup Cost": 1666023.98,
          "Total Cost": 1666024.02,
          "Plan Rows": 17,
          "Plan Width": 11,
          "Actual Startup Time": 327161.437,
          "Actual Total Time": 327161.441,
          "Actual Rows": 44,
          "Actual Loops": 1,
          "Sort Key": ["(count(*))", "a.ca_state"],
          "Sort Method": "quicksort",
          "Sort Space Used": 27,
          "Sort Space Type": "Memory",
          "Plans": [
            {
              "Node Type": "Aggregate",
              "Strategy": "Sorted",
              "Partial Mode": "Simple",
              "Parent Relationship": "Outer",
              "Parallel Aware": false,
              "Startup Cost": 1666019.39,
              "Total Cost": 1666023.63,
              "Plan Rows": 17,
              "Plan Width": 11,
              "Actual Startup Time": 327160.499,
              "Actual Total Time": 327161.376,
              "Actual Rows": 44,
              "Actual Loops": 1,
              "Group Key": ["a.ca_state"],
              "Filter": "(count(*) >= 10)",
              "Rows Removed by Filter": 7,
              "Plans": [
                {
                  "Node Type": "Sort",
                  "Parent Relationship": "Outer",
                  "Parallel Aware": false,
                  "Startup Cost": 1666019.39,
                  "Total Cost": 1666020.29,
                  "Plan Rows": 360,
                  "Plan Width": 3,
                  "Actual Startup Time": 327160.470,
                  "Actual Total Time": 327160.710,
                  "Actual Rows": 2539,
                  "Actual Loops": 1,
                  "Sort Key": ["a.ca_state"],
                  "Sort Method": "quicksort",
                  "Sort Space Used": 214,
                  "Sort Space Type": "Memory",
                  "Plans": [
                    {
                      "Node Type": "Nested Loop",
                      "Parent Relationship": "Outer",
                      "Parallel Aware": false,
                      "Join Type": "Inner",
                      "Startup Cost": 2319.36,
                      "Total Cost": 1666004.10,
                      "Plan Rows": 360,
                      "Plan Width": 3,
                      "Actual Startup Time": 79.024,
                      "Actual Total Time": 327151.363,
                      "Actual Rows": 2539,
                      "Actual Loops": 1,
                      "Inner Unique": true,
                      "Plans": [
                        {
                          "Node Type": "Nested Loop",
                          "Parent Relationship": "Outer",
                          "Parallel Aware": false,
                          "Join Type": "Inner",
                          "Startup Cost": 2319.07,
                          "Total Cost": 1665875.75,
                          "Plan Rows": 360,
                          "Plan Width": 4,
                          "Actual Startup Time": 76.791,
                          "Actual Total Time": 326493.878,
                          "Actual Rows": 2539,
                          "Actual Loops": 1,
                          "Inner Unique": true,
                          "Plans": [
                            {
                              "Node Type": "Nested Loop",
                              "Parent Relationship": "Outer",
                              "Parallel Aware": false,
                              "Join Type": "Inner",
                              "Startup Cost": 2318.78,
                              "Total Cost": 90735.66,
                              "Plan Rows": 1079,
                              "Plan Width": 8,
                              "Actual Startup Time": 30.277,
                              "Actual Total Time": 2041.145,
                              "Actual Rows": 25097,
                              "Actual Loops": 1,
                              "Inner Unique": true,
                              "Plans": [
                                {
                                  "Node Type": "Hash Join",
                                  "Parent Relationship": "Outer",
                                  "Parallel Aware": false,
                                  "Join Type": "Inner",
                                  "Startup Cost": 2318.49,
                                  "Total Cost": 90380.58,
                                  "Plan Rows": 1130,
                                  "Plan Width": 8,
                                  "Actual Startup Time": 30.247,
                                  "Actual Total Time": 1728.870,
                                  "Actual Rows": 25703,
                                  "Actual Loops": 1,
                                  "Inner Unique": true,
                                  "Hash Cond": "(s.ss_sold_date_sk = d.d_date_sk)",
                                  "Plans": [
                                    {
                                      "Node Type": "Seq Scan",
                                      "Parent Relationship": "Outer",
                                      "Parallel Aware": false,
                                      "Relation Name": "store_sales",
                                      "Alias": "s",
                                      "Startup Cost": 0.00,
                                      "Total Cost": 80500.49,
                                      "Plan Rows": 2880449,
                                      "Plan Width": 12,
                                      "Actual Startup Time": 0.019,
                                      "Actual Total Time": 1125.601,
                                      "Actual Rows": 2880404,
                                      "Actual Loops": 1
                                    },
                                    {
                                      "Node Type": "Hash",
                                      "Parent Relationship": "Inner",
                                      "Parallel Aware": false,
                                      "Startup Cost": 2318.11,
                                      "Total Cost": 2318.11,
                                      "Plan Rows": 30,
                                      "Plan Width": 4,
                                      "Actual Startup Time": 29.982,
                                      "Actual Total Time": 29.982,
                                      "Actual Rows": 30,
                                      "Actual Loops": 1,
                                      "Hash Buckets": 1024,
                                      "Original Hash Buckets": 1024,
                                      "Hash Batches": 1,
                                      "Original Hash Batches": 1,
                                      "Peak Memory Usage": 10,
                                      "Plans": [
                                        {
                                          "Node Type": "Seq Scan",
                                          "Parent Relationship": "Outer",
                                          "Parallel Aware": false,
                                          "Relation Name": "date_dim",
                                          "Alias": "d",
                                          "Startup Cost": 0.00,
                                          "Total Cost": 2318.11,
                                          "Plan Rows": 30,
                                          "Plan Width": 4,
                                          "Actual Startup Time": 23.503,
                                          "Actual Total Time": 29.969,
                                          "Actual Rows": 30,
                                          "Actual Loops": 1,
                                          "Filter": "(d_month_seq = $0)",
                                          "Rows Removed by Filter": 73019
                                        }
                                      ]
                                    }
                                  ]
                                },
                                {
                                  "Node Type": "Index Scan",
                                  "Parent Relationship": "Inner",
                                  "Parallel Aware": false,
                                  "Scan Direction": "Forward",
                                  "Index Name": "customer_pkey",
                                  "Relation Name": "customer",
                                  "Alias": "c",
                                  "Startup Cost": 0.29,
                                  "Total Cost": 0.31,
                                  "Plan Rows": 1,
                                  "Plan Width": 8,
                                  "Actual Startup Time": 0.009,
                                  "Actual Total Time": 0.009,
                                  "Actual Rows": 1,
                                  "Actual Loops": 25703,
                                  "Index Cond": "(c_customer_sk = s.ss_customer_sk)",
                                  "Rows Removed by Index Recheck": 0
                                }
                              ]
                            },
                            {
                              "Node Type": "Index Scan",
                              "Parent Relationship": "Inner",
                              "Parallel Aware": false,
                              "Scan Direction": "Forward",
                              "Index Name": "item_pkey",
                              "Relation Name": "item",
                              "Alias": "i",
                              "Startup Cost": 0.29,
                              "Total Cost": 1459.81,
                              "Plan Rows": 1,
                              "Plan Width": 4,
                              "Actual Startup Time": 12.926,
                              "Actual Total Time": 12.926,
                              "Actual Rows": 0,
                              "Actual Loops": 25097,
                              "Index Cond": "(i_item_sk = s.ss_item_sk)",
                              "Rows Removed by Index Recheck": 0,
                              "Filter": "(i_current_price > (1.2 * (SubPlan 2)))",
                              "Rows Removed by Filter": 1,
                              "Plans": [
                                {
                                  "Node Type": "Aggregate",
                                  "Strategy": "Plain",
                                  "Partial Mode": "Simple",
                                  "Parent Relationship": "SubPlan",
                                  "Subplan Name": "SubPlan 2",
                                  "Parallel Aware": false,
                                  "Startup Cost": 1459.49,
                                  "Total Cost": 1459.50,
                                  "Plan Rows": 1,
                                  "Plan Width": 32,
                                  "Actual Startup Time": 12.914,
                                  "Actual Total Time": 12.914,
                                  "Actual Rows": 1,
                                  "Actual Loops": 25097,
                                  "Plans": [
                                    {
                                      "Node Type": "Seq Scan",
                                      "Parent Relationship": "Outer",
                                      "Parallel Aware": false,
                                      "Relation Name": "item",
                                      "Alias": "j",
                                      "Startup Cost": 0.00,
                                      "Total Cost": 1455.00,
                                      "Plan Rows": 1796,
                                      "Plan Width": 6,
                                      "Actual Startup Time": 0.034,
                                      "Actual Total Time": 12.422,
                                      "Actual Rows": 1791,
                                      "Actual Loops": 25097,
                                      "Filter": "(i_category = i.i_category)",
                                      "Rows Removed by Filter": 16209
                                    }
                                  ]
                                }
                              ]
                            }
                          ]
                        },
                        {
                          "Node Type": "Index Scan",
                          "Parent Relationship": "Inner",
                          "Parallel Aware": false,
                          "Scan Direction": "Forward",
                          "Index Name": "customer_address_pkey",
                          "Relation Name": "customer_address",
                          "Alias": "a",
                          "Startup Cost": 0.29,
                          "Total Cost": 0.36,
                          "Plan Rows": 1,
                          "Plan Width": 7,
                          "Actual Startup Time": 0.255,
                          "Actual Total Time": 0.255,
                          "Actual Rows": 1,
                          "Actual Loops": 2539,
                          "Index Cond": "(ca_address_sk = c.c_current_addr_sk)",
                          "Rows Removed by Index Recheck": 0
                        }
                      ]
                    }
                  ]
                }
              ]
            }
          ]
        }
      ]
    },
    "Planning Time": 2.609,
    "Triggers": [
    ],
    "Execution Time": 327161.582
  }
]
SET
