[
  {
    "Plan": {
      "Node Type": "Limit",
      "Parallel Aware": false,
      "Startup Cost": 56273.79,
      "Total Cost": 56273.79,
      "Plan Rows": 2,
      "Plan Width": 148,
      "Actual Startup Time": 2767.006,
      "Actual Total Time": 2770.089,
      "Actual Rows": 100,
      "Actual Loops": 1,
      "Plans": [
        {
          "Node Type": "Sort",
          "Parent Relationship": "Outer",
          "Parallel Aware": false,
          "Startup Cost": 56273.79,
          "Total Cost": 56273.79,
          "Plan Rows": 2,
          "Plan Width": 148,
          "Actual Startup Time": 2767.005,
          "Actual Total Time": 2767.015,
          "Actual Rows": 100,
          "Actual Loops": 1,
          "Sort Key": ["(count(*)) DESC", "item.i_item_desc", "warehouse.w_warehouse_name", "d1.d_week_seq"],
          "Sort Method": "top-N heapsort",
          "Sort Space Used": 48,
          "Sort Space Type": "Memory",
          "Plans": [
            {
              "Node Type": "Aggregate",
              "Strategy": "Sorted",
              "Partial Mode": "Finalize",
              "Parent Relationship": "Outer",
              "Parallel Aware": false,
              "Startup Cost": 56273.60,
              "Total Cost": 56273.78,
              "Plan Rows": 2,
              "Plan Width": 148,
              "Actual Startup Time": 2757.086,
              "Actual Total Time": 2762.852,
              "Actual Rows": 2032,
              "Actual Loops": 1,
              "Group Key": ["item.i_item_desc", "warehouse.w_warehouse_name", "d1.d_week_seq"],
              "Plans": [
                {
                  "Node Type": "Gather Merge",
                  "Parent Relationship": "Outer",
                  "Parallel Aware": false,
                  "Startup Cost": 56273.60,
                  "Total Cost": 56273.74,
                  "Plan Rows": 1,
                  "Plan Width": 148,
                  "Actual Startup Time": 2757.076,
                  "Actual Total Time": 2764.085,
                  "Actual Rows": 2032,
                  "Actual Loops": 1,
                  "Workers Planned": 1,
                  "Workers Launched": 1,
                  "Plans": [
                    {
                      "Node Type": "Aggregate",
                      "Strategy": "Sorted",
                      "Partial Mode": "Partial",
                      "Parent Relationship": "Outer",
                      "Parallel Aware": false,
                      "Startup Cost": 55273.59,
                      "Total Cost": 55273.62,
                      "Plan Rows": 1,
                      "Plan Width": 148,
                      "Actual Startup Time": 2684.239,
                      "Actual Total Time": 2685.176,
                      "Actual Rows": 1016,
                      "Actual Loops": 2,
                      "Group Key": ["item.i_item_desc", "warehouse.w_warehouse_name", "d1.d_week_seq"],
                      "Plans": [
                        {
                          "Node Type": "Sort",
                          "Parent Relationship": "Outer",
                          "Parallel Aware": false,
                          "Startup Cost": 55273.59,
                          "Total Cost": 55273.60,
                          "Plan Rows": 1,
                          "Plan Width": 128,
                          "Actual Startup Time": 2684.221,
                          "Actual Total Time": 2684.336,
                          "Actual Rows": 1023,
                          "Actual Loops": 2,
                          "Sort Key": ["item.i_item_desc", "warehouse.w_warehouse_name", "d1.d_week_seq"],
                          "Sort Method": "quicksort",
                          "Sort Space Used": 207,
                          "Sort Space Type": "Memory",
                          "Workers": [
                            {
                              "Worker Number": 0,
                              "Sort Method": "quicksort",
                              "Sort Space Used": 281,
                              "Sort Space Type": "Memory"
                            }
                          ],
                          "Plans": [
                            {
                              "Node Type": "Nested Loop",
                              "Parent Relationship": "Outer",
                              "Parallel Aware": false,
                              "Join Type": "Left",
                              "Startup Cost": 47360.38,
                              "Total Cost": 55273.58,
                              "Plan Rows": 1,
                              "Plan Width": 128,
                              "Actual Startup Time": 1357.283,
                              "Actual Total Time": 2669.704,
                              "Actual Rows": 1023,
                              "Actual Loops": 2,
                              "Inner Unique": true,
                              "Plans": [
                                {
                                  "Node Type": "Nested Loop",
                                  "Parent Relationship": "Outer",
                                  "Parallel Aware": false,
                                  "Join Type": "Inner",
                                  "Startup Cost": 47360.23,
                                  "Total Cost": 55273.42,
                                  "Plan Rows": 1,
                                  "Plan Width": 128,
                                  "Actual Startup Time": 1357.098,
                                  "Actual Total Time": 2665.727,
                                  "Actual Rows": 1023,
                                  "Actual Loops": 2,
                                  "Inner Unique": true,
                                  "Join Filter": "(d3.d_date > (d1.d_date + 5))",
                                  "Rows Removed by Join Filter": 48,
                                  "Plans": [
                                    {
                                      "Node Type": "Nested Loop",
                                      "Parent Relationship": "Outer",
                                      "Parallel Aware": false,
                                      "Join Type": "Inner",
                                      "Startup Cost": 47359.94,
                                      "Total Cost": 55272.43,
                                      "Plan Rows": 3,
                                      "Plan Width": 136,
                                      "Actual Startup Time": 1356.857,
                                      "Actual Total Time": 2660.328,
                                      "Actual Rows": 1072,
                                      "Actual Loops": 2,
                                      "Inner Unique": true,
                                      "Plans": [
                                        {
                                          "Node Type": "Nested Loop",
                                          "Parent Relationship": "Outer",
                                          "Parallel Aware": false,
                                          "Join Type": "Inner",
                                          "Startup Cost": 47359.65,
                                          "Total Cost": 55271.50,
                                          "Plan Rows": 3,
                                          "Plan Width": 42,
                                          "Actual Startup Time": 1356.802,
                                          "Actual Total Time": 2649.623,
                                          "Actual Rows": 1072,
                                          "Actual Loops": 2,
                                          "Inner Unique": true,
                                          "Plans": [
                                            {
                                              "Node Type": "Nested Loop",
                                              "Parent Relationship": "Outer",
                                              "Parallel Aware": false,
                                              "Join Type": "Inner",
                                              "Startup Cost": 47359.52,
                                              "Total Cost": 55271.06,
                                              "Plan Rows": 3,
                                              "Plan Width": 28,
                                              "Actual Startup Time": 1356.681,
                                              "Actual Total Time": 2645.306,
                                              "Actual Rows": 1072,
                                              "Actual Loops": 2,
                                              "Inner Unique": false,
                                              "Plans": [
                                                {
                                                  "Node Type": "Hash Join",
                                                  "Parent Relationship": "Outer",
                                                  "Parallel Aware": true,
                                                  "Join Type": "Inner",
                                                  "Startup Cost": 47359.08,
                                                  "Total Cost": 49412.71,
                                                  "Plan Rows": 977,
                                                  "Plan Width": 28,
                                                  "Actual Startup Time": 1346.391,
                                                  "Actual Total Time": 1368.505,
                                                  "Actual Rows": 31496,
                                                  "Actual Loops": 2,
                                                  "Inner Unique": false,
                                                  "Hash Cond": "(d2.d_week_seq = d1.d_week_seq)",
                                                  "Plans": [
                                                    {
                                                      "Node Type": "Seq Scan",
                                                      "Parent Relationship": "Outer",
                                                      "Parallel Aware": true,
                                                      "Relation Name": "date_dim",
                                                      "Alias": "d2",
                                                      "Startup Cost": 0.00,
                                                      "Total Cost": 1834.70,
                                                      "Plan Rows": 42970,
                                                      "Plan Width": 8,
                                                      "Actual Startup Time": 0.016,
                                                      "Actual Total Time": 7.282,
                                                      "Actual Rows": 36524,
                                                      "Actual Loops": 2
                                                    },
                                                    {
                                                      "Node Type": "Hash",
                                                      "Parent Relationship": "Inner",
                                                      "Parallel Aware": true,
                                                      "Startup Cost": 47357.85,
                                                      "Total Cost": 47357.85,
                                                      "Plan Rows": 99,
                                                      "Plan Width": 24,
                                                      "Actual Startup Time": 1339.554,
                                                      "Actual Total Time": 1339.554,
                                                      "Actual Rows": 4500,
                                                      "Actual Loops": 2,
                                                      "Hash Buckets": 16384,
                                                      "Original Hash Buckets": 1024,
                                                      "Hash Batches": 1,
                                                      "Original Hash Batches": 1,
                                                      "Peak Memory Usage": 792,
                                                      "Plans": [
                                                        {
                                                          "Node Type": "Nested Loop",
                                                          "Parent Relationship": "Outer",
                                                          "Parallel Aware": false,
                                                          "Join Type": "Inner",
                                                          "Startup Cost": 2103.23,
                                                          "Total Cost": 47357.85,
                                                          "Plan Rows": 99,
                                                          "Plan Width": 24,
                                                          "Actual Startup Time": 237.969,
                                                          "Actual Total Time": 1207.436,
                                                          "Actual Rows": 4500,
                                                          "Actual Loops": 2,
                                                          "Inner Unique": true,
                                                          "Plans": [
                                                            {
                                                              "Node Type": "Hash Join",
                                                              "Parent Relationship": "Outer",
                                                              "Parallel Aware": false,
                                                              "Join Type": "Inner",
                                                              "Startup Cost": 2102.80,
                                                              "Total Cost": 47099.64,
                                                              "Plan Rows": 494,
                                                              "Plan Width": 28,
                                                              "Actual Startup Time": 216.925,
                                                              "Actual Total Time": 416.652,
                                                              "Actual Rows": 23700,
                                                              "Actual Loops": 2,
                                                              "Inner Unique": true,
                                                              "Hash Cond": "(catalog_sales.cs_bill_hdemo_sk = household_demographics.hd_demo_sk)",
                                                              "Plans": [
                                                                {
                                                                  "Node Type": "Hash Join",
                                                                  "Parent Relationship": "Outer",
                                                                  "Parallel Aware": true,
                                                                  "Join Type": "Inner",
                                                                  "Startup Cost": 1944.80,
                                                                  "Total Cost": 46933.82,
                                                                  "Plan Rows": 2979,
                                                                  "Plan Width": 32,
                                                                  "Actual Startup Time": 212.563,
                                                                  "Actual Total Time": 381.958,
                                                                  "Actual Rows": 142846,
                                                                  "Actual Loops": 2,
                                                                  "Inner Unique": true,
                                                                  "Hash Cond": "(catalog_sales.cs_sold_date_sk = d1.d_date_sk)",
                                                                  "Plans": [
                                                                    {
                                                                      "Node Type": "Seq Scan",
                                                                      "Parent Relationship": "Outer",
                                                                      "Parallel Aware": true,
                                                                      "Relation Name": "catalog_sales",
                                                                      "Alias": "catalog_sales",
                                                                      "Startup Cost": 0.00,
                                                                      "Total Cost": 43412.07,
                                                                      "Plan Rows": 600708,
                                                                      "Plan Width": 32,
                                                                      "Actual Startup Time": 0.027,
                                                                      "Actual Total Time": 182.365,
                                                                      "Actual Rows": 720774,
                                                                      "Actual Loops": 2
                                                                    },
                                                                    {
                                                                      "Node Type": "Hash",
                                                                      "Parent Relationship": "Inner",
                                                                      "Parallel Aware": true,
                                                                      "Startup Cost": 1942.12,
                                                                      "Total Cost": 1942.12,
                                                                      "Plan Rows": 214,
                                                                      "Plan Width": 12,
                                                                      "Actual Startup Time": 8.043,
                                                                      "Actual Total Time": 8.043,
                                                                      "Actual Rows": 182,
                                                                      "Actual Loops": 2,
                                                                      "Hash Buckets": 1024,
                                                                      "Original Hash Buckets": 1024,
                                                                      "Hash Batches": 1,
                                                                      "Original Hash Batches": 1,
                                                                      "Peak Memory Usage": 72,
                                                                      "Plans": [
                                                                        {
                                                                          "Node Type": "Seq Scan",
                                                                          "Parent Relationship": "Outer",
                                                                          "Parallel Aware": true,
                                                                          "Relation Name": "date_dim",
                                                                          "Alias": "d1",
                                                                          "Startup Cost": 0.00,
                                                                          "Total Cost": 1942.12,
                                                                          "Plan Rows": 214,
                                                                          "Plan Width": 12,
                                                                          "Actual Startup Time": 3.721,
                                                                          "Actual Total Time": 7.966,
                                                                          "Actual Rows": 182,
                                                                          "Actual Loops": 2,
                                                                          "Filter": "(d_year = 1999)",
                                                                          "Rows Removed by Filter": 36342
                                                                        }
                                                                      ]
                                                                    }
                                                                  ]
                                                                },
                                                                {
                                                                  "Node Type": "Hash",
                                                                  "Parent Relationship": "Inner",
                                                                  "Parallel Aware": false,
                                                                  "Startup Cost": 143.00,
                                                                  "Total Cost": 143.00,
                                                                  "Plan Rows": 1200,
                                                                  "Plan Width": 4,
                                                                  "Actual Startup Time": 4.129,
                                                                  "Actual Total Time": 4.129,
                                                                  "Actual Rows": 1200,
                                                                  "Actual Loops": 2,
                                                                  "Hash Buckets": 2048,
                                                                  "Original Hash Buckets": 2048,
                                                                  "Hash Batches": 1,
                                                                  "Original Hash Batches": 1,
                                                                  "Peak Memory Usage": 59,
                                                                  "Plans": [
                                                                    {
                                                                      "Node Type": "Seq Scan",
                                                                      "Parent Relationship": "Outer",
                                                                      "Parallel Aware": false,
                                                                      "Relation Name": "household_demographics",
                                                                      "Alias": "household_demographics",
                                                                      "Startup Cost": 0.00,
                                                                      "Total Cost": 143.00,
                                                                      "Plan Rows": 1200,
                                                                      "Plan Width": 4,
                                                                      "Actual Startup Time": 0.041,
                                                                      "Actual Total Time": 3.727,
                                                                      "Actual Rows": 1200,
                                                                      "Actual Loops": 2,
                                                                      "Filter": "(hd_buy_potential = '1001-5000'::bpchar)",
                                                                      "Rows Removed by Filter": 6000
                                                                    }
                                                                  ]
                                                                }
                                                              ]
                                                            },
                                                            {
                                                              "Node Type": "Index Scan",
                                                              "Parent Relationship": "Inner",
                                                              "Parallel Aware": false,
                                                              "Scan Direction": "Forward",
                                                              "Index Name": "customer_demographics_pkey",
                                                              "Relation Name": "customer_demographics",
                                                              "Alias": "customer_demographics",
                                                              "Startup Cost": 0.43,
                                                              "Total Cost": 0.52,
                                                              "Plan Rows": 1,
                                                              "Plan Width": 4,
                                                              "Actual Startup Time": 0.033,
                                                              "Actual Total Time": 0.033,
                                                              "Actual Rows": 0,
                                                              "Actual Loops": 47400,
                                                              "Index Cond": "(cd_demo_sk = catalog_sales.cs_bill_cdemo_sk)",
                                                              "Rows Removed by Index Recheck": 0,
                                                              "Filter": "(cd_marital_status = 'U'::bpchar)",
                                                              "Rows Removed by Filter": 1
                                                            }
                                                          ]
                                                        }
                                                      ]
                                                    }
                                                  ]
                                                },
                                                {
                                                  "Node Type": "Index Scan",
                                                  "Parent Relationship": "Inner",
                                                  "Parallel Aware": false,
                                                  "Scan Direction": "Forward",
                                                  "Index Name": "inventory_pkey",
                                                  "Relation Name": "inventory",
                                                  "Alias": "inventory",
                                                  "Startup Cost": 0.43,
                                                  "Total Cost": 5.99,
                                                  "Plan Rows": 1,
                                                  "Plan Width": 16,
                                                  "Actual Startup Time": 0.038,
                                                  "Actual Total Time": 0.040,
                                                  "Actual Rows": 0,
                                                  "Actual Loops": 62993,
                                                  "Index Cond": "((inv_date_sk = d2.d_date_sk) AND (inv_item_sk = catalog_sales.cs_item_sk))",
                                                  "Rows Removed by Index Recheck": 0,
                                                  "Filter": "(inv_quantity_on_hand < catalog_sales.cs_quantity)",
                                                  "Rows Removed by Filter": 1
                                                }
                                              ]
                                            },
                                            {
                                              "Node Type": "Index Scan",
                                              "Parent Relationship": "Inner",
                                              "Parallel Aware": false,
                                              "Scan Direction": "Forward",
                                              "Index Name": "warehouse_pkey",
                                              "Relation Name": "warehouse",
                                              "Alias": "warehouse",
                                              "Startup Cost": 0.13,
                                              "Total Cost": 0.15,
                                              "Plan Rows": 1,
                                              "Plan Width": 22,
                                              "Actual Startup Time": 0.002,
                                              "Actual Total Time": 0.002,
                                              "Actual Rows": 1,
                                              "Actual Loops": 2143,
                                              "Index Cond": "(w_warehouse_sk = inventory.inv_warehouse_sk)",
                                              "Rows Removed by Index Recheck": 0
                                            }
                                          ]
                                        },
                                        {
                                          "Node Type": "Index Scan",
                                          "Parent Relationship": "Inner",
                                          "Parallel Aware": false,
                                          "Scan Direction": "Forward",
                                          "Index Name": "item_pkey",
                                          "Relation Name": "item",
                                          "Alias": "item",
                                          "Startup Cost": 0.29,
                                          "Total Cost": 0.31,
                                          "Plan Rows": 1,
                                          "Plan Width": 106,
                                          "Actual Startup Time": 0.009,
                                          "Actual Total Time": 0.009,
                                          "Actual Rows": 1,
                                          "Actual Loops": 2143,
                                          "Index Cond": "(i_item_sk = catalog_sales.cs_item_sk)",
                                          "Rows Removed by Index Recheck": 0
                                        }
                                      ]
                                    },
                                    {
                                      "Node Type": "Index Scan",
                                      "Parent Relationship": "Inner",
                                      "Parallel Aware": false,
                                      "Scan Direction": "Forward",
                                      "Index Name": "date_dim_pkey",
                                      "Relation Name": "date_dim",
                                      "Alias": "d3",
                                      "Startup Cost": 0.29,
                                      "Total Cost": 0.31,
                                      "Plan Rows": 1,
                                      "Plan Width": 8,
                                      "Actual Startup Time": 0.004,
                                      "Actual Total Time": 0.004,
                                      "Actual Rows": 1,
                                      "Actual Loops": 2143,
                                      "Index Cond": "(d_date_sk = catalog_sales.cs_ship_date_sk)",
                                      "Rows Removed by Index Recheck": 0
                                    }
                                  ]
                                },
                                {
                                  "Node Type": "Index Only Scan",
                                  "Parent Relationship": "Inner",
                                  "Parallel Aware": false,
                                  "Scan Direction": "Forward",
                                  "Index Name": "promotion_pkey",
                                  "Relation Name": "promotion",
                                  "Alias": "promotion",
                                  "Startup Cost": 0.15,
                                  "Total Cost": 0.17,
                                  "Plan Rows": 1,
                                  "Plan Width": 4,
                                  "Actual Startup Time": 0.003,
                                  "Actual Total Time": 0.003,
                                  "Actual Rows": 1,
                                  "Actual Loops": 2046,
                                  "Index Cond": "(p_promo_sk = catalog_sales.cs_promo_sk)",
                                  "Rows Removed by Index Recheck": 0,
                                  "Heap Fetches": 2046
                                }
                              ]
                            }
                          ]
                        }
                      ]
                    }
                  ]
                }
              ]
            }
          ]
        }
      ]
    },
    "Planning Time": 34.594,
    "Triggers": [
    ],
    "Execution Time": 2770.329
  }
]
