[
  {
    "Plan": {
      "Node Type": "Limit",
      "Parallel Aware": false,
      "Startup Cost": 59568.30,
      "Total Cost": 59568.31,
      "Plan Rows": 1,
      "Plan Width": 32,
      "Actual Startup Time": 593.466,
      "Actual Total Time": 593.467,
      "Actual Rows": 1,
      "Actual Loops": 1,
      "Plans": [
        {
          "Node Type": "Aggregate",
          "Strategy": "Plain",
          "Partial Mode": "Simple",
          "Parent Relationship": "Outer",
          "Parallel Aware": false,
          "Startup Cost": 59568.30,
          "Total Cost": 59568.31,
          "Plan Rows": 1,
          "Plan Width": 32,
          "Actual Startup Time": 593.464,
          "Actual Total Time": 593.465,
          "Actual Rows": 1,
          "Actual Loops": 1,
          "Plans": [
            {
              "Node Type": "Hash Join",
              "Parent Relationship": "Outer",
              "Parallel Aware": false,
              "Join Type": "Inner",
              "Startup Cost": 3957.05,
              "Total Cost": 59568.30,
              "Plan Rows": 1,
              "Plan Width": 6,
              "Actual Startup Time": 40.099,
              "Actual Total Time": 593.445,
              "Actual Rows": 11,
              "Actual Loops": 1,
              "Inner Unique": true,
              "Hash Cond": "(catalog_sales.cs_item_sk = item.i_item_sk)",
              "Join Filter": "(catalog_sales.cs_ext_discount_amt > (SubPlan 1))",
              "Rows Removed by Join Filter": 20,
              "Plans": [
                {
                  "Node Type": "Hash Join",
                  "Parent Relationship": "Outer",
                  "Parallel Aware": false,
                  "Join Type": "Inner",
                  "Startup Cost": 2501.85,
                  "Total Cost": 58108.51,
                  "Plan Rows": 1748,
                  "Plan Width": 10,
                  "Actual Startup Time": 15.900,
                  "Actual Total Time": 560.580,
                  "Actual Rows": 41128,
                  "Actual Loops": 1,
                  "Inner Unique": true,
                  "Hash Cond": "(catalog_sales.cs_sold_date_sk = date_dim.d_date_sk)",
                  "Plans": [
                    {
                      "Node Type": "Seq Scan",
                      "Parent Relationship": "Outer",
                      "Parallel Aware": false,
                      "Relation Name": "catalog_sales",
                      "Alias": "catalog_sales",
                      "Startup Cost": 0.00,
                      "Total Cost": 51821.98,
                      "Plan Rows": 1441698,
                      "Plan Width": 14,
                      "Actual Startup Time": 0.015,
                      "Actual Total Time": 304.446,
                      "Actual Rows": 1441548,
                      "Actual Loops": 1
                    },
                    {
                      "Node Type": "Hash",
                      "Parent Relationship": "Inner",
                      "Parallel Aware": false,
                      "Startup Cost": 2500.73,
                      "Total Cost": 2500.73,
                      "Plan Rows": 89,
                      "Plan Width": 4,
                      "Actual Startup Time": 13.074,
                      "Actual Total Time": 13.074,
                      "Actual Rows": 91,
                      "Actual Loops": 1,
                      "Hash Buckets": 1024,
                      "Original Hash Buckets": 1024,
                      "Hash Batches": 1,
                      "Original Hash Batches": 1,
                      "Peak Memory Usage": 12,
                      "Plans": [
                        {
                          "Node Type": "Seq Scan",
                          "Parent Relationship": "Outer",
                          "Parallel Aware": false,
                          "Relation Name": "date_dim",
                          "Alias": "date_dim",
                          "Startup Cost": 0.00,
                          "Total Cost": 2500.73,
                          "Plan Rows": 89,
                          "Plan Width": 4,
                          "Actual Startup Time": 6.217,
                          "Actual Total Time": 13.043,
                          "Actual Rows": 91,
                          "Actual Loops": 1,
                          "Filter": "((d_date >= '1998-02-25'::date) AND (d_date <= '1998-05-26'::date))",
                          "Rows Removed by Filter": 72958
                        }
                      ]
                    }
                  ]
                },
                {
                  "Node Type": "Hash",
                  "Parent Relationship": "Inner",
                  "Parallel Aware": false,
                  "Startup Cost": 1455.00,
                  "Total Cost": 1455.00,
                  "Plan Rows": 16,
                  "Plan Width": 4,
                  "Actual Startup Time": 11.486,
                  "Actual Total Time": 11.486,
                  "Actual Rows": 12,
                  "Actual Loops": 1,
                  "Hash Buckets": 1024,
                  "Original Hash Buckets": 1024,
                  "Hash Batches": 1,
                  "Original Hash Batches": 1,
                  "Peak Memory Usage": 9,
                  "Plans": [
                    {
                      "Node Type": "Seq Scan",
                      "Parent Relationship": "Outer",
                      "Parallel Aware": false,
                      "Relation Name": "item",
                      "Alias": "item",
                      "Startup Cost": 0.00,
                      "Total Cost": 1455.00,
                      "Plan Rows": 16,
                      "Plan Width": 4,
                      "Actual Startup Time": 0.857,
                      "Actual Total Time": 11.469,
                      "Actual Rows": 12,
                      "Actual Loops": 1,
                      "Filter": "(i_manufact_id = 434)",
                      "Rows Removed by Filter": 17988
                    }
                  ]
                },
                {
                  "Node Type": "Aggregate",
                  "Strategy": "Plain",
                  "Partial Mode": "Simple",
                  "Parent Relationship": "SubPlan",
                  "Subplan Name": "SubPlan 1",
                  "Parallel Aware": false,
                  "Startup Cost": 1009.29,
                  "Total Cost": 1009.30,
                  "Plan Rows": 1,
                  "Plan Width": 32,
                  "Actual Startup Time": 0.502,
                  "Actual Total Time": 0.502,
                  "Actual Rows": 1,
                  "Actual Loops": 31,
                  "Plans": [
                    {
                      "Node Type": "Nested Loop",
                      "Parent Relationship": "Outer",
                      "Parallel Aware": false,
                      "Join Type": "Inner",
                      "Startup Cost": 5.40,
                      "Total Cost": 1009.29,
                      "Plan Rows": 1,
                      "Plan Width": 6,
                      "Actual Startup Time": 0.070,
                      "Actual Total Time": 0.495,
                      "Actual Rows": 6,
                      "Actual Loops": 31,
                      "Inner Unique": true,
                      "Plans": [
                        {
                          "Node Type": "Bitmap Heap Scan",
                          "Parent Relationship": "Outer",
                          "Parallel Aware": false,
                          "Relation Name": "catalog_sales",
                          "Alias": "catalog_sales_1",
                          "Startup Cost": 5.11,
                          "Total Cost": 345.40,
                          "Plan Rows": 88,
                          "Plan Width": 10,
                          "Actual Startup Time": 0.034,
                          "Actual Total Time": 0.191,
                          "Actual Rows": 93,
                          "Actual Loops": 31,
                          "Recheck Cond": "(cs_item_sk = item.i_item_sk)",
                          "Rows Removed by Index Recheck": 0,
                          "Exact Heap Blocks": 2894,
                          "Lossy Heap Blocks": 0,
                          "Plans": [
                            {
                              "Node Type": "Bitmap Index Scan",
                              "Parent Relationship": "Outer",
                              "Parallel Aware": false,
                              "Index Name": "catalog_sales_pkey",
                              "Startup Cost": 0.00,
                              "Total Cost": 5.09,
                              "Plan Rows": 88,
                              "Plan Width": 0,
                              "Actual Startup Time": 0.020,
                              "Actual Total Time": 0.020,
                              "Actual Rows": 93,
                              "Actual Loops": 31,
                              "Index Cond": "(cs_item_sk = item.i_item_sk)"
                            }
                          ]
                        },
                        {
                          "Node Type": "Index Scan",
                          "Parent Relationship": "Inner",
                          "Parallel Aware": false,
                          "Scan Direction": "Forward",
                          "Index Name": "date_dim_pkey",
                          "Relation Name": "date_dim",
                          "Alias": "date_dim_1",
                          "Startup Cost": 0.29,
                          "Total Cost": 7.54,
                          "Plan Rows": 1,
                          "Plan Width": 4,
                          "Actual Startup Time": 0.003,
                          "Actual Total Time": 0.003,
                          "Actual Rows": 0,
                          "Actual Loops": 2894,
                          "Index Cond": "(d_date_sk = catalog_sales_1.cs_sold_date_sk)",
                          "Rows Removed by Index Recheck": 0,
                          "Filter": "((d_date >= '1998-02-25'::date) AND (d_date <= '1998-05-26'::date))",
                          "Rows Removed by Filter": 1
                        }
                      ]
                    }
                  ]
                }
              ]
            }
          ]
        }
      ]
    },
    "Planning Time": 0.674,
    "Triggers": [
    ],
    "Execution Time": 593.592
  }
]
SET
