[
  {
    "Plan": {
      "Node Type": "Sort",
      "Parallel Aware": false,
      "Startup Cost": 91814.38,
      "Total Cost": 91814.42,
      "Plan Rows": 18,
      "Plan Width": 77,
      "Actual Startup Time": 1439.646,
      "Actual Total Time": 1439.647,
      "Actual Rows": 3,
      "Actual Loops": 1,
      "Sort Key": ["(count(*)) DESC", "customer.c_last_name"],
      "Sort Method": "quicksort",
      "Sort Space Used": 25,
      "Sort Space Type": "Memory",
      "Plans": [
        {
          "Node Type": "Nested Loop",
          "Parent Relationship": "Outer",
          "Parallel Aware": false,
          "Join Type": "Inner",
          "Startup Cost": 91659.55,
          "Total Cost": 91814.00,
          "Plan Rows": 18,
          "Plan Width": 77,
          "Actual Startup Time": 1437.289,
          "Actual Total Time": 1439.631,
          "Actual Rows": 3,
          "Actual Loops": 1,
          "Inner Unique": true,
          "Plans": [
            {
              "Node Type": "Aggregate",
              "Strategy": "Sorted",
              "Partial Mode": "Simple",
              "Parent Relationship": "Outer",
              "Parallel Aware": false,
              "Startup Cost": 91659.26,
              "Total Cost": 91664.24,
              "Plan Rows": 18,
              "Plan Width": 16,
              "Actual Startup Time": 1436.307,
              "Actual Total Time": 1439.491,
              "Actual Rows": 78,
              "Actual Loops": 1,
              "Group Key": ["store_sales.ss_ticket_number", "store_sales.ss_customer_sk"],
              "Filter": "((count(*) >= 1) AND (count(*) <= 5))",
              "Rows Removed by Filter": 1021,
              "Plans": [
                {
                  "Node Type": "Sort",
                  "Parent Relationship": "Outer",
                  "Parallel Aware": false,
                  "Startup Cost": 91659.26,
                  "Total Cost": 91659.68,
                  "Plan Rows": 166,
                  "Plan Width": 8,
                  "Actual Startup Time": 1436.256,
                  "Actual Total Time": 1437.088,
                  "Actual Rows": 11358,
                  "Actual Loops": 1,
                  "Sort Key": ["store_sales.ss_ticket_number", "store_sales.ss_customer_sk"],
                  "Sort Method": "quicksort",
                  "Sort Space Used": 917,
                  "Sort Space Type": "Memory",
                  "Plans": [
                    {
                      "Node Type": "Nested Loop",
                      "Parent Relationship": "Outer",
                      "Parallel Aware": false,
                      "Join Type": "Inner",
                      "Startup Cost": 2777.17,
                      "Total Cost": 91653.14,
                      "Plan Rows": 166,
                      "Plan Width": 8,
                      "Actual Startup Time": 25.912,
                      "Actual Total Time": 1430.156,
                      "Actual Rows": 11358,
                      "Actual Loops": 1,
                      "Inner Unique": true,
                      "Plans": [
                        {
                          "Node Type": "Hash Join",
                          "Parent Relationship": "Outer",
                          "Parallel Aware": false,
                          "Join Type": "Inner",
                          "Startup Cost": 2776.89,
                          "Total Cost": 90848.36,
                          "Plan Rows": 2554,
                          "Plan Width": 12,
                          "Actual Startup Time": 25.310,
                          "Actual Total Time": 1114.547,
                          "Actual Rows": 103454,
                          "Actual Loops": 1,
                          "Inner Unique": true,
                          "Hash Cond": "(store_sales.ss_store_sk = store.s_store_sk)",
                          "Plans": [
                            {
                              "Node Type": "Hash Join",
                              "Parent Relationship": "Outer",
                              "Parallel Aware": false,
                              "Join Type": "Inner",
                              "Startup Cost": 2775.56,
                              "Total Cost": 90837.65,
                              "Plan Rows": 2673,
                              "Plan Width": 16,
                              "Actual Startup Time": 25.280,
                              "Actual Total Time": 1070.424,
                              "Actual Rows": 105935,
                              "Actual Loops": 1,
                              "Inner Unique": true,
                              "Hash Cond": "(store_sales.ss_sold_date_sk = date_dim.d_date_sk)",
                              "Plans": [
                                {
                                  "Node Type": "Seq Scan",
                                  "Parent Relationship": "Outer",
                                  "Parallel Aware": false,
                                  "Relation Name": "store_sales",
                                  "Alias": "store_sales",
                                  "Startup Cost": 0.00,
                                  "Total Cost": 80500.49,
                                  "Plan Rows": 2880449,
                                  "Plan Width": 20,
                                  "Actual Startup Time": 0.013,
                                  "Actual Total Time": 552.563,
                                  "Actual Rows": 2880404,
                                  "Actual Loops": 1
                                },
                                {
                                  "Node Type": "Hash",
                                  "Parent Relationship": "Inner",
                                  "Parallel Aware": false,
                                  "Startup Cost": 2774.67,
                                  "Total Cost": 2774.67,
                                  "Plan Rows": 71,
                                  "Plan Width": 4,
                                  "Actual Startup Time": 25.167,
                                  "Actual Total Time": 25.168,
                                  "Actual Rows": 72,
                                  "Actual Loops": 1,
                                  "Hash Buckets": 1024,
                                  "Original Hash Buckets": 1024,
                                  "Hash Batches": 1,
                                  "Original Hash Batches": 1,
                                  "Peak Memory Usage": 11,
                                  "Plans": [
                                    {
                                      "Node Type": "Seq Scan",
                                      "Parent Relationship": "Outer",
                                      "Parallel Aware": false,
                                      "Relation Name": "date_dim",
                                      "Alias": "date_dim",
                                      "Startup Cost": 0.00,
                                      "Total Cost": 2774.67,
                                      "Plan Rows": 71,
                                      "Plan Width": 4,
                                      "Actual Startup Time": 12.739,
                                      "Actual Total Time": 25.135,
                                      "Actual Rows": 72,
                                      "Actual Loops": 1,
                                      "Filter": "((d_dom >= 1) AND (d_dom <= 2) AND (d_year = ANY ('{1998,1999,2000}'::integer[])))",
                                      "Rows Removed by Filter": 72977
                                    }
                                  ]
                                }
                              ]
                            },
                            {
                              "Node Type": "Hash",
                              "Parent Relationship": "Inner",
                              "Parallel Aware": false,
                              "Startup Cost": 1.18,
                              "Total Cost": 1.18,
                              "Plan Rows": 12,
                              "Plan Width": 4,
                              "Actual Startup Time": 0.024,
                              "Actual Total Time": 0.024,
                              "Actual Rows": 12,
                              "Actual Loops": 1,
                              "Hash Buckets": 1024,
                              "Original Hash Buckets": 1024,
                              "Hash Batches": 1,
                              "Original Hash Batches": 1,
                              "Peak Memory Usage": 9,
                              "Plans": [
                                {
                                  "Node Type": "Seq Scan",
                                  "Parent Relationship": "Outer",
                                  "Parallel Aware": false,
                                  "Relation Name": "store",
                                  "Alias": "store",
                                  "Startup Cost": 0.00,
                                  "Total Cost": 1.18,
                                  "Plan Rows": 12,
                                  "Plan Width": 4,
                                  "Actual Startup Time": 0.011,
                                  "Actual Total Time": 0.018,
                                  "Actual Rows": 12,
                                  "Actual Loops": 1,
                                  "Filter": "((s_county)::text = ANY ('{\"Williamson County\",\"Williamson County\",\"Williamson County\",\"Williamson County\"}'::text[]))",
                                  "Rows Removed by Filter": 0
                                }
                              ]
                            }
                          ]
                        },
                        {
                          "Node Type": "Index Scan",
                          "Parent Relationship": "Inner",
                          "Parallel Aware": false,
                          "Scan Direction": "Forward",
                          "Index Name": "household_demographics_pkey",
                          "Relation Name": "household_demographics",
                          "Alias": "household_demographics",
                          "Startup Cost": 0.28,
                          "Total Cost": 0.32,
                          "Plan Rows": 1,
                          "Plan Width": 4,
                          "Actual Startup Time": 0.003,
                          "Actual Total Time": 0.003,
                          "Actual Rows": 0,
                          "Actual Loops": 103454,
                          "Index Cond": "(hd_demo_sk = store_sales.ss_hdemo_sk)",
                          "Rows Removed by Index Recheck": 0,
                          "Filter": "((hd_vehicle_count > 0) AND ((hd_buy_potential = '1001-5000'::bpchar) OR (hd_buy_potential = '0-500'::bpchar)) AND (CASE WHEN (hd_vehicle_count > 0) THEN (hd_dep_count / hd_vehicle_count) ELSE NULL::integer END > 1))",
                          "Rows Removed by Filter": 1
                        }
                      ]
                    }
                  ]
                }
              ]
            },
            {
              "Node Type": "Index Scan",
              "Parent Relationship": "Inner",
              "Parallel Aware": false,
              "Scan Direction": "Forward",
              "Index Name": "customer_pkey",
              "Relation Name": "customer",
              "Alias": "customer",
              "Startup Cost": 0.29,
              "Total Cost": 8.31,
              "Plan Rows": 1,
              "Plan Width": 69,
              "Actual Startup Time": 0.001,
              "Actual Total Time": 0.001,
              "Actual Rows": 0,
              "Actual Loops": 78,
              "Index Cond": "(c_customer_sk = store_sales.ss_customer_sk)",
              "Rows Removed by Index Recheck": 0
            }
          ]
        }
      ]
    },
    "Planning Time": 0.709,
    "Triggers": [
    ],
    "Execution Time": 1439.779
  }
]
