                                                       QUERY PLAN                                                       
------------------------------------------------------------------------------------------------------------------------
 [                                                                                                                     +
   {                                                                                                                   +
     "Plan": {                                                                                                         +
       "Node Type": "Limit",                                                                                           +
       "Parallel Aware": false,                                                                                        +
       "Startup Cost": 48224.40,                                                                                       +
       "Total Cost": 48224.40,                                                                                         +
       "Plan Rows": 1,                                                                                                 +
       "Plan Width": 32,                                                                                               +
       "Actual Startup Time": 366.201,                                                                                 +
       "Actual Total Time": 366.202,                                                                                   +
       "Actual Rows": 1,                                                                                               +
       "Actual Loops": 1,                                                                                              +
       "Plans": [                                                                                                      +
         {                                                                                                             +
           "Node Type": "Sort",                                                                                        +
           "Parent Relationship": "Outer",                                                                             +
           "Parallel Aware": false,                                                                                    +
           "Startup Cost": 48224.40,                                                                                   +
           "Total Cost": 48224.40,                                                                                     +
           "Plan Rows": 1,                                                                                             +
           "Plan Width": 32,                                                                                           +
           "Actual Startup Time": 366.200,                                                                             +
           "Actual Total Time": 366.200,                                                                               +
           "Actual Rows": 1,                                                                                           +
           "Actual Loops": 1,                                                                                          +
           "Sort Key": ["((((count(*)))::numeric(15,4) / ((count(*)))::numeric(15,4)))"],                              +
           "Sort Method": "quicksort",                                                                                 +
           "Sort Space Used": 25,                                                                                      +
           "Sort Space Type": "Memory",                                                                                +
           "Plans": [                                                                                                  +
             {                                                                                                         +
               "Node Type": "Nested Loop",                                                                             +
               "Parent Relationship": "Outer",                                                                         +
               "Parallel Aware": false,                                                                                +
               "Join Type": "Inner",                                                                                   +
               "Startup Cost": 48224.32,                                                                               +
               "Total Cost": 48224.39,                                                                                 +
               "Plan Rows": 1,                                                                                         +
               "Plan Width": 32,                                                                                       +
               "Actual Startup Time": 366.191,                                                                         +
               "Actual Total Time": 366.192,                                                                           +
               "Actual Rows": 1,                                                                                       +
               "Actual Loops": 1,                                                                                      +
               "Inner Unique": false,                                                                                  +
               "Plans": [                                                                                              +
                 {                                                                                                     +
                   "Node Type": "Aggregate",                                                                           +
                   "Strategy": "Plain",                                                                                +
                   "Partial Mode": "Finalize",                                                                         +
                   "Parent Relationship": "Outer",                                                                     +
                   "Parallel Aware": false,                                                                            +
                   "Startup Cost": 24112.16,                                                                           +
                   "Total Cost": 24112.17,                                                                             +
                   "Plan Rows": 1,                                                                                     +
                   "Plan Width": 8,                                                                                    +
                   "Actual Startup Time": 173.176,                                                                     +
                   "Actual Total Time": 173.176,                                                                       +
                   "Actual Rows": 1,                                                                                   +
                   "Actual Loops": 1,                                                                                  +
                   "Plans": [                                                                                          +
                     {                                                                                                 +
                       "Node Type": "Gather",                                                                          +
                       "Parent Relationship": "Outer",                                                                 +
                       "Parallel Aware": false,                                                                        +
                       "Startup Cost": 24111.95,                                                                       +
                       "Total Cost": 24112.16,                                                                         +
                       "Plan Rows": 2,                                                                                 +
                       "Plan Width": 8,                                                                                +
                       "Actual Startup Time": 173.026,                                                                 +
                       "Actual Total Time": 173.212,                                                                   +
                       "Actual Rows": 3,                                                                               +
                       "Actual Loops": 1,                                                                              +
                       "Workers Planned": 2,                                                                           +
                       "Workers Launched": 2,                                                                          +
                       "Single Copy": false,                                                                           +
                       "Plans": [                                                                                      +
                         {                                                                                             +
                           "Node Type": "Aggregate",                                                                   +
                           "Strategy": "Plain",                                                                        +
                           "Partial Mode": "Partial",                                                                  +
                           "Parent Relationship": "Outer",                                                             +
                           "Parallel Aware": false,                                                                    +
                           "Startup Cost": 23111.95,                                                                   +
                           "Total Cost": 23111.96,                                                                     +
                           "Plan Rows": 1,                                                                             +
                           "Plan Width": 8,                                                                            +
                           "Actual Startup Time": 169.020,                                                             +
                           "Actual Total Time": 169.020,                                                               +
                           "Actual Rows": 1,                                                                           +
                           "Actual Loops": 3,                                                                          +
                           "Plans": [                                                                                  +
                             {                                                                                         +
                               "Node Type": "Nested Loop",                                                             +
                               "Parent Relationship": "Outer",                                                         +
                               "Parallel Aware": false,                                                                +
                               "Join Type": "Inner",                                                                   +
                               "Startup Cost": 155.22,                                                                 +
                               "Total Cost": 23111.74,                                                                 +
                               "Plan Rows": 82,                                                                        +
                               "Plan Width": 0,                                                                        +
                               "Actual Startup Time": 2.765,                                                           +
                               "Actual Total Time": 168.981,                                                           +
                               "Actual Rows": 38,                                                                      +
                               "Actual Loops": 3,                                                                      +
                               "Inner Unique": true,                                                                   +
                               "Plans": [                                                                              +
                                 {                                                                                     +
                                   "Node Type": "Hash Join",                                                           +
                                   "Parent Relationship": "Outer",                                                     +
                                   "Parallel Aware": false,                                                            +
                                   "Join Type": "Inner",                                                               +
                                   "Startup Cost": 154.93,                                                             +
                                   "Total Cost": 22787.97,                                                             +
                                   "Plan Rows": 999,                                                                   +
                                   "Plan Width": 4,                                                                    +
                                   "Actual Startup Time": 2.246,                                                       +
                                   "Actual Total Time": 144.918,                                                       +
                                   "Actual Rows": 457,                                                                 +
                                   "Actual Loops": 3,                                                                  +
                                   "Inner Unique": true,                                                               +
                                   "Hash Cond": "(web_sales.ws_ship_hdemo_sk = household_demographics.hd_demo_sk)",    +
                                   "Plans": [                                                                          +
                                     {                                                                                 +
                                       "Node Type": "Hash Join",                                                       +
                                       "Parent Relationship": "Outer",                                                 +
                                       "Parallel Aware": false,                                                        +
                                       "Join Type": "Inner",                                                           +
                                       "Startup Cost": 2.92,                                                           +
                                       "Total Cost": 22609.74,                                                         +
                                       "Plan Rows": 9989,                                                              +
                                       "Plan Width": 8,                                                                +
                                       "Actual Startup Time": 0.205,                                                   +
                                       "Actual Total Time": 141.730,                                                   +
                                       "Actual Rows": 4684,                                                            +
                                       "Actual Loops": 3,                                                              +
                                       "Inner Unique": true,                                                           +
                                       "Hash Cond": "(web_sales.ws_web_page_sk = web_page.wp_web_page_sk)",            +
                                       "Plans": [                                                                      +
                                         {                                                                             +
                                           "Node Type": "Seq Scan",                                                    +
                                           "Parent Relationship": "Outer",                                             +
                                           "Parallel Aware": true,                                                     +
                                           "Relation Name": "web_sales",                                               +
                                           "Alias": "web_sales",                                                       +
                                           "Startup Cost": 0.00,                                                       +
                                           "Total Cost": 21764.43,                                                     +
                                           "Plan Rows": 299743,                                                        +
                                           "Plan Width": 12,                                                           +
                                           "Actual Startup Time": 0.014,                                               +
                                           "Actual Total Time": 68.798,                                                +
                                           "Actual Rows": 239795,                                                      +
                                           "Actual Loops": 3                                                           +
                                         },                                                                            +
                                         {                                                                             +
                                           "Node Type": "Hash",                                                        +
                                           "Parent Relationship": "Inner",                                             +
                                           "Parallel Aware": false,                                                    +
                                           "Startup Cost": 2.90,                                                       +
                                           "Total Cost": 2.90,                                                         +
                                           "Plan Rows": 2,                                                             +
                                           "Plan Width": 4,                                                            +
                                           "Actual Startup Time": 0.062,                                               +
                                           "Actual Total Time": 0.063,                                                 +
                                           "Actual Rows": 1,                                                           +
                                           "Actual Loops": 3,                                                          +
                                           "Hash Buckets": 1024,                                                       +
                                           "Original Hash Buckets": 1024,                                              +
                                           "Hash Batches": 1,                                                          +
                                           "Original Hash Batches": 1,                                                 +
                                           "Peak Memory Usage": 9,                                                     +
                                           "Plans": [                                                                  +
                                             {                                                                         +
                                               "Node Type": "Seq Scan",                                                +
                                               "Parent Relationship": "Outer",                                         +
                                               "Parallel Aware": false,                                                +
                                               "Relation Name": "web_page",                                            +
                                               "Alias": "web_page",                                                    +
                                               "Startup Cost": 0.00,                                                   +
                                               "Total Cost": 2.90,                                                     +
                                               "Plan Rows": 2,                                                         +
                                               "Plan Width": 4,                                                        +
                                               "Actual Startup Time": 0.043,                                           +
                                               "Actual Total Time": 0.056,                                             +
                                               "Actual Rows": 1,                                                       +
                                               "Actual Loops": 3,                                                      +
                                               "Filter": "((wp_char_count >= 5000) AND (wp_char_count <= 5200))",      +
                                               "Rows Removed by Filter": 59                                            +
                                             }                                                                         +
                                           ]                                                                           +
                                         }                                                                             +
                                       ]                                                                               +
                                     },                                                                                +
                                     {                                                                                 +
                                       "Node Type": "Hash",                                                            +
                                       "Parent Relationship": "Inner",                                                 +
                                       "Parallel Aware": false,                                                        +
                                       "Startup Cost": 143.00,                                                         +
                                       "Total Cost": 143.00,                                                           +
                                       "Plan Rows": 720,                                                               +
                                       "Plan Width": 4,                                                                +
                                       "Actual Startup Time": 1.635,                                                   +
                                       "Actual Total Time": 1.635,                                                     +
                                       "Actual Rows": 720,                                                             +
                                       "Actual Loops": 3,                                                              +
                                       "Hash Buckets": 1024,                                                           +
                                       "Original Hash Buckets": 1024,                                                  +
                                       "Hash Batches": 1,                                                              +
                                       "Original Hash Batches": 1,                                                     +
                                       "Peak Memory Usage": 34,                                                        +
                                       "Plans": [                                                                      +
                                         {                                                                             +
                                           "Node Type": "Seq Scan",                                                    +
                                           "Parent Relationship": "Outer",                                             +
                                           "Parallel Aware": false,                                                    +
                                           "Relation Name": "household_demographics",                                  +
                                           "Alias": "household_demographics",                                          +
                                           "Startup Cost": 0.00,                                                       +
                                           "Total Cost": 143.00,                                                       +
                                           "Plan Rows": 720,                                                           +
                                           "Plan Width": 4,                                                            +
                                           "Actual Startup Time": 0.093,                                               +
                                           "Actual Total Time": 1.448,                                                 +
                                           "Actual Rows": 720,                                                         +
                                           "Actual Loops": 3,                                                          +
                                           "Filter": "(hd_dep_count = 3)",                                             +
                                           "Rows Removed by Filter": 6480                                              +
                                         }                                                                             +
                                       ]                                                                               +
                                     }                                                                                 +
                                   ]                                                                                   +
                                 },                                                                                    +
                                 {                                                                                     +
                                   "Node Type": "Index Scan",                                                          +
                                   "Parent Relationship": "Inner",                                                     +
                                   "Parallel Aware": false,                                                            +
                                   "Scan Direction": "Forward",                                                        +
                                   "Index Name": "time_dim_pkey",                                                      +
                                   "Relation Name": "time_dim",                                                        +
                                   "Alias": "time_dim",                                                                +
                                   "Startup Cost": 0.29,                                                               +
                                   "Total Cost": 0.32,                                                                 +
                                   "Plan Rows": 1,                                                                     +
                                   "Plan Width": 4,                                                                    +
                                   "Actual Startup Time": 0.051,                                                       +
                                   "Actual Total Time": 0.051,                                                         +
                                   "Actual Rows": 0,                                                                   +
                                   "Actual Loops": 1370,                                                               +
                                   "Index Cond": "(t_time_sk = web_sales.ws_sold_time_sk)",                            +
                                   "Rows Removed by Index Recheck": 0,                                                 +
                                   "Filter": "((t_hour >= 8) AND (t_hour <= 9))",                                      +
                                   "Rows Removed by Filter": 1                                                         +
                                 }                                                                                     +
                               ]                                                                                       +
                             }                                                                                         +
                           ]                                                                                           +
                         }                                                                                             +
                       ]                                                                                               +
                     }                                                                                                 +
                   ]                                                                                                   +
                 },                                                                                                    +
                 {                                                                                                     +
                   "Node Type": "Aggregate",                                                                           +
                   "Strategy": "Plain",                                                                                +
                   "Partial Mode": "Finalize",                                                                         +
                   "Parent Relationship": "Inner",                                                                     +
                   "Parallel Aware": false,                                                                            +
                   "Startup Cost": 24112.16,                                                                           +
                   "Total Cost": 24112.17,                                                                             +
                   "Plan Rows": 1,                                                                                     +
                   "Plan Width": 8,                                                                                    +
                   "Actual Startup Time": 192.986,                                                                     +
                   "Actual Total Time": 192.987,                                                                       +
                   "Actual Rows": 1,                                                                                   +
                   "Actual Loops": 1,                                                                                  +
                   "Plans": [                                                                                          +
                     {                                                                                                 +
                       "Node Type": "Gather",                                                                          +
                       "Parent Relationship": "Outer",                                                                 +
                       "Parallel Aware": false,                                                                        +
                       "Startup Cost": 24111.95,                                                                       +
                       "Total Cost": 24112.16,                                                                         +
                       "Plan Rows": 2,                                                                                 +
                       "Plan Width": 8,                                                                                +
                       "Actual Startup Time": 192.831,                                                                 +
                       "Actual Total Time": 196.381,                                                                   +
                       "Actual Rows": 3,                                                                               +
                       "Actual Loops": 1,                                                                              +
                       "Workers Planned": 2,                                                                           +
                       "Workers Launched": 2,                                                                          +
                       "Single Copy": false,                                                                           +
                       "Plans": [                                                                                      +
                         {                                                                                             +
                           "Node Type": "Aggregate",                                                                   +
                           "Strategy": "Plain",                                                                        +
                           "Partial Mode": "Partial",                                                                  +
                           "Parent Relationship": "Outer",                                                             +
                           "Parallel Aware": false,                                                                    +
                           "Startup Cost": 23111.95,                                                                   +
                           "Total Cost": 23111.96,                                                                     +
                           "Plan Rows": 1,                                                                             +
                           "Plan Width": 8,                                                                            +
                           "Actual Startup Time": 187.607,                                                             +
                           "Actual Total Time": 187.607,                                                               +
                           "Actual Rows": 1,                                                                           +
                           "Actual Loops": 3,                                                                          +
                           "Plans": [                                                                                  +
                             {                                                                                         +
                               "Node Type": "Nested Loop",                                                             +
                               "Parent Relationship": "Outer",                                                         +
                               "Parallel Aware": false,                                                                +
                               "Join Type": "Inner",                                                                   +
                               "Startup Cost": 155.22,                                                                 +
                               "Total Cost": 23111.74,                                                                 +
                               "Plan Rows": 83,                                                                        +
                               "Plan Width": 0,                                                                        +
                               "Actual Startup Time": 7.373,                                                           +
                               "Actual Total Time": 187.551,                                                           +
                               "Actual Rows": 57,                                                                      +
                               "Actual Loops": 3,                                                                      +
                               "Inner Unique": true,                                                                   +
                               "Plans": [                                                                              +
                                 {                                                                                     +
                                   "Node Type": "Hash Join",                                                           +
                                   "Parent Relationship": "Outer",                                                     +
                                   "Parallel Aware": false,                                                            +
                                   "Join Type": "Inner",                                                               +
                                   "Startup Cost": 154.93,                                                             +
                                   "Total Cost": 22787.97,                                                             +
                                   "Plan Rows": 999,                                                                   +
                                   "Plan Width": 4,                                                                    +
                                   "Actual Startup Time": 2.696,                                                       +
                                   "Actual Total Time": 181.557,                                                       +
                                   "Actual Rows": 457,                                                                 +
                                   "Actual Loops": 3,                                                                  +
                                   "Inner Unique": true,                                                               +
                                   "Hash Cond": "(web_sales_1.ws_ship_hdemo_sk = household_demographics_1.hd_demo_sk)",+
                                   "Plans": [                                                                          +
                                     {                                                                                 +
                                       "Node Type": "Hash Join",                                                       +
                                       "Parent Relationship": "Outer",                                                 +
                                       "Parallel Aware": false,                                                        +
                                       "Join Type": "Inner",                                                           +
                                       "Startup Cost": 2.92,                                                           +
                                       "Total Cost": 22609.74,                                                         +
                                       "Plan Rows": 9989,                                                              +
                                       "Plan Width": 8,                                                                +
                                       "Actual Startup Time": 0.353,                                                   +
                                       "Actual Total Time": 177.508,                                                   +
                                       "Actual Rows": 4684,                                                            +
                                       "Actual Loops": 3,                                                              +
                                       "Inner Unique": true,                                                           +
                                       "Hash Cond": "(web_sales_1.ws_web_page_sk = web_page_1.wp_web_page_sk)",        +
                                       "Plans": [                                                                      +
                                         {                                                                             +
                                           "Node Type": "Seq Scan",                                                    +
                                           "Parent Relationship": "Outer",                                             +
                                           "Parallel Aware": true,                                                     +
                                           "Relation Name": "web_sales",                                               +
                                           "Alias": "web_sales_1",                                                     +
                                           "Startup Cost": 0.00,                                                       +
                                           "Total Cost": 21764.43,                                                     +
                                           "Plan Rows": 299743,                                                        +
                                           "Plan Width": 12,                                                           +
                                           "Actual Startup Time": 0.060,                                               +
                                           "Actual Total Time": 86.825,                                                +
                                           "Actual Rows": 239795,                                                      +
                                           "Actual Loops": 3                                                           +
                                         },                                                                            +
                                         {                                                                             +
                                           "Node Type": "Hash",                                                        +
                                           "Parent Relationship": "Inner",                                             +
                                           "Parallel Aware": false,                                                    +
                                           "Startup Cost": 2.90,                                                       +
                                           "Total Cost": 2.90,                                                         +
                                           "Plan Rows": 2,                                                             +
                                           "Plan Width": 4,                                                            +
                                           "Actual Startup Time": 0.096,                                               +
                                           "Actual Total Time": 0.096,                                                 +
                                           "Actual Rows": 1,                                                           +
                                           "Actual Loops": 3,                                                          +
                                           "Hash Buckets": 1024,                                                       +
                                           "Original Hash Buckets": 1024,                                              +
                                           "Hash Batches": 1,                                                          +
                                           "Original Hash Batches": 1,                                                 +
                                           "Peak Memory Usage": 9,                                                     +
                                           "Plans": [                                                                  +
                                             {                                                                         +
                                               "Node Type": "Seq Scan",                                                +
                                               "Parent Relationship": "Outer",                                         +
                                               "Parallel Aware": false,                                                +
                                               "Relation Name": "web_page",                                            +
                                               "Alias": "web_page_1",                                                  +
                                               "Startup Cost": 0.00,                                                   +
                                               "Total Cost": 2.90,                                                     +
                                               "Plan Rows": 2,                                                         +
                                               "Plan Width": 4,                                                        +
                                               "Actual Startup Time": 0.063,                                           +
                                               "Actual Total Time": 0.084,                                             +
                                               "Actual Rows": 1,                                                       +
                                               "Actual Loops": 3,                                                      +
                                               "Filter": "((wp_char_count >= 5000) AND (wp_char_count <= 5200))",      +
                                               "Rows Removed by Filter": 59                                            +
                                             }                                                                         +
                                           ]                                                                           +
                                         }                                                                             +
                                       ]                                                                               +
                                     },                                                                                +
                                     {                                                                                 +
                                       "Node Type": "Hash",                                                            +
                                       "Parent Relationship": "Inner",                                                 +
                                       "Parallel Aware": false,                                                        +
                                       "Startup Cost": 143.00,                                                         +
                                       "Total Cost": 143.00,                                                           +
                                       "Plan Rows": 720,                                                               +
                                       "Plan Width": 4,                                                                +
                                       "Actual Startup Time": 2.184,                                                   +
                                       "Actual Total Time": 2.184,                                                     +
                                       "Actual Rows": 720,                                                             +
                                       "Actual Loops": 3,                                                              +
                                       "Hash Buckets": 1024,                                                           +
                                       "Original Hash Buckets": 1024,                                                  +
                                       "Hash Batches": 1,                                                              +
                                       "Original Hash Batches": 1,                                                     +
                                       "Peak Memory Usage": 34,                                                        +
                                       "Plans": [                                                                      +
                                         {                                                                             +
                                           "Node Type": "Seq Scan",                                                    +
                                           "Parent Relationship": "Outer",                                             +
                                           "Parallel Aware": false,                                                    +
                                           "Relation Name": "household_demographics",                                  +
                                           "Alias": "household_demographics_1",                                        +
                                           "Startup Cost": 0.00,                                                       +
                                           "Total Cost": 143.00,                                                       +
                                           "Plan Rows": 720,                                                           +
                                           "Plan Width": 4,                                                            +
                                           "Actual Startup Time": 0.132,                                               +
                                           "Actual Total Time": 1.933,                                                 +
                                           "Actual Rows": 720,                                                         +
                                           "Actual Loops": 3,                                                          +
                                           "Filter": "(hd_dep_count = 3)",                                             +
                                           "Rows Removed by Filter": 6480                                              +
                                         }                                                                             +
                                       ]                                                                               +
                                     }                                                                                 +
                                   ]                                                                                   +
                                 },                                                                                    +
                                 {                                                                                     +
                                   "Node Type": "Index Scan",                                                          +
                                   "Parent Relationship": "Inner",                                                     +
                                   "Parallel Aware": false,                                                            +
                                   "Scan Direction": "Forward",                                                        +
                                   "Index Name": "time_dim_pkey",                                                      +
                                   "Relation Name": "time_dim",                                                        +
                                   "Alias": "time_dim_1",                                                              +
                                   "Startup Cost": 0.29,                                                               +
                                   "Total Cost": 0.32,                                                                 +
                                   "Plan Rows": 1,                                                                     +
                                   "Plan Width": 4,                                                                    +
                                   "Actual Startup Time": 0.012,                                                       +
                                   "Actual Total Time": 0.012,                                                         +
                                   "Actual Rows": 0,                                                                   +
                                   "Actual Loops": 1370,                                                               +
                                   "Index Cond": "(t_time_sk = web_sales_1.ws_sold_time_sk)",                          +
                                   "Rows Removed by Index Recheck": 0,                                                 +
                                   "Filter": "((t_hour >= 20) AND (t_hour <= 21))",                                    +
                                   "Rows Removed by Filter": 1                                                         +
                                 }                                                                                     +
                               ]                                                                                       +
                             }                                                                                         +
                           ]                                                                                           +
                         }                                                                                             +
                       ]                                                                                               +
                     }                                                                                                 +
                   ]                                                                                                   +
                 }                                                                                                     +
               ]                                                                                                       +
             }                                                                                                         +
           ]                                                                                                           +
         }                                                                                                             +
       ]                                                                                                               +
     },                                                                                                                +
     "Planning Time": 3.177,                                                                                           +
     "Triggers": [                                                                                                     +
     ],                                                                                                                +
     "Execution Time": 369.797                                                                                         +
   }                                                                                                                   +
 ]
(1 row)

