[
  {
    "Plan": {
      "Node Type": "Sort",
      "Parallel Aware": false,
      "Startup Cost": 898951.17,
      "Total Cost": 898951.18,
      "Plan Rows": 1,
      "Plan Width": 210,
      "Actual Startup Time": 43026.131,
      "Actual Total Time": 43026.136,
      "Actual Rows": 43,
      "Actual Loops": 1,
      "Sort Key": ["((ss3.store_sales / ss2.store_sales))"],
      "Sort Method": "quicksort",
      "Sort Space Used": 31,
      "Sort Space Type": "Memory",
      "Plans": [
        {
          "Node Type": "Aggregate",
          "Strategy": "Sorted",
          "Partial Mode": "Simple",
          "Parent Relationship": "InitPlan",
          "Subplan Name": "CTE ss",
          "Parallel Aware": false,
          "Startup Cost": 535090.61,
          "Total Cost": 586379.46,
          "Plan Rows": 1476800,
          "Plan Width": 54,
          "Actual Startup Time": 17026.198,
          "Actual Total Time": 19744.083,
          "Actual Rows": 35136,
          "Actual Loops": 1,
          "Group Key": ["customer_address.ca_county", "date_dim.d_qoy", "date_dim.d_year"],
          "Plans": [
            {
              "Node Type": "Sort",
              "Parent Relationship": "Outer",
              "Parallel Aware": false,
              "Startup Cost": 535090.61,
              "Total Cost": 541656.38,
              "Plan Rows": 2626308,
              "Plan Width": 28,
              "Actual Startup Time": 17026.147,
              "Actual Total Time": 18543.499,
              "Actual Rows": 2685273,
              "Actual Loops": 1,
              "Sort Key": ["customer_address.ca_county", "date_dim.d_qoy", "date_dim.d_year"],
              "Sort Method": "external merge",
              "Sort Space Used": 107248,
              "Sort Space Type": "Disk",
              "Plans": [
                {
                  "Node Type": "Hash Join",
                  "Parent Relationship": "Outer",
                  "Parallel Aware": false,
                  "Join Type": "Inner",
                  "Startup Cost": 5617.60,
                  "Total Cost": 129387.71,
                  "Plan Rows": 2626308,
                  "Plan Width": 28,
                  "Actual Startup Time": 84.332,
                  "Actual Total Time": 3949.335,
                  "Actual Rows": 2685273,
                  "Actual Loops": 1,
                  "Inner Unique": true,
                  "Hash Cond": "(store_sales.ss_addr_sk = customer_address.ca_address_sk)",
                  "Plans": [
                    {
                      "Node Type": "Hash Join",
                      "Parent Relationship": "Outer",
                      "Parallel Aware": false,
                      "Join Type": "Inner",
                      "Startup Cost": 3405.60,
                      "Total Cost": 119954.69,
                      "Plan Rows": 2750637,
                      "Plan Width": 18,
                      "Actual Startup Time": 51.433,
                      "Actual Total Time": 2898.919,
                      "Actual Rows": 2750311,
                      "Actual Loops": 1,
                      "Inner Unique": true,
                      "Hash Cond": "(store_sales.ss_sold_date_sk = date_dim.d_date_sk)",
                      "Plans": [
                        {
                          "Node Type": "Seq Scan",
                          "Parent Relationship": "Outer",
                          "Parallel Aware": false,
                          "Relation Name": "store_sales",
                          "Alias": "store_sales",
                          "Startup Cost": 0.00,
                          "Total Cost": 80500.49,
                          "Plan Rows": 2880449,
                          "Plan Width": 14,
                          "Actual Startup Time": 0.025,
                          "Actual Total Time": 1271.749,
                          "Actual Rows": 2880404,
                          "Actual Loops": 1
                        },
                        {
                          "Node Type": "Hash",
                          "Parent Relationship": "Inner",
                          "Parallel Aware": false,
                          "Startup Cost": 2135.49,
                          "Total Cost": 2135.49,
                          "Plan Rows": 73049,
                          "Plan Width": 12,
                          "Actual Startup Time": 51.310,
                          "Actual Total Time": 51.310,
                          "Actual Rows": 73049,
                          "Actual Loops": 1,
                          "Hash Buckets": 131072,
                          "Original Hash Buckets": 131072,
                          "Hash Batches": 2,
                          "Original Hash Batches": 2,
                          "Peak Memory Usage": 2593,
                          "Plans": [
                            {
                              "Node Type": "Seq Scan",
                              "Parent Relationship": "Outer",
                              "Parallel Aware": false,
                              "Relation Name": "date_dim",
                              "Alias": "date_dim",
                              "Startup Cost": 0.00,
                              "Total Cost": 2135.49,
                              "Plan Rows": 73049,
                              "Plan Width": 12,
                              "Actual Startup Time": 0.008,
                              "Actual Total Time": 24.283,
                              "Actual Rows": 73049,
                              "Actual Loops": 1
                            }
                          ]
                        }
                      ]
                    },
                    {
                      "Node Type": "Hash",
                      "Parent Relationship": "Inner",
                      "Parallel Aware": false,
                      "Startup Cost": 1587.00,
                      "Total Cost": 1587.00,
                      "Plan Rows": 50000,
                      "Plan Width": 18,
                      "Actual Startup Time": 32.828,
                      "Actual Total Time": 32.829,
                      "Actual Rows": 50000,
                      "Actual Loops": 1,
                      "Hash Buckets": 65536,
                      "Original Hash Buckets": 65536,
                      "Hash Batches": 1,
                      "Original Hash Batches": 1,
                      "Peak Memory Usage": 3052,
                      "Plans": [
                        {
                          "Node Type": "Seq Scan",
                          "Parent Relationship": "Outer",
                          "Parallel Aware": false,
                          "Relation Name": "customer_address",
                          "Alias": "customer_address",
                          "Startup Cost": 0.00,
                          "Total Cost": 1587.00,
                          "Plan Rows": 50000,
                          "Plan Width": 18,
                          "Actual Startup Time": 0.014,
                          "Actual Total Time": 16.752,
                          "Actual Rows": 50000,
                          "Actual Loops": 1
                        }
                      ]
                    }
                  ]
                }
              ]
            }
          ]
        },
        {
          "Node Type": "Aggregate",
          "Strategy": "Sorted",
          "Partial Mode": "Simple",
          "Parent Relationship": "InitPlan",
          "Subplan Name": "CTE ws",
          "Parallel Aware": false,
          "Startup Cost": 129894.49,
          "Total Cost": 147871.29,
          "Plan Rows": 719072,
          "Plan Width": 54,
          "Actual Startup Time": 4546.455,
          "Actual Total Time": 5316.372,
          "Actual Rows": 23320,
          "Actual Loops": 1,
          "Group Key": ["customer_address_1.ca_county", "date_dim_1.d_qoy", "date_dim_1.d_year"],
          "Plans": [
            {
              "Node Type": "Sort",
              "Parent Relationship": "Outer",
              "Parallel Aware": false,
              "Startup Cost": 129894.49,
              "Total Cost": 131692.17,
              "Plan Rows": 719072,
              "Plan Width": 28,
              "Actual Startup Time": 4546.415,
              "Actual Total Time": 4975.312,
              "Actual Rows": 719118,
              "Actual Loops": 1,
              "Sort Key": ["customer_address_1.ca_county", "date_dim_1.d_qoy", "date_dim_1.d_year"],
              "Sort Method": "external merge",
              "Sort Space Used": 28856,
              "Sort Space Type": "Disk",
              "Plans": [
                {
                  "Node Type": "Hash Join",
                  "Parent Relationship": "Outer",
                  "Parallel Aware": false,
                  "Join Type": "Inner",
                  "Startup Cost": 5617.60,
                  "Total Cost": 42737.97,
                  "Plan Rows": 719072,
                  "Plan Width": 28,
                  "Actual Startup Time": 85.408,
                  "Actual Total Time": 1234.941,
                  "Actual Rows": 719118,
                  "Actual Loops": 1,
                  "Inner Unique": true,
                  "Hash Cond": "(web_sales.ws_bill_addr_sk = customer_address_1.ca_address_sk)",
                  "Plans": [
                    {
                      "Node Type": "Hash Join",
                      "Parent Relationship": "Outer",
                      "Parallel Aware": false,
                      "Join Type": "Inner",
                      "Startup Cost": 3405.60,
                      "Total Cost": 38637.94,
                      "Plan Rows": 719192,
                      "Plan Width": 18,
                      "Actual Startup Time": 50.355,
                      "Actual Total Time": 924.997,
                      "Actual Rows": 719195,
                      "Actual Loops": 1,
                      "Inner Unique": true,
                      "Hash Cond": "(web_sales.ws_sold_date_sk = date_dim_1.d_date_sk)",
                      "Plans": [
                        {
                          "Node Type": "Seq Scan",
                          "Parent Relationship": "Outer",
                          "Parallel Aware": false,
                          "Relation Name": "web_sales",
                          "Alias": "web_sales",
                          "Startup Cost": 0.00,
                          "Total Cost": 25960.84,
                          "Plan Rows": 719384,
                          "Plan Width": 14,
                          "Actual Startup Time": 0.022,
                          "Actual Total Time": 415.040,
                          "Actual Rows": 719384,
                          "Actual Loops": 1
                        },
                        {
                          "Node Type": "Hash",
                          "Parent Relationship": "Inner",
                          "Parallel Aware": false,
                          "Startup Cost": 2135.49,
                          "Total Cost": 2135.49,
                          "Plan Rows": 73049,
                          "Plan Width": 12,
                          "Actual Startup Time": 50.161,
                          "Actual Total Time": 50.161,
                          "Actual Rows": 73049,
                          "Actual Loops": 1,
                          "Hash Buckets": 131072,
                          "Original Hash Buckets": 131072,
                          "Hash Batches": 2,
                          "Original Hash Batches": 2,
                          "Peak Memory Usage": 2593,
                          "Plans": [
                            {
                              "Node Type": "Seq Scan",
                              "Parent Relationship": "Outer",
                              "Parallel Aware": false,
                              "Relation Name": "date_dim",
                              "Alias": "date_dim_1",
                              "Startup Cost": 0.00,
                              "Total Cost": 2135.49,
                              "Plan Rows": 73049,
                              "Plan Width": 12,
                              "Actual Startup Time": 0.008,
                              "Actual Total Time": 23.664,
                              "Actual Rows": 73049,
                              "Actual Loops": 1
                            }
                          ]
                        }
                      ]
                    },
                    {
                      "Node Type": "Hash",
                      "Parent Relationship": "Inner",
                      "Parallel Aware": false,
                      "Startup Cost": 1587.00,
                      "Total Cost": 1587.00,
                      "Plan Rows": 50000,
                      "Plan Width": 18,
                      "Actual Startup Time": 34.712,
                      "Actual Total Time": 34.712,
                      "Actual Rows": 50000,
                      "Actual Loops": 1,
                      "Hash Buckets": 65536,
                      "Original Hash Buckets": 65536,
                      "Hash Batches": 1,
                      "Original Hash Batches": 1,
                      "Peak Memory Usage": 3052,
                      "Plans": [
                        {
                          "Node Type": "Seq Scan",
                          "Parent Relationship": "Outer",
                          "Parallel Aware": false,
                          "Relation Name": "customer_address",
                          "Alias": "customer_address_1",
                          "Startup Cost": 0.00,
                          "Total Cost": 1587.00,
                          "Plan Rows": 50000,
                          "Plan Width": 18,
                          "Actual Startup Time": 0.018,
                          "Actual Total Time": 17.229,
                          "Actual Rows": 50000,
                          "Actual Loops": 1
                        }
                      ]
                    }
                  ]
                }
              ]
            }
          ]
        },
        {
          "Node Type": "Nested Loop",
          "Parent Relationship": "Outer",
          "Parallel Aware": false,
          "Join Type": "Inner",
          "Startup Cost": 0.00,
          "Total Cost": 164700.41,
          "Plan Rows": 1,
          "Plan Width": 210,
          "Actual Startup Time": 25321.101,
          "Actual Total Time": 43025.963,
          "Actual Rows": 43,
          "Actual Loops": 1,
          "Inner Unique": false,
          "Join Filter": "(((ss1.ca_county)::text = (ws2.ca_county)::text) AND (CASE WHEN (ws1.web_sales > '0'::numeric) THEN (ws2.web_sales / ws1.web_sales) ELSE NULL::numeric END > CASE WHEN (ss1.store_sales > '0'::numeric) THEN (ss2.store_sales / ss1.store_sales) ELSE NULL::numeric END) AND (CASE WHEN (ws2.web_sales > '0'::numeric) THEN (ws3.web_sales / ws2.web_sales) ELSE NULL::numeric END > CASE WHEN (ss2.store_sales > '0'::numeric) THEN (ss3.store_sales / ss2.store_sales) ELSE NULL::numeric END))",
          "Rows Removed by Join Filter": 527207,
          "Plans": [
            {
              "Node Type": "Nested Loop",
              "Parent Relationship": "Outer",
              "Parallel Aware": false,
              "Join Type": "Inner",
              "Startup Cost": 0.00,
              "Total Cost": 146722.93,
              "Plan Rows": 1,
              "Plan Width": 554,
              "Actual Startup Time": 21585.553,
              "Actual Total Time": 39891.719,
              "Actual Rows": 570,
              "Actual Loops": 1,
              "Inner Unique": false,
              "Join Filter": "((ss1.ca_county)::text = (ss3.ca_county)::text)",
              "Rows Removed by Join Filter": 1038674,
              "Plans": [
                {
                  "Node Type": "Nested Loop",
                  "Parent Relationship": "Outer",
                  "Parallel Aware": false,
                  "Join Type": "Inner",
                  "Startup Cost": 0.00,
                  "Total Cost": 109802.47,
                  "Plan Rows": 1,
                  "Plan Width": 444,
                  "Actual Startup Time": 21584.043,
                  "Actual Total Time": 33501.090,
                  "Actual Rows": 578,
                  "Actual Loops": 1,
                  "Inner Unique": false,
                  "Join Filter": "((ss1.ca_county)::text = (ss2.ca_county)::text)",
                  "Rows Removed by Join Filter": 1008217,
                  "Plans": [
                    {
                      "Node Type": "Nested Loop",
                      "Parent Relationship": "Outer",
                      "Parallel Aware": false,
                      "Join Type": "Inner",
                      "Startup Cost": 0.00,
                      "Total Cost": 72882.00,
                      "Plan Rows": 1,
                      "Plan Width": 334,
                      "Actual Startup Time": 21582.740,
                      "Actual Total Time": 29604.131,
                      "Actual Rows": 617,
                      "Actual Loops": 1,
                      "Inner Unique": false,
                      "Join Filter": "((ws1.ca_county)::text = (ss1.ca_county)::text)",
                      "Rows Removed by Join Filter": 1089697,
                      "Plans": [
                        {
                          "Node Type": "Nested Loop",
                          "Parent Relationship": "Outer",
                          "Parallel Aware": false,
                          "Join Type": "Inner",
                          "Startup Cost": 0.00,
                          "Total Cost": 35960.71,
                          "Plan Rows": 2,
                          "Plan Width": 220,
                          "Actual Startup Time": 4549.541,
                          "Actual Total Time": 8352.954,
                          "Actual Rows": 662,
                          "Actual Loops": 1,
                          "Inner Unique": false,
                          "Join Filter": "((ws1.ca_county)::text = (ws3.ca_county)::text)",
                          "Rows Removed by Join Filter": 1148109,
                          "Plans": [
                            {
                              "Node Type": "CTE Scan",
                              "Parent Relationship": "Outer",
                              "Parallel Aware": false,
                              "CTE Name": "ws",
                              "Alias": "ws1",
                              "Startup Cost": 0.00,
                              "Total Cost": 17976.80,
                              "Plan Rows": 18,
                              "Plan Width": 110,
                              "Actual Startup Time": 4548.684,
                              "Actual Total Time": 4553.045,
                              "Actual Rows": 911,
                              "Actual Loops": 1,
                              "Filter": "((d_qoy = 1) AND (d_year = 1999))",
                              "Rows Removed by Filter": 22409
                            },
                            {
                              "Node Type": "CTE Scan",
                              "Parent Relationship": "Inner",
                              "Parallel Aware": false,
                              "CTE Name": "ws",
                              "Alias": "ws3",
                              "Startup Cost": 0.00,
                              "Total Cost": 17976.80,
                              "Plan Rows": 18,
                              "Plan Width": 110,
                              "Actual Startup Time": 0.001,
                              "Actual Total Time": 3.999,
                              "Actual Rows": 1261,
                              "Actual Loops": 911,
                              "Filter": "((d_year = 1999) AND (d_qoy = 3))",
                              "Rows Removed by Filter": 22059
                            }
                          ]
                        },
                        {
                          "Node Type": "CTE Scan",
                          "Parent Relationship": "Inner",
                          "Parallel Aware": false,
                          "CTE Name": "ss",
                          "Alias": "ss1",
                          "Startup Cost": 0.00,
                          "Total Cost": 36920.00,
                          "Plan Rows": 37,
                          "Plan Width": 114,
                          "Actual Startup Time": 25.720,
                          "Actual Total Time": 31.875,
                          "Actual Rows": 1647,
                          "Actual Loops": 662,
                          "Filter": "((d_qoy = 1) AND (d_year = 1999))",
                          "Rows Removed by Filter": 33489
                        }
                      ]
                    },
                    {
                      "Node Type": "CTE Scan",
                      "Parent Relationship": "Inner",
                      "Parallel Aware": false,
                      "CTE Name": "ss",
                      "Alias": "ss2",
                      "Startup Cost": 0.00,
                      "Total Cost": 36920.00,
                      "Plan Rows": 37,
                      "Plan Width": 110,
                      "Actual Startup Time": 0.001,
                      "Actual Total Time": 6.093,
                      "Actual Rows": 1635,
                      "Actual Loops": 617,
                      "Filter": "((d_year = 1999) AND (d_qoy = 2))",
                      "Rows Removed by Filter": 33501
                    }
                  ]
                },
                {
                  "Node Type": "CTE Scan",
                  "Parent Relationship": "Inner",
                  "Parallel Aware": false,
                  "CTE Name": "ss",
                  "Alias": "ss3",
                  "Startup Cost": 0.00,
                  "Total Cost": 36920.00,
                  "Plan Rows": 37,
                  "Plan Width": 110,
                  "Actual Startup Time": 0.002,
                  "Actual Total Time": 10.809,
                  "Actual Rows": 1798,
                  "Actual Loops": 578,
                  "Filter": "((d_year = 1999) AND (d_qoy = 3))",
                  "Rows Removed by Filter": 33338
                }
              ]
            },
            {
              "Node Type": "CTE Scan",
              "Parent Relationship": "Inner",
              "Parallel Aware": false,
              "CTE Name": "ws",
              "Alias": "ws2",
              "Startup Cost": 0.00,
              "Total Cost": 17976.80,
              "Plan Rows": 18,
              "Plan Width": 110,
              "Actual Startup Time": 0.001,
              "Actual Total Time": 5.342,
              "Actual Rows": 925,
              "Actual Loops": 570,
              "Filter": "((d_year = 1999) AND (d_qoy = 2))",
              "Rows Removed by Filter": 22395
            }
          ]
        }
      ]
    },
    "Planning Time": 4.313,
    "Triggers": [
    ],
    "Execution Time": 43040.842
  }
]
