[
  {
    "Plan": {
      "Node Type": "Sort",
      "Parallel Aware": false,
      "Startup Cost": 7249.34,
      "Total Cost": 7249.34,
      "Plan Rows": 1,
      "Plan Width": 97,
      "Actual Startup Time": 112.912,
      "Actual Total Time": 112.912,
      "Actual Rows": 5,
      "Actual Loops": 1,
      "Sort Key": ["(sum(catalog_returns.cr_net_loss)) DESC"],
      "Sort Method": "quicksort",
      "Sort Space Used": 25,
      "Sort Space Type": "Memory",
      "Plans": [
        {
          "Node Type": "Aggregate",
          "Strategy": "Sorted",
          "Partial Mode": "Simple",
          "Parent Relationship": "Outer",
          "Parallel Aware": false,
          "Startup Cost": 7249.30,
          "Total Cost": 7249.33,
          "Plan Rows": 1,
          "Plan Width": 97,
          "Actual Startup Time": 112.892,
          "Actual Total Time": 112.902,
          "Actual Rows": 5,
          "Actual Loops": 1,
          "Group Key": ["call_center.cc_call_center_id", "call_center.cc_name", "call_center.cc_manager", "customer_demographics.cd_marital_status", "customer_demographics.cd_education_status"],
          "Plans": [
            {
              "Node Type": "Sort",
              "Parent Relationship": "Outer",
              "Parallel Aware": false,
              "Startup Cost": 7249.30,
              "Total Cost": 7249.30,
              "Plan Rows": 1,
              "Plan Width": 71,
              "Actual Startup Time": 112.878,
              "Actual Total Time": 112.879,
              "Actual Rows": 7,
              "Actual Loops": 1,
              "Sort Key": ["call_center.cc_call_center_id", "call_center.cc_name", "call_center.cc_manager", "customer_demographics.cd_marital_status", "customer_demographics.cd_education_status"],
              "Sort Method": "quicksort",
              "Sort Space Used": 25,
              "Sort Space Type": "Memory",
              "Plans": [
                {
                  "Node Type": "Nested Loop",
                  "Parent Relationship": "Outer",
                  "Parallel Aware": false,
                  "Join Type": "Inner",
                  "Startup Cost": 2502.55,
                  "Total Cost": 7249.29,
                  "Plan Rows": 1,
                  "Plan Width": 71,
                  "Actual Startup Time": 26.513,
                  "Actual Total Time": 112.838,
                  "Actual Rows": 7,
                  "Actual Loops": 1,
                  "Inner Unique": true,
                  "Plans": [
                    {
                      "Node Type": "Nested Loop",
                      "Parent Relationship": "Outer",
                      "Parallel Aware": false,
                      "Join Type": "Inner",
                      "Startup Cost": 2502.41,
                      "Total Cost": 7249.13,
                      "Plan Rows": 1,
                      "Plan Width": 33,
                      "Actual Startup Time": 26.503,
                      "Actual Total Time": 112.797,
                      "Actual Rows": 7,
                      "Actual Loops": 1,
                      "Inner Unique": true,
                      "Plans": [
                        {
                          "Node Type": "Nested Loop",
                          "Parent Relationship": "Outer",
                          "Parallel Aware": false,
                          "Join Type": "Inner",
                          "Startup Cost": 2501.99,
                          "Total Cost": 7242.98,
                          "Plan Rows": 4,
                          "Plan Width": 14,
                          "Actual Startup Time": 18.114,
                          "Actual Total Time": 101.174,
                          "Actual Rows": 168,
                          "Actual Loops": 1,
                          "Inner Unique": true,
                          "Plans": [
                            {
                              "Node Type": "Nested Loop",
                              "Parent Relationship": "Outer",
                              "Parallel Aware": false,
                              "Join Type": "Inner",
                              "Startup Cost": 2501.70,
                              "Total Cost": 7239.39,
                              "Plan Rows": 10,
                              "Plan Width": 18,
                              "Actual Startup Time": 18.088,
                              "Actual Total Time": 96.163,
                              "Actual Rows": 374,
                              "Actual Loops": 1,
                              "Inner Unique": true,
                              "Plans": [
                                {
                                  "Node Type": "Nested Loop",
                                  "Parent Relationship": "Outer",
                                  "Parallel Aware": false,
                                  "Join Type": "Inner",
                                  "Startup Cost": 2501.41,
                                  "Total Cost": 7221.06,
                                  "Plan Rows": 60,
                                  "Plan Width": 22,
                                  "Actual Startup Time": 17.811,
                                  "Actual Total Time": 87.190,
                                  "Actual Rows": 2393,
                                  "Actual Loops": 1,
                                  "Inner Unique": true,
                                  "Plans": [
                                    {
                                      "Node Type": "Hash Join",
                                      "Parent Relationship": "Outer",
                                      "Parallel Aware": false,
                                      "Join Type": "Inner",
                                      "Startup Cost": 2501.12,
                                      "Total Cost": 7196.99,
                                      "Plan Rows": 61,
                                      "Plan Width": 14,
                                      "Actual Startup Time": 17.316,
                                      "Actual Total Time": 74.772,
                                      "Actual Rows": 2449,
                                      "Actual Loops": 1,
                                      "Inner Unique": true,
                                      "Hash Cond": "(catalog_returns.cr_returned_date_sk = date_dim.d_date_sk)",
                                      "Plans": [
                                        {
                                          "Node Type": "Seq Scan",
                                          "Parent Relationship": "Outer",
                                          "Parallel Aware": false,
                                          "Relation Name": "catalog_returns",
                                          "Alias": "catalog_returns",
                                          "Startup Cost": 0.00,
                                          "Total Cost": 4317.67,
                                          "Plan Rows": 144067,
                                          "Plan Width": 18,
                                          "Actual Startup Time": 0.018,
                                          "Actual Total Time": 31.816,
                                          "Actual Rows": 144067,
                                          "Actual Loops": 1
                                        },
                                        {
                                          "Node Type": "Hash",
                                          "Parent Relationship": "Inner",
                                          "Parallel Aware": false,
                                          "Startup Cost": 2500.73,
                                          "Total Cost": 2500.73,
                                          "Plan Rows": 31,
                                          "Plan Width": 4,
                                          "Actual Startup Time": 16.717,
                                          "Actual Total Time": 16.717,
                                          "Actual Rows": 31,
                                          "Actual Loops": 1,
                                          "Hash Buckets": 1024,
                                          "Original Hash Buckets": 1024,
                                          "Hash Batches": 1,
                                          "Original Hash Batches": 1,
                                          "Peak Memory Usage": 10,
                                          "Plans": [
                                            {
                                              "Node Type": "Seq Scan",
                                              "Parent Relationship": "Outer",
                                              "Parallel Aware": false,
                                              "Relation Name": "date_dim",
                                              "Alias": "date_dim",
                                              "Startup Cost": 0.00,
                                              "Total Cost": 2500.73,
                                              "Plan Rows": 31,
                                              "Plan Width": 4,
                                              "Actual Startup Time": 8.593,
                                              "Actual Total Time": 16.701,
                                              "Actual Rows": 31,
                                              "Actual Loops": 1,
                                              "Filter": "((d_year = 1998) AND (d_moy = 12))",
                                              "Rows Removed by Filter": 73018
                                            }
                                          ]
                                        }
                                      ]
                                    },
                                    {
                                      "Node Type": "Index Scan",
                                      "Parent Relationship": "Inner",
                                      "Parallel Aware": false,
                                      "Scan Direction": "Forward",
                                      "Index Name": "customer_pkey",
                                      "Relation Name": "customer",
                                      "Alias": "customer",
                                      "Startup Cost": 0.29,
                                      "Total Cost": 0.39,
                                      "Plan Rows": 1,
                                      "Plan Width": 16,
                                      "Actual Startup Time": 0.004,
                                      "Actual Total Time": 0.004,
                                      "Actual Rows": 1,
                                      "Actual Loops": 2449,
                                      "Index Cond": "(c_customer_sk = catalog_returns.cr_returning_customer_sk)",
                                      "Rows Removed by Index Recheck": 0
                                    }
                                  ]
                                },
                                {
                                  "Node Type": "Index Scan",
                                  "Parent Relationship": "Inner",
                                  "Parallel Aware": false,
                                  "Scan Direction": "Forward",
                                  "Index Name": "household_demographics_pkey",
                                  "Relation Name": "household_demographics",
                                  "Alias": "household_demographics",
                                  "Startup Cost": 0.28,
                                  "Total Cost": 0.31,
                                  "Plan Rows": 1,
                                  "Plan Width": 4,
                                  "Actual Startup Time": 0.003,
                                  "Actual Total Time": 0.003,
                                  "Actual Rows": 0,
                                  "Actual Loops": 2393,
                                  "Index Cond": "(hd_demo_sk = customer.c_current_hdemo_sk)",
                                  "Rows Removed by Index Recheck": 0,
                                  "Filter": "(hd_buy_potential ~~ '1001-5000%'::text)",
                                  "Rows Removed by Filter": 1
                                }
                              ]
                            },
                            {
                              "Node Type": "Index Scan",
                              "Parent Relationship": "Inner",
                              "Parallel Aware": false,
                              "Scan Direction": "Forward",
                              "Index Name": "customer_address_pkey",
                              "Relation Name": "customer_address",
                              "Alias": "customer_address",
                              "Startup Cost": 0.29,
                              "Total Cost": 0.36,
                              "Plan Rows": 1,
                              "Plan Width": 4,
                              "Actual Startup Time": 0.013,
                              "Actual Total Time": 0.013,
                              "Actual Rows": 0,
                              "Actual Loops": 374,
                              "Index Cond": "(ca_address_sk = customer.c_current_addr_sk)",
                              "Rows Removed by Index Recheck": 0,
                              "Filter": "(ca_gmt_offset = '-6'::numeric)",
                              "Rows Removed by Filter": 1
                            }
                          ]
                        },
                        {
                          "Node Type": "Index Scan",
                          "Parent Relationship": "Inner",
                          "Parallel Aware": false,
                          "Scan Direction": "Forward",
                          "Index Name": "customer_demographics_pkey",
                          "Relation Name": "customer_demographics",
                          "Alias": "customer_demographics",
                          "Startup Cost": 0.43,
                          "Total Cost": 1.54,
                          "Plan Rows": 1,
                          "Plan Width": 27,
                          "Actual Startup Time": 0.068,
                          "Actual Total Time": 0.068,
                          "Actual Rows": 0,
                          "Actual Loops": 168,
                          "Index Cond": "(cd_demo_sk = customer.c_current_cdemo_sk)",
                          "Rows Removed by Index Recheck": 0,
                          "Filter": "(((cd_marital_status = 'M'::bpchar) AND (cd_education_status = 'Unknown'::bpchar)) OR ((cd_marital_status = 'W'::bpchar) AND (cd_education_status = 'Advanced Degree'::bpchar)))",
                          "Rows Removed by Filter": 1
                        }
                      ]
                    },
                    {
                      "Node Type": "Index Scan",
                      "Parent Relationship": "Inner",
                      "Parallel Aware": false,
                      "Scan Direction": "Forward",
                      "Index Name": "call_center_pkey",
                      "Relation Name": "call_center",
                      "Alias": "call_center",
                      "Startup Cost": 0.13,
                      "Total Cost": 0.15,
                      "Plan Rows": 1,
                      "Plan Width": 46,
                      "Actual Startup Time": 0.003,
                      "Actual Total Time": 0.003,
                      "Actual Rows": 1,
                      "Actual Loops": 7,
                      "Index Cond": "(cc_call_center_sk = catalog_returns.cr_call_center_sk)",
                      "Rows Removed by Index Recheck": 0
                    }
                  ]
                }
              ]
            }
          ]
        }
      ]
    },
    "Planning Time": 5.673,
    "Triggers": [
    ],
    "Execution Time": 113.030
  }
]
