[
  {
    "Plan": {
      "Node Type": "Limit",
      "Parallel Aware": false,
      "Startup Cost": 184424.16,
      "Total Cost": 184424.41,
      "Plan Rows": 100,
      "Plan Width": 36,
      "Actual Startup Time": 2143.736,
      "Actual Total Time": 2143.758,
      "Actual Rows": 100,
      "Actual Loops": 1,
      "Plans": [
        {
          "Node Type": "Aggregate",
          "Strategy": "Sorted",
          "Partial Mode": "Simple",
          "Parent Relationship": "InitPlan",
          "Subplan Name": "CTE ss",
          "Parallel Aware": false,
          "Startup Cost": 92553.82,
          "Total Cost": 92561.96,
          "Plan Rows": 407,
          "Plan Width": 36,
          "Actual Startup Time": 1165.132,
          "Actual Total Time": 1169.203,
          "Actual Rows": 710,
          "Actual Loops": 1,
          "Group Key": ["item.i_manufact_id"],
          "Plans": [
            {
              "Node Type": "Sort",
              "Parent Relationship": "Outer",
              "Parallel Aware": false,
              "Startup Cost": 92553.82,
              "Total Cost": 92554.84,
              "Plan Rows": 407,
              "Plan Width": 10,
              "Actual Startup Time": 1165.116,
              "Actual Total Time": 1165.944,
              "Actual Rows": 8879,
              "Actual Loops": 1,
              "Sort Key": ["item.i_manufact_id"],
              "Sort Method": "quicksort",
              "Sort Space Used": 801,
              "Sort Space Type": "Memory",
              "Plans": [
                {
                  "Node Type": "Hash Join",
                  "Parent Relationship": "Outer",
                  "Parallel Aware": false,
                  "Join Type": "Inner",
                  "Startup Cost": 3980.15,
                  "Total Cost": 92536.18,
                  "Plan Rows": 407,
                  "Plan Width": 10,
                  "Actual Startup Time": 41.993,
                  "Actual Total Time": 1159.719,
                  "Actual Rows": 8879,
                  "Actual Loops": 1,
                  "Inner Unique": true,
                  "Hash Cond": "(item.i_manufact_id = item_1.i_manufact_id)",
                  "Plans": [
                    {
                      "Node Type": "Nested Loop",
                      "Parent Relationship": "Outer",
                      "Parallel Aware": false,
                      "Join Type": "Inner",
                      "Startup Cost": 2501.70,
                      "Total Cost": 91052.14,
                      "Plan Rows": 408,
                      "Plan Width": 10,
                      "Actual Startup Time": 29.141,
                      "Actual Total Time": 1140.873,
                      "Actual Rows": 10045,
                      "Actual Loops": 1,
                      "Inner Unique": true,
                      "Plans": [
                        {
                          "Node Type": "Nested Loop",
                          "Parent Relationship": "Outer",
                          "Parallel Aware": false,
                          "Join Type": "Inner",
                          "Startup Cost": 2501.41,
                          "Total Cost": 90926.97,
                          "Plan Rows": 408,
                          "Plan Width": 10,
                          "Actual Startup Time": 29.113,
                          "Actual Total Time": 1098.625,
                          "Actual Rows": 10045,
                          "Actual Loops": 1,
                          "Inner Unique": true,
                          "Plans": [
                            {
                              "Node Type": "Hash Join",
                              "Parent Relationship": "Outer",
                              "Parallel Aware": false,
                              "Join Type": "Inner",
                              "Startup Cost": 2501.12,
                              "Total Cost": 90563.21,
                              "Plan Rows": 1167,
                              "Plan Width": 14,
                              "Actual Startup Time": 21.985,
                              "Actual Total Time": 1006.076,
                              "Actual Rows": 27253,
                              "Actual Loops": 1,
                              "Inner Unique": true,
                              "Hash Cond": "(store_sales.ss_sold_date_sk = date_dim.d_date_sk)",
                              "Plans": [
                                {
                                  "Node Type": "Seq Scan",
                                  "Parent Relationship": "Outer",
                                  "Parallel Aware": false,
                                  "Relation Name": "store_sales",
                                  "Alias": "store_sales",
                                  "Startup Cost": 0.00,
                                  "Total Cost": 80500.49,
                                  "Plan Rows": 2880449,
                                  "Plan Width": 18,
                                  "Actual Startup Time": 0.026,
                                  "Actual Total Time": 531.827,
                                  "Actual Rows": 2880404,
                                  "Actual Loops": 1
                                },
                                {
                                  "Node Type": "Hash",
                                  "Parent Relationship": "Inner",
                                  "Parallel Aware": false,
                                  "Startup Cost": 2500.73,
                                  "Total Cost": 2500.73,
                                  "Plan Rows": 31,
                                  "Plan Width": 4,
                                  "Actual Startup Time": 21.627,
                                  "Actual Total Time": 21.628,
                                  "Actual Rows": 31,
                                  "Actual Loops": 1,
                                  "Hash Buckets": 1024,
                                  "Original Hash Buckets": 1024,
                                  "Hash Batches": 1,
                                  "Original Hash Batches": 1,
                                  "Peak Memory Usage": 10,
                                  "Plans": [
                                    {
                                      "Node Type": "Seq Scan",
                                      "Parent Relationship": "Outer",
                                      "Parallel Aware": false,
                                      "Relation Name": "date_dim",
                                      "Alias": "date_dim",
                                      "Startup Cost": 0.00,
                                      "Total Cost": 2500.73,
                                      "Plan Rows": 31,
                                      "Plan Width": 4,
                                      "Actual Startup Time": 9.747,
                                      "Actual Total Time": 21.609,
                                      "Actual Rows": 31,
                                      "Actual Loops": 1,
                                      "Filter": "((d_year = 2000) AND (d_moy = 5))",
                                      "Rows Removed by Filter": 73018
                                    }
                                  ]
                                }
                              ]
                            },
                            {
                              "Node Type": "Index Scan",
                              "Parent Relationship": "Inner",
                              "Parallel Aware": false,
                              "Scan Direction": "Forward",
                              "Index Name": "customer_address_pkey",
                              "Relation Name": "customer_address",
                              "Alias": "customer_address",
                              "Startup Cost": 0.29,
                              "Total Cost": 0.31,
                              "Plan Rows": 1,
                              "Plan Width": 4,
                              "Actual Startup Time": 0.003,
                              "Actual Total Time": 0.003,
                              "Actual Rows": 0,
                              "Actual Loops": 27253,
                              "Index Cond": "(ca_address_sk = store_sales.ss_addr_sk)",
                              "Rows Removed by Index Recheck": 0,
                              "Filter": "(ca_gmt_offset = '-5'::numeric)",
                              "Rows Removed by Filter": 1
                            }
                          ]
                        },
                        {
                          "Node Type": "Index Scan",
                          "Parent Relationship": "Inner",
                          "Parallel Aware": false,
                          "Scan Direction": "Forward",
                          "Index Name": "item_pkey",
                          "Relation Name": "item",
                          "Alias": "item",
                          "Startup Cost": 0.29,
                          "Total Cost": 0.31,
                          "Plan Rows": 1,
                          "Plan Width": 8,
                          "Actual Startup Time": 0.003,
                          "Actual Total Time": 0.003,
                          "Actual Rows": 1,
                          "Actual Loops": 10045,
                          "Index Cond": "(i_item_sk = store_sales.ss_item_sk)",
                          "Rows Removed by Index Recheck": 0
                        }
                      ]
                    },
                    {
                      "Node Type": "Hash",
                      "Parent Relationship": "Inner",
                      "Parallel Aware": false,
                      "Startup Cost": 1467.90,
                      "Total Cost": 1467.90,
                      "Plan Rows": 844,
                      "Plan Width": 4,
                      "Actual Startup Time": 12.846,
                      "Actual Total Time": 12.846,
                      "Actual Rows": 730,
                      "Actual Loops": 1,
                      "Hash Buckets": 1024,
                      "Original Hash Buckets": 1024,
                      "Hash Batches": 1,
                      "Original Hash Batches": 1,
                      "Peak Memory Usage": 34,
                      "Plans": [
                        {
                          "Node Type": "Aggregate",
                          "Strategy": "Hashed",
                          "Partial Mode": "Simple",
                          "Parent Relationship": "Outer",
                          "Parallel Aware": false,
                          "Startup Cost": 1459.46,
                          "Total Cost": 1467.90,
                          "Plan Rows": 844,
                          "Plan Width": 4,
                          "Actual Startup Time": 12.440,
                          "Actual Total Time": 12.643,
                          "Actual Rows": 731,
                          "Actual Loops": 1,
                          "Group Key": ["item_1.i_manufact_id"],
                          "Plans": [
                            {
                              "Node Type": "Seq Scan",
                              "Parent Relationship": "Outer",
                              "Parallel Aware": false,
                              "Relation Name": "item",
                              "Alias": "item_1",
                              "Startup Cost": 0.00,
                              "Total Cost": 1455.00,
                              "Plan Rows": 1783,
                              "Plan Width": 4,
                              "Actual Startup Time": 0.019,
                              "Actual Total Time": 11.654,
                              "Actual Rows": 1783,
                              "Actual Loops": 1,
                              "Filter": "(i_category = 'Sports'::bpchar)",
                              "Rows Removed by Filter": 16217
                            }
                          ]
                        }
                      ]
                    }
                  ]
                }
              ]
            }
          ]
        },
        {
          "Node Type": "Aggregate",
          "Strategy": "Sorted",
          "Partial Mode": "Simple",
          "Parent Relationship": "InitPlan",
          "Subplan Name": "CTE cs",
          "Parallel Aware": false,
          "Startup Cost": 59857.30,
          "Total Cost": 59861.74,
          "Plan Rows": 222,
          "Plan Width": 36,
          "Actual Startup Time": 627.707,
          "Actual Total Time": 630.640,
          "Actual Rows": 690,
          "Actual Loops": 1,
          "Group Key": ["item_2.i_manufact_id"],
          "Plans": [
            {
              "Node Type": "Sort",
              "Parent Relationship": "Outer",
              "Parallel Aware": false,
              "Startup Cost": 59857.30,
              "Total Cost": 59857.85,
              "Plan Rows": 222,
              "Plan Width": 10,
              "Actual Startup Time": 627.688,
              "Actual Total Time": 628.315,
              "Actual Rows": 4635,
              "Actual Loops": 1,
              "Sort Key": ["item_2.i_manufact_id"],
              "Sort Method": "quicksort",
              "Sort Space Used": 410,
              "Sort Space Type": "Memory",
              "Plans": [
                {
                  "Node Type": "Hash Join",
                  "Parent Relationship": "Outer",
                  "Parallel Aware": false,
                  "Join Type": "Inner",
                  "Startup Cost": 3980.15,
                  "Total Cost": 59848.64,
                  "Plan Rows": 222,
                  "Plan Width": 10,
                  "Actual Startup Time": 253.022,
                  "Actual Total Time": 625.204,
                  "Actual Rows": 4635,
                  "Actual Loops": 1,
                  "Inner Unique": true,
                  "Hash Cond": "(item_2.i_manufact_id = item_3.i_manufact_id)",
                  "Plans": [
                    {
                      "Node Type": "Nested Loop",
                      "Parent Relationship": "Outer",
                      "Parallel Aware": false,
                      "Join Type": "Inner",
                      "Startup Cost": 2501.70,
                      "Total Cost": 58367.14,
                      "Plan Rows": 222,
                      "Plan Width": 10,
                      "Actual Startup Time": 241.984,
                      "Actual Total Time": 611.787,
                      "Actual Rows": 5253,
                      "Actual Loops": 1,
                      "Inner Unique": true,
                      "Plans": [
                        {
                          "Node Type": "Nested Loop",
                          "Parent Relationship": "Outer",
                          "Parallel Aware": false,
                          "Join Type": "Inner",
                          "Startup Cost": 2501.41,
                          "Total Cost": 58298.64,
                          "Plan Rows": 222,
                          "Plan Width": 10,
                          "Actual Startup Time": 241.973,
                          "Actual Total Time": 591.818,
                          "Actual Rows": 5253,
                          "Actual Loops": 1,
                          "Inner Unique": true,
                          "Plans": [
                            {
                              "Node Type": "Hash Join",
                              "Parent Relationship": "Outer",
                              "Parallel Aware": false,
                              "Join Type": "Inner",
                              "Startup Cost": 2501.12,
                              "Total Cost": 58107.78,
                              "Plan Rows": 609,
                              "Plan Width": 14,
                              "Actual Startup Time": 241.686,
                              "Actual Total Time": 544.838,
                              "Actual Rows": 14145,
                              "Actual Loops": 1,
                              "Inner Unique": true,
                              "Hash Cond": "(catalog_sales.cs_sold_date_sk = date_dim_1.d_date_sk)",
                              "Plans": [
                                {
                                  "Node Type": "Seq Scan",
                                  "Parent Relationship": "Outer",
                                  "Parallel Aware": false,
                                  "Relation Name": "catalog_sales",
                                  "Alias": "catalog_sales",
                                  "Startup Cost": 0.00,
                                  "Total Cost": 51821.98,
                                  "Plan Rows": 1441698,
                                  "Plan Width": 18,
                                  "Actual Startup Time": 0.019,
                                  "Actual Total Time": 300.259,
                                  "Actual Rows": 1441548,
                                  "Actual Loops": 1
                                },
                                {
                                  "Node Type": "Hash",
                                  "Parent Relationship": "Inner",
                                  "Parallel Aware": false,
                                  "Startup Cost": 2500.73,
                                  "Total Cost": 2500.73,
                                  "Plan Rows": 31,
                                  "Plan Width": 4,
                                  "Actual Startup Time": 15.391,
                                  "Actual Total Time": 15.392,
                                  "Actual Rows": 31,
                                  "Actual Loops": 1,
                                  "Hash Buckets": 1024,
                                  "Original Hash Buckets": 1024,
                                  "Hash Batches": 1,
                                  "Original Hash Batches": 1,
                                  "Peak Memory Usage": 10,
                                  "Plans": [
                                    {
                                      "Node Type": "Seq Scan",
                                      "Parent Relationship": "Outer",
                                      "Parallel Aware": false,
                                      "Relation Name": "date_dim",
                                      "Alias": "date_dim_1",
                                      "Startup Cost": 0.00,
                                      "Total Cost": 2500.73,
                                      "Plan Rows": 31,
                                      "Plan Width": 4,
                                      "Actual Startup Time": 7.841,
                                      "Actual Total Time": 15.378,
                                      "Actual Rows": 31,
                                      "Actual Loops": 1,
                                      "Filter": "((d_year = 2000) AND (d_moy = 5))",
                                      "Rows Removed by Filter": 73018
                                    }
                                  ]
                                }
                              ]
                            },
                            {
                              "Node Type": "Index Scan",
                              "Parent Relationship": "Inner",
                              "Parallel Aware": false,
                              "Scan Direction": "Forward",
                              "Index Name": "customer_address_pkey",
                              "Relation Name": "customer_address",
                              "Alias": "customer_address_1",
                              "Startup Cost": 0.29,
                              "Total Cost": 0.31,
                              "Plan Rows": 1,
                              "Plan Width": 4,
                              "Actual Startup Time": 0.003,
                              "Actual Total Time": 0.003,
                              "Actual Rows": 0,
                              "Actual Loops": 14145,
                              "Index Cond": "(ca_address_sk = catalog_sales.cs_bill_addr_sk)",
                              "Rows Removed by Index Recheck": 0,
                              "Filter": "(ca_gmt_offset = '-5'::numeric)",
                              "Rows Removed by Filter": 1
                            }
                          ]
                        },
                        {
                          "Node Type": "Index Scan",
                          "Parent Relationship": "Inner",
                          "Parallel Aware": false,
                          "Scan Direction": "Forward",
                          "Index Name": "item_pkey",
                          "Relation Name": "item",
                          "Alias": "item_2",
                          "Startup Cost": 0.29,
                          "Total Cost": 0.31,
                          "Plan Rows": 1,
                          "Plan Width": 8,
                          "Actual Startup Time": 0.003,
                          "Actual Total Time": 0.003,
                          "Actual Rows": 1,
                          "Actual Loops": 5253,
                          "Index Cond": "(i_item_sk = catalog_sales.cs_item_sk)",
                          "Rows Removed by Index Recheck": 0
                        }
                      ]
                    },
                    {
                      "Node Type": "Hash",
                      "Parent Relationship": "Inner",
                      "Parallel Aware": false,
                      "Startup Cost": 1467.90,
                      "Total Cost": 1467.90,
                      "Plan Rows": 844,
                      "Plan Width": 4,
                      "Actual Startup Time": 10.665,
                      "Actual Total Time": 10.665,
                      "Actual Rows": 730,
                      "Actual Loops": 1,
                      "Hash Buckets": 1024,
                      "Original Hash Buckets": 1024,
                      "Hash Batches": 1,
                      "Original Hash Batches": 1,
                      "Peak Memory Usage": 34,
                      "Plans": [
                        {
                          "Node Type": "Aggregate",
                          "Strategy": "Hashed",
                          "Partial Mode": "Simple",
                          "Parent Relationship": "Outer",
                          "Parallel Aware": false,
                          "Startup Cost": 1459.46,
                          "Total Cost": 1467.90,
                          "Plan Rows": 844,
                          "Plan Width": 4,
                          "Actual Startup Time": 10.336,
                          "Actual Total Time": 10.501,
                          "Actual Rows": 731,
                          "Actual Loops": 1,
                          "Group Key": ["item_3.i_manufact_id"],
                          "Plans": [
                            {
                              "Node Type": "Seq Scan",
                              "Parent Relationship": "Outer",
                              "Parallel Aware": false,
                              "Relation Name": "item",
                              "Alias": "item_3",
                              "Startup Cost": 0.00,
                              "Total Cost": 1455.00,
                              "Plan Rows": 1783,
                              "Plan Width": 4,
                              "Actual Startup Time": 0.016,
                              "Actual Total Time": 9.685,
                              "Actual Rows": 1783,
                              "Actual Loops": 1,
                              "Filter": "(i_category = 'Sports'::bpchar)",
                              "Rows Removed by Filter": 16217
                            }
                          ]
                        }
                      ]
                    }
                  ]
                }
              ]
            }
          ]
        },
        {
          "Node Type": "Aggregate",
          "Strategy": "Sorted",
          "Partial Mode": "Simple",
          "Parent Relationship": "InitPlan",
          "Subplan Name": "CTE ws",
          "Parallel Aware": false,
          "Startup Cost": 31965.84,
          "Total Cost": 31968.08,
          "Plan Rows": 112,
          "Plan Width": 36,
          "Actual Startup Time": 338.085,
          "Actual Total Time": 340.091,
          "Actual Rows": 643,
          "Actual Loops": 1,
          "Group Key": ["item_4.i_manufact_id"],
          "Plans": [
            {
              "Node Type": "Sort",
              "Parent Relationship": "Outer",
              "Parallel Aware": false,
              "Startup Cost": 31965.84,
              "Total Cost": 31966.12,
              "Plan Rows": 112,
              "Plan Width": 10,
              "Actual Startup Time": 338.071,
              "Actual Total Time": 338.385,
              "Actual Rows": 2210,
              "Actual Loops": 1,
              "Sort Key": ["item_4.i_manufact_id"],
              "Sort Method": "quicksort",
              "Sort Space Used": 200,
              "Sort Space Type": "Memory",
              "Plans": [
                {
                  "Node Type": "Hash Join",
                  "Parent Relationship": "Outer",
                  "Parallel Aware": false,
                  "Join Type": "Inner",
                  "Startup Cost": 3980.15,
                  "Total Cost": 31962.03,
                  "Plan Rows": 112,
                  "Plan Width": 10,
                  "Actual Startup Time": 25.947,
                  "Actual Total Time": 336.897,
                  "Actual Rows": 2210,
                  "Actual Loops": 1,
                  "Inner Unique": true,
                  "Hash Cond": "(item_4.i_manufact_id = item_5.i_manufact_id)",
                  "Plans": [
                    {
                      "Node Type": "Nested Loop",
                      "Parent Relationship": "Outer",
                      "Parallel Aware": false,
                      "Join Type": "Inner",
                      "Startup Cost": 2501.70,
                      "Total Cost": 30482.04,
                      "Plan Rows": 112,
                      "Plan Width": 10,
                      "Actual Startup Time": 15.554,
                      "Actual Total Time": 324.975,
                      "Actual Rows": 2527,
                      "Actual Loops": 1,
                      "Inner Unique": true,
                      "Plans": [
                        {
                          "Node Type": "Nested Loop",
                          "Parent Relationship": "Outer",
                          "Parallel Aware": false,
                          "Join Type": "Inner",
                          "Startup Cost": 2501.41,
                          "Total Cost": 30447.09,
                          "Plan Rows": 112,
                          "Plan Width": 10,
                          "Actual Startup Time": 15.545,
                          "Actual Total Time": 314.202,
                          "Actual Rows": 2527,
                          "Actual Loops": 1,
                          "Inner Unique": true,
                          "Plans": [
                            {
                              "Node Type": "Hash Join",
                              "Parent Relationship": "Outer",
                              "Parallel Aware": false,
                              "Join Type": "Inner",
                              "Startup Cost": 2501.12,
                              "Total Cost": 30350.46,
                              "Plan Rows": 305,
                              "Plan Width": 14,
                              "Actual Startup Time": 15.374,
                              "Actual Total Time": 287.830,
                              "Actual Rows": 7706,
                              "Actual Loops": 1,
                              "Inner Unique": true,
                              "Hash Cond": "(web_sales.ws_sold_date_sk = date_dim_2.d_date_sk)",
                              "Plans": [
                                {
                                  "Node Type": "Seq Scan",
                                  "Parent Relationship": "Outer",
                                  "Parallel Aware": false,
                                  "Relation Name": "web_sales",
                                  "Alias": "web_sales",
                                  "Startup Cost": 0.00,
                                  "Total Cost": 25960.84,
                                  "Plan Rows": 719384,
                                  "Plan Width": 18,
                                  "Actual Startup Time": 0.030,
                                  "Actual Total Time": 157.187,
                                  "Actual Rows": 719384,
                                  "Actual Loops": 1
                                },
                                {
                                  "Node Type": "Hash",
                                  "Parent Relationship": "Inner",
                                  "Parallel Aware": false,
                                  "Startup Cost": 2500.73,
                                  "Total Cost": 2500.73,
                                  "Plan Rows": 31,
                                  "Plan Width": 4,
                                  "Actual Startup Time": 15.300,
                                  "Actual Total Time": 15.300,
                                  "Actual Rows": 31,
                                  "Actual Loops": 1,
                                  "Hash Buckets": 1024,
                                  "Original Hash Buckets": 1024,
                                  "Hash Batches": 1,
                                  "Original Hash Batches": 1,
                                  "Peak Memory Usage": 10,
                                  "Plans": [
                                    {
                                      "Node Type": "Seq Scan",
                                      "Parent Relationship": "Outer",
                                      "Parallel Aware": false,
                                      "Relation Name": "date_dim",
                                      "Alias": "date_dim_2",
                                      "Startup Cost": 0.00,
                                      "Total Cost": 2500.73,
                                      "Plan Rows": 31,
                                      "Plan Width": 4,
                                      "Actual Startup Time": 7.713,
                                      "Actual Total Time": 15.289,
                                      "Actual Rows": 31,
                                      "Actual Loops": 1,
                                      "Filter": "((d_year = 2000) AND (d_moy = 5))",
                                      "Rows Removed by Filter": 73018
                                    }
                                  ]
                                }
                              ]
                            },
                            {
                              "Node Type": "Index Scan",
                              "Parent Relationship": "Inner",
                              "Parallel Aware": false,
                              "Scan Direction": "Forward",
                              "Index Name": "customer_address_pkey",
                              "Relation Name": "customer_address",
                              "Alias": "customer_address_2",
                              "Startup Cost": 0.29,
                              "Total Cost": 0.32,
                              "Plan Rows": 1,
                              "Plan Width": 4,
                              "Actual Startup Time": 0.003,
                              "Actual Total Time": 0.003,
                              "Actual Rows": 0,
                              "Actual Loops": 7706,
                              "Index Cond": "(ca_address_sk = web_sales.ws_bill_addr_sk)",
                              "Rows Removed by Index Recheck": 0,
                              "Filter": "(ca_gmt_offset = '-5'::numeric)",
                              "Rows Removed by Filter": 1
                            }
                          ]
                        },
                        {
                          "Node Type": "Index Scan",
                          "Parent Relationship": "Inner",
                          "Parallel Aware": false,
                          "Scan Direction": "Forward",
                          "Index Name": "item_pkey",
                          "Relation Name": "item",
                          "Alias": "item_4",
                          "Startup Cost": 0.29,
                          "Total Cost": 0.31,
                          "Plan Rows": 1,
                          "Plan Width": 8,
                          "Actual Startup Time": 0.003,
                          "Actual Total Time": 0.003,
                          "Actual Rows": 1,
                          "Actual Loops": 2527,
                          "Index Cond": "(i_item_sk = web_sales.ws_item_sk)",
                          "Rows Removed by Index Recheck": 0
                        }
                      ]
                    },
                    {
                      "Node Type": "Hash",
                      "Parent Relationship": "Inner",
                      "Parallel Aware": false,
                      "Startup Cost": 1467.90,
                      "Total Cost": 1467.90,
                      "Plan Rows": 844,
                      "Plan Width": 4,
                      "Actual Startup Time": 10.385,
                      "Actual Total Time": 10.385,
                      "Actual Rows": 730,
                      "Actual Loops": 1,
                      "Hash Buckets": 1024,
                      "Original Hash Buckets": 1024,
                      "Hash Batches": 1,
                      "Original Hash Batches": 1,
                      "Peak Memory Usage": 34,
                      "Plans": [
                        {
                          "Node Type": "Aggregate",
                          "Strategy": "Hashed",
                          "Partial Mode": "Simple",
                          "Parent Relationship": "Outer",
                          "Parallel Aware": false,
                          "Startup Cost": 1459.46,
                          "Total Cost": 1467.90,
                          "Plan Rows": 844,
                          "Plan Width": 4,
                          "Actual Startup Time": 10.064,
                          "Actual Total Time": 10.224,
                          "Actual Rows": 731,
                          "Actual Loops": 1,
                          "Group Key": ["item_5.i_manufact_id"],
                          "Plans": [
                            {
                              "Node Type": "Seq Scan",
                              "Parent Relationship": "Outer",
                              "Parallel Aware": false,
                              "Relation Name": "item",
                              "Alias": "item_5",
                              "Startup Cost": 0.00,
                              "Total Cost": 1455.00,
                              "Plan Rows": 1783,
                              "Plan Width": 4,
                              "Actual Startup Time": 0.017,
                              "Actual Total Time": 9.461,
                              "Actual Rows": 1783,
                              "Actual Loops": 1,
                              "Filter": "(i_category = 'Sports'::bpchar)",
                              "Rows Removed by Filter": 16217
                            }
                          ]
                        }
                      ]
                    }
                  ]
                }
              ]
            }
          ]
        },
        {
          "Node Type": "Sort",
          "Parent Relationship": "Outer",
          "Parallel Aware": false,
          "Startup Cost": 32.37,
          "Total Cost": 32.87,
          "Plan Rows": 200,
          "Plan Width": 36,
          "Actual Startup Time": 2143.735,
          "Actual Total Time": 2143.743,
          "Actual Rows": 100,
          "Actual Loops": 1,
          "Sort Key": ["(sum(ss.total_sales))"],
          "Sort Method": "top-N heapsort",
          "Sort Space Used": 32,
          "Sort Space Type": "Memory",
          "Plans": [
            {
              "Node Type": "Aggregate",
              "Strategy": "Hashed",
              "Partial Mode": "Simple",
              "Parent Relationship": "Outer",
              "Parallel Aware": false,
              "Startup Cost": 22.23,
              "Total Cost": 24.73,
              "Plan Rows": 200,
              "Plan Width": 36,
              "Actual Startup Time": 2142.673,
              "Actual Total Time": 2143.084,
              "Actual Rows": 722,
              "Actual Loops": 1,
              "Group Key": ["ss.i_manufact_id"],
              "Plans": [
                {
                  "Node Type": "Append",
                  "Parent Relationship": "Outer",
                  "Parallel Aware": false,
                  "Startup Cost": 0.00,
                  "Total Cost": 18.53,
                  "Plan Rows": 741,
                  "Plan Width": 36,
                  "Actual Startup Time": 1165.136,
                  "Actual Total Time": 2141.260,
                  "Actual Rows": 2043,
                  "Actual Loops": 1,
                  "Plans": [
                    {
                      "Node Type": "CTE Scan",
                      "Parent Relationship": "Member",
                      "Parallel Aware": false,
                      "CTE Name": "ss",
                      "Alias": "ss",
                      "Startup Cost": 0.00,
                      "Total Cost": 8.14,
                      "Plan Rows": 407,
                      "Plan Width": 36,
                      "Actual Startup Time": 1165.135,
                      "Actual Total Time": 1169.515,
                      "Actual Rows": 710,
                      "Actual Loops": 1
                    },
                    {
                      "Node Type": "CTE Scan",
                      "Parent Relationship": "Member",
                      "Parallel Aware": false,
                      "CTE Name": "cs",
                      "Alias": "cs",
                      "Startup Cost": 0.00,
                      "Total Cost": 4.44,
                      "Plan Rows": 222,
                      "Plan Width": 36,
                      "Actual Startup Time": 627.710,
                      "Actual Total Time": 630.999,
                      "Actual Rows": 690,
                      "Actual Loops": 1
                    },
                    {
                      "Node Type": "CTE Scan",
                      "Parent Relationship": "Member",
                      "Parallel Aware": false,
                      "CTE Name": "ws",
                      "Alias": "ws",
                      "Startup Cost": 0.00,
                      "Total Cost": 2.24,
                      "Plan Rows": 112,
                      "Plan Width": 36,
                      "Actual Startup Time": 338.087,
                      "Actual Total Time": 340.413,
                      "Actual Rows": 643,
                      "Actual Loops": 1
                    }
                  ]
                }
              ]
            }
          ]
        }
      ]
    },
    "Planning Time": 2.999,
    "Triggers": [
    ],
    "Execution Time": 2144.605
  }
]
SET
