[
  {
    "Plan": {
      "Node Type": "Nested Loop",
      "Parallel Aware": false,
      "Join Type": "Inner",
      "Startup Cost": 729815.48,
      "Total Cost": 729815.71,
      "Plan Rows": 1,
      "Plan Width": 64,
      "Actual Startup Time": 9031.185,
      "Actual Total Time": 9031.191,
      "Actual Rows": 1,
      "Actual Loops": 1,
      "Inner Unique": false,
      "Plans": [
        {
          "Node Type": "Nested Loop",
          "Parent Relationship": "Outer",
          "Parallel Aware": false,
          "Join Type": "Inner",
          "Startup Cost": 638583.80,
          "Total Cost": 638584.00,
          "Plan Rows": 1,
          "Plan Width": 56,
          "Actual Startup Time": 7922.418,
          "Actual Total Time": 7922.423,
          "Actual Rows": 1,
          "Actual Loops": 1,
          "Inner Unique": false,
          "Plans": [
            {
              "Node Type": "Nested Loop",
              "Parent Relationship": "Outer",
              "Parallel Aware": false,
              "Join Type": "Inner",
              "Startup Cost": 547353.58,
              "Total Cost": 547353.75,
              "Plan Rows": 1,
              "Plan Width": 48,
              "Actual Startup Time": 6825.802,
              "Actual Total Time": 6825.806,
              "Actual Rows": 1,
              "Actual Loops": 1,
              "Inner Unique": false,
              "Plans": [
                {
                  "Node Type": "Nested Loop",
                  "Parent Relationship": "Outer",
                  "Parallel Aware": false,
                  "Join Type": "Inner",
                  "Startup Cost": 456121.77,
                  "Total Cost": 456121.91,
                  "Plan Rows": 1,
                  "Plan Width": 40,
                  "Actual Startup Time": 5723.346,
                  "Actual Total Time": 5723.349,
                  "Actual Rows": 1,
                  "Actual Loops": 1,
                  "Inner Unique": false,
                  "Plans": [
                    {
                      "Node Type": "Nested Loop",
                      "Parent Relationship": "Outer",
                      "Parallel Aware": false,
                      "Join Type": "Inner",
                      "Startup Cost": 364902.91,
                      "Total Cost": 364903.02,
                      "Plan Rows": 1,
                      "Plan Width": 32,
                      "Actual Startup Time": 4581.363,
                      "Actual Total Time": 4581.365,
                      "Actual Rows": 1,
                      "Actual Loops": 1,
                      "Inner Unique": false,
                      "Plans": [
                        {
                          "Node Type": "Nested Loop",
                          "Parent Relationship": "Outer",
                          "Parallel Aware": false,
                          "Join Type": "Inner",
                          "Startup Cost": 273682.59,
                          "Total Cost": 273682.67,
                          "Plan Rows": 1,
                          "Plan Width": 24,
                          "Actual Startup Time": 3452.211,
                          "Actual Total Time": 3452.212,
                          "Actual Rows": 1,
                          "Actual Loops": 1,
                          "Inner Unique": false,
                          "Plans": [
                            {
                              "Node Type": "Nested Loop",
                              "Parent Relationship": "Outer",
                              "Parallel Aware": false,
                              "Join Type": "Inner",
                              "Startup Cost": 182453.59,
                              "Total Cost": 182453.64,
                              "Plan Rows": 1,
                              "Plan Width": 16,
                              "Actual Startup Time": 2346.181,
                              "Actual Total Time": 2346.182,
                              "Actual Rows": 1,
                              "Actual Loops": 1,
                              "Inner Unique": false,
                              "Plans": [
                                {
                                  "Node Type": "Aggregate",
                                  "Strategy": "Plain",
                                  "Partial Mode": "Simple",
                                  "Parent Relationship": "Outer",
                                  "Parallel Aware": false,
                                  "Startup Cost": 91223.01,
                                  "Total Cost": 91223.02,
                                  "Plan Rows": 1,
                                  "Plan Width": 8,
                                  "Actual Startup Time": 1198.830,
                                  "Actual Total Time": 1198.830,
                                  "Actual Rows": 1,
                                  "Actual Loops": 1,
                                  "Plans": [
                                    {
                                      "Node Type": "Hash Join",
                                      "Parent Relationship": "Outer",
                                      "Parallel Aware": false,
                                      "Join Type": "Inner",
                                      "Startup Cost": 2969.69,
                                      "Total Cost": 91220.58,
                                      "Plan Rows": 973,
                                      "Plan Width": 0,
                                      "Actual Startup Time": 37.677,
                                      "Actual Total Time": 1198.334,
                                      "Actual Rows": 2176,
                                      "Actual Loops": 1,
                                      "Inner Unique": true,
                                      "Hash Cond": "(store_sales.ss_store_sk = store.s_store_sk)",
                                      "Plans": [
                                        {
                                          "Node Type": "Hash Join",
                                          "Parent Relationship": "Outer",
                                          "Parallel Aware": false,
                                          "Join Type": "Inner",
                                          "Startup Cost": 2968.52,
                                          "Total Cost": 91176.52,
                                          "Plan Rows": 12218,
                                          "Plan Width": 4,
                                          "Actual Startup Time": 31.642,
                                          "Actual Total Time": 1195.458,
                                          "Actual Rows": 13087,
                                          "Actual Loops": 1,
                                          "Inner Unique": true,
                                          "Hash Cond": "(store_sales.ss_hdemo_sk = household_demographics.hd_demo_sk)",
                                          "Plans": [
                                            {
                                              "Node Type": "Hash Join",
                                              "Parent Relationship": "Outer",
                                              "Parallel Aware": false,
                                              "Join Type": "Inner",
                                              "Startup Cost": 2714.82,
                                              "Total Cost": 90776.85,
                                              "Plan Rows": 55578,
                                              "Plan Width": 8,
                                              "Actual Startup Time": 28.755,
                                              "Actual Total Time": 1180.083,
                                              "Actual Rows": 53895,
                                              "Actual Loops": 1,
                                              "Inner Unique": true,
                                              "Hash Cond": "(store_sales.ss_sold_time_sk = time_dim.t_time_sk)",
                                              "Plans": [
                                                {
                                                  "Node Type": "Seq Scan",
                                                  "Parent Relationship": "Outer",
                                                  "Parallel Aware": false,
                                                  "Relation Name": "store_sales",
                                                  "Alias": "store_sales",
                                                  "Startup Cost": 0.00,
                                                  "Total Cost": 80500.49,
                                                  "Plan Rows": 2880449,
                                                  "Plan Width": 12,
                                                  "Actual Startup Time": 0.015,
                                                  "Actual Total Time": 595.563,
                                                  "Actual Rows": 2880404,
                                                  "Actual Loops": 1
                                                },
                                                {
                                                  "Node Type": "Hash",
                                                  "Parent Relationship": "Inner",
                                                  "Parallel Aware": false,
                                                  "Startup Cost": 2693.00,
                                                  "Total Cost": 2693.00,
                                                  "Plan Rows": 1746,
                                                  "Plan Width": 4,
                                                  "Actual Startup Time": 28.593,
                                                  "Actual Total Time": 28.593,
                                                  "Actual Rows": 1800,
                                                  "Actual Loops": 1,
                                                  "Hash Buckets": 2048,
                                                  "Original Hash Buckets": 2048,
                                                  "Hash Batches": 1,
                                                  "Original Hash Batches": 1,
                                                  "Peak Memory Usage": 80,
                                                  "Plans": [
                                                    {
                                                      "Node Type": "Seq Scan",
                                                      "Parent Relationship": "Outer",
                                                      "Parallel Aware": false,
                                                      "Relation Name": "time_dim",
                                                      "Alias": "time_dim",
                                                      "Startup Cost": 0.00,
                                                      "Total Cost": 2693.00,
                                                      "Plan Rows": 1746,
                                                      "Plan Width": 4,
                                                      "Actual Startup Time": 13.321,
                                                      "Actual Total Time": 28.126,
                                                      "Actual Rows": 1800,
                                                      "Actual Loops": 1,
                                                      "Filter": "((t_minute >= 30) AND (t_hour = 8))",
                                                      "Rows Removed by Filter": 84600
                                                    }
                                                  ]
                                                }
                                              ]
                                            },
                                            {
                                              "Node Type": "Hash",
                                              "Parent Relationship": "Inner",
                                              "Parallel Aware": false,
                                              "Startup Cost": 233.00,
                                              "Total Cost": 233.00,
                                              "Plan Rows": 1656,
                                              "Plan Width": 4,
                                              "Actual Startup Time": 2.881,
                                              "Actual Total Time": 2.881,
                                              "Actual Rows": 1800,
                                              "Actual Loops": 1,
                                              "Hash Buckets": 2048,
                                              "Original Hash Buckets": 2048,
                                              "Hash Batches": 1,
                                              "Original Hash Batches": 1,
                                              "Peak Memory Usage": 80,
                                              "Plans": [
                                                {
                                                  "Node Type": "Seq Scan",
                                                  "Parent Relationship": "Outer",
                                                  "Parallel Aware": false,
                                                  "Relation Name": "household_demographics",
                                                  "Alias": "household_demographics",
                                                  "Startup Cost": 0.00,
                                                  "Total Cost": 233.00,
                                                  "Plan Rows": 1656,
                                                  "Plan Width": 4,
                                                  "Actual Startup Time": 0.010,
                                                  "Actual Total Time": 2.375,
                                                  "Actual Rows": 1800,
                                                  "Actual Loops": 1,
                                                  "Filter": "(((hd_dep_count = 1) AND (hd_vehicle_count <= 3)) OR ((hd_dep_count = 0) AND (hd_vehicle_count <= 2)) OR ((hd_dep_count = 3) AND (hd_vehicle_count <= 5)))",
                                                  "Rows Removed by Filter": 5400
                                                }
                                              ]
                                            }
                                          ]
                                        },
                                        {
                                          "Node Type": "Hash",
                                          "Parent Relationship": "Inner",
                                          "Parallel Aware": false,
                                          "Startup Cost": 1.15,
                                          "Total Cost": 1.15,
                                          "Plan Rows": 1,
                                          "Plan Width": 4,
                                          "Actual Startup Time": 0.021,
                                          "Actual Total Time": 0.021,
                                          "Actual Rows": 1,
                                          "Actual Loops": 1,
                                          "Hash Buckets": 1024,
                                          "Original Hash Buckets": 1024,
                                          "Hash Batches": 1,
                                          "Original Hash Batches": 1,
                                          "Peak Memory Usage": 9,
                                          "Plans": [
                                            {
                                              "Node Type": "Seq Scan",
                                              "Parent Relationship": "Outer",
                                              "Parallel Aware": false,
                                              "Relation Name": "store",
                                              "Alias": "store",
                                              "Startup Cost": 0.00,
                                              "Total Cost": 1.15,
                                              "Plan Rows": 1,
                                              "Plan Width": 4,
                                              "Actual Startup Time": 0.014,
                                              "Actual Total Time": 0.018,
                                              "Actual Rows": 1,
                                              "Actual Loops": 1,
                                              "Filter": "((s_store_name)::text = 'ese'::text)",
                                              "Rows Removed by Filter": 11
                                            }
                                          ]
                                        }
                                      ]
                                    }
                                  ]
                                },
                                {
                                  "Node Type": "Aggregate",
                                  "Strategy": "Plain",
                                  "Partial Mode": "Simple",
                                  "Parent Relationship": "Inner",
                                  "Parallel Aware": false,
                                  "Startup Cost": 91230.58,
                                  "Total Cost": 91230.59,
                                  "Plan Rows": 1,
                                  "Plan Width": 8,
                                  "Actual Startup Time": 1147.346,
                                  "Actual Total Time": 1147.346,
                                  "Actual Rows": 1,
                                  "Actual Loops": 1,
                                  "Plans": [
                                    {
                                      "Node Type": "Hash Join",
                                      "Parent Relationship": "Outer",
                                      "Parallel Aware": false,
                                      "Join Type": "Inner",
                                      "Startup Cost": 2970.46,
                                      "Total Cost": 91228.06,
                                      "Plan Rows": 1007,
                                      "Plan Width": 0,
                                      "Actual Startup Time": 20.769,
                                      "Actual Total Time": 1146.648,
                                      "Actual Rows": 4221,
                                      "Actual Loops": 1,
                                      "Inner Unique": true,
                                      "Hash Cond": "(store_sales_1.ss_store_sk = store_1.s_store_sk)",
                                      "Plans": [
                                        {
                                          "Node Type": "Hash Join",
                                          "Parent Relationship": "Outer",
                                          "Parallel Aware": false,
                                          "Join Type": "Inner",
                                          "Startup Cost": 2969.30,
                                          "Total Cost": 91182.49,
                                          "Plan Rows": 12652,
                                          "Plan Width": 4,
                                          "Actual Startup Time": 20.727,
                                          "Actual Total Time": 1141.224,
                                          "Actual Rows": 27266,
                                          "Actual Loops": 1,
                                          "Inner Unique": true,
                                          "Hash Cond": "(store_sales_1.ss_hdemo_sk = household_demographics_1.hd_demo_sk)",
                                          "Plans": [
                                            {
                                              "Node Type": "Hash Join",
                                              "Parent Relationship": "Outer",
                                              "Parallel Aware": false,
                                              "Join Type": "Inner",
                                              "Startup Cost": 2715.60,
                                              "Total Cost": 90777.62,
                                              "Plan Rows": 57552,
                                              "Plan Width": 8,
                                              "Actual Startup Time": 17.589,
                                              "Actual Total Time": 1114.814,
                                              "Actual Rows": 112046,
                                              "Actual Loops": 1,
                                              "Inner Unique": true,
                                              "Hash Cond": "(store_sales_1.ss_sold_time_sk = time_dim_1.t_time_sk)",
                                              "Plans": [
                                                {
                                                  "Node Type": "Seq Scan",
                                                  "Parent Relationship": "Outer",
                                                  "Parallel Aware": false,
                                                  "Relation Name": "store_sales",
                                                  "Alias": "store_sales_1",
                                                  "Startup Cost": 0.00,
                                                  "Total Cost": 80500.49,
                                                  "Plan Rows": 2880449,
                                                  "Plan Width": 12,
                                                  "Actual Startup Time": 0.017,
                                                  "Actual Total Time": 561.042,
                                                  "Actual Rows": 2880404,
                                                  "Actual Loops": 1
                                                },
                                                {
                                                  "Node Type": "Hash",
                                                  "Parent Relationship": "Inner",
                                                  "Parallel Aware": false,
                                                  "Startup Cost": 2693.00,
                                                  "Total Cost": 2693.00,
                                                  "Plan Rows": 1808,
                                                  "Plan Width": 4,
                                                  "Actual Startup Time": 17.440,
                                                  "Actual Total Time": 17.440,
                                                  "Actual Rows": 1800,
                                                  "Actual Loops": 1,
                                                  "Hash Buckets": 2048,
                                                  "Original Hash Buckets": 2048,
                                                  "Hash Batches": 1,
                                                  "Original Hash Batches": 1,
                                                  "Peak Memory Usage": 80,
                                                  "Plans": [
                                                    {
                                                      "Node Type": "Seq Scan",
                                                      "Parent Relationship": "Outer",
                                                      "Parallel Aware": false,
                                                      "Relation Name": "time_dim",
                                                      "Alias": "time_dim_1",
                                                      "Startup Cost": 0.00,
                                                      "Total Cost": 2693.00,
                                                      "Plan Rows": 1808,
                                                      "Plan Width": 4,
                                                      "Actual Startup Time": 6.188,
                                                      "Actual Total Time": 16.940,
                                                      "Actual Rows": 1800,
                                                      "Actual Loops": 1,
                                                      "Filter": "((t_minute < 30) AND (t_hour = 9))",
                                                      "Rows Removed by Filter": 84600
                                                    }
                                                  ]
                                                }
                                              ]
                                            },
                                            {
                                              "Node Type": "Hash",
                                              "Parent Relationship": "Inner",
                                              "Parallel Aware": false,
                                              "Startup Cost": 233.00,
                                              "Total Cost": 233.00,
                                              "Plan Rows": 1656,
                                              "Plan Width": 4,
                                              "Actual Startup Time": 2.327,
                                              "Actual Total Time": 2.327,
                                              "Actual Rows": 1800,
                                              "Actual Loops": 1,
                                              "Hash Buckets": 2048,
                                              "Original Hash Buckets": 2048,
                                              "Hash Batches": 1,
                                              "Original Hash Batches": 1,
                                              "Peak Memory Usage": 80,
                                              "Plans": [
                                                {
                                                  "Node Type": "Seq Scan",
                                                  "Parent Relationship": "Outer",
                                                  "Parallel Aware": false,
                                                  "Relation Name": "household_demographics",
                                                  "Alias": "household_demographics_1",
                                                  "Startup Cost": 0.00,
                                                  "Total Cost": 233.00,
                                                  "Plan Rows": 1656,
                                                  "Plan Width": 4,
                                                  "Actual Startup Time": 0.010,
                                                  "Actual Total Time": 1.796,
                                                  "Actual Rows": 1800,
                                                  "Actual Loops": 1,
                                                  "Filter": "(((hd_dep_count = 1) AND (hd_vehicle_count <= 3)) OR ((hd_dep_count = 0) AND (hd_vehicle_count <= 2)) OR ((hd_dep_count = 3) AND (hd_vehicle_count <= 5)))",
                                                  "Rows Removed by Filter": 5400
                                                }
                                              ]
                                            }
                                          ]
                                        },
                                        {
                                          "Node Type": "Hash",
                                          "Parent Relationship": "Inner",
                                          "Parallel Aware": false,
                                          "Startup Cost": 1.15,
                                          "Total Cost": 1.15,
                                          "Plan Rows": 1,
                                          "Plan Width": 4,
                                          "Actual Startup Time": 0.029,
                                          "Actual Total Time": 0.029,
                                          "Actual Rows": 1,
                                          "Actual Loops": 1,
                                          "Hash Buckets": 1024,
                                          "Original Hash Buckets": 1024,
                                          "Hash Batches": 1,
                                          "Original Hash Batches": 1,
                                          "Peak Memory Usage": 9,
                                          "Plans": [
                                            {
                                              "Node Type": "Seq Scan",
                                              "Parent Relationship": "Outer",
                                              "Parallel Aware": false,
                                              "Relation Name": "store",
                                              "Alias": "store_1",
                                              "Startup Cost": 0.00,
                                              "Total Cost": 1.15,
                                              "Plan Rows": 1,
                                              "Plan Width": 4,
                                              "Actual Startup Time": 0.012,
                                              "Actual Total Time": 0.014,
                                              "Actual Rows": 1,
                                              "Actual Loops": 1,
                                              "Filter": "((s_store_name)::text = 'ese'::text)",
                                              "Rows Removed by Filter": 11
                                            }
                                          ]
                                        }
                                      ]
                                    }
                                  ]
                                }
                              ]
                            },
                            {
                              "Node Type": "Aggregate",
                              "Strategy": "Plain",
                              "Partial Mode": "Simple",
                              "Parent Relationship": "Inner",
                              "Parallel Aware": false,
                              "Startup Cost": 91229.00,
                              "Total Cost": 91229.01,
                              "Plan Rows": 1,
                              "Plan Width": 8,
                              "Actual Startup Time": 1106.024,
                              "Actual Total Time": 1106.024,
                              "Actual Rows": 1,
                              "Actual Loops": 1,
                              "Plans": [
                                {
                                  "Node Type": "Hash Join",
                                  "Parent Relationship": "Outer",
                                  "Parallel Aware": false,
                                  "Join Type": "Inner",
                                  "Startup Cost": 2970.30,
                                  "Total Cost": 91226.50,
                                  "Plan Rows": 1000,
                                  "Plan Width": 0,
                                  "Actual Startup Time": 25.647,
                                  "Actual Total Time": 1105.350,
                                  "Actual Rows": 4500,
                                  "Actual Loops": 1,
                                  "Inner Unique": true,
                                  "Hash Cond": "(store_sales_2.ss_store_sk = store_2.s_store_sk)",
                                  "Plans": [
                                    {
                                      "Node Type": "Hash Join",
                                      "Parent Relationship": "Outer",
                                      "Parallel Aware": false,
                                      "Join Type": "Inner",
                                      "Startup Cost": 2969.14,
                                      "Total Cost": 91181.24,
                                      "Plan Rows": 12561,
                                      "Plan Width": 4,
                                      "Actual Startup Time": 20.960,
                                      "Actual Total Time": 1100.325,
                                      "Actual Rows": 27174,
                                      "Actual Loops": 1,
                                      "Inner Unique": true,
                                      "Hash Cond": "(store_sales_2.ss_hdemo_sk = household_demographics_2.hd_demo_sk)",
                                      "Plans": [
                                        {
                                          "Node Type": "Hash Join",
                                          "Parent Relationship": "Outer",
                                          "Parallel Aware": false,
                                          "Join Type": "Inner",
                                          "Startup Cost": 2715.44,
                                          "Total Cost": 90777.46,
                                          "Plan Rows": 57138,
                                          "Plan Width": 8,
                                          "Actual Startup Time": 18.208,
                                          "Actual Total Time": 1075.269,
                                          "Actual Rows": 109475,
                                          "Actual Loops": 1,
                                          "Inner Unique": true,
                                          "Hash Cond": "(store_sales_2.ss_sold_time_sk = time_dim_2.t_time_sk)",
                                          "Plans": [
                                            {
                                              "Node Type": "Seq Scan",
                                              "Parent Relationship": "Outer",
                                              "Parallel Aware": false,
                                              "Relation Name": "store_sales",
                                              "Alias": "store_sales_2",
                                              "Startup Cost": 0.00,
                                              "Total Cost": 80500.49,
                                              "Plan Rows": 2880449,
                                              "Plan Width": 12,
                                              "Actual Startup Time": 0.016,
                                              "Actual Total Time": 533.217,
                                              "Actual Rows": 2880404,
                                              "Actual Loops": 1
                                            },
                                            {
                                              "Node Type": "Hash",
                                              "Parent Relationship": "Inner",
                                              "Parallel Aware": false,
                                              "Startup Cost": 2693.00,
                                              "Total Cost": 2693.00,
                                              "Plan Rows": 1795,
                                              "Plan Width": 4,
                                              "Actual Startup Time": 18.105,
                                              "Actual Total Time": 18.105,
                                              "Actual Rows": 1800,
                                              "Actual Loops": 1,
                                              "Hash Buckets": 2048,
                                              "Original Hash Buckets": 2048,
                                              "Hash Batches": 1,
                                              "Original Hash Batches": 1,
                                              "Peak Memory Usage": 80,
                                              "Plans": [
                                                {
                                                  "Node Type": "Seq Scan",
                                                  "Parent Relationship": "Outer",
                                                  "Parallel Aware": false,
                                                  "Relation Name": "time_dim",
                                                  "Alias": "time_dim_2",
                                                  "Startup Cost": 0.00,
                                                  "Total Cost": 2693.00,
                                                  "Plan Rows": 1795,
                                                  "Plan Width": 4,
                                                  "Actual Startup Time": 6.684,
                                                  "Actual Total Time": 17.521,
                                                  "Actual Rows": 1800,
                                                  "Actual Loops": 1,
                                                  "Filter": "((t_minute >= 30) AND (t_hour = 9))",
                                                  "Rows Removed by Filter": 84600
                                                }
                                              ]
                                            }
                                          ]
                                        },
                                        {
                                          "Node Type": "Hash",
                                          "Parent Relationship": "Inner",
                                          "Parallel Aware": false,
                                          "Startup Cost": 233.00,
                                          "Total Cost": 233.00,
                                          "Plan Rows": 1656,
                                          "Plan Width": 4,
                                          "Actual Startup Time": 2.368,
                                          "Actual Total Time": 2.368,
                                          "Actual Rows": 1800,
                                          "Actual Loops": 1,
                                          "Hash Buckets": 2048,
                                          "Original Hash Buckets": 2048,
                                          "Hash Batches": 1,
                                          "Original Hash Batches": 1,
                                          "Peak Memory Usage": 80,
                                          "Plans": [
                                            {
                                              "Node Type": "Seq Scan",
                                              "Parent Relationship": "Outer",
                                              "Parallel Aware": false,
                                              "Relation Name": "household_demographics",
                                              "Alias": "household_demographics_2",
                                              "Startup Cost": 0.00,
                                              "Total Cost": 233.00,
                                              "Plan Rows": 1656,
                                              "Plan Width": 4,
                                              "Actual Startup Time": 0.016,
                                              "Actual Total Time": 1.887,
                                              "Actual Rows": 1800,
                                              "Actual Loops": 1,
                                              "Filter": "(((hd_dep_count = 1) AND (hd_vehicle_count <= 3)) OR ((hd_dep_count = 0) AND (hd_vehicle_count <= 2)) OR ((hd_dep_count = 3) AND (hd_vehicle_count <= 5)))",
                                              "Rows Removed by Filter": 5400
                                            }
                                          ]
                                        }
                                      ]
                                    },
                                    {
                                      "Node Type": "Hash",
                                      "Parent Relationship": "Inner",
                                      "Parallel Aware": false,
                                      "Startup Cost": 1.15,
                                      "Total Cost": 1.15,
                                      "Plan Rows": 1,
                                      "Plan Width": 4,
                                      "Actual Startup Time": 0.030,
                                      "Actual Total Time": 0.030,
                                      "Actual Rows": 1,
                                      "Actual Loops": 1,
                                      "Hash Buckets": 1024,
                                      "Original Hash Buckets": 1024,
                                      "Hash Batches": 1,
                                      "Original Hash Batches": 1,
                                      "Peak Memory Usage": 9,
                                      "Plans": [
                                        {
                                          "Node Type": "Seq Scan",
                                          "Parent Relationship": "Outer",
                                          "Parallel Aware": false,
                                          "Relation Name": "store",
                                          "Alias": "store_2",
                                          "Startup Cost": 0.00,
                                          "Total Cost": 1.15,
                                          "Plan Rows": 1,
                                          "Plan Width": 4,
                                          "Actual Startup Time": 0.012,
                                          "Actual Total Time": 0.015,
                                          "Actual Rows": 1,
                                          "Actual Loops": 1,
                                          "Filter": "((s_store_name)::text = 'ese'::text)",
                                          "Rows Removed by Filter": 11
                                        }
                                      ]
                                    }
                                  ]
                                }
                              ]
                            }
                          ]
                        },
                        {
                          "Node Type": "Aggregate",
                          "Strategy": "Plain",
                          "Partial Mode": "Simple",
                          "Parent Relationship": "Inner",
                          "Parallel Aware": false,
                          "Startup Cost": 91220.32,
                          "Total Cost": 91220.33,
                          "Plan Rows": 1,
                          "Plan Width": 8,
                          "Actual Startup Time": 1129.147,
                          "Actual Total Time": 1129.147,
                          "Actual Rows": 1,
                          "Actual Loops": 1,
                          "Plans": [
                            {
                              "Node Type": "Hash Join",
                              "Parent Relationship": "Outer",
                              "Parallel Aware": false,
                              "Join Type": "Inner",
                              "Startup Cost": 2969.41,
                              "Total Cost": 91217.92,
                              "Plan Rows": 960,
                              "Plan Width": 0,
                              "Actual Startup Time": 18.955,
                              "Actual Total Time": 1128.170,
                              "Actual Rows": 6702,
                              "Actual Loops": 1,
                              "Inner Unique": true,
                              "Hash Cond": "(store_sales_3.ss_store_sk = store_3.s_store_sk)",
                              "Plans": [
                                {
                                  "Node Type": "Hash Join",
                                  "Parent Relationship": "Outer",
                                  "Parallel Aware": false,
                                  "Join Type": "Inner",
                                  "Startup Cost": 2968.25,
                                  "Total Cost": 91174.41,
                                  "Plan Rows": 12064,
                                  "Plan Width": 4,
                                  "Actual Startup Time": 18.904,
                                  "Actual Total Time": 1120.511,
                                  "Actual Rows": 41126,
                                  "Actual Loops": 1,
                                  "Inner Unique": true,
                                  "Hash Cond": "(store_sales_3.ss_hdemo_sk = household_demographics_3.hd_demo_sk)",
                                  "Plans": [
                                    {
                                      "Node Type": "Hash Join",
                                      "Parent Relationship": "Outer",
                                      "Parallel Aware": false,
                                      "Join Type": "Inner",
                                      "Startup Cost": 2714.55,
                                      "Total Cost": 90776.57,
                                      "Plan Rows": 54878,
                                      "Plan Width": 8,
                                      "Actual Startup Time": 16.557,
                                      "Actual Total Time": 1083.636,
                                      "Actual Rows": 166212,
                                      "Actual Loops": 1,
                                      "Inner Unique": true,
                                      "Hash Cond": "(store_sales_3.ss_sold_time_sk = time_dim_3.t_time_sk)",
                                      "Plans": [
                                        {
                                          "Node Type": "Seq Scan",
                                          "Parent Relationship": "Outer",
                                          "Parallel Aware": false,
                                          "Relation Name": "store_sales",
                                          "Alias": "store_sales_3",
                                          "Startup Cost": 0.00,
                                          "Total Cost": 80500.49,
                                          "Plan Rows": 2880449,
                                          "Plan Width": 12,
                                          "Actual Startup Time": 0.017,
                                          "Actual Total Time": 529.496,
                                          "Actual Rows": 2880404,
                                          "Actual Loops": 1
                                        },
                                        {
                                          "Node Type": "Hash",
                                          "Parent Relationship": "Inner",
                                          "Parallel Aware": false,
                                          "Startup Cost": 2693.00,
                                          "Total Cost": 2693.00,
                                          "Plan Rows": 1724,
                                          "Plan Width": 4,
                                          "Actual Startup Time": 16.477,
                                          "Actual Total Time": 16.477,
                                          "Actual Rows": 1800,
                                          "Actual Loops": 1,
                                          "Hash Buckets": 2048,
                                          "Original Hash Buckets": 2048,
                                          "Hash Batches": 1,
                                          "Original Hash Batches": 1,
                                          "Peak Memory Usage": 80,
                                          "Plans": [
                                            {
                                              "Node Type": "Seq Scan",
                                              "Parent Relationship": "Outer",
                                              "Parallel Aware": false,
                                              "Relation Name": "time_dim",
                                              "Alias": "time_dim_3",
                                              "Startup Cost": 0.00,
                                              "Total Cost": 2693.00,
                                              "Plan Rows": 1724,
                                              "Plan Width": 4,
                                              "Actual Startup Time": 6.607,
                                              "Actual Total Time": 16.028,
                                              "Actual Rows": 1800,
                                              "Actual Loops": 1,
                                              "Filter": "((t_minute < 30) AND (t_hour = 10))",
                                              "Rows Removed by Filter": 84600
                                            }
                                          ]
                                        }
                                      ]
                                    },
                                    {
                                      "Node Type": "Hash",
                                      "Parent Relationship": "Inner",
                                      "Parallel Aware": false,
                                      "Startup Cost": 233.00,
                                      "Total Cost": 233.00,
                                      "Plan Rows": 1656,
                                      "Plan Width": 4,
                                      "Actual Startup Time": 2.138,
                                      "Actual Total Time": 2.138,
                                      "Actual Rows": 1800,
                                      "Actual Loops": 1,
                                      "Hash Buckets": 2048,
                                      "Original Hash Buckets": 2048,
                                      "Hash Batches": 1,
                                      "Original Hash Batches": 1,
                                      "Peak Memory Usage": 80,
                                      "Plans": [
                                        {
                                          "Node Type": "Seq Scan",
                                          "Parent Relationship": "Outer",
                                          "Parallel Aware": false,
                                          "Relation Name": "household_demographics",
                                          "Alias": "household_demographics_3",
                                          "Startup Cost": 0.00,
                                          "Total Cost": 233.00,
                                          "Plan Rows": 1656,
                                          "Plan Width": 4,
                                          "Actual Startup Time": 0.013,
                                          "Actual Total Time": 1.676,
                                          "Actual Rows": 1800,
                                          "Actual Loops": 1,
                                          "Filter": "(((hd_dep_count = 1) AND (hd_vehicle_count <= 3)) OR ((hd_dep_count = 0) AND (hd_vehicle_count <= 2)) OR ((hd_dep_count = 3) AND (hd_vehicle_count <= 5)))",
                                          "Rows Removed by Filter": 5400
                                        }
                                      ]
                                    }
                                  ]
                                },
                                {
                                  "Node Type": "Hash",
                                  "Parent Relationship": "Inner",
                                  "Parallel Aware": false,
                                  "Startup Cost": 1.15,
                                  "Total Cost": 1.15,
                                  "Plan Rows": 1,
                                  "Plan Width": 4,
                                  "Actual Startup Time": 0.038,
                                  "Actual Total Time": 0.039,
                                  "Actual Rows": 1,
                                  "Actual Loops": 1,
                                  "Hash Buckets": 1024,
                                  "Original Hash Buckets": 1024,
                                  "Hash Batches": 1,
                                  "Original Hash Batches": 1,
                                  "Peak Memory Usage": 9,
                                  "Plans": [
                                    {
                                      "Node Type": "Seq Scan",
                                      "Parent Relationship": "Outer",
                                      "Parallel Aware": false,
                                      "Relation Name": "store",
                                      "Alias": "store_3",
                                      "Startup Cost": 0.00,
                                      "Total Cost": 1.15,
                                      "Plan Rows": 1,
                                      "Plan Width": 4,
                                      "Actual Startup Time": 0.017,
                                      "Actual Total Time": 0.020,
                                      "Actual Rows": 1,
                                      "Actual Loops": 1,
                                      "Filter": "((s_store_name)::text = 'ese'::text)",
                                      "Rows Removed by Filter": 11
                                    }
                                  ]
                                }
                              ]
                            }
                          ]
                        }
                      ]
                    },
                    {
                      "Node Type": "Aggregate",
                      "Strategy": "Plain",
                      "Partial Mode": "Simple",
                      "Parent Relationship": "Inner",
                      "Parallel Aware": false,
                      "Startup Cost": 91218.86,
                      "Total Cost": 91218.87,
                      "Plan Rows": 1,
                      "Plan Width": 8,
                      "Actual Startup Time": 1141.977,
                      "Actual Total Time": 1141.977,
                      "Actual Rows": 1,
                      "Actual Loops": 1,
                      "Plans": [
                        {
                          "Node Type": "Hash Join",
                          "Parent Relationship": "Outer",
                          "Parallel Aware": false,
                          "Join Type": "Inner",
                          "Startup Cost": 2969.26,
                          "Total Cost": 91216.48,
                          "Plan Rows": 954,
                          "Plan Width": 0,
                          "Actual Startup Time": 19.847,
                          "Actual Total Time": 1141.050,
                          "Actual Rows": 6385,
                          "Actual Loops": 1,
                          "Inner Unique": true,
                          "Hash Cond": "(store_sales_4.ss_store_sk = store_4.s_store_sk)",
                          "Plans": [
                            {
                              "Node Type": "Hash Join",
                              "Parent Relationship": "Outer",
                              "Parallel Aware": false,
                              "Join Type": "Inner",
                              "Startup Cost": 2968.10,
                              "Total Cost": 91173.25,
                              "Plan Rows": 11980,
                              "Plan Width": 4,
                              "Actual Startup Time": 18.949,
                              "Actual Total Time": 1133.249,
                              "Actual Rows": 40274,
                              "Actual Loops": 1,
                              "Inner Unique": true,
                              "Hash Cond": "(store_sales_4.ss_hdemo_sk = household_demographics_4.hd_demo_sk)",
                              "Plans": [
                                {
                                  "Node Type": "Hash Join",
                                  "Parent Relationship": "Outer",
                                  "Parallel Aware": false,
                                  "Join Type": "Inner",
                                  "Startup Cost": 2714.40,
                                  "Total Cost": 90776.42,
                                  "Plan Rows": 54496,
                                  "Plan Width": 8,
                                  "Actual Startup Time": 16.690,
                                  "Actual Total Time": 1096.909,
                                  "Actual Rows": 165289,
                                  "Actual Loops": 1,
                                  "Inner Unique": true,
                                  "Hash Cond": "(store_sales_4.ss_sold_time_sk = time_dim_4.t_time_sk)",
                                  "Plans": [
                                    {
                                      "Node Type": "Seq Scan",
                                      "Parent Relationship": "Outer",
                                      "Parallel Aware": false,
                                      "Relation Name": "store_sales",
                                      "Alias": "store_sales_4",
                                      "Startup Cost": 0.00,
                                      "Total Cost": 80500.49,
                                      "Plan Rows": 2880449,
                                      "Plan Width": 12,
                                      "Actual Startup Time": 0.014,
                                      "Actual Total Time": 537.538,
                                      "Actual Rows": 2880404,
                                      "Actual Loops": 1
                                    },
                                    {
                                      "Node Type": "Hash",
                                      "Parent Relationship": "Inner",
                                      "Parallel Aware": false,
                                      "Startup Cost": 2693.00,
                                      "Total Cost": 2693.00,
                                      "Plan Rows": 1712,
                                      "Plan Width": 4,
                                      "Actual Startup Time": 16.656,
                                      "Actual Total Time": 16.656,
                                      "Actual Rows": 1800,
                                      "Actual Loops": 1,
                                      "Hash Buckets": 2048,
                                      "Original Hash Buckets": 2048,
                                      "Hash Batches": 1,
                                      "Original Hash Batches": 1,
                                      "Peak Memory Usage": 80,
                                      "Plans": [
                                        {
                                          "Node Type": "Seq Scan",
                                          "Parent Relationship": "Outer",
                                          "Parallel Aware": false,
                                          "Relation Name": "time_dim",
                                          "Alias": "time_dim_4",
                                          "Startup Cost": 0.00,
                                          "Total Cost": 2693.00,
                                          "Plan Rows": 1712,
                                          "Plan Width": 4,
                                          "Actual Startup Time": 7.306,
                                          "Actual Total Time": 16.207,
                                          "Actual Rows": 1800,
                                          "Actual Loops": 1,
                                          "Filter": "((t_minute >= 30) AND (t_hour = 10))",
                                          "Rows Removed by Filter": 84600
                                        }
                                      ]
                                    }
                                  ]
                                },
                                {
                                  "Node Type": "Hash",
                                  "Parent Relationship": "Inner",
                                  "Parallel Aware": false,
                                  "Startup Cost": 233.00,
                                  "Total Cost": 233.00,
                                  "Plan Rows": 1656,
                                  "Plan Width": 4,
                                  "Actual Startup Time": 1.969,
                                  "Actual Total Time": 1.969,
                                  "Actual Rows": 1800,
                                  "Actual Loops": 1,
                                  "Hash Buckets": 2048,
                                  "Original Hash Buckets": 2048,
                                  "Hash Batches": 1,
                                  "Original Hash Batches": 1,
                                  "Peak Memory Usage": 80,
                                  "Plans": [
                                    {
                                      "Node Type": "Seq Scan",
                                      "Parent Relationship": "Outer",
                                      "Parallel Aware": false,
                                      "Relation Name": "household_demographics",
                                      "Alias": "household_demographics_4",
                                      "Startup Cost": 0.00,
                                      "Total Cost": 233.00,
                                      "Plan Rows": 1656,
                                      "Plan Width": 4,
                                      "Actual Startup Time": 0.010,
                                      "Actual Total Time": 1.552,
                                      "Actual Rows": 1800,
                                      "Actual Loops": 1,
                                      "Filter": "(((hd_dep_count = 1) AND (hd_vehicle_count <= 3)) OR ((hd_dep_count = 0) AND (hd_vehicle_count <= 2)) OR ((hd_dep_count = 3) AND (hd_vehicle_count <= 5)))",
                                      "Rows Removed by Filter": 5400
                                    }
                                  ]
                                }
                              ]
                            },
                            {
                              "Node Type": "Hash",
                              "Parent Relationship": "Inner",
                              "Parallel Aware": false,
                              "Startup Cost": 1.15,
                              "Total Cost": 1.15,
                              "Plan Rows": 1,
                              "Plan Width": 4,
                              "Actual Startup Time": 0.028,
                              "Actual Total Time": 0.028,
                              "Actual Rows": 1,
                              "Actual Loops": 1,
                              "Hash Buckets": 1024,
                              "Original Hash Buckets": 1024,
                              "Hash Batches": 1,
                              "Original Hash Batches": 1,
                              "Peak Memory Usage": 9,
                              "Plans": [
                                {
                                  "Node Type": "Seq Scan",
                                  "Parent Relationship": "Outer",
                                  "Parallel Aware": false,
                                  "Relation Name": "store",
                                  "Alias": "store_4",
                                  "Startup Cost": 0.00,
                                  "Total Cost": 1.15,
                                  "Plan Rows": 1,
                                  "Plan Width": 4,
                                  "Actual Startup Time": 0.011,
                                  "Actual Total Time": 0.014,
                                  "Actual Rows": 1,
                                  "Actual Loops": 1,
                                  "Filter": "((s_store_name)::text = 'ese'::text)",
                                  "Rows Removed by Filter": 11
                                }
                              ]
                            }
                          ]
                        }
                      ]
                    }
                  ]
                },
                {
                  "Node Type": "Aggregate",
                  "Strategy": "Plain",
                  "Partial Mode": "Simple",
                  "Parent Relationship": "Inner",
                  "Parallel Aware": false,
                  "Startup Cost": 91231.81,
                  "Total Cost": 91231.82,
                  "Plan Rows": 1,
                  "Plan Width": 8,
                  "Actual Startup Time": 1102.450,
                  "Actual Total Time": 1102.450,
                  "Actual Rows": 1,
                  "Actual Loops": 1,
                  "Plans": [
                    {
                      "Node Type": "Hash Join",
                      "Parent Relationship": "Outer",
                      "Parallel Aware": false,
                      "Join Type": "Inner",
                      "Startup Cost": 2970.59,
                      "Total Cost": 91229.27,
                      "Plan Rows": 1013,
                      "Plan Width": 0,
                      "Actual Startup Time": 21.957,
                      "Actual Total Time": 1101.856,
                      "Actual Rows": 3691,
                      "Actual Loops": 1,
                      "Inner Unique": true,
                      "Hash Cond": "(store_sales_5.ss_store_sk = store_5.s_store_sk)",
                      "Plans": [
                        {
                          "Node Type": "Hash Join",
                          "Parent Relationship": "Outer",
                          "Parallel Aware": false,
                          "Join Type": "Inner",
                          "Startup Cost": 2969.42,
                          "Total Cost": 91183.45,
                          "Plan Rows": 12722,
                          "Plan Width": 4,
                          "Actual Startup Time": 20.049,
                          "Actual Total Time": 1097.501,
                          "Actual Rows": 23026,
                          "Actual Loops": 1,
                          "Inner Unique": true,
                          "Hash Cond": "(store_sales_5.ss_hdemo_sk = household_demographics_5.hd_demo_sk)",
                          "Plans": [
                            {
                              "Node Type": "Hash Join",
                              "Parent Relationship": "Outer",
                              "Parallel Aware": false,
                              "Join Type": "Inner",
                              "Startup Cost": 2715.72,
                              "Total Cost": 90777.75,
                              "Plan Rows": 57870,
                              "Plan Width": 8,
                              "Actual Startup Time": 16.965,
                              "Actual Total Time": 1075.476,
                              "Actual Rows": 94867,
                              "Actual Loops": 1,
                              "Inner Unique": true,
                              "Hash Cond": "(store_sales_5.ss_sold_time_sk = time_dim_5.t_time_sk)",
                              "Plans": [
                                {
                                  "Node Type": "Seq Scan",
                                  "Parent Relationship": "Outer",
                                  "Parallel Aware": false,
                                  "Relation Name": "store_sales",
                                  "Alias": "store_sales_5",
                                  "Startup Cost": 0.00,
                                  "Total Cost": 80500.49,
                                  "Plan Rows": 2880449,
                                  "Plan Width": 12,
                                  "Actual Startup Time": 0.015,
                                  "Actual Total Time": 537.145,
                                  "Actual Rows": 2880404,
                                  "Actual Loops": 1
                                },
                                {
                                  "Node Type": "Hash",
                                  "Parent Relationship": "Inner",
                                  "Parallel Aware": false,
                                  "Startup Cost": 2693.00,
                                  "Total Cost": 2693.00,
                                  "Plan Rows": 1818,
                                  "Plan Width": 4,
                                  "Actual Startup Time": 16.754,
                                  "Actual Total Time": 16.754,
                                  "Actual Rows": 1800,
                                  "Actual Loops": 1,
                                  "Hash Buckets": 2048,
                                  "Original Hash Buckets": 2048,
                                  "Hash Batches": 1,
                                  "Original Hash Batches": 1,
                                  "Peak Memory Usage": 80,
                                  "Plans": [
                                    {
                                      "Node Type": "Seq Scan",
                                      "Parent Relationship": "Outer",
                                      "Parallel Aware": false,
                                      "Relation Name": "time_dim",
                                      "Alias": "time_dim_5",
                                      "Startup Cost": 0.00,
                                      "Total Cost": 2693.00,
                                      "Plan Rows": 1818,
                                      "Plan Width": 4,
                                      "Actual Startup Time": 7.372,
                                      "Actual Total Time": 16.322,
                                      "Actual Rows": 1800,
                                      "Actual Loops": 1,
                                      "Filter": "((t_minute < 30) AND (t_hour = 11))",
                                      "Rows Removed by Filter": 84600
                                    }
                                  ]
                                }
                              ]
                            },
                            {
                              "Node Type": "Hash",
                              "Parent Relationship": "Inner",
                              "Parallel Aware": false,
                              "Startup Cost": 233.00,
                              "Total Cost": 233.00,
                              "Plan Rows": 1656,
                              "Plan Width": 4,
                              "Actual Startup Time": 2.107,
                              "Actual Total Time": 2.107,
                              "Actual Rows": 1800,
                              "Actual Loops": 1,
                              "Hash Buckets": 2048,
                              "Original Hash Buckets": 2048,
                              "Hash Batches": 1,
                              "Original Hash Batches": 1,
                              "Peak Memory Usage": 80,
                              "Plans": [
                                {
                                  "Node Type": "Seq Scan",
                                  "Parent Relationship": "Outer",
                                  "Parallel Aware": false,
                                  "Relation Name": "household_demographics",
                                  "Alias": "household_demographics_5",
                                  "Startup Cost": 0.00,
                                  "Total Cost": 233.00,
                                  "Plan Rows": 1656,
                                  "Plan Width": 4,
                                  "Actual Startup Time": 0.012,
                                  "Actual Total Time": 1.665,
                                  "Actual Rows": 1800,
                                  "Actual Loops": 1,
                                  "Filter": "(((hd_dep_count = 1) AND (hd_vehicle_count <= 3)) OR ((hd_dep_count = 0) AND (hd_vehicle_count <= 2)) OR ((hd_dep_count = 3) AND (hd_vehicle_count <= 5)))",
                                  "Rows Removed by Filter": 5400
                                }
                              ]
                            }
                          ]
                        },
                        {
                          "Node Type": "Hash",
                          "Parent Relationship": "Inner",
                          "Parallel Aware": false,
                          "Startup Cost": 1.15,
                          "Total Cost": 1.15,
                          "Plan Rows": 1,
                          "Plan Width": 4,
                          "Actual Startup Time": 0.031,
                          "Actual Total Time": 0.031,
                          "Actual Rows": 1,
                          "Actual Loops": 1,
                          "Hash Buckets": 1024,
                          "Original Hash Buckets": 1024,
                          "Hash Batches": 1,
                          "Original Hash Batches": 1,
                          "Peak Memory Usage": 9,
                          "Plans": [
                            {
                              "Node Type": "Seq Scan",
                              "Parent Relationship": "Outer",
                              "Parallel Aware": false,
                              "Relation Name": "store",
                              "Alias": "store_5",
                              "Startup Cost": 0.00,
                              "Total Cost": 1.15,
                              "Plan Rows": 1,
                              "Plan Width": 4,
                              "Actual Startup Time": 0.012,
                              "Actual Total Time": 0.015,
                              "Actual Rows": 1,
                              "Actual Loops": 1,
                              "Filter": "((s_store_name)::text = 'ese'::text)",
                              "Rows Removed by Filter": 11
                            }
                          ]
                        }
                      ]
                    }
                  ]
                }
              ]
            },
            {
              "Node Type": "Aggregate",
              "Strategy": "Plain",
              "Partial Mode": "Simple",
              "Parent Relationship": "Inner",
              "Parallel Aware": false,
              "Startup Cost": 91230.22,
              "Total Cost": 91230.23,
              "Plan Rows": 1,
              "Plan Width": 8,
              "Actual Startup Time": 1096.610,
              "Actual Total Time": 1096.610,
              "Actual Rows": 1,
              "Actual Loops": 1,
              "Plans": [
                {
                  "Node Type": "Hash Join",
                  "Parent Relationship": "Outer",
                  "Parallel Aware": false,
                  "Join Type": "Inner",
                  "Startup Cost": 2970.42,
                  "Total Cost": 91227.71,
                  "Plan Rows": 1006,
                  "Plan Width": 0,
                  "Actual Startup Time": 20.180,
                  "Actual Total Time": 1095.898,
                  "Actual Rows": 4158,
                  "Actual Loops": 1,
                  "Inner Unique": true,
                  "Hash Cond": "(store_sales_6.ss_store_sk = store_6.s_store_sk)",
                  "Plans": [
                    {
                      "Node Type": "Hash Join",
                      "Parent Relationship": "Outer",
                      "Parallel Aware": false,
                      "Join Type": "Inner",
                      "Startup Cost": 2969.26,
                      "Total Cost": 91182.20,
                      "Plan Rows": 12631,
                      "Plan Width": 4,
                      "Actual Startup Time": 20.139,
                      "Actual Total Time": 1091.210,
                      "Actual Rows": 23968,
                      "Actual Loops": 1,
                      "Inner Unique": true,
                      "Hash Cond": "(store_sales_6.ss_hdemo_sk = household_demographics_6.hd_demo_sk)",
                      "Plans": [
                        {
                          "Node Type": "Hash Join",
                          "Parent Relationship": "Outer",
                          "Parallel Aware": false,
                          "Join Type": "Inner",
                          "Startup Cost": 2715.56,
                          "Total Cost": 90777.59,
                          "Plan Rows": 57456,
                          "Plan Width": 8,
                          "Actual Startup Time": 17.862,
                          "Actual Total Time": 1068.403,
                          "Actual Rows": 96639,
                          "Actual Loops": 1,
                          "Inner Unique": true,
                          "Hash Cond": "(store_sales_6.ss_sold_time_sk = time_dim_6.t_time_sk)",
                          "Plans": [
                            {
                              "Node Type": "Seq Scan",
                              "Parent Relationship": "Outer",
                              "Parallel Aware": false,
                              "Relation Name": "store_sales",
                              "Alias": "store_sales_6",
                              "Startup Cost": 0.00,
                              "Total Cost": 80500.49,
                              "Plan Rows": 2880449,
                              "Plan Width": 12,
                              "Actual Startup Time": 0.017,
                              "Actual Total Time": 531.037,
                              "Actual Rows": 2880404,
                              "Actual Loops": 1
                            },
                            {
                              "Node Type": "Hash",
                              "Parent Relationship": "Inner",
                              "Parallel Aware": false,
                              "Startup Cost": 2693.00,
                              "Total Cost": 2693.00,
                              "Plan Rows": 1805,
                              "Plan Width": 4,
                              "Actual Startup Time": 17.661,
                              "Actual Total Time": 17.661,
                              "Actual Rows": 1800,
                              "Actual Loops": 1,
                              "Hash Buckets": 2048,
                              "Original Hash Buckets": 2048,
                              "Hash Batches": 1,
                              "Original Hash Batches": 1,
                              "Peak Memory Usage": 80,
                              "Plans": [
                                {
                                  "Node Type": "Seq Scan",
                                  "Parent Relationship": "Outer",
                                  "Parallel Aware": false,
                                  "Relation Name": "time_dim",
                                  "Alias": "time_dim_6",
                                  "Startup Cost": 0.00,
                                  "Total Cost": 2693.00,
                                  "Plan Rows": 1805,
                                  "Plan Width": 4,
                                  "Actual Startup Time": 7.666,
                                  "Actual Total Time": 17.073,
                                  "Actual Rows": 1800,
                                  "Actual Loops": 1,
                                  "Filter": "((t_minute >= 30) AND (t_hour = 11))",
                                  "Rows Removed by Filter": 84600
                                }
                              ]
                            }
                          ]
                        },
                        {
                          "Node Type": "Hash",
                          "Parent Relationship": "Inner",
                          "Parallel Aware": false,
                          "Startup Cost": 233.00,
                          "Total Cost": 233.00,
                          "Plan Rows": 1656,
                          "Plan Width": 4,
                          "Actual Startup Time": 2.267,
                          "Actual Total Time": 2.267,
                          "Actual Rows": 1800,
                          "Actual Loops": 1,
                          "Hash Buckets": 2048,
                          "Original Hash Buckets": 2048,
                          "Hash Batches": 1,
                          "Original Hash Batches": 1,
                          "Peak Memory Usage": 80,
                          "Plans": [
                            {
                              "Node Type": "Seq Scan",
                              "Parent Relationship": "Outer",
                              "Parallel Aware": false,
                              "Relation Name": "household_demographics",
                              "Alias": "household_demographics_6",
                              "Startup Cost": 0.00,
                              "Total Cost": 233.00,
                              "Plan Rows": 1656,
                              "Plan Width": 4,
                              "Actual Startup Time": 0.012,
                              "Actual Total Time": 1.709,
                              "Actual Rows": 1800,
                              "Actual Loops": 1,
                              "Filter": "(((hd_dep_count = 1) AND (hd_vehicle_count <= 3)) OR ((hd_dep_count = 0) AND (hd_vehicle_count <= 2)) OR ((hd_dep_count = 3) AND (hd_vehicle_count <= 5)))",
                              "Rows Removed by Filter": 5400
                            }
                          ]
                        }
                      ]
                    },
                    {
                      "Node Type": "Hash",
                      "Parent Relationship": "Inner",
                      "Parallel Aware": false,
                      "Startup Cost": 1.15,
                      "Total Cost": 1.15,
                      "Plan Rows": 1,
                      "Plan Width": 4,
                      "Actual Startup Time": 0.028,
                      "Actual Total Time": 0.028,
                      "Actual Rows": 1,
                      "Actual Loops": 1,
                      "Hash Buckets": 1024,
                      "Original Hash Buckets": 1024,
                      "Hash Batches": 1,
                      "Original Hash Batches": 1,
                      "Peak Memory Usage": 9,
                      "Plans": [
                        {
                          "Node Type": "Seq Scan",
                          "Parent Relationship": "Outer",
                          "Parallel Aware": false,
                          "Relation Name": "store",
                          "Alias": "store_6",
                          "Startup Cost": 0.00,
                          "Total Cost": 1.15,
                          "Plan Rows": 1,
                          "Plan Width": 4,
                          "Actual Startup Time": 0.011,
                          "Actual Total Time": 0.013,
                          "Actual Rows": 1,
                          "Actual Loops": 1,
                          "Filter": "((s_store_name)::text = 'ese'::text)",
                          "Rows Removed by Filter": 11
                        }
                      ]
                    }
                  ]
                }
              ]
            }
          ]
        },
        {
          "Node Type": "Aggregate",
          "Strategy": "Plain",
          "Partial Mode": "Simple",
          "Parent Relationship": "Inner",
          "Parallel Aware": false,
          "Startup Cost": 91231.68,
          "Total Cost": 91231.69,
          "Plan Rows": 1,
          "Plan Width": 8,
          "Actual Startup Time": 1108.763,
          "Actual Total Time": 1108.763,
          "Actual Rows": 1,
          "Actual Loops": 1,
          "Plans": [
            {
              "Node Type": "Hash Join",
              "Parent Relationship": "Outer",
              "Parallel Aware": false,
              "Join Type": "Inner",
              "Startup Cost": 2970.57,
              "Total Cost": 91229.15,
              "Plan Rows": 1012,
              "Plan Width": 0,
              "Actual Startup Time": 19.427,
              "Actual Total Time": 1108.073,
              "Actual Rows": 4404,
              "Actual Loops": 1,
              "Inner Unique": true,
              "Hash Cond": "(store_sales_7.ss_store_sk = store_7.s_store_sk)",
              "Plans": [
                {
                  "Node Type": "Hash Join",
                  "Parent Relationship": "Outer",
                  "Parallel Aware": false,
                  "Join Type": "Inner",
                  "Startup Cost": 2969.41,
                  "Total Cost": 91183.35,
                  "Plan Rows": 12715,
                  "Plan Width": 4,
                  "Actual Startup Time": 18.702,
                  "Actual Total Time": 1103.039,
                  "Actual Rows": 26400,
                  "Actual Loops": 1,
                  "Inner Unique": true,
                  "Hash Cond": "(store_sales_7.ss_hdemo_sk = household_demographics_7.hd_demo_sk)",
                  "Plans": [
                    {
                      "Node Type": "Hash Join",
                      "Parent Relationship": "Outer",
                      "Parallel Aware": false,
                      "Join Type": "Inner",
                      "Startup Cost": 2715.71,
                      "Total Cost": 90777.74,
                      "Plan Rows": 57838,
                      "Plan Width": 8,
                      "Actual Startup Time": 16.637,
                      "Actual Total Time": 1078.050,
                      "Actual Rows": 108250,
                      "Actual Loops": 1,
                      "Inner Unique": true,
                      "Hash Cond": "(store_sales_7.ss_sold_time_sk = time_dim_7.t_time_sk)",
                      "Plans": [
                        {
                          "Node Type": "Seq Scan",
                          "Parent Relationship": "Outer",
                          "Parallel Aware": false,
                          "Relation Name": "store_sales",
                          "Alias": "store_sales_7",
                          "Startup Cost": 0.00,
                          "Total Cost": 80500.49,
                          "Plan Rows": 2880449,
                          "Plan Width": 12,
                          "Actual Startup Time": 0.015,
                          "Actual Total Time": 534.408,
                          "Actual Rows": 2880404,
                          "Actual Loops": 1
                        },
                        {
                          "Node Type": "Hash",
                          "Parent Relationship": "Inner",
                          "Parallel Aware": false,
                          "Startup Cost": 2693.00,
                          "Total Cost": 2693.00,
                          "Plan Rows": 1817,
                          "Plan Width": 4,
                          "Actual Startup Time": 16.419,
                          "Actual Total Time": 16.419,
                          "Actual Rows": 1800,
                          "Actual Loops": 1,
                          "Hash Buckets": 2048,
                          "Original Hash Buckets": 2048,
                          "Hash Batches": 1,
                          "Original Hash Batches": 1,
                          "Peak Memory Usage": 80,
                          "Plans": [
                            {
                              "Node Type": "Seq Scan",
                              "Parent Relationship": "Outer",
                              "Parallel Aware": false,
                              "Relation Name": "time_dim",
                              "Alias": "time_dim_7",
                              "Startup Cost": 0.00,
                              "Total Cost": 2693.00,
                              "Plan Rows": 1817,
                              "Plan Width": 4,
                              "Actual Startup Time": 8.059,
                              "Actual Total Time": 15.987,
                              "Actual Rows": 1800,
                              "Actual Loops": 1,
                              "Filter": "((t_minute < 30) AND (t_hour = 12))",
                              "Rows Removed by Filter": 84600
                            }
                          ]
                        }
                      ]
                    },
                    {
                      "Node Type": "Hash",
                      "Parent Relationship": "Inner",
                      "Parallel Aware": false,
                      "Startup Cost": 233.00,
                      "Total Cost": 233.00,
                      "Plan Rows": 1656,
                      "Plan Width": 4,
                      "Actual Startup Time": 1.973,
                      "Actual Total Time": 1.973,
                      "Actual Rows": 1800,
                      "Actual Loops": 1,
                      "Hash Buckets": 2048,
                      "Original Hash Buckets": 2048,
                      "Hash Batches": 1,
                      "Original Hash Batches": 1,
                      "Peak Memory Usage": 80,
                      "Plans": [
                        {
                          "Node Type": "Seq Scan",
                          "Parent Relationship": "Outer",
                          "Parallel Aware": false,
                          "Relation Name": "household_demographics",
                          "Alias": "household_demographics_7",
                          "Startup Cost": 0.00,
                          "Total Cost": 233.00,
                          "Plan Rows": 1656,
                          "Plan Width": 4,
                          "Actual Startup Time": 0.010,
                          "Actual Total Time": 1.551,
                          "Actual Rows": 1800,
                          "Actual Loops": 1,
                          "Filter": "(((hd_dep_count = 1) AND (hd_vehicle_count <= 3)) OR ((hd_dep_count = 0) AND (hd_vehicle_count <= 2)) OR ((hd_dep_count = 3) AND (hd_vehicle_count <= 5)))",
                          "Rows Removed by Filter": 5400
                        }
                      ]
                    }
                  ]
                },
                {
                  "Node Type": "Hash",
                  "Parent Relationship": "Inner",
                  "Parallel Aware": false,
                  "Startup Cost": 1.15,
                  "Total Cost": 1.15,
                  "Plan Rows": 1,
                  "Plan Width": 4,
                  "Actual Startup Time": 0.028,
                  "Actual Total Time": 0.028,
                  "Actual Rows": 1,
                  "Actual Loops": 1,
                  "Hash Buckets": 1024,
                  "Original Hash Buckets": 1024,
                  "Hash Batches": 1,
                  "Original Hash Batches": 1,
                  "Peak Memory Usage": 9,
                  "Plans": [
                    {
                      "Node Type": "Seq Scan",
                      "Parent Relationship": "Outer",
                      "Parallel Aware": false,
                      "Relation Name": "store",
                      "Alias": "store_7",
                      "Startup Cost": 0.00,
                      "Total Cost": 1.15,
                      "Plan Rows": 1,
                      "Plan Width": 4,
                      "Actual Startup Time": 0.011,
                      "Actual Total Time": 0.013,
                      "Actual Rows": 1,
                      "Actual Loops": 1,
                      "Filter": "((s_store_name)::text = 'ese'::text)",
                      "Rows Removed by Filter": 11
                    }
                  ]
                }
              ]
            }
          ]
        }
      ]
    },
    "Planning Time": 6.106,
    "Triggers": [
    ],
    "Execution Time": 9033.011
  }
]
