[
  {
    "Plan": {
      "Node Type": "Limit",
      "Parallel Aware": false,
      "Startup Cost": 1741378.57,
      "Total Cost": 1741378.57,
      "Plan Rows": 1,
      "Plan Width": 284,
      "Actual Startup Time": 5402637.578,
      "Actual Total Time": 5402637.595,
      "Actual Rows": 88,
      "Actual Loops": 1,
      "Plans": [
        {
          "Node Type": "Append",
          "Parent Relationship": "InitPlan",
          "Subplan Name": "CTE year_total",
          "Parallel Aware": false,
          "Startup Cost": 941879.53,
          "Total Cost": 1389964.00,
          "Plan Rows": 3346528,
          "Plan Width": 255,
          "Actual Startup Time": 35971.443,
          "Actual Total Time": 55441.389,
          "Actual Rows": 247230,
          "Actual Loops": 1,
          "Plans": [
            {
              "Node Type": "Aggregate",
              "Strategy": "Sorted",
              "Partial Mode": "Simple",
              "Parent Relationship": "Member",
              "Parallel Aware": false,
              "Startup Cost": 941879.53,
              "Total Cost": 1046975.85,
              "Plan Rows": 2627408,
              "Plan Width": 255,
              "Actual Startup Time": 35971.442,
              "Actual Total Time": 45106.140,
              "Actual Rows": 190581,
              "Actual Loops": 1,
              "Group Key": ["customer.c_customer_id", "customer.c_first_name", "customer.c_last_name", "customer.c_preferred_cust_flag", "customer.c_birth_country", "customer.c_login", "customer.c_email_address", "date_dim.d_year"],
              "Plans": [
                {
                  "Node Type": "Sort",
                  "Parent Relationship": "Outer",
                  "Parallel Aware": false,
                  "Startup Cost": 941879.53,
                  "Total Cost": 948448.05,
                  "Plan Rows": 2627408,
                  "Plan Width": 201,
                  "Actual Startup Time": 35971.387,
                  "Actual Total Time": 41336.541,
                  "Actual Rows": 2685453,
                  "Actual Loops": 1,
                  "Sort Key": ["customer.c_customer_id", "customer.c_first_name", "customer.c_last_name", "customer.c_preferred_cust_flag", "customer.c_birth_country", "customer.c_login", "customer.c_email_address", "date_dim.d_year"],
                  "Sort Method": "external merge",
                  "Sort Space Used": 425656,
                  "Sort Space Type": "Disk",
                  "Plans": [
                    {
                      "Node Type": "Hash Join",
                      "Parent Relationship": "Outer",
                      "Parallel Aware": false,
                      "Join Type": "Inner",
                      "Startup Cost": 10703.60,
                      "Total Cost": 140859.41,
                      "Plan Rows": 2627408,
                      "Plan Width": 201,
                      "Actual Startup Time": 187.671,
                      "Actual Total Time": 5088.722,
                      "Actual Rows": 2685453,
                      "Actual Loops": 1,
                      "Inner Unique": true,
                      "Hash Cond": "(store_sales.ss_customer_sk = customer.c_customer_sk)",
                      "Plans": [
                        {
                          "Node Type": "Hash Join",
                          "Parent Relationship": "Outer",
                          "Parallel Aware": false,
                          "Join Type": "Inner",
                          "Startup Cost": 3048.60,
                          "Total Cost": 91110.69,
                          "Plan Rows": 2750637,
                          "Plan Width": 18,
                          "Actual Startup Time": 53.574,
                          "Actual Total Time": 2404.580,
                          "Actual Rows": 2750311,
                          "Actual Loops": 1,
                          "Inner Unique": true,
                          "Hash Cond": "(store_sales.ss_sold_date_sk = date_dim.d_date_sk)",
                          "Plans": [
                            {
                              "Node Type": "Seq Scan",
                              "Parent Relationship": "Outer",
                              "Parallel Aware": false,
                              "Relation Name": "store_sales",
                              "Alias": "store_sales",
                              "Startup Cost": 0.00,
                              "Total Cost": 80500.49,
                              "Plan Rows": 2880449,
                              "Plan Width": 18,
                              "Actual Startup Time": 0.037,
                              "Actual Total Time": 623.441,
                              "Actual Rows": 2880404,
                              "Actual Loops": 1
                            },
                            {
                              "Node Type": "Hash",
                              "Parent Relationship": "Inner",
                              "Parallel Aware": false,
                              "Startup Cost": 2135.49,
                              "Total Cost": 2135.49,
                              "Plan Rows": 73049,
                              "Plan Width": 8,
                              "Actual Startup Time": 52.733,
                              "Actual Total Time": 52.733,
                              "Actual Rows": 73049,
                              "Actual Loops": 1,
                              "Hash Buckets": 131072,
                              "Original Hash Buckets": 131072,
                              "Hash Batches": 1,
                              "Original Hash Batches": 1,
                              "Peak Memory Usage": 3878,
                              "Plans": [
                                {
                                  "Node Type": "Seq Scan",
                                  "Parent Relationship": "Outer",
                                  "Parallel Aware": false,
                                  "Relation Name": "date_dim",
                                  "Alias": "date_dim",
                                  "Startup Cost": 0.00,
                                  "Total Cost": 2135.49,
                                  "Plan Rows": 73049,
                                  "Plan Width": 8,
                                  "Actual Startup Time": 0.010,
                                  "Actual Total Time": 24.844,
                                  "Actual Rows": 73049,
                                  "Actual Loops": 1
                                }
                              ]
                            }
                          ]
                        },
                        {
                          "Node Type": "Hash",
                          "Parent Relationship": "Inner",
                          "Parallel Aware": false,
                          "Startup Cost": 3768.00,
                          "Total Cost": 3768.00,
                          "Plan Rows": 100000,
                          "Plan Width": 191,
                          "Actual Startup Time": 133.808,
                          "Actual Total Time": 133.808,
                          "Actual Rows": 100000,
                          "Actual Loops": 1,
                          "Hash Buckets": 32768,
                          "Original Hash Buckets": 32768,
                          "Hash Batches": 8,
                          "Original Hash Batches": 8,
                          "Peak Memory Usage": 2303,
                          "Plans": [
                            {
                              "Node Type": "Seq Scan",
                              "Parent Relationship": "Outer",
                              "Parallel Aware": false,
                              "Relation Name": "customer",
                              "Alias": "customer",
                              "Startup Cost": 0.00,
                              "Total Cost": 3768.00,
                              "Plan Rows": 100000,
                              "Plan Width": 191,
                              "Actual Startup Time": 0.013,
                              "Actual Total Time": 51.389,
                              "Actual Rows": 100000,
                              "Actual Loops": 1
                            }
                          ]
                        }
                      ]
                    }
                  ]
                }
              ]
            },
            {
              "Node Type": "Aggregate",
              "Strategy": "Sorted",
              "Partial Mode": "Simple",
              "Parent Relationship": "Member",
              "Parallel Aware": false,
              "Startup Cost": 264025.43,
              "Total Cost": 292790.23,
              "Plan Rows": 719120,
              "Plan Width": 255,
              "Actual Startup Time": 7666.872,
              "Actual Total Time": 10297.645,
              "Actual Rows": 56649,
              "Actual Loops": 1,
              "Group Key": ["customer_1.c_customer_id", "customer_1.c_first_name", "customer_1.c_last_name", "customer_1.c_preferred_cust_flag", "customer_1.c_birth_country", "customer_1.c_login", "customer_1.c_email_address", "date_dim_1.d_year"],
              "Plans": [
                {
                  "Node Type": "Sort",
                  "Parent Relationship": "Outer",
                  "Parallel Aware": false,
                  "Startup Cost": 264025.43,
                  "Total Cost": 265823.23,
                  "Plan Rows": 719120,
                  "Plan Width": 204,
                  "Actual Startup Time": 7666.778,
                  "Actual Total Time": 9257.909,
                  "Actual Rows": 719119,
                  "Actual Loops": 1,
                  "Sort Key": ["customer_1.c_customer_id", "customer_1.c_first_name", "customer_1.c_last_name", "customer_1.c_preferred_cust_flag", "customer_1.c_birth_country", "customer_1.c_login", "customer_1.c_email_address", "date_dim_1.d_year"],
                  "Sort Method": "external merge",
                  "Sort Space Used": 116424,
                  "Sort Space Type": "Disk",
                  "Plans": [
                    {
                      "Node Type": "Hash Join",
                      "Parent Relationship": "Outer",
                      "Parallel Aware": false,
                      "Join Type": "Inner",
                      "Startup Cost": 10703.60,
                      "Total Cost": 51507.89,
                      "Plan Rows": 719120,
                      "Plan Width": 204,
                      "Actual Startup Time": 171.269,
                      "Actual Total Time": 1555.829,
                      "Actual Rows": 719119,
                      "Actual Loops": 1,
                      "Inner Unique": true,
                      "Hash Cond": "(web_sales.ws_bill_customer_sk = customer_1.c_customer_sk)",
                      "Plans": [
                        {
                          "Node Type": "Hash Join",
                          "Parent Relationship": "Outer",
                          "Parallel Aware": false,
                          "Join Type": "Inner",
                          "Startup Cost": 3048.60,
                          "Total Cost": 30897.94,
                          "Plan Rows": 719192,
                          "Plan Width": 21,
                          "Actual Startup Time": 41.826,
                          "Actual Total Time": 711.671,
                          "Actual Rows": 719195,
                          "Actual Loops": 1,
                          "Inner Unique": true,
                          "Hash Cond": "(web_sales.ws_sold_date_sk = date_dim_1.d_date_sk)",
                          "Plans": [
                            {
                              "Node Type": "Seq Scan",
                              "Parent Relationship": "Outer",
                              "Parallel Aware": false,
                              "Relation Name": "web_sales",
                              "Alias": "web_sales",
                              "Startup Cost": 0.00,
                              "Total Cost": 25960.84,
                              "Plan Rows": 719384,
                              "Plan Width": 21,
                              "Actual Startup Time": 0.034,
                              "Actual Total Time": 187.379,
                              "Actual Rows": 719384,
                              "Actual Loops": 1
                            },
                            {
                              "Node Type": "Hash",
                              "Parent Relationship": "Inner",
                              "Parallel Aware": false,
                              "Startup Cost": 2135.49,
                              "Total Cost": 2135.49,
                              "Plan Rows": 73049,
                              "Plan Width": 8,
                              "Actual Startup Time": 41.192,
                              "Actual Total Time": 41.192,
                              "Actual Rows": 73049,
                              "Actual Loops": 1,
                              "Hash Buckets": 131072,
                              "Original Hash Buckets": 131072,
                              "Hash Batches": 1,
                              "Original Hash Batches": 1,
                              "Peak Memory Usage": 3878,
                              "Plans": [
                                {
                                  "Node Type": "Seq Scan",
                                  "Parent Relationship": "Outer",
                                  "Parallel Aware": false,
                                  "Relation Name": "date_dim",
                                  "Alias": "date_dim_1",
                                  "Startup Cost": 0.00,
                                  "Total Cost": 2135.49,
                                  "Plan Rows": 73049,
                                  "Plan Width": 8,
                                  "Actual Startup Time": 0.009,
                                  "Actual Total Time": 20.575,
                                  "Actual Rows": 73049,
                                  "Actual Loops": 1
                                }
                              ]
                            }
                          ]
                        },
                        {
                          "Node Type": "Hash",
                          "Parent Relationship": "Inner",
                          "Parallel Aware": false,
                          "Startup Cost": 3768.00,
                          "Total Cost": 3768.00,
                          "Plan Rows": 100000,
                          "Plan Width": 191,
                          "Actual Startup Time": 129.202,
                          "Actual Total Time": 129.202,
                          "Actual Rows": 100000,
                          "Actual Loops": 1,
                          "Hash Buckets": 32768,
                          "Original Hash Buckets": 32768,
                          "Hash Batches": 8,
                          "Original Hash Batches": 8,
                          "Peak Memory Usage": 2303,
                          "Plans": [
                            {
                              "Node Type": "Seq Scan",
                              "Parent Relationship": "Outer",
                              "Parallel Aware": false,
                              "Relation Name": "customer",
                              "Alias": "customer_1",
                              "Startup Cost": 0.00,
                              "Total Cost": 3768.00,
                              "Plan Rows": 100000,
                              "Plan Width": 191,
                              "Actual Startup Time": 0.014,
                              "Actual Total Time": 46.399,
                              "Actual Rows": 100000,
                              "Actual Loops": 1
                            }
                          ]
                        }
                      ]
                    }
                  ]
                }
              ]
            }
          ]
        },
        {
          "Node Type": "Sort",
          "Parent Relationship": "Outer",
          "Parallel Aware": false,
          "Startup Cost": 351414.57,
          "Total Cost": 351414.58,
          "Plan Rows": 1,
          "Plan Width": 284,
          "Actual Startup Time": 5402637.577,
          "Actual Total Time": 5402637.584,
          "Actual Rows": 88,
          "Actual Loops": 1,
          "Sort Key": ["t_s_secyear.customer_id", "t_s_secyear.customer_first_name", "t_s_secyear.customer_last_name", "t_s_secyear.customer_preferred_cust_flag"],
          "Sort Method": "quicksort",
          "Sort Space Used": 37,
          "Sort Space Type": "Memory",
          "Plans": [
            {
              "Node Type": "Nested Loop",
              "Parent Relationship": "Outer",
              "Parallel Aware": false,
              "Join Type": "Inner",
              "Startup Cost": 0.00,
              "Total Cost": 351414.56,
              "Plan Rows": 1,
              "Plan Width": 284,
              "Actual Startup Time": 169089.340,
              "Actual Total Time": 5402637.202,
              "Actual Rows": 88,
              "Actual Loops": 1,
              "Inner Unique": false,
              "Join Filter": "((t_s_secyear.customer_id = t_w_secyear.customer_id) AND (CASE WHEN (t_w_firstyear.year_total > '0'::numeric) THEN (t_w_secyear.year_total / t_w_firstyear.year_total) ELSE 0.0 END > CASE WHEN (t_s_firstyear.year_total > '0'::numeric) THEN (t_s_secyear.year_total / t_s_firstyear.year_total) ELSE 0.0 END))",
              "Rows Removed by Join Filter": 18666980,
              "Plans": [
                {
                  "Node Type": "Nested Loop",
                  "Parent Relationship": "Outer",
                  "Parallel Aware": false,
                  "Join Type": "Inner",
                  "Startup Cost": 0.00,
                  "Total Cost": 267746.32,
                  "Plan Rows": 2,
                  "Plan Width": 516,
                  "Actual Startup Time": 57202.468,
                  "Actual Total Time": 5251642.378,
                  "Actual Rows": 1659,
                  "Actual Loops": 1,
                  "Inner Unique": false,
                  "Join Filter": "(t_s_firstyear.customer_id = t_s_secyear.customer_id)",
                  "Rows Removed by Join Filter": 168502791,
                  "Plans": [
                    {
                      "Node Type": "Nested Loop",
                      "Parent Relationship": "Outer",
                      "Parallel Aware": false,
                      "Join Type": "Inner",
                      "Startup Cost": 0.00,
                      "Total Cost": 184076.40,
                      "Plan Rows": 4,
                      "Plan Width": 200,
                      "Actual Startup Time": 57202.443,
                      "Actual Total Time": 4807013.826,
                      "Actual Rows": 4414,
                      "Actual Loops": 1,
                      "Inner Unique": false,
                      "Join Filter": "(t_s_firstyear.customer_id = t_w_firstyear.customer_id)",
                      "Rows Removed by Join Filter": 438082082,
                      "Plans": [
                        {
                          "Node Type": "CTE Scan",
                          "Parent Relationship": "Outer",
                          "Parallel Aware": false,
                          "CTE Name": "year_total",
                          "Alias": "t_s_firstyear",
                          "Startup Cost": 0.00,
                          "Total Cost": 92029.52,
                          "Plan Rows": 28,
                          "Plan Width": 100,
                          "Actual Startup Time": 35971.513,
                          "Actual Total Time": 36325.155,
                          "Actual Rows": 37923,
                          "Actual Loops": 1,
                          "Filter": "((year_total > '0'::numeric) AND (sale_type = 's'::text) AND (dyear = 2001))",
                          "Rows Removed by Filter": 209307
                        },
                        {
                          "Node Type": "CTE Scan",
                          "Parent Relationship": "Inner",
                          "Parallel Aware": false,
                          "CTE Name": "year_total",
                          "Alias": "t_w_firstyear",
                          "Startup Cost": 0.00,
                          "Total Cost": 92029.52,
                          "Plan Rows": 28,
                          "Plan Width": 100,
                          "Actual Startup Time": 94.158,
                          "Actual Total Time": 124.121,
                          "Actual Rows": 11552,
                          "Actual Loops": 37923,
                          "Filter": "((year_total > '0'::numeric) AND (sale_type = 'w'::text) AND (dyear = 2001))",
                          "Rows Removed by Filter": 235678
                        }
                      ]
                    },
                    {
                      "Node Type": "CTE Scan",
                      "Parent Relationship": "Inner",
                      "Parallel Aware": false,
                      "CTE Name": "year_total",
                      "Alias": "t_s_secyear",
                      "Startup Cost": 0.00,
                      "Total Cost": 83663.20,
                      "Plan Rows": 84,
                      "Plan Width": 316,
                      "Actual Startup Time": 0.007,
                      "Actual Total Time": 95.173,
                      "Actual Rows": 38175,
                      "Actual Loops": 4414,
                      "Filter": "((sale_type = 's'::text) AND (dyear = 2002))",
                      "Rows Removed by Filter": 209055
                    }
                  ]
                },
                {
                  "Node Type": "CTE Scan",
                  "Parent Relationship": "Inner",
                  "Parallel Aware": false,
                  "CTE Name": "year_total",
                  "Alias": "t_w_secyear",
                  "Startup Cost": 0.00,
                  "Total Cost": 83663.20,
                  "Plan Rows": 84,
                  "Plan Width": 100,
                  "Actual Startup Time": 67.361,
                  "Actual Total Time": 89.438,
                  "Actual Rows": 11252,
                  "Actual Loops": 1659,
                  "Filter": "((sale_type = 'w'::text) AND (dyear = 2002))",
                  "Rows Removed by Filter": 235978
                }
              ]
            }
          ]
        }
      ]
    },
    "Planning Time": 1.509,
    "Triggers": [
    ],
    "Execution Time": 5402698.592
  }
]
