[
  {
    "Plan": {
      "Node Type": "Limit",
      "Parallel Aware": false,
      "Startup Cost": 48158.36,
      "Total Cost": 48158.61,
      "Plan Rows": 100,
      "Plan Width": 291,
      "Actual Startup Time": 310.387,
      "Actual Total Time": 310.547,
      "Actual Rows": 100,
      "Actual Loops": 1,
      "Plans": [
        {
          "Node Type": "Sort",
          "Parent Relationship": "Outer",
          "Parallel Aware": false,
          "Startup Cost": 48158.36,
          "Total Cost": 48158.79,
          "Plan Rows": 175,
          "Plan Width": 291,
          "Actual Startup Time": 310.385,
          "Actual Total Time": 310.405,
          "Actual Rows": 100,
          "Actual Loops": 1,
          "Sort Key": ["item.i_category", "item.i_class", "item.i_item_id", "item.i_item_desc", "((((sum(catalog_sales.cs_ext_sales_price)) * '100'::numeric) / sum((sum(catalog_sales.cs_ext_sales_price))) OVER (?)))"],
          "Sort Method": "top-N heapsort",
          "Sort Space Used": 101,
          "Sort Space Type": "Memory",
          "Plans": [
            {
              "Node Type": "WindowAgg",
              "Parent Relationship": "Outer",
              "Parallel Aware": false,
              "Startup Cost": 48147.90,
              "Total Cost": 48151.84,
              "Plan Rows": 175,
              "Plan Width": 291,
              "Actual Startup Time": 297.908,
              "Actual Total Time": 303.814,
              "Actual Rows": 2117,
              "Actual Loops": 1,
              "Plans": [
                {
                  "Node Type": "Sort",
                  "Parent Relationship": "Outer",
                  "Parallel Aware": false,
                  "Startup Cost": 48147.90,
                  "Total Cost": 48148.34,
                  "Plan Rows": 175,
                  "Plan Width": 259,
                  "Actual Startup Time": 297.730,
                  "Actual Total Time": 298.001,
                  "Actual Rows": 2117,
                  "Actual Loops": 1,
                  "Sort Key": ["item.i_class"],
                  "Sort Method": "quicksort",
                  "Sort Space Used": 904,
                  "Sort Space Type": "Memory",
                  "Plans": [
                    {
                      "Node Type": "Aggregate",
                      "Strategy": "Sorted",
                      "Partial Mode": "Finalize",
                      "Parent Relationship": "Outer",
                      "Parallel Aware": false,
                      "Startup Cost": 48117.60,
                      "Total Cost": 48141.38,
                      "Plan Rows": 175,
                      "Plan Width": 259,
                      "Actual Startup Time": 274.268,
                      "Actual Total Time": 292.050,
                      "Actual Rows": 2117,
                      "Actual Loops": 1,
                      "Group Key": ["item.i_item_id", "item.i_item_desc", "item.i_category", "item.i_class", "item.i_current_price"],
                      "Plans": [
                        {
                          "Node Type": "Gather Merge",
                          "Parent Relationship": "Outer",
                          "Parallel Aware": false,
                          "Startup Cost": 48117.60,
                          "Total Cost": 48136.64,
                          "Plan Rows": 146,
                          "Plan Width": 259,
                          "Actual Startup Time": 274.246,
                          "Actual Total Time": 285.044,
                          "Actual Rows": 3323,
                          "Actual Loops": 1,
                          "Workers Planned": 2,
                          "Workers Launched": 2,
                          "Plans": [
                            {
                              "Node Type": "Aggregate",
                              "Strategy": "Sorted",
                              "Partial Mode": "Partial",
                              "Parent Relationship": "Outer",
                              "Parallel Aware": false,
                              "Startup Cost": 47117.57,
                              "Total Cost": 47119.76,
                              "Plan Rows": 73,
                              "Plan Width": 259,
                              "Actual Startup Time": 265.339,
                              "Actual Total Time": 268.411,
                              "Actual Rows": 1108,
                              "Actual Loops": 3,
                              "Group Key": ["item.i_item_id", "item.i_item_desc", "item.i_category", "item.i_class", "item.i_current_price"],
                              "Plans": [
                                {
                                  "Node Type": "Sort",
                                  "Parent Relationship": "Outer",
                                  "Parallel Aware": false,
                                  "Startup Cost": 47117.57,
                                  "Total Cost": 47117.75,
                                  "Plan Rows": 73,
                                  "Plan Width": 233,
                                  "Actual Startup Time": 265.304,
                                  "Actual Total Time": 265.536,
                                  "Actual Rows": 1431,
                                  "Actual Loops": 3,
                                  "Sort Key": ["item.i_item_id", "item.i_item_desc", "item.i_category", "item.i_class", "item.i_current_price"],
                                  "Sort Method": "quicksort",
                                  "Sort Space Used": 709,
                                  "Sort Space Type": "Memory",
                                  "Workers": [
                                    {
                                      "Worker Number": 0,
                                      "Sort Method": "quicksort",
                                      "Sort Space Used": 532,
                                      "Sort Space Type": "Memory"
                                    },
                                    {
                                      "Worker Number": 1,
                                      "Sort Method": "quicksort",
                                      "Sort Space Used": 541,
                                      "Sort Space Type": "Memory"
                                    }
                                  ],
                                  "Plans": [
                                    {
                                      "Node Type": "Nested Loop",
                                      "Parent Relationship": "Outer",
                                      "Parallel Aware": false,
                                      "Join Type": "Inner",
                                      "Startup Cost": 2050.06,
                                      "Total Cost": 47115.31,
                                      "Plan Rows": 73,
                                      "Plan Width": 233,
                                      "Actual Startup Time": 206.374,
                                      "Actual Total Time": 250.410,
                                      "Actual Rows": 1431,
                                      "Actual Loops": 3,
                                      "Inner Unique": true,
                                      "Plans": [
                                        {
                                          "Node Type": "Hash Join",
                                          "Parent Relationship": "Outer",
                                          "Parallel Aware": true,
                                          "Join Type": "Inner",
                                          "Startup Cost": 2049.78,
                                          "Total Cost": 47038.80,
                                          "Plan Rows": 245,
                                          "Plan Width": 10,
                                          "Actual Startup Time": 201.569,
                                          "Actual Total Time": 224.425,
                                          "Actual Rows": 4783,
                                          "Actual Loops": 3,
                                          "Inner Unique": true,
                                          "Hash Cond": "(catalog_sales.cs_sold_date_sk = date_dim.d_date_sk)",
                                          "Plans": [
                                            {
                                              "Node Type": "Seq Scan",
                                              "Parent Relationship": "Outer",
                                              "Parallel Aware": true,
                                              "Relation Name": "catalog_sales",
                                              "Alias": "catalog_sales",
                                              "Startup Cost": 0.00,
                                              "Total Cost": 43412.07,
                                              "Plan Rows": 600708,
                                              "Plan Width": 14,
                                              "Actual Startup Time": 0.045,
                                              "Actual Total Time": 129.512,
                                              "Actual Rows": 480516,
                                              "Actual Loops": 3
                                            },
                                            {
                                              "Node Type": "Hash",
                                              "Parent Relationship": "Inner",
                                              "Parallel Aware": true,
                                              "Startup Cost": 2049.55,
                                              "Total Cost": 2049.55,
                                              "Plan Rows": 18,
                                              "Plan Width": 4,
                                              "Actual Startup Time": 5.880,
                                              "Actual Total Time": 5.881,
                                              "Actual Rows": 10,
                                              "Actual Loops": 3,
                                              "Hash Buckets": 1024,
                                              "Original Hash Buckets": 1024,
                                              "Hash Batches": 1,
                                              "Original Hash Batches": 1,
                                              "Peak Memory Usage": 40,
                                              "Plans": [
                                                {
                                                  "Node Type": "Seq Scan",
                                                  "Parent Relationship": "Outer",
                                                  "Parallel Aware": true,
                                                  "Relation Name": "date_dim",
                                                  "Alias": "date_dim",
                                                  "Startup Cost": 0.00,
                                                  "Total Cost": 2049.55,
                                                  "Plan Rows": 18,
                                                  "Plan Width": 4,
                                                  "Actual Startup Time": 4.491,
                                                  "Actual Total Time": 5.817,
                                                  "Actual Rows": 10,
                                                  "Actual Loops": 3,
                                                  "Filter": "((d_date >= '2000-02-13'::date) AND (d_date <= '2000-03-14'::date))",
                                                  "Rows Removed by Filter": 24339
                                                }
                                              ]
                                            }
                                          ]
                                        },
                                        {
                                          "Node Type": "Index Scan",
                                          "Parent Relationship": "Inner",
                                          "Parallel Aware": false,
                                          "Scan Direction": "Forward",
                                          "Index Name": "item_pkey",
                                          "Relation Name": "item",
                                          "Alias": "item",
                                          "Startup Cost": 0.29,
                                          "Total Cost": 0.31,
                                          "Plan Rows": 1,
                                          "Plan Width": 231,
                                          "Actual Startup Time": 0.005,
                                          "Actual Total Time": 0.005,
                                          "Actual Rows": 0,
                                          "Actual Loops": 14348,
                                          "Index Cond": "(i_item_sk = catalog_sales.cs_item_sk)",
                                          "Rows Removed by Index Recheck": 0,
                                          "Filter": "(i_category = ANY ('{Children,Men,Jewelry}'::bpchar[]))",
                                          "Rows Removed by Filter": 1
                                        }
                                      ]
                                    }
                                  ]
                                }
                              ]
                            }
                          ]
                        }
                      ]
                    }
                  ]
                }
              ]
            }
          ]
        }
      ]
    },
    "Planning Time": 0.998,
    "Triggers": [
    ],
    "Execution Time": 310.732
  }
]
