                                                                                          QUERY PLAN                                                                                           
-----------------------------------------------------------------------------------------------------------------------------------------------------------------------------------------------
 [                                                                                                                                                                                            +
   {                                                                                                                                                                                          +
     "Plan": {                                                                                                                                                                                +
       "Node Type": "Limit",                                                                                                                                                                  +
       "Parallel Aware": false,                                                                                                                                                               +
       "Startup Cost": 26043.36,                                                                                                                                                              +
       "Total Cost": 26055.99,                                                                                                                                                                +
       "Plan Rows": 100,                                                                                                                                                                      +
       "Plan Width": 52,                                                                                                                                                                      +
       "Actual Startup Time": 249.055,                                                                                                                                                        +
       "Actual Total Time": 249.126,                                                                                                                                                          +
       "Actual Rows": 14,                                                                                                                                                                     +
       "Actual Loops": 1,                                                                                                                                                                     +
       "Plans": [                                                                                                                                                                             +
         {                                                                                                                                                                                    +
           "Node Type": "Aggregate",                                                                                                                                                          +
           "Strategy": "Sorted",                                                                                                                                                              +
           "Partial Mode": "Finalize",                                                                                                                                                        +
           "Parent Relationship": "Outer",                                                                                                                                                    +
           "Parallel Aware": false,                                                                                                                                                           +
           "Startup Cost": 26043.36,                                                                                                                                                          +
           "Total Cost": 26103.12,                                                                                                                                                            +
           "Plan Rows": 473,                                                                                                                                                                  +
           "Plan Width": 52,                                                                                                                                                                  +
           "Actual Startup Time": 249.054,                                                                                                                                                    +
           "Actual Total Time": 249.104,                                                                                                                                                      +
           "Actual Rows": 14,                                                                                                                                                                 +
           "Actual Loops": 1,                                                                                                                                                                 +
           "Group Key": ["customer_address.ca_zip", "customer_address.ca_city"],                                                                                                              +
           "Plans": [                                                                                                                                                                         +
             {                                                                                                                                                                                +
               "Node Type": "Gather Merge",                                                                                                                                                   +
               "Parent Relationship": "Outer",                                                                                                                                                +
               "Parallel Aware": false,                                                                                                                                                       +
               "Startup Cost": 26043.36,                                                                                                                                                      +
               "Total Cost": 26093.27,                                                                                                                                                        +
               "Plan Rows": 394,                                                                                                                                                              +
               "Plan Width": 52,                                                                                                                                                              +
               "Actual Startup Time": 249.045,                                                                                                                                                +
               "Actual Total Time": 252.551,                                                                                                                                                  +
               "Actual Rows": 14,                                                                                                                                                             +
               "Actual Loops": 1,                                                                                                                                                             +
               "Workers Planned": 2,                                                                                                                                                          +
               "Workers Launched": 2,                                                                                                                                                         +
               "Plans": [                                                                                                                                                                     +
                 {                                                                                                                                                                            +
                   "Node Type": "Aggregate",                                                                                                                                                  +
                   "Strategy": "Sorted",                                                                                                                                                      +
                   "Partial Mode": "Partial",                                                                                                                                                 +
                   "Parent Relationship": "Outer",                                                                                                                                            +
                   "Parallel Aware": false,                                                                                                                                                   +
                   "Startup Cost": 25043.33,                                                                                                                                                  +
                   "Total Cost": 25047.76,                                                                                                                                                    +
                   "Plan Rows": 197,                                                                                                                                                          +
                   "Plan Width": 52,                                                                                                                                                          +
                   "Actual Startup Time": 241.189,                                                                                                                                            +
                   "Actual Total Time": 241.197,                                                                                                                                              +
                   "Actual Rows": 5,                                                                                                                                                          +
                   "Actual Loops": 3,                                                                                                                                                         +
                   "Group Key": ["customer_address.ca_zip", "customer_address.ca_city"],                                                                                                      +
                   "Plans": [                                                                                                                                                                 +
                     {                                                                                                                                                                        +
                       "Node Type": "Sort",                                                                                                                                                   +
                       "Parent Relationship": "Outer",                                                                                                                                        +
                       "Parallel Aware": false,                                                                                                                                               +
                       "Startup Cost": 25043.33,                                                                                                                                              +
                       "Total Cost": 25043.82,                                                                                                                                                +
                       "Plan Rows": 197,                                                                                                                                                      +
                       "Plan Width": 26,                                                                                                                                                      +
                       "Actual Startup Time": 241.160,                                                                                                                                        +
                       "Actual Total Time": 241.161,                                                                                                                                          +
                       "Actual Rows": 5,                                                                                                                                                      +
                       "Actual Loops": 3,                                                                                                                                                     +
                       "Sort Key": ["customer_address.ca_zip", "customer_address.ca_city"],                                                                                                   +
                       "Sort Method": "quicksort",                                                                                                                                            +
                       "Sort Space Used": 25,                                                                                                                                                 +
                       "Sort Space Type": "Memory",                                                                                                                                           +
                       "Workers": [                                                                                                                                                           +
                         {                                                                                                                                                                    +
                           "Worker Number": 0,                                                                                                                                                +
                           "Sort Method": "quicksort",                                                                                                                                        +
                           "Sort Space Used": 25,                                                                                                                                             +
                           "Sort Space Type": "Memory"                                                                                                                                        +
                         },                                                                                                                                                                   +
                         {                                                                                                                                                                    +
                           "Worker Number": 1,                                                                                                                                                +
                           "Sort Method": "quicksort",                                                                                                                                        +
                           "Sort Space Used": 25,                                                                                                                                             +
                           "Sort Space Type": "Memory"                                                                                                                                        +
                         }                                                                                                                                                                    +
                       ],                                                                                                                                                                     +
                       "Plans": [                                                                                                                                                             +
                         {                                                                                                                                                                    +
                           "Node Type": "Nested Loop",                                                                                                                                        +
                           "Parent Relationship": "Outer",                                                                                                                                    +
                           "Parallel Aware": false,                                                                                                                                           +
                           "Join Type": "Inner",                                                                                                                                              +
                           "Startup Cost": 2098.19,                                                                                                                                           +
                           "Total Cost": 25035.82,                                                                                                                                            +
                           "Plan Rows": 197,                                                                                                                                                  +
                           "Plan Width": 26,                                                                                                                                                  +
                           "Actual Startup Time": 55.782,                                                                                                                                     +
                           "Actual Total Time": 241.064,                                                                                                                                      +
                           "Actual Rows": 5,                                                                                                                                                  +
                           "Actual Loops": 3,                                                                                                                                                 +
                           "Inner Unique": true,                                                                                                                                              +
                           "Join Filter": "((substr((customer_address.ca_zip)::text, 1, 5) = ANY ('{85669,86197,88274,83405,86475,85392,85460,80348,81792}'::text[])) OR (hashed SubPlan 1))",+
                           "Rows Removed by Join Filter": 6829,                                                                                                                               +
                           "Plans": [                                                                                                                                                         +
                             {                                                                                                                                                                +
                               "Node Type": "Nested Loop",                                                                                                                                    +
                               "Parent Relationship": "Outer",                                                                                                                                +
                               "Parallel Aware": false,                                                                                                                                       +
                               "Join Type": "Inner",                                                                                                                                          +
                               "Startup Cost": 2050.81,                                                                                                                                       +
                               "Total Cost": 24859.88,                                                                                                                                        +
                               "Plan Rows": 378,                                                                                                                                              +
                               "Plan Width": 30,                                                                                                                                              +
                               "Actual Startup Time": 10.665,                                                                                                                                 +
                               "Actual Total Time": 193.026,                                                                                                                                  +
                               "Actual Rows": 6833,                                                                                                                                           +
                               "Actual Loops": 3,                                                                                                                                             +
                               "Inner Unique": true,                                                                                                                                          +
                               "Plans": [                                                                                                                                                     +
                                 {                                                                                                                                                            +
                                   "Node Type": "Nested Loop",                                                                                                                                +
                                   "Parent Relationship": "Outer",                                                                                                                            +
                                   "Parallel Aware": false,                                                                                                                                   +
                                   "Join Type": "Inner",                                                                                                                                      +
                                   "Startup Cost": 2050.52,                                                                                                                                   +
                                   "Total Cost": 24725.11,                                                                                                                                    +
                                   "Plan Rows": 378,                                                                                                                                          +
                                   "Plan Width": 14,                                                                                                                                          +
                                   "Actual Startup Time": 10.627,                                                                                                                             +
                                   "Actual Total Time": 164.211,                                                                                                                              +
                                   "Actual Rows": 6833,                                                                                                                                       +
                                   "Actual Loops": 3,                                                                                                                                         +
                                   "Inner Unique": true,                                                                                                                                      +
                                   "Plans": [                                                                                                                                                 +
                                     {                                                                                                                                                        +
                                       "Node Type": "Hash Join",                                                                                                                              +
                                       "Parent Relationship": "Outer",                                                                                                                        +
                                       "Parallel Aware": true,                                                                                                                                +
                                       "Join Type": "Inner",                                                                                                                                  +
                                       "Startup Cost": 2050.23,                                                                                                                               +
                                       "Total Cost": 24601.53,                                                                                                                                +
                                       "Plan Rows": 378,                                                                                                                                      +
                                       "Plan Width": 14,                                                                                                                                      +
                                       "Actual Startup Time": 10.575,                                                                                                                         +
                                       "Actual Total Time": 133.044,                                                                                                                          +
                                       "Actual Rows": 6834,                                                                                                                                   +
                                       "Actual Loops": 3,                                                                                                                                     +
                                       "Inner Unique": true,                                                                                                                                  +
                                       "Hash Cond": "(web_sales.ws_sold_date_sk = date_dim.d_date_sk)",                                                                                       +
                                       "Plans": [                                                                                                                                             +
                                         {                                                                                                                                                    +
                                           "Node Type": "Seq Scan",                                                                                                                           +
                                           "Parent Relationship": "Outer",                                                                                                                    +
                                           "Parallel Aware": true,                                                                                                                            +
                                           "Relation Name": "web_sales",                                                                                                                      +
                                           "Alias": "web_sales",                                                                                                                              +
                                           "Startup Cost": 0.00,                                                                                                                              +
                                           "Total Cost": 21764.43,                                                                                                                            +
                                           "Plan Rows": 299743,                                                                                                                               +
                                           "Plan Width": 18,                                                                                                                                  +
                                           "Actual Startup Time": 0.066,                                                                                                                      +
                                           "Actual Total Time": 71.234,                                                                                                                       +
                                           "Actual Rows": 239795,                                                                                                                             +
                                           "Actual Loops": 3                                                                                                                                  +
                                         },                                                                                                                                                   +
                                         {                                                                                                                                                    +
                                           "Node Type": "Hash",                                                                                                                               +
                                           "Parent Relationship": "Inner",                                                                                                                    +
                                           "Parallel Aware": true,                                                                                                                            +
                                           "Startup Cost": 2049.55,                                                                                                                           +
                                           "Total Cost": 2049.55,                                                                                                                             +
                                           "Plan Rows": 54,                                                                                                                                   +
                                           "Plan Width": 4,                                                                                                                                   +
                                           "Actual Startup Time": 10.216,                                                                                                                     +
                                           "Actual Total Time": 10.216,                                                                                                                       +
                                           "Actual Rows": 30,                                                                                                                                 +
                                           "Actual Loops": 3,                                                                                                                                 +
                                           "Hash Buckets": 1024,                                                                                                                              +
                                           "Original Hash Buckets": 1024,                                                                                                                     +
                                           "Hash Batches": 1,                                                                                                                                 +
                                           "Original Hash Batches": 1,                                                                                                                        +
                                           "Peak Memory Usage": 72,                                                                                                                           +
                                           "Plans": [                                                                                                                                         +
                                             {                                                                                                                                                +
                                               "Node Type": "Seq Scan",                                                                                                                       +
                                               "Parent Relationship": "Outer",                                                                                                                +
                                               "Parallel Aware": true,                                                                                                                        +
                                               "Relation Name": "date_dim",                                                                                                                   +
                                               "Alias": "date_dim",                                                                                                                           +
                                               "Startup Cost": 0.00,                                                                                                                          +
                                               "Total Cost": 2049.55,                                                                                                                         +
                                               "Plan Rows": 54,                                                                                                                               +
                                               "Plan Width": 4,                                                                                                                               +
                                               "Actual Startup Time": 6.926,                                                                                                                  +
                                               "Actual Total Time": 10.101,                                                                                                                   +
                                               "Actual Rows": 30,                                                                                                                             +
                                               "Actual Loops": 3,                                                                                                                             +
                                               "Filter": "((d_qoy = 2) AND (d_year = 2002))",                                                                                                 +
                                               "Rows Removed by Filter": 24319                                                                                                                +
                                             }                                                                                                                                                +
                                           ]                                                                                                                                                  +
                                         }                                                                                                                                                    +
                                       ]                                                                                                                                                      +
                                     },                                                                                                                                                       +
                                     {                                                                                                                                                        +
                                       "Node Type": "Index Scan",                                                                                                                             +
                                       "Parent Relationship": "Inner",                                                                                                                        +
                                       "Parallel Aware": false,                                                                                                                               +
                                       "Scan Direction": "Forward",                                                                                                                           +
                                       "Index Name": "customer_pkey",                                                                                                                         +
                                       "Relation Name": "customer",                                                                                                                           +
                                       "Alias": "customer",                                                                                                                                   +
                                       "Startup Cost": 0.29,                                                                                                                                  +
                                       "Total Cost": 0.33,                                                                                                                                    +
                                       "Plan Rows": 1,                                                                                                                                        +
                                       "Plan Width": 8,                                                                                                                                       +
                                       "Actual Startup Time": 0.004,                                                                                                                          +
                                       "Actual Total Time": 0.004,                                                                                                                            +
                                       "Actual Rows": 1,                                                                                                                                      +
                                       "Actual Loops": 20502,                                                                                                                                 +
                                       "Index Cond": "(c_customer_sk = web_sales.ws_bill_customer_sk)",                                                                                       +
                                       "Rows Removed by Index Recheck": 0                                                                                                                     +
                                     }                                                                                                                                                        +
                                   ]                                                                                                                                                          +
                                 },                                                                                                                                                           +
                                 {                                                                                                                                                            +
                                   "Node Type": "Index Scan",                                                                                                                                 +
                                   "Parent Relationship": "Inner",                                                                                                                            +
                                   "Parallel Aware": false,                                                                                                                                   +
                                   "Scan Direction": "Forward",                                                                                                                               +
                                   "Index Name": "customer_address_pkey",                                                                                                                     +
                                   "Relation Name": "customer_address",                                                                                                                       +
                                   "Alias": "customer_address",                                                                                                                               +
                                   "Startup Cost": 0.29,                                                                                                                                      +
                                   "Total Cost": 0.36,                                                                                                                                        +
                                   "Plan Rows": 1,                                                                                                                                            +
                                   "Plan Width": 24,                                                                                                                                          +
                                   "Actual Startup Time": 0.003,                                                                                                                              +
                                   "Actual Total Time": 0.003,                                                                                                                                +
                                   "Actual Rows": 1,                                                                                                                                          +
                                   "Actual Loops": 20500,                                                                                                                                     +
                                   "Index Cond": "(ca_address_sk = customer.c_current_addr_sk)",                                                                                              +
                                   "Rows Removed by Index Recheck": 0                                                                                                                         +
                                 }                                                                                                                                                            +
                               ]                                                                                                                                                              +
                             },                                                                                                                                                               +
                             {                                                                                                                                                                +
                               "Node Type": "Index Scan",                                                                                                                                     +
                               "Parent Relationship": "Inner",                                                                                                                                +
                               "Parallel Aware": false,                                                                                                                                       +
                               "Scan Direction": "Forward",                                                                                                                                   +
                               "Index Name": "item_pkey",                                                                                                                                     +
                               "Relation Name": "item",                                                                                                                                       +
                               "Alias": "item",                                                                                                                                               +
                               "Startup Cost": 0.29,                                                                                                                                          +
                               "Total Cost": 0.31,                                                                                                                                            +
                               "Plan Rows": 1,                                                                                                                                                +
                               "Plan Width": 21,                                                                                                                                              +
                               "Actual Startup Time": 0.004,                                                                                                                                  +
                               "Actual Total Time": 0.005,                                                                                                                                    +
                               "Actual Rows": 1,                                                                                                                                              +
                               "Actual Loops": 20500,                                                                                                                                         +
                               "Index Cond": "(i_item_sk = web_sales.ws_item_sk)",                                                                                                            +
                               "Rows Removed by Index Recheck": 0                                                                                                                             +
                             },                                                                                                                                                               +
                             {                                                                                                                                                                +
                               "Node Type": "Index Scan",                                                                                                                                     +
                               "Parent Relationship": "SubPlan",                                                                                                                              +
                               "Subplan Name": "SubPlan 1",                                                                                                                                   +
                               "Parallel Aware": false,                                                                                                                                       +
                               "Scan Direction": "Forward",                                                                                                                                   +
                               "Index Name": "item_pkey",                                                                                                                                     +
                               "Relation Name": "item",                                                                                                                                       +
                               "Alias": "item_1",                                                                                                                                             +
                               "Startup Cost": 0.29,                                                                                                                                          +
                               "Total Cost": 47.07,                                                                                                                                           +
                               "Plan Rows": 10,                                                                                                                                               +
                               "Plan Width": 17,                                                                                                                                              +
                               "Actual Startup Time": 0.048,                                                                                                                                  +
                               "Actual Total Time": 0.078,                                                                                                                                    +
                               "Actual Rows": 10,                                                                                                                                             +
                               "Actual Loops": 3,                                                                                                                                             +
                               "Index Cond": "(i_item_sk = ANY ('{2,3,5,7,11,13,17,19,23,29}'::integer[]))",                                                                                  +
                               "Rows Removed by Index Recheck": 0                                                                                                                             +
                             }                                                                                                                                                                +
                           ]                                                                                                                                                                  +
                         }                                                                                                                                                                    +
                       ]                                                                                                                                                                      +
                     }                                                                                                                                                                        +
                   ]                                                                                                                                                                          +
                 }                                                                                                                                                                            +
               ]                                                                                                                                                                              +
             }                                                                                                                                                                                +
           ]                                                                                                                                                                                  +
         }                                                                                                                                                                                    +
       ]                                                                                                                                                                                      +
     },                                                                                                                                                                                       +
     "Planning Time": 3.929,                                                                                                                                                                  +
     "Triggers": [                                                                                                                                                                            +
     ],                                                                                                                                                                                       +
     "Execution Time": 252.764                                                                                                                                                                +
   }                                                                                                                                                                                          +
 ]
(1 row)

