                                                                 QUERY PLAN                                                                  
---------------------------------------------------------------------------------------------------------------------------------------------
 [                                                                                                                                          +
   {                                                                                                                                        +
     "Plan": {                                                                                                                              +
       "Node Type": "Limit",                                                                                                                +
       "Parallel Aware": false,                                                                                                             +
       "Startup Cost": 49707.22,                                                                                                            +
       "Total Cost": 49707.47,                                                                                                              +
       "Plan Rows": 100,                                                                                                                    +
       "Plan Width": 272,                                                                                                                   +
       "Actual Startup Time": 1330.328,                                                                                                     +
       "Actual Total Time": 1330.448,                                                                                                       +
       "Actual Rows": 100,                                                                                                                  +
       "Actual Loops": 1,                                                                                                                   +
       "Plans": [                                                                                                                           +
         {                                                                                                                                  +
           "Node Type": "Sort",                                                                                                             +
           "Parent Relationship": "Outer",                                                                                                  +
           "Parallel Aware": false,                                                                                                         +
           "Startup Cost": 49707.22,                                                                                                        +
           "Total Cost": 49707.79,                                                                                                          +
           "Plan Rows": 225,                                                                                                                +
           "Plan Width": 272,                                                                                                               +
           "Actual Startup Time": 1330.326,                                                                                                 +
           "Actual Total Time": 1330.335,                                                                                                   +
           "Actual Rows": 100,                                                                                                              +
           "Actual Loops": 1,                                                                                                               +
           "Sort Key": ["customer_address.ca_country", "customer_address.ca_state", "customer_address.ca_county", "item.i_item_id"],        +
           "Sort Method": "top-N heapsort",                                                                                                 +
           "Sort Space Used": 47,                                                                                                           +
           "Sort Space Type": "Memory",                                                                                                     +
           "Plans": [                                                                                                                       +
             {                                                                                                                              +
               "Node Type": "Aggregate",                                                                                                    +
               "Strategy": "Sorted",                                                                                                        +
               "Partial Mode": "Simple",                                                                                                    +
               "Parent Relationship": "Outer",                                                                                              +
               "Parallel Aware": false,                                                                                                     +
               "Startup Cost": 49689.92,                                                                                                    +
               "Total Cost": 49698.62,                                                                                                      +
               "Plan Rows": 225,                                                                                                            +
               "Plan Width": 272,                                                                                                           +
               "Actual Startup Time": 1258.508,                                                                                             +
               "Actual Total Time": 1319.090,                                                                                               +
               "Actual Rows": 8317,                                                                                                         +
               "Actual Loops": 1,                                                                                                           +
               "Grouping Sets": [                                                                                                           +
                 {                                                                                                                          +
                   "Group Keys": [                                                                                                          +
                     ["item.i_item_id", "customer_address.ca_country", "customer_address.ca_state", "customer_address.ca_county"],          +
                     ["item.i_item_id", "customer_address.ca_country", "customer_address.ca_state"],                                        +
                     ["item.i_item_id", "customer_address.ca_country"],                                                                     +
                     ["item.i_item_id"],                                                                                                    +
                     []                                                                                                                     +
                   ]                                                                                                                        +
                 }                                                                                                                          +
               ],                                                                                                                           +
               "Plans": [                                                                                                                   +
                 {                                                                                                                          +
                   "Node Type": "Sort",                                                                                                     +
                   "Parent Relationship": "Outer",                                                                                          +
                   "Parallel Aware": false,                                                                                                 +
                   "Startup Cost": 49689.92,                                                                                                +
                   "Total Cost": 49690.06,                                                                                                  +
                   "Plan Rows": 56,                                                                                                         +
                   "Plan Width": 81,                                                                                                        +
                   "Actual Startup Time": 1258.472,                                                                                         +
                   "Actual Total Time": 1258.819,                                                                                           +
                   "Actual Rows": 2212,                                                                                                     +
                   "Actual Loops": 1,                                                                                                       +
                   "Sort Key": ["item.i_item_id", "customer_address.ca_country", "customer_address.ca_state", "customer_address.ca_county"],+
                   "Sort Method": "quicksort",                                                                                              +
                   "Sort Space Used": 408,                                                                                                  +
                   "Sort Space Type": "Memory",                                                                                             +
                   "Plans": [                                                                                                               +
                     {                                                                                                                      +
                       "Node Type": "Gather",                                                                                               +
                       "Parent Relationship": "Outer",                                                                                      +
                       "Parallel Aware": false,                                                                                             +
                       "Startup Cost": 2946.52,                                                                                             +
                       "Total Cost": 49688.29,                                                                                              +
                       "Plan Rows": 56,                                                                                                     +
                       "Plan Width": 81,                                                                                                    +
                       "Actual Startup Time": 171.361,                                                                                      +
                       "Actual Total Time": 1236.366,                                                                                       +
                       "Actual Rows": 2212,                                                                                                 +
                       "Actual Loops": 1,                                                                                                   +
                       "Workers Planned": 2,                                                                                                +
                       "Workers Launched": 2,                                                                                               +
                       "Single Copy": false,                                                                                                +
                       "Plans": [                                                                                                           +
                         {                                                                                                                  +
                           "Node Type": "Nested Loop",                                                                                      +
                           "Parent Relationship": "Outer",                                                                                  +
                           "Parallel Aware": false,                                                                                         +
                           "Join Type": "Inner",                                                                                            +
                           "Startup Cost": 1946.52,                                                                                         +
                           "Total Cost": 48682.69,                                                                                          +
                           "Plan Rows": 23,                                                                                                 +
                           "Plan Width": 81,                                                                                                +
                           "Actual Startup Time": 199.384,                                                                                  +
                           "Actual Total Time": 1229.271,                                                                                   +
                           "Actual Rows": 737,                                                                                              +
                           "Actual Loops": 3,                                                                                               +
                           "Inner Unique": true,                                                                                            +
                           "Plans": [                                                                                                       +
                             {                                                                                                              +
                               "Node Type": "Nested Loop",                                                                                  +
                               "Parent Relationship": "Outer",                                                                              +
                               "Parallel Aware": false,                                                                                     +
                               "Join Type": "Inner",                                                                                        +
                               "Startup Cost": 1946.24,                                                                                     +
                               "Total Cost": 48675.59,                                                                                      +
                               "Plan Rows": 23,                                                                                             +
                               "Plan Width": 68,                                                                                            +
                               "Actual Startup Time": 199.283,                                                                              +
                               "Actual Total Time": 1221.024,                                                                               +
                               "Actual Rows": 737,                                                                                          +
                               "Actual Loops": 3,                                                                                           +
                               "Inner Unique": true,                                                                                        +
                               "Plans": [                                                                                                   +
                                 {                                                                                                          +
                                   "Node Type": "Nested Loop",                                                                              +
                                   "Parent Relationship": "Outer",                                                                          +
                                   "Parallel Aware": false,                                                                                 +
                                   "Join Type": "Inner",                                                                                    +
                                   "Startup Cost": 1945.81,                                                                                 +
                                   "Total Cost": 48610.75,                                                                                  +
                                   "Plan Rows": 24,                                                                                         +
                                   "Plan Width": 72,                                                                                        +
                                   "Actual Startup Time": 182.753,                                                                          +
                                   "Actual Total Time": 1213.016,                                                                           +
                                   "Actual Rows": 742,                                                                                      +
                                   "Actual Loops": 3,                                                                                       +
                                   "Inner Unique": true,                                                                                    +
                                   "Plans": [                                                                                               +
                                     {                                                                                                      +
                                       "Node Type": "Nested Loop",                                                                          +
                                       "Parent Relationship": "Outer",                                                                      +
                                       "Parallel Aware": false,                                                                             +
                                       "Join Type": "Inner",                                                                                +
                                       "Startup Cost": 1945.52,                                                                             +
                                       "Total Cost": 48568.08,                                                                              +
                                       "Plan Rows": 102,                                                                                    +
                                       "Plan Width": 45,                                                                                    +
                                       "Actual Startup Time": 177.276,                                                                      +
                                       "Actual Total Time": 1197.453,                                                                       +
                                       "Actual Rows": 3258,                                                                                 +
                                       "Actual Loops": 3,                                                                                   +
                                       "Inner Unique": true,                                                                                +
                                       "Plans": [                                                                                           +
                                         {                                                                                                  +
                                           "Node Type": "Nested Loop",                                                                      +
                                           "Parent Relationship": "Outer",                                                                  +
                                           "Parallel Aware": false,                                                                         +
                                           "Join Type": "Inner",                                                                            +
                                           "Startup Cost": 1945.23,                                                                         +
                                           "Total Cost": 48498.33,                                                                          +
                                           "Plan Rows": 214,                                                                                +
                                           "Plan Width": 37,                                                                                +
                                           "Actual Startup Time": 177.137,                                                                  +
                                           "Actual Total Time": 1165.690,                                                                   +
                                           "Actual Rows": 6673,                                                                             +
                                           "Actual Loops": 3,                                                                               +
                                           "Inner Unique": true,                                                                            +
                                           "Plans": [                                                                                       +
                                             {                                                                                              +
                                               "Node Type": "Hash Join",                                                                    +
                                               "Parent Relationship": "Outer",                                                              +
                                               "Parallel Aware": true,                                                                      +
                                               "Join Type": "Inner",                                                                        +
                                               "Startup Cost": 1944.80,                                                                     +
                                               "Total Cost": 46933.82,                                                                      +
                                               "Plan Rows": 2979,                                                                           +
                                               "Plan Width": 37,                                                                            +
                                               "Actual Startup Time": 156.790,                                                              +
                                               "Actual Total Time": 303.808,                                                                +
                                               "Actual Rows": 95231,                                                                        +
                                               "Actual Loops": 3,                                                                           +
                                               "Inner Unique": true,                                                                        +
                                               "Hash Cond": "(catalog_sales.cs_sold_date_sk = date_dim.d_date_sk)",                         +
                                               "Plans": [                                                                                   +
                                                 {                                                                                          +
                                                   "Node Type": "Seq Scan",                                                                 +
                                                   "Parent Relationship": "Outer",                                                          +
                                                   "Parallel Aware": true,                                                                  +
                                                   "Relation Name": "catalog_sales",                                                        +
                                                   "Alias": "catalog_sales",                                                                +
                                                   "Startup Cost": 0.00,                                                                    +
                                                   "Total Cost": 43412.07,                                                                  +
                                                   "Plan Rows": 600708,                                                                     +
                                                   "Plan Width": 41,                                                                        +
                                                   "Actual Startup Time": 0.043,                                                            +
                                                   "Actual Total Time": 133.638,                                                            +
                                                   "Actual Rows": 480516,                                                                   +
                                                   "Actual Loops": 3                                                                        +
                                                 },                                                                                         +
                                                 {                                                                                          +
                                                   "Node Type": "Hash",                                                                     +
                                                   "Parent Relationship": "Inner",                                                          +
                                                   "Parallel Aware": true,                                                                  +
                                                   "Startup Cost": 1942.12,                                                                 +
                                                   "Total Cost": 1942.12,                                                                   +
                                                   "Plan Rows": 214,                                                                        +
                                                   "Plan Width": 4,                                                                         +
                                                   "Actual Startup Time": 9.949,                                                            +
                                                   "Actual Total Time": 9.950,                                                              +
                                                   "Actual Rows": 122,                                                                      +
                                                   "Actual Loops": 3,                                                                       +
                                                   "Hash Buckets": 1024,                                                                    +
                                                   "Original Hash Buckets": 1024,                                                           +
                                                   "Hash Batches": 1,                                                                       +
                                                   "Original Hash Batches": 1,                                                              +
                                                   "Peak Memory Usage": 104,                                                                +
                                                   "Plans": [                                                                               +
                                                     {                                                                                      +
                                                       "Node Type": "Seq Scan",                                                             +
                                                       "Parent Relationship": "Outer",                                                      +
                                                       "Parallel Aware": true,                                                              +
                                                       "Relation Name": "date_dim",                                                         +
                                                       "Alias": "date_dim",                                                                 +
                                                       "Startup Cost": 0.00,                                                                +
                                                       "Total Cost": 1942.12,                                                               +
                                                       "Plan Rows": 214,                                                                    +
                                                       "Plan Width": 4,                                                                     +
                                                       "Actual Startup Time": 4.346,                                                        +
                                                       "Actual Total Time": 9.713,                                                          +
                                                       "Actual Rows": 122,                                                                  +
                                                       "Actual Loops": 3,                                                                   +
                                                       "Filter": "(d_year = 1999)",                                                         +
                                                       "Rows Removed by Filter": 24228                                                      +
                                                     }                                                                                      +
                                                   ]                                                                                        +
                                                 }                                                                                          +
                                               ]                                                                                            +
                                             },                                                                                             +
                                             {                                                                                              +
                                               "Node Type": "Index Scan",                                                                   +
                                               "Parent Relationship": "Inner",                                                              +
                                               "Parallel Aware": false,                                                                     +
                                               "Scan Direction": "Forward",                                                                 +
                                               "Index Name": "customer_demographics_pkey",                                                  +
                                               "Relation Name": "customer_demographics",                                                    +
                                               "Alias": "cd1",                                                                              +
                                               "Startup Cost": 0.43,                                                                        +
                                               "Total Cost": 0.53,                                                                          +
                                               "Plan Rows": 1,                                                                              +
                                               "Plan Width": 8,                                                                             +
                                               "Actual Startup Time": 0.009,                                                                +
                                               "Actual Total Time": 0.009,                                                                  +
                                               "Actual Rows": 0,                                                                            +
                                               "Actual Loops": 285693,                                                                      +
                                               "Index Cond": "(cd_demo_sk = catalog_sales.cs_bill_cdemo_sk)",                               +
                                               "Rows Removed by Index Recheck": 0,                                                          +
                                               "Filter": "((cd_gender = 'F'::bpchar) AND (cd_education_status = 'Primary'::bpchar))",       +
                                               "Rows Removed by Filter": 1                                                                  +
                                             }                                                                                              +
                                           ]                                                                                                +
                                         },                                                                                                 +
                                         {                                                                                                  +
                                           "Node Type": "Index Scan",                                                                       +
                                           "Parent Relationship": "Inner",                                                                  +
                                           "Parallel Aware": false,                                                                         +
                                           "Scan Direction": "Forward",                                                                     +
                                           "Index Name": "customer_pkey",                                                                   +
                                           "Relation Name": "customer",                                                                     +
                                           "Alias": "customer",                                                                             +
                                           "Startup Cost": 0.29,                                                                            +
                                           "Total Cost": 0.33,                                                                              +
                                           "Plan Rows": 1,                                                                                  +
                                           "Plan Width": 16,                                                                                +
                                           "Actual Startup Time": 0.004,                                                                    +
                                           "Actual Total Time": 0.004,                                                                      +
                                           "Actual Rows": 0,                                                                                +
                                           "Actual Loops": 20020,                                                                           +
                                           "Index Cond": "(c_customer_sk = catalog_sales.cs_bill_customer_sk)",                             +
                                           "Rows Removed by Index Recheck": 0,                                                              +
                                           "Filter": "(c_birth_month = ANY ('{10,12,4,3,9,11}'::integer[]))",                               +
                                           "Rows Removed by Filter": 1                                                                      +
                                         }                                                                                                  +
                                       ]                                                                                                    +
                                     },                                                                                                     +
                                     {                                                                                                      +
                                       "Node Type": "Index Scan",                                                                           +
                                       "Parent Relationship": "Inner",                                                                      +
                                       "Parallel Aware": false,                                                                             +
                                       "Scan Direction": "Forward",                                                                         +
                                       "Index Name": "customer_address_pkey",                                                               +
                                       "Relation Name": "customer_address",                                                                 +
                                       "Alias": "customer_address",                                                                         +
                                       "Startup Cost": 0.29,                                                                                +
                                       "Total Cost": 0.42,                                                                                  +
                                       "Plan Rows": 1,                                                                                      +
                                       "Plan Width": 35,                                                                                    +
                                       "Actual Startup Time": 0.004,                                                                        +
                                       "Actual Total Time": 0.004,                                                                          +
                                       "Actual Rows": 0,                                                                                    +
                                       "Actual Loops": 9773,                                                                                +
                                       "Index Cond": "(ca_address_sk = customer.c_current_addr_sk)",                                        +
                                       "Rows Removed by Index Recheck": 0,                                                                  +
                                       "Filter": "(ca_state = ANY ('{KY,ND,TX,IL,MS,ID,MO}'::bpchar[]))",                                   +
                                       "Rows Removed by Filter": 1                                                                          +
                                     }                                                                                                      +
                                   ]                                                                                                        +
                                 },                                                                                                         +
                                 {                                                                                                          +
                                   "Node Type": "Index Only Scan",                                                                          +
                                   "Parent Relationship": "Inner",                                                                          +
                                   "Parallel Aware": false,                                                                                 +
                                   "Scan Direction": "Forward",                                                                             +
                                   "Index Name": "customer_demographics_pkey",                                                              +
                                   "Relation Name": "customer_demographics",                                                                +
                                   "Alias": "cd2",                                                                                          +
                                   "Startup Cost": 0.43,                                                                                    +
                                   "Total Cost": 2.70,                                                                                      +
                                   "Plan Rows": 1,                                                                                          +
                                   "Plan Width": 4,                                                                                         +
                                   "Actual Startup Time": 0.010,                                                                            +
                                   "Actual Total Time": 0.010,                                                                              +
                                   "Actual Rows": 1,                                                                                        +
                                   "Actual Loops": 2226,                                                                                    +
                                   "Index Cond": "(cd_demo_sk = customer.c_current_cdemo_sk)",                                              +
                                   "Rows Removed by Index Recheck": 0,                                                                      +
                                   "Heap Fetches": 2212                                                                                     +
                                 }                                                                                                          +
                               ]                                                                                                            +
                             },                                                                                                             +
                             {                                                                                                              +
                               "Node Type": "Index Scan",                                                                                   +
                               "Parent Relationship": "Inner",                                                                              +
                               "Parallel Aware": false,                                                                                     +
                               "Scan Direction": "Forward",                                                                                 +
                               "Index Name": "item_pkey",                                                                                   +
                               "Relation Name": "item",                                                                                     +
                               "Alias": "item",                                                                                             +
                               "Startup Cost": 0.29,                                                                                        +
                               "Total Cost": 0.31,                                                                                          +
                               "Plan Rows": 1,                                                                                              +
                               "Plan Width": 21,                                                                                            +
                               "Actual Startup Time": 0.010,                                                                                +
                               "Actual Total Time": 0.010,                                                                                  +
                               "Actual Rows": 1,                                                                                            +
                               "Actual Loops": 2212,                                                                                        +
                               "Index Cond": "(i_item_sk = catalog_sales.cs_item_sk)",                                                      +
                               "Rows Removed by Index Recheck": 0                                                                           +
                             }                                                                                                              +
                           ]                                                                                                                +
                         }                                                                                                                  +
                       ]                                                                                                                    +
                     }                                                                                                                      +
                   ]                                                                                                                        +
                 }                                                                                                                          +
               ]                                                                                                                            +
             }                                                                                                                              +
           ]                                                                                                                                +
         }                                                                                                                                  +
       ]                                                                                                                                    +
     },                                                                                                                                     +
     "Planning Time": 8.914,                                                                                                                +
     "Triggers": [                                                                                                                          +
     ],                                                                                                                                     +
     "Execution Time": 1330.647                                                                                                             +
   }                                                                                                                                        +
 ]
(1 row)

