[
  {
    "Plan": {
      "Node Type": "Limit",
      "Parallel Aware": false,
      "Startup Cost": 830187.38,
      "Total Cost": 830187.55,
      "Plan Rows": 1,
      "Plan Width": 288,
      "Actual Startup Time": 7827.220,
      "Actual Total Time": 7827.223,
      "Actual Rows": 1,
      "Actual Loops": 1,
      "Plans": [
        {
          "Node Type": "Nested Loop",
          "Parent Relationship": "Outer",
          "Parallel Aware": false,
          "Join Type": "Inner",
          "Startup Cost": 830187.38,
          "Total Cost": 830187.55,
          "Plan Rows": 1,
          "Plan Width": 288,
          "Actual Startup Time": 7827.218,
          "Actual Total Time": 7827.222,
          "Actual Rows": 1,
          "Actual Loops": 1,
          "Inner Unique": false,
          "Plans": [
            {
              "Node Type": "Nested Loop",
              "Parent Relationship": "Outer",
              "Parallel Aware": false,
              "Join Type": "Inner",
              "Startup Cost": 691824.88,
              "Total Cost": 691825.02,
              "Plan Rows": 1,
              "Plan Width": 240,
              "Actual Startup Time": 6541.412,
              "Actual Total Time": 6541.415,
              "Actual Rows": 1,
              "Actual Loops": 1,
              "Inner Unique": false,
              "Plans": [
                {
                  "Node Type": "Nested Loop",
                  "Parent Relationship": "Outer",
                  "Parallel Aware": false,
                  "Join Type": "Inner",
                  "Startup Cost": 553451.66,
                  "Total Cost": 553451.77,
                  "Plan Rows": 1,
                  "Plan Width": 192,
                  "Actual Startup Time": 5240.675,
                  "Actual Total Time": 5240.677,
                  "Actual Rows": 1,
                  "Actual Loops": 1,
                  "Inner Unique": false,
                  "Plans": [
                    {
                      "Node Type": "Nested Loop",
                      "Parent Relationship": "Outer",
                      "Parallel Aware": false,
                      "Join Type": "Inner",
                      "Startup Cost": 415062.54,
                      "Total Cost": 415062.62,
                      "Plan Rows": 1,
                      "Plan Width": 144,
                      "Actual Startup Time": 3950.213,
                      "Actual Total Time": 3950.214,
                      "Actual Rows": 1,
                      "Actual Loops": 1,
                      "Inner Unique": false,
                      "Plans": [
                        {
                          "Node Type": "Nested Loop",
                          "Parent Relationship": "Outer",
                          "Parallel Aware": false,
                          "Join Type": "Inner",
                          "Startup Cost": 276713.12,
                          "Total Cost": 276713.17,
                          "Plan Rows": 1,
                          "Plan Width": 96,
                          "Actual Startup Time": 2656.696,
                          "Actual Total Time": 2656.697,
                          "Actual Rows": 1,
                          "Actual Loops": 1,
                          "Inner Unique": false,
                          "Plans": [
                            {
                              "Node Type": "Aggregate",
                              "Strategy": "Plain",
                              "Partial Mode": "Simple",
                              "Parent Relationship": "Outer",
                              "Parallel Aware": false,
                              "Startup Cost": 138368.52,
                              "Total Cost": 138368.53,
                              "Plan Rows": 1,
                              "Plan Width": 48,
                              "Actual Startup Time": 1339.742,
                              "Actual Total Time": 1339.742,
                              "Actual Rows": 1,
                              "Actual Loops": 1,
                              "Plans": [
                                {
                                  "Node Type": "Seq Scan",
                                  "Parent Relationship": "Outer",
                                  "Parallel Aware": false,
                                  "Relation Name": "store_sales",
                                  "Alias": "store_sales",
                                  "Startup Cost": 0.00,
                                  "Total Cost": 138109.47,
                                  "Plan Rows": 34539,
                                  "Plan Width": 6,
                                  "Actual Startup Time": 0.124,
                                  "Actual Total Time": 1293.479,
                                  "Actual Rows": 36668,
                                  "Actual Loops": 1,
                                  "Filter": "((ss_quantity >= 0) AND (ss_quantity <= 5) AND (((ss_list_price >= '27'::numeric) AND (ss_list_price <= '37'::numeric)) OR ((ss_coupon_amt >= '16955'::numeric) AND (ss_coupon_amt <= '17955'::numeric)) OR ((ss_wholesale_cost >= '40'::numeric) AND (ss_wholesale_cost <= '60'::numeric))))",
                                  "Rows Removed by Filter": 2843736
                                }
                              ]
                            },
                            {
                              "Node Type": "Aggregate",
                              "Strategy": "Plain",
                              "Partial Mode": "Simple",
                              "Parent Relationship": "Inner",
                              "Parallel Aware": false,
                              "Startup Cost": 138344.61,
                              "Total Cost": 138344.62,
                              "Plan Rows": 1,
                              "Plan Width": 48,
                              "Actual Startup Time": 1316.949,
                              "Actual Total Time": 1316.949,
                              "Actual Rows": 1,
                              "Actual Loops": 1,
                              "Plans": [
                                {
                                  "Node Type": "Seq Scan",
                                  "Parent Relationship": "Outer",
                                  "Parallel Aware": false,
                                  "Relation Name": "store_sales",
                                  "Alias": "store_sales_1",
                                  "Startup Cost": 0.00,
                                  "Total Cost": 138109.47,
                                  "Plan Rows": 31351,
                                  "Plan Width": 6,
                                  "Actual Startup Time": 0.087,
                                  "Actual Total Time": 1273.667,
                                  "Actual Rows": 32336,
                                  "Actual Loops": 1,
                                  "Filter": "((ss_quantity >= 6) AND (ss_quantity <= 10) AND (((ss_list_price >= '130'::numeric) AND (ss_list_price <= '140'::numeric)) OR ((ss_coupon_amt >= '6207'::numeric) AND (ss_coupon_amt <= '7207'::numeric)) OR ((ss_wholesale_cost >= '20'::numeric) AND (ss_wholesale_cost <= '40'::numeric))))",
                                  "Rows Removed by Filter": 2848068
                                }
                              ]
                            }
                          ]
                        },
                        {
                          "Node Type": "Aggregate",
                          "Strategy": "Plain",
                          "Partial Mode": "Simple",
                          "Parent Relationship": "Inner",
                          "Parallel Aware": false,
                          "Startup Cost": 138349.42,
                          "Total Cost": 138349.43,
                          "Plan Rows": 1,
                          "Plan Width": 48,
                          "Actual Startup Time": 1293.511,
                          "Actual Total Time": 1293.511,
                          "Actual Rows": 1,
                          "Actual Loops": 1,
                          "Plans": [
                            {
                              "Node Type": "Seq Scan",
                              "Parent Relationship": "Outer",
                              "Parallel Aware": false,
                              "Relation Name": "store_sales",
                              "Alias": "store_sales_2",
                              "Startup Cost": 0.00,
                              "Total Cost": 138109.47,
                              "Plan Rows": 31993,
                              "Plan Width": 6,
                              "Actual Startup Time": 0.078,
                              "Actual Total Time": 1250.683,
                              "Actual Rows": 35928,
                              "Actual Loops": 1,
                              "Filter": "((ss_quantity >= 11) AND (ss_quantity <= 15) AND (((ss_list_price >= '98'::numeric) AND (ss_list_price <= '108'::numeric)) OR ((ss_coupon_amt >= '6498'::numeric) AND (ss_coupon_amt <= '7498'::numeric)) OR ((ss_wholesale_cost >= '12'::numeric) AND (ss_wholesale_cost <= '32'::numeric))))",
                              "Rows Removed by Filter": 2844476
                            }
                          ]
                        }
                      ]
                    },
                    {
                      "Node Type": "Aggregate",
                      "Strategy": "Plain",
                      "Partial Mode": "Simple",
                      "Parent Relationship": "Inner",
                      "Parallel Aware": false,
                      "Startup Cost": 138389.12,
                      "Total Cost": 138389.13,
                      "Plan Rows": 1,
                      "Plan Width": 48,
                      "Actual Startup Time": 1290.458,
                      "Actual Total Time": 1290.458,
                      "Actual Rows": 1,
                      "Actual Loops": 1,
                      "Plans": [
                        {
                          "Node Type": "Seq Scan",
                          "Parent Relationship": "Outer",
                          "Parallel Aware": false,
                          "Relation Name": "store_sales",
                          "Alias": "store_sales_3",
                          "Startup Cost": 0.00,
                          "Total Cost": 138109.47,
                          "Plan Rows": 37286,
                          "Plan Width": 6,
                          "Actual Startup Time": 0.074,
                          "Actual Total Time": 1247.659,
                          "Actual Rows": 35824,
                          "Actual Loops": 1,
                          "Filter": "((ss_quantity >= 16) AND (ss_quantity <= 20) AND (((ss_list_price >= '46'::numeric) AND (ss_list_price <= '56'::numeric)) OR ((ss_coupon_amt >= '1898'::numeric) AND (ss_coupon_amt <= '2898'::numeric)) OR ((ss_wholesale_cost >= '7'::numeric) AND (ss_wholesale_cost <= '27'::numeric))))",
                          "Rows Removed by Filter": 2844580
                        }
                      ]
                    }
                  ]
                },
                {
                  "Node Type": "Aggregate",
                  "Strategy": "Plain",
                  "Partial Mode": "Simple",
                  "Parent Relationship": "Inner",
                  "Parallel Aware": false,
                  "Startup Cost": 138373.22,
                  "Total Cost": 138373.23,
                  "Plan Rows": 1,
                  "Plan Width": 48,
                  "Actual Startup Time": 1300.731,
                  "Actual Total Time": 1300.731,
                  "Actual Rows": 1,
                  "Actual Loops": 1,
                  "Plans": [
                    {
                      "Node Type": "Seq Scan",
                      "Parent Relationship": "Outer",
                      "Parallel Aware": false,
                      "Relation Name": "store_sales",
                      "Alias": "store_sales_4",
                      "Startup Cost": 0.00,
                      "Total Cost": 138109.47,
                      "Plan Rows": 35166,
                      "Plan Width": 6,
                      "Actual Startup Time": 0.041,
                      "Actual Total Time": 1257.008,
                      "Actual Rows": 36606,
                      "Actual Loops": 1,
                      "Filter": "((ss_quantity >= 21) AND (ss_quantity <= 25) AND (((ss_list_price >= '86'::numeric) AND (ss_list_price <= '96'::numeric)) OR ((ss_coupon_amt >= '8093'::numeric) AND (ss_coupon_amt <= '9093'::numeric)) OR ((ss_wholesale_cost >= '3'::numeric) AND (ss_wholesale_cost <= '23'::numeric))))",
                      "Rows Removed by Filter": 2843798
                    }
                  ]
                }
              ]
            },
            {
              "Node Type": "Aggregate",
              "Strategy": "Plain",
              "Partial Mode": "Simple",
              "Parent Relationship": "Inner",
              "Parallel Aware": false,
              "Startup Cost": 138362.51,
              "Total Cost": 138362.52,
              "Plan Rows": 1,
              "Plan Width": 48,
              "Actual Startup Time": 1285.801,
              "Actual Total Time": 1285.801,
              "Actual Rows": 1,
              "Actual Loops": 1,
              "Plans": [
                {
                  "Node Type": "Seq Scan",
                  "Parent Relationship": "Outer",
                  "Parallel Aware": false,
                  "Relation Name": "store_sales",
                  "Alias": "store_sales_5",
                  "Startup Cost": 0.00,
                  "Total Cost": 138109.47,
                  "Plan Rows": 33738,
                  "Plan Width": 6,
                  "Actual Startup Time": 0.207,
                  "Actual Total Time": 1241.918,
                  "Actual Rows": 36635,
                  "Actual Loops": 1,
                  "Filter": "((ss_quantity >= 26) AND (ss_quantity <= 30) AND (((ss_list_price >= '59'::numeric) AND (ss_list_price <= '69'::numeric)) OR ((ss_coupon_amt >= '12894'::numeric) AND (ss_coupon_amt <= '13894'::numeric)) OR ((ss_wholesale_cost >= '69'::numeric) AND (ss_wholesale_cost <= '89'::numeric))))",
                  "Rows Removed by Filter": 2843769
                }
              ]
            }
          ]
        }
      ]
    },
    "Planning Time": 1.766,
    "Triggers": [
    ],
    "Execution Time": 7828.177
  }
]
