                                                               QUERY PLAN                                                                
-----------------------------------------------------------------------------------------------------------------------------------------
 [                                                                                                                                      +
   {                                                                                                                                    +
     "Plan": {                                                                                                                          +
       "Node Type": "Limit",                                                                                                            +
       "Parallel Aware": false,                                                                                                         +
       "Startup Cost": 160438.80,                                                                                                       +
       "Total Cost": 160488.38,                                                                                                         +
       "Plan Rows": 100,                                                                                                                +
       "Plan Width": 163,                                                                                                               +
       "Actual Startup Time": 713.426,                                                                                                  +
       "Actual Total Time": 726.474,                                                                                                    +
       "Actual Rows": 100,                                                                                                              +
       "Actual Loops": 1,                                                                                                               +
       "Plans": [                                                                                                                       +
         {                                                                                                                              +
           "Node Type": "Aggregate",                                                                                                    +
           "Strategy": "Sorted",                                                                                                        +
           "Partial Mode": "Finalize",                                                                                                  +
           "Parent Relationship": "Outer",                                                                                              +
           "Parallel Aware": false,                                                                                                     +
           "Startup Cost": 160438.80,                                                                                                   +
           "Total Cost": 166818.42,                                                                                                     +
           "Plan Rows": 12866,                                                                                                          +
           "Plan Width": 163,                                                                                                           +
           "Actual Startup Time": 713.425,                                                                                              +
           "Actual Total Time": 714.916,                                                                                                +
           "Actual Rows": 100,                                                                                                          +
           "Actual Loops": 1,                                                                                                           +
           "Group Key": ["('store'::text)", "('ss_hdemo_sk'::text)", "date_dim.d_year", "date_dim.d_qoy", "item.i_category"],           +
           "Plans": [                                                                                                                   +
             {                                                                                                                          +
               "Node Type": "Gather Merge",                                                                                             +
               "Parent Relationship": "Outer",                                                                                          +
               "Parallel Aware": false,                                                                                                 +
               "Startup Cost": 160438.80,                                                                                               +
               "Total Cost": 166142.95,                                                                                                 +
               "Plan Rows": 25732,                                                                                                      +
               "Plan Width": 163,                                                                                                       +
               "Actual Startup Time": 713.396,                                                                                          +
               "Actual Total Time": 726.006,                                                                                            +
               "Actual Rows": 200,                                                                                                      +
               "Actual Loops": 1,                                                                                                       +
               "Workers Planned": 2,                                                                                                    +
               "Workers Launched": 2,                                                                                                   +
               "Plans": [                                                                                                               +
                 {                                                                                                                      +
                   "Node Type": "Aggregate",                                                                                            +
                   "Strategy": "Sorted",                                                                                                +
                   "Partial Mode": "Partial",                                                                                           +
                   "Parent Relationship": "Outer",                                                                                      +
                   "Parallel Aware": false,                                                                                             +
                   "Startup Cost": 159438.77,                                                                                           +
                   "Total Cost": 162172.82,                                                                                             +
                   "Plan Rows": 12866,                                                                                                  +
                   "Plan Width": 163,                                                                                                   +
                   "Actual Startup Time": 691.377,                                                                                      +
                   "Actual Total Time": 707.604,                                                                                        +
                   "Actual Rows": 144,                                                                                                  +
                   "Actual Loops": 3,                                                                                                   +
                   "Group Key": ["('store'::text)", "('ss_hdemo_sk'::text)", "date_dim.d_year", "date_dim.d_qoy", "item.i_category"],   +
                   "Plans": [                                                                                                           +
                     {                                                                                                                  +
                       "Node Type": "Sort",                                                                                             +
                       "Parent Relationship": "Outer",                                                                                  +
                       "Parallel Aware": false,                                                                                         +
                       "Startup Cost": 159438.77,                                                                                       +
                       "Total Cost": 159760.43,                                                                                         +
                       "Plan Rows": 128661,                                                                                             +
                       "Plan Width": 129,                                                                                               +
                       "Actual Startup Time": 691.286,                                                                                  +
                       "Actual Total Time": 699.031,                                                                                    +
                       "Actual Rows": 10072,                                                                                            +
                       "Actual Loops": 3,                                                                                               +
                       "Sort Key": ["('store'::text)", "('ss_hdemo_sk'::text)", "date_dim.d_year", "date_dim.d_qoy", "item.i_category"],+
                       "Sort Method": "quicksort",                                                                                      +
                       "Sort Space Used": 3053,                                                                                         +
                       "Sort Space Type": "Memory",                                                                                     +
                       "Workers": [                                                                                                     +
                         {                                                                                                              +
                           "Worker Number": 0,                                                                                          +
                           "Sort Method": "quicksort",                                                                                  +
                           "Sort Space Used": 3178,                                                                                     +
                           "Sort Space Type": "Memory"                                                                                  +
                         },                                                                                                             +
                         {                                                                                                              +
                           "Worker Number": 1,                                                                                          +
                           "Sort Method": "external merge",                                                                             +
                           "Sort Space Used": 2952,                                                                                     +
                           "Sort Space Type": "Disk"                                                                                    +
                         }                                                                                                              +
                       ],                                                                                                               +
                       "Plans": [                                                                                                       +
                         {                                                                                                              +
                           "Node Type": "Append",                                                                                       +
                           "Parent Relationship": "Outer",                                                                              +
                           "Parallel Aware": true,                                                                                      +
                           "Startup Cost": 3840.06,                                                                                     +
                           "Total Cost": 139724.32,                                                                                     +
                           "Plan Rows": 128661,                                                                                         +
                           "Plan Width": 129,                                                                                           +
                           "Actual Startup Time": 53.972,                                                                               +
                           "Actual Total Time": 573.869,                                                                                +
                           "Actual Rows": 22869,                                                                                        +
                           "Actual Loops": 3,                                                                                           +
                           "Plans": [                                                                                                   +
                             {                                                                                                          +
                               "Node Type": "Hash Join",                                                                                +
                               "Parent Relationship": "Member",                                                                         +
                               "Parallel Aware": true,                                                                                  +
                               "Join Type": "Inner",                                                                                    +
                               "Startup Cost": 3840.06,                                                                                 +
                               "Total Cost": 67810.00,                                                                                  +
                               "Plan Rows": 50620,                                                                                      +
                               "Plan Width": 129,                                                                                       +
                               "Actual Startup Time": 26.845,                                                                           +
                               "Actual Total Time": 303.597,                                                                            +
                               "Actual Rows": 21658,                                                                                    +
                               "Actual Loops": 3,                                                                                       +
                               "Inner Unique": true,                                                                                    +
                               "Hash Cond": "(store_sales.ss_item_sk = item.i_item_sk)",                                                +
                               "Plans": [                                                                                               +
                                 {                                                                                                      +
                                   "Node Type": "Hash Join",                                                                            +
                                   "Parent Relationship": "Outer",                                                                      +
                                   "Parallel Aware": true,                                                                              +
                                   "Join Type": "Inner",                                                                                +
                                   "Startup Cost": 2371.82,                                                                             +
                                   "Total Cost": 66208.85,                                                                              +
                                   "Plan Rows": 50620,                                                                                  +
                                   "Plan Width": 18,                                                                                    +
                                   "Actual Startup Time": 18.989,                                                                       +
                                   "Actual Total Time": 280.111,                                                                        +
                                   "Actual Rows": 21658,                                                                                +
                                   "Actual Loops": 3,                                                                                   +
                                   "Inner Unique": true,                                                                                +
                                   "Hash Cond": "(store_sales.ss_sold_date_sk = date_dim.d_date_sk)",                                   +
                                   "Plans": [                                                                                           +
                                     {                                                                                                  +
                                       "Node Type": "Seq Scan",                                                                         +
                                       "Parent Relationship": "Outer",                                                                  +
                                       "Parallel Aware": true,                                                                          +
                                       "Relation Name": "store_sales",                                                                  +
                                       "Alias": "store_sales",                                                                          +
                                       "Startup Cost": 0.00,                                                                            +
                                       "Total Cost": 63697.87,                                                                          +
                                       "Plan Rows": 53008,                                                                              +
                                       "Plan Width": 14,                                                                                +
                                       "Actual Startup Time": 0.065,                                                                    +
                                       "Actual Total Time": 240.371,                                                                    +
                                       "Actual Rows": 43282,                                                                            +
                                       "Actual Loops": 3,                                                                               +
                                       "Filter": "(ss_hdemo_sk IS NULL)",                                                               +
                                       "Rows Removed by Filter": 916852                                                                 +
                                     },                                                                                                 +
                                     {                                                                                                  +
                                       "Node Type": "Hash",                                                                             +
                                       "Parent Relationship": "Inner",                                                                  +
                                       "Parallel Aware": true,                                                                          +
                                       "Startup Cost": 1834.70,                                                                         +
                                       "Total Cost": 1834.70,                                                                           +
                                       "Plan Rows": 42970,                                                                              +
                                       "Plan Width": 12,                                                                                +
                                       "Actual Startup Time": 18.477,                                                                   +
                                       "Actual Total Time": 18.477,                                                                     +
                                       "Actual Rows": 24350,                                                                            +
                                       "Actual Loops": 3,                                                                               +
                                       "Hash Buckets": 131072,                                                                          +
                                       "Original Hash Buckets": 131072,                                                                 +
                                       "Hash Batches": 1,                                                                               +
                                       "Original Hash Batches": 1,                                                                      +
                                       "Peak Memory Usage": 4480,                                                                       +
                                       "Plans": [                                                                                       +
                                         {                                                                                              +
                                           "Node Type": "Seq Scan",                                                                     +
                                           "Parent Relationship": "Outer",                                                              +
                                           "Parallel Aware": true,                                                                      +
                                           "Relation Name": "date_dim",                                                                 +
                                           "Alias": "date_dim",                                                                         +
                                           "Startup Cost": 0.00,                                                                        +
                                           "Total Cost": 1834.70,                                                                       +
                                           "Plan Rows": 42970,                                                                          +
                                           "Plan Width": 12,                                                                            +
                                           "Actual Startup Time": 0.015,                                                                +
                                           "Actual Total Time": 29.983,                                                                 +
                                           "Actual Rows": 73049,                                                                        +
                                           "Actual Loops": 1                                                                            +
                                         }                                                                                              +
                                       ]                                                                                                +
                                     }                                                                                                  +
                                   ]                                                                                                    +
                                 },                                                                                                     +
                                 {                                                                                                      +
                                   "Node Type": "Hash",                                                                                 +
                                   "Parent Relationship": "Inner",                                                                      +
                                   "Parallel Aware": true,                                                                              +
                                   "Startup Cost": 1335.88,                                                                             +
                                   "Total Cost": 1335.88,                                                                               +
                                   "Plan Rows": 10588,                                                                                  +
                                   "Plan Width": 55,                                                                                    +
                                   "Actual Startup Time": 7.690,                                                                        +
                                   "Actual Total Time": 7.690,                                                                          +
                                   "Actual Rows": 6000,                                                                                 +
                                   "Actual Loops": 3,                                                                                   +
                                   "Hash Buckets": 32768,                                                                               +
                                   "Original Hash Buckets": 32768,                                                                      +
                                   "Hash Batches": 1,                                                                                   +
                                   "Original Hash Batches": 1,                                                                          +
                                   "Peak Memory Usage": 1824,                                                                           +
                                   "Plans": [                                                                                           +
                                     {                                                                                                  +
                                       "Node Type": "Seq Scan",                                                                         +
                                       "Parent Relationship": "Outer",                                                                  +
                                       "Parallel Aware": true,                                                                          +
                                       "Relation Name": "item",                                                                         +
                                       "Alias": "item",                                                                                 +
                                       "Startup Cost": 0.00,                                                                            +
                                       "Total Cost": 1335.88,                                                                           +
                                       "Plan Rows": 10588,                                                                              +
                                       "Plan Width": 55,                                                                                +
                                       "Actual Startup Time": 0.029,                                                                    +
                                       "Actual Total Time": 15.852,                                                                     +
                                       "Actual Rows": 18000,                                                                            +
                                       "Actual Loops": 1                                                                                +
                                     }                                                                                                  +
                                   ]                                                                                                    +
                                 }                                                                                                      +
                               ]                                                                                                        +
                             },                                                                                                         +
                             {                                                                                                          +
                               "Node Type": "Hash Join",                                                                                +
                               "Parent Relationship": "Member",                                                                         +
                               "Parallel Aware": true,                                                                                  +
                               "Join Type": "Inner",                                                                                    +
                               "Startup Cost": 3840.06,                                                                                 +
                               "Total Cost": 47267.44,                                                                                  +
                               "Plan Rows": 2909,                                                                                       +
                               "Plan Width": 129,                                                                                       +
                               "Actual Startup Time": 40.265,                                                                           +
                               "Actual Total Time": 302.987,                                                                            +
                               "Actual Rows": 1773,                                                                                     +
                               "Actual Loops": 2,                                                                                       +
                               "Inner Unique": true,                                                                                    +
                               "Hash Cond": "(catalog_sales.cs_item_sk = item_1.i_item_sk)",                                            +
                               "Plans": [                                                                                               +
                                 {                                                                                                      +
                                   "Node Type": "Hash Join",                                                                            +
                                   "Parent Relationship": "Outer",                                                                      +
                                   "Parallel Aware": true,                                                                              +
                                   "Join Type": "Inner",                                                                                +
                                   "Startup Cost": 2371.82,                                                                             +
                                   "Total Cost": 45791.57,                                                                              +
                                   "Plan Rows": 2909,                                                                                   +
                                   "Plan Width": 18,                                                                                    +
                                   "Actual Startup Time": 28.494,                                                                       +
                                   "Actual Total Time": 289.122,                                                                        +
                                   "Actual Rows": 1773,                                                                                 +
                                   "Actual Loops": 2,                                                                                   +
                                   "Inner Unique": true,                                                                                +
                                   "Hash Cond": "(catalog_sales.cs_sold_date_sk = date_dim_1.d_date_sk)",                               +
                                   "Plans": [                                                                                           +
                                     {                                                                                                  +
                                       "Node Type": "Seq Scan",                                                                         +
                                       "Parent Relationship": "Outer",                                                                  +
                                       "Parallel Aware": true,                                                                          +
                                       "Relation Name": "catalog_sales",                                                                +
                                       "Alias": "catalog_sales",                                                                        +
                                       "Startup Cost": 0.00,                                                                            +
                                       "Total Cost": 43412.07,                                                                          +
                                       "Plan Rows": 2923,                                                                               +
                                       "Plan Width": 14,                                                                                +
                                       "Actual Startup Time": 0.074,                                                                    +
                                       "Actual Total Time": 257.966,                                                                    +
                                       "Actual Rows": 3564,                                                                             +
                                       "Actual Loops": 2,                                                                               +
                                       "Filter": "(cs_ship_mode_sk IS NULL)",                                                           +
                                       "Rows Removed by Filter": 717210                                                                 +
                                     },                                                                                                 +
                                     {                                                                                                  +
                                       "Node Type": "Hash",                                                                             +
                                       "Parent Relationship": "Inner",                                                                  +
                                       "Parallel Aware": true,                                                                          +
                                       "Startup Cost": 1834.70,                                                                         +
                                       "Total Cost": 1834.70,                                                                           +
                                       "Plan Rows": 42970,                                                                              +
                                       "Plan Width": 12,                                                                                +
                                       "Actual Startup Time": 27.710,                                                                   +
                                       "Actual Total Time": 27.710,                                                                     +
                                       "Actual Rows": 36524,                                                                            +
                                       "Actual Loops": 2,                                                                               +
                                       "Hash Buckets": 131072,                                                                          +
                                       "Original Hash Buckets": 131072,                                                                 +
                                       "Hash Batches": 1,                                                                               +
                                       "Original Hash Batches": 1,                                                                      +
                                       "Peak Memory Usage": 4480,                                                                       +
                                       "Plans": [                                                                                       +
                                         {                                                                                              +
                                           "Node Type": "Seq Scan",                                                                     +
                                           "Parent Relationship": "Outer",                                                              +
                                           "Parallel Aware": true,                                                                      +
                                           "Relation Name": "date_dim",                                                                 +
                                           "Alias": "date_dim_1",                                                                       +
                                           "Startup Cost": 0.00,                                                                        +
                                           "Total Cost": 1834.70,                                                                       +
                                           "Plan Rows": 42970,                                                                          +
                                           "Plan Width": 12,                                                                            +
                                           "Actual Startup Time": 0.014,                                                                +
                                           "Actual Total Time": 29.395,                                                                 +
                                           "Actual Rows": 73049,                                                                        +
                                           "Actual Loops": 1                                                                            +
                                         }                                                                                              +
                                       ]                                                                                                +
                                     }                                                                                                  +
                                   ]                                                                                                    +
                                 },                                                                                                     +
                                 {                                                                                                      +
                                   "Node Type": "Hash",                                                                                 +
                                   "Parent Relationship": "Inner",                                                                      +
                                   "Parallel Aware": true,                                                                              +
                                   "Startup Cost": 1335.88,                                                                             +
                                   "Total Cost": 1335.88,                                                                               +
                                   "Plan Rows": 10588,                                                                                  +
                                   "Plan Width": 55,                                                                                    +
                                   "Actual Startup Time": 11.474,                                                                       +
                                   "Actual Total Time": 11.474,                                                                         +
                                   "Actual Rows": 9000,                                                                                 +
                                   "Actual Loops": 2,                                                                                   +
                                   "Hash Buckets": 32768,                                                                               +
                                   "Original Hash Buckets": 32768,                                                                      +
                                   "Hash Batches": 1,                                                                                   +
                                   "Original Hash Batches": 1,                                                                          +
                                   "Peak Memory Usage": 1824,                                                                           +
                                   "Plans": [                                                                                           +
                                     {                                                                                                  +
                                       "Node Type": "Seq Scan",                                                                         +
                                       "Parent Relationship": "Outer",                                                                  +
                                       "Parallel Aware": true,                                                                          +
                                       "Relation Name": "item",                                                                         +
                                       "Alias": "item_1",                                                                               +
                                       "Startup Cost": 0.00,                                                                            +
                                       "Total Cost": 1335.88,                                                                           +
                                       "Plan Rows": 10588,                                                                              +
                                       "Plan Width": 55,                                                                                +
                                       "Actual Startup Time": 0.021,                                                                    +
                                       "Actual Total Time": 15.562,                                                                     +
                                       "Actual Rows": 18000,                                                                            +
                                       "Actual Loops": 1                                                                                +
                                     }                                                                                                  +
                                   ]                                                                                                    +
                                 }                                                                                                      +
                               ]                                                                                                        +
                             },                                                                                                         +
                             {                                                                                                          +
                               "Node Type": "Nested Loop",                                                                              +
                               "Parent Relationship": "Member",                                                                         +
                               "Parallel Aware": false,                                                                                 +
                               "Join Type": "Inner",                                                                                    +
                               "Startup Cost": 0.58,                                                                                    +
                               "Total Cost": 22716.97,                                                                                  +
                               "Plan Rows": 80,                                                                                         +
                               "Plan Width": 129,                                                                                       +
                               "Actual Startup Time": 1.150,                                                                            +
                               "Actual Total Time": 193.019,                                                                            +
                               "Actual Rows": 85,                                                                                       +
                               "Actual Loops": 1,                                                                                       +
                               "Inner Unique": true,                                                                                    +
                               "Plans": [                                                                                               +
                                 {                                                                                                      +
                                   "Node Type": "Nested Loop",                                                                          +
                                   "Parent Relationship": "Outer",                                                                      +
                                   "Parallel Aware": false,                                                                             +
                                   "Join Type": "Inner",                                                                                +
                                   "Startup Cost": 0.29,                                                                                +
                                   "Total Cost": 22173.83,                                                                              +
                                   "Plan Rows": 80,                                                                                     +
                                   "Plan Width": 61,                                                                                    +
                                   "Actual Startup Time": 0.093,                                                                        +
                                   "Actual Total Time": 191.816,                                                                        +
                                   "Actual Rows": 183,                                                                                  +
                                   "Actual Loops": 1,                                                                                   +
                                   "Inner Unique": true,                                                                                +
                                   "Plans": [                                                                                           +
                                     {                                                                                                  +
                                       "Node Type": "Seq Scan",                                                                         +
                                       "Parent Relationship": "Outer",                                                                  +
                                       "Parallel Aware": true,                                                                          +
                                       "Relation Name": "web_sales",                                                                    +
                                       "Alias": "web_sales",                                                                            +
                                       "Startup Cost": 0.00,                                                                            +
                                       "Total Cost": 21764.43,                                                                          +
                                       "Plan Rows": 80,                                                                                 +
                                       "Plan Width": 14,                                                                                +
                                       "Actual Startup Time": 0.081,                                                                    +
                                       "Actual Total Time": 190.582,                                                                    +
                                       "Actual Rows": 183,                                                                              +
                                       "Actual Loops": 1,                                                                               +
                                       "Filter": "(ws_bill_hdemo_sk IS NULL)",                                                          +
                                       "Rows Removed by Filter": 719201                                                                 +
                                     },                                                                                                 +
                                     {                                                                                                  +
                                       "Node Type": "Index Scan",                                                                       +
                                       "Parent Relationship": "Inner",                                                                  +
                                       "Parallel Aware": false,                                                                         +
                                       "Scan Direction": "Forward",                                                                     +
                                       "Index Name": "item_pkey",                                                                       +
                                       "Relation Name": "item",                                                                         +
                                       "Alias": "item_2",                                                                               +
                                       "Startup Cost": 0.29,                                                                            +
                                       "Total Cost": 5.12,                                                                              +
                                       "Plan Rows": 1,                                                                                  +
                                       "Plan Width": 55,                                                                                +
                                       "Actual Startup Time": 0.005,                                                                    +
                                       "Actual Total Time": 0.005,                                                                      +
                                       "Actual Rows": 1,                                                                                +
                                       "Actual Loops": 183,                                                                             +
                                       "Index Cond": "(i_item_sk = web_sales.ws_item_sk)",                                              +
                                       "Rows Removed by Index Recheck": 0                                                               +
                                     }                                                                                                  +
                                   ]                                                                                                    +
                                 },                                                                                                     +
                                 {                                                                                                      +
                                   "Node Type": "Index Scan",                                                                           +
                                   "Parent Relationship": "Inner",                                                                      +
                                   "Parallel Aware": false,                                                                             +
                                   "Scan Direction": "Forward",                                                                         +
                                   "Index Name": "date_dim_pkey",                                                                       +
                                   "Relation Name": "date_dim",                                                                         +
                                   "Alias": "date_dim_2",                                                                               +
                                   "Startup Cost": 0.29,                                                                                +
                                   "Total Cost": 6.79,                                                                                  +
                                   "Plan Rows": 1,                                                                                      +
                                   "Plan Width": 12,                                                                                    +
                                   "Actual Startup Time": 0.006,                                                                        +
                                   "Actual Total Time": 0.006,                                                                          +
                                   "Actual Rows": 0,                                                                                    +
                                   "Actual Loops": 183,                                                                                 +
                                   "Index Cond": "(d_date_sk = web_sales.ws_sold_date_sk)",                                             +
                                   "Rows Removed by Index Recheck": 0                                                                   +
                                 }                                                                                                      +
                               ]                                                                                                        +
                             }                                                                                                          +
                           ]                                                                                                            +
                         }                                                                                                              +
                       ]                                                                                                                +
                     }                                                                                                                  +
                   ]                                                                                                                    +
                 }                                                                                                                      +
               ]                                                                                                                        +
             }                                                                                                                          +
           ]                                                                                                                            +
         }                                                                                                                              +
       ]                                                                                                                                +
     },                                                                                                                                 +
     "Planning Time": 1.471,                                                                                                            +
     "Triggers": [                                                                                                                      +
     ],                                                                                                                                 +
     "Execution Time": 726.717                                                                                                          +
   }                                                                                                                                    +
 ]
(1 row)

