[
  {
    "Plan": {
      "Node Type": "Limit",
      "Parallel Aware": false,
      "Startup Cost": 4824.28,
      "Total Cost": 4826.02,
      "Plan Rows": 1,
      "Plan Width": 125,
      "Actual Startup Time": 71.798,
      "Actual Total Time": 72.641,
      "Actual Rows": 1,
      "Actual Loops": 1,
      "Plans": [
        {
          "Node Type": "Group",
          "Parent Relationship": "Outer",
          "Parallel Aware": false,
          "Startup Cost": 4824.28,
          "Total Cost": 4826.02,
          "Plan Rows": 1,
          "Plan Width": 125,
          "Actual Startup Time": 71.796,
          "Actual Total Time": 72.639,
          "Actual Rows": 1,
          "Actual Loops": 1,
          "Group Key": ["item.i_item_id", "item.i_item_desc", "item.i_current_price"],
          "Plans": [
            {
              "Node Type": "Sort",
              "Parent Relationship": "Outer",
              "Parallel Aware": false,
              "Startup Cost": 4824.28,
              "Total Cost": 4824.72,
              "Plan Rows": 174,
              "Plan Width": 125,
              "Actual Startup Time": 71.793,
              "Actual Total Time": 71.917,
              "Actual Rows": 1728,
              "Actual Loops": 1,
              "Sort Key": ["item.i_item_id", "item.i_item_desc", "item.i_current_price"],
              "Sort Method": "quicksort",
              "Sort Space Used": 508,
              "Sort Space Type": "Memory",
              "Plans": [
                {
                  "Node Type": "Nested Loop",
                  "Parent Relationship": "Outer",
                  "Parallel Aware": false,
                  "Join Type": "Inner",
                  "Startup Cost": 0.86,
                  "Total Cost": 4817.81,
                  "Plan Rows": 174,
                  "Plan Width": 125,
                  "Actual Startup Time": 32.817,
                  "Actual Total Time": 70.728,
                  "Actual Rows": 1728,
                  "Actual Loops": 1,
                  "Inner Unique": false,
                  "Plans": [
                    {
                      "Node Type": "Nested Loop",
                      "Parent Relationship": "Outer",
                      "Parallel Aware": false,
                      "Join Type": "Inner",
                      "Startup Cost": 0.43,
                      "Total Cost": 4812.54,
                      "Plan Rows": 1,
                      "Plan Width": 133,
                      "Actual Startup Time": 32.446,
                      "Actual Total Time": 67.935,
                      "Actual Rows": 16,
                      "Actual Loops": 1,
                      "Inner Unique": false,
                      "Plans": [
                        {
                          "Node Type": "Seq Scan",
                          "Parent Relationship": "Outer",
                          "Parallel Aware": false,
                          "Relation Name": "item",
                          "Alias": "item",
                          "Startup Cost": 0.00,
                          "Total Cost": 1590.00,
                          "Plan Rows": 1,
                          "Plan Width": 129,
                          "Actual Startup Time": 2.908,
                          "Actual Total Time": 10.175,
                          "Actual Rows": 3,
                          "Actual Loops": 1,
                          "Filter": "((i_current_price >= '89'::numeric) AND (i_current_price <= '119'::numeric) AND (i_manufact_id = ANY ('{262,464,3,768}'::integer[])))",
                          "Rows Removed by Filter": 17997
                        },
                        {
                          "Node Type": "Nested Loop",
                          "Parent Relationship": "Inner",
                          "Parallel Aware": false,
                          "Join Type": "Inner",
                          "Startup Cost": 0.43,
                          "Total Cost": 3221.93,
                          "Plan Rows": 60,
                          "Plan Width": 4,
                          "Actual Startup Time": 15.651,
                          "Actual Total Time": 19.243,
                          "Actual Rows": 5,
                          "Actual Loops": 3,
                          "Inner Unique": false,
                          "Plans": [
                            {
                              "Node Type": "Seq Scan",
                              "Parent Relationship": "Outer",
                              "Parallel Aware": false,
                              "Relation Name": "date_dim",
                              "Alias": "date_dim",
                              "Startup Cost": 0.00,
                              "Total Cost": 2500.73,
                              "Plan Rows": 60,
                              "Plan Width": 4,
                              "Actual Startup Time": 6.223,
                              "Actual Total Time": 13.318,
                              "Actual Rows": 61,
                              "Actual Loops": 3,
                              "Filter": "((d_date >= '1998-02-11'::date) AND (d_date <= '1998-04-12'::date))",
                              "Rows Removed by Filter": 72988
                            },
                            {
                              "Node Type": "Index Scan",
                              "Parent Relationship": "Inner",
                              "Parallel Aware": false,
                              "Scan Direction": "Forward",
                              "Index Name": "inventory_pkey",
                              "Relation Name": "inventory",
                              "Alias": "inventory",
                              "Startup Cost": 0.43,
                              "Total Cost": 12.01,
                              "Plan Rows": 1,
                              "Plan Width": 8,
                              "Actual Startup Time": 0.095,
                              "Actual Total Time": 0.096,
                              "Actual Rows": 0,
                              "Actual Loops": 183,
                              "Index Cond": "((inv_date_sk = date_dim.d_date_sk) AND (inv_item_sk = item.i_item_sk))",
                              "Rows Removed by Index Recheck": 0,
                              "Filter": "((inv_quantity_on_hand >= 100) AND (inv_quantity_on_hand <= 500))",
                              "Rows Removed by Filter": 0
                            }
                          ]
                        }
                      ]
                    },
                    {
                      "Node Type": "Index Only Scan",
                      "Parent Relationship": "Inner",
                      "Parallel Aware": false,
                      "Scan Direction": "Forward",
                      "Index Name": "store_sales_pkey",
                      "Relation Name": "store_sales",
                      "Alias": "store_sales",
                      "Startup Cost": 0.43,
                      "Total Cost": 3.53,
                      "Plan Rows": 174,
                      "Plan Width": 4,
                      "Actual Startup Time": 0.030,
                      "Actual Total Time": 0.153,
                      "Actual Rows": 108,
                      "Actual Loops": 16,
                      "Index Cond": "(ss_item_sk = inventory.inv_item_sk)",
                      "Rows Removed by Index Recheck": 0,
                      "Heap Fetches": 1728
                    }
                  ]
                }
              ]
            }
          ]
        }
      ]
    },
    "Planning Time": 5.702,
    "Triggers": [
    ],
    "Execution Time": 72.755
  }
]
SET
