                                                                                                     QUERY PLAN                                                                                                     
--------------------------------------------------------------------------------------------------------------------------------------------------------------------------------------------------------------------
 [                                                                                                                                                                                                                 +
   {                                                                                                                                                                                                               +
     "Plan": {                                                                                                                                                                                                     +
       "Node Type": "Sort",                                                                                                                                                                                        +
       "Parallel Aware": false,                                                                                                                                                                                    +
       "Startup Cost": 70131.70,                                                                                                                                                                                   +
       "Total Cost": 70132.55,                                                                                                                                                                                     +
       "Plan Rows": 339,                                                                                                                                                                                           +
       "Plan Width": 291,                                                                                                                                                                                          +
       "Actual Startup Time": 550.701,                                                                                                                                                                             +
       "Actual Total Time": 550.917,                                                                                                                                                                               +
       "Actual Rows": 2594,                                                                                                                                                                                        +
       "Actual Loops": 1,                                                                                                                                                                                          +
       "Sort Key": ["item.i_category", "item.i_class", "item.i_item_id", "item.i_item_desc", "((((sum(store_sales.ss_ext_sales_price)) * '100'::numeric) / sum((sum(store_sales.ss_ext_sales_price))) OVER (?)))"],+
       "Sort Method": "quicksort",                                                                                                                                                                                 +
       "Sort Space Used": 1120,                                                                                                                                                                                    +
       "Sort Space Type": "Memory",                                                                                                                                                                                +
       "Plans": [                                                                                                                                                                                                  +
         {                                                                                                                                                                                                         +
           "Node Type": "WindowAgg",                                                                                                                                                                               +
           "Parent Relationship": "Outer",                                                                                                                                                                         +
           "Parallel Aware": false,                                                                                                                                                                                +
           "Startup Cost": 70109.83,                                                                                                                                                                               +
           "Total Cost": 70117.46,                                                                                                                                                                                 +
           "Plan Rows": 339,                                                                                                                                                                                       +
           "Plan Width": 291,                                                                                                                                                                                      +
           "Actual Startup Time": 517.768,                                                                                                                                                                         +
           "Actual Total Time": 524.253,                                                                                                                                                                           +
           "Actual Rows": 2594,                                                                                                                                                                                    +
           "Actual Loops": 1,                                                                                                                                                                                      +
           "Plans": [                                                                                                                                                                                              +
             {                                                                                                                                                                                                     +
               "Node Type": "Sort",                                                                                                                                                                                +
               "Parent Relationship": "Outer",                                                                                                                                                                     +
               "Parallel Aware": false,                                                                                                                                                                            +
               "Startup Cost": 70109.83,                                                                                                                                                                           +
               "Total Cost": 70110.68,                                                                                                                                                                             +
               "Plan Rows": 339,                                                                                                                                                                                   +
               "Plan Width": 259,                                                                                                                                                                                  +
               "Actual Startup Time": 517.704,                                                                                                                                                                     +
               "Actual Total Time": 518.002,                                                                                                                                                                       +
               "Actual Rows": 2594,                                                                                                                                                                                +
               "Actual Loops": 1,                                                                                                                                                                                  +
               "Sort Key": ["item.i_class"],                                                                                                                                                                       +
               "Sort Method": "quicksort",                                                                                                                                                                         +
               "Sort Space Used": 1075,                                                                                                                                                                            +
               "Sort Space Type": "Memory",                                                                                                                                                                        +
               "Plans": [                                                                                                                                                                                          +
                 {                                                                                                                                                                                                 +
                   "Node Type": "Aggregate",                                                                                                                                                                       +
                   "Strategy": "Sorted",                                                                                                                                                                           +
                   "Partial Mode": "Finalize",                                                                                                                                                                     +
                   "Parent Relationship": "Outer",                                                                                                                                                                 +
                   "Parallel Aware": false,                                                                                                                                                                        +
                   "Startup Cost": 70049.63,                                                                                                                                                                       +
                   "Total Cost": 70095.58,                                                                                                                                                                         +
                   "Plan Rows": 339,                                                                                                                                                                               +
                   "Plan Width": 259,                                                                                                                                                                              +
                   "Actual Startup Time": 482.406,                                                                                                                                                                 +
                   "Actual Total Time": 509.443,                                                                                                                                                                   +
                   "Actual Rows": 2594,                                                                                                                                                                            +
                   "Actual Loops": 1,                                                                                                                                                                              +
                   "Group Key": ["item.i_item_id", "item.i_item_desc", "item.i_category", "item.i_class", "item.i_current_price"],                                                                                 +
                   "Plans": [                                                                                                                                                                                      +
                     {                                                                                                                                                                                             +
                       "Node Type": "Gather Merge",                                                                                                                                                                +
                       "Parent Relationship": "Outer",                                                                                                                                                             +
                       "Parallel Aware": false,                                                                                                                                                                    +
                       "Startup Cost": 70049.63,                                                                                                                                                                   +
                       "Total Cost": 70086.41,                                                                                                                                                                     +
                       "Plan Rows": 282,                                                                                                                                                                           +
                       "Plan Width": 259,                                                                                                                                                                          +
                       "Actual Startup Time": 482.384,                                                                                                                                                             +
                       "Actual Total Time": 498.312,                                                                                                                                                               +
                       "Actual Rows": 5151,                                                                                                                                                                        +
                       "Actual Loops": 1,                                                                                                                                                                          +
                       "Workers Planned": 2,                                                                                                                                                                       +
                       "Workers Launched": 2,                                                                                                                                                                      +
                       "Plans": [                                                                                                                                                                                  +
                         {                                                                                                                                                                                         +
                           "Node Type": "Aggregate",                                                                                                                                                               +
                           "Strategy": "Sorted",                                                                                                                                                                   +
                           "Partial Mode": "Partial",                                                                                                                                                              +
                           "Parent Relationship": "Outer",                                                                                                                                                         +
                           "Parallel Aware": false,                                                                                                                                                                +
                           "Startup Cost": 69049.61,                                                                                                                                                               +
                           "Total Cost": 69053.84,                                                                                                                                                                 +
                           "Plan Rows": 141,                                                                                                                                                                       +
                           "Plan Width": 259,                                                                                                                                                                      +
                           "Actual Startup Time": 474.220,                                                                                                                                                         +
                           "Actual Total Time": 479.705,                                                                                                                                                           +
                           "Actual Rows": 1717,                                                                                                                                                                    +
                           "Actual Loops": 3,                                                                                                                                                                      +
                           "Group Key": ["item.i_item_id", "item.i_item_desc", "item.i_category", "item.i_class", "item.i_current_price"],                                                                         +
                           "Plans": [                                                                                                                                                                              +
                             {                                                                                                                                                                                     +
                               "Node Type": "Sort",                                                                                                                                                                +
                               "Parent Relationship": "Outer",                                                                                                                                                     +
                               "Parallel Aware": false,                                                                                                                                                            +
                               "Startup Cost": 69049.61,                                                                                                                                                           +
                               "Total Cost": 69049.96,                                                                                                                                                             +
                               "Plan Rows": 141,                                                                                                                                                                   +
                               "Plan Width": 233,                                                                                                                                                                  +
                               "Actual Startup Time": 474.189,                                                                                                                                                     +
                               "Actual Total Time": 474.617,                                                                                                                                                       +
                               "Actual Rows": 2693,                                                                                                                                                                +
                               "Actual Loops": 3,                                                                                                                                                                  +
                               "Sort Key": ["item.i_item_id", "item.i_item_desc", "item.i_category", "item.i_class", "item.i_current_price"],                                                                      +
                               "Sort Method": "quicksort",                                                                                                                                                         +
                               "Sort Space Used": 1219,                                                                                                                                                            +
                               "Sort Space Type": "Memory",                                                                                                                                                        +
                               "Workers": [                                                                                                                                                                        +
                                 {                                                                                                                                                                                 +
                                   "Worker Number": 0,                                                                                                                                                             +
                                   "Sort Method": "quicksort",                                                                                                                                                     +
                                   "Sort Space Used": 1049,                                                                                                                                                        +
                                   "Sort Space Type": "Memory"                                                                                                                                                     +
                                 },                                                                                                                                                                                +
                                 {                                                                                                                                                                                 +
                                   "Worker Number": 1,                                                                                                                                                             +
                                   "Sort Method": "quicksort",                                                                                                                                                     +
                                   "Sort Space Used": 1069,                                                                                                                                                        +
                                   "Sort Space Type": "Memory"                                                                                                                                                     +
                                 }                                                                                                                                                                                 +
                               ],                                                                                                                                                                                  +
                               "Plans": [                                                                                                                                                                          +
                                 {                                                                                                                                                                                 +
                                   "Node Type": "Nested Loop",                                                                                                                                                     +
                                   "Parent Relationship": "Outer",                                                                                                                                                 +
                                   "Parallel Aware": false,                                                                                                                                                        +
                                   "Join Type": "Inner",                                                                                                                                                           +
                                   "Startup Cost": 2050.06,                                                                                                                                                        +
                                   "Total Cost": 69044.57,                                                                                                                                                         +
                                   "Plan Rows": 141,                                                                                                                                                               +
                                   "Plan Width": 233,                                                                                                                                                              +
                                   "Actual Startup Time": 6.316,                                                                                                                                                   +
                                   "Actual Total Time": 443.956,                                                                                                                                                   +
                                   "Actual Rows": 2693,                                                                                                                                                            +
                                   "Actual Loops": 3,                                                                                                                                                              +
                                   "Inner Unique": true,                                                                                                                                                           +
                                   "Plans": [                                                                                                                                                                      +
                                     {                                                                                                                                                                             +
                                       "Node Type": "Hash Join",                                                                                                                                                   +
                                       "Parent Relationship": "Outer",                                                                                                                                             +
                                       "Parallel Aware": true,                                                                                                                                                     +
                                       "Join Type": "Inner",                                                                                                                                                       +
                                       "Startup Cost": 2049.78,                                                                                                                                                    +
                                       "Total Cost": 68898.31,                                                                                                                                                     +
                                       "Plan Rows": 471,                                                                                                                                                           +
                                       "Plan Width": 10,                                                                                                                                                           +
                                       "Actual Startup Time": 6.162,                                                                                                                                               +
                                       "Actual Total Time": 392.438,                                                                                                                                               +
                                       "Actual Rows": 9070,                                                                                                                                                        +
                                       "Actual Loops": 3,                                                                                                                                                          +
                                       "Inner Unique": true,                                                                                                                                                       +
                                       "Hash Cond": "(store_sales.ss_sold_date_sk = date_dim.d_date_sk)",                                                                                                          +
                                       "Plans": [                                                                                                                                                                  +
                                         {                                                                                                                                                                         +
                                           "Node Type": "Seq Scan",                                                                                                                                                +
                                           "Parent Relationship": "Outer",                                                                                                                                         +
                                           "Parallel Aware": true,                                                                                                                                                 +
                                           "Relation Name": "store_sales",                                                                                                                                         +
                                           "Alias": "store_sales",                                                                                                                                                 +
                                           "Startup Cost": 0.00,                                                                                                                                                   +
                                           "Total Cost": 63697.87,                                                                                                                                                 +
                                           "Plan Rows": 1200187,                                                                                                                                                   +
                                           "Plan Width": 14,                                                                                                                                                       +
                                           "Actual Startup Time": 0.053,                                                                                                                                           +
                                           "Actual Total Time": 213.578,                                                                                                                                           +
                                           "Actual Rows": 960135,                                                                                                                                                  +
                                           "Actual Loops": 3                                                                                                                                                       +
                                         },                                                                                                                                                                        +
                                         {                                                                                                                                                                         +
                                           "Node Type": "Hash",                                                                                                                                                    +
                                           "Parent Relationship": "Inner",                                                                                                                                         +
                                           "Parallel Aware": true,                                                                                                                                                 +
                                           "Startup Cost": 2049.55,                                                                                                                                                +
                                           "Total Cost": 2049.55,                                                                                                                                                  +
                                           "Plan Rows": 18,                                                                                                                                                        +
                                           "Plan Width": 4,                                                                                                                                                        +
                                           "Actual Startup Time": 5.708,                                                                                                                                           +
                                           "Actual Total Time": 5.709,                                                                                                                                             +
                                           "Actual Rows": 10,                                                                                                                                                      +
                                           "Actual Loops": 3,                                                                                                                                                      +
                                           "Hash Buckets": 1024,                                                                                                                                                   +
                                           "Original Hash Buckets": 1024,                                                                                                                                          +
                                           "Hash Batches": 1,                                                                                                                                                      +
                                           "Original Hash Batches": 1,                                                                                                                                             +
                                           "Peak Memory Usage": 40,                                                                                                                                                +
                                           "Plans": [                                                                                                                                                              +
                                             {                                                                                                                                                                     +
                                               "Node Type": "Seq Scan",                                                                                                                                            +
                                               "Parent Relationship": "Outer",                                                                                                                                     +
                                               "Parallel Aware": true,                                                                                                                                             +
                                               "Relation Name": "date_dim",                                                                                                                                        +
                                               "Alias": "date_dim",                                                                                                                                                +
                                               "Startup Cost": 0.00,                                                                                                                                               +
                                               "Total Cost": 2049.55,                                                                                                                                              +
                                               "Plan Rows": 18,                                                                                                                                                    +
                                               "Plan Width": 4,                                                                                                                                                    +
                                               "Actual Startup Time": 4.316,                                                                                                                                       +
                                               "Actual Total Time": 5.627,                                                                                                                                         +
                                               "Actual Rows": 10,                                                                                                                                                  +
                                               "Actual Loops": 3,                                                                                                                                                  +
                                               "Filter": "((d_date >= '2000-01-30'::date) AND (d_date <= '2000-02-29'::date))",                                                                                    +
                                               "Rows Removed by Filter": 24339                                                                                                                                     +
                                             }                                                                                                                                                                     +
                                           ]                                                                                                                                                                       +
                                         }                                                                                                                                                                         +
                                       ]                                                                                                                                                                           +
                                     },                                                                                                                                                                            +
                                     {                                                                                                                                                                             +
                                       "Node Type": "Index Scan",                                                                                                                                                  +
                                       "Parent Relationship": "Inner",                                                                                                                                             +
                                       "Parallel Aware": false,                                                                                                                                                    +
                                       "Scan Direction": "Forward",                                                                                                                                                +
                                       "Index Name": "item_pkey",                                                                                                                                                  +
                                       "Relation Name": "item",                                                                                                                                                    +
                                       "Alias": "item",                                                                                                                                                            +
                                       "Startup Cost": 0.29,                                                                                                                                                       +
                                       "Total Cost": 0.31,                                                                                                                                                         +
                                       "Plan Rows": 1,                                                                                                                                                             +
                                       "Plan Width": 231,                                                                                                                                                          +
                                       "Actual Startup Time": 0.005,                                                                                                                                               +
                                       "Actual Total Time": 0.005,                                                                                                                                                 +
                                       "Actual Rows": 0,                                                                                                                                                           +
                                       "Actual Loops": 27209,                                                                                                                                                      +
                                       "Index Cond": "(i_item_sk = store_sales.ss_item_sk)",                                                                                                                       +
                                       "Rows Removed by Index Recheck": 0,                                                                                                                                         +
                                       "Filter": "(i_category = ANY ('{Home,Music,Jewelry}'::bpchar[]))",                                                                                                          +
                                       "Rows Removed by Filter": 1                                                                                                                                                 +
                                     }                                                                                                                                                                             +
                                   ]                                                                                                                                                                               +
                                 }                                                                                                                                                                                 +
                               ]                                                                                                                                                                                   +
                             }                                                                                                                                                                                     +
                           ]                                                                                                                                                                                       +
                         }                                                                                                                                                                                         +
                       ]                                                                                                                                                                                           +
                     }                                                                                                                                                                                             +
                   ]                                                                                                                                                                                               +
                 }                                                                                                                                                                                                 +
               ]                                                                                                                                                                                                   +
             }                                                                                                                                                                                                     +
           ]                                                                                                                                                                                                       +
         }                                                                                                                                                                                                         +
       ]                                                                                                                                                                                                           +
     },                                                                                                                                                                                                            +
     "Planning Time": 0.767,                                                                                                                                                                                       +
     "Triggers": [                                                                                                                                                                                                 +
     ],                                                                                                                                                                                                            +
     "Execution Time": 551.439                                                                                                                                                                                     +
   }                                                                                                                                                                                                               +
 ]
(1 row)

