[
  {
    "Plan": {
      "Node Type": "Limit",
      "Parallel Aware": false,
      "Startup Cost": 301704.00,
      "Total Cost": 301704.25,
      "Plan Rows": 13,
      "Plan Width": 108,
      "Actual Startup Time": 51990.246,
      "Actual Total Time": 51990.471,
      "Actual Rows": 100,
      "Actual Loops": 1,
      "Plans": [
        {
          "Node Type": "Hash Join",
          "Parent Relationship": "InitPlan",
          "Subplan Name": "CTE cross_items",
          "Parallel Aware": false,
          "Join Type": "Inner",
          "Startup Cost": 156815.57,
          "Total Cost": 158367.32,
          "Plan Rows": 1,
          "Plan Width": 4,
          "Actual Startup Time": 3381.677,
          "Actual Total Time": 3400.543,
          "Actual Rows": 17764,
          "Actual Loops": 1,
          "Inner Unique": true,
          "Hash Cond": "((item_3.i_brand_id = temp.brand_id) AND (item_3.i_class_id = temp.class_id) AND (item_3.i_category_id = temp.category_id))",
          "Plans": [
            {
              "Node Type": "Seq Scan",
              "Parent Relationship": "Outer",
              "Parallel Aware": false,
              "Relation Name": "item",
              "Alias": "item_3",
              "Startup Cost": 0.00,
              "Total Cost": 1410.00,
              "Plan Rows": 18000,
              "Plan Width": 16,
              "Actual Startup Time": 0.006,
              "Actual Total Time": 4.251,
              "Actual Rows": 18000,
              "Actual Loops": 1
            },
            {
              "Node Type": "Hash",
              "Parent Relationship": "Inner",
              "Parallel Aware": false,
              "Startup Cost": 156784.07,
              "Total Cost": 156784.07,
              "Plan Rows": 1800,
              "Plan Width": 12,
              "Actual Startup Time": 3381.646,
              "Actual Total Time": 3381.646,
              "Actual Rows": 5298,
              "Actual Loops": 1,
              "Hash Buckets": 8192,
              "Original Hash Buckets": 2048,
              "Hash Batches": 1,
              "Original Hash Batches": 1,
              "Peak Memory Usage": 292,
              "Plans": [
                {
                  "Node Type": "Subquery Scan",
                  "Parent Relationship": "Outer",
                  "Parallel Aware": false,
                  "Alias": "temp",
                  "Startup Cost": 4525.64,
                  "Total Cost": 156784.07,
                  "Plan Rows": 1800,
                  "Plan Width": 12,
                  "Actual Startup Time": 3377.957,
                  "Actual Total Time": 3379.781,
                  "Actual Rows": 5343,
                  "Actual Loops": 1,
                  "Plans": [
                    {
                      "Node Type": "SetOp",
                      "Strategy": "Hashed",
                      "Parent Relationship": "Subquery",
                      "Parallel Aware": false,
                      "Command": "Intersect",
                      "Startup Cost": 4525.64,
                      "Total Cost": 156766.07,
                      "Plan Rows": 1800,
                      "Plan Width": 16,
                      "Actual Startup Time": 3377.955,
                      "Actual Total Time": 3378.502,
                      "Actual Rows": 5343,
                      "Actual Loops": 1,
                      "Plans": [
                        {
                          "Node Type": "Append",
                          "Parent Relationship": "Outer",
                          "Parallel Aware": false,
                          "Startup Cost": 4525.64,
                          "Total Cost": 156673.63,
                          "Plan Rows": 12325,
                          "Plan Width": 16,
                          "Actual Startup Time": 2485.701,
                          "Actual Total Time": 3175.767,
                          "Actual Rows": 437044,
                          "Actual Loops": 1,
                          "Plans": [
                            {
                              "Node Type": "Result",
                              "Parent Relationship": "Member",
                              "Parallel Aware": false,
                              "Startup Cost": 4525.64,
                              "Total Cost": 128476.86,
                              "Plan Rows": 1800,
                              "Plan Width": 16,
                              "Actual Startup Time": 2485.700,
                              "Actual Total Time": 2487.531,
                              "Actual Rows": 5345,
                              "Actual Loops": 1,
                              "Plans": [
                                {
                                  "Node Type": "SetOp",
                                  "Strategy": "Hashed",
                                  "Parent Relationship": "Outer",
                                  "Parallel Aware": false,
                                  "Command": "Intersect",
                                  "Startup Cost": 4525.64,
                                  "Total Cost": 128458.86,
                                  "Plan Rows": 1800,
                                  "Plan Width": 16,
                                  "Actual Startup Time": 2485.698,
                                  "Actual Total Time": 2486.420,
                                  "Actual Rows": 5345,
                                  "Actual Loops": 1,
                                  "Plans": [
                                    {
                                      "Node Type": "Append",
                                      "Parent Relationship": "Outer",
                                      "Parallel Aware": false,
                                      "Startup Cost": 4525.64,
                                      "Total Cost": 127999.49,
                                      "Plan Rows": 61249,
                                      "Plan Width": 16,
                                      "Actual Startup Time": 18.464,
                                      "Actual Total Time": 1469.245,
                                      "Actual Rows": 2509029,
                                      "Actual Loops": 1,
                                      "Plans": [
                                        {
                                          "Node Type": "Subquery Scan",
                                          "Parent Relationship": "Member",
                                          "Parallel Aware": false,
                                          "Alias": "*SELECT* 1",
                                          "Startup Cost": 4525.64,
                                          "Total Cost": 75846.05,
                                          "Plan Rows": 40253,
                                          "Plan Width": 16,
                                          "Actual Startup Time": 18.463,
                                          "Actual Total Time": 711.042,
                                          "Actual Rows": 1649501,
                                          "Actual Loops": 1,
                                          "Plans": [
                                            {
                                              "Node Type": "Gather",
                                              "Parent Relationship": "Subquery",
                                              "Parallel Aware": false,
                                              "Startup Cost": 4525.64,
                                              "Total Cost": 75443.52,
                                              "Plan Rows": 40253,
                                              "Plan Width": 12,
                                              "Actual Startup Time": 18.462,
                                              "Actual Total Time": 333.713,
                                              "Actual Rows": 1649501,
                                              "Actual Loops": 1,
                                              "Workers Planned": 2,
                                              "Workers Launched": 2,
                                              "Single Copy": false,
                                              "Plans": [
                                                {
                                                  "Node Type": "Hash Join",
                                                  "Parent Relationship": "Outer",
                                                  "Parallel Aware": true,
                                                  "Join Type": "Inner",
                                                  "Startup Cost": 3525.64,
                                                  "Total Cost": 70418.22,
                                                  "Plan Rows": 16772,
                                                  "Plan Width": 12,
                                                  "Actual Startup Time": 14.431,
                                                  "Actual Total Time": 790.617,
                                                  "Actual Rows": 549834,
                                                  "Actual Loops": 3,
                                                  "Inner Unique": true,
                                                  "Hash Cond": "(store_sales_1.ss_item_sk = iss.i_item_sk)",
                                                  "Plans": [
                                                    {
                                                      "Node Type": "Hash Join",
                                                      "Parent Relationship": "Outer",
                                                      "Parallel Aware": true,
                                                      "Join Type": "Inner",
                                                      "Startup Cost": 2057.41,
                                                      "Total Cost": 68905.95,
                                                      "Plan Rows": 16772,
                                                      "Plan Width": 4,
                                                      "Actual Startup Time": 7.125,
                                                      "Actual Total Time": 533.249,
                                                      "Actual Rows": 549834,
                                                      "Actual Loops": 3,
                                                      "Inner Unique": true,
                                                      "Hash Cond": "(store_sales_1.ss_sold_date_sk = d1.d_date_sk)",
                                                      "Plans": [
                                                        {
                                                          "Node Type": "Seq Scan",
                                                          "Parent Relationship": "Outer",
                                                          "Parallel Aware": true,
                                                          "Relation Name": "store_sales",
                                                          "Alias": "store_sales_1",
                                                          "Startup Cost": 0.00,
                                                          "Total Cost": 63697.87,
                                                          "Plan Rows": 1200187,
                                                          "Plan Width": 8,
                                                          "Actual Startup Time": 0.094,
                                                          "Actual Total Time": 223.353,
                                                          "Actual Rows": 960135,
                                                          "Actual Loops": 3
                                                        },
                                                        {
                                                          "Node Type": "Hash",
                                                          "Parent Relationship": "Inner",
                                                          "Parallel Aware": true,
                                                          "Startup Cost": 2049.55,
                                                          "Total Cost": 2049.55,
                                                          "Plan Rows": 629,
                                                          "Plan Width": 4,
                                                          "Actual Startup Time": 6.936,
                                                          "Actual Total Time": 6.937,
                                                          "Actual Rows": 365,
                                                          "Actual Loops": 3,
                                                          "Hash Buckets": 2048,
                                                          "Original Hash Buckets": 2048,
                                                          "Hash Batches": 1,
                                                          "Original Hash Batches": 1,
                                                          "Peak Memory Usage": 112,
                                                          "Plans": [
                                                            {
                                                              "Node Type": "Seq Scan",
                                                              "Parent Relationship": "Outer",
                                                              "Parallel Aware": true,
                                                              "Relation Name": "date_dim",
                                                              "Alias": "d1",
                                                              "Startup Cost": 0.00,
                                                              "Total Cost": 2049.55,
                                                              "Plan Rows": 629,
                                                              "Plan Width": 4,
                                                              "Actual Startup Time": 3.273,
                                                              "Actual Total Time": 6.695,
                                                              "Actual Rows": 365,
                                                              "Actual Loops": 3,
                                                              "Filter": "((d_year >= 2000) AND (d_year <= 2002))",
                                                              "Rows Removed by Filter": 23984
                                                            }
                                                          ]
                                                        }
                                                      ]
                                                    },
                                                    {
                                                      "Node Type": "Hash",
                                                      "Parent Relationship": "Inner",
                                                      "Parallel Aware": true,
                                                      "Startup Cost": 1335.88,
                                                      "Total Cost": 1335.88,
                                                      "Plan Rows": 10588,
                                                      "Plan Width": 16,
                                                      "Actual Startup Time": 6.884,
                                                      "Actual Total Time": 6.884,
                                                      "Actual Rows": 6000,
                                                      "Actual Loops": 3,
                                                      "Hash Buckets": 32768,
                                                      "Original Hash Buckets": 32768,
                                                      "Hash Batches": 1,
                                                      "Original Hash Batches": 1,
                                                      "Peak Memory Usage": 1120,
                                                      "Plans": [
                                                        {
                                                          "Node Type": "Seq Scan",
                                                          "Parent Relationship": "Outer",
                                                          "Parallel Aware": true,
                                                          "Relation Name": "item",
                                                          "Alias": "iss",
                                                          "Startup Cost": 0.00,
                                                          "Total Cost": 1335.88,
                                                          "Plan Rows": 10588,
                                                          "Plan Width": 16,
                                                          "Actual Startup Time": 0.015,
                                                          "Actual Total Time": 4.338,
                                                          "Actual Rows": 6000,
                                                          "Actual Loops": 3
                                                        }
                                                      ]
                                                    }
                                                  ]
                                                }
                                              ]
                                            }
                                          ]
                                        },
                                        {
                                          "Node Type": "Subquery Scan",
                                          "Parent Relationship": "Member",
                                          "Parallel Aware": false,
                                          "Alias": "*SELECT* 2",
                                          "Startup Cost": 4525.64,
                                          "Total Cost": 51847.19,
                                          "Plan Rows": 20996,
                                          "Plan Width": 16,
                                          "Actual Startup Time": 17.994,
                                          "Actual Total Time": 455.840,
                                          "Actual Rows": 859528,
                                          "Actual Loops": 1,
                                          "Plans": [
                                            {
                                              "Node Type": "Gather",
                                              "Parent Relationship": "Subquery",
                                              "Parallel Aware": false,
                                              "Startup Cost": 4525.64,
                                              "Total Cost": 51637.23,
                                              "Plan Rows": 20996,
                                              "Plan Width": 12,
                                              "Actual Startup Time": 17.992,
                                              "Actual Total Time": 262.692,
                                              "Actual Rows": 859528,
                                              "Actual Loops": 1,
                                              "Workers Planned": 2,
                                              "Workers Launched": 2,
                                              "Single Copy": false,
                                              "Plans": [
                                                {
                                                  "Node Type": "Hash Join",
                                                  "Parent Relationship": "Outer",
                                                  "Parallel Aware": true,
                                                  "Join Type": "Inner",
                                                  "Startup Cost": 3525.64,
                                                  "Total Cost": 48537.63,
                                                  "Plan Rows": 8748,
                                                  "Plan Width": 12,
                                                  "Actual Startup Time": 13.893,
                                                  "Actual Total Time": 452.623,
                                                  "Actual Rows": 286509,
                                                  "Actual Loops": 3,
                                                  "Inner Unique": true,
                                                  "Hash Cond": "(catalog_sales_1.cs_item_sk = ics.i_item_sk)",
                                                  "Plans": [
                                                    {
                                                      "Node Type": "Hash Join",
                                                      "Parent Relationship": "Outer",
                                                      "Parallel Aware": true,
                                                      "Join Type": "Inner",
                                                      "Startup Cost": 2057.41,
                                                      "Total Cost": 47046.43,
                                                      "Plan Rows": 8748,
                                                      "Plan Width": 4,
                                                      "Actual Startup Time": 6.757,
                                                      "Actual Total Time": 320.073,
                                                      "Actual Rows": 286509,
                                                      "Actual Loops": 3,
                                                      "Inner Unique": true,
                                                      "Hash Cond": "(catalog_sales_1.cs_sold_date_sk = d2.d_date_sk)",
                                                      "Plans": [
                                                        {
                                                          "Node Type": "Seq Scan",
                                                          "Parent Relationship": "Outer",
                                                          "Parallel Aware": true,
                                                          "Relation Name": "catalog_sales",
                                                          "Alias": "catalog_sales_1",
                                                          "Startup Cost": 0.00,
                                                          "Total Cost": 43412.07,
                                                          "Plan Rows": 600708,
                                                          "Plan Width": 8,
                                                          "Actual Startup Time": 0.076,
                                                          "Actual Total Time": 127.914,
                                                          "Actual Rows": 480516,
                                                          "Actual Loops": 3
                                                        },
                                                        {
                                                          "Node Type": "Hash",
                                                          "Parent Relationship": "Inner",
                                                          "Parallel Aware": true,
                                                          "Startup Cost": 2049.55,
                                                          "Total Cost": 2049.55,
                                                          "Plan Rows": 629,
                                                          "Plan Width": 4,
                                                          "Actual Startup Time": 6.567,
                                                          "Actual Total Time": 6.568,
                                                          "Actual Rows": 365,
                                                          "Actual Loops": 3,
                                                          "Hash Buckets": 2048,
                                                          "Original Hash Buckets": 2048,
                                                          "Hash Batches": 1,
                                                          "Original Hash Batches": 1,
                                                          "Peak Memory Usage": 112,
                                                          "Plans": [
                                                            {
                                                              "Node Type": "Seq Scan",
                                                              "Parent Relationship": "Outer",
                                                              "Parallel Aware": true,
                                                              "Relation Name": "date_dim",
                                                              "Alias": "d2",
                                                              "Startup Cost": 0.00,
                                                              "Total Cost": 2049.55,
                                                              "Plan Rows": 629,
                                                              "Plan Width": 4,
                                                              "Actual Startup Time": 3.126,
                                                              "Actual Total Time": 6.422,
                                                              "Actual Rows": 365,
                                                              "Actual Loops": 3,
                                                              "Filter": "((d_year >= 2000) AND (d_year <= 2002))",
                                                              "Rows Removed by Filter": 23984
                                                            }
                                                          ]
                                                        }
                                                      ]
                                                    },
                                                    {
                                                      "Node Type": "Hash",
                                                      "Parent Relationship": "Inner",
                                                      "Parallel Aware": true,
                                                      "Startup Cost": 1335.88,
                                                      "Total Cost": 1335.88,
                                                      "Plan Rows": 10588,
                                                      "Plan Width": 16,
                                                      "Actual Startup Time": 6.702,
                                                      "Actual Total Time": 6.702,
                                                      "Actual Rows": 6000,
                                                      "Actual Loops": 3,
                                                      "Hash Buckets": 32768,
                                                      "Original Hash Buckets": 32768,
                                                      "Hash Batches": 1,
                                                      "Original Hash Batches": 1,
                                                      "Peak Memory Usage": 1152,
                                                      "Plans": [
                                                        {
                                                          "Node Type": "Seq Scan",
                                                          "Parent Relationship": "Outer",
                                                          "Parallel Aware": true,
                                                          "Relation Name": "item",
                                                          "Alias": "ics",
                                                          "Startup Cost": 0.00,
                                                          "Total Cost": 1335.88,
                                                          "Plan Rows": 10588,
                                                          "Plan Width": 16,
                                                          "Actual Startup Time": 0.014,
                                                          "Actual Total Time": 4.283,
                                                          "Actual Rows": 6000,
                                                          "Actual Loops": 3
                                                        }
                                                      ]
                                                    }
                                                  ]
                                                }
                                              ]
                                            }
                                          ]
                                        }
                                      ]
                                    }
                                  ]
                                }
                              ]
                            },
                            {
                              "Node Type": "Subquery Scan",
                              "Parent Relationship": "Member",
                              "Parallel Aware": false,
                              "Alias": "*SELECT* 3",
                              "Startup Cost": 3057.70,
                              "Total Cost": 28135.15,
                              "Plan Rows": 10525,
                              "Plan Width": 16,
                              "Actual Startup Time": 11.331,
                              "Actual Total Time": 632.834,
                              "Actual Rows": 431699,
                              "Actual Loops": 1,
                              "Plans": [
                                {
                                  "Node Type": "Gather",
                                  "Parent Relationship": "Subquery",
                                  "Parallel Aware": false,
                                  "Startup Cost": 3057.70,
                                  "Total Cost": 28029.90,
                                  "Plan Rows": 10525,
                                  "Plan Width": 12,
                                  "Actual Startup Time": 11.329,
                                  "Actual Total Time": 521.587,
                                  "Actual Rows": 431699,
                                  "Actual Loops": 1,
                                  "Workers Planned": 2,
                                  "Workers Launched": 2,
                                  "Single Copy": false,
                                  "Plans": [
                                    {
                                      "Node Type": "Nested Loop",
                                      "Parent Relationship": "Outer",
                                      "Parallel Aware": false,
                                      "Join Type": "Inner",
                                      "Startup Cost": 2057.70,
                                      "Total Cost": 25977.40,
                                      "Plan Rows": 4385,
                                      "Plan Width": 12,
                                      "Actual Startup Time": 7.286,
                                      "Actual Total Time": 665.542,
                                      "Actual Rows": 143900,
                                      "Actual Loops": 3,
                                      "Inner Unique": true,
                                      "Plans": [
                                        {
                                          "Node Type": "Hash Join",
                                          "Parent Relationship": "Outer",
                                          "Parallel Aware": true,
                                          "Join Type": "Inner",
                                          "Startup Cost": 2057.41,
                                          "Total Cost": 24608.72,
                                          "Plan Rows": 4385,
                                          "Plan Width": 4,
                                          "Actual Startup Time": 7.240,
                                          "Actual Total Time": 171.661,
                                          "Actual Rows": 143900,
                                          "Actual Loops": 3,
                                          "Inner Unique": true,
                                          "Hash Cond": "(web_sales_1.ws_sold_date_sk = d3.d_date_sk)",
                                          "Plans": [
                                            {
                                              "Node Type": "Seq Scan",
                                              "Parent Relationship": "Outer",
                                              "Parallel Aware": true,
                                              "Relation Name": "web_sales",
                                              "Alias": "web_sales_1",
                                              "Startup Cost": 0.00,
                                              "Total Cost": 21764.43,
                                              "Plan Rows": 299743,
                                              "Plan Width": 8,
                                              "Actual Startup Time": 0.078,
                                              "Actual Total Time": 71.608,
                                              "Actual Rows": 239795,
                                              "Actual Loops": 3
                                            },
                                            {
                                              "Node Type": "Hash",
                                              "Parent Relationship": "Inner",
                                              "Parallel Aware": true,
                                              "Startup Cost": 2049.55,
                                              "Total Cost": 2049.55,
                                              "Plan Rows": 629,
                                              "Plan Width": 4,
                                              "Actual Startup Time": 6.877,
                                              "Actual Total Time": 6.877,
                                              "Actual Rows": 365,
                                              "Actual Loops": 3,
                                              "Hash Buckets": 2048,
                                              "Original Hash Buckets": 2048,
                                              "Hash Batches": 1,
                                              "Original Hash Batches": 1,
                                              "Peak Memory Usage": 112,
                                              "Plans": [
                                                {
                                                  "Node Type": "Seq Scan",
                                                  "Parent Relationship": "Outer",
                                                  "Parallel Aware": true,
                                                  "Relation Name": "date_dim",
                                                  "Alias": "d3",
                                                  "Startup Cost": 0.00,
                                                  "Total Cost": 2049.55,
                                                  "Plan Rows": 629,
                                                  "Plan Width": 4,
                                                  "Actual Startup Time": 2.848,
                                                  "Actual Total Time": 6.644,
                                                  "Actual Rows": 365,
                                                  "Actual Loops": 3,
                                                  "Filter": "((d_year >= 2000) AND (d_year <= 2002))",
                                                  "Rows Removed by Filter": 23984
                                                }
                                              ]
                                            }
                                          ]
                                        },
                                        {
                                          "Node Type": "Index Scan",
                                          "Parent Relationship": "Inner",
                                          "Parallel Aware": false,
                                          "Scan Direction": "Forward",
                                          "Index Name": "item_pkey",
                                          "Relation Name": "item",
                                          "Alias": "iws",
                                          "Startup Cost": 0.29,
                                          "Total Cost": 0.31,
                                          "Plan Rows": 1,
                                          "Plan Width": 16,
                                          "Actual Startup Time": 0.003,
                                          "Actual Total Time": 0.003,
                                          "Actual Rows": 1,
                                          "Actual Loops": 431699,
                                          "Index Cond": "(i_item_sk = web_sales_1.ws_item_sk)",
                                          "Rows Removed by Index Recheck": 0
                                        }
                                      ]
                                    }
                                  ]
                                }
                              ]
                            }
                          ]
                        }
                      ]
                    }
                  ]
                }
              ]
            }
          ]
        },
        {
          "Node Type": "Aggregate",
          "Strategy": "Plain",
          "Partial Mode": "Finalize",
          "Parent Relationship": "InitPlan",
          "Subplan Name": "CTE avg_sales",
          "Parallel Aware": false,
          "Startup Cost": 143176.24,
          "Total Cost": 143176.25,
          "Plan Rows": 1,
          "Plan Width": 32,
          "Actual Startup Time": 1882.595,
          "Actual Total Time": 1882.595,
          "Actual Rows": 1,
          "Actual Loops": 1,
          "Plans": [
            {
              "Node Type": "Gather",
              "Parent Relationship": "Outer",
              "Parallel Aware": false,
              "Startup Cost": 143176.02,
              "Total Cost": 143176.23,
              "Plan Rows": 2,
              "Plan Width": 32,
              "Actual Startup Time": 1882.305,
              "Actual Total Time": 1882.627,
              "Actual Rows": 3,
              "Actual Loops": 1,
              "Workers Planned": 2,
              "Workers Launched": 2,
              "Single Copy": false,
              "Plans": [
                {
                  "Node Type": "Aggregate",
                  "Strategy": "Plain",
                  "Partial Mode": "Partial",
                  "Parent Relationship": "Outer",
                  "Parallel Aware": false,
                  "Startup Cost": 142176.02,
                  "Total Cost": 142176.03,
                  "Plan Rows": 1,
                  "Plan Width": 32,
                  "Actual Startup Time": 1868.342,
                  "Actual Total Time": 1868.342,
                  "Actual Rows": 1,
                  "Actual Loops": 3,
                  "Plans": [
                    {
                      "Node Type": "Append",
                      "Parent Relationship": "Outer",
                      "Parallel Aware": true,
                      "Startup Cost": 2057.41,
                      "Total Cost": 141637.71,
                      "Plan Rows": 71774,
                      "Plan Width": 10,
                      "Actual Startup Time": 22.995,
                      "Actual Total Time": 1249.486,
                      "Actual Rows": 980243,
                      "Actual Loops": 3,
                      "Plans": [
                        {
                          "Node Type": "Hash Join",
                          "Parent Relationship": "Member",
                          "Parallel Aware": true,
                          "Join Type": "Inner",
                          "Startup Cost": 2057.41,
                          "Total Cost": 68905.95,
                          "Plan Rows": 16772,
                          "Plan Width": 10,
                          "Actual Startup Time": 8.162,
                          "Actual Total Time": 604.869,
                          "Actual Rows": 549834,
                          "Actual Loops": 3,
                          "Inner Unique": true,
                          "Hash Cond": "(store_sales_2.ss_sold_date_sk = date_dim_3.d_date_sk)",
                          "Plans": [
                            {
                              "Node Type": "Seq Scan",
                              "Parent Relationship": "Outer",
                              "Parallel Aware": true,
                              "Relation Name": "store_sales",
                              "Alias": "store_sales_2",
                              "Startup Cost": 0.00,
                              "Total Cost": 63697.87,
                              "Plan Rows": 1200187,
                              "Plan Width": 14,
                              "Actual Startup Time": 0.039,
                              "Actual Total Time": 221.343,
                              "Actual Rows": 960135,
                              "Actual Loops": 3
                            },
                            {
                              "Node Type": "Hash",
                              "Parent Relationship": "Inner",
                              "Parallel Aware": true,
                              "Startup Cost": 2049.55,
                              "Total Cost": 2049.55,
                              "Plan Rows": 629,
                              "Plan Width": 4,
                              "Actual Startup Time": 7.430,
                              "Actual Total Time": 7.430,
                              "Actual Rows": 365,
                              "Actual Loops": 3,
                              "Hash Buckets": 2048,
                              "Original Hash Buckets": 2048,
                              "Hash Batches": 1,
                              "Original Hash Batches": 1,
                              "Peak Memory Usage": 80,
                              "Plans": [
                                {
                                  "Node Type": "Seq Scan",
                                  "Parent Relationship": "Outer",
                                  "Parallel Aware": true,
                                  "Relation Name": "date_dim",
                                  "Alias": "date_dim_3",
                                  "Startup Cost": 0.00,
                                  "Total Cost": 2049.55,
                                  "Plan Rows": 629,
                                  "Plan Width": 4,
                                  "Actual Startup Time": 10.848,
                                  "Actual Total Time": 21.935,
                                  "Actual Rows": 1096,
                                  "Actual Loops": 1,
                                  "Filter": "((d_year >= 2000) AND (d_year <= 2002))",
                                  "Rows Removed by Filter": 71953
                                }
                              ]
                            }
                          ]
                        },
                        {
                          "Node Type": "Hash Join",
                          "Parent Relationship": "Member",
                          "Parallel Aware": true,
                          "Join Type": "Inner",
                          "Startup Cost": 2057.41,
                          "Total Cost": 47046.43,
                          "Plan Rows": 8748,
                          "Plan Width": 10,
                          "Actual Startup Time": 12.225,
                          "Actual Total Time": 519.185,
                          "Actual Rows": 429764,
                          "Actual Loops": 2,
                          "Inner Unique": true,
                          "Hash Cond": "(catalog_sales_2.cs_sold_date_sk = date_dim_4.d_date_sk)",
                          "Plans": [
                            {
                              "Node Type": "Seq Scan",
                              "Parent Relationship": "Outer",
                              "Parallel Aware": true,
                              "Relation Name": "catalog_sales",
                              "Alias": "catalog_sales_2",
                              "Startup Cost": 0.00,
                              "Total Cost": 43412.07,
                              "Plan Rows": 600708,
                              "Plan Width": 14,
                              "Actual Startup Time": 0.064,
                              "Actual Total Time": 188.778,
                              "Actual Rows": 720774,
                              "Actual Loops": 2
                            },
                            {
                              "Node Type": "Hash",
                              "Parent Relationship": "Inner",
                              "Parallel Aware": true,
                              "Startup Cost": 2049.55,
                              "Total Cost": 2049.55,
                              "Plan Rows": 629,
                              "Plan Width": 4,
                              "Actual Startup Time": 11.109,
                              "Actual Total Time": 11.109,
                              "Actual Rows": 548,
                              "Actual Loops": 2,
                              "Hash Buckets": 2048,
                              "Original Hash Buckets": 2048,
                              "Hash Batches": 1,
                              "Original Hash Batches": 1,
                              "Peak Memory Usage": 80,
                              "Plans": [
                                {
                                  "Node Type": "Seq Scan",
                                  "Parent Relationship": "Outer",
                                  "Parallel Aware": true,
                                  "Relation Name": "date_dim",
                                  "Alias": "date_dim_4",
                                  "Startup Cost": 0.00,
                                  "Total Cost": 2049.55,
                                  "Plan Rows": 629,
                                  "Plan Width": 4,
                                  "Actual Startup Time": 10.778,
                                  "Actual Total Time": 21.905,
                                  "Actual Rows": 1096,
                                  "Actual Loops": 1,
                                  "Filter": "((d_year >= 2000) AND (d_year <= 2002))",
                                  "Rows Removed by Filter": 71953
                                }
                              ]
                            }
                          ]
                        },
                        {
                          "Node Type": "Hash Join",
                          "Parent Relationship": "Member",
                          "Parallel Aware": true,
                          "Join Type": "Inner",
                          "Startup Cost": 2057.41,
                          "Total Cost": 24608.72,
                          "Plan Rows": 4385,
                          "Plan Width": 10,
                          "Actual Startup Time": 20.235,
                          "Actual Total Time": 525.951,
                          "Actual Rows": 431699,
                          "Actual Loops": 1,
                          "Inner Unique": true,
                          "Hash Cond": "(web_sales_2.ws_sold_date_sk = date_dim_5.d_date_sk)",
                          "Plans": [
                            {
                              "Node Type": "Seq Scan",
                              "Parent Relationship": "Outer",
                              "Parallel Aware": true,
                              "Relation Name": "web_sales",
                              "Alias": "web_sales_2",
                              "Startup Cost": 0.00,
                              "Total Cost": 21764.43,
                              "Plan Rows": 299743,
                              "Plan Width": 14,
                              "Actual Startup Time": 0.011,
                              "Actual Total Time": 182.712,
                              "Actual Rows": 719384,
                              "Actual Loops": 1
                            },
                            {
                              "Node Type": "Hash",
                              "Parent Relationship": "Inner",
                              "Parallel Aware": true,
                              "Startup Cost": 2049.55,
                              "Total Cost": 2049.55,
                              "Plan Rows": 629,
                              "Plan Width": 4,
                              "Actual Startup Time": 20.158,
                              "Actual Total Time": 20.158,
                              "Actual Rows": 1096,
                              "Actual Loops": 1,
                              "Hash Buckets": 2048,
                              "Original Hash Buckets": 2048,
                              "Hash Batches": 1,
                              "Original Hash Batches": 1,
                              "Peak Memory Usage": 80,
                              "Plans": [
                                {
                                  "Node Type": "Seq Scan",
                                  "Parent Relationship": "Outer",
                                  "Parallel Aware": true,
                                  "Relation Name": "date_dim",
                                  "Alias": "date_dim_5",
                                  "Startup Cost": 0.00,
                                  "Total Cost": 2049.55,
                                  "Plan Rows": 629,
                                  "Plan Width": 4,
                                  "Actual Startup Time": 9.782,
                                  "Actual Total Time": 19.846,
                                  "Actual Rows": 1096,
                                  "Actual Loops": 1,
                                  "Filter": "((d_year >= 2000) AND (d_year <= 2002))",
                                  "Rows Removed by Filter": 71953
                                }
                              ]
                            }
                          ]
                        }
                      ]
                    }
                  ]
                }
              ]
            }
          ]
        },
        {
          "Node Type": "Aggregate",
          "Strategy": "Sorted",
          "Partial Mode": "Simple",
          "Parent Relationship": "Outer",
          "Parallel Aware": false,
          "Startup Cost": 160.43,
          "Total Cost": 160.68,
          "Plan Rows": 13,
          "Plan Width": 108,
          "Actual Startup Time": 51990.245,
          "Actual Total Time": 51990.447,
          "Actual Rows": 100,
          "Actual Loops": 1,
          "Grouping Sets": [
            {
              "Group Keys": [
                ["('store'::text)", "item.i_brand_id", "item.i_class_id", "item.i_category_id"],
                ["('store'::text)", "item.i_brand_id", "item.i_class_id"],
                ["('store'::text)", "item.i_brand_id"],
                ["('store'::text)"],
                []
              ]
            }
          ],
          "Plans": [
            {
              "Node Type": "Sort",
              "Parent Relationship": "Outer",
              "Parallel Aware": false,
              "Startup Cost": 160.43,
              "Total Cost": 160.44,
              "Plan Rows": 3,
              "Plan Width": 84,
              "Actual Startup Time": 51990.219,
              "Actual Total Time": 51990.226,
              "Actual Rows": 74,
              "Actual Loops": 1,
              "Sort Key": ["('store'::text)", "item.i_brand_id", "item.i_class_id", "item.i_category_id"],
              "Sort Method": "quicksort",
              "Sort Space Used": 1244,
              "Sort Space Type": "Memory",
              "Plans": [
                {
                  "Node Type": "Append",
                  "Parent Relationship": "Outer",
                  "Parallel Aware": false,
                  "Startup Cost": 82.42,
                  "Total Cost": 160.41,
                  "Plan Rows": 3,
                  "Plan Width": 84,
                  "Actual Startup Time": 30317.964,
                  "Actual Total Time": 51973.501,
                  "Actual Rows": 10996,
                  "Actual Loops": 1,
                  "Plans": [
                    {
                      "Node Type": "Aggregate",
                      "Strategy": "Sorted",
                      "Partial Mode": "Simple",
                      "Parent Relationship": "Member",
                      "Parallel Aware": false,
                      "Startup Cost": 82.42,
                      "Total Cost": 82.46,
                      "Plan Rows": 1,
                      "Plan Width": 84,
                      "Actual Startup Time": 30317.963,
                      "Actual Total Time": 30423.695,
                      "Actual Rows": 3938,
                      "Actual Loops": 1,
                      "Group Key": ["item.i_brand_id", "item.i_class_id", "item.i_category_id"],
                      "Filter": "(sum(((store_sales.ss_quantity)::numeric * store_sales.ss_list_price)) > $7)",
                      "Rows Removed by Filter": 12,
                      "Plans": [
                        {
                          "Node Type": "CTE Scan",
                          "Parent Relationship": "InitPlan",
                          "Subplan Name": "InitPlan 3 (returns $7)",
                          "Parallel Aware": false,
                          "CTE Name": "avg_sales",
                          "Alias": "avg_sales",
                          "Startup Cost": 0.00,
                          "Total Cost": 0.02,
                          "Plan Rows": 1,
                          "Plan Width": 32,
                          "Actual Startup Time": 1882.599,
                          "Actual Total Time": 1882.600,
                          "Actual Rows": 1,
                          "Actual Loops": 1
                        },
                        {
                          "Node Type": "Sort",
                          "Parent Relationship": "Outer",
                          "Parallel Aware": false,
                          "Startup Cost": 82.40,
                          "Total Cost": 82.40,
                          "Plan Rows": 1,
                          "Plan Width": 22,
                          "Actual Startup Time": 28434.987,
                          "Actual Total Time": 28461.521,
                          "Actual Rows": 87945,
                          "Actual Loops": 1,
                          "Sort Key": ["item.i_brand_id", "item.i_class_id", "item.i_category_id"],
                          "Sort Method": "external merge",
                          "Sort Space Used": 2824,
                          "Sort Space Type": "Disk",
                          "Plans": [
                            {
                              "Node Type": "Nested Loop",
                              "Parent Relationship": "Outer",
                              "Parallel Aware": false,
                              "Join Type": "Inner",
                              "Startup Cost": 1.03,
                              "Total Cost": 82.39,
                              "Plan Rows": 1,
                              "Plan Width": 22,
                              "Actual Startup Time": 3424.363,
                              "Actual Total Time": 28332.009,
                              "Actual Rows": 87945,
                              "Actual Loops": 1,
                              "Inner Unique": true,
                              "Plans": [
                                {
                                  "Node Type": "Nested Loop",
                                  "Parent Relationship": "Outer",
                                  "Parallel Aware": false,
                                  "Join Type": "Inner",
                                  "Startup Cost": 0.74,
                                  "Total Cost": 27.19,
                                  "Plan Rows": 174,
                                  "Plan Width": 26,
                                  "Actual Startup Time": 3416.169,
                                  "Actual Total Time": 18516.197,
                                  "Actual Rows": 2847596,
                                  "Actual Loops": 1,
                                  "Inner Unique": false,
                                  "Plans": [
                                    {
                                      "Node Type": "Nested Loop",
                                      "Parent Relationship": "Outer",
                                      "Parallel Aware": false,
                                      "Join Type": "Inner",
                                      "Startup Cost": 0.31,
                                      "Total Cost": 8.34,
                                      "Plan Rows": 1,
                                      "Plan Width": 20,
                                      "Actual Startup Time": 3416.119,
                                      "Actual Total Time": 3626.450,
                                      "Actual Rows": 17764,
                                      "Actual Loops": 1,
                                      "Inner Unique": true,
                                      "Plans": [
                                        {
                                          "Node Type": "Aggregate",
                                          "Strategy": "Hashed",
                                          "Partial Mode": "Simple",
                                          "Parent Relationship": "Outer",
                                          "Parallel Aware": false,
                                          "Startup Cost": 0.02,
                                          "Total Cost": 0.03,
                                          "Plan Rows": 1,
                                          "Plan Width": 4,
                                          "Actual Startup Time": 3416.101,
                                          "Actual Total Time": 3431.381,
                                          "Actual Rows": 17764,
                                          "Actual Loops": 1,
                                          "Group Key": ["cross_items.ss_item_sk"],
                                          "Plans": [
                                            {
                                              "Node Type": "CTE Scan",
                                              "Parent Relationship": "Outer",
                                              "Parallel Aware": false,
                                              "CTE Name": "cross_items",
                                              "Alias": "cross_items",
                                              "Startup Cost": 0.00,
                                              "Total Cost": 0.02,
                                              "Plan Rows": 1,
                                              "Plan Width": 4,
                                              "Actual Startup Time": 3381.680,
                                              "Actual Total Time": 3407.052,
                                              "Actual Rows": 17764,
                                              "Actual Loops": 1
                                            }
                                          ]
                                        },
                                        {
                                          "Node Type": "Index Scan",
                                          "Parent Relationship": "Inner",
                                          "Parallel Aware": false,
                                          "Scan Direction": "Forward",
                                          "Index Name": "item_pkey",
                                          "Relation Name": "item",
                                          "Alias": "item",
                                          "Startup Cost": 0.29,
                                          "Total Cost": 8.30,
                                          "Plan Rows": 1,
                                          "Plan Width": 16,
                                          "Actual Startup Time": 0.010,
                                          "Actual Total Time": 0.010,
                                          "Actual Rows": 1,
                                          "Actual Loops": 17764,
                                          "Index Cond": "(i_item_sk = cross_items.ss_item_sk)",
                                          "Rows Removed by Index Recheck": 0
                                        }
                                      ]
                                    },
                                    {
                                      "Node Type": "Index Scan",
                                      "Parent Relationship": "Inner",
                                      "Parallel Aware": false,
                                      "Scan Direction": "Forward",
                                      "Index Name": "store_sales_pkey",
                                      "Relation Name": "store_sales",
                                      "Alias": "store_sales",
                                      "Startup Cost": 0.43,
                                      "Total Cost": 17.11,
                                      "Plan Rows": 174,
                                      "Plan Width": 18,
                                      "Actual Startup Time": 0.018,
                                      "Actual Total Time": 0.765,
                                      "Actual Rows": 160,
                                      "Actual Loops": 17764,
                                      "Index Cond": "(ss_item_sk = item.i_item_sk)",
                                      "Rows Removed by Index Recheck": 0
                                    }
                                  ]
                                },
                                {
                                  "Node Type": "Index Scan",
                                  "Parent Relationship": "Inner",
                                  "Parallel Aware": false,
                                  "Scan Direction": "Forward",
                                  "Index Name": "date_dim_pkey",
                                  "Relation Name": "date_dim",
                                  "Alias": "date_dim",
                                  "Startup Cost": 0.29,
                                  "Total Cost": 0.32,
                                  "Plan Rows": 1,
                                  "Plan Width": 4,
                                  "Actual Startup Time": 0.003,
                                  "Actual Total Time": 0.003,
                                  "Actual Rows": 0,
                                  "Actual Loops": 2847596,
                                  "Index Cond": "(d_date_sk = store_sales.ss_sold_date_sk)",
                                  "Rows Removed by Index Recheck": 0,
                                  "Filter": "((d_year = 2002) AND (d_moy = 11))",
                                  "Rows Removed by Filter": 1
                                }
                              ]
                            }
                          ]
                        }
                      ]
                    },
                    {
                      "Node Type": "Aggregate",
                      "Strategy": "Sorted",
                      "Partial Mode": "Simple",
                      "Parent Relationship": "Member",
                      "Parallel Aware": false,
                      "Startup Cost": 48.80,
                      "Total Cost": 48.85,
                      "Plan Rows": 1,
                      "Plan Width": 84,
                      "Actual Startup Time": 15108.082,
                      "Actual Total Time": 15164.472,
                      "Actual Rows": 3825,
                      "Actual Loops": 1,
                      "Group Key": ["item_1.i_brand_id", "item_1.i_class_id", "item_1.i_category_id"],
                      "Filter": "(sum(((catalog_sales.cs_quantity)::numeric * catalog_sales.cs_list_price)) > $8)",
                      "Rows Removed by Filter": 107,
                      "Plans": [
                        {
                          "Node Type": "CTE Scan",
                          "Parent Relationship": "InitPlan",
                          "Subplan Name": "InitPlan 4 (returns $8)",
                          "Parallel Aware": false,
                          "CTE Name": "avg_sales",
                          "Alias": "avg_sales_1",
                          "Startup Cost": 0.00,
                          "Total Cost": 0.02,
                          "Plan Rows": 1,
                          "Plan Width": 32,
                          "Actual Startup Time": 0.001,
                          "Actual Total Time": 0.002,
                          "Actual Rows": 1,
                          "Actual Loops": 1
                        },
                        {
                          "Node Type": "Sort",
                          "Parent Relationship": "Outer",
                          "Parallel Aware": false,
                          "Startup Cost": 48.78,
                          "Total Cost": 48.79,
                          "Plan Rows": 1,
                          "Plan Width": 22,
                          "Actual Startup Time": 15107.900,
                          "Actual Total Time": 15119.055,
                          "Actual Rows": 46356,
                          "Actual Loops": 1,
                          "Sort Key": ["item_1.i_brand_id", "item_1.i_class_id", "item_1.i_category_id"],
                          "Sort Method": "external merge",
                          "Sort Space Used": 1504,
                          "Sort Space Type": "Disk",
                          "Plans": [
                            {
                              "Node Type": "Nested Loop",
                              "Parent Relationship": "Outer",
                              "Parallel Aware": false,
                              "Join Type": "Inner",
                              "Startup Cost": 1.03,
                              "Total Cost": 48.77,
                              "Plan Rows": 1,
                              "Plan Width": 22,
                              "Actual Startup Time": 19.604,
                              "Actual Total Time": 15046.156,
                              "Actual Rows": 46356,
                              "Actual Loops": 1,
                              "Inner Unique": true,
                              "Plans": [
                                {
                                  "Node Type": "Nested Loop",
                                  "Parent Relationship": "Outer",
                                  "Parallel Aware": false,
                                  "Join Type": "Inner",
                                  "Startup Cost": 0.74,
                                  "Total Cost": 20.66,
                                  "Plan Rows": 88,
                                  "Plan Width": 26,
                                  "Actual Startup Time": 16.170,
                                  "Actual Total Time": 9661.363,
                                  "Actual Rows": 1425008,
                                  "Actual Loops": 1,
                                  "Inner Unique": false,
                                  "Plans": [
                                    {
                                      "Node Type": "Nested Loop",
                                      "Parent Relationship": "Outer",
                                      "Parallel Aware": false,
                                      "Join Type": "Inner",
                                      "Startup Cost": 0.31,
                                      "Total Cost": 8.34,
                                      "Plan Rows": 1,
                                      "Plan Width": 20,
                                      "Actual Startup Time": 9.934,
                                      "Actual Total Time": 232.708,
                                      "Actual Rows": 17764,
                                      "Actual Loops": 1,
                                      "Inner Unique": true,
                                      "Plans": [
                                        {
                                          "Node Type": "Aggregate",
                                          "Strategy": "Hashed",
                                          "Partial Mode": "Simple",
                                          "Parent Relationship": "Outer",
                                          "Parallel Aware": false,
                                          "Startup Cost": 0.02,
                                          "Total Cost": 0.03,
                                          "Plan Rows": 1,
                                          "Plan Width": 4,
                                          "Actual Startup Time": 9.893,
                                          "Actual Total Time": 30.007,
                                          "Actual Rows": 17764,
                                          "Actual Loops": 1,
                                          "Group Key": ["cross_items_1.ss_item_sk"],
                                          "Plans": [
                                            {
                                              "Node Type": "CTE Scan",
                                              "Parent Relationship": "Outer",
                                              "Parallel Aware": false,
                                              "CTE Name": "cross_items",
                                              "Alias": "cross_items_1",
                                              "Startup Cost": 0.00,
                                              "Total Cost": 0.02,
                                              "Plan Rows": 1,
                                              "Plan Width": 4,
                                              "Actual Startup Time": 0.002,
                                              "Actual Total Time": 2.348,
                                              "Actual Rows": 17764,
                                              "Actual Loops": 1
                                            }
                                          ]
                                        },
                                        {
                                          "Node Type": "Index Scan",
                                          "Parent Relationship": "Inner",
                                          "Parallel Aware": false,
                                          "Scan Direction": "Forward",
                                          "Index Name": "item_pkey",
                                          "Relation Name": "item",
                                          "Alias": "item_1",
                                          "Startup Cost": 0.29,
                                          "Total Cost": 8.30,
                                          "Plan Rows": 1,
                                          "Plan Width": 16,
                                          "Actual Startup Time": 0.010,
                                          "Actual Total Time": 0.010,
                                          "Actual Rows": 1,
                                          "Actual Loops": 17764,
                                          "Index Cond": "(i_item_sk = cross_items_1.ss_item_sk)",
                                          "Rows Removed by Index Recheck": 0
                                        }
                                      ]
                                    },
                                    {
                                      "Node Type": "Index Scan",
                                      "Parent Relationship": "Inner",
                                      "Parallel Aware": false,
                                      "Scan Direction": "Forward",
                                      "Index Name": "catalog_sales_pkey",
                                      "Relation Name": "catalog_sales",
                                      "Alias": "catalog_sales",
                                      "Startup Cost": 0.43,
                                      "Total Cost": 11.44,
                                      "Plan Rows": 88,
                                      "Plan Width": 18,
                                      "Actual Startup Time": 0.100,
                                      "Actual Total Time": 0.483,
                                      "Actual Rows": 80,
                                      "Actual Loops": 17764,
                                      "Index Cond": "(cs_item_sk = item_1.i_item_sk)",
                                      "Rows Removed by Index Recheck": 0
                                    }
                                  ]
                                },
                                {
                                  "Node Type": "Index Scan",
                                  "Parent Relationship": "Inner",
                                  "Parallel Aware": false,
                                  "Scan Direction": "Forward",
                                  "Index Name": "date_dim_pkey",
                                  "Relation Name": "date_dim",
                                  "Alias": "date_dim_1",
                                  "Startup Cost": 0.29,
                                  "Total Cost": 0.32,
                                  "Plan Rows": 1,
                                  "Plan Width": 4,
                                  "Actual Startup Time": 0.003,
                                  "Actual Total Time": 0.003,
                                  "Actual Rows": 0,
                                  "Actual Loops": 1425008,
                                  "Index Cond": "(d_date_sk = catalog_sales.cs_sold_date_sk)",
                                  "Rows Removed by Index Recheck": 0,
                                  "Filter": "((d_year = 2002) AND (d_moy = 11))",
                                  "Rows Removed by Filter": 1
                                }
                              ]
                            }
                          ]
                        }
                      ]
                    },
                    {
                      "Node Type": "Aggregate",
                      "Strategy": "Sorted",
                      "Partial Mode": "Simple",
                      "Parent Relationship": "Member",
                      "Parallel Aware": false,
                      "Startup Cost": 29.00,
                      "Total Cost": 29.05,
                      "Plan Rows": 1,
                      "Plan Width": 84,
                      "Actual Startup Time": 6359.415,
                      "Actual Total Time": 6383.819,
                      "Actual Rows": 3233,
                      "Actual Loops": 1,
                      "Group Key": ["item_2.i_brand_id", "item_2.i_class_id", "item_2.i_category_id"],
                      "Filter": "(sum(((web_sales.ws_quantity)::numeric * web_sales.ws_list_price)) > $9)",
                      "Rows Removed by Filter": 528,
                      "Plans": [
                        {
                          "Node Type": "CTE Scan",
                          "Parent Relationship": "InitPlan",
                          "Subplan Name": "InitPlan 5 (returns $9)",
                          "Parallel Aware": false,
                          "CTE Name": "avg_sales",
                          "Alias": "avg_sales_2",
                          "Startup Cost": 0.00,
                          "Total Cost": 0.02,
                          "Plan Rows": 1,
                          "Plan Width": 32,
                          "Actual Startup Time": 0.002,
                          "Actual Total Time": 0.002,
                          "Actual Rows": 1,
                          "Actual Loops": 1
                        },
                        {
                          "Node Type": "Sort",
                          "Parent Relationship": "Outer",
                          "Parallel Aware": false,
                          "Startup Cost": 28.98,
                          "Total Cost": 28.98,
                          "Plan Rows": 1,
                          "Plan Width": 22,
                          "Actual Startup Time": 6359.310,
                          "Actual Total Time": 6361.319,
                          "Actual Rows": 23703,
                          "Actual Loops": 1,
                          "Sort Key": ["item_2.i_brand_id", "item_2.i_class_id", "item_2.i_category_id"],
                          "Sort Method": "quicksort",
                          "Sort Space Used": 2620,
                          "Sort Space Type": "Memory",
                          "Plans": [
                            {
                              "Node Type": "Nested Loop",
                              "Parent Relationship": "Outer",
                              "Parallel Aware": false,
                              "Join Type": "Inner",
                              "Startup Cost": 1.03,
                              "Total Cost": 28.97,
                              "Plan Rows": 1,
                              "Plan Width": 22,
                              "Actual Startup Time": 17.589,
                              "Actual Total Time": 6327.598,
                              "Actual Rows": 23703,
                              "Actual Loops": 1,
                              "Inner Unique": true,
                              "Plans": [
                                {
                                  "Node Type": "Nested Loop",
                                  "Parent Relationship": "Outer",
                                  "Parallel Aware": false,
                                  "Join Type": "Inner",
                                  "Startup Cost": 0.73,
                                  "Total Cost": 14.71,
                                  "Plan Rows": 44,
                                  "Plan Width": 26,
                                  "Actual Startup Time": 16.654,
                                  "Actual Total Time": 3670.030,
                                  "Actual Rows": 711104,
                                  "Actual Loops": 1,
                                  "Inner Unique": false,
                                  "Plans": [
                                    {
                                      "Node Type": "Nested Loop",
                                      "Parent Relationship": "Outer",
                                      "Parallel Aware": false,
                                      "Join Type": "Inner",
                                      "Startup Cost": 0.31,
                                      "Total Cost": 8.34,
                                      "Plan Rows": 1,
                                      "Plan Width": 20,
                                      "Actual Startup Time": 10.583,
                                      "Actual Total Time": 202.864,
                                      "Actual Rows": 17764,
                                      "Actual Loops": 1,
                                      "Inner Unique": true,
                                      "Plans": [
                                        {
                                          "Node Type": "Aggregate",
                                          "Strategy": "Hashed",
                                          "Partial Mode": "Simple",
                                          "Parent Relationship": "Outer",
                                          "Parallel Aware": false,
                                          "Startup Cost": 0.02,
                                          "Total Cost": 0.03,
                                          "Plan Rows": 1,
                                          "Plan Width": 4,
                                          "Actual Startup Time": 10.543,
                                          "Actual Total Time": 28.012,
                                          "Actual Rows": 17764,
                                          "Actual Loops": 1,
                                          "Group Key": ["cross_items_2.ss_item_sk"],
                                          "Plans": [
                                            {
                                              "Node Type": "CTE Scan",
                                              "Parent Relationship": "Outer",
                                              "Parallel Aware": false,
                                              "CTE Name": "cross_items",
                                              "Alias": "cross_items_2",
                                              "Startup Cost": 0.00,
                                              "Total Cost": 0.02,
                                              "Plan Rows": 1,
                                              "Plan Width": 4,
                                              "Actual Startup Time": 0.001,
                                              "Actual Total Time": 2.444,
                                              "Actual Rows": 17764,
                                              "Actual Loops": 1
                                            }
                                          ]
                                        },
                                        {
                                          "Node Type": "Index Scan",
                                          "Parent Relationship": "Inner",
                                          "Parallel Aware": false,
                                          "Scan Direction": "Forward",
                                          "Index Name": "item_pkey",
                                          "Relation Name": "item",
                                          "Alias": "item_2",
                                          "Startup Cost": 0.29,
                                          "Total Cost": 8.30,
                                          "Plan Rows": 1,
                                          "Plan Width": 16,
                                          "Actual Startup Time": 0.008,
                                          "Actual Total Time": 0.008,
                                          "Actual Rows": 1,
                                          "Actual Loops": 17764,
                                          "Index Cond": "(i_item_sk = cross_items_2.ss_item_sk)",
                                          "Rows Removed by Index Recheck": 0
                                        }
                                      ]
                                    },
                                    {
                                      "Node Type": "Index Scan",
                                      "Parent Relationship": "Inner",
                                      "Parallel Aware": false,
                                      "Scan Direction": "Forward",
                                      "Index Name": "web_sales_pkey",
                                      "Relation Name": "web_sales",
                                      "Alias": "web_sales",
                                      "Startup Cost": 0.42,
                                      "Total Cost": 5.93,
                                      "Plan Rows": 44,
                                      "Plan Width": 18,
                                      "Actual Startup Time": 0.062,
                                      "Actual Total Time": 0.171,
                                      "Actual Rows": 40,
                                      "Actual Loops": 17764,
                                      "Index Cond": "(ws_item_sk = item_2.i_item_sk)",
                                      "Rows Removed by Index Recheck": 0
                                    }
                                  ]
                                },
                                {
                                  "Node Type": "Index Scan",
                                  "Parent Relationship": "Inner",
                                  "Parallel Aware": false,
                                  "Scan Direction": "Forward",
                                  "Index Name": "date_dim_pkey",
                                  "Relation Name": "date_dim",
                                  "Alias": "date_dim_2",
                                  "Startup Cost": 0.29,
                                  "Total Cost": 0.32,
                                  "Plan Rows": 1,
                                  "Plan Width": 4,
                                  "Actual Startup Time": 0.003,
                                  "Actual Total Time": 0.003,
                                  "Actual Rows": 0,
                                  "Actual Loops": 711104,
                                  "Index Cond": "(d_date_sk = web_sales.ws_sold_date_sk)",
                                  "Rows Removed by Index Recheck": 0,
                                  "Filter": "((d_year = 2002) AND (d_moy = 11))",
                                  "Rows Removed by Filter": 1
                                }
                              ]
                            }
                          ]
                        }
                      ]
                    }
                  ]
                }
              ]
            }
          ]
        }
      ]
    },
    "Planning Time": 12.689,
    "Triggers": [
    ],
    "Execution Time": 51993.611
  }
]
store|1001001|1|1|38273.81|11|store|1001001|1|1|564516.98|186
store|1001001|1|4|83641.31|17|store|1001001|1|4|19009.52|5
store|1001001|1|8|25411.51|7|store|1001001|1|8|7394.60|2
store|1001001|1|9|39468.69|7|store|1001001|1|9|17946.24|6
store|1001001|1|10|38857.96|15|store|1001001|1|10|11174.08|3
store|1001001|2|2|26360.06|6|store|1001001|2|2|21959.71|5
store|1001001|2|3|39284.98|6|store|1001001|2|3|27516.06|4
store|1001001|3|2|31801.71|6|store|1001001|3|2|14161.95|3
store|1001001|3|6|5095.43|2|store|1001001|3|6|20958.64|2
store|1001001|4|2|27105.74|4|store|1001001|4|2|12966.87|2
store|1001001|4|4|4458.00|1|store|1001001|4|4|14064.90|3
store|1001001|5|10|31060.75|9|store|1001001|5|10|11289.12|2
store|1001001|6|9|19702.56|3|store|1001001|6|9|6008.04|4
store|1001001|11|9|26496.90|8|store|1001001|11|9|12041.54|6
store|1001001|15|9|9045.61|3|store|1001001|15|9|27150.46|4
store|1001002|1|1|980570.52|265|store|1001002|1|1|770168.13|221
store|1001002|3|1|104291.55|26|store|1001002|3|1|30674.99|13
store|1001002|4|1|36997.56|8|store|1001002|4|1|9539.65|3
store|1001002|6|1|9545.64|4|store|1001002|6|1|11119.54|3
store|1001002|7|1|12964.86|5|store|1001002|7|1|8033.68|3
store|1001002|8|1|17124.20|8|store|1001002|8|1|5033.97|3
store|1001002|12|1|8115.84|3|store|1001002|12|1|9232.89|3
store|1002001|1|2|30122.31|15|store|1002001|1|2|8988.76|3
store|1002001|1|6|11948.62|2|store|1002001|1|6|7262.78|4
store|1002001|2|1|35408.98|10|store|1002001|2|1|611324.48|167
store|1002001|2|2|42302.37|15|store|1002001|2|2|11430.81|4
store|1002001|2|3|43350.54|7|store|1002001|2|3|30660.22|8
store|1002001|2|6|12388.95|4|store|1002001|2|6|5319.55|2
store|1002001|2|7|47692.46|11|store|1002001|2|7|8592.24|2
store|1002001|2|8|61159.89|11|store|1002001|2|8|16262.78|4
store|1002001|2|9|51437.04|17|store|1002001|2|9|33651.97|12
store|1002001|2|10|24421.09|8|store|1002001|2|10|51600.87|5
store|1002001|4|1|22658.50|7|store|1002001|4|1|17614.39|2
store|1002001|4|3|19458.30|6|store|1002001|4|3|10888.05|4
store|1002001|5|9|8501.64|3|store|1002001|5|9|20752.89|4
store|1002001|5|10|10591.02|5|store|1002001|5|10|5036.18|4
store|1002001|10|6|5064.87|3|store|1002001|10|6|21372.59|4
store|1002001|15|7|20986.14|2|store|1002001|15|7|12423.76|1
store|1002002|1|1|72008.60|16|store|1002002|1|1|56808.95|10
store|1002002|2|1|864434.91|254|store|1002002|2|1|801052.87|228
store|1002002|3|1|27480.21|11|store|1002002|3|1|10152.05|6
store|1002002|5|1|31025.80|5|store|1002002|5|1|9202.41|1
store|1002002|6|1|21191.40|3|store|1002002|6|1|5811.26|1
store|1002002|8|1|10541.82|2|store|1002002|8|1|25524.04|4
store|1002002|9|1|20526.14|4|store|1002002|9|1|9092.60|4
store|1002002|13|1|29171.51|9|store|1002002|13|1|27347.99|5
store|1002002|15|1|20144.87|8|store|1002002|15|1|20810.75|5
store|1003001|2|4|10937.90|4|store|1003001|2|4|10751.66|3
store|1003001|3|1|55960.01|14|store|1003001|3|1|634837.96|182
store|1003001|3|2|41014.36|10|store|1003001|3|2|5532.48|3
store|1003001|3|4|25933.42|6|store|1003001|3|4|4901.83|3
store|1003001|3|5|83094.63|19|store|1003001|3|5|44705.75|9
store|1003001|3|7|6042.65|4|store|1003001|3|7|6386.49|4
store|1003001|3|8|20867.04|6|store|1003001|3|8|17266.20|6
store|1003001|3|9|24561.44|7|store|1003001|3|9|25873.24|6
store|1003001|3|10|30874.00|6|store|1003001|3|10|9008.40|5
store|1003001|4|1|19689.49|4|store|1003001|4|1|36238.42|6
store|1003001|4|2|14323.76|1|store|1003001|4|2|8519.34|3
store|1003001|12|8|15599.24|4|store|1003001|12|8|10488.75|1
store|1003001|12|10|14476.72|3|store|1003001|12|10|7762.45|2
store|1003002|1|1|104721.44|25|store|1003002|1|1|43451.76|17
store|1003002|3|1|821476.48|219|store|1003002|3|1|675915.71|199
store|1003002|4|1|31528.01|10|store|1003002|4|1|15999.79|4
store|1003002|9|1|12534.85|6|store|1003002|9|1|12362.76|4
store|1004001|1|6|5553.60|1|store|1004001|1|6|17453.30|6
store|1004001|2|1|18382.20|3|store|1004001|2|1|17243.44|3
store|1004001|3|1|38717.58|7|store|1004001|3|1|10758.25|2
store|1004001|3|2|24028.91|5|store|1004001|3|2|9046.25|4
store|1004001|3|10|8463.34|4|store|1004001|3|10|20765.26|4
store|1004001|4|1|71807.45|19|store|1004001|4|1|685507.24|198
store|1004001|4|2|27264.10|6|store|1004001|4|2|24143.92|5
store|1004001|4|3|23936.24|7|store|1004001|4|3|23249.33|5
store|1004001|4|4|67064.92|23|store|1004001|4|4|63021.71|14
store|1004001|4|8|75051.98|21|store|1004001|4|8|37900.33|8
store|1004001|4|9|70193.97|16|store|1004001|4|9|27851.19|5
store|1004001|4|10|17050.83|7|store|1004001|4|10|17720.03|5
store|1004001|8|10|6315.54|2|store|1004001|8|10|9058.80|2
store|1004001|13|9|10728.81|3|store|1004001|13|9|4790.80|3
store|1004002|1|1|52831.08|12|store|1004002|1|1|9430.33|2
store|1004002|2|1|43436.71|13|store|1004002|2|1|14481.36|6
store|1004002|3|1|51183.79|16|store|1004002|3|1|24993.12|9
store|1004002|4|1|1100056.61|294|store|1004002|4|1|904198.17|240
store|1004002|6|1|15375.00|3|store|1004002|6|1|7293.75|1
store|1004002|9|1|22312.99|7|store|1004002|9|1|10436.88|7
store|1004002|11|1|6365.80|3|store|1004002|11|1|22075.73|5
store|1004002|16|1|22933.36|5|store|1004002|16|1|24445.82|4
store|2001001|1|2|53842.84|19|store|2001001|1|2|659298.61|196
store|2001001|1|3|53573.15|18|store|2001001|1|3|19821.04|2
store|2001001|1|4|68786.01|22|store|2001001|1|4|14677.62|5
store|2001001|1|5|17716.29|4|store|2001001|1|5|14269.17|3
store|2001001|1|6|74962.41|19|store|2001001|1|6|21643.83|7
store|2001001|1|7|21900.73|11|store|2001001|1|7|44445.01|11
store|2001001|1|8|61904.16|13|store|2001001|1|8|13670.39|5
store|2001001|1|10|29576.81|7|store|2001001|1|10|4936.55|3
store|2001001|2|1|17977.05|6|store|2001001|2|1|30959.97|8
store|2001001|3|3|14339.62|3|store|2001001|3|3|35435.98|9
store|2001001|13|9|12207.45|4|store|2001001|13|9|13446.23|6
store|2001001|15|10|9251.70|4|store|2001001|15|10|5971.70|1
store|2001002|1|2|924407.39|246|store|2001002|1|2|783789.02|195
store|2001002|2|2|28900.24|6|store|2001002|2|2|14963.55|6
