[
  {
    "Plan": {
      "Node Type": "Limit",
      "Parallel Aware": false,
      "Startup Cost": 27146.63,
      "Total Cost": 27146.63,
      "Plan Rows": 1,
      "Plan Width": 32,
      "Actual Startup Time": 129.250,
      "Actual Total Time": 129.250,
      "Actual Rows": 1,
      "Actual Loops": 1,
      "Plans": [
        {
          "Node Type": "Sort",
          "Parent Relationship": "Outer",
          "Parallel Aware": false,
          "Startup Cost": 27146.63,
          "Total Cost": 27146.63,
          "Plan Rows": 1,
          "Plan Width": 32,
          "Actual Startup Time": 129.248,
          "Actual Total Time": 129.249,
          "Actual Rows": 1,
          "Actual Loops": 1,
          "Sort Key": ["(sum(web_sales.ws_ext_discount_amt))"],
          "Sort Method": "quicksort",
          "Sort Space Used": 25,
          "Sort Space Type": "Memory",
          "Plans": [
            {
              "Node Type": "Aggregate",
              "Strategy": "Plain",
              "Partial Mode": "Simple",
              "Parent Relationship": "Outer",
              "Parallel Aware": false,
              "Startup Cost": 27146.61,
              "Total Cost": 27146.62,
              "Plan Rows": 1,
              "Plan Width": 32,
              "Actual Startup Time": 129.241,
              "Actual Total Time": 129.241,
              "Actual Rows": 1,
              "Actual Loops": 1,
              "Plans": [
                {
                  "Node Type": "Hash Join",
                  "Parent Relationship": "Outer",
                  "Parallel Aware": false,
                  "Join Type": "Inner",
                  "Startup Cost": 4505.40,
                  "Total Cost": 27146.60,
                  "Plan Rows": 1,
                  "Plan Width": 6,
                  "Actual Startup Time": 74.670,
                  "Actual Total Time": 129.233,
                  "Actual Rows": 4,
                  "Actual Loops": 1,
                  "Inner Unique": true,
                  "Hash Cond": "(web_sales.ws_item_sk = item.i_item_sk)",
                  "Join Filter": "(web_sales.ws_ext_discount_amt > (SubPlan 1))",
                  "Rows Removed by Join Filter": 5,
                  "Plans": [
                    {
                      "Node Type": "Gather",
                      "Parent Relationship": "Outer",
                      "Parallel Aware": false,
                      "Startup Cost": 3050.20,
                      "Total Cost": 25689.10,
                      "Plan Rows": 876,
                      "Plan Width": 10,
                      "Actual Startup Time": 10.905,
                      "Actual Total Time": 116.180,
                      "Actual Rows": 20104,
                      "Actual Loops": 1,
                      "Workers Planned": 2,
                      "Workers Launched": 2,
                      "Single Copy": false,
                      "Plans": [
                        {
                          "Node Type": "Hash Join",
                          "Parent Relationship": "Outer",
                          "Parallel Aware": true,
                          "Join Type": "Inner",
                          "Startup Cost": 2050.20,
                          "Total Cost": 24601.50,
                          "Plan Rows": 365,
                          "Plan Width": 10,
                          "Actual Startup Time": 6.757,
                          "Actual Total Time": 111.584,
                          "Actual Rows": 6701,
                          "Actual Loops": 3,
                          "Inner Unique": true,
                          "Hash Cond": "(web_sales.ws_sold_date_sk = date_dim.d_date_sk)",
                          "Plans": [
                            {
                              "Node Type": "Seq Scan",
                              "Parent Relationship": "Outer",
                              "Parallel Aware": true,
                              "Relation Name": "web_sales",
                              "Alias": "web_sales",
                              "Startup Cost": 0.00,
                              "Total Cost": 21764.43,
                              "Plan Rows": 299743,
                              "Plan Width": 14,
                              "Actual Startup Time": 0.059,
                              "Actual Total Time": 61.061,
                              "Actual Rows": 239795,
                              "Actual Loops": 3
                            },
                            {
                              "Node Type": "Hash",
                              "Parent Relationship": "Inner",
                              "Parallel Aware": true,
                              "Startup Cost": 2049.55,
                              "Total Cost": 2049.55,
                              "Plan Rows": 52,
                              "Plan Width": 4,
                              "Actual Startup Time": 6.150,
                              "Actual Total Time": 6.150,
                              "Actual Rows": 30,
                              "Actual Loops": 3,
                              "Hash Buckets": 1024,
                              "Original Hash Buckets": 1024,
                              "Hash Batches": 1,
                              "Original Hash Batches": 1,
                              "Peak Memory Usage": 104,
                              "Plans": [
                                {
                                  "Node Type": "Seq Scan",
                                  "Parent Relationship": "Outer",
                                  "Parallel Aware": true,
                                  "Relation Name": "date_dim",
                                  "Alias": "date_dim",
                                  "Startup Cost": 0.00,
                                  "Total Cost": 2049.55,
                                  "Plan Rows": 52,
                                  "Plan Width": 4,
                                  "Actual Startup Time": 2.475,
                                  "Actual Total Time": 6.033,
                                  "Actual Rows": 30,
                                  "Actual Loops": 3,
                                  "Filter": "((d_date >= '1999-02-18'::date) AND (d_date <= '1999-05-19'::date))",
                                  "Rows Removed by Filter": 24319
                                }
                              ]
                            }
                          ]
                        }
                      ]
                    },
                    {
                      "Node Type": "Hash",
                      "Parent Relationship": "Inner",
                      "Parallel Aware": false,
                      "Startup Cost": 1455.00,
                      "Total Cost": 1455.00,
                      "Plan Rows": 16,
                      "Plan Width": 4,
                      "Actual Startup Time": 7.811,
                      "Actual Total Time": 7.811,
                      "Actual Rows": 15,
                      "Actual Loops": 1,
                      "Hash Buckets": 1024,
                      "Original Hash Buckets": 1024,
                      "Hash Batches": 1,
                      "Original Hash Batches": 1,
                      "Peak Memory Usage": 9,
                      "Plans": [
                        {
                          "Node Type": "Seq Scan",
                          "Parent Relationship": "Outer",
                          "Parallel Aware": false,
                          "Relation Name": "item",
                          "Alias": "item",
                          "Startup Cost": 0.00,
                          "Total Cost": 1455.00,
                          "Plan Rows": 16,
                          "Plan Width": 4,
                          "Actual Startup Time": 1.094,
                          "Actual Total Time": 7.802,
                          "Actual Rows": 15,
                          "Actual Loops": 1,
                          "Filter": "(i_manufact_id = 410)",
                          "Rows Removed by Filter": 17985
                        }
                      ]
                    },
                    {
                      "Node Type": "Aggregate",
                      "Strategy": "Plain",
                      "Partial Mode": "Simple",
                      "Parent Relationship": "SubPlan",
                      "Subplan Name": "SubPlan 1",
                      "Parallel Aware": false,
                      "Startup Cost": 524.96,
                      "Total Cost": 524.97,
                      "Plan Rows": 1,
                      "Plan Width": 32,
                      "Actual Startup Time": 0.473,
                      "Actual Total Time": 0.473,
                      "Actual Rows": 1,
                      "Actual Loops": 9,
                      "Plans": [
                        {
                          "Node Type": "Nested Loop",
                          "Parent Relationship": "Outer",
                          "Parallel Aware": false,
                          "Join Type": "Inner",
                          "Startup Cost": 5.06,
                          "Total Cost": 524.95,
                          "Plan Rows": 1,
                          "Plan Width": 6,
                          "Actual Startup Time": 0.200,
                          "Actual Total Time": 0.465,
                          "Actual Rows": 2,
                          "Actual Loops": 9,
                          "Inner Unique": true,
                          "Plans": [
                            {
                              "Node Type": "Bitmap Heap Scan",
                              "Parent Relationship": "Outer",
                              "Parallel Aware": false,
                              "Relation Name": "web_sales",
                              "Alias": "web_sales_1",
                              "Startup Cost": 4.77,
                              "Total Cost": 174.92,
                              "Plan Rows": 44,
                              "Plan Width": 10,
                              "Actual Startup Time": 0.030,
                              "Actual Total Time": 0.175,
                              "Actual Rows": 43,
                              "Actual Loops": 9,
                              "Recheck Cond": "(ws_item_sk = item.i_item_sk)",
                              "Rows Removed by Index Recheck": 0,
                              "Exact Heap Blocks": 391,
                              "Lossy Heap Blocks": 0,
                              "Plans": [
                                {
                                  "Node Type": "Bitmap Index Scan",
                                  "Parent Relationship": "Outer",
                                  "Parallel Aware": false,
                                  "Index Name": "web_sales_pkey",
                                  "Startup Cost": 0.00,
                                  "Total Cost": 4.75,
                                  "Plan Rows": 44,
                                  "Plan Width": 0,
                                  "Actual Startup Time": 0.018,
                                  "Actual Total Time": 0.018,
                                  "Actual Rows": 43,
                                  "Actual Loops": 9,
                                  "Index Cond": "(ws_item_sk = item.i_item_sk)"
                                }
                              ]
                            },
                            {
                              "Node Type": "Index Scan",
                              "Parent Relationship": "Inner",
                              "Parallel Aware": false,
                              "Scan Direction": "Forward",
                              "Index Name": "date_dim_pkey",
                              "Relation Name": "date_dim",
                              "Alias": "date_dim_1",
                              "Startup Cost": 0.29,
                              "Total Cost": 7.95,
                              "Plan Rows": 1,
                              "Plan Width": 4,
                              "Actual Startup Time": 0.006,
                              "Actual Total Time": 0.006,
                              "Actual Rows": 0,
                              "Actual Loops": 391,
                              "Index Cond": "(d_date_sk = web_sales_1.ws_sold_date_sk)",
                              "Rows Removed by Index Recheck": 0,
                              "Filter": "((d_date >= '1999-02-18'::date) AND (d_date <= '1999-05-19'::date))",
                              "Rows Removed by Filter": 1
                            }
                          ]
                        }
                      ]
                    }
                  ]
                }
              ]
            }
          ]
        }
      ]
    },
    "Planning Time": 0.566,
    "Triggers": [
    ],
    "Execution Time": 131.777
  }
]
