[
  {
    "Plan": {
      "Node Type": "Limit",
      "Parallel Aware": false,
      "Startup Cost": 67866.16,
      "Total Cost": 67866.16,
      "Plan Rows": 1,
      "Plan Width": 286,
      "Actual Startup Time": 369430.490,
      "Actual Total Time": 369430.513,
      "Actual Rows": 100,
      "Actual Loops": 1,
      "Plans": [
        {
          "Node Type": "WindowAgg",
          "Parent Relationship": "InitPlan",
          "Subplan Name": "CTE v1",
          "Parallel Aware": false,
          "Startup Cost": 60896.39,
          "Total Cost": 61581.47,
          "Plan Rows": 8304,
          "Plan Width": 194,
          "Actual Startup Time": 4116.622,
          "Actual Total Time": 5063.583,
          "Actual Rows": 25263,
          "Actual Loops": 1,
          "Plans": [
            {
              "Node Type": "WindowAgg",
              "Parent Relationship": "Outer",
              "Parallel Aware": false,
              "Startup Cost": 60896.39,
              "Total Cost": 61373.87,
              "Plan Rows": 8304,
              "Plan Width": 186,
              "Actual Startup Time": 4116.551,
              "Actual Total Time": 5003.477,
              "Actual Rows": 25263,
              "Actual Loops": 1,
              "Plans": [
                {
                  "Node Type": "Aggregate",
                  "Strategy": "Sorted",
                  "Partial Mode": "Simple",
                  "Parent Relationship": "Outer",
                  "Parallel Aware": false,
                  "Startup Cost": 60896.39,
                  "Total Cost": 61187.03,
                  "Plan Rows": 8304,
                  "Plan Width": 154,
                  "Actual Startup Time": 4116.486,
                  "Actual Total Time": 4942.057,
                  "Actual Rows": 25263,
                  "Actual Loops": 1,
                  "Group Key": ["item.i_category", "item.i_brand", "call_center.cc_name", "date_dim.d_year", "date_dim.d_moy"],
                  "Plans": [
                    {
                      "Node Type": "Sort",
                      "Parent Relationship": "Outer",
                      "Parallel Aware": false,
                      "Startup Cost": 60896.39,
                      "Total Cost": 60917.15,
                      "Plan Rows": 8304,
                      "Plan Width": 128,
                      "Actual Startup Time": 4116.435,
                      "Actual Total Time": 4580.289,
                      "Actual Rows": 348402,
                      "Actual Loops": 1,
                      "Sort Key": ["item.i_category", "item.i_brand", "call_center.cc_name", "date_dim.d_year", "date_dim.d_moy"],
                      "Sort Method": "external merge",
                      "Sort Space Used": 47560,
                      "Sort Space Type": "Disk",
                      "Plans": [
                        {
                          "Node Type": "Hash Join",
                          "Parent Relationship": "Outer",
                          "Parallel Aware": false,
                          "Join Type": "Inner",
                          "Startup Cost": 4690.05,
                          "Total Cost": 60355.82,
                          "Plan Rows": 8304,
                          "Plan Width": 128,
                          "Actual Startup Time": 342.781,
                          "Actual Total Time": 1079.961,
                          "Actual Rows": 348402,
                          "Actual Loops": 1,
                          "Inner Unique": true,
                          "Hash Cond": "(catalog_sales.cs_item_sk = item.i_item_sk)",
                          "Plans": [
                            {
                              "Node Type": "Hash Join",
                              "Parent Relationship": "Outer",
                              "Parallel Aware": false,
                              "Join Type": "Inner",
                              "Startup Cost": 3055.05,
                              "Total Cost": 58699.02,
                              "Plan Rows": 8304,
                              "Plan Width": 30,
                              "Actual Startup Time": 319.704,
                              "Actual Total Time": 865.728,
                              "Actual Rows": 348402,
                              "Actual Loops": 1,
                              "Inner Unique": true,
                              "Hash Cond": "(catalog_sales.cs_call_center_sk = call_center.cc_call_center_sk)",
                              "Plans": [
                                {
                                  "Node Type": "Hash Join",
                                  "Parent Relationship": "Outer",
                                  "Parallel Aware": false,
                                  "Join Type": "Inner",
                                  "Startup Cost": 3053.91,
                                  "Total Cost": 58660.57,
                                  "Plan Rows": 8347,
                                  "Plan Width": 22,
                                  "Actual Startup Time": 319.653,
                                  "Actual Total Time": 737.782,
                                  "Actual Rows": 349275,
                                  "Actual Loops": 1,
                                  "Inner Unique": true,
                                  "Hash Cond": "(catalog_sales.cs_sold_date_sk = date_dim.d_date_sk)",
                                  "Plans": [
                                    {
                                      "Node Type": "Seq Scan",
                                      "Parent Relationship": "Outer",
                                      "Parallel Aware": false,
                                      "Relation Name": "catalog_sales",
                                      "Alias": "catalog_sales",
                                      "Startup Cost": 0.00,
                                      "Total Cost": 51821.98,
                                      "Plan Rows": 1441698,
                                      "Plan Width": 18,
                                      "Actual Startup Time": 0.020,
                                      "Actual Total Time": 330.021,
                                      "Actual Rows": 1441548,
                                      "Actual Loops": 1
                                    },
                                    {
                                      "Node Type": "Hash",
                                      "Parent Relationship": "Inner",
                                      "Parallel Aware": false,
                                      "Startup Cost": 3048.60,
                                      "Total Cost": 3048.60,
                                      "Plan Rows": 425,
                                      "Plan Width": 12,
                                      "Actual Startup Time": 25.654,
                                      "Actual Total Time": 25.654,
                                      "Actual Rows": 427,
                                      "Actual Loops": 1,
                                      "Hash Buckets": 1024,
                                      "Original Hash Buckets": 1024,
                                      "Hash Batches": 1,
                                      "Original Hash Batches": 1,
                                      "Peak Memory Usage": 27,
                                      "Plans": [
                                        {
                                          "Node Type": "Seq Scan",
                                          "Parent Relationship": "Outer",
                                          "Parallel Aware": false,
                                          "Relation Name": "date_dim",
                                          "Alias": "date_dim",
                                          "Startup Cost": 0.00,
                                          "Total Cost": 3048.60,
                                          "Plan Rows": 425,
                                          "Plan Width": 12,
                                          "Actual Startup Time": 13.036,
                                          "Actual Total Time": 25.492,
                                          "Actual Rows": 427,
                                          "Actual Loops": 1,
                                          "Filter": "((d_year = 2001) OR ((d_year = 2000) AND (d_moy = 12)) OR ((d_year = 2002) AND (d_moy = 1)))",
                                          "Rows Removed by Filter": 72622
                                        }
                                      ]
                                    }
                                  ]
                                },
                                {
                                  "Node Type": "Hash",
                                  "Parent Relationship": "Inner",
                                  "Parallel Aware": false,
                                  "Startup Cost": 1.06,
                                  "Total Cost": 1.06,
                                  "Plan Rows": 6,
                                  "Plan Width": 16,
                                  "Actual Startup Time": 0.021,
                                  "Actual Total Time": 0.021,
                                  "Actual Rows": 6,
                                  "Actual Loops": 1,
                                  "Hash Buckets": 1024,
                                  "Original Hash Buckets": 1024,
                                  "Hash Batches": 1,
                                  "Original Hash Batches": 1,
                                  "Peak Memory Usage": 9,
                                  "Plans": [
                                    {
                                      "Node Type": "Seq Scan",
                                      "Parent Relationship": "Outer",
                                      "Parallel Aware": false,
                                      "Relation Name": "call_center",
                                      "Alias": "call_center",
                                      "Startup Cost": 0.00,
                                      "Total Cost": 1.06,
                                      "Plan Rows": 6,
                                      "Plan Width": 16,
                                      "Actual Startup Time": 0.010,
                                      "Actual Total Time": 0.012,
                                      "Actual Rows": 6,
                                      "Actual Loops": 1
                                    }
                                  ]
                                }
                              ]
                            },
                            {
                              "Node Type": "Hash",
                              "Parent Relationship": "Inner",
                              "Parallel Aware": false,
                              "Startup Cost": 1410.00,
                              "Total Cost": 1410.00,
                              "Plan Rows": 18000,
                              "Plan Width": 106,
                              "Actual Startup Time": 23.028,
                              "Actual Total Time": 23.028,
                              "Actual Rows": 18000,
                              "Actual Loops": 1,
                              "Hash Buckets": 32768,
                              "Original Hash Buckets": 32768,
                              "Hash Batches": 1,
                              "Original Hash Batches": 1,
                              "Peak Memory Usage": 2713,
                              "Plans": [
                                {
                                  "Node Type": "Seq Scan",
                                  "Parent Relationship": "Outer",
                                  "Parallel Aware": false,
                                  "Relation Name": "item",
                                  "Alias": "item",
                                  "Startup Cost": 0.00,
                                  "Total Cost": 1410.00,
                                  "Plan Rows": 18000,
                                  "Plan Width": 106,
                                  "Actual Startup Time": 0.019,
                                  "Actual Total Time": 13.400,
                                  "Actual Rows": 18000,
                                  "Actual Loops": 1
                                }
                              ]
                            }
                          ]
                        }
                      ]
                    }
                  ]
                }
              ]
            }
          ]
        },
        {
          "Node Type": "Nested Loop",
          "Parent Relationship": "InitPlan",
          "Subplan Name": "CTE v2",
          "Parallel Aware": false,
          "Join Type": "Inner",
          "Startup Cost": 5620.31,
          "Total Cost": 6284.64,
          "Plan Rows": 1,
          "Plan Width": 254,
          "Actual Startup Time": 5186.414,
          "Actual Total Time": 369209.482,
          "Actual Rows": 19663,
          "Actual Loops": 1,
          "Inner Unique": false,
          "Join Filter": "((v1_lag.i_category = v1.i_category) AND (v1_lag.i_brand = v1.i_brand) AND ((v1_lag.cc_name)::text = (v1.cc_name)::text) AND ((v1_lag.rn + 1) = v1.rn))",
          "Rows Removed by Join Filter": 496726706,
          "Plans": [
            {
              "Node Type": "Merge Join",
              "Parent Relationship": "Outer",
              "Parallel Aware": false,
              "Join Type": "Inner",
              "Startup Cost": 5620.31,
              "Total Cost": 5931.72,
              "Plan Rows": 1,
              "Plan Width": 1132,
              "Actual Startup Time": 5186.396,
              "Actual Total Time": 5420.913,
              "Actual Rows": 19663,
              "Actual Loops": 1,
              "Inner Unique": false,
              "Merge Cond": "((v1_lag.i_category = v1_lead.i_category) AND (v1_lag.i_brand = v1_lead.i_brand) AND ((v1_lag.cc_name)::text = (v1_lead.cc_name)::text) AND (((v1_lag.rn + 1)) = ((v1_lead.rn - 1))))",
              "Plans": [
                {
                  "Node Type": "Sort",
                  "Parent Relationship": "Outer",
                  "Parallel Aware": false,
                  "Startup Cost": 2810.15,
                  "Total Cost": 2830.91,
                  "Plan Rows": 8304,
                  "Plan Width": 566,
                  "Actual Startup Time": 5140.983,
                  "Actual Total Time": 5166.277,
                  "Actual Rows": 24965,
                  "Actual Loops": 1,
                  "Sort Key": ["v1_lag.i_category", "v1_lag.i_brand", "v1_lag.cc_name", "((v1_lag.rn + 1))"],
                  "Sort Method": "external merge",
                  "Sort Space Used": 3720,
                  "Sort Space Type": "Disk",
                  "Plans": [
                    {
                      "Node Type": "CTE Scan",
                      "Parent Relationship": "Outer",
                      "Parallel Aware": false,
                      "CTE Name": "v1",
                      "Alias": "v1_lag",
                      "Startup Cost": 0.00,
                      "Total Cost": 166.08,
                      "Plan Rows": 8304,
                      "Plan Width": 566,
                      "Actual Startup Time": 4116.625,
                      "Actual Total Time": 5104.326,
                      "Actual Rows": 25263,
                      "Actual Loops": 1
                    }
                  ]
                },
                {
                  "Node Type": "Materialize",
                  "Parent Relationship": "Inner",
                  "Parallel Aware": false,
                  "Startup Cost": 2810.15,
                  "Total Cost": 2851.67,
                  "Plan Rows": 8304,
                  "Plan Width": 566,
                  "Actual Startup Time": 45.388,
                  "Actual Total Time": 117.690,
                  "Actual Rows": 24986,
                  "Actual Loops": 1,
                  "Plans": [
                    {
                      "Node Type": "Sort",
                      "Parent Relationship": "Outer",
                      "Parallel Aware": false,
                      "Startup Cost": 2810.15,
                      "Total Cost": 2830.91,
                      "Plan Rows": 8304,
                      "Plan Width": 566,
                      "Actual Startup Time": 45.385,
                      "Actual Total Time": 102.677,
                      "Actual Rows": 24986,
                      "Actual Loops": 1,
                      "Sort Key": ["v1_lead.i_category", "v1_lead.i_brand", "v1_lead.cc_name", "((v1_lead.rn - 1))"],
                      "Sort Method": "external merge",
                      "Sort Space Used": 3720,
                      "Sort Space Type": "Disk",
                      "Plans": [
                        {
                          "Node Type": "CTE Scan",
                          "Parent Relationship": "Outer",
                          "Parallel Aware": false,
                          "CTE Name": "v1",
                          "Alias": "v1_lead",
                          "Startup Cost": 0.00,
                          "Total Cost": 166.08,
                          "Plan Rows": 8304,
                          "Plan Width": 566,
                          "Actual Startup Time": 0.028,
                          "Actual Total Time": 11.235,
                          "Actual Rows": 25263,
                          "Actual Loops": 1
                        }
                      ]
                    }
                  ]
                }
              ]
            },
            {
              "Node Type": "CTE Scan",
              "Parent Relationship": "Inner",
              "Parallel Aware": false,
              "CTE Name": "v1",
              "Alias": "v1",
              "Startup Cost": 0.00,
              "Total Cost": 166.08,
              "Plan Rows": 8304,
              "Plan Width": 606,
              "Actual Startup Time": 0.006,
              "Actual Total Time": 5.935,
              "Actual Rows": 25263,
              "Actual Loops": 19663
            }
          ]
        },
        {
          "Node Type": "Sort",
          "Parent Relationship": "Outer",
          "Parallel Aware": false,
          "Startup Cost": 0.05,
          "Total Cost": 0.06,
          "Plan Rows": 1,
          "Plan Width": 286,
          "Actual Startup Time": 369430.489,
          "Actual Total Time": 369430.498,
          "Actual Rows": 100,
          "Actual Loops": 1,
          "Sort Key": ["((v2.sum_sales - v2.avg_monthly_sales))", "v2.avg_monthly_sales"],
          "Sort Method": "top-N heapsort",
          "Sort Space Used": 49,
          "Sort Space Type": "Memory",
          "Plans": [
            {
              "Node Type": "CTE Scan",
              "Parent Relationship": "Outer",
              "Parallel Aware": false,
              "CTE Name": "v2",
              "Alias": "v2",
              "Startup Cost": 0.00,
              "Total Cost": 0.04,
              "Plan Rows": 1,
              "Plan Width": 286,
              "Actual Startup Time": 5186.426,
              "Actual Total Time": 369384.072,
              "Actual Rows": 17977,
              "Actual Loops": 1,
              "Filter": "((avg_monthly_sales > '0'::numeric) AND (d_year = 2001) AND (CASE WHEN (avg_monthly_sales > '0'::numeric) THEN (abs((sum_sales - avg_monthly_sales)) / avg_monthly_sales) ELSE NULL::numeric END > 0.1))",
              "Rows Removed by Filter": 1686
            }
          ]
        }
      ]
    },
    "Planning Time": 2.680,
    "Triggers": [
    ],
    "Execution Time": 369438.210
  }
]
