                                                       QUERY PLAN                                                       
------------------------------------------------------------------------------------------------------------------------
 [                                                                                                                     +
   {                                                                                                                   +
     "Plan": {                                                                                                         +
       "Node Type": "Limit",                                                                                           +
       "Parallel Aware": false,                                                                                        +
       "Startup Cost": 664432.74,                                                                                      +
       "Total Cost": 664432.75,                                                                                        +
       "Plan Rows": 1,                                                                                                 +
       "Plan Width": 72,                                                                                               +
       "Actual Startup Time": 48338.857,                                                                               +
       "Actual Total Time": 48338.857,                                                                                 +
       "Actual Rows": 1,                                                                                               +
       "Actual Loops": 1,                                                                                              +
       "Plans": [                                                                                                      +
         {                                                                                                             +
           "Node Type": "Hash Join",                                                                                   +
           "Parent Relationship": "InitPlan",                                                                          +
           "Subplan Name": "CTE ws_wh",                                                                                +
           "Parallel Aware": false,                                                                                    +
           "Join Type": "Inner",                                                                                       +
           "Startup Cost": 37764.14,                                                                                   +
           "Total Cost": 313065.86,                                                                                    +
           "Plan Rows": 7016206,                                                                                       +
           "Plan Width": 12,                                                                                           +
           "Actual Startup Time": 573.038,                                                                             +
           "Actual Total Time": 3578.322,                                                                              +
           "Actual Rows": 6644004,                                                                                     +
           "Actual Loops": 1,                                                                                          +
           "Inner Unique": false,                                                                                      +
           "Hash Cond": "(ws1_1.ws_order_number = ws2.ws_order_number)",                                               +
           "Join Filter": "(ws1_1.ws_warehouse_sk <> ws2.ws_warehouse_sk)",                                            +
           "Rows Removed by Join Filter": 2381030,                                                                     +
           "Plans": [                                                                                                  +
             {                                                                                                         +
               "Node Type": "Seq Scan",                                                                                +
               "Parent Relationship": "Outer",                                                                         +
               "Parallel Aware": false,                                                                                +
               "Relation Name": "web_sales",                                                                           +
               "Alias": "ws1_1",                                                                                       +
               "Startup Cost": 0.00,                                                                                   +
               "Total Cost": 25960.84,                                                                                 +
               "Plan Rows": 719384,                                                                                    +
               "Plan Width": 8,                                                                                        +
               "Actual Startup Time": 0.007,                                                                           +
               "Actual Total Time": 348.352,                                                                           +
               "Actual Rows": 719384,                                                                                  +
               "Actual Loops": 1                                                                                       +
             },                                                                                                        +
             {                                                                                                         +
               "Node Type": "Hash",                                                                                    +
               "Parent Relationship": "Inner",                                                                         +
               "Parallel Aware": false,                                                                                +
               "Startup Cost": 25960.84,                                                                               +
               "Total Cost": 25960.84,                                                                                 +
               "Plan Rows": 719384,                                                                                    +
               "Plan Width": 8,                                                                                        +
               "Actual Startup Time": 572.581,                                                                         +
               "Actual Total Time": 572.581,                                                                           +
               "Actual Rows": 719384,                                                                                  +
               "Actual Loops": 1,                                                                                      +
               "Hash Buckets": 131072,                                                                                 +
               "Original Hash Buckets": 131072,                                                                        +
               "Hash Batches": 16,                                                                                     +
               "Original Hash Batches": 16,                                                                            +
               "Peak Memory Usage": 2768,                                                                              +
               "Plans": [                                                                                              +
                 {                                                                                                     +
                   "Node Type": "Seq Scan",                                                                            +
                   "Parent Relationship": "Outer",                                                                     +
                   "Parallel Aware": false,                                                                            +
                   "Relation Name": "web_sales",                                                                       +
                   "Alias": "ws2",                                                                                     +
                   "Startup Cost": 0.00,                                                                               +
                   "Total Cost": 25960.84,                                                                             +
                   "Plan Rows": 719384,                                                                                +
                   "Plan Width": 8,                                                                                    +
                   "Actual Startup Time": 0.005,                                                                       +
                   "Actual Total Time": 344.078,                                                                       +
                   "Actual Rows": 719384,                                                                              +
                   "Actual Loops": 1                                                                                   +
                 }                                                                                                     +
               ]                                                                                                       +
             }                                                                                                         +
           ]                                                                                                           +
         },                                                                                                            +
         {                                                                                                             +
           "Node Type": "Sort",                                                                                        +
           "Parent Relationship": "Outer",                                                                             +
           "Parallel Aware": false,                                                                                    +
           "Startup Cost": 351366.88,                                                                                  +
           "Total Cost": 351366.89,                                                                                    +
           "Plan Rows": 1,                                                                                             +
           "Plan Width": 72,                                                                                           +
           "Actual Startup Time": 48338.855,                                                                           +
           "Actual Total Time": 48338.856,                                                                             +
           "Actual Rows": 1,                                                                                           +
           "Actual Loops": 1,                                                                                          +
           "Sort Key": ["(count(DISTINCT ws1.ws_order_number))"],                                                      +
           "Sort Method": "quicksort",                                                                                 +
           "Sort Space Used": 25,                                                                                      +
           "Sort Space Type": "Memory",                                                                                +
           "Plans": [                                                                                                  +
             {                                                                                                         +
               "Node Type": "Aggregate",                                                                               +
               "Strategy": "Plain",                                                                                    +
               "Partial Mode": "Simple",                                                                               +
               "Parent Relationship": "Outer",                                                                         +
               "Parallel Aware": false,                                                                                +
               "Startup Cost": 351366.86,                                                                              +
               "Total Cost": 351366.87,                                                                                +
               "Plan Rows": 1,                                                                                         +
               "Plan Width": 72,                                                                                       +
               "Actual Startup Time": 48338.849,                                                                       +
               "Actual Total Time": 48338.849,                                                                         +
               "Actual Rows": 1,                                                                                       +
               "Actual Loops": 1,                                                                                      +
               "Plans": [                                                                                              +
                 {                                                                                                     +
                   "Node Type": "Nested Loop",                                                                         +
                   "Parent Relationship": "Outer",                                                                     +
                   "Parallel Aware": false,                                                                            +
                   "Join Type": "Inner",                                                                               +
                   "Startup Cost": 160859.67,                                                                          +
                   "Total Cost": 351366.85,                                                                            +
                   "Plan Rows": 1,                                                                                     +
                   "Plan Width": 16,                                                                                   +
                   "Actual Startup Time": 15074.064,                                                                   +
                   "Actual Total Time": 48338.795,                                                                     +
                   "Actual Rows": 6,                                                                                   +
                   "Actual Loops": 1,                                                                                  +
                   "Inner Unique": true,                                                                               +
                   "Join Filter": "(ws1.ws_order_number = ws_wh.ws_order_number)",                                     +
                   "Rows Removed by Join Filter": 200200,                                                              +
                   "Plans": [                                                                                          +
                     {                                                                                                 +
                       "Node Type": "Nested Loop",                                                                     +
                       "Parent Relationship": "Outer",                                                                 +
                       "Parallel Aware": false,                                                                        +
                       "Join Type": "Inner",                                                                           +
                       "Startup Cost": 2995.03,                                                                        +
                       "Total Cost": 193497.71,                                                                        +
                       "Plan Rows": 1,                                                                                 +
                       "Plan Width": 24,                                                                               +
                       "Actual Startup Time": 11747.473,                                                               +
                       "Actual Total Time": 44952.681,                                                                 +
                       "Actual Rows": 6,                                                                               +
                       "Actual Loops": 1,                                                                              +
                       "Inner Unique": true,                                                                           +
                       "Join Filter": "(ws1.ws_web_site_sk = web_site.web_site_sk)",                                   +
                       "Rows Removed by Join Filter": 155,                                                             +
                       "Plans": [                                                                                      +
                         {                                                                                             +
                           "Node Type": "Nested Loop",                                                                 +
                           "Parent Relationship": "Outer",                                                             +
                           "Parallel Aware": false,                                                                    +
                           "Join Type": "Semi",                                                                        +
                           "Startup Cost": 2995.03,                                                                    +
                           "Total Cost": 193495.28,                                                                    +
                           "Plan Rows": 1,                                                                             +
                           "Plan Width": 28,                                                                           +
                           "Actual Startup Time": 7727.738,                                                            +
                           "Actual Total Time": 44951.524,                                                             +
                           "Actual Rows": 35,                                                                          +
                           "Actual Loops": 1,                                                                          +
                           "Inner Unique": false,                                                                      +
                           "Plans": [                                                                                  +
                             {                                                                                         +
                               "Node Type": "Gather",                                                                  +
                               "Parent Relationship": "Outer",                                                         +
                               "Parallel Aware": false,                                                                +
                               "Startup Cost": 2456.46,                                                                +
                               "Total Cost": 25409.70,                                                                 +
                               "Plan Rows": 2,                                                                         +
                               "Plan Width": 20,                                                                       +
                               "Actual Startup Time": 12.136,                                                          +
                               "Actual Total Time": 12.354,                                                            +
                               "Actual Rows": 47,                                                                      +
                               "Actual Loops": 1,                                                                      +
                               "Workers Planned": 2,                                                                   +
                               "Workers Launched": 2,                                                                  +
                               "Single Copy": false,                                                                   +
                               "Plans": [                                                                              +
                                 {                                                                                     +
                                   "Node Type": "Nested Loop",                                                         +
                                   "Parent Relationship": "Outer",                                                     +
                                   "Parallel Aware": false,                                                            +
                                   "Join Type": "Inner",                                                               +
                                   "Startup Cost": 1456.46,                                                            +
                                   "Total Cost": 24409.50,                                                             +
                                   "Plan Rows": 1,                                                                     +
                                   "Plan Width": 20,                                                                   +
                                   "Actual Startup Time": 12.173,                                                      +
                                   "Actual Total Time": 145.057,                                                       +
                                   "Actual Rows": 16,                                                                  +
                                   "Actual Loops": 3,                                                                  +
                                   "Inner Unique": true,                                                               +
                                   "Plans": [                                                                          +
                                     {                                                                                 +
                                       "Node Type": "Hash Join",                                                       +
                                       "Parent Relationship": "Outer",                                                 +
                                       "Parallel Aware": true,                                                         +
                                       "Join Type": "Inner",                                                           +
                                       "Startup Cost": 1456.17,                                                        +
                                       "Total Cost": 24007.50,                                                         +
                                       "Plan Rows": 1241,                                                              +
                                       "Plan Width": 24,                                                               +
                                       "Actual Startup Time": 6.966,                                                   +
                                       "Actual Total Time": 141.163,                                                   +
                                       "Actual Rows": 1013,                                                            +
                                       "Actual Loops": 3,                                                              +
                                       "Inner Unique": true,                                                           +
                                       "Hash Cond": "(ws1.ws_ship_addr_sk = customer_address.ca_address_sk)",          +
                                       "Plans": [                                                                      +
                                         {                                                                             +
                                           "Node Type": "Seq Scan",                                                    +
                                           "Parent Relationship": "Outer",                                             +
                                           "Parallel Aware": true,                                                     +
                                           "Relation Name": "web_sales",                                               +
                                           "Alias": "ws1",                                                             +
                                           "Startup Cost": 0.00,                                                       +
                                           "Total Cost": 21764.43,                                                     +
                                           "Plan Rows": 299743,                                                        +
                                           "Plan Width": 28,                                                           +
                                           "Actual Startup Time": 0.056,                                               +
                                           "Actual Total Time": 65.243,                                                +
                                           "Actual Rows": 239795,                                                      +
                                           "Actual Loops": 3                                                           +
                                         },                                                                            +
                                         {                                                                             +
                                           "Node Type": "Hash",                                                        +
                                           "Parent Relationship": "Inner",                                             +
                                           "Parallel Aware": true,                                                     +
                                           "Startup Cost": 1454.65,                                                    +
                                           "Total Cost": 1454.65,                                                      +
                                           "Plan Rows": 122,                                                           +
                                           "Plan Width": 4,                                                            +
                                           "Actual Startup Time": 6.025,                                               +
                                           "Actual Total Time": 6.025,                                                 +
                                           "Actual Rows": 73,                                                          +
                                           "Actual Loops": 3,                                                          +
                                           "Hash Buckets": 1024,                                                       +
                                           "Original Hash Buckets": 1024,                                              +
                                           "Hash Batches": 1,                                                          +
                                           "Original Hash Batches": 1,                                                 +
                                           "Peak Memory Usage": 104,                                                   +
                                           "Plans": [                                                                  +
                                             {                                                                         +
                                               "Node Type": "Seq Scan",                                                +
                                               "Parent Relationship": "Outer",                                         +
                                               "Parallel Aware": true,                                                 +
                                               "Relation Name": "customer_address",                                    +
                                               "Alias": "customer_address",                                            +
                                               "Startup Cost": 0.00,                                                   +
                                               "Total Cost": 1454.65,                                                  +
                                               "Plan Rows": 122,                                                       +
                                               "Plan Width": 4,                                                        +
                                               "Actual Startup Time": 0.097,                                           +
                                               "Actual Total Time": 5.902,                                             +
                                               "Actual Rows": 73,                                                      +
                                               "Actual Loops": 3,                                                      +
                                               "Filter": "(ca_state = 'VT'::bpchar)",                                  +
                                               "Rows Removed by Filter": 16594                                         +
                                             }                                                                         +
                                           ]                                                                           +
                                         }                                                                             +
                                       ]                                                                               +
                                     },                                                                                +
                                     {                                                                                 +
                                       "Node Type": "Index Scan",                                                      +
                                       "Parent Relationship": "Inner",                                                 +
                                       "Parallel Aware": false,                                                        +
                                       "Scan Direction": "Forward",                                                    +
                                       "Index Name": "date_dim_pkey",                                                  +
                                       "Relation Name": "date_dim",                                                    +
                                       "Alias": "date_dim",                                                            +
                                       "Startup Cost": 0.29,                                                           +
                                       "Total Cost": 0.32,                                                             +
                                       "Plan Rows": 1,                                                                 +
                                       "Plan Width": 4,                                                                +
                                       "Actual Startup Time": 0.003,                                                   +
                                       "Actual Total Time": 0.003,                                                     +
                                       "Actual Rows": 0,                                                               +
                                       "Actual Loops": 3038,                                                           +
                                       "Index Cond": "(d_date_sk = ws1.ws_ship_date_sk)",                              +
                                       "Rows Removed by Index Recheck": 0,                                             +
                                       "Filter": "((d_date >= '2002-04-01'::date) AND (d_date <= '2002-05-31'::date))",+
                                       "Rows Removed by Filter": 1                                                     +
                                     }                                                                                 +
                                   ]                                                                                   +
                                 }                                                                                     +
                               ]                                                                                       +
                             },                                                                                        +
                             {                                                                                         +
                               "Node Type": "Hash Join",                                                               +
                               "Parent Relationship": "Inner",                                                         +
                               "Parallel Aware": false,                                                                +
                               "Join Type": "Inner",                                                                   +
                               "Startup Cost": 538.57,                                                                 +
                               "Total Cost": 167178.20,                                                                +
                               "Plan Rows": 379,                                                                       +
                               "Plan Width": 8,                                                                        +
                               "Actual Startup Time": 956.149,                                                         +
                               "Actual Total Time": 956.149,                                                           +
                               "Actual Rows": 1,                                                                       +
                               "Actual Loops": 47,                                                                     +
                               "Inner Unique": false,                                                                  +
                               "Hash Cond": "(ws_wh_1.ws_order_number = web_returns.wr_order_number)",                 +
                               "Join Filter": "(ws1.ws_order_number = ws_wh_1.ws_order_number)",                       +
                               "Rows Removed by Join Filter": 0,                                                       +
                               "Plans": [                                                                              +
                                 {                                                                                     +
                                   "Node Type": "CTE Scan",                                                            +
                                   "Parent Relationship": "Outer",                                                     +
                                   "Parallel Aware": false,                                                            +
                                   "CTE Name": "ws_wh",                                                                +
                                   "Alias": "ws_wh_1",                                                                 +
                                   "Startup Cost": 0.00,                                                               +
                                   "Total Cost": 140324.12,                                                            +
                                   "Plan Rows": 7016206,                                                               +
                                   "Plan Width": 4,                                                                    +
                                   "Actual Startup Time": 16.390,                                                      +
                                   "Actual Total Time": 759.327,                                                       +
                                   "Actual Rows": 3419484,                                                             +
                                   "Actual Loops": 35                                                                  +
                                 },                                                                                    +
                                 {                                                                                     +
                                   "Node Type": "Hash",                                                                +
                                   "Parent Relationship": "Inner",                                                     +
                                   "Parallel Aware": false,                                                            +
                                   "Startup Cost": 538.54,                                                             +
                                   "Total Cost": 538.54,                                                               +
                                   "Plan Rows": 2,                                                                     +
                                   "Plan Width": 4,                                                                    +
                                   "Actual Startup Time": 2.412,                                                       +
                                   "Actual Total Time": 2.412,                                                         +
                                   "Actual Rows": 1,                                                                   +
                                   "Actual Loops": 47,                                                                 +
                                   "Hash Buckets": 1024,                                                               +
                                   "Original Hash Buckets": 1024,                                                      +
                                   "Hash Batches": 1,                                                                  +
                                   "Original Hash Batches": 1,                                                         +
                                   "Peak Memory Usage": 9,                                                             +
                                   "Plans": [                                                                          +
                                     {                                                                                 +
                                       "Node Type": "Index Only Scan",                                                 +
                                       "Parent Relationship": "Outer",                                                 +
                                       "Parallel Aware": false,                                                        +
                                       "Scan Direction": "Forward",                                                    +
                                       "Index Name": "web_returns_pkey",                                               +
                                       "Relation Name": "web_returns",                                                 +
                                       "Alias": "web_returns",                                                         +
                                       "Startup Cost": 0.29,                                                           +
                                       "Total Cost": 538.54,                                                           +
                                       "Plan Rows": 2,                                                                 +
                                       "Plan Width": 4,                                                                +
                                       "Actual Startup Time": 1.411,                                                   +
                                       "Actual Total Time": 2.407,                                                     +
                                       "Actual Rows": 1,                                                               +
                                       "Actual Loops": 47,                                                             +
                                       "Index Cond": "(wr_order_number = ws1.ws_order_number)",                        +
                                       "Rows Removed by Index Recheck": 0,                                             +
                                       "Heap Fetches": 55                                                              +
                                     }                                                                                 +
                                   ]                                                                                   +
                                 }                                                                                     +
                               ]                                                                                       +
                             }                                                                                         +
                           ]                                                                                           +
                         },                                                                                            +
                         {                                                                                             +
                           "Node Type": "Seq Scan",                                                                    +
                           "Parent Relationship": "Inner",                                                             +
                           "Parallel Aware": false,                                                                    +
                           "Relation Name": "web_site",                                                                +
                           "Alias": "web_site",                                                                        +
                           "Startup Cost": 0.00,                                                                       +
                           "Total Cost": 2.38,                                                                         +
                           "Plan Rows": 5,                                                                             +
                           "Plan Width": 4,                                                                            +
                           "Actual Startup Time": 0.019,                                                               +
                           "Actual Total Time": 0.026,                                                                 +
                           "Actual Rows": 5,                                                                           +
                           "Actual Loops": 35,                                                                         +
                           "Filter": "(web_company_name = 'pri'::bpchar)",                                             +
                           "Rows Removed by Filter": 24                                                                +
                         }                                                                                             +
                       ]                                                                                               +
                     },                                                                                                +
                     {                                                                                                 +
                       "Node Type": "Aggregate",                                                                       +
                       "Strategy": "Hashed",                                                                           +
                       "Partial Mode": "Simple",                                                                       +
                       "Parent Relationship": "Inner",                                                                 +
                       "Parallel Aware": false,                                                                        +
                       "Startup Cost": 157864.64,                                                                      +
                       "Total Cost": 157866.64,                                                                        +
                       "Plan Rows": 200,                                                                               +
                       "Plan Width": 4,                                                                                +
                       "Actual Startup Time": 551.610,                                                                 +
                       "Actual Total Time": 560.778,                                                                   +
                       "Actual Rows": 33368,                                                                           +
                       "Actual Loops": 6,                                                                              +
                       "Group Key": ["ws_wh.ws_order_number"],                                                         +
                       "Plans": [                                                                                      +
                         {                                                                                             +
                           "Node Type": "CTE Scan",                                                                    +
                           "Parent Relationship": "Outer",                                                             +
                           "Parallel Aware": false,                                                                    +
                           "CTE Name": "ws_wh",                                                                        +
                           "Alias": "ws_wh",                                                                           +
                           "Startup Cost": 0.00,                                                                       +
                           "Total Cost": 140324.12,                                                                    +
                           "Plan Rows": 7016206,                                                                       +
                           "Plan Width": 4,                                                                            +
                           "Actual Startup Time": 0.005,                                                               +
                           "Actual Total Time": 1396.376,                                                              +
                           "Actual Rows": 6644004,                                                                     +
                           "Actual Loops": 1                                                                           +
                         }                                                                                             +
                       ]                                                                                               +
                     }                                                                                                 +
                   ]                                                                                                   +
                 }                                                                                                     +
               ]                                                                                                       +
             }                                                                                                         +
           ]                                                                                                           +
         }                                                                                                             +
       ]                                                                                                               +
     },                                                                                                                +
     "Planning Time": 2.042,                                                                                           +
     "Triggers": [                                                                                                     +
     ],                                                                                                                +
     "Execution Time": 48350.355                                                                                       +
   }                                                                                                                   +
 ]
(1 row)

