[
  {
    "Plan": {
      "Node Type": "Limit",
      "Parallel Aware": false,
      "Startup Cost": 232435.30,
      "Total Cost": 232435.55,
      "Plan Rows": 100,
      "Plan Width": 236,
      "Actual Startup Time": 51512.500,
      "Actual Total Time": 51512.523,
      "Actual Rows": 100,
      "Actual Loops": 1,
      "Plans": [
        {
          "Node Type": "Sort",
          "Parent Relationship": "Outer",
          "Parallel Aware": false,
          "Startup Cost": 232435.30,
          "Total Cost": 232614.94,
          "Plan Rows": 71857,
          "Plan Width": 236,
          "Actual Startup Time": 51512.499,
          "Actual Total Time": 51512.507,
          "Actual Rows": 100,
          "Actual Loops": 1,
          "Sort Key": ["(avg(inventory.inv_quantity_on_hand))", "item.i_product_name", "item.i_brand", "item.i_class", "item.i_category"],
          "Sort Method": "top-N heapsort",
          "Sort Space Used": 67,
          "Sort Space Type": "Memory",
          "Plans": [
            {
              "Node Type": "Aggregate",
              "Strategy": "Sorted",
              "Partial Mode": "Simple",
              "Parent Relationship": "Outer",
              "Parallel Aware": false,
              "Startup Cost": 227917.70,
              "Total Cost": 229688.97,
              "Plan Rows": 71857,
              "Plan Width": 236,
              "Actual Startup Time": 45717.071,
              "Actual Total Time": 51481.233,
              "Actual Rows": 47968,
              "Actual Loops": 1,
              "Grouping Sets": [
                {
                  "Group Keys": [
                    ["item.i_product_name", "item.i_brand", "item.i_class", "item.i_category"],
                    ["item.i_product_name", "item.i_brand", "item.i_class"],
                    ["item.i_product_name", "item.i_brand"],
                    ["item.i_product_name"],
                    []
                  ]
                }
              ],
              "Plans": [
                {
                  "Node Type": "Sort",
                  "Parent Relationship": "Outer",
                  "Parallel Aware": false,
                  "Startup Cost": 227917.70,
                  "Total Cost": 228063.21,
                  "Plan Rows": 58204,
                  "Plan Width": 208,
                  "Actual Startup Time": 45716.906,
                  "Actual Total Time": 48125.836,
                  "Actual Rows": 2385000,
                  "Actual Loops": 1,
                  "Sort Key": ["item.i_product_name", "item.i_brand", "item.i_class", "item.i_category"],
                  "Sort Method": "external merge",
                  "Sort Space Used": 507368,
                  "Sort Space Type": "Disk",
                  "Plans": [
                    {
                      "Node Type": "Hash Join",
                      "Parent Relationship": "Outer",
                      "Parallel Aware": false,
                      "Join Type": "Inner",
                      "Startup Cost": 4650.26,
                      "Total Cost": 217539.69,
                      "Plan Rows": 58204,
                      "Plan Width": 208,
                      "Actual Startup Time": 2140.953,
                      "Actual Total Time": 5633.068,
                      "Actual Rows": 2385000,
                      "Actual Loops": 1,
                      "Inner Unique": true,
                      "Hash Cond": "(inventory.inv_item_sk = item.i_item_sk)",
                      "Plans": [
                        {
                          "Node Type": "Hash Join",
                          "Parent Relationship": "Outer",
                          "Parallel Aware": false,
                          "Join Type": "Inner",
                          "Startup Cost": 2505.26,
                          "Total Cost": 214275.88,
                          "Plan Rows": 58204,
                          "Plan Width": 8,
                          "Actual Startup Time": 2112.660,
                          "Actual Total Time": 4015.047,
                          "Actual Rows": 2385000,
                          "Actual Loops": 1,
                          "Inner Unique": true,
                          "Hash Cond": "(inventory.inv_date_sk = date_dim.d_date_sk)",
                          "Plans": [
                            {
                              "Node Type": "Seq Scan",
                              "Parent Relationship": "Outer",
                              "Parallel Aware": false,
                              "Relation Name": "inventory",
                              "Alias": "inventory",
                              "Startup Cost": 0.00,
                              "Total Cost": 180937.95,
                              "Plan Rows": 11745095,
                              "Plan Width": 12,
                              "Actual Startup Time": 0.012,
                              "Actual Total Time": 1603.430,
                              "Actual Rows": 11745000,
                              "Actual Loops": 1
                            },
                            {
                              "Node Type": "Hash",
                              "Parent Relationship": "Inner",
                              "Parallel Aware": false,
                              "Startup Cost": 2500.73,
                              "Total Cost": 2500.73,
                              "Plan Rows": 362,
                              "Plan Width": 4,
                              "Actual Startup Time": 13.207,
                              "Actual Total Time": 13.207,
                              "Actual Rows": 365,
                              "Actual Loops": 1,
                              "Hash Buckets": 1024,
                              "Original Hash Buckets": 1024,
                              "Hash Batches": 1,
                              "Original Hash Batches": 1,
                              "Peak Memory Usage": 21,
                              "Plans": [
                                {
                                  "Node Type": "Seq Scan",
                                  "Parent Relationship": "Outer",
                                  "Parallel Aware": false,
                                  "Relation Name": "date_dim",
                                  "Alias": "date_dim",
                                  "Startup Cost": 0.00,
                                  "Total Cost": 2500.73,
                                  "Plan Rows": 362,
                                  "Plan Width": 4,
                                  "Actual Startup Time": 6.398,
                                  "Actual Total Time": 13.105,
                                  "Actual Rows": 365,
                                  "Actual Loops": 1,
                                  "Filter": "((d_month_seq >= 1214) AND (d_month_seq <= 1225))",
                                  "Rows Removed by Filter": 72684
                                }
                              ]
                            }
                          ]
                        },
                        {
                          "Node Type": "Hash",
                          "Parent Relationship": "Inner",
                          "Parallel Aware": false,
                          "Startup Cost": 1410.00,
                          "Total Cost": 1410.00,
                          "Plan Rows": 18000,
                          "Plan Width": 208,
                          "Actual Startup Time": 28.248,
                          "Actual Total Time": 28.248,
                          "Actual Rows": 18000,
                          "Actual Loops": 1,
                          "Hash Buckets": 32768,
                          "Original Hash Buckets": 32768,
                          "Hash Batches": 2,
                          "Original Hash Batches": 2,
                          "Peak Memory Usage": 2378,
                          "Plans": [
                            {
                              "Node Type": "Seq Scan",
                              "Parent Relationship": "Outer",
                              "Parallel Aware": false,
                              "Relation Name": "item",
                              "Alias": "item",
                              "Startup Cost": 0.00,
                              "Total Cost": 1410.00,
                              "Plan Rows": 18000,
                              "Plan Width": 208,
                              "Actual Startup Time": 0.010,
                              "Actual Total Time": 12.697,
                              "Actual Rows": 18000,
                              "Actual Loops": 1
                            }
                          ]
                        }
                      ]
                    }
                  ]
                }
              ]
            }
          ]
        }
      ]
    },
    "Planning Time": 0.811,
    "Triggers": [
    ],
    "Execution Time": 51869.355
  }
]
