                                                            QUERY PLAN                                                            
----------------------------------------------------------------------------------------------------------------------------------
 [                                                                                                                               +
   {                                                                                                                             +
     "Plan": {                                                                                                                   +
       "Node Type": "Limit",                                                                                                     +
       "Parallel Aware": false,                                                                                                  +
       "Startup Cost": 33107.19,                                                                                                 +
       "Total Cost": 33107.21,                                                                                                   +
       "Plan Rows": 10,                                                                                                          +
       "Plan Width": 220,                                                                                                        +
       "Actual Startup Time": 229.359,                                                                                           +
       "Actual Total Time": 229.366,                                                                                             +
       "Actual Rows": 32,                                                                                                        +
       "Actual Loops": 1,                                                                                                        +
       "Plans": [                                                                                                                +
         {                                                                                                                       +
           "Node Type": "Aggregate",                                                                                             +
           "Strategy": "Sorted",                                                                                                 +
           "Partial Mode": "Finalize",                                                                                           +
           "Parent Relationship": "InitPlan",                                                                                    +
           "Subplan Name": "CTE sr_items",                                                                                       +
           "Parallel Aware": false,                                                                                              +
           "Startup Cost": 13341.35,                                                                                             +
           "Total Cost": 13350.68,                                                                                               +
           "Plan Rows": 80,                                                                                                      +
           "Plan Width": 25,                                                                                                     +
           "Actual Startup Time": 80.163,                                                                                        +
           "Actual Total Time": 87.978,                                                                                          +
           "Actual Rows": 2285,                                                                                                  +
           "Actual Loops": 1,                                                                                                    +
           "Group Key": ["item.i_item_id"],                                                                                      +
           "Plans": [                                                                                                            +
             {                                                                                                                   +
               "Node Type": "Gather Merge",                                                                                      +
               "Parent Relationship": "Outer",                                                                                   +
               "Parallel Aware": false,                                                                                          +
               "Startup Cost": 13341.35,                                                                                         +
               "Total Cost": 13349.55,                                                                                           +
               "Plan Rows": 66,                                                                                                  +
               "Plan Width": 25,                                                                                                 +
               "Actual Startup Time": 80.155,                                                                                    +
               "Actual Total Time": 86.611,                                                                                      +
               "Actual Rows": 2483,                                                                                              +
               "Actual Loops": 1,                                                                                                +
               "Workers Planned": 2,                                                                                             +
               "Workers Launched": 2,                                                                                            +
               "Plans": [                                                                                                        +
                 {                                                                                                               +
                   "Node Type": "Aggregate",                                                                                     +
                   "Strategy": "Sorted",                                                                                         +
                   "Partial Mode": "Partial",                                                                                    +
                   "Parent Relationship": "Outer",                                                                               +
                   "Parallel Aware": false,                                                                                      +
                   "Startup Cost": 12341.33,                                                                                     +
                   "Total Cost": 12341.91,                                                                                       +
                   "Plan Rows": 33,                                                                                              +
                   "Plan Width": 25,                                                                                             +
                   "Actual Startup Time": 75.242,                                                                                +
                   "Actual Total Time": 75.831,                                                                                  +
                   "Actual Rows": 828,                                                                                           +
                   "Actual Loops": 3,                                                                                            +
                   "Group Key": ["item.i_item_id"],                                                                              +
                   "Plans": [                                                                                                    +
                     {                                                                                                           +
                       "Node Type": "Sort",                                                                                      +
                       "Parent Relationship": "Outer",                                                                           +
                       "Parallel Aware": false,                                                                                  +
                       "Startup Cost": 12341.33,                                                                                 +
                       "Total Cost": 12341.41,                                                                                   +
                       "Plan Rows": 33,                                                                                          +
                       "Plan Width": 21,                                                                                         +
                       "Actual Startup Time": 75.230,                                                                            +
                       "Actual Total Time": 75.319,                                                                              +
                       "Actual Rows": 864,                                                                                       +
                       "Actual Loops": 3,                                                                                        +
                       "Sort Key": ["item.i_item_id"],                                                                           +
                       "Sort Method": "quicksort",                                                                               +
                       "Sort Space Used": 96,                                                                                    +
                       "Sort Space Type": "Memory",                                                                              +
                       "Workers": [                                                                                              +
                         {                                                                                                       +
                           "Worker Number": 0,                                                                                   +
                           "Sort Method": "quicksort",                                                                           +
                           "Sort Space Used": 88,                                                                                +
                           "Sort Space Type": "Memory"                                                                           +
                         },                                                                                                      +
                         {                                                                                                       +
                           "Worker Number": 1,                                                                                   +
                           "Sort Method": "quicksort",                                                                           +
                           "Sort Space Used": 91,                                                                                +
                           "Sort Space Type": "Memory"                                                                           +
                         }                                                                                                       +
                       ],                                                                                                        +
                       "Plans": [                                                                                                +
                         {                                                                                                       +
                           "Node Type": "Nested Loop",                                                                           +
                           "Parent Relationship": "Outer",                                                                       +
                           "Parallel Aware": false,                                                                              +
                           "Join Type": "Inner",                                                                                 +
                           "Startup Cost": 5891.72,                                                                              +
                           "Total Cost": 12340.50,                                                                               +
                           "Plan Rows": 33,                                                                                      +
                           "Plan Width": 21,                                                                                     +
                           "Actual Startup Time": 25.127,                                                                        +
                           "Actual Total Time": 67.483,                                                                          +
                           "Actual Rows": 864,                                                                                   +
                           "Actual Loops": 3,                                                                                    +
                           "Inner Unique": true,                                                                                 +
                           "Plans": [                                                                                            +
                             {                                                                                                   +
                               "Node Type": "Hash Join",                                                                         +
                               "Parent Relationship": "Outer",                                                                   +
                               "Parallel Aware": true,                                                                           +
                               "Join Type": "Inner",                                                                             +
                               "Startup Cost": 5891.44,                                                                          +
                               "Total Cost": 12329.84,                                                                           +
                               "Plan Rows": 33,                                                                                  +
                               "Plan Width": 8,                                                                                  +
                               "Actual Startup Time": 25.090,                                                                    +
                               "Actual Total Time": 61.706,                                                                      +
                               "Actual Rows": 864,                                                                               +
                               "Actual Loops": 3,                                                                                +
                               "Inner Unique": false,                                                                            +
                               "Hash Cond": "(store_returns.sr_returned_date_sk = date_dim.d_date_sk)",                          +
                               "Plans": [                                                                                        +
                                 {                                                                                               +
                                   "Node Type": "Seq Scan",                                                                      +
                                   "Parent Relationship": "Outer",                                                               +
                                   "Parallel Aware": true,                                                                       +
                                   "Relation Name": "store_returns",                                                             +
                                   "Alias": "store_returns",                                                                     +
                                   "Startup Cost": 0.00,                                                                         +
                                   "Total Cost": 5988.98,                                                                        +
                                   "Plan Rows": 119798,                                                                          +
                                   "Plan Width": 12,                                                                             +
                                   "Actual Startup Time": 0.093,                                                                 +
                                   "Actual Total Time": 20.324,                                                                  +
                                   "Actual Rows": 95838,                                                                         +
                                   "Actual Loops": 3                                                                             +
                                 },                                                                                              +
                                 {                                                                                               +
                                   "Node Type": "Hash",                                                                          +
                                   "Parent Relationship": "Inner",                                                               +
                                   "Parallel Aware": true,                                                                       +
                                   "Startup Cost": 5891.29,                                                                      +
                                   "Total Cost": 5891.29,                                                                        +
                                   "Plan Rows": 12,                                                                              +
                                   "Plan Width": 4,                                                                              +
                                   "Actual Startup Time": 24.821,                                                                +
                                   "Actual Total Time": 24.821,                                                                  +
                                   "Actual Rows": 7,                                                                             +
                                   "Actual Loops": 3,                                                                            +
                                   "Hash Buckets": 1024,                                                                         +
                                   "Original Hash Buckets": 1024,                                                                +
                                   "Hash Batches": 1,                                                                            +
                                   "Original Hash Batches": 1,                                                                   +
                                   "Peak Memory Usage": 104,                                                                     +
                                   "Plans": [                                                                                    +
                                     {                                                                                           +
                                       "Node Type": "Hash Join",                                                                 +
                                       "Parent Relationship": "Outer",                                                           +
                                       "Parallel Aware": true,                                                                   +
                                       "Join Type": "Semi",                                                                      +
                                       "Startup Cost": 3943.66,                                                                  +
                                       "Total Cost": 5891.29,                                                                    +
                                       "Plan Rows": 12,                                                                          +
                                       "Plan Width": 4,                                                                          +
                                       "Actual Startup Time": 20.322,                                                            +
                                       "Actual Total Time": 24.734,                                                              +
                                       "Actual Rows": 7,                                                                         +
                                       "Actual Loops": 3,                                                                        +
                                       "Inner Unique": false,                                                                    +
                                       "Hash Cond": "(date_dim.d_date = date_dim_1.d_date)",                                     +
                                       "Plans": [                                                                                +
                                         {                                                                                       +
                                           "Node Type": "Seq Scan",                                                              +
                                           "Parent Relationship": "Outer",                                                       +
                                           "Parallel Aware": true,                                                               +
                                           "Relation Name": "date_dim",                                                          +
                                           "Alias": "date_dim",                                                                  +
                                           "Startup Cost": 0.00,                                                                 +
                                           "Total Cost": 1834.70,                                                                +
                                           "Plan Rows": 42970,                                                                   +
                                           "Plan Width": 8,                                                                      +
                                           "Actual Startup Time": 0.018,                                                         +
                                           "Actual Total Time": 4.329,                                                           +
                                           "Actual Rows": 24350,                                                                 +
                                           "Actual Loops": 3                                                                     +
                                         },                                                                                      +
                                         {                                                                                       +
                                           "Node Type": "Hash",                                                                  +
                                           "Parent Relationship": "Inner",                                                       +
                                           "Parallel Aware": true,                                                               +
                                           "Startup Cost": 3943.51,                                                              +
                                           "Total Cost": 3943.51,                                                                +
                                           "Plan Rows": 12,                                                                      +
                                           "Plan Width": 4,                                                                      +
                                           "Actual Startup Time": 15.674,                                                        +
                                           "Actual Total Time": 15.674,                                                          +
                                           "Actual Rows": 7,                                                                     +
                                           "Actual Loops": 3,                                                                    +
                                           "Hash Buckets": 1024,                                                                 +
                                           "Original Hash Buckets": 1024,                                                        +
                                           "Hash Batches": 1,                                                                    +
                                           "Original Hash Batches": 1,                                                           +
                                           "Peak Memory Usage": 104,                                                             +
                                           "Plans": [                                                                            +
                                             {                                                                                   +
                                               "Node Type": "Hash Join",                                                         +
                                               "Parent Relationship": "Outer",                                                   +
                                               "Parallel Aware": true,                                                           +
                                               "Join Type": "Semi",                                                              +
                                               "Startup Cost": 1995.86,                                                          +
                                               "Total Cost": 3943.51,                                                            +
                                               "Plan Rows": 12,                                                                  +
                                               "Plan Width": 4,                                                                  +
                                               "Actual Startup Time": 10.887,                                                    +
                                               "Actual Total Time": 15.559,                                                      +
                                               "Actual Rows": 7,                                                                 +
                                               "Actual Loops": 3,                                                                +
                                               "Inner Unique": false,                                                            +
                                               "Hash Cond": "(date_dim_1.d_week_seq = date_dim_2.d_week_seq)",                   +
                                               "Plans": [                                                                        +
                                                 {                                                                               +
                                                   "Node Type": "Seq Scan",                                                      +
                                                   "Parent Relationship": "Outer",                                               +
                                                   "Parallel Aware": true,                                                       +
                                                   "Relation Name": "date_dim",                                                  +
                                                   "Alias": "date_dim_1",                                                        +
                                                   "Startup Cost": 0.00,                                                         +
                                                   "Total Cost": 1834.70,                                                        +
                                                   "Plan Rows": 42970,                                                           +
                                                   "Plan Width": 8,                                                              +
                                                   "Actual Startup Time": 0.009,                                                 +
                                                   "Actual Total Time": 4.610,                                                   +
                                                   "Actual Rows": 24350,                                                         +
                                                   "Actual Loops": 3                                                             +
                                                 },                                                                              +
                                                 {                                                                               +
                                                   "Node Type": "Hash",                                                          +
                                                   "Parent Relationship": "Inner",                                               +
                                                   "Parallel Aware": true,                                                       +
                                                   "Startup Cost": 1995.84,                                                      +
                                                   "Total Cost": 1995.84,                                                        +
                                                   "Plan Rows": 2,                                                               +
                                                   "Plan Width": 4,                                                              +
                                                   "Actual Startup Time": 6.040,                                                 +
                                                   "Actual Total Time": 6.041,                                                   +
                                                   "Actual Rows": 1,                                                             +
                                                   "Actual Loops": 3,                                                            +
                                                   "Hash Buckets": 1024,                                                         +
                                                   "Original Hash Buckets": 1024,                                                +
                                                   "Hash Batches": 1,                                                            +
                                                   "Original Hash Batches": 1,                                                   +
                                                   "Peak Memory Usage": 72,                                                      +
                                                   "Plans": [                                                                    +
                                                     {                                                                           +
                                                       "Node Type": "Seq Scan",                                                  +
                                                       "Parent Relationship": "Outer",                                           +
                                                       "Parallel Aware": true,                                                   +
                                                       "Relation Name": "date_dim",                                              +
                                                       "Alias": "date_dim_2",                                                    +
                                                       "Startup Cost": 0.00,                                                     +
                                                       "Total Cost": 1995.84,                                                    +
                                                       "Plan Rows": 2,                                                           +
                                                       "Plan Width": 4,                                                          +
                                                       "Actual Startup Time": 3.769,                                             +
                                                       "Actual Total Time": 5.998,                                               +
                                                       "Actual Rows": 1,                                                         +
                                                       "Actual Loops": 3,                                                        +
                                                       "Filter": "(d_date = ANY ('{1999-05-24,1999-08-05,1999-11-02}'::date[]))",+
                                                       "Rows Removed by Filter": 24349                                           +
                                                     }                                                                           +
                                                   ]                                                                             +
                                                 }                                                                               +
                                               ]                                                                                 +
                                             }                                                                                   +
                                           ]                                                                                     +
                                         }                                                                                       +
                                       ]                                                                                         +
                                     }                                                                                           +
                                   ]                                                                                             +
                                 }                                                                                               +
                               ]                                                                                                 +
                             },                                                                                                  +
                             {                                                                                                   +
                               "Node Type": "Index Scan",                                                                        +
                               "Parent Relationship": "Inner",                                                                   +
                               "Parallel Aware": false,                                                                          +
                               "Scan Direction": "Forward",                                                                      +
                               "Index Name": "item_pkey",                                                                        +
                               "Relation Name": "item",                                                                          +
                               "Alias": "item",                                                                                  +
                               "Startup Cost": 0.29,                                                                             +
                               "Total Cost": 0.32,                                                                               +
                               "Plan Rows": 1,                                                                                   +
                               "Plan Width": 21,                                                                                 +
                               "Actual Startup Time": 0.006,                                                                     +
                               "Actual Total Time": 0.006,                                                                       +
                               "Actual Rows": 1,                                                                                 +
                               "Actual Loops": 2593,                                                                             +
                               "Index Cond": "(i_item_sk = store_returns.sr_item_sk)",                                           +
                               "Rows Removed by Index Recheck": 0                                                                +
                             }                                                                                                   +
                           ]                                                                                                     +
                         }                                                                                                       +
                       ]                                                                                                         +
                     }                                                                                                           +
                   ]                                                                                                             +
                 }                                                                                                               +
               ]                                                                                                                 +
             }                                                                                                                   +
           ]                                                                                                                     +
         },                                                                                                                      +
         {                                                                                                                       +
           "Node Type": "Aggregate",                                                                                             +
           "Strategy": "Sorted",                                                                                                 +
           "Partial Mode": "Finalize",                                                                                           +
           "Parent Relationship": "InitPlan",                                                                                    +
           "Subplan Name": "CTE cr_items",                                                                                       +
           "Parallel Aware": false,                                                                                              +
           "Startup Cost": 10942.56,                                                                                             +
           "Total Cost": 10946.21,                                                                                               +
           "Plan Rows": 41,                                                                                                      +
           "Plan Width": 25,                                                                                                     +
           "Actual Startup Time": 74.915,                                                                                        +
           "Actual Total Time": 78.023,                                                                                          +
           "Actual Rows": 1354,                                                                                                  +
           "Actual Loops": 1,                                                                                                    +
           "Group Key": ["item_1.i_item_id"],                                                                                    +
           "Plans": [                                                                                                            +
             {                                                                                                                   +
               "Node Type": "Gather Merge",                                                                                      +
               "Parent Relationship": "Outer",                                                                                   +
               "Parallel Aware": false,                                                                                          +
               "Startup Cost": 10942.56,                                                                                         +
               "Total Cost": 10945.68,                                                                                           +
               "Plan Rows": 24,                                                                                                  +
               "Plan Width": 25,                                                                                                 +
               "Actual Startup Time": 74.907,                                                                                    +
               "Actual Total Time": 77.220,                                                                                      +
               "Actual Rows": 1405,                                                                                              +
               "Actual Loops": 1,                                                                                                +
               "Workers Planned": 1,                                                                                             +
               "Workers Launched": 1,                                                                                            +
               "Plans": [                                                                                                        +
                 {                                                                                                               +
                   "Node Type": "Aggregate",                                                                                     +
                   "Strategy": "Sorted",                                                                                         +
                   "Partial Mode": "Partial",                                                                                    +
                   "Parent Relationship": "Outer",                                                                               +
                   "Parallel Aware": false,                                                                                      +
                   "Startup Cost": 9942.55,                                                                                      +
                   "Total Cost": 9942.97,                                                                                        +
                   "Plan Rows": 24,                                                                                              +
                   "Plan Width": 25,                                                                                             +
                   "Actual Startup Time": 69.777,                                                                                +
                   "Actual Total Time": 70.296,                                                                                  +
                   "Actual Rows": 702,                                                                                           +
                   "Actual Loops": 2,                                                                                            +
                   "Group Key": ["item_1.i_item_id"],                                                                            +
                   "Plans": [                                                                                                    +
                     {                                                                                                           +
                       "Node Type": "Sort",                                                                                      +
                       "Parent Relationship": "Outer",                                                                           +
                       "Parallel Aware": false,                                                                                  +
                       "Startup Cost": 9942.55,                                                                                  +
                       "Total Cost": 9942.61,                                                                                    +
                       "Plan Rows": 24,                                                                                          +
                       "Plan Width": 21,                                                                                         +
                       "Actual Startup Time": 69.741,                                                                            +
                       "Actual Total Time": 69.820,                                                                              +
                       "Actual Rows": 729,                                                                                       +
                       "Actual Loops": 2,                                                                                        +
                       "Sort Key": ["item_1.i_item_id"],                                                                         +
                       "Sort Method": "quicksort",                                                                               +
                       "Sort Space Used": 94,                                                                                    +
                       "Sort Space Type": "Memory",                                                                              +
                       "Workers": [                                                                                              +
                         {                                                                                                       +
                           "Worker Number": 0,                                                                                   +
                           "Sort Method": "quicksort",                                                                           +
                           "Sort Space Used": 69,                                                                                +
                           "Sort Space Type": "Memory"                                                                           +
                         }                                                                                                       +
                       ],                                                                                                        +
                       "Plans": [                                                                                                +
                         {                                                                                                       +
                           "Node Type": "Nested Loop",                                                                           +
                           "Parent Relationship": "Outer",                                                                       +
                           "Parallel Aware": false,                                                                              +
                           "Join Type": "Inner",                                                                                 +
                           "Startup Cost": 5891.72,                                                                              +
                           "Total Cost": 9942.00,                                                                                +
                           "Plan Rows": 24,                                                                                      +
                           "Plan Width": 21,                                                                                     +
                           "Actual Startup Time": 36.605,                                                                        +
                           "Actual Total Time": 63.670,                                                                          +
                           "Actual Rows": 729,                                                                                   +
                           "Actual Loops": 2,                                                                                    +
                           "Inner Unique": true,                                                                                 +
                           "Plans": [                                                                                            +
                             {                                                                                                   +
                               "Node Type": "Hash Join",                                                                         +
                               "Parent Relationship": "Outer",                                                                   +
                               "Parallel Aware": true,                                                                           +
                               "Join Type": "Inner",                                                                             +
                               "Startup Cost": 5891.44,                                                                          +
                               "Total Cost": 9933.82,                                                                            +
                               "Plan Rows": 24,                                                                                  +
                               "Plan Width": 8,                                                                                  +
                               "Actual Startup Time": 36.581,                                                                    +
                               "Actual Total Time": 60.015,                                                                      +
                               "Actual Rows": 729,                                                                               +
                               "Actual Loops": 2,                                                                                +
                               "Inner Unique": false,                                                                            +
                               "Hash Cond": "(catalog_returns.cr_returned_date_sk = date_dim_3.d_date_sk)",                      +
                               "Plans": [                                                                                        +
                                 {                                                                                               +
                                   "Node Type": "Seq Scan",                                                                      +
                                   "Parent Relationship": "Outer",                                                               +
                                   "Parallel Aware": true,                                                                       +
                                   "Relation Name": "catalog_returns",                                                           +
                                   "Alias": "catalog_returns",                                                                   +
                                   "Startup Cost": 0.00,                                                                         +
                                   "Total Cost": 3724.45,                                                                        +
                                   "Plan Rows": 84745,                                                                           +
                                   "Plan Width": 12,                                                                             +
                                   "Actual Startup Time": 0.007,                                                                 +
                                   "Actual Total Time": 13.274,                                                                  +
                                   "Actual Rows": 72034,                                                                         +
                                   "Actual Loops": 2                                                                             +
                                 },                                                                                              +
                                 {                                                                                               +
                                   "Node Type": "Hash",                                                                          +
                                   "Parent Relationship": "Inner",                                                               +
                                   "Parallel Aware": true,                                                                       +
                                   "Startup Cost": 5891.29,                                                                      +
                                   "Total Cost": 5891.29,                                                                        +
                                   "Plan Rows": 12,                                                                              +
                                   "Plan Width": 4,                                                                              +
                                   "Actual Startup Time": 34.417,                                                                +
                                   "Actual Total Time": 34.417,                                                                  +
                                   "Actual Rows": 10,                                                                            +
                                   "Actual Loops": 2,                                                                            +
                                   "Hash Buckets": 1024,                                                                         +
                                   "Original Hash Buckets": 1024,                                                                +
                                   "Hash Batches": 1,                                                                            +
                                   "Original Hash Batches": 1,                                                                   +
                                   "Peak Memory Usage": 72,                                                                      +
                                   "Plans": [                                                                                    +
                                     {                                                                                           +
                                       "Node Type": "Hash Join",                                                                 +
                                       "Parent Relationship": "Outer",                                                           +
                                       "Parallel Aware": true,                                                                   +
                                       "Join Type": "Semi",                                                                      +
                                       "Startup Cost": 3943.66,                                                                  +
                                       "Total Cost": 5891.29,                                                                    +
                                       "Plan Rows": 12,                                                                          +
                                       "Plan Width": 4,                                                                          +
                                       "Actual Startup Time": 28.300,                                                            +
                                       "Actual Total Time": 34.387,                                                              +
                                       "Actual Rows": 10,                                                                        +
                                       "Actual Loops": 2,                                                                        +
                                       "Inner Unique": false,                                                                    +
                                       "Hash Cond": "(date_dim_3.d_date = date_dim_4.d_date)",                                   +
                                       "Plans": [                                                                                +
                                         {                                                                                       +
                                           "Node Type": "Seq Scan",                                                              +
                                           "Parent Relationship": "Outer",                                                       +
                                           "Parallel Aware": true,                                                               +
                                           "Relation Name": "date_dim",                                                          +
                                           "Alias": "date_dim_3",                                                                +
                                           "Startup Cost": 0.00,                                                                 +
                                           "Total Cost": 1834.70,                                                                +
                                           "Plan Rows": 42970,                                                                   +
                                           "Plan Width": 8,                                                                      +
                                           "Actual Startup Time": 0.010,                                                         +
                                           "Actual Total Time": 5.374,                                                           +
                                           "Actual Rows": 36524,                                                                 +
                                           "Actual Loops": 2                                                                     +
                                         },                                                                                      +
                                         {                                                                                       +
                                           "Node Type": "Hash",                                                                  +
                                           "Parent Relationship": "Inner",                                                       +
                                           "Parallel Aware": true,                                                               +
                                           "Startup Cost": 3943.51,                                                              +
                                           "Total Cost": 3943.51,                                                                +
                                           "Plan Rows": 12,                                                                      +
                                           "Plan Width": 4,                                                                      +
                                           "Actual Startup Time": 22.215,                                                        +
                                           "Actual Total Time": 22.215,                                                          +
                                           "Actual Rows": 10,                                                                    +
                                           "Actual Loops": 2,                                                                    +
                                           "Hash Buckets": 1024,                                                                 +
                                           "Original Hash Buckets": 1024,                                                        +
                                           "Hash Batches": 1,                                                                    +
                                           "Original Hash Batches": 1,                                                           +
                                           "Peak Memory Usage": 72,                                                              +
                                           "Plans": [                                                                            +
                                             {                                                                                   +
                                               "Node Type": "Hash Join",                                                         +
                                               "Parent Relationship": "Outer",                                                   +
                                               "Parallel Aware": true,                                                           +
                                               "Join Type": "Semi",                                                              +
                                               "Startup Cost": 1995.86,                                                          +
                                               "Total Cost": 3943.51,                                                            +
                                               "Plan Rows": 12,                                                                  +
                                               "Plan Width": 4,                                                                  +
                                               "Actual Startup Time": 15.508,                                                    +
                                               "Actual Total Time": 22.174,                                                      +
                                               "Actual Rows": 10,                                                                +
                                               "Actual Loops": 2,                                                                +
                                               "Inner Unique": false,                                                            +
                                               "Hash Cond": "(date_dim_4.d_week_seq = date_dim_5.d_week_seq)",                   +
                                               "Plans": [                                                                        +
                                                 {                                                                               +
                                                   "Node Type": "Seq Scan",                                                      +
                                                   "Parent Relationship": "Outer",                                               +
                                                   "Parallel Aware": true,                                                       +
                                                   "Relation Name": "date_dim",                                                  +
                                                   "Alias": "date_dim_4",                                                        +
                                                   "Startup Cost": 0.00,                                                         +
                                                   "Total Cost": 1834.70,                                                        +
                                                   "Plan Rows": 42970,                                                           +
                                                   "Plan Width": 8,                                                              +
                                                   "Actual Startup Time": 0.007,                                                 +
                                                   "Actual Total Time": 6.199,                                                   +
                                                   "Actual Rows": 36524,                                                         +
                                                   "Actual Loops": 2                                                             +
                                                 },                                                                              +
                                                 {                                                                               +
                                                   "Node Type": "Hash",                                                          +
                                                   "Parent Relationship": "Inner",                                               +
                                                   "Parallel Aware": true,                                                       +
                                                   "Startup Cost": 1995.84,                                                      +
                                                   "Total Cost": 1995.84,                                                        +
                                                   "Plan Rows": 2,                                                               +
                                                   "Plan Width": 4,                                                              +
                                                   "Actual Startup Time": 8.687,                                                 +
                                                   "Actual Total Time": 8.687,                                                   +
                                                   "Actual Rows": 2,                                                             +
                                                   "Actual Loops": 2,                                                            +
                                                   "Hash Buckets": 1024,                                                         +
                                                   "Original Hash Buckets": 1024,                                                +
                                                   "Hash Batches": 1,                                                            +
                                                   "Original Hash Batches": 1,                                                   +
                                                   "Peak Memory Usage": 72,                                                      +
                                                   "Plans": [                                                                    +
                                                     {                                                                           +
                                                       "Node Type": "Seq Scan",                                                  +
                                                       "Parent Relationship": "Outer",                                           +
                                                       "Parallel Aware": true,                                                   +
                                                       "Relation Name": "date_dim",                                              +
                                                       "Alias": "date_dim_5",                                                    +
                                                       "Startup Cost": 0.00,                                                     +
                                                       "Total Cost": 1995.84,                                                    +
                                                       "Plan Rows": 2,                                                           +
                                                       "Plan Width": 4,                                                          +
                                                       "Actual Startup Time": 4.114,                                             +
                                                       "Actual Total Time": 8.635,                                               +
                                                       "Actual Rows": 2,                                                         +
                                                       "Actual Loops": 2,                                                        +
                                                       "Filter": "(d_date = ANY ('{1999-05-24,1999-08-05,1999-11-02}'::date[]))",+
                                                       "Rows Removed by Filter": 36523                                           +
                                                     }                                                                           +
                                                   ]                                                                             +
                                                 }                                                                               +
                                               ]                                                                                 +
                                             }                                                                                   +
                                           ]                                                                                     +
                                         }                                                                                       +
                                       ]                                                                                         +
                                     }                                                                                           +
                                   ]                                                                                             +
                                 }                                                                                               +
                               ]                                                                                                 +
                             },                                                                                                  +
                             {                                                                                                   +
                               "Node Type": "Index Scan",                                                                        +
                               "Parent Relationship": "Inner",                                                                   +
                               "Parallel Aware": false,                                                                          +
                               "Scan Direction": "Forward",                                                                      +
                               "Index Name": "item_pkey",                                                                        +
                               "Relation Name": "item",                                                                          +
                               "Alias": "item_1",                                                                                +
                               "Startup Cost": 0.29,                                                                             +
                               "Total Cost": 0.34,                                                                               +
                               "Plan Rows": 1,                                                                                   +
                               "Plan Width": 21,                                                                                 +
                               "Actual Startup Time": 0.004,                                                                     +
                               "Actual Total Time": 0.004,                                                                       +
                               "Actual Rows": 1,                                                                                 +
                               "Actual Loops": 1458,                                                                             +
                               "Index Cond": "(i_item_sk = catalog_returns.cr_item_sk)",                                         +
                               "Rows Removed by Index Recheck": 0                                                                +
                             }                                                                                                   +
                           ]                                                                                                     +
                         }                                                                                                       +
                       ]                                                                                                         +
                     }                                                                                                           +
                   ]                                                                                                             +
                 }                                                                                                               +
               ]                                                                                                                 +
             }                                                                                                                   +
           ]                                                                                                                     +
         },                                                                                                                      +
         {                                                                                                                       +
           "Node Type": "Aggregate",                                                                                             +
           "Strategy": "Sorted",                                                                                                 +
           "Partial Mode": "Finalize",                                                                                           +
           "Parent Relationship": "InitPlan",                                                                                    +
           "Subplan Name": "CTE wr_items",                                                                                       +
           "Parallel Aware": false,                                                                                              +
           "Startup Cost": 8803.69,                                                                                              +
           "Total Cost": 8805.51,                                                                                                +
           "Plan Rows": 20,                                                                                                      +
           "Plan Width": 25,                                                                                                     +
           "Actual Startup Time": 58.094,                                                                                        +
           "Actual Total Time": 59.666,                                                                                          +
           "Actual Rows": 719,                                                                                                   +
           "Actual Loops": 1,                                                                                                    +
           "Group Key": ["item_2.i_item_id"],                                                                                    +
           "Plans": [                                                                                                            +
             {                                                                                                                   +
               "Node Type": "Gather Merge",                                                                                      +
               "Parent Relationship": "Outer",                                                                                   +
               "Parallel Aware": false,                                                                                          +
               "Startup Cost": 8803.69,                                                                                          +
               "Total Cost": 8805.25,                                                                                            +
               "Plan Rows": 12,                                                                                                  +
               "Plan Width": 25,                                                                                                 +
               "Actual Startup Time": 58.088,                                                                                    +
               "Actual Total Time": 59.291,                                                                                      +
               "Actual Rows": 730,                                                                                               +
               "Actual Loops": 1,                                                                                                +
               "Workers Planned": 1,                                                                                             +
               "Workers Launched": 1,                                                                                            +
               "Plans": [                                                                                                        +
                 {                                                                                                               +
                   "Node Type": "Aggregate",                                                                                     +
                   "Strategy": "Sorted",                                                                                         +
                   "Partial Mode": "Partial",                                                                                    +
                   "Parent Relationship": "Outer",                                                                               +
                   "Parallel Aware": false,                                                                                      +
                   "Startup Cost": 7803.68,                                                                                      +
                   "Total Cost": 7803.89,                                                                                        +
                   "Plan Rows": 12,                                                                                              +
                   "Plan Width": 25,                                                                                             +
                   "Actual Startup Time": 53.890,                                                                                +
                   "Actual Total Time": 54.142,                                                                                  +
                   "Actual Rows": 365,                                                                                           +
                   "Actual Loops": 2,                                                                                            +
                   "Group Key": ["item_2.i_item_id"],                                                                            +
                   "Plans": [                                                                                                    +
                     {                                                                                                           +
                       "Node Type": "Sort",                                                                                      +
                       "Parent Relationship": "Outer",                                                                           +
                       "Parallel Aware": false,                                                                                  +
                       "Startup Cost": 7803.68,                                                                                  +
                       "Total Cost": 7803.71,                                                                                    +
                       "Plan Rows": 12,                                                                                          +
                       "Plan Width": 21,                                                                                         +
                       "Actual Startup Time": 53.880,                                                                            +
                       "Actual Total Time": 53.919,                                                                              +
                       "Actual Rows": 373,                                                                                       +
                       "Actual Loops": 2,                                                                                        +
                       "Sort Key": ["item_2.i_item_id"],                                                                         +
                       "Sort Method": "quicksort",                                                                               +
                       "Sort Space Used": 59,                                                                                    +
                       "Sort Space Type": "Memory",                                                                              +
                       "Workers": [                                                                                              +
                         {                                                                                                       +
                           "Worker Number": 0,                                                                                   +
                           "Sort Method": "quicksort",                                                                           +
                           "Sort Space Used": 48,                                                                                +
                           "Sort Space Type": "Memory"                                                                           +
                         }                                                                                                       +
                       ],                                                                                                        +
                       "Plans": [                                                                                                +
                         {                                                                                                       +
                           "Node Type": "Nested Loop",                                                                           +
                           "Parent Relationship": "Outer",                                                                       +
                           "Parallel Aware": false,                                                                              +
                           "Join Type": "Inner",                                                                                 +
                           "Startup Cost": 5891.72,                                                                              +
                           "Total Cost": 7803.46,                                                                                +
                           "Plan Rows": 12,                                                                                      +
                           "Plan Width": 21,                                                                                     +
                           "Actual Startup Time": 35.013,                                                                        +
                           "Actual Total Time": 50.790,                                                                          +
                           "Actual Rows": 373,                                                                                   +
                           "Actual Loops": 2,                                                                                    +
                           "Inner Unique": true,                                                                                 +
                           "Plans": [                                                                                            +
                             {                                                                                                   +
                               "Node Type": "Hash Join",                                                                         +
                               "Parent Relationship": "Outer",                                                                   +
                               "Parallel Aware": true,                                                                           +
                               "Join Type": "Inner",                                                                             +
                               "Startup Cost": 5891.44,                                                                          +
                               "Total Cost": 7798.94,                                                                            +
                               "Plan Rows": 12,                                                                                  +
                               "Plan Width": 8,                                                                                  +
                               "Actual Startup Time": 34.973,                                                                    +
                               "Actual Total Time": 48.496,                                                                      +
                               "Actual Rows": 373,                                                                               +
                               "Actual Loops": 2,                                                                                +
                               "Inner Unique": false,                                                                            +
                               "Hash Cond": "(web_returns.wr_returned_date_sk = date_dim_6.d_date_sk)",                          +
                               "Plans": [                                                                                        +
                                 {                                                                                               +
                                   "Node Type": "Seq Scan",                                                                      +
                                   "Parent Relationship": "Outer",                                                               +
                                   "Parallel Aware": true,                                                                       +
                                   "Relation Name": "web_returns",                                                               +
                                   "Alias": "web_returns",                                                                       +
                                   "Startup Cost": 0.00,                                                                         +
                                   "Total Cost": 1749.14,                                                                        +
                                   "Plan Rows": 42214,                                                                           +
                                   "Plan Width": 12,                                                                             +
                                   "Actual Startup Time": 0.008,                                                                 +
                                   "Actual Total Time": 7.552,                                                                   +
                                   "Actual Rows": 35882,                                                                         +
                                   "Actual Loops": 2                                                                             +
                                 },                                                                                              +
                                 {                                                                                               +
                                   "Node Type": "Hash",                                                                          +
                                   "Parent Relationship": "Inner",                                                               +
                                   "Parallel Aware": true,                                                                       +
                                   "Startup Cost": 5891.29,                                                                      +
                                   "Total Cost": 5891.29,                                                                        +
                                   "Plan Rows": 12,                                                                              +
                                   "Plan Width": 4,                                                                              +
                                   "Actual Startup Time": 34.852,                                                                +
                                   "Actual Total Time": 34.852,                                                                  +
                                   "Actual Rows": 10,                                                                            +
                                   "Actual Loops": 2,                                                                            +
                                   "Hash Buckets": 1024,                                                                         +
                                   "Original Hash Buckets": 1024,                                                                +
                                   "Hash Batches": 1,                                                                            +
                                   "Original Hash Batches": 1,                                                                   +
                                   "Peak Memory Usage": 72,                                                                      +
                                   "Plans": [                                                                                    +
                                     {                                                                                           +
                                       "Node Type": "Hash Join",                                                                 +
                                       "Parent Relationship": "Outer",                                                           +
                                       "Parallel Aware": true,                                                                   +
                                       "Join Type": "Semi",                                                                      +
                                       "Startup Cost": 3943.66,                                                                  +
                                       "Total Cost": 5891.29,                                                                    +
                                       "Plan Rows": 12,                                                                          +
                                       "Plan Width": 4,                                                                          +
                                       "Actual Startup Time": 28.380,                                                            +
                                       "Actual Total Time": 34.802,                                                              +
                                       "Actual Rows": 10,                                                                        +
                                       "Actual Loops": 2,                                                                        +
                                       "Inner Unique": false,                                                                    +
                                       "Hash Cond": "(date_dim_6.d_date = date_dim_7.d_date)",                                   +
                                       "Plans": [                                                                                +
                                         {                                                                                       +
                                           "Node Type": "Seq Scan",                                                              +
                                           "Parent Relationship": "Outer",                                                       +
                                           "Parallel Aware": true,                                                               +
                                           "Relation Name": "date_dim",                                                          +
                                           "Alias": "date_dim_6",                                                                +
                                           "Startup Cost": 0.00,                                                                 +
                                           "Total Cost": 1834.70,                                                                +
                                           "Plan Rows": 42970,                                                                   +
                                           "Plan Width": 8,                                                                      +
                                           "Actual Startup Time": 0.015,                                                         +
                                           "Actual Total Time": 5.947,                                                           +
                                           "Actual Rows": 36524,                                                                 +
                                           "Actual Loops": 2                                                                     +
                                         },                                                                                      +
                                         {                                                                                       +
                                           "Node Type": "Hash",                                                                  +
                                           "Parent Relationship": "Inner",                                                       +
                                           "Parallel Aware": true,                                                               +
                                           "Startup Cost": 3943.51,                                                              +
                                           "Total Cost": 3943.51,                                                                +
                                           "Plan Rows": 12,                                                                      +
                                           "Plan Width": 4,                                                                      +
                                           "Actual Startup Time": 21.950,                                                        +
                                           "Actual Total Time": 21.950,                                                          +
                                           "Actual Rows": 10,                                                                    +
                                           "Actual Loops": 2,                                                                    +
                                           "Hash Buckets": 1024,                                                                 +
                                           "Original Hash Buckets": 1024,                                                        +
                                           "Hash Batches": 1,                                                                    +
                                           "Original Hash Batches": 1,                                                           +
                                           "Peak Memory Usage": 72,                                                              +
                                           "Plans": [                                                                            +
                                             {                                                                                   +
                                               "Node Type": "Hash Join",                                                         +
                                               "Parent Relationship": "Outer",                                                   +
                                               "Parallel Aware": true,                                                           +
                                               "Join Type": "Semi",                                                              +
                                               "Startup Cost": 1995.86,                                                          +
                                               "Total Cost": 3943.51,                                                            +
                                               "Plan Rows": 12,                                                                  +
                                               "Plan Width": 4,                                                                  +
                                               "Actual Startup Time": 15.441,                                                    +
                                               "Actual Total Time": 21.914,                                                      +
                                               "Actual Rows": 10,                                                                +
                                               "Actual Loops": 2,                                                                +
                                               "Inner Unique": false,                                                            +
                                               "Hash Cond": "(date_dim_7.d_week_seq = date_dim_8.d_week_seq)",                   +
                                               "Plans": [                                                                        +
                                                 {                                                                               +
                                                   "Node Type": "Seq Scan",                                                      +
                                                   "Parent Relationship": "Outer",                                               +
                                                   "Parallel Aware": true,                                                       +
                                                   "Relation Name": "date_dim",                                                  +
                                                   "Alias": "date_dim_7",                                                        +
                                                   "Startup Cost": 0.00,                                                         +
                                                   "Total Cost": 1834.70,                                                        +
                                                   "Plan Rows": 42970,                                                           +
                                                   "Plan Width": 8,                                                              +
                                                   "Actual Startup Time": 0.007,                                                 +
                                                   "Actual Total Time": 6.069,                                                   +
                                                   "Actual Rows": 36524,                                                         +
                                                   "Actual Loops": 2                                                             +
                                                 },                                                                              +
                                                 {                                                                               +
                                                   "Node Type": "Hash",                                                          +
                                                   "Parent Relationship": "Inner",                                               +
                                                   "Parallel Aware": true,                                                       +
                                                   "Startup Cost": 1995.84,                                                      +
                                                   "Total Cost": 1995.84,                                                        +
                                                   "Plan Rows": 2,                                                               +
                                                   "Plan Width": 4,                                                              +
                                                   "Actual Startup Time": 8.607,                                                 +
                                                   "Actual Total Time": 8.607,                                                   +
                                                   "Actual Rows": 2,                                                             +
                                                   "Actual Loops": 2,                                                            +
                                                   "Hash Buckets": 1024,                                                         +
                                                   "Original Hash Buckets": 1024,                                                +
                                                   "Hash Batches": 1,                                                            +
                                                   "Original Hash Batches": 1,                                                   +
                                                   "Peak Memory Usage": 72,                                                      +
                                                   "Plans": [                                                                    +
                                                     {                                                                           +
                                                       "Node Type": "Seq Scan",                                                  +
                                                       "Parent Relationship": "Outer",                                           +
                                                       "Parallel Aware": true,                                                   +
                                                       "Relation Name": "date_dim",                                              +
                                                       "Alias": "date_dim_8",                                                    +
                                                       "Startup Cost": 0.00,                                                     +
                                                       "Total Cost": 1995.84,                                                    +
                                                       "Plan Rows": 2,                                                           +
                                                       "Plan Width": 4,                                                          +
                                                       "Actual Startup Time": 3.903,                                             +
                                                       "Actual Total Time": 8.527,                                               +
                                                       "Actual Rows": 2,                                                         +
                                                       "Actual Loops": 2,                                                        +
                                                       "Filter": "(d_date = ANY ('{1999-05-24,1999-08-05,1999-11-02}'::date[]))",+
                                                       "Rows Removed by Filter": 36523                                           +
                                                     }                                                                           +
                                                   ]                                                                             +
                                                 }                                                                               +
                                               ]                                                                                 +
                                             }                                                                                   +
                                           ]                                                                                     +
                                         }                                                                                       +
                                       ]                                                                                         +
                                     }                                                                                           +
                                   ]                                                                                             +
                                 }                                                                                               +
                               ]                                                                                                 +
                             },                                                                                                  +
                             {                                                                                                   +
                               "Node Type": "Index Scan",                                                                        +
                               "Parent Relationship": "Inner",                                                                   +
                               "Parallel Aware": false,                                                                          +
                               "Scan Direction": "Forward",                                                                      +
                               "Index Name": "item_pkey",                                                                        +
                               "Relation Name": "item",                                                                          +
                               "Alias": "item_2",                                                                                +
                               "Startup Cost": 0.29,                                                                             +
                               "Total Cost": 0.38,                                                                               +
                               "Plan Rows": 1,                                                                                   +
                               "Plan Width": 21,                                                                                 +
                               "Actual Startup Time": 0.005,                                                                     +
                               "Actual Total Time": 0.005,                                                                       +
                               "Actual Rows": 1,                                                                                 +
                               "Actual Loops": 746,                                                                              +
                               "Index Cond": "(i_item_sk = web_returns.wr_item_sk)",                                             +
                               "Rows Removed by Index Recheck": 0                                                                +
                             }                                                                                                   +
                           ]                                                                                                     +
                         }                                                                                                       +
                       ]                                                                                                         +
                     }                                                                                                           +
                   ]                                                                                                             +
                 }                                                                                                               +
               ]                                                                                                                 +
             }                                                                                                                   +
           ]                                                                                                                     +
         },                                                                                                                      +
         {                                                                                                                       +
           "Node Type": "Sort",                                                                                                  +
           "Parent Relationship": "Outer",                                                                                       +
           "Parallel Aware": false,                                                                                              +
           "Startup Cost": 4.79,                                                                                                 +
           "Total Cost": 4.81,                                                                                                   +
           "Plan Rows": 10,                                                                                                      +
           "Plan Width": 220,                                                                                                    +
           "Actual Startup Time": 229.358,                                                                                       +
           "Actual Total Time": 229.361,                                                                                         +
           "Actual Rows": 32,                                                                                                    +
           "Actual Loops": 1,                                                                                                    +
           "Sort Key": ["sr_items.item_id", "sr_items.sr_item_qty"],                                                             +
           "Sort Method": "quicksort",                                                                                           +
           "Sort Space Used": 29,                                                                                                +
           "Sort Space Type": "Memory",                                                                                          +
           "Plans": [                                                                                                            +
             {                                                                                                                   +
               "Node Type": "Hash Join",                                                                                         +
               "Parent Relationship": "Outer",                                                                                   +
               "Parallel Aware": false,                                                                                          +
               "Join Type": "Inner",                                                                                             +
               "Startup Cost": 3.00,                                                                                             +
               "Total Cost": 4.62,                                                                                               +
               "Plan Rows": 10,                                                                                                  +
               "Plan Width": 220,                                                                                                +
               "Actual Startup Time": 225.179,                                                                                   +
               "Actual Total Time": 229.311,                                                                                     +
               "Actual Rows": 32,                                                                                                +
               "Actual Loops": 1,                                                                                                +
               "Inner Unique": false,                                                                                            +
               "Hash Cond": "(cr_items.item_id = sr_items.item_id)",                                                             +
               "Plans": [                                                                                                        +
                 {                                                                                                               +
                   "Node Type": "CTE Scan",                                                                                      +
                   "Parent Relationship": "Outer",                                                                               +
                   "Parallel Aware": false,                                                                                      +
                   "CTE Name": "cr_items",                                                                                       +
                   "Alias": "cr_items",                                                                                          +
                   "Startup Cost": 0.00,                                                                                         +
                   "Total Cost": 0.82,                                                                                           +
                   "Plan Rows": 41,                                                                                              +
                   "Plan Width": 76,                                                                                             +
                   "Actual Startup Time": 74.917,                                                                                +
                   "Actual Total Time": 78.662,                                                                                  +
                   "Actual Rows": 1354,                                                                                          +
                   "Actual Loops": 1                                                                                             +
                 },                                                                                                              +
                 {                                                                                                               +
                   "Node Type": "Hash",                                                                                          +
                   "Parent Relationship": "Inner",                                                                               +
                   "Parallel Aware": false,                                                                                      +
                   "Startup Cost": 2.75,                                                                                         +
                   "Total Cost": 2.75,                                                                                           +
                   "Plan Rows": 20,                                                                                              +
                   "Plan Width": 152,                                                                                            +
                   "Actual Startup Time": 150.197,                                                                               +
                   "Actual Total Time": 150.197,                                                                                 +
                   "Actual Rows": 196,                                                                                           +
                   "Actual Loops": 1,                                                                                            +
                   "Hash Buckets": 1024,                                                                                         +
                   "Original Hash Buckets": 1024,                                                                                +
                   "Hash Batches": 1,                                                                                            +
                   "Original Hash Batches": 1,                                                                                   +
                   "Peak Memory Usage": 25,                                                                                      +
                   "Plans": [                                                                                                    +
                     {                                                                                                           +
                       "Node Type": "Hash Join",                                                                                 +
                       "Parent Relationship": "Outer",                                                                           +
                       "Parallel Aware": false,                                                                                  +
                       "Join Type": "Inner",                                                                                     +
                       "Startup Cost": 0.65,                                                                                     +
                       "Total Cost": 2.75,                                                                                       +
                       "Plan Rows": 20,                                                                                          +
                       "Plan Width": 152,                                                                                        +
                       "Actual Startup Time": 140.543,                                                                           +
                       "Actual Total Time": 150.098,                                                                             +
                       "Actual Rows": 196,                                                                                       +
                       "Actual Loops": 1,                                                                                        +
                       "Inner Unique": false,                                                                                    +
                       "Hash Cond": "(sr_items.item_id = wr_items.item_id)",                                                     +
                       "Plans": [                                                                                                +
                         {                                                                                                       +
                           "Node Type": "CTE Scan",                                                                              +
                           "Parent Relationship": "Outer",                                                                       +
                           "Parallel Aware": false,                                                                              +
                           "CTE Name": "sr_items",                                                                               +
                           "Alias": "sr_items",                                                                                  +
                           "Startup Cost": 0.00,                                                                                 +
                           "Total Cost": 1.60,                                                                                   +
                           "Plan Rows": 80,                                                                                      +
                           "Plan Width": 76,                                                                                     +
                           "Actual Startup Time": 80.166,                                                                        +
                           "Actual Total Time": 89.059,                                                                          +
                           "Actual Rows": 2285,                                                                                  +
                           "Actual Loops": 1                                                                                     +
                         },                                                                                                      +
                         {                                                                                                       +
                           "Node Type": "Hash",                                                                                  +
                           "Parent Relationship": "Inner",                                                                       +
                           "Parallel Aware": false,                                                                              +
                           "Startup Cost": 0.40,                                                                                 +
                           "Total Cost": 0.40,                                                                                   +
                           "Plan Rows": 20,                                                                                      +
                           "Plan Width": 76,                                                                                     +
                           "Actual Startup Time": 60.365,                                                                        +
                           "Actual Total Time": 60.365,                                                                          +
                           "Actual Rows": 719,                                                                                   +
                           "Actual Loops": 1,                                                                                    +
                           "Hash Buckets": 1024,                                                                                 +
                           "Original Hash Buckets": 1024,                                                                        +
                           "Hash Batches": 1,                                                                                    +
                           "Original Hash Batches": 1,                                                                           +
                           "Peak Memory Usage": 48,                                                                              +
                           "Plans": [                                                                                            +
                             {                                                                                                   +
                               "Node Type": "CTE Scan",                                                                          +
                               "Parent Relationship": "Outer",                                                                   +
                               "Parallel Aware": false,                                                                          +
                               "CTE Name": "wr_items",                                                                           +
                               "Alias": "wr_items",                                                                              +
                               "Startup Cost": 0.00,                                                                             +
                               "Total Cost": 0.40,                                                                               +
                               "Plan Rows": 20,                                                                                  +
                               "Plan Width": 76,                                                                                 +
                               "Actual Startup Time": 58.096,                                                                    +
                               "Actual Total Time": 60.099,                                                                      +
                               "Actual Rows": 719,                                                                               +
                               "Actual Loops": 1                                                                                 +
                             }                                                                                                   +
                           ]                                                                                                     +
                         }                                                                                                       +
                       ]                                                                                                         +
                     }                                                                                                           +
                   ]                                                                                                             +
                 }                                                                                                               +
               ]                                                                                                                 +
             }                                                                                                                   +
           ]                                                                                                                     +
         }                                                                                                                       +
       ]                                                                                                                         +
     },                                                                                                                          +
     "Planning Time": 1.945,                                                                                                     +
     "Triggers": [                                                                                                               +
     ],                                                                                                                          +
     "Execution Time": 229.931                                                                                                   +
   }                                                                                                                             +
 ]
(1 row)

