[
  {
    "Plan": {
      "Node Type": "Aggregate",
      "Strategy": "Plain",
      "Partial Mode": "Simple",
      "Parallel Aware": false,
      "Startup Cost": 189346.46,
      "Total Cost": 189346.47,
      "Plan Rows": 1,
      "Plan Width": 8,
      "Actual Startup Time": 12897.647,
      "Actual Total Time": 12897.647,
      "Actual Rows": 1,
      "Actual Loops": 1,
      "Plans": [
        {
          "Node Type": "Subquery Scan",
          "Parent Relationship": "Outer",
          "Parallel Aware": false,
          "Alias": "cool_cust",
          "Startup Cost": 95653.00,
          "Total Cost": 189314.45,
          "Plan Rows": 12804,
          "Plan Width": 0,
          "Actual Startup Time": 12878.698,
          "Actual Total Time": 12893.133,
          "Actual Rows": 46689,
          "Actual Loops": 1,
          "Plans": [
            {
              "Node Type": "SetOp",
              "Strategy": "Hashed",
              "Parent Relationship": "Subquery",
              "Parallel Aware": false,
              "Command": "Except",
              "Startup Cost": 95653.00,
              "Total Cost": 189186.41,
              "Plan Rows": 12804,
              "Plan Width": 216,
              "Actual Startup Time": 12878.696,
              "Actual Total Time": 12883.339,
              "Actual Rows": 46689,
              "Actual Loops": 1,
              "Plans": [
                {
                  "Node Type": "Append",
                  "Parent Relationship": "Outer",
                  "Parallel Aware": false,
                  "Startup Cost": 95653.00,
                  "Total Cost": 189064.09,
                  "Plan Rows": 16309,
                  "Plan Width": 216,
                  "Actual Startup Time": 10976.549,
                  "Actual Total Time": 12838.256,
                  "Actual Rows": 58730,
                  "Actual Loops": 1,
                  "Plans": [
                    {
                      "Node Type": "Result",
                      "Parent Relationship": "Member",
                      "Parallel Aware": false,
                      "Startup Cost": 95653.00,
                      "Total Cost": 157205.69,
                      "Plan Rows": 12804,
                      "Plan Width": 216,
                      "Actual Startup Time": 10976.548,
                      "Actual Total Time": 10997.022,
                      "Actual Rows": 46754,
                      "Actual Loops": 1,
                      "Plans": [
                        {
                          "Node Type": "SetOp",
                          "Strategy": "Hashed",
                          "Parent Relationship": "Outer",
                          "Parallel Aware": false,
                          "Command": "Except",
                          "Startup Cost": 95653.00,
                          "Total Cost": 157077.65,
                          "Plan Rows": 12804,
                          "Plan Width": 216,
                          "Actual Startup Time": 10976.545,
                          "Actual Total Time": 10985.792,
                          "Actual Rows": 46754,
                          "Actual Loops": 1,
                          "Plans": [
                            {
                              "Node Type": "Append",
                              "Parent Relationship": "Outer",
                              "Parallel Aware": false,
                              "Startup Cost": 95653.00,
                              "Total Cost": 156929.45,
                              "Plan Rows": 19761,
                              "Plan Width": 216,
                              "Actual Startup Time": 6117.861,
                              "Actual Total Time": 10917.976,
                              "Actual Rows": 78650,
                              "Actual Loops": 1,
                              "Plans": [
                                {
                                  "Node Type": "Subquery Scan",
                                  "Parent Relationship": "Member",
                                  "Parallel Aware": false,
                                  "Alias": "*SELECT* 1",
                                  "Startup Cost": 95653.00,
                                  "Total Cost": 95909.08,
                                  "Plan Rows": 12804,
                                  "Plan Width": 60,
                                  "Actual Startup Time": 6117.861,
                                  "Actual Total Time": 7118.990,
                                  "Actual Rows": 47060,
                                  "Actual Loops": 1,
                                  "Plans": [
                                    {
                                      "Node Type": "Unique",
                                      "Parent Relationship": "Subquery",
                                      "Parallel Aware": false,
                                      "Startup Cost": 95653.00,
                                      "Total Cost": 95781.04,
                                      "Plan Rows": 12804,
                                      "Plan Width": 56,
                                      "Actual Startup Time": 6117.858,
                                      "Actual Total Time": 7105.512,
                                      "Actual Rows": 47060,
                                      "Actual Loops": 1,
                                      "Plans": [
                                        {
                                          "Node Type": "Sort",
                                          "Parent Relationship": "Outer",
                                          "Parallel Aware": false,
                                          "Startup Cost": 95653.00,
                                          "Total Cost": 95685.01,
                                          "Plan Rows": 12804,
                                          "Plan Width": 56,
                                          "Actual Startup Time": 6117.856,
                                          "Actual Total Time": 6877.360,
                                          "Actual Rows": 532958,
                                          "Actual Loops": 1,
                                          "Sort Key": ["customer.c_last_name", "customer.c_first_name", "date_dim.d_date"],
                                          "Sort Method": "external merge",
                                          "Sort Space Used": 33584,
                                          "Sort Space Type": "Disk",
                                          "Plans": [
                                            {
                                              "Node Type": "Nested Loop",
                                              "Parent Relationship": "Outer",
                                              "Parallel Aware": false,
                                              "Join Type": "Inner",
                                              "Startup Cost": 2505.48,
                                              "Total Cost": 94779.49,
                                              "Plan Rows": 12804,
                                              "Plan Width": 56,
                                              "Actual Startup Time": 15.968,
                                              "Actual Total Time": 2955.636,
                                              "Actual Rows": 532958,
                                              "Actual Loops": 1,
                                              "Inner Unique": true,
                                              "Plans": [
                                                {
                                                  "Node Type": "Hash Join",
                                                  "Parent Relationship": "Outer",
                                                  "Parallel Aware": false,
                                                  "Join Type": "Inner",
                                                  "Startup Cost": 2505.18,
                                                  "Total Cost": 90567.28,
                                                  "Plan Rows": 13405,
                                                  "Plan Width": 8,
                                                  "Actual Startup Time": 15.949,
                                                  "Actual Total Time": 1288.146,
                                                  "Actual Rows": 545775,
                                                  "Actual Loops": 1,
                                                  "Inner Unique": true,
                                                  "Hash Cond": "(store_sales.ss_sold_date_sk = date_dim.d_date_sk)",
                                                  "Plans": [
                                                    {
                                                      "Node Type": "Seq Scan",
                                                      "Parent Relationship": "Outer",
                                                      "Parallel Aware": false,
                                                      "Relation Name": "store_sales",
                                                      "Alias": "store_sales",
                                                      "Startup Cost": 0.00,
                                                      "Total Cost": 80500.49,
                                                      "Plan Rows": 2880449,
                                                      "Plan Width": 8,
                                                      "Actual Startup Time": 0.046,
                                                      "Actual Total Time": 594.403,
                                                      "Actual Rows": 2880404,
                                                      "Actual Loops": 1
                                                    },
                                                    {
                                                      "Node Type": "Hash",
                                                      "Parent Relationship": "Inner",
                                                      "Parallel Aware": false,
                                                      "Startup Cost": 2500.73,
                                                      "Total Cost": 2500.73,
                                                      "Plan Rows": 356,
                                                      "Plan Width": 8,
                                                      "Actual Startup Time": 15.850,
                                                      "Actual Total Time": 15.850,
                                                      "Actual Rows": 365,
                                                      "Actual Loops": 1,
                                                      "Hash Buckets": 1024,
                                                      "Original Hash Buckets": 1024,
                                                      "Hash Batches": 1,
                                                      "Original Hash Batches": 1,
                                                      "Peak Memory Usage": 23,
                                                      "Plans": [
                                                        {
                                                          "Node Type": "Seq Scan",
                                                          "Parent Relationship": "Outer",
                                                          "Parallel Aware": false,
                                                          "Relation Name": "date_dim",
                                                          "Alias": "date_dim",
                                                          "Startup Cost": 0.00,
                                                          "Total Cost": 2500.73,
                                                          "Plan Rows": 356,
                                                          "Plan Width": 8,
                                                          "Actual Startup Time": 8.124,
                                                          "Actual Total Time": 15.730,
                                                          "Actual Rows": 365,
                                                          "Actual Loops": 1,
                                                          "Filter": "((d_month_seq >= 1220) AND (d_month_seq <= 1231))",
                                                          "Rows Removed by Filter": 72684
                                                        }
                                                      ]
                                                    }
                                                  ]
                                                },
                                                {
                                                  "Node Type": "Index Scan",
                                                  "Parent Relationship": "Inner",
                                                  "Parallel Aware": false,
                                                  "Scan Direction": "Forward",
                                                  "Index Name": "customer_pkey",
                                                  "Relation Name": "customer",
                                                  "Alias": "customer",
                                                  "Startup Cost": 0.29,
                                                  "Total Cost": 0.31,
                                                  "Plan Rows": 1,
                                                  "Plan Width": 56,
                                                  "Actual Startup Time": 0.002,
                                                  "Actual Total Time": 0.002,
                                                  "Actual Rows": 1,
                                                  "Actual Loops": 545775,
                                                  "Index Cond": "(c_customer_sk = store_sales.ss_customer_sk)",
                                                  "Rows Removed by Index Recheck": 0
                                                }
                                              ]
                                            }
                                          ]
                                        }
                                      ]
                                    }
                                  ]
                                },
                                {
                                  "Node Type": "Subquery Scan",
                                  "Parent Relationship": "Member",
                                  "Parallel Aware": false,
                                  "Alias": "*SELECT* 2",
                                  "Startup Cost": 60782.42,
                                  "Total Cost": 60921.56,
                                  "Plan Rows": 6957,
                                  "Plan Width": 60,
                                  "Actual Startup Time": 3221.257,
                                  "Actual Total Time": 3787.840,
                                  "Actual Rows": 31590,
                                  "Actual Loops": 1,
                                  "Plans": [
                                    {
                                      "Node Type": "Unique",
                                      "Parent Relationship": "Subquery",
                                      "Parallel Aware": false,
                                      "Startup Cost": 60782.42,
                                      "Total Cost": 60851.99,
                                      "Plan Rows": 6957,
                                      "Plan Width": 56,
                                      "Actual Startup Time": 3221.253,
                                      "Actual Total Time": 3778.975,
                                      "Actual Rows": 31590,
                                      "Actual Loops": 1,
                                      "Plans": [
                                        {
                                          "Node Type": "Sort",
                                          "Parent Relationship": "Outer",
                                          "Parallel Aware": false,
                                          "Startup Cost": 60782.42,
                                          "Total Cost": 60799.81,
                                          "Plan Rows": 6957,
                                          "Plan Width": 56,
                                          "Actual Startup Time": 3221.251,
                                          "Actual Total Time": 3657.030,
                                          "Actual Rows": 285790,
                                          "Actual Loops": 1,
                                          "Sort Key": ["customer_1.c_last_name", "customer_1.c_first_name", "date_dim_1.d_date"],
                                          "Sort Method": "external merge",
                                          "Sort Space Used": 18008,
                                          "Sort Space Type": "Disk",
                                          "Plans": [
                                            {
                                              "Node Type": "Nested Loop",
                                              "Parent Relationship": "Outer",
                                              "Parallel Aware": false,
                                              "Join Type": "Inner",
                                              "Startup Cost": 2505.48,
                                              "Total Cost": 60338.42,
                                              "Plan Rows": 6957,
                                              "Plan Width": 56,
                                              "Actual Startup Time": 379.144,
                                              "Actual Total Time": 1573.075,
                                              "Actual Rows": 285790,
                                              "Actual Loops": 1,
                                              "Inner Unique": true,
                                              "Plans": [
                                                {
                                                  "Node Type": "Hash Join",
                                                  "Parent Relationship": "Outer",
                                                  "Parallel Aware": false,
                                                  "Join Type": "Inner",
                                                  "Startup Cost": 2505.18,
                                                  "Total Cost": 58111.84,
                                                  "Plan Rows": 6992,
                                                  "Plan Width": 8,
                                                  "Actual Startup Time": 379.126,
                                                  "Actual Total Time": 694.123,
                                                  "Actual Rows": 286502,
                                                  "Actual Loops": 1,
                                                  "Inner Unique": true,
                                                  "Hash Cond": "(catalog_sales.cs_sold_date_sk = date_dim_1.d_date_sk)",
                                                  "Plans": [
                                                    {
                                                      "Node Type": "Seq Scan",
                                                      "Parent Relationship": "Outer",
                                                      "Parallel Aware": false,
                                                      "Relation Name": "catalog_sales",
                                                      "Alias": "catalog_sales",
                                                      "Startup Cost": 0.00,
                                                      "Total Cost": 51821.98,
                                                      "Plan Rows": 1441698,
                                                      "Plan Width": 8,
                                                      "Actual Startup Time": 0.034,
                                                      "Actual Total Time": 342.801,
                                                      "Actual Rows": 1441548,
                                                      "Actual Loops": 1
                                                    },
                                                    {
                                                      "Node Type": "Hash",
                                                      "Parent Relationship": "Inner",
                                                      "Parallel Aware": false,
                                                      "Startup Cost": 2500.73,
                                                      "Total Cost": 2500.73,
                                                      "Plan Rows": 356,
                                                      "Plan Width": 8,
                                                      "Actual Startup Time": 13.380,
                                                      "Actual Total Time": 13.380,
                                                      "Actual Rows": 365,
                                                      "Actual Loops": 1,
                                                      "Hash Buckets": 1024,
                                                      "Original Hash Buckets": 1024,
                                                      "Hash Batches": 1,
                                                      "Original Hash Batches": 1,
                                                      "Peak Memory Usage": 23,
                                                      "Plans": [
                                                        {
                                                          "Node Type": "Seq Scan",
                                                          "Parent Relationship": "Outer",
                                                          "Parallel Aware": false,
                                                          "Relation Name": "date_dim",
                                                          "Alias": "date_dim_1",
                                                          "Startup Cost": 0.00,
                                                          "Total Cost": 2500.73,
                                                          "Plan Rows": 356,
                                                          "Plan Width": 8,
                                                          "Actual Startup Time": 6.723,
                                                          "Actual Total Time": 13.240,
                                                          "Actual Rows": 365,
                                                          "Actual Loops": 1,
                                                          "Filter": "((d_month_seq >= 1220) AND (d_month_seq <= 1231))",
                                                          "Rows Removed by Filter": 72684
                                                        }
                                                      ]
                                                    }
                                                  ]
                                                },
                                                {
                                                  "Node Type": "Index Scan",
                                                  "Parent Relationship": "Inner",
                                                  "Parallel Aware": false,
                                                  "Scan Direction": "Forward",
                                                  "Index Name": "customer_pkey",
                                                  "Relation Name": "customer",
                                                  "Alias": "customer_1",
                                                  "Startup Cost": 0.29,
                                                  "Total Cost": 0.32,
                                                  "Plan Rows": 1,
                                                  "Plan Width": 56,
                                                  "Actual Startup Time": 0.002,
                                                  "Actual Total Time": 0.002,
                                                  "Actual Rows": 1,
                                                  "Actual Loops": 286502,
                                                  "Index Cond": "(c_customer_sk = catalog_sales.cs_bill_customer_sk)",
                                                  "Rows Removed by Index Recheck": 0
                                                }
                                              ]
                                            }
                                          ]
                                        }
                                      ]
                                    }
                                  ]
                                }
                              ]
                            }
                          ]
                        }
                      ]
                    },
                    {
                      "Node Type": "Subquery Scan",
                      "Parent Relationship": "Member",
                      "Parallel Aware": false,
                      "Alias": "*SELECT* 3",
                      "Startup Cost": 31706.75,
                      "Total Cost": 31776.85,
                      "Plan Rows": 3505,
                      "Plan Width": 60,
                      "Actual Startup Time": 1575.042,
                      "Actual Total Time": 1833.763,
                      "Actual Rows": 11976,
                      "Actual Loops": 1,
                      "Plans": [
                        {
                          "Node Type": "Unique",
                          "Parent Relationship": "Subquery",
                          "Parallel Aware": false,
                          "Startup Cost": 31706.75,
                          "Total Cost": 31741.80,
                          "Plan Rows": 3505,
                          "Plan Width": 56,
                          "Actual Startup Time": 1575.038,
                          "Actual Total Time": 1830.373,
                          "Actual Rows": 11976,
                          "Actual Loops": 1,
                          "Plans": [
                            {
                              "Node Type": "Sort",
                              "Parent Relationship": "Outer",
                              "Parallel Aware": false,
                              "Startup Cost": 31706.75,
                              "Total Cost": 31715.52,
                              "Plan Rows": 3505,
                              "Plan Width": 56,
                              "Actual Startup Time": 1575.036,
                              "Actual Total Time": 1769.342,
                              "Actual Rows": 144469,
                              "Actual Loops": 1,
                              "Sort Key": ["customer_2.c_last_name", "customer_2.c_first_name", "date_dim_2.d_date"],
                              "Sort Method": "external merge",
                              "Sort Space Used": 9104,
                              "Sort Space Type": "Disk",
                              "Plans": [
                                {
                                  "Node Type": "Nested Loop",
                                  "Parent Relationship": "Outer",
                                  "Parallel Aware": false,
                                  "Join Type": "Inner",
                                  "Startup Cost": 2505.48,
                                  "Total Cost": 31500.39,
                                  "Plan Rows": 3505,
                                  "Plan Width": 56,
                                  "Actual Startup Time": 13.317,
                                  "Actual Total Time": 801.016,
                                  "Actual Rows": 144469,
                                  "Actual Loops": 1,
                                  "Inner Unique": true,
                                  "Plans": [
                                    {
                                      "Node Type": "Hash Join",
                                      "Parent Relationship": "Outer",
                                      "Parallel Aware": false,
                                      "Join Type": "Inner",
                                      "Startup Cost": 2505.18,
                                      "Total Cost": 30354.52,
                                      "Plan Rows": 3505,
                                      "Plan Width": 8,
                                      "Actual Startup Time": 13.300,
                                      "Actual Total Time": 353.047,
                                      "Actual Rows": 144481,
                                      "Actual Loops": 1,
                                      "Inner Unique": true,
                                      "Hash Cond": "(web_sales.ws_sold_date_sk = date_dim_2.d_date_sk)",
                                      "Plans": [
                                        {
                                          "Node Type": "Seq Scan",
                                          "Parent Relationship": "Outer",
                                          "Parallel Aware": false,
                                          "Relation Name": "web_sales",
                                          "Alias": "web_sales",
                                          "Startup Cost": 0.00,
                                          "Total Cost": 25960.84,
                                          "Plan Rows": 719384,
                                          "Plan Width": 8,
                                          "Actual Startup Time": 0.040,
                                          "Actual Total Time": 165.372,
                                          "Actual Rows": 719384,
                                          "Actual Loops": 1
                                        },
                                        {
                                          "Node Type": "Hash",
                                          "Parent Relationship": "Inner",
                                          "Parallel Aware": false,
                                          "Startup Cost": 2500.73,
                                          "Total Cost": 2500.73,
                                          "Plan Rows": 356,
                                          "Plan Width": 8,
                                          "Actual Startup Time": 13.204,
                                          "Actual Total Time": 13.204,
                                          "Actual Rows": 365,
                                          "Actual Loops": 1,
                                          "Hash Buckets": 1024,
                                          "Original Hash Buckets": 1024,
                                          "Hash Batches": 1,
                                          "Original Hash Batches": 1,
                                          "Peak Memory Usage": 23,
                                          "Plans": [
                                            {
                                              "Node Type": "Seq Scan",
                                              "Parent Relationship": "Outer",
                                              "Parallel Aware": false,
                                              "Relation Name": "date_dim",
                                              "Alias": "date_dim_2",
                                              "Startup Cost": 0.00,
                                              "Total Cost": 2500.73,
                                              "Plan Rows": 356,
                                              "Plan Width": 8,
                                              "Actual Startup Time": 6.345,
                                              "Actual Total Time": 13.016,
                                              "Actual Rows": 365,
                                              "Actual Loops": 1,
                                              "Filter": "((d_month_seq >= 1220) AND (d_month_seq <= 1231))",
                                              "Rows Removed by Filter": 72684
                                            }
                                          ]
                                        }
                                      ]
                                    },
                                    {
                                      "Node Type": "Index Scan",
                                      "Parent Relationship": "Inner",
                                      "Parallel Aware": false,
                                      "Scan Direction": "Forward",
                                      "Index Name": "customer_pkey",
                                      "Relation Name": "customer",
                                      "Alias": "customer_2",
                                      "Startup Cost": 0.29,
                                      "Total Cost": 0.33,
                                      "Plan Rows": 1,
                                      "Plan Width": 56,
                                      "Actual Startup Time": 0.002,
                                      "Actual Total Time": 0.002,
                                      "Actual Rows": 1,
                                      "Actual Loops": 144481,
                                      "Index Cond": "(c_customer_sk = web_sales.ws_bill_customer_sk)",
                                      "Rows Removed by Index Recheck": 0
                                    }
                                  ]
                                }
                              ]
                            }
                          ]
                        }
                      ]
                    }
                  ]
                }
              ]
            }
          ]
        }
      ]
    },
    "Planning Time": 1.585,
    "Triggers": [
    ],
    "Execution Time": 12926.212
  }
]
SET
