[
  {
    "Plan": {
      "Node Type": "Limit",
      "Parallel Aware": false,
      "Startup Cost": 22149.15,
      "Total Cost": 22149.16,
      "Plan Rows": 7,
      "Plan Width": 68,
      "Actual Startup Time": 1296.278,
      "Actual Total Time": 1296.302,
      "Actual Rows": 100,
      "Actual Loops": 1,
      "Plans": [
        {
          "Node Type": "Sort",
          "Parent Relationship": "Outer",
          "Parallel Aware": false,
          "Startup Cost": 22149.15,
          "Total Cost": 22149.16,
          "Plan Rows": 7,
          "Plan Width": 68,
          "Actual Startup Time": 1296.277,
          "Actual Total Time": 1296.285,
          "Actual Rows": 100,
          "Actual Loops": 1,
          "Sort Key": ["tmp1.i_manager_id", "tmp1.avg_monthly_sales", "tmp1.sum_sales"],
          "Sort Method": "top-N heapsort",
          "Sort Space Used": 32,
          "Sort Space Type": "Memory",
          "Plans": [
            {
              "Node Type": "Subquery Scan",
              "Parent Relationship": "Outer",
              "Parallel Aware": false,
              "Alias": "tmp1",
              "Startup Cost": 22147.68,
              "Total Cost": 22149.05,
              "Plan Rows": 7,
              "Plan Width": 68,
              "Actual Startup Time": 1276.178,
              "Actual Total Time": 1295.750,
              "Actual Rows": 1032,
              "Actual Loops": 1,
              "Filter": "(CASE WHEN (tmp1.avg_monthly_sales > '0'::numeric) THEN (abs((tmp1.sum_sales - tmp1.avg_monthly_sales)) / tmp1.avg_monthly_sales) ELSE NULL::numeric END > 0.1)",
              "Rows Removed by Filter": 71,
              "Plans": [
                {
                  "Node Type": "WindowAgg",
                  "Parent Relationship": "Subquery",
                  "Parallel Aware": false,
                  "Startup Cost": 22147.68,
                  "Total Cost": 22148.58,
                  "Plan Rows": 21,
                  "Plan Width": 72,
                  "Actual Startup Time": 1276.172,
                  "Actual Total Time": 1293.875,
                  "Actual Rows": 1103,
                  "Actual Loops": 1,
                  "Plans": [
                    {
                      "Node Type": "Aggregate",
                      "Strategy": "Sorted",
                      "Partial Mode": "Simple",
                      "Parent Relationship": "Outer",
                      "Parallel Aware": false,
                      "Startup Cost": 22147.68,
                      "Total Cost": 22148.26,
                      "Plan Rows": 21,
                      "Plan Width": 40,
                      "Actual Startup Time": 1275.964,
                      "Actual Total Time": 1292.278,
                      "Actual Rows": 1103,
                      "Actual Loops": 1,
                      "Group Key": ["item.i_manager_id", "date_dim.d_moy"],
                      "Plans": [
                        {
                          "Node Type": "Sort",
                          "Parent Relationship": "Outer",
                          "Parallel Aware": false,
                          "Startup Cost": 22147.68,
                          "Total Cost": 22147.74,
                          "Plan Rows": 21,
                          "Plan Width": 14,
                          "Actual Startup Time": 1275.946,
                          "Actual Total Time": 1279.169,
                          "Actual Rows": 34727,
                          "Actual Loops": 1,
                          "Sort Key": ["item.i_manager_id", "date_dim.d_moy"],
                          "Sort Method": "quicksort",
                          "Sort Space Used": 2994,
                          "Sort Space Type": "Memory",
                          "Plans": [
                            {
                              "Node Type": "Nested Loop",
                              "Parent Relationship": "Outer",
                              "Parallel Aware": false,
                              "Join Type": "Inner",
                              "Startup Cost": 6.07,
                              "Total Cost": 22147.22,
                              "Plan Rows": 21,
                              "Plan Width": 14,
                              "Actual Startup Time": 1.058,
                              "Actual Total Time": 1247.800,
                              "Actual Rows": 34727,
                              "Actual Loops": 1,
                              "Inner Unique": true,
                              "Join Filter": "(store_sales.ss_store_sk = store.s_store_sk)",
                              "Rows Removed by Join Filter": 161357,
                              "Plans": [
                                {
                                  "Node Type": "Nested Loop",
                                  "Parent Relationship": "Outer",
                                  "Parallel Aware": false,
                                  "Join Type": "Inner",
                                  "Startup Cost": 6.07,
                                  "Total Cost": 22142.42,
                                  "Plan Rows": 22,
                                  "Plan Width": 18,
                                  "Actual Startup Time": 1.046,
                                  "Actual Total Time": 1188.406,
                                  "Actual Rows": 35578,
                                  "Actual Loops": 1,
                                  "Inner Unique": true,
                                  "Plans": [
                                    {
                                      "Node Type": "Nested Loop",
                                      "Parent Relationship": "Outer",
                                      "Parallel Aware": false,
                                      "Join Type": "Inner",
                                      "Startup Cost": 5.78,
                                      "Total Cost": 20623.74,
                                      "Plan Rows": 4641,
                                      "Plan Width": 18,
                                      "Actual Startup Time": 0.123,
                                      "Actual Total Time": 736.532,
                                      "Actual Rows": 120146,
                                      "Actual Loops": 1,
                                      "Inner Unique": false,
                                      "Plans": [
                                        {
                                          "Node Type": "Seq Scan",
                                          "Parent Relationship": "Outer",
                                          "Parallel Aware": false,
                                          "Relation Name": "item",
                                          "Alias": "item",
                                          "Startup Cost": 0.00,
                                          "Total Cost": 1905.00,
                                          "Plan Rows": 29,
                                          "Plan Width": 8,
                                          "Actual Startup Time": 0.028,
                                          "Actual Total Time": 37.807,
                                          "Actual Rows": 934,
                                          "Actual Loops": 1,
                                          "Filter": "(((i_category = ANY ('{Books,Children,Electronics}'::bpchar[])) AND (i_class = ANY ('{personal,portable,reference,self-help}'::bpchar[])) AND (i_brand = ANY ('{\"scholaramalgamalg #14\",\"scholaramalgamalg #7\",\"exportiunivamalg #9\",\"scholaramalgamalg #9\"}'::bpchar[]))) OR ((i_category = ANY ('{Women,Music,Men}'::bpchar[])) AND (i_class = ANY ('{accessories,classical,fragrances,pants}'::bpchar[])) AND (i_brand = ANY ('{\"amalgimporto #1\",\"edu packscholar #1\",\"exportiimporto #1\",\"importoamalg #1\"}'::bpchar[]))))",
                                          "Rows Removed by Filter": 17066
                                        },
                                        {
                                          "Node Type": "Bitmap Heap Scan",
                                          "Parent Relationship": "Inner",
                                          "Parallel Aware": false,
                                          "Relation Name": "store_sales",
                                          "Alias": "store_sales",
                                          "Startup Cost": 5.78,
                                          "Total Cost": 643.73,
                                          "Plan Rows": 174,
                                          "Plan Width": 18,
                                          "Actual Startup Time": 0.054,
                                          "Actual Total Time": 0.688,
                                          "Actual Rows": 129,
                                          "Actual Loops": 934,
                                          "Recheck Cond": "(ss_item_sk = item.i_item_sk)",
                                          "Rows Removed by Index Recheck": 0,
                                          "Exact Heap Blocks": 120024,
                                          "Lossy Heap Blocks": 0,
                                          "Plans": [
                                            {
                                              "Node Type": "Bitmap Index Scan",
                                              "Parent Relationship": "Outer",
                                              "Parallel Aware": false,
                                              "Index Name": "store_sales_pkey",
                                              "Startup Cost": 0.00,
                                              "Total Cost": 5.73,
                                              "Plan Rows": 174,
                                              "Plan Width": 0,
                                              "Actual Startup Time": 0.032,
                                              "Actual Total Time": 0.032,
                                              "Actual Rows": 129,
                                              "Actual Loops": 934,
                                              "Index Cond": "(ss_item_sk = item.i_item_sk)"
                                            }
                                          ]
                                        }
                                      ]
                                    },
                                    {
                                      "Node Type": "Index Scan",
                                      "Parent Relationship": "Inner",
                                      "Parallel Aware": false,
                                      "Scan Direction": "Forward",
                                      "Index Name": "date_dim_pkey",
                                      "Relation Name": "date_dim",
                                      "Alias": "date_dim",
                                      "Startup Cost": 0.29,
                                      "Total Cost": 0.33,
                                      "Plan Rows": 1,
                                      "Plan Width": 8,
                                      "Actual Startup Time": 0.003,
                                      "Actual Total Time": 0.003,
                                      "Actual Rows": 0,
                                      "Actual Loops": 120146,
                                      "Index Cond": "(d_date_sk = store_sales.ss_sold_date_sk)",
                                      "Rows Removed by Index Recheck": 0,
                                      "Filter": "(d_month_seq = ANY ('{1190,1191,1192,1193,1194,1195,1196,1197,1198,1199,1200,1201}'::integer[]))",
                                      "Rows Removed by Filter": 1
                                    }
                                  ]
                                },
                                {
                                  "Node Type": "Materialize",
                                  "Parent Relationship": "Inner",
                                  "Parallel Aware": false,
                                  "Startup Cost": 0.00,
                                  "Total Cost": 1.18,
                                  "Plan Rows": 12,
                                  "Plan Width": 4,
                                  "Actual Startup Time": 0.000,
                                  "Actual Total Time": 0.001,
                                  "Actual Rows": 6,
                                  "Actual Loops": 35578,
                                  "Plans": [
                                    {
                                      "Node Type": "Seq Scan",
                                      "Parent Relationship": "Outer",
                                      "Parallel Aware": false,
                                      "Relation Name": "store",
                                      "Alias": "store",
                                      "Startup Cost": 0.00,
                                      "Total Cost": 1.12,
                                      "Plan Rows": 12,
                                      "Plan Width": 4,
                                      "Actual Startup Time": 0.005,
                                      "Actual Total Time": 0.008,
                                      "Actual Rows": 12,
                                      "Actual Loops": 1
                                    }
                                  ]
                                }
                              ]
                            }
                          ]
                        }
                      ]
                    }
                  ]
                }
              ]
            }
          ]
        }
      ]
    },
    "Planning Time": 1.071,
    "Triggers": [
    ],
    "Execution Time": 1296.557
  }
]
SET
