[
  {
    "Plan": {
      "Node Type": "Limit",
      "Parallel Aware": false,
      "Startup Cost": 59622.63,
      "Total Cost": 60061.53,
      "Plan Rows": 72,
      "Plan Width": 115,
      "Actual Startup Time": 2369.075,
      "Actual Total Time": 2804.580,
      "Actual Rows": 90,
      "Actual Loops": 1,
      "Plans": [
        {
          "Node Type": "Aggregate",
          "Strategy": "Sorted",
          "Partial Mode": "Simple",
          "Parent Relationship": "Outer",
          "Parallel Aware": false,
          "Startup Cost": 59622.63,
          "Total Cost": 60061.53,
          "Plan Rows": 72,
          "Plan Width": 115,
          "Actual Startup Time": 2369.073,
          "Actual Total Time": 2804.552,
          "Actual Rows": 90,
          "Actual Loops": 1,
          "Group Key": ["(substr((warehouse.w_warehouse_name)::text, 1, 20))", "ship_mode.sm_type", "call_center.cc_name"],
          "Plans": [
            {
              "Node Type": "Sort",
              "Parent Relationship": "Outer",
              "Parallel Aware": false,
              "Startup Cost": 59622.63,
              "Total Cost": 59640.15,
              "Plan Rows": 7008,
              "Plan Width": 83,
              "Actual Startup Time": 2362.966,
              "Actual Total Time": 2557.395,
              "Actual Rows": 286801,
              "Actual Loops": 1,
              "Sort Key": ["(substr((warehouse.w_warehouse_name)::text, 1, 20))", "ship_mode.sm_type", "call_center.cc_name"],
              "Sort Method": "external merge",
              "Sort Space Used": 21760,
              "Sort Space Type": "Disk",
              "Plans": [
                {
                  "Node Type": "Nested Loop",
                  "Parent Relationship": "Outer",
                  "Parallel Aware": false,
                  "Join Type": "Inner",
                  "Startup Cost": 2506.71,
                  "Total Cost": 59175.00,
                  "Plan Rows": 7008,
                  "Plan Width": 83,
                  "Actual Startup Time": 155.887,
                  "Actual Total Time": 1432.209,
                  "Actual Rows": 286801,
                  "Actual Loops": 1,
                  "Inner Unique": true,
                  "Join Filter": "(catalog_sales.cs_call_center_sk = call_center.cc_call_center_sk)",
                  "Rows Removed by Join Filter": 449443,
                  "Plans": [
                    {
                      "Node Type": "Nested Loop",
                      "Parent Relationship": "Outer",
                      "Parallel Aware": false,
                      "Join Type": "Inner",
                      "Startup Cost": 2506.71,
                      "Total Cost": 58597.44,
                      "Plan Rows": 7045,
                      "Plan Width": 61,
                      "Actual Startup Time": 155.876,
                      "Actual Total Time": 1111.574,
                      "Actual Rows": 286984,
                      "Actual Loops": 1,
                      "Inner Unique": true,
                      "Join Filter": "(catalog_sales.cs_warehouse_sk = warehouse.w_warehouse_sk)",
                      "Rows Removed by Join Filter": 576645,
                      "Plans": [
                        {
                          "Node Type": "Hash Join",
                          "Parent Relationship": "Outer",
                          "Parallel Aware": false,
                          "Join Type": "Inner",
                          "Startup Cost": 2506.71,
                          "Total Cost": 58135.98,
                          "Plan Rows": 7078,
                          "Plan Width": 47,
                          "Actual Startup Time": 155.856,
                          "Actual Total Time": 841.291,
                          "Actual Rows": 287337,
                          "Actual Loops": 1,
                          "Inner Unique": true,
                          "Hash Cond": "(catalog_sales.cs_ship_mode_sk = ship_mode.sm_ship_mode_sk)",
                          "Plans": [
                            {
                              "Node Type": "Hash Join",
                              "Parent Relationship": "Outer",
                              "Parallel Aware": false,
                              "Join Type": "Inner",
                              "Startup Cost": 2505.26,
                              "Total Cost": 58111.92,
                              "Plan Rows": 7113,
                              "Plan Width": 20,
                              "Actual Startup Time": 155.828,
                              "Actual Total Time": 724.853,
                              "Actual Rows": 288032,
                              "Actual Loops": 1,
                              "Inner Unique": true,
                              "Hash Cond": "(catalog_sales.cs_ship_date_sk = date_dim.d_date_sk)",
                              "Plans": [
                                {
                                  "Node Type": "Seq Scan",
                                  "Parent Relationship": "Outer",
                                  "Parallel Aware": false,
                                  "Relation Name": "catalog_sales",
                                  "Alias": "catalog_sales",
                                  "Startup Cost": 0.00,
                                  "Total Cost": 51821.98,
                                  "Plan Rows": 1441698,
                                  "Plan Width": 20,
                                  "Actual Startup Time": 0.014,
                                  "Actual Total Time": 334.826,
                                  "Actual Rows": 1441548,
                                  "Actual Loops": 1
                                },
                                {
                                  "Node Type": "Hash",
                                  "Parent Relationship": "Inner",
                                  "Parallel Aware": false,
                                  "Startup Cost": 2500.73,
                                  "Total Cost": 2500.73,
                                  "Plan Rows": 362,
                                  "Plan Width": 4,
                                  "Actual Startup Time": 13.751,
                                  "Actual Total Time": 13.751,
                                  "Actual Rows": 366,
                                  "Actual Loops": 1,
                                  "Hash Buckets": 1024,
                                  "Original Hash Buckets": 1024,
                                  "Hash Batches": 1,
                                  "Original Hash Batches": 1,
                                  "Peak Memory Usage": 21,
                                  "Plans": [
                                    {
                                      "Node Type": "Seq Scan",
                                      "Parent Relationship": "Outer",
                                      "Parallel Aware": false,
                                      "Relation Name": "date_dim",
                                      "Alias": "date_dim",
                                      "Startup Cost": 0.00,
                                      "Total Cost": 2500.73,
                                      "Plan Rows": 362,
                                      "Plan Width": 4,
                                      "Actual Startup Time": 6.086,
                                      "Actual Total Time": 13.649,
                                      "Actual Rows": 366,
                                      "Actual Loops": 1,
                                      "Filter": "((d_month_seq >= 1200) AND (d_month_seq <= 1211))",
                                      "Rows Removed by Filter": 72683
                                    }
                                  ]
                                }
                              ]
                            },
                            {
                              "Node Type": "Hash",
                              "Parent Relationship": "Inner",
                              "Parallel Aware": false,
                              "Startup Cost": 1.20,
                              "Total Cost": 1.20,
                              "Plan Rows": 20,
                              "Plan Width": 35,
                              "Actual Startup Time": 0.021,
                              "Actual Total Time": 0.021,
                              "Actual Rows": 20,
                              "Actual Loops": 1,
                              "Hash Buckets": 1024,
                              "Original Hash Buckets": 1024,
                              "Hash Batches": 1,
                              "Original Hash Batches": 1,
                              "Peak Memory Usage": 10,
                              "Plans": [
                                {
                                  "Node Type": "Seq Scan",
                                  "Parent Relationship": "Outer",
                                  "Parallel Aware": false,
                                  "Relation Name": "ship_mode",
                                  "Alias": "ship_mode",
                                  "Startup Cost": 0.00,
                                  "Total Cost": 1.20,
                                  "Plan Rows": 20,
                                  "Plan Width": 35,
                                  "Actual Startup Time": 0.009,
                                  "Actual Total Time": 0.013,
                                  "Actual Rows": 20,
                                  "Actual Loops": 1
                                }
                              ]
                            }
                          ]
                        },
                        {
                          "Node Type": "Materialize",
                          "Parent Relationship": "Inner",
                          "Parallel Aware": false,
                          "Startup Cost": 0.00,
                          "Total Cost": 1.07,
                          "Plan Rows": 5,
                          "Plan Width": 22,
                          "Actual Startup Time": 0.000,
                          "Actual Total Time": 0.000,
                          "Actual Rows": 3,
                          "Actual Loops": 287337,
                          "Plans": [
                            {
                              "Node Type": "Seq Scan",
                              "Parent Relationship": "Outer",
                              "Parallel Aware": false,
                              "Relation Name": "warehouse",
                              "Alias": "warehouse",
                              "Startup Cost": 0.00,
                              "Total Cost": 1.05,
                              "Plan Rows": 5,
                              "Plan Width": 22,
                              "Actual Startup Time": 0.009,
                              "Actual Total Time": 0.011,
                              "Actual Rows": 5,
                              "Actual Loops": 1
                            }
                          ]
                        }
                      ]
                    },
                    {
                      "Node Type": "Materialize",
                      "Parent Relationship": "Inner",
                      "Parallel Aware": false,
                      "Startup Cost": 0.00,
                      "Total Cost": 1.09,
                      "Plan Rows": 6,
                      "Plan Width": 16,
                      "Actual Startup Time": 0.000,
                      "Actual Total Time": 0.000,
                      "Actual Rows": 3,
                      "Actual Loops": 286984,
                      "Plans": [
                        {
                          "Node Type": "Seq Scan",
                          "Parent Relationship": "Outer",
                          "Parallel Aware": false,
                          "Relation Name": "call_center",
                          "Alias": "call_center",
                          "Startup Cost": 0.00,
                          "Total Cost": 1.06,
                          "Plan Rows": 6,
                          "Plan Width": 16,
                          "Actual Startup Time": 0.005,
                          "Actual Total Time": 0.009,
                          "Actual Rows": 6,
                          "Actual Loops": 1
                        }
                      ]
                    }
                  ]
                }
              ]
            }
          ]
        }
      ]
    },
    "Planning Time": 0.764,
    "Triggers": [
    ],
    "Execution Time": 2813.964
  }
]
