                                                                                                                       QUERY PLAN                                                                                                                       
--------------------------------------------------------------------------------------------------------------------------------------------------------------------------------------------------------------------------------------------------------
 [                                                                                                                                                                                                                                                     +
   {                                                                                                                                                                                                                                                   +
     "Plan": {                                                                                                                                                                                                                                         +
       "Node Type": "Limit",                                                                                                                                                                                                                           +
       "Parallel Aware": false,                                                                                                                                                                                                                        +
       "Startup Cost": 146486.51,                                                                                                                                                                                                                      +
       "Total Cost": 146496.94,                                                                                                                                                                                                                        +
       "Plan Rows": 100,                                                                                                                                                                                                                               +
       "Plan Width": 64,                                                                                                                                                                                                                               +
       "Actual Startup Time": 1170.212,                                                                                                                                                                                                                +
       "Actual Total Time": 1175.472,                                                                                                                                                                                                                  +
       "Actual Rows": 100,                                                                                                                                                                                                                             +
       "Actual Loops": 1,                                                                                                                                                                                                                              +
       "Plans": [                                                                                                                                                                                                                                      +
         {                                                                                                                                                                                                                                             +
           "Node Type": "Aggregate",                                                                                                                                                                                                                   +
           "Strategy": "Sorted",                                                                                                                                                                                                                       +
           "Partial Mode": "Finalize",                                                                                                                                                                                                                 +
           "Parent Relationship": "Outer",                                                                                                                                                                                                             +
           "Parallel Aware": false,                                                                                                                                                                                                                    +
           "Startup Cost": 146486.51,                                                                                                                                                                                                                  +
           "Total Cost": 146519.78,                                                                                                                                                                                                                    +
           "Plan Rows": 319,                                                                                                                                                                                                                           +
           "Plan Width": 64,                                                                                                                                                                                                                           +
           "Actual Startup Time": 1170.211,                                                                                                                                                                                                            +
           "Actual Total Time": 1170.397,                                                                                                                                                                                                              +
           "Actual Rows": 100,                                                                                                                                                                                                                         +
           "Actual Loops": 1,                                                                                                                                                                                                                          +
           "Group Key": ["customer_demographics.cd_gender", "customer_demographics.cd_marital_status", "customer_demographics.cd_education_status", "customer_demographics.cd_purchase_estimate", "customer_demographics.cd_credit_rating"],           +
           "Plans": [                                                                                                                                                                                                                                  +
             {                                                                                                                                                                                                                                         +
               "Node Type": "Gather Merge",                                                                                                                                                                                                            +
               "Parent Relationship": "Outer",                                                                                                                                                                                                         +
               "Parallel Aware": false,                                                                                                                                                                                                                +
               "Startup Cost": 146486.51,                                                                                                                                                                                                              +
               "Total Cost": 146512.83,                                                                                                                                                                                                                +
               "Plan Rows": 188,                                                                                                                                                                                                                       +
               "Plan Width": 48,                                                                                                                                                                                                                       +
               "Actual Startup Time": 1170.201,                                                                                                                                                                                                        +
               "Actual Total Time": 1175.359,                                                                                                                                                                                                          +
               "Actual Rows": 103,                                                                                                                                                                                                                     +
               "Actual Loops": 1,                                                                                                                                                                                                                      +
               "Workers Planned": 1,                                                                                                                                                                                                                   +
               "Workers Launched": 1,                                                                                                                                                                                                                  +
               "Plans": [                                                                                                                                                                                                                              +
                 {                                                                                                                                                                                                                                     +
                   "Node Type": "Aggregate",                                                                                                                                                                                                           +
                   "Strategy": "Sorted",                                                                                                                                                                                                               +
                   "Partial Mode": "Partial",                                                                                                                                                                                                          +
                   "Parent Relationship": "Outer",                                                                                                                                                                                                     +
                   "Parallel Aware": false,                                                                                                                                                                                                            +
                   "Startup Cost": 145486.50,                                                                                                                                                                                                          +
                   "Total Cost": 145491.67,                                                                                                                                                                                                            +
                   "Plan Rows": 188,                                                                                                                                                                                                                   +
                   "Plan Width": 48,                                                                                                                                                                                                                   +
                   "Actual Startup Time": 1165.521,                                                                                                                                                                                                    +
                   "Actual Total Time": 1165.614,                                                                                                                                                                                                      +
                   "Actual Rows": 109,                                                                                                                                                                                                                 +
                   "Actual Loops": 2,                                                                                                                                                                                                                  +
                   "Group Key": ["customer_demographics.cd_gender", "customer_demographics.cd_marital_status", "customer_demographics.cd_education_status", "customer_demographics.cd_purchase_estimate", "customer_demographics.cd_credit_rating"],   +
                   "Plans": [                                                                                                                                                                                                                          +
                     {                                                                                                                                                                                                                                 +
                       "Node Type": "Sort",                                                                                                                                                                                                            +
                       "Parent Relationship": "Outer",                                                                                                                                                                                                 +
                       "Parallel Aware": false,                                                                                                                                                                                                        +
                       "Startup Cost": 145486.50,                                                                                                                                                                                                      +
                       "Total Cost": 145486.97,                                                                                                                                                                                                        +
                       "Plan Rows": 188,                                                                                                                                                                                                               +
                       "Plan Width": 40,                                                                                                                                                                                                               +
                       "Actual Startup Time": 1165.508,                                                                                                                                                                                                +
                       "Actual Total Time": 1165.520,                                                                                                                                                                                                  +
                       "Actual Rows": 113,                                                                                                                                                                                                             +
                       "Actual Loops": 2,                                                                                                                                                                                                              +
                       "Sort Key": ["customer_demographics.cd_gender", "customer_demographics.cd_marital_status", "customer_demographics.cd_education_status", "customer_demographics.cd_purchase_estimate", "customer_demographics.cd_credit_rating"],+
                       "Sort Method": "quicksort",                                                                                                                                                                                                     +
                       "Sort Space Used": 47,                                                                                                                                                                                                          +
                       "Sort Space Type": "Memory",                                                                                                                                                                                                    +
                       "Workers": [                                                                                                                                                                                                                    +
                         {                                                                                                                                                                                                                             +
                           "Worker Number": 0,                                                                                                                                                                                                         +
                           "Sort Method": "quicksort",                                                                                                                                                                                                 +
                           "Sort Space Used": 47,                                                                                                                                                                                                      +
                           "Sort Space Type": "Memory"                                                                                                                                                                                                 +
                         }                                                                                                                                                                                                                             +
                       ],                                                                                                                                                                                                                              +
                       "Plans": [                                                                                                                                                                                                                      +
                         {                                                                                                                                                                                                                             +
                           "Node Type": "Hash Join",                                                                                                                                                                                                   +
                           "Parent Relationship": "Outer",                                                                                                                                                                                             +
                           "Parallel Aware": true,                                                                                                                                                                                                     +
                           "Join Type": "Anti",                                                                                                                                                                                                        +
                           "Startup Cost": 140894.71,                                                                                                                                                                                                  +
                           "Total Cost": 145479.39,                                                                                                                                                                                                    +
                           "Plan Rows": 188,                                                                                                                                                                                                           +
                           "Plan Width": 40,                                                                                                                                                                                                           +
                           "Actual Startup Time": 1089.614,                                                                                                                                                                                            +
                           "Actual Total Time": 1163.837,                                                                                                                                                                                              +
                           "Actual Rows": 290,                                                                                                                                                                                                         +
                           "Actual Loops": 2,                                                                                                                                                                                                          +
                           "Inner Unique": false,                                                                                                                                                                                                      +
                           "Hash Cond": "(c.c_customer_sk = catalog_sales.cs_ship_customer_sk)",                                                                                                                                                       +
                           "Plans": [                                                                                                                                                                                                                  +
                             {                                                                                                                                                                                                                         +
                               "Node Type": "Nested Loop",                                                                                                                                                                                             +
                               "Parent Relationship": "Outer",                                                                                                                                                                                         +
                               "Parallel Aware": false,                                                                                                                                                                                                +
                               "Join Type": "Inner",                                                                                                                                                                                                   +
                               "Startup Cost": 93738.62,                                                                                                                                                                                               +
                               "Total Cost": 98320.91,                                                                                                                                                                                                 +
                               "Plan Rows": 191,                                                                                                                                                                                                       +
                               "Plan Width": 44,                                                                                                                                                                                                       +
                               "Actual Startup Time": 764.883,                                                                                                                                                                                         +
                               "Actual Total Time": 838.765,                                                                                                                                                                                           +
                               "Actual Rows": 302,                                                                                                                                                                                                     +
                               "Actual Loops": 2,                                                                                                                                                                                                      +
                               "Inner Unique": true,                                                                                                                                                                                                   +
                               "Plans": [                                                                                                                                                                                                              +
                                 {                                                                                                                                                                                                                     +
                                   "Node Type": "Hash Join",                                                                                                                                                                                           +
                                   "Parent Relationship": "Outer",                                                                                                                                                                                     +
                                   "Parallel Aware": true,                                                                                                                                                                                             +
                                   "Join Type": "Anti",                                                                                                                                                                                                +
                                   "Startup Cost": 93738.20,                                                                                                                                                                                           +
                                   "Total Cost": 98018.20,                                                                                                                                                                                             +
                                   "Plan Rows": 198,                                                                                                                                                                                                   +
                                   "Plan Width": 8,                                                                                                                                                                                                    +
                                   "Actual Startup Time": 764.759,                                                                                                                                                                                     +
                                   "Actual Total Time": 814.018,                                                                                                                                                                                       +
                                   "Actual Rows": 314,                                                                                                                                                                                                 +
                                   "Actual Loops": 2,                                                                                                                                                                                                  +
                                   "Inner Unique": false,                                                                                                                                                                                              +
                                   "Hash Cond": "(c.c_customer_sk = web_sales.ws_bill_customer_sk)",                                                                                                                                                   +
                                   "Plans": [                                                                                                                                                                                                          +
                                     {                                                                                                                                                                                                                 +
                                       "Node Type": "Nested Loop",                                                                                                                                                                                     +
                                       "Parent Relationship": "Outer",                                                                                                                                                                                 +
                                       "Parallel Aware": false,                                                                                                                                                                                        +
                                       "Join Type": "Inner",                                                                                                                                                                                           +
                                       "Startup Cost": 69024.52,                                                                                                                                                                                       +
                                       "Total Cost": 73302.01,                                                                                                                                                                                         +
                                       "Plan Rows": 200,                                                                                                                                                                                               +
                                       "Plan Width": 8,                                                                                                                                                                                                +
                                       "Actual Startup Time": 572.766,                                                                                                                                                                                 +
                                       "Actual Total Time": 621.789,                                                                                                                                                                                   +
                                       "Actual Rows": 321,                                                                                                                                                                                             +
                                       "Actual Loops": 2,                                                                                                                                                                                              +
                                       "Inner Unique": true,                                                                                                                                                                                           +
                                       "Plans": [                                                                                                                                                                                                      +
                                         {                                                                                                                                                                                                             +
                                           "Node Type": "Hash Join",                                                                                                                                                                                   +
                                           "Parent Relationship": "Outer",                                                                                                                                                                             +
                                           "Parallel Aware": true,                                                                                                                                                                                     +
                                           "Join Type": "Semi",                                                                                                                                                                                        +
                                           "Startup Cost": 69024.23,                                                                                                                                                                                   +
                                           "Total Cost": 72567.74,                                                                                                                                                                                     +
                                           "Plan Rows": 2038,                                                                                                                                                                                          +
                                           "Plan Width": 12,                                                                                                                                                                                           +
                                           "Actual Startup Time": 572.325,                                                                                                                                                                             +
                                           "Actual Total Time": 603.313,                                                                                                                                                                               +
                                           "Actual Rows": 3296,                                                                                                                                                                                        +
                                           "Actual Loops": 2,                                                                                                                                                                                          +
                                           "Inner Unique": false,                                                                                                                                                                                      +
                                           "Hash Cond": "(c.c_customer_sk = store_sales.ss_customer_sk)",                                                                                                                                              +
                                           "Plans": [                                                                                                                                                                                                  +
                                             {                                                                                                                                                                                                         +
                                               "Node Type": "Seq Scan",                                                                                                                                                                                +
                                               "Parent Relationship": "Outer",                                                                                                                                                                         +
                                               "Parallel Aware": true,                                                                                                                                                                                 +
                                               "Relation Name": "customer",                                                                                                                                                                            +
                                               "Alias": "c",                                                                                                                                                                                           +
                                               "Startup Cost": 0.00,                                                                                                                                                                                   +
                                               "Total Cost": 3356.24,                                                                                                                                                                                  +
                                               "Plan Rows": 58824,                                                                                                                                                                                     +
                                               "Plan Width": 12,                                                                                                                                                                                       +
                                               "Actual Startup Time": 0.007,                                                                                                                                                                           +
                                               "Actual Total Time": 15.130,                                                                                                                                                                            +
                                               "Actual Rows": 50000,                                                                                                                                                                                   +
                                               "Actual Loops": 2                                                                                                                                                                                       +
                                             },                                                                                                                                                                                                        +
                                             {                                                                                                                                                                                                         +
                                               "Node Type": "Hash",                                                                                                                                                                                    +
                                               "Parent Relationship": "Inner",                                                                                                                                                                         +
                                               "Parallel Aware": true,                                                                                                                                                                                 +
                                               "Startup Cost": 69006.19,                                                                                                                                                                               +
                                               "Total Cost": 69006.19,                                                                                                                                                                                 +
                                               "Plan Rows": 1443,                                                                                                                                                                                      +
                                               "Plan Width": 4,                                                                                                                                                                                        +
                                               "Actual Startup Time": 572.221,                                                                                                                                                                         +
                                               "Actual Total Time": 572.221,                                                                                                                                                                           +
                                               "Actual Rows": 38894,                                                                                                                                                                                   +
                                               "Actual Loops": 2,                                                                                                                                                                                      +
                                               "Hash Buckets": 131072,                                                                                                                                                                                 +
                                               "Original Hash Buckets": 4096,                                                                                                                                                                          +
                                               "Hash Batches": 1,                                                                                                                                                                                      +
                                               "Original Hash Batches": 1,                                                                                                                                                                             +
                                               "Peak Memory Usage": 5024,                                                                                                                                                                              +
                                               "Plans": [                                                                                                                                                                                              +
                                                 {                                                                                                                                                                                                     +
                                                   "Node Type": "Hash Join",                                                                                                                                                                           +
                                                   "Parent Relationship": "Outer",                                                                                                                                                                     +
                                                   "Parallel Aware": true,                                                                                                                                                                             +
                                                   "Join Type": "Inner",                                                                                                                                                                               +
                                                   "Startup Cost": 2157.65,                                                                                                                                                                            +
                                                   "Total Cost": 69006.19,                                                                                                                                                                             +
                                                   "Plan Rows": 1443,                                                                                                                                                                                  +
                                                   "Plan Width": 4,                                                                                                                                                                                    +
                                                   "Actual Startup Time": 9.197,                                                                                                                                                                       +
                                                   "Actual Total Time": 541.497,                                                                                                                                                                       +
                                                   "Actual Rows": 38894,                                                                                                                                                                               +
                                                   "Actual Loops": 2,                                                                                                                                                                                  +
                                                   "Inner Unique": true,                                                                                                                                                                               +
                                                   "Hash Cond": "(store_sales.ss_sold_date_sk = date_dim.d_date_sk)",                                                                                                                                  +
                                                   "Plans": [                                                                                                                                                                                          +
                                                     {                                                                                                                                                                                                 +
                                                       "Node Type": "Seq Scan",                                                                                                                                                                        +
                                                       "Parent Relationship": "Outer",                                                                                                                                                                 +
                                                       "Parallel Aware": true,                                                                                                                                                                         +
                                                       "Relation Name": "store_sales",                                                                                                                                                                 +
                                                       "Alias": "store_sales",                                                                                                                                                                         +
                                                       "Startup Cost": 0.00,                                                                                                                                                                           +
                                                       "Total Cost": 63697.87,                                                                                                                                                                         +
                                                       "Plan Rows": 1200187,                                                                                                                                                                           +
                                                       "Plan Width": 8,                                                                                                                                                                                +
                                                       "Actual Startup Time": 0.012,                                                                                                                                                                   +
                                                       "Actual Total Time": 284.057,                                                                                                                                                                   +
                                                       "Actual Rows": 1440202,                                                                                                                                                                         +
                                                       "Actual Loops": 2                                                                                                                                                                               +
                                                     },                                                                                                                                                                                                +
                                                     {                                                                                                                                                                                                 +
                                                       "Node Type": "Hash",                                                                                                                                                                            +
                                                       "Parent Relationship": "Inner",                                                                                                                                                                 +
                                                       "Parallel Aware": true,                                                                                                                                                                         +
                                                       "Startup Cost": 2156.97,                                                                                                                                                                        +
                                                       "Total Cost": 2156.97,                                                                                                                                                                          +
                                                       "Plan Rows": 54,                                                                                                                                                                                +
                                                       "Plan Width": 4,                                                                                                                                                                                +
                                                       "Actual Startup Time": 9.007,                                                                                                                                                                   +
                                                       "Actual Total Time": 9.007,                                                                                                                                                                     +
                                                       "Actual Rows": 46,                                                                                                                                                                              +
                                                       "Actual Loops": 2,                                                                                                                                                                              +
                                                       "Hash Buckets": 1024,                                                                                                                                                                           +
                                                       "Original Hash Buckets": 1024,                                                                                                                                                                  +
                                                       "Hash Batches": 1,                                                                                                                                                                              +
                                                       "Original Hash Batches": 1,                                                                                                                                                                     +
                                                       "Peak Memory Usage": 72,                                                                                                                                                                        +
                                                       "Plans": [                                                                                                                                                                                      +
                                                         {                                                                                                                                                                                             +
                                                           "Node Type": "Seq Scan",                                                                                                                                                                    +
                                                           "Parent Relationship": "Outer",                                                                                                                                                             +
                                                           "Parallel Aware": true,                                                                                                                                                                     +
                                                           "Relation Name": "date_dim",                                                                                                                                                                +
                                                           "Alias": "date_dim",                                                                                                                                                                        +
                                                           "Startup Cost": 0.00,                                                                                                                                                                       +
                                                           "Total Cost": 2156.97,                                                                                                                                                                      +
                                                           "Plan Rows": 54,                                                                                                                                                                            +
                                                           "Plan Width": 4,                                                                                                                                                                            +
                                                           "Actual Startup Time": 4.885,                                                                                                                                                               +
                                                           "Actual Total Time": 8.980,                                                                                                                                                                 +
                                                           "Actual Rows": 46,                                                                                                                                                                          +
                                                           "Actual Loops": 2,                                                                                                                                                                          +
                                                           "Filter": "((d_moy >= 4) AND (d_moy <= 6) AND (d_year = 2002))",                                                                                                                            +
                                                           "Rows Removed by Filter": 36479                                                                                                                                                             +
                                                         }                                                                                                                                                                                             +
                                                       ]                                                                                                                                                                                               +
                                                     }                                                                                                                                                                                                 +
                                                   ]                                                                                                                                                                                                   +
                                                 }                                                                                                                                                                                                     +
                                               ]                                                                                                                                                                                                       +
                                             }                                                                                                                                                                                                         +
                                           ]                                                                                                                                                                                                           +
                                         },                                                                                                                                                                                                            +
                                         {                                                                                                                                                                                                             +
                                           "Node Type": "Index Scan",                                                                                                                                                                                  +
                                           "Parent Relationship": "Inner",                                                                                                                                                                             +
                                           "Parallel Aware": false,                                                                                                                                                                                    +
                                           "Scan Direction": "Forward",                                                                                                                                                                                +
                                           "Index Name": "customer_address_pkey",                                                                                                                                                                      +
                                           "Relation Name": "customer_address",                                                                                                                                                                        +
                                           "Alias": "ca",                                                                                                                                                                                              +
                                           "Startup Cost": 0.29,                                                                                                                                                                                       +
                                           "Total Cost": 0.36,                                                                                                                                                                                         +
                                           "Plan Rows": 1,                                                                                                                                                                                             +
                                           "Plan Width": 4,                                                                                                                                                                                            +
                                           "Actual Startup Time": 0.005,                                                                                                                                                                               +
                                           "Actual Total Time": 0.005,                                                                                                                                                                                 +
                                           "Actual Rows": 0,                                                                                                                                                                                           +
                                           "Actual Loops": 6592,                                                                                                                                                                                       +
                                           "Index Cond": "(ca_address_sk = c.c_current_addr_sk)",                                                                                                                                                      +
                                           "Rows Removed by Index Recheck": 0,                                                                                                                                                                         +
                                           "Filter": "(ca_state = ANY ('{OH,AR,GA}'::bpchar[]))",                                                                                                                                                      +
                                           "Rows Removed by Filter": 1                                                                                                                                                                                 +
                                         }                                                                                                                                                                                                             +
                                       ]                                                                                                                                                                                                               +
                                     },                                                                                                                                                                                                                +
                                     {                                                                                                                                                                                                                 +
                                       "Node Type": "Hash",                                                                                                                                                                                            +
                                       "Parent Relationship": "Inner",                                                                                                                                                                                 +
                                       "Parallel Aware": true,                                                                                                                                                                                         +
                                       "Startup Cost": 24708.95,                                                                                                                                                                                       +
                                       "Total Cost": 24708.95,                                                                                                                                                                                         +
                                       "Plan Rows": 378,                                                                                                                                                                                               +
                                       "Plan Width": 4,                                                                                                                                                                                                +
                                       "Actual Startup Time": 191.928,                                                                                                                                                                                 +
                                       "Actual Total Time": 191.928,                                                                                                                                                                                   +
                                       "Actual Rows": 10214,                                                                                                                                                                                           +
                                       "Actual Loops": 2,                                                                                                                                                                                              +
                                       "Hash Buckets": 32768,                                                                                                                                                                                          +
                                       "Original Hash Buckets": 1024,                                                                                                                                                                                  +
                                       "Hash Batches": 1,                                                                                                                                                                                              +
                                       "Original Hash Batches": 1,                                                                                                                                                                                     +
                                       "Peak Memory Usage": 1336,                                                                                                                                                                                      +
                                       "Plans": [                                                                                                                                                                                                      +
                                         {                                                                                                                                                                                                             +
                                           "Node Type": "Hash Join",                                                                                                                                                                                   +
                                           "Parent Relationship": "Outer",                                                                                                                                                                             +
                                           "Parallel Aware": true,                                                                                                                                                                                     +
                                           "Join Type": "Inner",                                                                                                                                                                                       +
                                           "Startup Cost": 2157.65,                                                                                                                                                                                    +
                                           "Total Cost": 24708.95,                                                                                                                                                                                     +
                                           "Plan Rows": 378,                                                                                                                                                                                           +
                                           "Plan Width": 4,                                                                                                                                                                                            +
                                           "Actual Startup Time": 10.114,                                                                                                                                                                              +
                                           "Actual Total Time": 164.087,                                                                                                                                                                               +
                                           "Actual Rows": 10214,                                                                                                                                                                                       +
                                           "Actual Loops": 2,                                                                                                                                                                                          +
                                           "Inner Unique": true,                                                                                                                                                                                       +
                                           "Hash Cond": "(web_sales.ws_sold_date_sk = date_dim_1.d_date_sk)",                                                                                                                                          +
                                           "Plans": [                                                                                                                                                                                                  +
                                             {                                                                                                                                                                                                         +
                                               "Node Type": "Seq Scan",                                                                                                                                                                                +
                                               "Parent Relationship": "Outer",                                                                                                                                                                         +
                                               "Parallel Aware": true,                                                                                                                                                                                 +
                                               "Relation Name": "web_sales",                                                                                                                                                                           +
                                               "Alias": "web_sales",                                                                                                                                                                                   +
                                               "Startup Cost": 0.00,                                                                                                                                                                                   +
                                               "Total Cost": 21764.43,                                                                                                                                                                                 +
                                               "Plan Rows": 299743,                                                                                                                                                                                    +
                                               "Plan Width": 8,                                                                                                                                                                                        +
                                               "Actual Startup Time": 0.043,                                                                                                                                                                           +
                                               "Actual Total Time": 89.061,                                                                                                                                                                            +
                                               "Actual Rows": 359692,                                                                                                                                                                                  +
                                               "Actual Loops": 2                                                                                                                                                                                       +
                                             },                                                                                                                                                                                                        +
                                             {                                                                                                                                                                                                         +
                                               "Node Type": "Hash",                                                                                                                                                                                    +
                                               "Parent Relationship": "Inner",                                                                                                                                                                         +
                                               "Parallel Aware": true,                                                                                                                                                                                 +
                                               "Startup Cost": 2156.97,                                                                                                                                                                                +
                                               "Total Cost": 2156.97,                                                                                                                                                                                  +
                                               "Plan Rows": 54,                                                                                                                                                                                        +
                                               "Plan Width": 4,                                                                                                                                                                                        +
                                               "Actual Startup Time": 9.925,                                                                                                                                                                           +
                                               "Actual Total Time": 9.925,                                                                                                                                                                             +
                                               "Actual Rows": 46,                                                                                                                                                                                      +
                                               "Actual Loops": 2,                                                                                                                                                                                      +
                                               "Hash Buckets": 1024,                                                                                                                                                                                   +
                                               "Original Hash Buckets": 1024,                                                                                                                                                                          +
                                               "Hash Batches": 1,                                                                                                                                                                                      +
                                               "Original Hash Batches": 1,                                                                                                                                                                             +
                                               "Peak Memory Usage": 72,                                                                                                                                                                                +
                                               "Plans": [                                                                                                                                                                                              +
                                                 {                                                                                                                                                                                                     +
                                                   "Node Type": "Seq Scan",                                                                                                                                                                            +
                                                   "Parent Relationship": "Outer",                                                                                                                                                                     +
                                                   "Parallel Aware": true,                                                                                                                                                                             +
                                                   "Relation Name": "date_dim",                                                                                                                                                                        +
                                                   "Alias": "date_dim_1",                                                                                                                                                                              +
                                                   "Startup Cost": 0.00,                                                                                                                                                                               +
                                                   "Total Cost": 2156.97,                                                                                                                                                                              +
                                                   "Plan Rows": 54,                                                                                                                                                                                    +
                                                   "Plan Width": 4,                                                                                                                                                                                    +
                                                   "Actual Startup Time": 5.175,                                                                                                                                                                       +
                                                   "Actual Total Time": 9.868,                                                                                                                                                                         +
                                                   "Actual Rows": 46,                                                                                                                                                                                  +
                                                   "Actual Loops": 2,                                                                                                                                                                                  +
                                                   "Filter": "((d_moy >= 4) AND (d_moy <= 6) AND (d_year = 2002))",                                                                                                                                    +
                                                   "Rows Removed by Filter": 36479                                                                                                                                                                     +
                                                 }                                                                                                                                                                                                     +
                                               ]                                                                                                                                                                                                       +
                                             }                                                                                                                                                                                                         +
                                           ]                                                                                                                                                                                                           +
                                         }                                                                                                                                                                                                             +
                                       ]                                                                                                                                                                                                               +
                                     }                                                                                                                                                                                                                 +
                                   ]                                                                                                                                                                                                                   +
                                 },                                                                                                                                                                                                                    +
                                 {                                                                                                                                                                                                                     +
                                   "Node Type": "Index Scan",                                                                                                                                                                                          +
                                   "Parent Relationship": "Inner",                                                                                                                                                                                     +
                                   "Parallel Aware": false,                                                                                                                                                                                            +
                                   "Scan Direction": "Forward",                                                                                                                                                                                        +
                                   "Index Name": "customer_demographics_pkey",                                                                                                                                                                         +
                                   "Relation Name": "customer_demographics",                                                                                                                                                                           +
                                   "Alias": "customer_demographics",                                                                                                                                                                                   +
                                   "Startup Cost": 0.43,                                                                                                                                                                                               +
                                   "Total Cost": 1.53,                                                                                                                                                                                                 +
                                   "Plan Rows": 1,                                                                                                                                                                                                     +
                                   "Plan Width": 44,                                                                                                                                                                                                   +
                                   "Actual Startup Time": 0.077,                                                                                                                                                                                       +
                                   "Actual Total Time": 0.077,                                                                                                                                                                                         +
                                   "Actual Rows": 1,                                                                                                                                                                                                   +
                                   "Actual Loops": 628,                                                                                                                                                                                                +
                                   "Index Cond": "(cd_demo_sk = c.c_current_cdemo_sk)",                                                                                                                                                                +
                                   "Rows Removed by Index Recheck": 0                                                                                                                                                                                  +
                                 }                                                                                                                                                                                                                     +
                               ]                                                                                                                                                                                                                       +
                             },                                                                                                                                                                                                                        +
                             {                                                                                                                                                                                                                         +
                               "Node Type": "Hash",                                                                                                                                                                                                    +
                               "Parent Relationship": "Inner",                                                                                                                                                                                         +
                               "Parallel Aware": true,                                                                                                                                                                                                 +
                               "Startup Cost": 47146.67,                                                                                                                                                                                               +
                               "Total Cost": 47146.67,                                                                                                                                                                                                 +
                               "Plan Rows": 753,                                                                                                                                                                                                       +
                               "Plan Width": 4,                                                                                                                                                                                                        +
                               "Actual Startup Time": 324.654,                                                                                                                                                                                         +
                               "Actual Total Time": 324.654,                                                                                                                                                                                           +
                               "Actual Rows": 20731,                                                                                                                                                                                                   +
                               "Actual Loops": 2,                                                                                                                                                                                                      +
                               "Hash Buckets": 65536,                                                                                                                                                                                                  +
                               "Original Hash Buckets": 2048,                                                                                                                                                                                          +
                               "Hash Batches": 1,                                                                                                                                                                                                      +
                               "Original Hash Batches": 1,                                                                                                                                                                                             +
                               "Peak Memory Usage": 2672,                                                                                                                                                                                              +
                               "Plans": [                                                                                                                                                                                                              +
                                 {                                                                                                                                                                                                                     +
                                   "Node Type": "Hash Join",                                                                                                                                                                                           +
                                   "Parent Relationship": "Outer",                                                                                                                                                                                     +
                                   "Parallel Aware": true,                                                                                                                                                                                             +
                                   "Join Type": "Inner",                                                                                                                                                                                               +
                                   "Startup Cost": 2157.65,                                                                                                                                                                                            +
                                   "Total Cost": 47146.67,                                                                                                                                                                                             +
                                   "Plan Rows": 753,                                                                                                                                                                                                   +
                                   "Plan Width": 4,                                                                                                                                                                                                    +
                                   "Actual Startup Time": 108.795,                                                                                                                                                                                     +
                                   "Actual Total Time": 315.632,                                                                                                                                                                                       +
                                   "Actual Rows": 20731,                                                                                                                                                                                               +
                                   "Actual Loops": 2,                                                                                                                                                                                                  +
                                   "Inner Unique": true,                                                                                                                                                                                               +
                                   "Hash Cond": "(catalog_sales.cs_sold_date_sk = date_dim_2.d_date_sk)",                                                                                                                                              +
                                   "Plans": [                                                                                                                                                                                                          +
                                     {                                                                                                                                                                                                                 +
                                       "Node Type": "Seq Scan",                                                                                                                                                                                        +
                                       "Parent Relationship": "Outer",                                                                                                                                                                                 +
                                       "Parallel Aware": true,                                                                                                                                                                                         +
                                       "Relation Name": "catalog_sales",                                                                                                                                                                               +
                                       "Alias": "catalog_sales",                                                                                                                                                                                       +
                                       "Startup Cost": 0.00,                                                                                                                                                                                           +
                                       "Total Cost": 43412.07,                                                                                                                                                                                         +
                                       "Plan Rows": 600708,                                                                                                                                                                                            +
                                       "Plan Width": 8,                                                                                                                                                                                                +
                                       "Actual Startup Time": 0.038,                                                                                                                                                                                   +
                                       "Actual Total Time": 176.785,                                                                                                                                                                                   +
                                       "Actual Rows": 720774,                                                                                                                                                                                          +
                                       "Actual Loops": 2                                                                                                                                                                                               +
                                     },                                                                                                                                                                                                                +
                                     {                                                                                                                                                                                                                 +
                                       "Node Type": "Hash",                                                                                                                                                                                            +
                                       "Parent Relationship": "Inner",                                                                                                                                                                                 +
                                       "Parallel Aware": true,                                                                                                                                                                                         +
                                       "Startup Cost": 2156.97,                                                                                                                                                                                        +
                                       "Total Cost": 2156.97,                                                                                                                                                                                          +
                                       "Plan Rows": 54,                                                                                                                                                                                                +
                                       "Plan Width": 4,                                                                                                                                                                                                +
                                       "Actual Startup Time": 10.443,                                                                                                                                                                                  +
                                       "Actual Total Time": 10.443,                                                                                                                                                                                    +
                                       "Actual Rows": 46,                                                                                                                                                                                              +
                                       "Actual Loops": 2,                                                                                                                                                                                              +
                                       "Hash Buckets": 1024,                                                                                                                                                                                           +
                                       "Original Hash Buckets": 1024,                                                                                                                                                                                  +
                                       "Hash Batches": 1,                                                                                                                                                                                              +
                                       "Original Hash Batches": 1,                                                                                                                                                                                     +
                                       "Peak Memory Usage": 72,                                                                                                                                                                                        +
                                       "Plans": [                                                                                                                                                                                                      +
                                         {                                                                                                                                                                                                             +
                                           "Node Type": "Seq Scan",                                                                                                                                                                                    +
                                           "Parent Relationship": "Outer",                                                                                                                                                                             +
                                           "Parallel Aware": true,                                                                                                                                                                                     +
                                           "Relation Name": "date_dim",                                                                                                                                                                                +
                                           "Alias": "date_dim_2",                                                                                                                                                                                      +
                                           "Startup Cost": 0.00,                                                                                                                                                                                       +
                                           "Total Cost": 2156.97,                                                                                                                                                                                      +
                                           "Plan Rows": 54,                                                                                                                                                                                            +
                                           "Plan Width": 4,                                                                                                                                                                                            +
                                           "Actual Startup Time": 5.223,                                                                                                                                                                               +
                                           "Actual Total Time": 10.375,                                                                                                                                                                                +
                                           "Actual Rows": 46,                                                                                                                                                                                          +
                                           "Actual Loops": 2,                                                                                                                                                                                          +
                                           "Filter": "((d_moy >= 4) AND (d_moy <= 6) AND (d_year = 2002))",                                                                                                                                            +
                                           "Rows Removed by Filter": 36479                                                                                                                                                                             +
                                         }                                                                                                                                                                                                             +
                                       ]                                                                                                                                                                                                               +
                                     }                                                                                                                                                                                                                 +
                                   ]                                                                                                                                                                                                                   +
                                 }                                                                                                                                                                                                                     +
                               ]                                                                                                                                                                                                                       +
                             }                                                                                                                                                                                                                         +
                           ]                                                                                                                                                                                                                           +
                         }                                                                                                                                                                                                                             +
                       ]                                                                                                                                                                                                                               +
                     }                                                                                                                                                                                                                                 +
                   ]                                                                                                                                                                                                                                   +
                 }                                                                                                                                                                                                                                     +
               ]                                                                                                                                                                                                                                       +
             }                                                                                                                                                                                                                                         +
           ]                                                                                                                                                                                                                                           +
         }                                                                                                                                                                                                                                             +
       ]                                                                                                                                                                                                                                               +
     },                                                                                                                                                                                                                                                +
     "Planning Time": 1.686,                                                                                                                                                                                                                           +
     "Triggers": [                                                                                                                                                                                                                                     +
     ],                                                                                                                                                                                                                                                +
     "Execution Time": 1175.636                                                                                                                                                                                                                        +
   }                                                                                                                                                                                                                                                   +
 ]
(1 row)

