[
  {
    "Plan": {
      "Node Type": "Limit",
      "Parallel Aware": false,
      "Startup Cost": 46131.20,
      "Total Cost": 46131.21,
      "Plan Rows": 3,
      "Plan Width": 84,
      "Actual Startup Time": 311.744,
      "Actual Total Time": 311.752,
      "Actual Rows": 34,
      "Actual Loops": 1,
      "Plans": [
        {
          "Node Type": "Sort",
          "Parent Relationship": "Outer",
          "Parallel Aware": false,
          "Startup Cost": 46131.20,
          "Total Cost": 46131.21,
          "Plan Rows": 3,
          "Plan Width": 84,
          "Actual Startup Time": 311.743,
          "Actual Total Time": 311.746,
          "Actual Rows": 34,
          "Actual Loops": 1,
          "Sort Key": ["('web'::text)", "web.return_rank", "web.currency_rank", "web.item"],
          "Sort Method": "quicksort",
          "Sort Space Used": 27,
          "Sort Space Type": "Memory",
          "Plans": [
            {
              "Node Type": "Aggregate",
              "Strategy": "Hashed",
              "Partial Mode": "Simple",
              "Parent Relationship": "Outer",
              "Parallel Aware": false,
              "Startup Cost": 46131.11,
              "Total Cost": 46131.14,
              "Plan Rows": 3,
              "Plan Width": 84,
              "Actual Startup Time": 311.657,
              "Actual Total Time": 311.675,
              "Actual Rows": 34,
              "Actual Loops": 1,
              "Group Key": ["('web'::text)", "web.item", "web.return_ratio", "web.return_rank", "web.currency_rank"],
              "Plans": [
                {
                  "Node Type": "Append",
                  "Parent Relationship": "Outer",
                  "Parallel Aware": false,
                  "Startup Cost": 7467.59,
                  "Total Cost": 46131.08,
                  "Plan Rows": 3,
                  "Plan Width": 84,
                  "Actual Startup Time": 52.221,
                  "Actual Total Time": 311.613,
                  "Actual Rows": 34,
                  "Actual Loops": 1,
                  "Plans": [
                    {
                      "Node Type": "Subquery Scan",
                      "Parent Relationship": "Member",
                      "Parallel Aware": false,
                      "Alias": "web",
                      "Startup Cost": 7467.59,
                      "Total Cost": 7467.63,
                      "Plan Rows": 1,
                      "Plan Width": 84,
                      "Actual Startup Time": 52.220,
                      "Actual Total Time": 52.255,
                      "Actual Rows": 12,
                      "Actual Loops": 1,
                      "Filter": "((web.return_rank <= 10) OR (web.currency_rank <= 10))",
                      "Rows Removed by Filter": 7,
                      "Plans": [
                        {
                          "Node Type": "WindowAgg",
                          "Parent Relationship": "Subquery",
                          "Parallel Aware": false,
                          "Startup Cost": 7467.59,
                          "Total Cost": 7467.61,
                          "Plan Rows": 1,
                          "Plan Width": 84,
                          "Actual Startup Time": 52.218,
                          "Actual Total Time": 52.248,
                          "Actual Rows": 19,
                          "Actual Loops": 1,
                          "Plans": [
                            {
                              "Node Type": "Sort",
                              "Parent Relationship": "Outer",
                              "Parallel Aware": false,
                              "Startup Cost": 7467.59,
                              "Total Cost": 7467.60,
                              "Plan Rows": 1,
                              "Plan Width": 76,
                              "Actual Startup Time": 52.213,
                              "Actual Total Time": 52.215,
                              "Actual Rows": 19,
                              "Actual Loops": 1,
                              "Sort Key": ["in_web.currency_ratio"],
                              "Sort Method": "quicksort",
                              "Sort Space Used": 26,
                              "Sort Space Type": "Memory",
                              "Plans": [
                                {
                                  "Node Type": "WindowAgg",
                                  "Parent Relationship": "Outer",
                                  "Parallel Aware": false,
                                  "Startup Cost": 7467.56,
                                  "Total Cost": 7467.58,
                                  "Plan Rows": 1,
                                  "Plan Width": 76,
                                  "Actual Startup Time": 52.171,
                                  "Actual Total Time": 52.200,
                                  "Actual Rows": 19,
                                  "Actual Loops": 1,
                                  "Plans": [
                                    {
                                      "Node Type": "Sort",
                                      "Parent Relationship": "Outer",
                                      "Parallel Aware": false,
                                      "Startup Cost": 7467.56,
                                      "Total Cost": 7467.57,
                                      "Plan Rows": 1,
                                      "Plan Width": 68,
                                      "Actual Startup Time": 52.162,
                                      "Actual Total Time": 52.164,
                                      "Actual Rows": 19,
                                      "Actual Loops": 1,
                                      "Sort Key": ["in_web.return_ratio"],
                                      "Sort Method": "quicksort",
                                      "Sort Space Used": 26,
                                      "Sort Space Type": "Memory",
                                      "Plans": [
                                        {
                                          "Node Type": "Subquery Scan",
                                          "Parent Relationship": "Outer",
                                          "Parallel Aware": false,
                                          "Alias": "in_web",
                                          "Startup Cost": 7467.49,
                                          "Total Cost": 7467.55,
                                          "Plan Rows": 1,
                                          "Plan Width": 68,
                                          "Actual Startup Time": 52.076,
                                          "Actual Total Time": 52.148,
                                          "Actual Rows": 19,
                                          "Actual Loops": 1,
                                          "Plans": [
                                            {
                                              "Node Type": "Aggregate",
                                              "Strategy": "Sorted",
                                              "Partial Mode": "Simple",
                                              "Parent Relationship": "Subquery",
                                              "Parallel Aware": false,
                                              "Startup Cost": 7467.49,
                                              "Total Cost": 7467.54,
                                              "Plan Rows": 1,
                                              "Plan Width": 68,
                                              "Actual Startup Time": 52.075,
                                              "Actual Total Time": 52.143,
                                              "Actual Rows": 19,
                                              "Actual Loops": 1,
                                              "Group Key": ["ws.ws_item_sk"],
                                              "Plans": [
                                                {
                                                  "Node Type": "Sort",
                                                  "Parent Relationship": "Outer",
                                                  "Parallel Aware": false,
                                                  "Startup Cost": 7467.49,
                                                  "Total Cost": 7467.50,
                                                  "Plan Rows": 1,
                                                  "Plan Width": 24,
                                                  "Actual Startup Time": 52.057,
                                                  "Actual Total Time": 52.059,
                                                  "Actual Rows": 19,
                                                  "Actual Loops": 1,
                                                  "Sort Key": ["ws.ws_item_sk"],
                                                  "Sort Method": "quicksort",
                                                  "Sort Space Used": 26,
                                                  "Sort Space Type": "Memory",
                                                  "Plans": [
                                                    {
                                                      "Node Type": "Nested Loop",
                                                      "Parent Relationship": "Outer",
                                                      "Parallel Aware": false,
                                                      "Join Type": "Inner",
                                                      "Startup Cost": 0.72,
                                                      "Total Cost": 7467.48,
                                                      "Plan Rows": 1,
                                                      "Plan Width": 24,
                                                      "Actual Startup Time": 5.482,
                                                      "Actual Total Time": 52.024,
                                                      "Actual Rows": 19,
                                                      "Actual Loops": 1,
                                                      "Inner Unique": true,
                                                      "Plans": [
                                                        {
                                                          "Node Type": "Nested Loop",
                                                          "Parent Relationship": "Outer",
                                                          "Parallel Aware": false,
                                                          "Join Type": "Inner",
                                                          "Startup Cost": 0.42,
                                                          "Total Cost": 7467.14,
                                                          "Plan Rows": 1,
                                                          "Plan Width": 28,
                                                          "Actual Startup Time": 0.842,
                                                          "Actual Total Time": 48.863,
                                                          "Actual Rows": 571,
                                                          "Actual Loops": 1,
                                                          "Inner Unique": true,
                                                          "Plans": [
                                                            {
                                                              "Node Type": "Seq Scan",
                                                              "Parent Relationship": "Outer",
                                                              "Parallel Aware": false,
                                                              "Relation Name": "web_returns",
                                                              "Alias": "wr",
                                                              "Startup Cost": 0.00,
                                                              "Total Cost": 2224.04,
                                                              "Plan Rows": 661,
                                                              "Plan Width": 18,
                                                              "Actual Startup Time": 0.377,
                                                              "Actual Total Time": 35.195,
                                                              "Actual Rows": 632,
                                                              "Actual Loops": 1,
                                                              "Filter": "(wr_return_amt > '10000'::numeric)",
                                                              "Rows Removed by Filter": 71131
                                                            },
                                                            {
                                                              "Node Type": "Index Scan",
                                                              "Parent Relationship": "Inner",
                                                              "Parallel Aware": false,
                                                              "Scan Direction": "Forward",
                                                              "Index Name": "web_sales_pkey",
                                                              "Relation Name": "web_sales",
                                                              "Alias": "ws",
                                                              "Startup Cost": 0.42,
                                                              "Total Cost": 7.93,
                                                              "Plan Rows": 1,
                                                              "Plan Width": 22,
                                                              "Actual Startup Time": 0.021,
                                                              "Actual Total Time": 0.021,
                                                              "Actual Rows": 1,
                                                              "Actual Loops": 632,
                                                              "Index Cond": "((ws_item_sk = wr.wr_item_sk) AND (ws_order_number = wr.wr_order_number))",
                                                              "Rows Removed by Index Recheck": 0,
                                                              "Filter": "((ws_net_profit > '1'::numeric) AND (ws_net_paid > '0'::numeric) AND (ws_quantity > 0))",
                                                              "Rows Removed by Filter": 0
                                                            }
                                                          ]
                                                        },
                                                        {
                                                          "Node Type": "Index Scan",
                                                          "Parent Relationship": "Inner",
                                                          "Parallel Aware": false,
                                                          "Scan Direction": "Forward",
                                                          "Index Name": "date_dim_pkey",
                                                          "Relation Name": "date_dim",
                                                          "Alias": "date_dim",
                                                          "Startup Cost": 0.29,
                                                          "Total Cost": 0.34,
                                                          "Plan Rows": 1,
                                                          "Plan Width": 4,
                                                          "Actual Startup Time": 0.005,
                                                          "Actual Total Time": 0.005,
                                                          "Actual Rows": 0,
                                                          "Actual Loops": 571,
                                                          "Index Cond": "(d_date_sk = ws.ws_sold_date_sk)",
                                                          "Rows Removed by Index Recheck": 0,
                                                          "Filter": "((d_year = 2000) AND (d_moy = 11))",
                                                          "Rows Removed by Filter": 1
                                                        }
                                                      ]
                                                    }
                                                  ]
                                                }
                                              ]
                                            }
                                          ]
                                        }
                                      ]
                                    }
                                  ]
                                }
                              ]
                            }
                          ]
                        }
                      ]
                    },
                    {
                      "Node Type": "Subquery Scan",
                      "Parent Relationship": "Member",
                      "Parallel Aware": false,
                      "Alias": "catalog",
                      "Startup Cost": 15440.17,
                      "Total Cost": 15440.20,
                      "Plan Rows": 1,
                      "Plan Width": 84,
                      "Actual Startup Time": 105.086,
                      "Actual Total Time": 105.159,
                      "Actual Rows": 11,
                      "Actual Loops": 1,
                      "Filter": "((catalog.return_rank <= 10) OR (catalog.currency_rank <= 10))",
                      "Rows Removed by Filter": 25,
                      "Plans": [
                        {
                          "Node Type": "WindowAgg",
                          "Parent Relationship": "Subquery",
                          "Parallel Aware": false,
                          "Startup Cost": 15440.17,
                          "Total Cost": 15440.19,
                          "Plan Rows": 1,
                          "Plan Width": 84,
                          "Actual Startup Time": 105.082,
                          "Actual Total Time": 105.147,
                          "Actual Rows": 36,
                          "Actual Loops": 1,
                          "Plans": [
                            {
                              "Node Type": "Sort",
                              "Parent Relationship": "Outer",
                              "Parallel Aware": false,
                              "Startup Cost": 15440.17,
                              "Total Cost": 15440.17,
                              "Plan Rows": 1,
                              "Plan Width": 76,
                              "Actual Startup Time": 105.076,
                              "Actual Total Time": 105.080,
                              "Actual Rows": 36,
                              "Actual Loops": 1,
                              "Sort Key": ["in_cat.currency_ratio"],
                              "Sort Method": "quicksort",
                              "Sort Space Used": 27,
                              "Sort Space Type": "Memory",
                              "Plans": [
                                {
                                  "Node Type": "WindowAgg",
                                  "Parent Relationship": "Outer",
                                  "Parallel Aware": false,
                                  "Startup Cost": 15440.14,
                                  "Total Cost": 15440.16,
                                  "Plan Rows": 1,
                                  "Plan Width": 76,
                                  "Actual Startup Time": 104.983,
                                  "Actual Total Time": 105.046,
                                  "Actual Rows": 36,
                                  "Actual Loops": 1,
                                  "Plans": [
                                    {
                                      "Node Type": "Sort",
                                      "Parent Relationship": "Outer",
                                      "Parallel Aware": false,
                                      "Startup Cost": 15440.14,
                                      "Total Cost": 15440.14,
                                      "Plan Rows": 1,
                                      "Plan Width": 68,
                                      "Actual Startup Time": 104.969,
                                      "Actual Total Time": 104.973,
                                      "Actual Rows": 36,
                                      "Actual Loops": 1,
                                      "Sort Key": ["in_cat.return_ratio"],
                                      "Sort Method": "quicksort",
                                      "Sort Space Used": 27,
                                      "Sort Space Type": "Memory",
                                      "Plans": [
                                        {
                                          "Node Type": "Subquery Scan",
                                          "Parent Relationship": "Outer",
                                          "Parallel Aware": false,
                                          "Alias": "in_cat",
                                          "Startup Cost": 15440.07,
                                          "Total Cost": 15440.13,
                                          "Plan Rows": 1,
                                          "Plan Width": 68,
                                          "Actual Startup Time": 104.787,
                                          "Actual Total Time": 104.943,
                                          "Actual Rows": 36,
                                          "Actual Loops": 1,
                                          "Plans": [
                                            {
                                              "Node Type": "Aggregate",
                                              "Strategy": "Sorted",
                                              "Partial Mode": "Simple",
                                              "Parent Relationship": "Subquery",
                                              "Parallel Aware": false,
                                              "Startup Cost": 15440.07,
                                              "Total Cost": 15440.12,
                                              "Plan Rows": 1,
                                              "Plan Width": 68,
                                              "Actual Startup Time": 104.785,
                                              "Actual Total Time": 104.933,
                                              "Actual Rows": 36,
                                              "Actual Loops": 1,
                                              "Group Key": ["cs.cs_item_sk"],
                                              "Plans": [
                                                {
                                                  "Node Type": "Sort",
                                                  "Parent Relationship": "Outer",
                                                  "Parallel Aware": false,
                                                  "Startup Cost": 15440.07,
                                                  "Total Cost": 15440.07,
                                                  "Plan Rows": 1,
                                                  "Plan Width": 24,
                                                  "Actual Startup Time": 104.763,
                                                  "Actual Total Time": 104.768,
                                                  "Actual Rows": 36,
                                                  "Actual Loops": 1,
                                                  "Sort Key": ["cs.cs_item_sk"],
                                                  "Sort Method": "quicksort",
                                                  "Sort Space Used": 27,
                                                  "Sort Space Type": "Memory",
                                                  "Plans": [
                                                    {
                                                      "Node Type": "Nested Loop",
                                                      "Parent Relationship": "Outer",
                                                      "Parallel Aware": false,
                                                      "Join Type": "Inner",
                                                      "Startup Cost": 0.72,
                                                      "Total Cost": 15440.06,
                                                      "Plan Rows": 1,
                                                      "Plan Width": 24,
                                                      "Actual Startup Time": 55.892,
                                                      "Actual Total Time": 104.730,
                                                      "Actual Rows": 36,
                                                      "Actual Loops": 1,
                                                      "Inner Unique": true,
                                                      "Plans": [
                                                        {
                                                          "Node Type": "Nested Loop",
                                                          "Parent Relationship": "Outer",
                                                          "Parallel Aware": false,
                                                          "Join Type": "Inner",
                                                          "Startup Cost": 0.43,
                                                          "Total Cost": 15439.73,
                                                          "Plan Rows": 1,
                                                          "Plan Width": 28,
                                                          "Actual Startup Time": 2.293,
                                                          "Actual Total Time": 100.276,
                                                          "Actual Rows": 1083,
                                                          "Actual Loops": 1,
                                                          "Inner Unique": true,
                                                          "Plans": [
                                                            {
                                                              "Node Type": "Seq Scan",
                                                              "Parent Relationship": "Outer",
                                                              "Parallel Aware": false,
                                                              "Relation Name": "catalog_returns",
                                                              "Alias": "cr",
                                                              "Startup Cost": 0.00,
                                                              "Total Cost": 4677.84,
                                                              "Plan Rows": 1358,
                                                              "Plan Width": 18,
                                                              "Actual Startup Time": 2.250,
                                                              "Actual Total Time": 78.174,
                                                              "Actual Rows": 1217,
                                                              "Actual Loops": 1,
                                                              "Filter": "(cr_return_amount > '10000'::numeric)",
                                                              "Rows Removed by Filter": 142850
                                                            },
                                                            {
                                                              "Node Type": "Index Scan",
                                                              "Parent Relationship": "Inner",
                                                              "Parallel Aware": false,
                                                              "Scan Direction": "Forward",
                                                              "Index Name": "catalog_sales_pkey",
                                                              "Relation Name": "catalog_sales",
                                                              "Alias": "cs",
                                                              "Startup Cost": 0.43,
                                                              "Total Cost": 7.92,
                                                              "Plan Rows": 1,
                                                              "Plan Width": 22,
                                                              "Actual Startup Time": 0.017,
                                                              "Actual Total Time": 0.017,
                                                              "Actual Rows": 1,
                                                              "Actual Loops": 1217,
                                                              "Index Cond": "((cs_item_sk = cr.cr_item_sk) AND (cs_order_number = cr.cr_order_number))",
                                                              "Rows Removed by Index Recheck": 0,
                                                              "Filter": "((cs_net_profit > '1'::numeric) AND (cs_net_paid > '0'::numeric) AND (cs_quantity > 0))",
                                                              "Rows Removed by Filter": 0
                                                            }
                                                          ]
                                                        },
                                                        {
                                                          "Node Type": "Index Scan",
                                                          "Parent Relationship": "Inner",
                                                          "Parallel Aware": false,
                                                          "Scan Direction": "Forward",
                                                          "Index Name": "date_dim_pkey",
                                                          "Relation Name": "date_dim",
                                                          "Alias": "date_dim_1",
                                                          "Startup Cost": 0.29,
                                                          "Total Cost": 0.33,
                                                          "Plan Rows": 1,
                                                          "Plan Width": 4,
                                                          "Actual Startup Time": 0.004,
                                                          "Actual Total Time": 0.004,
                                                          "Actual Rows": 0,
                                                          "Actual Loops": 1083,
                                                          "Index Cond": "(d_date_sk = cs.cs_sold_date_sk)",
                                                          "Rows Removed by Index Recheck": 0,
                                                          "Filter": "((d_year = 2000) AND (d_moy = 11))",
                                                          "Rows Removed by Filter": 1
                                                        }
                                                      ]
                                                    }
                                                  ]
                                                }
                                              ]
                                            }
                                          ]
                                        }
                                      ]
                                    }
                                  ]
                                }
                              ]
                            }
                          ]
                        }
                      ]
                    },
                    {
                      "Node Type": "Subquery Scan",
                      "Parent Relationship": "Member",
                      "Parallel Aware": false,
                      "Alias": "store",
                      "Startup Cost": 23223.16,
                      "Total Cost": 23223.20,
                      "Plan Rows": 1,
                      "Plan Width": 84,
                      "Actual Startup Time": 154.161,
                      "Actual Total Time": 154.189,
                      "Actual Rows": 11,
                      "Actual Loops": 1,
                      "Filter": "((store.return_rank <= 10) OR (store.currency_rank <= 10))",
                      "Rows Removed by Filter": 4,
                      "Plans": [
                        {
                          "Node Type": "WindowAgg",
                          "Parent Relationship": "Subquery",
                          "Parallel Aware": false,
                          "Startup Cost": 23223.16,
                          "Total Cost": 23223.18,
                          "Plan Rows": 1,
                          "Plan Width": 84,
                          "Actual Startup Time": 154.159,
                          "Actual Total Time": 154.183,
                          "Actual Rows": 15,
                          "Actual Loops": 1,
                          "Plans": [
                            {
                              "Node Type": "Sort",
                              "Parent Relationship": "Outer",
                              "Parallel Aware": false,
                              "Startup Cost": 23223.16,
                              "Total Cost": 23223.17,
                              "Plan Rows": 1,
                              "Plan Width": 76,
                              "Actual Startup Time": 154.154,
                              "Actual Total Time": 154.156,
                              "Actual Rows": 15,
                              "Actual Loops": 1,
                              "Sort Key": ["in_store.currency_ratio"],
                              "Sort Method": "quicksort",
                              "Sort Space Used": 26,
                              "Sort Space Type": "Memory",
                              "Plans": [
                                {
                                  "Node Type": "WindowAgg",
                                  "Parent Relationship": "Outer",
                                  "Parallel Aware": false,
                                  "Startup Cost": 23223.13,
                                  "Total Cost": 23223.15,
                                  "Plan Rows": 1,
                                  "Plan Width": 76,
                                  "Actual Startup Time": 154.109,
                                  "Actual Total Time": 154.132,
                                  "Actual Rows": 15,
                                  "Actual Loops": 1,
                                  "Plans": [
                                    {
                                      "Node Type": "Sort",
                                      "Parent Relationship": "Outer",
                                      "Parallel Aware": false,
                                      "Startup Cost": 23223.13,
                                      "Total Cost": 23223.14,
                                      "Plan Rows": 1,
                                      "Plan Width": 68,
                                      "Actual Startup Time": 154.099,
                                      "Actual Total Time": 154.101,
                                      "Actual Rows": 15,
                                      "Actual Loops": 1,
                                      "Sort Key": ["in_store.return_ratio"],
                                      "Sort Method": "quicksort",
                                      "Sort Space Used": 26,
                                      "Sort Space Type": "Memory",
                                      "Plans": [
                                        {
                                          "Node Type": "Subquery Scan",
                                          "Parent Relationship": "Outer",
                                          "Parallel Aware": false,
                                          "Alias": "in_store",
                                          "Startup Cost": 23223.06,
                                          "Total Cost": 23223.12,
                                          "Plan Rows": 1,
                                          "Plan Width": 68,
                                          "Actual Startup Time": 154.015,
                                          "Actual Total Time": 154.086,
                                          "Actual Rows": 15,
                                          "Actual Loops": 1,
                                          "Plans": [
                                            {
                                              "Node Type": "Aggregate",
                                              "Strategy": "Sorted",
                                              "Partial Mode": "Simple",
                                              "Parent Relationship": "Subquery",
                                              "Parallel Aware": false,
                                              "Startup Cost": 23223.06,
                                              "Total Cost": 23223.11,
                                              "Plan Rows": 1,
                                              "Plan Width": 68,
                                              "Actual Startup Time": 154.013,
                                              "Actual Total Time": 154.081,
                                              "Actual Rows": 15,
                                              "Actual Loops": 1,
                                              "Group Key": ["sts.ss_item_sk"],
                                              "Plans": [
                                                {
                                                  "Node Type": "Sort",
                                                  "Parent Relationship": "Outer",
                                                  "Parallel Aware": false,
                                                  "Startup Cost": 23223.06,
                                                  "Total Cost": 23223.07,
                                                  "Plan Rows": 1,
                                                  "Plan Width": 24,
                                                  "Actual Startup Time": 153.995,
                                                  "Actual Total Time": 153.998,
                                                  "Actual Rows": 15,
                                                  "Actual Loops": 1,
                                                  "Sort Key": ["sts.ss_item_sk"],
                                                  "Sort Method": "quicksort",
                                                  "Sort Space Used": 26,
                                                  "Sort Space Type": "Memory",
                                                  "Plans": [
                                                    {
                                                      "Node Type": "Nested Loop",
                                                      "Parent Relationship": "Outer",
                                                      "Parallel Aware": false,
                                                      "Join Type": "Inner",
                                                      "Startup Cost": 0.72,
                                                      "Total Cost": 23223.05,
                                                      "Plan Rows": 1,
                                                      "Plan Width": 24,
                                                      "Actual Startup Time": 1.822,
                                                      "Actual Total Time": 153.959,
                                                      "Actual Rows": 15,
                                                      "Actual Loops": 1,
                                                      "Inner Unique": true,
                                                      "Plans": [
                                                        {
                                                          "Node Type": "Nested Loop",
                                                          "Parent Relationship": "Outer",
                                                          "Parallel Aware": false,
                                                          "Join Type": "Inner",
                                                          "Startup Cost": 0.43,
                                                          "Total Cost": 23222.73,
                                                          "Plan Rows": 1,
                                                          "Plan Width": 28,
                                                          "Actual Startup Time": 1.280,
                                                          "Actual Total Time": 151.646,
                                                          "Actual Rows": 391,
                                                          "Actual Loops": 1,
                                                          "Inner Unique": true,
                                                          "Plans": [
                                                            {
                                                              "Node Type": "Seq Scan",
                                                              "Parent Relationship": "Outer",
                                                              "Parallel Aware": false,
                                                              "Relation Name": "store_returns",
                                                              "Alias": "sr",
                                                              "Startup Cost": 0.00,
                                                              "Total Cost": 8384.92,
                                                              "Plan Rows": 1840,
                                                              "Plan Width": 18,
                                                              "Actual Startup Time": 1.239,
                                                              "Actual Total Time": 139.837,
                                                              "Actual Rows": 507,
                                                              "Actual Loops": 1,
                                                              "Filter": "(sr_return_amt > '10000'::numeric)",
                                                              "Rows Removed by Filter": 287007
                                                            },
                                                            {
                                                              "Node Type": "Index Scan",
                                                              "Parent Relationship": "Inner",
                                                              "Parallel Aware": false,
                                                              "Scan Direction": "Forward",
                                                              "Index Name": "store_sales_pkey",
                                                              "Relation Name": "store_sales",
                                                              "Alias": "sts",
                                                              "Startup Cost": 0.43,
                                                              "Total Cost": 8.06,
                                                              "Plan Rows": 1,
                                                              "Plan Width": 22,
                                                              "Actual Startup Time": 0.022,
                                                              "Actual Total Time": 0.022,
                                                              "Actual Rows": 1,
                                                              "Actual Loops": 507,
                                                              "Index Cond": "((ss_item_sk = sr.sr_item_sk) AND (ss_ticket_number = sr.sr_ticket_number))",
                                                              "Rows Removed by Index Recheck": 0,
                                                              "Filter": "((ss_net_profit > '1'::numeric) AND (ss_net_paid > '0'::numeric) AND (ss_quantity > 0))",
                                                              "Rows Removed by Filter": 0
                                                            }
                                                          ]
                                                        },
                                                        {
                                                          "Node Type": "Index Scan",
                                                          "Parent Relationship": "Inner",
                                                          "Parallel Aware": false,
                                                          "Scan Direction": "Forward",
                                                          "Index Name": "date_dim_pkey",
                                                          "Relation Name": "date_dim",
                                                          "Alias": "date_dim_2",
                                                          "Startup Cost": 0.29,
                                                          "Total Cost": 0.33,
                                                          "Plan Rows": 1,
                                                          "Plan Width": 4,
                                                          "Actual Startup Time": 0.005,
                                                          "Actual Total Time": 0.005,
                                                          "Actual Rows": 0,
                                                          "Actual Loops": 391,
                                                          "Index Cond": "(d_date_sk = sts.ss_sold_date_sk)",
                                                          "Rows Removed by Index Recheck": 0,
                                                          "Filter": "((d_year = 2000) AND (d_moy = 11))",
                                                          "Rows Removed by Filter": 1
                                                        }
                                                      ]
                                                    }
                                                  ]
                                                }
                                              ]
                                            }
                                          ]
                                        }
                                      ]
                                    }
                                  ]
                                }
                              ]
                            }
                          ]
                        }
                      ]
                    }
                  ]
                }
              ]
            }
          ]
        }
      ]
    },
    "Planning Time": 5.338,
    "Triggers": [
    ],
    "Execution Time": 312.134
  }
]
