[
  {
    "Plan": {
      "Node Type": "Limit",
      "Parallel Aware": false,
      "Startup Cost": 9720.76,
      "Total Cost": 9721.07,
      "Plan Rows": 1,
      "Plan Width": 153,
      "Actual Startup Time": 2427.197,
      "Actual Total Time": 2427.197,
      "Actual Rows": 0,
      "Actual Loops": 1,
      "Plans": [
        {
          "Node Type": "Aggregate",
          "Strategy": "Sorted",
          "Partial Mode": "Finalize",
          "Parent Relationship": "Outer",
          "Parallel Aware": false,
          "Startup Cost": 9720.76,
          "Total Cost": 9721.07,
          "Plan Rows": 1,
          "Plan Width": 153,
          "Actual Startup Time": 2427.195,
          "Actual Total Time": 2427.196,
          "Actual Rows": 0,
          "Actual Loops": 1,
          "Group Key": ["item.i_item_id", "item.i_item_desc", "store.s_store_id", "store.s_store_name"],
          "Plans": [
            {
              "Node Type": "Gather Merge",
              "Parent Relationship": "Outer",
              "Parallel Aware": false,
              "Startup Cost": 9720.76,
              "Total Cost": 9721.03,
              "Plan Rows": 2,
              "Plan Width": 153,
              "Actual Startup Time": 2427.194,
              "Actual Total Time": 2436.771,
              "Actual Rows": 0,
              "Actual Loops": 1,
              "Workers Planned": 2,
              "Workers Launched": 2,
              "Plans": [
                {
                  "Node Type": "Aggregate",
                  "Strategy": "Sorted",
                  "Partial Mode": "Partial",
                  "Parent Relationship": "Outer",
                  "Parallel Aware": false,
                  "Startup Cost": 8720.74,
                  "Total Cost": 8720.77,
                  "Plan Rows": 1,
                  "Plan Width": 153,
                  "Actual Startup Time": 2420.772,
                  "Actual Total Time": 2420.772,
                  "Actual Rows": 0,
                  "Actual Loops": 3,
                  "Group Key": ["item.i_item_id", "item.i_item_desc", "store.s_store_id", "store.s_store_name"],
                  "Plans": [
                    {
                      "Node Type": "Sort",
                      "Parent Relationship": "Outer",
                      "Parallel Aware": false,
                      "Startup Cost": 8720.74,
                      "Total Cost": 8720.74,
                      "Plan Rows": 1,
                      "Plan Width": 153,
                      "Actual Startup Time": 2420.769,
                      "Actual Total Time": 2420.769,
                      "Actual Rows": 0,
                      "Actual Loops": 3,
                      "Sort Key": ["item.i_item_id", "item.i_item_desc", "store.s_store_id", "store.s_store_name"],
                      "Sort Method": "quicksort",
                      "Sort Space Used": 25,
                      "Sort Space Type": "Memory",
                      "Workers": [
                        {
                          "Worker Number": 0,
                          "Sort Method": "quicksort",
                          "Sort Space Used": 25,
                          "Sort Space Type": "Memory"
                        },
                        {
                          "Worker Number": 1,
                          "Sort Method": "quicksort",
                          "Sort Space Used": 25,
                          "Sort Space Type": "Memory"
                        }
                      ],
                      "Plans": [
                        {
                          "Node Type": "Nested Loop",
                          "Parent Relationship": "Outer",
                          "Parallel Aware": false,
                          "Join Type": "Inner",
                          "Startup Cost": 2159.74,
                          "Total Cost": 8720.73,
                          "Plan Rows": 1,
                          "Plan Width": 153,
                          "Actual Startup Time": 2420.375,
                          "Actual Total Time": 2420.375,
                          "Actual Rows": 0,
                          "Actual Loops": 3,
                          "Inner Unique": true,
                          "Plans": [
                            {
                              "Node Type": "Nested Loop",
                              "Parent Relationship": "Outer",
                              "Parallel Aware": false,
                              "Join Type": "Inner",
                              "Startup Cost": 2159.45,
                              "Total Cost": 8720.42,
                              "Plan Rows": 1,
                              "Plan Width": 46,
                              "Actual Startup Time": 2420.374,
                              "Actual Total Time": 2420.374,
                              "Actual Rows": 0,
                              "Actual Loops": 3,
                              "Inner Unique": true,
                              "Plans": [
                                {
                                  "Node Type": "Nested Loop",
                                  "Parent Relationship": "Outer",
                                  "Parallel Aware": false,
                                  "Join Type": "Inner",
                                  "Startup Cost": 2159.32,
                                  "Total Cost": 8720.27,
                                  "Plan Rows": 1,
                                  "Plan Width": 28,
                                  "Actual Startup Time": 2420.374,
                                  "Actual Total Time": 2420.374,
                                  "Actual Rows": 0,
                                  "Actual Loops": 3,
                                  "Inner Unique": true,
                                  "Plans": [
                                    {
                                      "Node Type": "Nested Loop",
                                      "Parent Relationship": "Outer",
                                      "Parallel Aware": false,
                                      "Join Type": "Inner",
                                      "Startup Cost": 2159.02,
                                      "Total Cost": 8719.95,
                                      "Plan Rows": 1,
                                      "Plan Width": 32,
                                      "Actual Startup Time": 2302.735,
                                      "Actual Total Time": 2420.364,
                                      "Actual Rows": 0,
                                      "Actual Loops": 3,
                                      "Inner Unique": true,
                                      "Plans": [
                                        {
                                          "Node Type": "Nested Loop",
                                          "Parent Relationship": "Outer",
                                          "Parallel Aware": false,
                                          "Join Type": "Inner",
                                          "Startup Cost": 2158.73,
                                          "Total Cost": 8719.63,
                                          "Plan Rows": 1,
                                          "Plan Width": 36,
                                          "Actual Startup Time": 969.450,
                                          "Actual Total Time": 2420.187,
                                          "Actual Rows": 4,
                                          "Actual Loops": 3,
                                          "Inner Unique": false,
                                          "Plans": [
                                            {
                                              "Node Type": "Nested Loop",
                                              "Parent Relationship": "Outer",
                                              "Parallel Aware": false,
                                              "Join Type": "Inner",
                                              "Startup Cost": 2158.30,
                                              "Total Cost": 8717.37,
                                              "Plan Rows": 1,
                                              "Plan Width": 32,
                                              "Actual Startup Time": 10.020,
                                              "Actual Total Time": 182.559,
                                              "Actual Rows": 3904,
                                              "Actual Loops": 3,
                                              "Inner Unique": true,
                                              "Plans": [
                                                {
                                                  "Node Type": "Hash Join",
                                                  "Parent Relationship": "Outer",
                                                  "Parallel Aware": true,
                                                  "Join Type": "Inner",
                                                  "Startup Cost": 2157.88,
                                                  "Total Cost": 8461.34,
                                                  "Plan Rows": 193,
                                                  "Plan Width": 16,
                                                  "Actual Startup Time": 9.876,
                                                  "Actual Total Time": 69.581,
                                                  "Actual Rows": 5241,
                                                  "Actual Loops": 3,
                                                  "Inner Unique": true,
                                                  "Hash Cond": "(store_returns.sr_returned_date_sk = d2.d_date_sk)",
                                                  "Plans": [
                                                    {
                                                      "Node Type": "Seq Scan",
                                                      "Parent Relationship": "Outer",
                                                      "Parallel Aware": true,
                                                      "Relation Name": "store_returns",
                                                      "Alias": "store_returns",
                                                      "Startup Cost": 0.00,
                                                      "Total Cost": 5988.98,
                                                      "Plan Rows": 119798,
                                                      "Plan Width": 20,
                                                      "Actual Startup Time": 0.060,
                                                      "Actual Total Time": 28.636,
                                                      "Actual Rows": 95838,
                                                      "Actual Loops": 3
                                                    },
                                                    {
                                                      "Node Type": "Hash",
                                                      "Parent Relationship": "Inner",
                                                      "Parallel Aware": true,
                                                      "Startup Cost": 2156.97,
                                                      "Total Cost": 2156.97,
                                                      "Plan Rows": 72,
                                                      "Plan Width": 4,
                                                      "Actual Startup Time": 9.555,
                                                      "Actual Total Time": 9.555,
                                                      "Actual Rows": 41,
                                                      "Actual Loops": 3,
                                                      "Hash Buckets": 1024,
                                                      "Original Hash Buckets": 1024,
                                                      "Hash Batches": 1,
                                                      "Original Hash Batches": 1,
                                                      "Peak Memory Usage": 104,
                                                      "Plans": [
                                                        {
                                                          "Node Type": "Seq Scan",
                                                          "Parent Relationship": "Outer",
                                                          "Parallel Aware": true,
                                                          "Relation Name": "date_dim",
                                                          "Alias": "d2",
                                                          "Startup Cost": 0.00,
                                                          "Total Cost": 2156.97,
                                                          "Plan Rows": 72,
                                                          "Plan Width": 4,
                                                          "Actual Startup Time": 4.281,
                                                          "Actual Total Time": 9.359,
                                                          "Actual Rows": 41,
                                                          "Actual Loops": 3,
                                                          "Filter": "((d_moy >= 4) AND (d_moy <= 7) AND (d_year = 2000))",
                                                          "Rows Removed by Filter": 24309
                                                        }
                                                      ]
                                                    }
                                                  ]
                                                },
                                                {
                                                  "Node Type": "Index Scan",
                                                  "Parent Relationship": "Inner",
                                                  "Parallel Aware": false,
                                                  "Scan Direction": "Forward",
                                                  "Index Name": "store_sales_pkey",
                                                  "Relation Name": "store_sales",
                                                  "Alias": "store_sales",
                                                  "Startup Cost": 0.43,
                                                  "Total Cost": 1.32,
                                                  "Plan Rows": 1,
                                                  "Plan Width": 24,
                                                  "Actual Startup Time": 0.020,
                                                  "Actual Total Time": 0.020,
                                                  "Actual Rows": 1,
                                                  "Actual Loops": 15723,
                                                  "Index Cond": "((ss_item_sk = store_returns.sr_item_sk) AND (ss_ticket_number = store_returns.sr_ticket_number))",
                                                  "Rows Removed by Index Recheck": 0,
                                                  "Filter": "(store_returns.sr_customer_sk = ss_customer_sk)",
                                                  "Rows Removed by Filter": 0
                                                }
                                              ]
                                            },
                                            {
                                              "Node Type": "Index Scan",
                                              "Parent Relationship": "Inner",
                                              "Parallel Aware": false,
                                              "Scan Direction": "Forward",
                                              "Index Name": "catalog_sales_pkey",
                                              "Relation Name": "catalog_sales",
                                              "Alias": "catalog_sales",
                                              "Startup Cost": 0.43,
                                              "Total Cost": 2.25,
                                              "Plan Rows": 1,
                                              "Plan Width": 16,
                                              "Actual Startup Time": 0.572,
                                              "Actual Total Time": 0.572,
                                              "Actual Rows": 0,
                                              "Actual Loops": 11712,
                                              "Index Cond": "(cs_item_sk = store_sales.ss_item_sk)",
                                              "Rows Removed by Index Recheck": 0,
                                              "Filter": "(store_sales.ss_customer_sk = cs_bill_customer_sk)",
                                              "Rows Removed by Filter": 106
                                            }
                                          ]
                                        },
                                        {
                                          "Node Type": "Index Scan",
                                          "Parent Relationship": "Inner",
                                          "Parallel Aware": false,
                                          "Scan Direction": "Forward",
                                          "Index Name": "date_dim_pkey",
                                          "Relation Name": "date_dim",
                                          "Alias": "d1",
                                          "Startup Cost": 0.29,
                                          "Total Cost": 0.32,
                                          "Plan Rows": 1,
                                          "Plan Width": 4,
                                          "Actual Startup Time": 0.042,
                                          "Actual Total Time": 0.042,
                                          "Actual Rows": 0,
                                          "Actual Loops": 12,
                                          "Index Cond": "(d_date_sk = store_sales.ss_sold_date_sk)",
                                          "Rows Removed by Index Recheck": 0,
                                          "Filter": "((d_moy = 4) AND (d_year = 2000))",
                                          "Rows Removed by Filter": 1
                                        }
                                      ]
                                    },
                                    {
                                      "Node Type": "Index Scan",
                                      "Parent Relationship": "Inner",
                                      "Parallel Aware": false,
                                      "Scan Direction": "Forward",
                                      "Index Name": "date_dim_pkey",
                                      "Relation Name": "date_dim",
                                      "Alias": "d3",
                                      "Startup Cost": 0.29,
                                      "Total Cost": 0.32,
                                      "Plan Rows": 1,
                                      "Plan Width": 4,
                                      "Actual Startup Time": 0.026,
                                      "Actual Total Time": 0.026,
                                      "Actual Rows": 0,
                                      "Actual Loops": 1,
                                      "Index Cond": "(d_date_sk = catalog_sales.cs_sold_date_sk)",
                                      "Rows Removed by Index Recheck": 0,
                                      "Filter": "(d_year = ANY ('{2000,2001,2002}'::integer[]))",
                                      "Rows Removed by Filter": 1
                                    }
                                  ]
                                },
                                {
                                  "Node Type": "Index Scan",
                                  "Parent Relationship": "Inner",
                                  "Parallel Aware": false,
                                  "Scan Direction": "Forward",
                                  "Index Name": "store_pkey",
                                  "Relation Name": "store",
                                  "Alias": "store",
                                  "Startup Cost": 0.14,
                                  "Total Cost": 0.15,
                                  "Plan Rows": 1,
                                  "Plan Width": 26,
                                  "Actual Startup Time": 0.000,
                                  "Actual Total Time": 0.000,
                                  "Actual Rows": 0,
                                  "Actual Loops": 0,
                                  "Index Cond": "(s_store_sk = store_sales.ss_store_sk)",
                                  "Rows Removed by Index Recheck": 0
                                }
                              ]
                            },
                            {
                              "Node Type": "Index Scan",
                              "Parent Relationship": "Inner",
                              "Parallel Aware": false,
                              "Scan Direction": "Forward",
                              "Index Name": "item_pkey",
                              "Relation Name": "item",
                              "Alias": "item",
                              "Startup Cost": 0.29,
                              "Total Cost": 0.31,
                              "Plan Rows": 1,
                              "Plan Width": 123,
                              "Actual Startup Time": 0.000,
                              "Actual Total Time": 0.000,
                              "Actual Rows": 0,
                              "Actual Loops": 0,
                              "Index Cond": "(i_item_sk = store_sales.ss_item_sk)",
                              "Rows Removed by Index Recheck": 0
                            }
                          ]
                        }
                      ]
                    }
                  ]
                }
              ]
            }
          ]
        }
      ]
    },
    "Planning Time": 23.844,
    "Triggers": [
    ],
    "Execution Time": 2436.946
  }
]
