                                              QUERY PLAN                                              
------------------------------------------------------------------------------------------------------
 [                                                                                                   +
   {                                                                                                 +
     "Plan": {                                                                                       +
       "Node Type": "Limit",                                                                         +
       "Parallel Aware": false,                                                                      +
       "Startup Cost": 103113.83,                                                                    +
       "Total Cost": 103114.08,                                                                      +
       "Plan Rows": 100,                                                                             +
       "Plan Width": 100,                                                                            +
       "Actual Startup Time": 3693.632,                                                              +
       "Actual Total Time": 3693.662,                                                                +
       "Actual Rows": 100,                                                                           +
       "Actual Loops": 1,                                                                            +
       "Plans": [                                                                                    +
         {                                                                                           +
           "Node Type": "Aggregate",                                                                 +
           "Strategy": "Sorted",                                                                     +
           "Partial Mode": "Finalize",                                                               +
           "Parent Relationship": "InitPlan",                                                        +
           "Subplan Name": "CTE ss",                                                                 +
           "Parallel Aware": false,                                                                  +
           "Startup Cost": 48928.43,                                                                 +
           "Total Cost": 48936.33,                                                                   +
           "Plan Rows": 83,                                                                          +
           "Plan Width": 49,                                                                         +
           "Actual Startup Time": 2181.461,                                                          +
           "Actual Total Time": 2189.521,                                                            +
           "Actual Rows": 1568,                                                                      +
           "Actual Loops": 1,                                                                        +
           "Group Key": ["item.i_item_id"],                                                          +
           "Plans": [                                                                                +
             {                                                                                       +
               "Node Type": "Gather Merge",                                                          +
               "Parent Relationship": "Outer",                                                       +
               "Parallel Aware": false,                                                              +
               "Startup Cost": 48928.43,                                                             +
               "Total Cost": 48934.92,                                                               +
               "Plan Rows": 49,                                                                      +
               "Plan Width": 49,                                                                     +
               "Actual Startup Time": 2181.442,                                                      +
               "Actual Total Time": 2186.263,                                                        +
               "Actual Rows": 1568,                                                                  +
               "Actual Loops": 1,                                                                    +
               "Workers Planned": 1,                                                                 +
               "Workers Launched": 1,                                                                +
               "Plans": [                                                                            +
                 {                                                                                   +
                   "Node Type": "Aggregate",                                                         +
                   "Strategy": "Sorted",                                                             +
                   "Partial Mode": "Partial",                                                        +
                   "Parent Relationship": "Outer",                                                   +
                   "Parallel Aware": false,                                                          +
                   "Startup Cost": 47928.42,                                                         +
                   "Total Cost": 47929.40,                                                           +
                   "Plan Rows": 49,                                                                  +
                   "Plan Width": 49,                                                                 +
                   "Actual Startup Time": 2176.574,                                                  +
                   "Actual Total Time": 2178.729,                                                    +
                   "Actual Rows": 784,                                                               +
                   "Actual Loops": 2,                                                                +
                   "Group Key": ["item.i_item_id"],                                                  +
                   "Plans": [                                                                        +
                     {                                                                               +
                       "Node Type": "Sort",                                                          +
                       "Parent Relationship": "Outer",                                               +
                       "Parallel Aware": false,                                                      +
                       "Startup Cost": 47928.42,                                                     +
                       "Total Cost": 47928.54,                                                       +
                       "Plan Rows": 49,                                                              +
                       "Plan Width": 23,                                                             +
                       "Actual Startup Time": 2176.546,                                              +
                       "Actual Total Time": 2176.786,                                                +
                       "Actual Rows": 1928,                                                          +
                       "Actual Loops": 2,                                                            +
                       "Sort Key": ["item.i_item_id"],                                               +
                       "Sort Method": "quicksort",                                                   +
                       "Sort Space Used": 202,                                                       +
                       "Sort Space Type": "Memory",                                                  +
                       "Workers": [                                                                  +
                         {                                                                           +
                           "Worker Number": 0,                                                       +
                           "Sort Method": "quicksort",                                               +
                           "Sort Space Used": 196,                                                   +
                           "Sort Space Type": "Memory"                                               +
                         }                                                                           +
                       ],                                                                            +
                       "Plans": [                                                                    +
                         {                                                                           +
                           "Node Type": "Nested Loop",                                               +
                           "Parent Relationship": "Outer",                                           +
                           "Parallel Aware": false,                                                  +
                           "Join Type": "Inner",                                                     +
                           "Startup Cost": 3426.52,                                                  +
                           "Total Cost": 47927.05,                                                   +
                           "Plan Rows": 49,                                                          +
                           "Plan Width": 23,                                                         +
                           "Actual Startup Time": 21.463,                                            +
                           "Actual Total Time": 2159.309,                                            +
                           "Actual Rows": 1928,                                                      +
                           "Actual Loops": 2,                                                        +
                           "Inner Unique": true,                                                     +
                           "Plans": [                                                                +
                             {                                                                       +
                               "Node Type": "Hash Join",                                             +
                               "Parent Relationship": "Outer",                                       +
                               "Parallel Aware": true,                                               +
                               "Join Type": "Inner",                                                 +
                               "Startup Cost": 3426.23,                                              +
                               "Total Cost": 47883.10,                                               +
                               "Plan Rows": 141,                                                     +
                               "Plan Width": 27,                                                     +
                               "Actual Startup Time": 19.333,                                        +
                               "Actual Total Time": 2087.317,                                        +
                               "Actual Rows": 5600,                                                  +
                               "Actual Loops": 2,                                                    +
                               "Inner Unique": true,                                                 +
                               "Hash Cond": "(store_sales.ss_sold_date_sk = date_dim.d_date_sk)",    +
                               "Plans": [                                                            +
                                 {                                                                   +
                                   "Node Type": "Nested Loop",                                       +
                                   "Parent Relationship": "Outer",                                   +
                                   "Parallel Aware": false,                                          +
                                   "Join Type": "Inner",                                             +
                                   "Startup Cost": 1376.46,                                          +
                                   "Total Cost": 44894.24,                                           +
                                   "Plan Rows": 357724,                                              +
                                   "Plan Width": 31,                                                 +
                                   "Actual Startup Time": 8.115,                                     +
                                   "Actual Total Time": 1982.221,                                    +
                                   "Actual Rows": 279940,                                            +
                                   "Actual Loops": 2,                                                +
                                   "Inner Unique": false,                                            +
                                   "Plans": [                                                        +
                                     {                                                               +
                                       "Node Type": "Hash Join",                                     +
                                       "Parent Relationship": "Outer",                               +
                                       "Parallel Aware": true,                                       +
                                       "Join Type": "Semi",                                          +
                                       "Startup Cost": 1376.03,                                      +
                                       "Total Cost": 2767.36,                                        +
                                       "Plan Rows": 2235,                                            +
                                       "Plan Width": 21,                                             +
                                       "Actual Startup Time": 8.010,                                 +
                                       "Actual Total Time": 22.695,                                  +
                                       "Actual Rows": 2008,                                          +
                                       "Actual Loops": 2,                                            +
                                       "Inner Unique": false,                                        +
                                       "Hash Cond": "(item.i_item_id = item_1.i_item_id)",           +
                                       "Plans": [                                                    +
                                         {                                                           +
                                           "Node Type": "Seq Scan",                                  +
                                           "Parent Relationship": "Outer",                           +
                                           "Parallel Aware": true,                                   +
                                           "Relation Name": "item",                                  +
                                           "Alias": "item",                                          +
                                           "Startup Cost": 0.00,                                     +
                                           "Total Cost": 1335.88,                                    +
                                           "Plan Rows": 10588,                                       +
                                           "Plan Width": 21,                                         +
                                           "Actual Startup Time": 0.008,                             +
                                           "Actual Total Time": 7.493,                               +
                                           "Actual Rows": 9000,                                      +
                                           "Actual Loops": 2                                         +
                                         },                                                          +
                                         {                                                           +
                                           "Node Type": "Hash",                                      +
                                           "Parent Relationship": "Inner",                           +
                                           "Parallel Aware": true,                                   +
                                           "Startup Cost": 1362.35,                                  +
                                           "Total Cost": 1362.35,                                    +
                                           "Plan Rows": 1094,                                        +
                                           "Plan Width": 17,                                         +
                                           "Actual Startup Time": 7.874,                             +
                                           "Actual Total Time": 7.875,                               +
                                           "Actual Rows": 930,                                       +
                                           "Actual Loops": 2,                                        +
                                           "Hash Buckets": 2048,                                     +
                                           "Original Hash Buckets": 2048,                            +
                                           "Hash Batches": 1,                                        +
                                           "Original Hash Batches": 1,                               +
                                           "Peak Memory Usage": 144,                                 +
                                           "Plans": [                                                +
                                             {                                                       +
                                               "Node Type": "Seq Scan",                              +
                                               "Parent Relationship": "Outer",                       +
                                               "Parallel Aware": true,                               +
                                               "Relation Name": "item",                              +
                                               "Alias": "item_1",                                    +
                                               "Startup Cost": 0.00,                                 +
                                               "Total Cost": 1362.35,                                +
                                               "Plan Rows": 1094,                                    +
                                               "Plan Width": 17,                                     +
                                               "Actual Startup Time": 0.022,                         +
                                               "Actual Total Time": 7.367,                           +
                                               "Actual Rows": 930,                                   +
                                               "Actual Loops": 2,                                    +
                                               "Filter": "(i_category = 'Music'::bpchar)",           +
                                               "Rows Removed by Filter": 8070                        +
                                             }                                                       +
                                           ]                                                         +
                                         }                                                           +
                                       ]                                                             +
                                     },                                                              +
                                     {                                                               +
                                       "Node Type": "Index Scan",                                    +
                                       "Parent Relationship": "Inner",                               +
                                       "Parallel Aware": false,                                      +
                                       "Scan Direction": "Forward",                                  +
                                       "Index Name": "store_sales_pkey",                             +
                                       "Relation Name": "store_sales",                               +
                                       "Alias": "store_sales",                                       +
                                       "Startup Cost": 0.43,                                         +
                                       "Total Cost": 17.11,                                          +
                                       "Plan Rows": 174,                                             +
                                       "Plan Width": 18,                                             +
                                       "Actual Startup Time": 0.018,                                 +
                                       "Actual Total Time": 0.891,                                   +
                                       "Actual Rows": 139,                                           +
                                       "Actual Loops": 4017,                                         +
                                       "Index Cond": "(ss_item_sk = item.i_item_sk)",                +
                                       "Rows Removed by Index Recheck": 0                            +
                                     }                                                               +
                                   ]                                                                 +
                                 },                                                                  +
                                 {                                                                   +
                                   "Node Type": "Hash",                                              +
                                   "Parent Relationship": "Inner",                                   +
                                   "Parallel Aware": true,                                           +
                                   "Startup Cost": 2049.55,                                          +
                                   "Total Cost": 2049.55,                                            +
                                   "Plan Rows": 18,                                                  +
                                   "Plan Width": 4,                                                  +
                                   "Actual Startup Time": 10.487,                                    +
                                   "Actual Total Time": 10.487,                                      +
                                   "Actual Rows": 16,                                                +
                                   "Actual Loops": 2,                                                +
                                   "Hash Buckets": 1024,                                             +
                                   "Original Hash Buckets": 1024,                                    +
                                   "Hash Batches": 1,                                                +
                                   "Original Hash Batches": 1,                                       +
                                   "Peak Memory Usage": 72,                                          +
                                   "Plans": [                                                        +
                                     {                                                               +
                                       "Node Type": "Seq Scan",                                      +
                                       "Parent Relationship": "Outer",                               +
                                       "Parallel Aware": true,                                       +
                                       "Relation Name": "date_dim",                                  +
                                       "Alias": "date_dim",                                          +
                                       "Startup Cost": 0.00,                                         +
                                       "Total Cost": 2049.55,                                        +
                                       "Plan Rows": 18,                                              +
                                       "Plan Width": 4,                                              +
                                       "Actual Startup Time": 4.898,                                 +
                                       "Actual Total Time": 10.400,                                  +
                                       "Actual Rows": 16,                                            +
                                       "Actual Loops": 2,                                            +
                                       "Filter": "((d_year = 1999) AND (d_moy = 8))",                +
                                       "Rows Removed by Filter": 36509                               +
                                     }                                                               +
                                   ]                                                                 +
                                 }                                                                   +
                               ]                                                                     +
                             },                                                                      +
                             {                                                                       +
                               "Node Type": "Index Scan",                                            +
                               "Parent Relationship": "Inner",                                       +
                               "Parallel Aware": false,                                              +
                               "Scan Direction": "Forward",                                          +
                               "Index Name": "customer_address_pkey",                                +
                               "Relation Name": "customer_address",                                  +
                               "Alias": "customer_address",                                          +
                               "Startup Cost": 0.29,                                                 +
                               "Total Cost": 0.31,                                                   +
                               "Plan Rows": 1,                                                       +
                               "Plan Width": 4,                                                      +
                               "Actual Startup Time": 0.012,                                         +
                               "Actual Total Time": 0.012,                                           +
                               "Actual Rows": 0,                                                     +
                               "Actual Loops": 11199,                                                +
                               "Index Cond": "(ca_address_sk = store_sales.ss_addr_sk)",             +
                               "Rows Removed by Index Recheck": 0,                                   +
                               "Filter": "(ca_gmt_offset = '-5'::numeric)",                          +
                               "Rows Removed by Filter": 1                                           +
                             }                                                                       +
                           ]                                                                         +
                         }                                                                           +
                       ]                                                                             +
                     }                                                                               +
                   ]                                                                                 +
                 }                                                                                   +
               ]                                                                                     +
             }                                                                                       +
           ]                                                                                         +
         },                                                                                          +
         {                                                                                           +
           "Node Type": "Aggregate",                                                                 +
           "Strategy": "Sorted",                                                                     +
           "Partial Mode": "Finalize",                                                               +
           "Parent Relationship": "InitPlan",                                                        +
           "Subplan Name": "CTE cs",                                                                 +
           "Parallel Aware": false,                                                                  +
           "Startup Cost": 33847.70,                                                                 +
           "Total Cost": 33851.90,                                                                   +
           "Plan Rows": 45,                                                                          +
           "Plan Width": 49,                                                                         +
           "Actual Startup Time": 1029.320,                                                          +
           "Actual Total Time": 1035.064,                                                            +
           "Actual Rows": 1258,                                                                      +
           "Actual Loops": 1,                                                                        +
           "Group Key": ["item_2.i_item_id"],                                                        +
           "Plans": [                                                                                +
             {                                                                                       +
               "Node Type": "Gather Merge",                                                          +
               "Parent Relationship": "Outer",                                                       +
               "Parallel Aware": false,                                                              +
               "Startup Cost": 33847.70,                                                             +
               "Total Cost": 33851.15,                                                               +
               "Plan Rows": 26,                                                                      +
               "Plan Width": 49,                                                                     +
               "Actual Startup Time": 1029.308,                                                      +
               "Actual Total Time": 1032.611,                                                        +
               "Actual Rows": 1258,                                                                  +
               "Actual Loops": 1,                                                                    +
               "Workers Planned": 1,                                                                 +
               "Workers Launched": 1,                                                                +
               "Plans": [                                                                            +
                 {                                                                                   +
                   "Node Type": "Aggregate",                                                         +
                   "Strategy": "Sorted",                                                             +
                   "Partial Mode": "Partial",                                                        +
                   "Parent Relationship": "Outer",                                                   +
                   "Parallel Aware": false,                                                          +
                   "Startup Cost": 32847.69,                                                         +
                   "Total Cost": 32848.21,                                                           +
                   "Plan Rows": 26,                                                                  +
                   "Plan Width": 49,                                                                 +
                   "Actual Startup Time": 1019.150,                                                  +
                   "Actual Total Time": 1020.558,                                                    +
                   "Actual Rows": 629,                                                               +
                   "Actual Loops": 2,                                                                +
                   "Group Key": ["item_2.i_item_id"],                                                +
                   "Plans": [                                                                        +
                     {                                                                               +
                       "Node Type": "Sort",                                                          +
                       "Parent Relationship": "Outer",                                               +
                       "Parallel Aware": false,                                                      +
                       "Startup Cost": 32847.69,                                                     +
                       "Total Cost": 32847.76,                                                       +
                       "Plan Rows": 26,                                                              +
                       "Plan Width": 23,                                                             +
                       "Actual Startup Time": 1019.126,                                              +
                       "Actual Total Time": 1019.258,                                                +
                       "Actual Rows": 1110,                                                          +
                       "Actual Loops": 2,                                                            +
                       "Sort Key": ["item_2.i_item_id"],                                             +
                       "Sort Method": "quicksort",                                                   +
                       "Sort Space Used": 136,                                                       +
                       "Sort Space Type": "Memory",                                                  +
                       "Workers": [                                                                  +
                         {                                                                           +
                           "Worker Number": 0,                                                       +
                           "Sort Method": "quicksort",                                               +
                           "Sort Space Used": 134,                                                   +
                           "Sort Space Type": "Memory"                                               +
                         }                                                                           +
                       ],                                                                            +
                       "Plans": [                                                                    +
                         {                                                                           +
                           "Node Type": "Nested Loop",                                               +
                           "Parent Relationship": "Outer",                                           +
                           "Parallel Aware": false,                                                  +
                           "Join Type": "Inner",                                                     +
                           "Startup Cost": 3426.52,                                                  +
                           "Total Cost": 32847.08,                                                   +
                           "Plan Rows": 26,                                                          +
                           "Plan Width": 23,                                                         +
                           "Actual Startup Time": 25.694,                                            +
                           "Actual Total Time": 1009.620,                                            +
                           "Actual Rows": 1110,                                                      +
                           "Actual Loops": 2,                                                        +
                           "Inner Unique": true,                                                     +
                           "Plans": [                                                                +
                             {                                                                       +
                               "Node Type": "Hash Join",                                             +
                               "Parent Relationship": "Outer",                                       +
                               "Parallel Aware": true,                                               +
                               "Join Type": "Inner",                                                 +
                               "Startup Cost": 3426.23,                                              +
                               "Total Cost": 32824.20,                                               +
                               "Plan Rows": 73,                                                      +
                               "Plan Width": 27,                                                     +
                               "Actual Startup Time": 24.944,                                        +
                               "Actual Total Time": 973.280,                                         +
                               "Actual Rows": 3070,                                                  +
                               "Actual Loops": 2,                                                    +
                               "Inner Unique": true,                                                 +
                               "Hash Cond": "(catalog_sales.cs_sold_date_sk = date_dim_1.d_date_sk)",+
                               "Plans": [                                                            +
                                 {                                                                   +
                                   "Node Type": "Nested Loop",                                       +
                                   "Parent Relationship": "Outer",                                   +
                                   "Parallel Aware": false,                                          +
                                   "Join Type": "Inner",                                             +
                                   "Startup Cost": 1376.46,                                          +
                                   "Total Cost": 30304.41,                                           +
                                   "Plan Rows": 179045,                                              +
                                   "Plan Width": 31,                                                 +
                                   "Actual Startup Time": 11.162,                                    +
                                   "Actual Total Time": 915.414,                                     +
                                   "Actual Rows": 140132,                                            +
                                   "Actual Loops": 2,                                                +
                                   "Inner Unique": false,                                            +
                                   "Plans": [                                                        +
                                     {                                                               +
                                       "Node Type": "Hash Join",                                     +
                                       "Parent Relationship": "Outer",                               +
                                       "Parallel Aware": true,                                       +
                                       "Join Type": "Semi",                                          +
                                       "Startup Cost": 1376.03,                                      +
                                       "Total Cost": 2767.36,                                        +
                                       "Plan Rows": 2235,                                            +
                                       "Plan Width": 21,                                             +
                                       "Actual Startup Time": 11.034,                                +
                                       "Actual Total Time": 24.033,                                  +
                                       "Actual Rows": 2008,                                          +
                                       "Actual Loops": 2,                                            +
                                       "Inner Unique": false,                                        +
                                       "Hash Cond": "(item_2.i_item_id = item_3.i_item_id)",         +
                                       "Plans": [                                                    +
                                         {                                                           +
                                           "Node Type": "Seq Scan",                                  +
                                           "Parent Relationship": "Outer",                           +
                                           "Parallel Aware": true,                                   +
                                           "Relation Name": "item",                                  +
                                           "Alias": "item_2",                                        +
                                           "Startup Cost": 0.00,                                     +
                                           "Total Cost": 1335.88,                                    +
                                           "Plan Rows": 10588,                                       +
                                           "Plan Width": 21,                                         +
                                           "Actual Startup Time": 0.007,                             +
                                           "Actual Total Time": 6.829,                               +
                                           "Actual Rows": 9000,                                      +
                                           "Actual Loops": 2                                         +
                                         },                                                          +
                                         {                                                           +
                                           "Node Type": "Hash",                                      +
                                           "Parent Relationship": "Inner",                           +
                                           "Parallel Aware": true,                                   +
                                           "Startup Cost": 1362.35,                                  +
                                           "Total Cost": 1362.35,                                    +
                                           "Plan Rows": 1094,                                        +
                                           "Plan Width": 17,                                         +
                                           "Actual Startup Time": 10.882,                            +
                                           "Actual Total Time": 10.883,                              +
                                           "Actual Rows": 930,                                       +
                                           "Actual Loops": 2,                                        +
                                           "Hash Buckets": 2048,                                     +
                                           "Original Hash Buckets": 2048,                            +
                                           "Hash Batches": 1,                                        +
                                           "Original Hash Batches": 1,                               +
                                           "Peak Memory Usage": 144,                                 +
                                           "Plans": [                                                +
                                             {                                                       +
                                               "Node Type": "Seq Scan",                              +
                                               "Parent Relationship": "Outer",                       +
                                               "Parallel Aware": true,                               +
                                               "Relation Name": "item",                              +
                                               "Alias": "item_3",                                    +
                                               "Startup Cost": 0.00,                                 +
                                               "Total Cost": 1362.35,                                +
                                               "Plan Rows": 1094,                                    +
                                               "Plan Width": 17,                                     +
                                               "Actual Startup Time": 0.046,                         +
                                               "Actual Total Time": 10.251,                          +
                                               "Actual Rows": 930,                                   +
                                               "Actual Loops": 2,                                    +
                                               "Filter": "(i_category = 'Music'::bpchar)",           +
                                               "Rows Removed by Filter": 8070                        +
                                             }                                                       +
                                           ]                                                         +
                                         }                                                           +
                                       ]                                                             +
                                     },                                                              +
                                     {                                                               +
                                       "Node Type": "Index Scan",                                    +
                                       "Parent Relationship": "Inner",                               +
                                       "Parallel Aware": false,                                      +
                                       "Scan Direction": "Forward",                                  +
                                       "Index Name": "catalog_sales_pkey",                           +
                                       "Relation Name": "catalog_sales",                             +
                                       "Alias": "catalog_sales",                                     +
                                       "Startup Cost": 0.43,                                         +
                                       "Total Cost": 11.44,                                          +
                                       "Plan Rows": 88,                                              +
                                       "Plan Width": 18,                                             +
                                       "Actual Startup Time": 0.015,                                 +
                                       "Actual Total Time": 0.397,                                   +
                                       "Actual Rows": 70,                                            +
                                       "Actual Loops": 4017,                                         +
                                       "Index Cond": "(cs_item_sk = item_2.i_item_sk)",              +
                                       "Rows Removed by Index Recheck": 0                            +
                                     }                                                               +
                                   ]                                                                 +
                                 },                                                                  +
                                 {                                                                   +
                                   "Node Type": "Hash",                                              +
                                   "Parent Relationship": "Inner",                                   +
                                   "Parallel Aware": true,                                           +
                                   "Startup Cost": 2049.55,                                          +
                                   "Total Cost": 2049.55,                                            +
                                   "Plan Rows": 18,                                                  +
                                   "Plan Width": 4,                                                  +
                                   "Actual Startup Time": 13.196,                                    +
                                   "Actual Total Time": 13.196,                                      +
                                   "Actual Rows": 16,                                                +
                                   "Actual Loops": 2,                                                +
                                   "Hash Buckets": 1024,                                             +
                                   "Original Hash Buckets": 1024,                                    +
                                   "Hash Batches": 1,                                                +
                                   "Original Hash Batches": 1,                                       +
                                   "Peak Memory Usage": 40,                                          +
                                   "Plans": [                                                        +
                                     {                                                               +
                                       "Node Type": "Seq Scan",                                      +
                                       "Parent Relationship": "Outer",                               +
                                       "Parallel Aware": true,                                       +
                                       "Relation Name": "date_dim",                                  +
                                       "Alias": "date_dim_1",                                        +
                                       "Startup Cost": 0.00,                                         +
                                       "Total Cost": 2049.55,                                        +
                                       "Plan Rows": 18,                                              +
                                       "Plan Width": 4,                                              +
                                       "Actual Startup Time": 8.435,                                 +
                                       "Actual Total Time": 13.166,                                  +
                                       "Actual Rows": 16,                                            +
                                       "Actual Loops": 2,                                            +
                                       "Filter": "((d_year = 1999) AND (d_moy = 8))",                +
                                       "Rows Removed by Filter": 36509                               +
                                     }                                                               +
                                   ]                                                                 +
                                 }                                                                   +
                               ]                                                                     +
                             },                                                                      +
                             {                                                                       +
                               "Node Type": "Index Scan",                                            +
                               "Parent Relationship": "Inner",                                       +
                               "Parallel Aware": false,                                              +
                               "Scan Direction": "Forward",                                          +
                               "Index Name": "customer_address_pkey",                                +
                               "Relation Name": "customer_address",                                  +
                               "Alias": "customer_address_1",                                        +
                               "Startup Cost": 0.29,                                                 +
                               "Total Cost": 0.31,                                                   +
                               "Plan Rows": 1,                                                       +
                               "Plan Width": 4,                                                      +
                               "Actual Startup Time": 0.011,                                         +
                               "Actual Total Time": 0.011,                                           +
                               "Actual Rows": 0,                                                     +
                               "Actual Loops": 6139,                                                 +
                               "Index Cond": "(ca_address_sk = catalog_sales.cs_bill_addr_sk)",      +
                               "Rows Removed by Index Recheck": 0,                                   +
                               "Filter": "(ca_gmt_offset = '-5'::numeric)",                          +
                               "Rows Removed by Filter": 1                                           +
                             }                                                                       +
                           ]                                                                         +
                         }                                                                           +
                       ]                                                                             +
                     }                                                                               +
                   ]                                                                                 +
                 }                                                                                   +
               ]                                                                                     +
             }                                                                                       +
           ]                                                                                         +
         },                                                                                          +
         {                                                                                           +
           "Node Type": "Aggregate",                                                                 +
           "Strategy": "Sorted",                                                                     +
           "Partial Mode": "Finalize",                                                               +
           "Parent Relationship": "InitPlan",                                                        +
           "Subplan Name": "CTE ws",                                                                 +
           "Parallel Aware": false,                                                                  +
           "Startup Cost": 20311.47,                                                                 +
           "Total Cost": 20313.72,                                                                   +
           "Plan Rows": 23,                                                                          +
           "Plan Width": 49,                                                                         +
           "Actual Startup Time": 441.778,                                                           +
           "Actual Total Time": 449.020,                                                             +
           "Actual Rows": 841,                                                                       +
           "Actual Loops": 1,                                                                        +
           "Group Key": ["item_4.i_item_id"],                                                        +
           "Plans": [                                                                                +
             {                                                                                       +
               "Node Type": "Gather Merge",                                                          +
               "Parent Relationship": "Outer",                                                       +
               "Parallel Aware": false,                                                              +
               "Startup Cost": 20311.47,                                                             +
               "Total Cost": 20313.33,                                                               +
               "Plan Rows": 14,                                                                      +
               "Plan Width": 49,                                                                     +
               "Actual Startup Time": 441.760,                                                       +
               "Actual Total Time": 445.990,                                                         +
               "Actual Rows": 841,                                                                   +
               "Actual Loops": 1,                                                                    +
               "Workers Planned": 1,                                                                 +
               "Workers Launched": 1,                                                                +
               "Plans": [                                                                            +
                 {                                                                                   +
                   "Node Type": "Aggregate",                                                         +
                   "Strategy": "Sorted",                                                             +
                   "Partial Mode": "Partial",                                                        +
                   "Parent Relationship": "Outer",                                                   +
                   "Parallel Aware": false,                                                          +
                   "Startup Cost": 19311.46,                                                         +
                   "Total Cost": 19311.74,                                                           +
                   "Plan Rows": 14,                                                                  +
                   "Plan Width": 49,                                                                 +
                   "Actual Startup Time": 436.448,                                                   +
                   "Actual Total Time": 438.003,                                                     +
                   "Actual Rows": 420,                                                               +
                   "Actual Loops": 2,                                                                +
                   "Group Key": ["item_4.i_item_id"],                                                +
                   "Plans": [                                                                        +
                     {                                                                               +
                       "Node Type": "Sort",                                                          +
                       "Parent Relationship": "Outer",                                               +
                       "Parallel Aware": false,                                                      +
                       "Startup Cost": 19311.46,                                                     +
                       "Total Cost": 19311.50,                                                       +
                       "Plan Rows": 14,                                                              +
                       "Plan Width": 23,                                                             +
                       "Actual Startup Time": 436.414,                                               +
                       "Actual Total Time": 436.572,                                                 +
                       "Actual Rows": 600,                                                           +
                       "Actual Loops": 2,                                                            +
                       "Sort Key": ["item_4.i_item_id"],                                             +
                       "Sort Method": "quicksort",                                                   +
                       "Sort Space Used": 76,                                                        +
                       "Sort Space Type": "Memory",                                                  +
                       "Workers": [                                                                  +
                         {                                                                           +
                           "Worker Number": 0,                                                       +
                           "Sort Method": "quicksort",                                               +
                           "Sort Space Used": 67,                                                    +
                           "Sort Space Type": "Memory"                                               +
                         }                                                                           +
                       ],                                                                            +
                       "Plans": [                                                                    +
                         {                                                                           +
                           "Node Type": "Nested Loop",                                               +
                           "Parent Relationship": "Outer",                                           +
                           "Parallel Aware": false,                                                  +
                           "Join Type": "Inner",                                                     +
                           "Startup Cost": 3426.52,                                                  +
                           "Total Cost": 19311.19,                                                   +
                           "Plan Rows": 14,                                                          +
                           "Plan Width": 23,                                                         +
                           "Actual Startup Time": 25.361,                                            +
                           "Actual Total Time": 428.358,                                             +
                           "Actual Rows": 600,                                                       +
                           "Actual Loops": 2,                                                        +
                           "Inner Unique": true,                                                     +
                           "Plans": [                                                                +
                             {                                                                       +
                               "Node Type": "Hash Join",                                             +
                               "Parent Relationship": "Outer",                                       +
                               "Parallel Aware": true,                                               +
                               "Join Type": "Inner",                                                 +
                               "Startup Cost": 3426.23,                                              +
                               "Total Cost": 19299.79,                                               +
                               "Plan Rows": 36,                                                      +
                               "Plan Width": 27,                                                     +
                               "Actual Startup Time": 24.162,                                        +
                               "Actual Total Time": 407.769,                                         +
                               "Actual Rows": 1584,                                                  +
                               "Actual Loops": 2,                                                    +
                               "Inner Unique": true,                                                 +
                               "Hash Cond": "(web_sales.ws_sold_date_sk = date_dim_2.d_date_sk)",    +
                               "Plans": [                                                            +
                                 {                                                                   +
                                   "Node Type": "Nested Loop",                                       +
                                   "Parent Relationship": "Outer",                                   +
                                   "Parallel Aware": false,                                          +
                                   "Join Type": "Inner",                                             +
                                   "Startup Cost": 1376.45,                                          +
                                   "Total Cost": 17015.48,                                           +
                                   "Plan Rows": 89341,                                               +
                                   "Plan Width": 31,                                                 +
                                   "Actual Startup Time": 10.052,                                    +
                                   "Actual Total Time": 373.110,                                     +
                                   "Actual Rows": 69762,                                             +
                                   "Actual Loops": 2,                                                +
                                   "Inner Unique": false,                                            +
                                   "Plans": [                                                        +
                                     {                                                               +
                                       "Node Type": "Hash Join",                                     +
                                       "Parent Relationship": "Outer",                               +
                                       "Parallel Aware": true,                                       +
                                       "Join Type": "Semi",                                          +
                                       "Startup Cost": 1376.03,                                      +
                                       "Total Cost": 2767.36,                                        +
                                       "Plan Rows": 2235,                                            +
                                       "Plan Width": 21,                                             +
                                       "Actual Startup Time": 9.939,                                 +
                                       "Actual Total Time": 24.008,                                  +
                                       "Actual Rows": 2008,                                          +
                                       "Actual Loops": 2,                                            +
                                       "Inner Unique": false,                                        +
                                       "Hash Cond": "(item_4.i_item_id = item_5.i_item_id)",         +
                                       "Plans": [                                                    +
                                         {                                                           +
                                           "Node Type": "Seq Scan",                                  +
                                           "Parent Relationship": "Outer",                           +
                                           "Parallel Aware": true,                                   +
                                           "Relation Name": "item",                                  +
                                           "Alias": "item_4",                                        +
                                           "Startup Cost": 0.00,                                     +
                                           "Total Cost": 1335.88,                                    +
                                           "Plan Rows": 10588,                                       +
                                           "Plan Width": 21,                                         +
                                           "Actual Startup Time": 0.007,                             +
                                           "Actual Total Time": 7.646,                               +
                                           "Actual Rows": 9000,                                      +
                                           "Actual Loops": 2                                         +
                                         },                                                          +
                                         {                                                           +
                                           "Node Type": "Hash",                                      +
                                           "Parent Relationship": "Inner",                           +
                                           "Parallel Aware": true,                                   +
                                           "Startup Cost": 1362.35,                                  +
                                           "Total Cost": 1362.35,                                    +
                                           "Plan Rows": 1094,                                        +
                                           "Plan Width": 17,                                         +
                                           "Actual Startup Time": 9.826,                             +
                                           "Actual Total Time": 9.827,                               +
                                           "Actual Rows": 930,                                       +
                                           "Actual Loops": 2,                                        +
                                           "Hash Buckets": 2048,                                     +
                                           "Original Hash Buckets": 2048,                            +
                                           "Hash Batches": 1,                                        +
                                           "Original Hash Batches": 1,                               +
                                           "Peak Memory Usage": 144,                                 +
                                           "Plans": [                                                +
                                             {                                                       +
                                               "Node Type": "Seq Scan",                              +
                                               "Parent Relationship": "Outer",                       +
                                               "Parallel Aware": true,                               +
                                               "Relation Name": "item",                              +
                                               "Alias": "item_5",                                    +
                                               "Startup Cost": 0.00,                                 +
                                               "Total Cost": 1362.35,                                +
                                               "Plan Rows": 1094,                                    +
                                               "Plan Width": 17,                                     +
                                               "Actual Startup Time": 0.053,                         +
                                               "Actual Total Time": 9.308,                           +
                                               "Actual Rows": 930,                                   +
                                               "Actual Loops": 2,                                    +
                                               "Filter": "(i_category = 'Music'::bpchar)",           +
                                               "Rows Removed by Filter": 8070                        +
                                             }                                                       +
                                           ]                                                         +
                                         }                                                           +
                                       ]                                                             +
                                     },                                                              +
                                     {                                                               +
                                       "Node Type": "Index Scan",                                    +
                                       "Parent Relationship": "Inner",                               +
                                       "Parallel Aware": false,                                      +
                                       "Scan Direction": "Forward",                                  +
                                       "Index Name": "web_sales_pkey",                               +
                                       "Relation Name": "web_sales",                                 +
                                       "Alias": "web_sales",                                         +
                                       "Startup Cost": 0.42,                                         +
                                       "Total Cost": 5.93,                                           +
                                       "Plan Rows": 44,                                              +
                                       "Plan Width": 18,                                             +
                                       "Actual Startup Time": 0.013,                                 +
                                       "Actual Total Time": 0.149,                                   +
                                       "Actual Rows": 35,                                            +
                                       "Actual Loops": 4017,                                         +
                                       "Index Cond": "(ws_item_sk = item_4.i_item_sk)",              +
                                       "Rows Removed by Index Recheck": 0                            +
                                     }                                                               +
                                   ]                                                                 +
                                 },                                                                  +
                                 {                                                                   +
                                   "Node Type": "Hash",                                              +
                                   "Parent Relationship": "Inner",                                   +
                                   "Parallel Aware": true,                                           +
                                   "Startup Cost": 2049.55,                                          +
                                   "Total Cost": 2049.55,                                            +
                                   "Plan Rows": 18,                                                  +
                                   "Plan Width": 4,                                                  +
                                   "Actual Startup Time": 13.176,                                    +
                                   "Actual Total Time": 13.176,                                      +
                                   "Actual Rows": 16,                                                +
                                   "Actual Loops": 2,                                                +
                                   "Hash Buckets": 1024,                                             +
                                   "Original Hash Buckets": 1024,                                    +
                                   "Hash Batches": 1,                                                +
                                   "Original Hash Batches": 1,                                       +
                                   "Peak Memory Usage": 72,                                          +
                                   "Plans": [                                                        +
                                     {                                                               +
                                       "Node Type": "Seq Scan",                                      +
                                       "Parent Relationship": "Outer",                               +
                                       "Parallel Aware": true,                                       +
                                       "Relation Name": "date_dim",                                  +
                                       "Alias": "date_dim_2",                                        +
                                       "Startup Cost": 0.00,                                         +
                                       "Total Cost": 2049.55,                                        +
                                       "Plan Rows": 18,                                              +
                                       "Plan Width": 4,                                              +
                                       "Actual Startup Time": 6.313,                                 +
                                       "Actual Total Time": 13.046,                                  +
                                       "Actual Rows": 16,                                            +
                                       "Actual Loops": 2,                                            +
                                       "Filter": "((d_year = 1999) AND (d_moy = 8))",                +
                                       "Rows Removed by Filter": 36509                               +
                                     }                                                               +
                                   ]                                                                 +
                                 }                                                                   +
                               ]                                                                     +
                             },                                                                      +
                             {                                                                       +
                               "Node Type": "Index Scan",                                            +
                               "Parent Relationship": "Inner",                                       +
                               "Parallel Aware": false,                                              +
                               "Scan Direction": "Forward",                                          +
                               "Index Name": "customer_address_pkey",                                +
                               "Relation Name": "customer_address",                                  +
                               "Alias": "customer_address_2",                                        +
                               "Startup Cost": 0.29,                                                 +
                               "Total Cost": 0.32,                                                   +
                               "Plan Rows": 1,                                                       +
                               "Plan Width": 4,                                                      +
                               "Actual Startup Time": 0.012,                                         +
                               "Actual Total Time": 0.012,                                           +
                               "Actual Rows": 0,                                                     +
                               "Actual Loops": 3167,                                                 +
                               "Index Cond": "(ca_address_sk = web_sales.ws_bill_addr_sk)",          +
                               "Rows Removed by Index Recheck": 0,                                   +
                               "Filter": "(ca_gmt_offset = '-5'::numeric)",                          +
                               "Rows Removed by Filter": 1                                           +
                             }                                                                       +
                           ]                                                                         +
                         }                                                                           +
                       ]                                                                             +
                     }                                                                               +
                   ]                                                                                 +
                 }                                                                                   +
               ]                                                                                     +
             }                                                                                       +
           ]                                                                                         +
         },                                                                                          +
         {                                                                                           +
           "Node Type": "Sort",                                                                      +
           "Parent Relationship": "Outer",                                                           +
           "Parallel Aware": false,                                                                  +
           "Startup Cost": 11.88,                                                                    +
           "Total Cost": 12.26,                                                                      +
           "Plan Rows": 151,                                                                         +
           "Plan Width": 100,                                                                        +
           "Actual Startup Time": 3693.631,                                                          +
           "Actual Total Time": 3693.642,                                                            +
           "Actual Rows": 100,                                                                       +
           "Actual Loops": 1,                                                                        +
           "Sort Key": ["ss.i_item_id", "(sum(ss.total_sales))"],                                    +
           "Sort Method": "top-N heapsort",                                                          +
           "Sort Space Used": 38,                                                                    +
           "Sort Space Type": "Memory",                                                              +
           "Plans": [                                                                                +
             {                                                                                       +
               "Node Type": "Aggregate",                                                             +
               "Strategy": "Hashed",                                                                 +
               "Partial Mode": "Simple",                                                             +
               "Parent Relationship": "Outer",                                                       +
               "Parallel Aware": false,                                                              +
               "Startup Cost": 4.53,                                                                 +
               "Total Cost": 6.42,                                                                   +
               "Plan Rows": 151,                                                                     +
               "Plan Width": 100,                                                                    +
               "Actual Startup Time": 3681.664,                                                      +
               "Actual Total Time": 3684.002,                                                        +
               "Actual Rows": 1731,                                                                  +
               "Actual Loops": 1,                                                                    +
               "Group Key": ["ss.i_item_id"],                                                        +
               "Plans": [                                                                            +
                 {                                                                                   +
                   "Node Type": "Append",                                                            +
                   "Parent Relationship": "Outer",                                                   +
                   "Parallel Aware": false,                                                          +
                   "Startup Cost": 0.00,                                                             +
                   "Total Cost": 3.77,                                                               +
                   "Plan Rows": 151,                                                                 +
                   "Plan Width": 100,                                                                +
                   "Actual Startup Time": 2181.464,                                                  +
                   "Actual Total Time": 3677.104,                                                    +
                   "Actual Rows": 3667,                                                              +
                   "Actual Loops": 1,                                                                +
                   "Plans": [                                                                        +
                     {                                                                               +
                       "Node Type": "CTE Scan",                                                      +
                       "Parent Relationship": "Member",                                              +
                       "Parallel Aware": false,                                                      +
                       "CTE Name": "ss",                                                             +
                       "Alias": "ss",                                                                +
                       "Startup Cost": 0.00,                                                         +
                       "Total Cost": 1.66,                                                           +
                       "Plan Rows": 83,                                                              +
                       "Plan Width": 100,                                                            +
                       "Actual Startup Time": 2181.463,                                              +
                       "Actual Total Time": 2190.604,                                                +
                       "Actual Rows": 1568,                                                          +
                       "Actual Loops": 1                                                             +
                     },                                                                              +
                     {                                                                               +
                       "Node Type": "CTE Scan",                                                      +
                       "Parent Relationship": "Member",                                              +
                       "Parallel Aware": false,                                                      +
                       "CTE Name": "cs",                                                             +
                       "Alias": "cs",                                                                +
                       "Startup Cost": 0.00,                                                         +
                       "Total Cost": 0.90,                                                           +
                       "Plan Rows": 45,                                                              +
                       "Plan Width": 100,                                                            +
                       "Actual Startup Time": 1029.323,                                              +
                       "Actual Total Time": 1035.824,                                                +
                       "Actual Rows": 1258,                                                          +
                       "Actual Loops": 1                                                             +
                     },                                                                              +
                     {                                                                               +
                       "Node Type": "CTE Scan",                                                      +
                       "Parent Relationship": "Member",                                              +
                       "Parallel Aware": false,                                                      +
                       "CTE Name": "ws",                                                             +
                       "Alias": "ws",                                                                +
                       "Startup Cost": 0.00,                                                         +
                       "Total Cost": 0.46,                                                           +
                       "Plan Rows": 23,                                                              +
                       "Plan Width": 100,                                                            +
                       "Actual Startup Time": 441.783,                                               +
                       "Actual Total Time": 449.980,                                                 +
                       "Actual Rows": 841,                                                           +
                       "Actual Loops": 1                                                             +
                     }                                                                               +
                   ]                                                                                 +
                 }                                                                                   +
               ]                                                                                     +
             }                                                                                       +
           ]                                                                                         +
         }                                                                                           +
       ]                                                                                             +
     },                                                                                              +
     "Planning Time": 6.417,                                                                         +
     "Triggers": [                                                                                   +
     ],                                                                                              +
     "Execution Time": 3694.703                                                                      +
   }                                                                                                 +
 ]
(1 row)

