[
  {
    "Plan": {
      "Node Type": "Limit",
      "Parallel Aware": false,
      "Startup Cost": 152313.60,
      "Total Cost": 152313.61,
      "Plan Rows": 1,
      "Plan Width": 24,
      "Actual Startup Time": 4302.944,
      "Actual Total Time": 4302.944,
      "Actual Rows": 1,
      "Actual Loops": 1,
      "Plans": [
        {
          "Node Type": "Group",
          "Parent Relationship": "InitPlan",
          "Subplan Name": "CTE ssci",
          "Parallel Aware": false,
          "Startup Cost": 91503.43,
          "Total Cost": 91605.67,
          "Plan Rows": 13631,
          "Plan Width": 8,
          "Actual Startup Time": 1628.518,
          "Actual Total Time": 1978.126,
          "Actual Rows": 540390,
          "Actual Loops": 1,
          "Group Key": ["store_sales.ss_customer_sk", "store_sales.ss_item_sk"],
          "Plans": [
            {
              "Node Type": "Sort",
              "Parent Relationship": "Outer",
              "Parallel Aware": false,
              "Startup Cost": 91503.43,
              "Total Cost": 91537.51,
              "Plan Rows": 13631,
              "Plan Width": 8,
              "Actual Startup Time": 1628.514,
              "Actual Total Time": 1763.820,
              "Actual Rows": 545916,
              "Actual Loops": 1,
              "Sort Key": ["store_sales.ss_customer_sk", "store_sales.ss_item_sk"],
              "Sort Method": "external merge",
              "Sort Space Used": 9600,
              "Sort Space Type": "Disk",
              "Plans": [
                {
                  "Node Type": "Hash Join",
                  "Parent Relationship": "Outer",
                  "Parallel Aware": false,
                  "Join Type": "Inner",
                  "Startup Cost": 2505.26,
                  "Total Cost": 90567.35,
                  "Plan Rows": 13631,
                  "Plan Width": 8,
                  "Actual Startup Time": 14.996,
                  "Actual Total Time": 1201.944,
                  "Actual Rows": 545916,
                  "Actual Loops": 1,
                  "Inner Unique": true,
                  "Hash Cond": "(store_sales.ss_sold_date_sk = date_dim.d_date_sk)",
                  "Plans": [
                    {
                      "Node Type": "Seq Scan",
                      "Parent Relationship": "Outer",
                      "Parallel Aware": false,
                      "Relation Name": "store_sales",
                      "Alias": "store_sales",
                      "Startup Cost": 0.00,
                      "Total Cost": 80500.49,
                      "Plan Rows": 2880449,
                      "Plan Width": 12,
                      "Actual Startup Time": 0.023,
                      "Actual Total Time": 567.638,
                      "Actual Rows": 2880404,
                      "Actual Loops": 1
                    },
                    {
                      "Node Type": "Hash",
                      "Parent Relationship": "Inner",
                      "Parallel Aware": false,
                      "Startup Cost": 2500.73,
                      "Total Cost": 2500.73,
                      "Plan Rows": 362,
                      "Plan Width": 4,
                      "Actual Startup Time": 14.956,
                      "Actual Total Time": 14.956,
                      "Actual Rows": 366,
                      "Actual Loops": 1,
                      "Hash Buckets": 1024,
                      "Original Hash Buckets": 1024,
                      "Hash Batches": 1,
                      "Original Hash Batches": 1,
                      "Peak Memory Usage": 21,
                      "Plans": [
                        {
                          "Node Type": "Seq Scan",
                          "Parent Relationship": "Outer",
                          "Parallel Aware": false,
                          "Relation Name": "date_dim",
                          "Alias": "date_dim",
                          "Startup Cost": 0.00,
                          "Total Cost": 2500.73,
                          "Plan Rows": 362,
                          "Plan Width": 4,
                          "Actual Startup Time": 7.441,
                          "Actual Total Time": 14.866,
                          "Actual Rows": 366,
                          "Actual Loops": 1,
                          "Filter": "((d_month_seq >= 1194) AND (d_month_seq <= 1205))",
                          "Rows Removed by Filter": 72683
                        }
                      ]
                    }
                  ]
                }
              ]
            }
          ]
        },
        {
          "Node Type": "Group",
          "Parent Relationship": "InitPlan",
          "Subplan Name": "CTE csci",
          "Parallel Aware": false,
          "Startup Cost": 58566.80,
          "Total Cost": 58620.13,
          "Plan Rows": 7110,
          "Plan Width": 8,
          "Actual Startup Time": 878.317,
          "Actual Total Time": 1055.440,
          "Actual Rows": 287066,
          "Actual Loops": 1,
          "Group Key": ["catalog_sales.cs_bill_customer_sk", "catalog_sales.cs_item_sk"],
          "Plans": [
            {
              "Node Type": "Sort",
              "Parent Relationship": "Outer",
              "Parallel Aware": false,
              "Startup Cost": 58566.80,
              "Total Cost": 58584.58,
              "Plan Rows": 7110,
              "Plan Width": 8,
              "Actual Startup Time": 878.312,
              "Actual Total Time": 942.617,
              "Actual Rows": 287090,
              "Actual Loops": 1,
              "Sort Key": ["catalog_sales.cs_bill_customer_sk", "catalog_sales.cs_item_sk"],
              "Sort Method": "external merge",
              "Sort Space Used": 5088,
              "Sort Space Type": "Disk",
              "Plans": [
                {
                  "Node Type": "Hash Join",
                  "Parent Relationship": "Outer",
                  "Parallel Aware": false,
                  "Join Type": "Inner",
                  "Startup Cost": 2505.26,
                  "Total Cost": 58111.92,
                  "Plan Rows": 7110,
                  "Plan Width": 8,
                  "Actual Startup Time": 134.381,
                  "Actual Total Time": 666.493,
                  "Actual Rows": 287090,
                  "Actual Loops": 1,
                  "Inner Unique": true,
                  "Hash Cond": "(catalog_sales.cs_sold_date_sk = date_dim_1.d_date_sk)",
                  "Plans": [
                    {
                      "Node Type": "Seq Scan",
                      "Parent Relationship": "Outer",
                      "Parallel Aware": false,
                      "Relation Name": "catalog_sales",
                      "Alias": "catalog_sales",
                      "Startup Cost": 0.00,
                      "Total Cost": 51821.98,
                      "Plan Rows": 1441698,
                      "Plan Width": 12,
                      "Actual Startup Time": 0.036,
                      "Actual Total Time": 324.427,
                      "Actual Rows": 1441548,
                      "Actual Loops": 1
                    },
                    {
                      "Node Type": "Hash",
                      "Parent Relationship": "Inner",
                      "Parallel Aware": false,
                      "Startup Cost": 2500.73,
                      "Total Cost": 2500.73,
                      "Plan Rows": 362,
                      "Plan Width": 4,
                      "Actual Startup Time": 13.452,
                      "Actual Total Time": 13.452,
                      "Actual Rows": 366,
                      "Actual Loops": 1,
                      "Hash Buckets": 1024,
                      "Original Hash Buckets": 1024,
                      "Hash Batches": 1,
                      "Original Hash Batches": 1,
                      "Peak Memory Usage": 21,
                      "Plans": [
                        {
                          "Node Type": "Seq Scan",
                          "Parent Relationship": "Outer",
                          "Parallel Aware": false,
                          "Relation Name": "date_dim",
                          "Alias": "date_dim_1",
                          "Startup Cost": 0.00,
                          "Total Cost": 2500.73,
                          "Plan Rows": 362,
                          "Plan Width": 4,
                          "Actual Startup Time": 6.698,
                          "Actual Total Time": 13.366,
                          "Actual Rows": 366,
                          "Actual Loops": 1,
                          "Filter": "((d_month_seq >= 1194) AND (d_month_seq <= 1205))",
                          "Rows Removed by Filter": 72683
                        }
                      ]
                    }
                  ]
                }
              ]
            }
          ]
        },
        {
          "Node Type": "Aggregate",
          "Strategy": "Plain",
          "Partial Mode": "Simple",
          "Parent Relationship": "Outer",
          "Parallel Aware": false,
          "Startup Cost": 2087.81,
          "Total Cost": 2087.82,
          "Plan Rows": 1,
          "Plan Width": 24,
          "Actual Startup Time": 4302.942,
          "Actual Total Time": 4302.942,
          "Actual Rows": 1,
          "Actual Loops": 1,
          "Plans": [
            {
              "Node Type": "Merge Join",
              "Parent Relationship": "Outer",
              "Parallel Aware": false,
              "Join Type": "Full",
              "Startup Cost": 1805.79,
              "Total Cost": 1985.57,
              "Plan Rows": 13631,
              "Plan Width": 8,
              "Actual Startup Time": 3730.513,
              "Actual Total Time": 4130.459,
              "Actual Rows": 827316,
              "Actual Loops": 1,
              "Inner Unique": false,
              "Merge Cond": "((ssci.customer_sk = csci.customer_sk) AND (ssci.item_sk = csci.item_sk))",
              "Plans": [
                {
                  "Node Type": "Sort",
                  "Parent Relationship": "Outer",
                  "Parallel Aware": false,
                  "Startup Cost": 1208.70,
                  "Total Cost": 1242.78,
                  "Plan Rows": 13631,
                  "Plan Width": 8,
                  "Actual Startup Time": 2402.493,
                  "Actual Total Time": 2505.918,
                  "Actual Rows": 540390,
                  "Actual Loops": 1,
                  "Sort Key": ["ssci.customer_sk", "ssci.item_sk"],
                  "Sort Method": "external merge",
                  "Sort Space Used": 9544,
                  "Sort Space Type": "Disk",
                  "Plans": [
                    {
                      "Node Type": "CTE Scan",
                      "Parent Relationship": "Outer",
                      "Parallel Aware": false,
                      "CTE Name": "ssci",
                      "Alias": "ssci",
                      "Startup Cost": 0.00,
                      "Total Cost": 272.62,
                      "Plan Rows": 13631,
                      "Plan Width": 8,
                      "Actual Startup Time": 1628.522,
                      "Actual Total Time": 2253.251,
                      "Actual Rows": 540390,
                      "Actual Loops": 1
                    }
                  ]
                },
                {
                  "Node Type": "Sort",
                  "Parent Relationship": "Inner",
                  "Parallel Aware": false,
                  "Startup Cost": 597.08,
                  "Total Cost": 614.86,
                  "Plan Rows": 7110,
                  "Plan Width": 8,
                  "Actual Startup Time": 1328.011,
                  "Actual Total Time": 1377.693,
                  "Actual Rows": 287066,
                  "Actual Loops": 1,
                  "Sort Key": ["csci.customer_sk", "csci.item_sk"],
                  "Sort Method": "external sort",
                  "Sort Space Used": 6200,
                  "Sort Space Type": "Disk",
                  "Plans": [
                    {
                      "Node Type": "CTE Scan",
                      "Parent Relationship": "Outer",
                      "Parallel Aware": false,
                      "CTE Name": "csci",
                      "Alias": "csci",
                      "Startup Cost": 0.00,
                      "Total Cost": 142.20,
                      "Plan Rows": 7110,
                      "Plan Width": 8,
                      "Actual Startup Time": 878.322,
                      "Actual Total Time": 1198.829,
                      "Actual Rows": 287066,
                      "Actual Loops": 1
                    }
                  ]
                }
              ]
            }
          ]
        }
      ]
    },
    "Planning Time": 0.634,
    "Triggers": [
    ],
    "Execution Time": 4320.670
  }
]
