[
  {
    "Plan": {
      "Node Type": "Limit",
      "Parallel Aware": false,
      "Startup Cost": 120890.61,
      "Total Cost": 120915.27,
      "Plan Rows": 8,
      "Plan Width": 37,
      "Actual Startup Time": 891.038,
      "Actual Total Time": 891.038,
      "Actual Rows": 0,
      "Actual Loops": 1,
      "Plans": [
        {
          "Node Type": "Aggregate",
          "Strategy": "Sorted",
          "Partial Mode": "Simple",
          "Parent Relationship": "Outer",
          "Parallel Aware": false,
          "Startup Cost": 120890.61,
          "Total Cost": 120915.27,
          "Plan Rows": 8,
          "Plan Width": 37,
          "Actual Startup Time": 891.036,
          "Actual Total Time": 891.036,
          "Actual Rows": 0,
          "Actual Loops": 1,
          "Group Key": ["store.s_store_name"],
          "Plans": [
            {
              "Node Type": "Sort",
              "Parent Relationship": "Outer",
              "Parallel Aware": false,
              "Startup Cost": 120890.61,
              "Total Cost": 120898.80,
              "Plan Rows": 3274,
              "Plan Width": 11,
              "Actual Startup Time": 891.035,
              "Actual Total Time": 891.035,
              "Actual Rows": 0,
              "Actual Loops": 1,
              "Sort Key": ["store.s_store_name"],
              "Sort Method": "quicksort",
              "Sort Space Used": 25,
              "Sort Space Type": "Memory",
              "Plans": [
                {
                  "Node Type": "Merge Join",
                  "Parent Relationship": "Outer",
                  "Parallel Aware": false,
                  "Join Type": "Inner",
                  "Startup Cost": 97354.38,
                  "Total Cost": 120699.46,
                  "Plan Rows": 3274,
                  "Plan Width": 11,
                  "Actual Startup Time": 891.031,
                  "Actual Total Time": 891.031,
                  "Actual Rows": 0,
                  "Actual Loops": 1,
                  "Inner Unique": false,
                  "Merge Cond": "(store.s_store_sk = store_sales.ss_store_sk)",
                  "Plans": [
                    {
                      "Node Type": "Nested Loop",
                      "Parent Relationship": "Outer",
                      "Parallel Aware": false,
                      "Join Type": "Inner",
                      "Startup Cost": 6589.21,
                      "Total Cost": 34543.42,
                      "Plan Rows": 12,
                      "Plan Width": 9,
                      "Actual Startup Time": 891.030,
                      "Actual Total Time": 891.030,
                      "Actual Rows": 0,
                      "Actual Loops": 1,
                      "Inner Unique": false,
                      "Join Filter": "(substr((store.s_zip)::text, 1, 2) = substr(a2.ca_zip, 1, 2))",
                      "Rows Removed by Join Filter": 36,
                      "Plans": [
                        {
                          "Node Type": "Index Scan",
                          "Parent Relationship": "Outer",
                          "Parallel Aware": false,
                          "Scan Direction": "Forward",
                          "Index Name": "store_pkey",
                          "Relation Name": "store",
                          "Alias": "store",
                          "Startup Cost": 0.14,
                          "Total Cost": 12.31,
                          "Plan Rows": 12,
                          "Plan Width": 20,
                          "Actual Startup Time": 0.004,
                          "Actual Total Time": 0.011,
                          "Actual Rows": 12,
                          "Actual Loops": 1
                        },
                        {
                          "Node Type": "Materialize",
                          "Parent Relationship": "Inner",
                          "Parallel Aware": false,
                          "Startup Cost": 6589.07,
                          "Total Cost": 34477.61,
                          "Plan Rows": 200,
                          "Plan Width": 32,
                          "Actual Startup Time": 74.246,
                          "Actual Total Time": 74.248,
                          "Actual Rows": 3,
                          "Actual Loops": 12,
                          "Plans": [
                            {
                              "Node Type": "Subquery Scan",
                              "Parent Relationship": "Outer",
                              "Parallel Aware": false,
                              "Alias": "a2",
                              "Startup Cost": 6589.07,
                              "Total Cost": 34476.61,
                              "Plan Rows": 200,
                              "Plan Width": 32,
                              "Actual Startup Time": 890.945,
                              "Actual Total Time": 890.969,
                              "Actual Rows": 3,
                              "Actual Loops": 1,
                              "Plans": [
                                {
                                  "Node Type": "SetOp",
                                  "Strategy": "Hashed",
                                  "Parent Relationship": "Subquery",
                                  "Parallel Aware": false,
                                  "Command": "Intersect",
                                  "Startup Cost": 6589.07,
                                  "Total Cost": 34474.61,
                                  "Plan Rows": 200,
                                  "Plan Width": 36,
                                  "Actual Startup Time": 890.944,
                                  "Actual Total Time": 890.967,
                                  "Actual Rows": 3,
                                  "Actual Loops": 1,
                                  "Plans": [
                                    {
                                      "Node Type": "Append",
                                      "Parent Relationship": "Outer",
                                      "Parallel Aware": false,
                                      "Startup Cost": 6589.07,
                                      "Total Cost": 34363.76,
                                      "Plan Rows": 44339,
                                      "Plan Width": 36,
                                      "Actual Startup Time": 164.188,
                                      "Actual Total Time": 890.071,
                                      "Actual Rows": 1195,
                                      "Actual Loops": 1,
                                      "Plans": [
                                        {
                                          "Node Type": "Subquery Scan",
                                          "Parent Relationship": "Member",
                                          "Parallel Aware": false,
                                          "Alias": "*SELECT* 2",
                                          "Startup Cost": 6589.07,
                                          "Total Cost": 6656.06,
                                          "Plan Rows": 1072,
                                          "Plan Width": 36,
                                          "Actual Startup Time": 164.187,
                                          "Actual Total Time": 165.910,
                                          "Actual Rows": 962,
                                          "Actual Loops": 1,
                                          "Plans": [
                                            {
                                              "Node Type": "Subquery Scan",
                                              "Parent Relationship": "Subquery",
                                              "Parallel Aware": false,
                                              "Alias": "a1",
                                              "Startup Cost": 6589.07,
                                              "Total Cost": 6645.34,
                                              "Plan Rows": 1072,
                                              "Plan Width": 32,
                                              "Actual Startup Time": 164.186,
                                              "Actual Total Time": 165.713,
                                              "Actual Rows": 962,
                                              "Actual Loops": 1,
                                              "Plans": [
                                                {
                                                  "Node Type": "Aggregate",
                                                  "Strategy": "Hashed",
                                                  "Partial Mode": "Simple",
                                                  "Parent Relationship": "Subquery",
                                                  "Parallel Aware": false,
                                                  "Startup Cost": 6589.07,
                                                  "Total Cost": 6634.62,
                                                  "Plan Rows": 1072,
                                                  "Plan Width": 51,
                                                  "Actual Startup Time": 164.185,
                                                  "Actual Total Time": 165.551,
                                                  "Actual Rows": 962,
                                                  "Actual Loops": 1,
                                                  "Group Key": ["customer_address.ca_zip"],
                                                  "Filter": "(count(*) > 10)",
                                                  "Rows Removed by Filter": 2184,
                                                  "Plans": [
                                                    {
                                                      "Node Type": "Hash Join",
                                                      "Parent Relationship": "Outer",
                                                      "Parallel Aware": false,
                                                      "Join Type": "Inner",
                                                      "Startup Cost": 2212.00,
                                                      "Total Cost": 6353.62,
                                                      "Plan Rows": 47090,
                                                      "Plan Width": 11,
                                                      "Actual Startup Time": 47.838,
                                                      "Actual Total Time": 137.149,
                                                      "Actual Rows": 47428,
                                                      "Actual Loops": 1,
                                                      "Inner Unique": true,
                                                      "Hash Cond": "(customer.c_current_addr_sk = customer_address.ca_address_sk)",
                                                      "Plans": [
                                                        {
                                                          "Node Type": "Seq Scan",
                                                          "Parent Relationship": "Outer",
                                                          "Parallel Aware": false,
                                                          "Relation Name": "customer",
                                                          "Alias": "customer",
                                                          "Startup Cost": 0.00,
                                                          "Total Cost": 4018.00,
                                                          "Plan Rows": 47090,
                                                          "Plan Width": 4,
                                                          "Actual Startup Time": 0.261,
                                                          "Actual Total Time": 59.942,
                                                          "Actual Rows": 47428,
                                                          "Actual Loops": 1,
                                                          "Filter": "(c_preferred_cust_flag = 'Y'::bpchar)",
                                                          "Rows Removed by Filter": 52572
                                                        },
                                                        {
                                                          "Node Type": "Hash",
                                                          "Parent Relationship": "Inner",
                                                          "Parallel Aware": false,
                                                          "Startup Cost": 1587.00,
                                                          "Total Cost": 1587.00,
                                                          "Plan Rows": 50000,
                                                          "Plan Width": 15,
                                                          "Actual Startup Time": 47.512,
                                                          "Actual Total Time": 47.512,
                                                          "Actual Rows": 50000,
                                                          "Actual Loops": 1,
                                                          "Hash Buckets": 65536,
                                                          "Original Hash Buckets": 65536,
                                                          "Hash Batches": 1,
                                                          "Original Hash Batches": 1,
                                                          "Peak Memory Usage": 2838,
                                                          "Plans": [
                                                            {
                                                              "Node Type": "Seq Scan",
                                                              "Parent Relationship": "Outer",
                                                              "Parallel Aware": false,
                                                              "Relation Name": "customer_address",
                                                              "Alias": "customer_address",
                                                              "Startup Cost": 0.00,
                                                              "Total Cost": 1587.00,
                                                              "Plan Rows": 50000,
                                                              "Plan Width": 15,
                                                              "Actual Startup Time": 0.007,
                                                              "Actual Total Time": 28.184,
                                                              "Actual Rows": 50000,
                                                              "Actual Loops": 1
                                                            }
                                                          ]
                                                        }
                                                      ]
                                                    }
                                                  ]
                                                }
                                              ]
                                            }
                                          ]
                                        },
                                        {
                                          "Node Type": "Subquery Scan",
                                          "Parent Relationship": "Member",
                                          "Parallel Aware": false,
                                          "Alias": "*SELECT* 1",
                                          "Startup Cost": 0.00,
                                          "Total Cost": 27486.00,
                                          "Plan Rows": 43267,
                                          "Plan Width": 36,
                                          "Actual Startup Time": 2.232,
                                          "Actual Total Time": 723.962,
                                          "Actual Rows": 233,
                                          "Actual Loops": 1,
                                          "Plans": [
                                            {
                                              "Node Type": "Seq Scan",
                                              "Parent Relationship": "Subquery",
                                              "Parallel Aware": false,
                                              "Relation Name": "customer_address",
                                              "Alias": "customer_address_1",
                                              "Startup Cost": 0.00,
                                              "Total Cost": 27053.33,
                                              "Plan Rows": 43267,
                                              "Plan Width": 32,
                                              "Actual Startup Time": 2.230,
                                              "Actual Total Time": 723.840,
                                              "Actual Rows": 233,
                                              "Actual Loops": 1,
                                              "Filter": "(substr((ca_zip)::text, 1, 5) = ANY ('{77465,97995,72537,21900,42499,52330,83610,73167,15686,85030,46804,88233,65158,12472,53269,80508,24560,52813,81622,16418,58991,50537,27152,54999,16785,82675,76889,81395,55130,38896,14208,98598,66935,52476,64233,90009,18332,49832,30797,45499,79663,43550,36279,99439,70375,30001,54009,69517,69740,59166,39009,96191,87649,39365,38379,45582,97450,45053,43288,46058,45113,47915,91376,89267,18138,72838,51397,38489,30740,73330,30795,16409,40256,53770,95419,51779,35561,83054,75117,24060,98388,42093,87121,82328,11033,57947,17917,74350,99900,61796,33493,99641,37504,66987,68014,65720,73105,26199,91335,17785,47313,62391,70292,15180,29492,65259,81625,69908,48239,70434,77483,24399,57375,25135,45747,11531,42789,78192,18654,86653,90239,77981,56007,26458,93115,75238,53312,12453,13404,35264,94144,90302,17422,18112,52238,89482,50734,44227,47560,28406,42543,41638,76496,87800,45526,41726,89427,11366,63993,58761,23561,82202,77510,90870,65019,99090,37461,21030,20086,36115,72203,46791,51062,22342,16184,24835,63840,33770,18818,32561,41117,16725,93309,57913,77395,41849,69152,75768,50195,92692,74443,14704,51107,43524,79407,71004,20227,40386,66426,74289,96908,49399,62680,82289,14104,82830,90876,34874,74969,77895,68353,83811,30134,63490,49806,73141,77733,46489,89660,10935,27003,79364,77982,12882,33558,23370,60564,14983,24939,33447,63759,16462,70273,15189,63406,42185,32505,63108,48305,83529,31536,76094,19184,83590,33560,93962,32510,98269,12912,80541,99138,51278,27848,90747,14890,91593,74080,54731,15976,12289,45422,55999,22900,17535,28293,48231,50488,80367,24273,67884,69225,80496,22359,47461,12915,45218,91034,84049,11455,15766,97588,24927,49694,31029,60639,32025,30265,71497,60326,44707,90330,39539,84911,73782,43783,65204,42466,37845,70726,36584,98658,23536,31272,76587,36960,98215,66851,51442,13313,57121,90226,98625,91584,55432,51860,97515,50220,91855,70844,81729,94215,27426,77085,41373,91641,91399,41262,87202,32971,28564,80190,32532,78675,26993,72447,52550,93469,94488,34282,66268,69331,25830,51007,91581,29966,83846,70752,79546,42087,82460,52786,66746,20182,17010,55861,51876,23805,40636,51267,37212,81557,27311,33246,38973,80038,12735,20676,23267,36439,71060,74201,18946,37237,48913,79605,33851,99932,49974,34725,13531,13242,63267,51214,14542,57525,50551,34631,32594,27557,14478,11548,66318,88581,38329,86517,99349,29495,94651,51906,48404,92612,61791,81485,86188,45253,88898,56706,45106,88875,78579}'::text[]))",
                                              "Rows Removed by Filter": 49767
                                            }
                                          ]
                                        }
                                      ]
                                    }
                                  ]
                                }
                              ]
                            }
                          ]
                        }
                      ]
                    },
                    {
                      "Node Type": "Sort",
                      "Parent Relationship": "Inner",
                      "Parallel Aware": false,
                      "Startup Cost": 90765.18,
                      "Total Cost": 90773.74,
                      "Plan Rows": 3427,
                      "Plan Width": 10,
                      "Actual Startup Time": 0.000,
                      "Actual Total Time": 0.000,
                      "Actual Rows": 0,
                      "Actual Loops": 0,
                      "Sort Key": ["store_sales.ss_store_sk"],
                      "Plans": [
                        {
                          "Node Type": "Hash Join",
                          "Parent Relationship": "Outer",
                          "Parallel Aware": false,
                          "Join Type": "Inner",
                          "Startup Cost": 2501.87,
                          "Total Cost": 90563.96,
                          "Plan Rows": 3427,
                          "Plan Width": 10,
                          "Actual Startup Time": 0.000,
                          "Actual Total Time": 0.000,
                          "Actual Rows": 0,
                          "Actual Loops": 0,
                          "Inner Unique": true,
                          "Hash Cond": "(store_sales.ss_sold_date_sk = date_dim.d_date_sk)",
                          "Plans": [
                            {
                              "Node Type": "Seq Scan",
                              "Parent Relationship": "Outer",
                              "Parallel Aware": false,
                              "Relation Name": "store_sales",
                              "Alias": "store_sales",
                              "Startup Cost": 0.00,
                              "Total Cost": 80500.49,
                              "Plan Rows": 2880449,
                              "Plan Width": 14,
                              "Actual Startup Time": 0.000,
                              "Actual Total Time": 0.000,
                              "Actual Rows": 0,
                              "Actual Loops": 0
                            },
                            {
                              "Node Type": "Hash",
                              "Parent Relationship": "Inner",
                              "Parallel Aware": false,
                              "Startup Cost": 2500.73,
                              "Total Cost": 2500.73,
                              "Plan Rows": 91,
                              "Plan Width": 4,
                              "Actual Startup Time": 0.000,
                              "Actual Total Time": 0.000,
                              "Actual Rows": 0,
                              "Actual Loops": 0,
                              "Plans": [
                                {
                                  "Node Type": "Seq Scan",
                                  "Parent Relationship": "Outer",
                                  "Parallel Aware": false,
                                  "Relation Name": "date_dim",
                                  "Alias": "date_dim",
                                  "Startup Cost": 0.00,
                                  "Total Cost": 2500.73,
                                  "Plan Rows": 91,
                                  "Plan Width": 4,
                                  "Actual Startup Time": 0.000,
                                  "Actual Total Time": 0.000,
                                  "Actual Rows": 0,
                                  "Actual Loops": 0,
                                  "Filter": "((d_qoy = 1) AND (d_year = 2000))",
                                  "Rows Removed by Filter": 0
                                }
                              ]
                            }
                          ]
                        }
                      ]
                    }
                  ]
                }
              ]
            }
          ]
        }
      ]
    },
    "Planning Time": 5.255,
    "Triggers": [
    ],
    "Execution Time": 891.747
  }
]
SET
