[
  {
    "Plan": {
      "Node Type": "Limit",
      "Parallel Aware": false,
      "Startup Cost": 58517.37,
      "Total Cost": 58520.03,
      "Plan Rows": 71,
      "Plan Width": 84,
      "Actual Startup Time": 867.718,
      "Actual Total Time": 868.128,
      "Actual Rows": 100,
      "Actual Loops": 1,
      "Plans": [
        {
          "Node Type": "Aggregate",
          "Strategy": "Sorted",
          "Partial Mode": "Simple",
          "Parent Relationship": "Outer",
          "Parallel Aware": false,
          "Startup Cost": 58517.37,
          "Total Cost": 58520.03,
          "Plan Rows": 71,
          "Plan Width": 84,
          "Actual Startup Time": 867.717,
          "Actual Total Time": 868.110,
          "Actual Rows": 100,
          "Actual Loops": 1,
          "Group Key": ["warehouse.w_state", "item.i_item_id"],
          "Plans": [
            {
              "Node Type": "Sort",
              "Parent Relationship": "Outer",
              "Parallel Aware": false,
              "Startup Cost": 58517.37,
              "Total Cost": 58517.55,
              "Plan Rows": 71,
              "Plan Width": 36,
              "Actual Startup Time": 867.695,
              "Actual Total Time": 867.721,
              "Actual Rows": 328,
              "Actual Loops": 1,
              "Sort Key": ["warehouse.w_state", "item.i_item_id"],
              "Sort Method": "quicksort",
              "Sort Space Used": 182,
              "Sort Space Type": "Memory",
              "Plans": [
                {
                  "Node Type": "Nested Loop",
                  "Parent Relationship": "Outer",
                  "Parallel Aware": false,
                  "Join Type": "Left",
                  "Startup Cost": 2502.19,
                  "Total Cost": 58515.19,
                  "Plan Rows": 71,
                  "Plan Width": 36,
                  "Actual Startup Time": 342.050,
                  "Actual Total Time": 851.635,
                  "Actual Rows": 1703,
                  "Actual Loops": 1,
                  "Inner Unique": true,
                  "Plans": [
                    {
                      "Node Type": "Nested Loop",
                      "Parent Relationship": "Outer",
                      "Parallel Aware": false,
                      "Join Type": "Inner",
                      "Startup Cost": 2501.77,
                      "Total Cost": 58483.28,
                      "Plan Rows": 71,
                      "Plan Width": 38,
                      "Actual Startup Time": 336.435,
                      "Actual Total Time": 712.608,
                      "Actual Rows": 1703,
                      "Actual Loops": 1,
                      "Inner Unique": true,
                      "Join Filter": "(catalog_sales.cs_warehouse_sk = warehouse.w_warehouse_sk)",
                      "Rows Removed by Join Filter": 3485,
                      "Plans": [
                        {
                          "Node Type": "Nested Loop",
                          "Parent Relationship": "Outer",
                          "Parallel Aware": false,
                          "Join Type": "Inner",
                          "Startup Cost": 2501.77,
                          "Total Cost": 58477.51,
                          "Plan Rows": 72,
                          "Plan Width": 39,
                          "Actual Startup Time": 336.418,
                          "Actual Total Time": 709.650,
                          "Actual Rows": 1706,
                          "Actual Loops": 1,
                          "Inner Unique": true,
                          "Plans": [
                            {
                              "Node Type": "Hash Join",
                              "Parent Relationship": "Outer",
                              "Parallel Aware": false,
                              "Join Type": "Inner",
                              "Startup Cost": 2501.48,
                              "Total Cost": 58108.14,
                              "Plan Rows": 1178,
                              "Plan Width": 22,
                              "Actual Startup Time": 310.869,
                              "Actual Total Time": 575.177,
                              "Actual Rows": 27270,
                              "Actual Loops": 1,
                              "Inner Unique": true,
                              "Hash Cond": "(catalog_sales.cs_sold_date_sk = date_dim.d_date_sk)",
                              "Plans": [
                                {
                                  "Node Type": "Seq Scan",
                                  "Parent Relationship": "Outer",
                                  "Parallel Aware": false,
                                  "Relation Name": "catalog_sales",
                                  "Alias": "catalog_sales",
                                  "Startup Cost": 0.00,
                                  "Total Cost": 51821.98,
                                  "Plan Rows": 1441698,
                                  "Plan Width": 22,
                                  "Actual Startup Time": 0.020,
                                  "Actual Total Time": 314.254,
                                  "Actual Rows": 1441548,
                                  "Actual Loops": 1
                                },
                                {
                                  "Node Type": "Hash",
                                  "Parent Relationship": "Inner",
                                  "Parallel Aware": false,
                                  "Startup Cost": 2500.73,
                                  "Total Cost": 2500.73,
                                  "Plan Rows": 60,
                                  "Plan Width": 8,
                                  "Actual Startup Time": 13.046,
                                  "Actual Total Time": 13.047,
                                  "Actual Rows": 61,
                                  "Actual Loops": 1,
                                  "Hash Buckets": 1024,
                                  "Original Hash Buckets": 1024,
                                  "Hash Batches": 1,
                                  "Original Hash Batches": 1,
                                  "Peak Memory Usage": 11,
                                  "Plans": [
                                    {
                                      "Node Type": "Seq Scan",
                                      "Parent Relationship": "Outer",
                                      "Parallel Aware": false,
                                      "Relation Name": "date_dim",
                                      "Alias": "date_dim",
                                      "Startup Cost": 0.00,
                                      "Total Cost": 2500.73,
                                      "Plan Rows": 60,
                                      "Plan Width": 8,
                                      "Actual Startup Time": 6.415,
                                      "Actual Total Time": 13.025,
                                      "Actual Rows": 61,
                                      "Actual Loops": 1,
                                      "Filter": "((d_date >= '2001-02-01'::date) AND (d_date <= '2001-04-02'::date))",
                                      "Rows Removed by Filter": 72988
                                    }
                                  ]
                                }
                              ]
                            },
                            {
                              "Node Type": "Index Scan",
                              "Parent Relationship": "Inner",
                              "Parallel Aware": false,
                              "Scan Direction": "Forward",
                              "Index Name": "item_pkey",
                              "Relation Name": "item",
                              "Alias": "item",
                              "Startup Cost": 0.29,
                              "Total Cost": 0.31,
                              "Plan Rows": 1,
                              "Plan Width": 21,
                              "Actual Startup Time": 0.004,
                              "Actual Total Time": 0.004,
                              "Actual Rows": 0,
                              "Actual Loops": 27270,
                              "Index Cond": "(i_item_sk = catalog_sales.cs_item_sk)",
                              "Rows Removed by Index Recheck": 0,
                              "Filter": "((i_current_price >= 0.99) AND (i_current_price <= 1.49))",
                              "Rows Removed by Filter": 1
                            }
                          ]
                        },
                        {
                          "Node Type": "Materialize",
                          "Parent Relationship": "Inner",
                          "Parallel Aware": false,
                          "Startup Cost": 0.00,
                          "Total Cost": 1.07,
                          "Plan Rows": 5,
                          "Plan Width": 7,
                          "Actual Startup Time": 0.000,
                          "Actual Total Time": 0.000,
                          "Actual Rows": 3,
                          "Actual Loops": 1706,
                          "Plans": [
                            {
                              "Node Type": "Seq Scan",
                              "Parent Relationship": "Outer",
                              "Parallel Aware": false,
                              "Relation Name": "warehouse",
                              "Alias": "warehouse",
                              "Startup Cost": 0.00,
                              "Total Cost": 1.05,
                              "Plan Rows": 5,
                              "Plan Width": 7,
                              "Actual Startup Time": 0.007,
                              "Actual Total Time": 0.010,
                              "Actual Rows": 5,
                              "Actual Loops": 1
                            }
                          ]
                        }
                      ]
                    },
                    {
                      "Node Type": "Index Scan",
                      "Parent Relationship": "Inner",
                      "Parallel Aware": false,
                      "Scan Direction": "Forward",
                      "Index Name": "catalog_returns_pkey",
                      "Relation Name": "catalog_returns",
                      "Alias": "catalog_returns",
                      "Startup Cost": 0.42,
                      "Total Cost": 0.45,
                      "Plan Rows": 1,
                      "Plan Width": 14,
                      "Actual Startup Time": 0.080,
                      "Actual Total Time": 0.080,
                      "Actual Rows": 0,
                      "Actual Loops": 1703,
                      "Index Cond": "((catalog_sales.cs_item_sk = cr_item_sk) AND (catalog_sales.cs_order_number = cr_order_number))",
                      "Rows Removed by Index Recheck": 0
                    }
                  ]
                }
              ]
            }
          ]
        }
      ]
    },
    "Planning Time": 3.911,
    "Triggers": [
    ],
    "Execution Time": 868.254
  }
]
