[
  {
    "Plan": {
      "Node Type": "Aggregate",
      "Strategy": "Sorted",
      "Partial Mode": "Simple",
      "Parallel Aware": false,
      "Startup Cost": 76308.56,
      "Total Cost": 76308.59,
      "Plan Rows": 1,
      "Plan Width": 358,
      "Actual Startup Time": 497.798,
      "Actual Total Time": 497.798,
      "Actual Rows": 0,
      "Actual Loops": 1,
      "Group Key": ["ssales.c_last_name", "ssales.c_first_name", "ssales.s_store_name"],
      "Filter": "(sum(ssales.netpaid) > $5)",
      "Rows Removed by Filter": 0,
      "Plans": [
        {
          "Node Type": "Aggregate",
          "Strategy": "Sorted",
          "Partial Mode": "Simple",
          "Parent Relationship": "InitPlan",
          "Subplan Name": "CTE ssales",
          "Parallel Aware": false,
          "Startup Cost": 76308.44,
          "Total Cost": 76308.49,
          "Plan Rows": 1,
          "Plan Width": 158,
          "Actual Startup Time": 497.790,
          "Actual Total Time": 497.790,
          "Actual Rows": 0,
          "Actual Loops": 1,
          "Group Key": ["customer.c_last_name", "customer.c_first_name", "store.s_store_name", "customer_address.ca_state", "store.s_state", "item.i_color", "item.i_current_price", "item.i_manager_id", "item.i_units", "item.i_size"],
          "Plans": [
            {
              "Node Type": "Sort",
              "Parent Relationship": "Outer",
              "Parallel Aware": false,
              "Startup Cost": 76308.44,
              "Total Cost": 76308.45,
              "Plan Rows": 1,
              "Plan Width": 132,
              "Actual Startup Time": 497.789,
              "Actual Total Time": 497.789,
              "Actual Rows": 0,
              "Actual Loops": 1,
              "Sort Key": ["customer.c_last_name", "customer.c_first_name", "store.s_store_name", "customer_address.ca_state", "store.s_state", "item.i_color", "item.i_current_price", "item.i_manager_id", "item.i_units", "item.i_size"],
              "Sort Method": "quicksort",
              "Sort Space Used": 25,
              "Sort Space Type": "Memory",
              "Plans": [
                {
                  "Node Type": "Nested Loop",
                  "Parent Relationship": "Outer",
                  "Parallel Aware": false,
                  "Join Type": "Inner",
                  "Startup Cost": 6915.72,
                  "Total Cost": 76308.43,
                  "Plan Rows": 1,
                  "Plan Width": 132,
                  "Actual Startup Time": 497.780,
                  "Actual Total Time": 497.780,
                  "Actual Rows": 0,
                  "Actual Loops": 1,
                  "Inner Unique": true,
                  "Plans": [
                    {
                      "Node Type": "Gather",
                      "Parent Relationship": "Outer",
                      "Parallel Aware": false,
                      "Startup Cost": 6915.43,
                      "Total Cost": 76308.13,
                      "Plan Rows": 1,
                      "Plan Width": 77,
                      "Actual Startup Time": 497.779,
                      "Actual Total Time": 500.131,
                      "Actual Rows": 0,
                      "Actual Loops": 1,
                      "Workers Planned": 2,
                      "Workers Launched": 2,
                      "Single Copy": false,
                      "Plans": [
                        {
                          "Node Type": "Nested Loop",
                          "Parent Relationship": "Outer",
                          "Parallel Aware": false,
                          "Join Type": "Inner",
                          "Startup Cost": 5915.43,
                          "Total Cost": 75308.03,
                          "Plan Rows": 1,
                          "Plan Width": 77,
                          "Actual Startup Time": 491.914,
                          "Actual Total Time": 491.914,
                          "Actual Rows": 0,
                          "Actual Loops": 3,
                          "Inner Unique": true,
                          "Plans": [
                            {
                              "Node Type": "Hash Join",
                              "Parent Relationship": "Outer",
                              "Parallel Aware": true,
                              "Join Type": "Inner",
                              "Startup Cost": 5915.01,
                              "Total Cost": 75286.40,
                              "Plan Rows": 48,
                              "Plan Width": 77,
                              "Actual Startup Time": 491.913,
                              "Actual Total Time": 491.913,
                              "Actual Rows": 0,
                              "Actual Loops": 3,
                              "Inner Unique": true,
                              "Hash Cond": "((customer.c_current_addr_sk = customer_address.ca_address_sk) AND (store.s_zip = customer_address.ca_zip))",
                              "Join Filter": "((customer.c_birth_country)::text <> upper((customer_address.ca_country)::text))",
                              "Rows Removed by Join Filter": 0,
                              "Plans": [
                                {
                                  "Node Type": "Hash Join",
                                  "Parent Relationship": "Outer",
                                  "Parallel Aware": true,
                                  "Join Type": "Inner",
                                  "Startup Cost": 4092.71,
                                  "Total Cost": 72505.76,
                                  "Plan Rows": 182542,
                                  "Plan Width": 98,
                                  "Actual Startup Time": 473.319,
                                  "Actual Total Time": 473.319,
                                  "Actual Rows": 0,
                                  "Actual Loops": 3,
                                  "Inner Unique": true,
                                  "Hash Cond": "(store_sales.ss_customer_sk = customer.c_customer_sk)",
                                  "Plans": [
                                    {
                                      "Node Type": "Hash Join",
                                      "Parent Relationship": "Outer",
                                      "Parallel Aware": false,
                                      "Join Type": "Inner",
                                      "Startup Cost": 1.17,
                                      "Total Cost": 67912.55,
                                      "Plan Rows": 191103,
                                      "Plan Width": 37,
                                      "Actual Startup Time": 436.657,
                                      "Actual Total Time": 436.658,
                                      "Actual Rows": 0,
                                      "Actual Loops": 3,
                                      "Inner Unique": true,
                                      "Hash Cond": "(store_sales.ss_store_sk = store.s_store_sk)",
                                      "Plans": [
                                        {
                                          "Node Type": "Seq Scan",
                                          "Parent Relationship": "Outer",
                                          "Parallel Aware": true,
                                          "Relation Name": "store_sales",
                                          "Alias": "store_sales",
                                          "Startup Cost": 0.00,
                                          "Total Cost": 63697.87,
                                          "Plan Rows": 1200187,
                                          "Plan Width": 22,
                                          "Actual Startup Time": 0.063,
                                          "Actual Total Time": 217.843,
                                          "Actual Rows": 960135,
                                          "Actual Loops": 3
                                        },
                                        {
                                          "Node Type": "Hash",
                                          "Parent Relationship": "Inner",
                                          "Parallel Aware": false,
                                          "Startup Cost": 1.15,
                                          "Total Cost": 1.15,
                                          "Plan Rows": 2,
                                          "Plan Width": 23,
                                          "Actual Startup Time": 0.041,
                                          "Actual Total Time": 0.041,
                                          "Actual Rows": 2,
                                          "Actual Loops": 3,
                                          "Hash Buckets": 1024,
                                          "Original Hash Buckets": 1024,
                                          "Hash Batches": 1,
                                          "Original Hash Batches": 1,
                                          "Peak Memory Usage": 9,
                                          "Plans": [
                                            {
                                              "Node Type": "Seq Scan",
                                              "Parent Relationship": "Outer",
                                              "Parallel Aware": false,
                                              "Relation Name": "store",
                                              "Alias": "store",
                                              "Startup Cost": 0.00,
                                              "Total Cost": 1.15,
                                              "Plan Rows": 2,
                                              "Plan Width": 23,
                                              "Actual Startup Time": 0.034,
                                              "Actual Total Time": 0.035,
                                              "Actual Rows": 2,
                                              "Actual Loops": 3,
                                              "Filter": "(s_market_id = 6)",
                                              "Rows Removed by Filter": 10
                                            }
                                          ]
                                        }
                                      ]
                                    },
                                    {
                                      "Node Type": "Hash",
                                      "Parent Relationship": "Inner",
                                      "Parallel Aware": true,
                                      "Startup Cost": 3356.24,
                                      "Total Cost": 3356.24,
                                      "Plan Rows": 58824,
                                      "Plan Width": 69,
                                      "Actual Startup Time": 35.964,
                                      "Actual Total Time": 35.964,
                                      "Actual Rows": 33333,
                                      "Actual Loops": 3,
                                      "Hash Buckets": 131072,
                                      "Original Hash Buckets": 131072,
                                      "Hash Batches": 1,
                                      "Original Hash Batches": 1,
                                      "Peak Memory Usage": 11200,
                                      "Plans": [
                                        {
                                          "Node Type": "Seq Scan",
                                          "Parent Relationship": "Outer",
                                          "Parallel Aware": true,
                                          "Relation Name": "customer",
                                          "Alias": "customer",
                                          "Startup Cost": 0.00,
                                          "Total Cost": 3356.24,
                                          "Plan Rows": 58824,
                                          "Plan Width": 69,
                                          "Actual Startup Time": 0.014,
                                          "Actual Total Time": 18.144,
                                          "Actual Rows": 33333,
                                          "Actual Loops": 3
                                        }
                                      ]
                                    }
                                  ]
                                },
                                {
                                  "Node Type": "Hash",
                                  "Parent Relationship": "Inner",
                                  "Parallel Aware": true,
                                  "Startup Cost": 1381.12,
                                  "Total Cost": 1381.12,
                                  "Plan Rows": 29412,
                                  "Plan Width": 32,
                                  "Actual Startup Time": 17.976,
                                  "Actual Total Time": 17.977,
                                  "Actual Rows": 16667,
                                  "Actual Loops": 3,
                                  "Hash Buckets": 65536,
                                  "Original Hash Buckets": 65536,
                                  "Hash Batches": 1,
                                  "Original Hash Batches": 1,
                                  "Peak Memory Usage": 3968,
                                  "Plans": [
                                    {
                                      "Node Type": "Seq Scan",
                                      "Parent Relationship": "Outer",
                                      "Parallel Aware": true,
                                      "Relation Name": "customer_address",
                                      "Alias": "customer_address",
                                      "Startup Cost": 0.00,
                                      "Total Cost": 1381.12,
                                      "Plan Rows": 29412,
                                      "Plan Width": 32,
                                      "Actual Startup Time": 0.034,
                                      "Actual Total Time": 9.405,
                                      "Actual Rows": 16667,
                                      "Actual Loops": 3
                                    }
                                  ]
                                }
                              ]
                            },
                            {
                              "Node Type": "Index Only Scan",
                              "Parent Relationship": "Inner",
                              "Parallel Aware": false,
                              "Scan Direction": "Forward",
                              "Index Name": "store_returns_pkey",
                              "Relation Name": "store_returns",
                              "Alias": "store_returns",
                              "Startup Cost": 0.42,
                              "Total Cost": 0.45,
                              "Plan Rows": 1,
                              "Plan Width": 8,
                              "Actual Startup Time": 0.000,
                              "Actual Total Time": 0.000,
                              "Actual Rows": 0,
                              "Actual Loops": 0,
                              "Index Cond": "((sr_item_sk = store_sales.ss_item_sk) AND (sr_ticket_number = store_sales.ss_ticket_number))",
                              "Rows Removed by Index Recheck": 0,
                              "Heap Fetches": 0
                            }
                          ]
                        }
                      ]
                    },
                    {
                      "Node Type": "Index Scan",
                      "Parent Relationship": "Inner",
                      "Parallel Aware": false,
                      "Scan Direction": "Forward",
                      "Index Name": "item_pkey",
                      "Relation Name": "item",
                      "Alias": "item",
                      "Startup Cost": 0.29,
                      "Total Cost": 0.31,
                      "Plan Rows": 1,
                      "Plan Width": 67,
                      "Actual Startup Time": 0.000,
                      "Actual Total Time": 0.000,
                      "Actual Rows": 0,
                      "Actual Loops": 0,
                      "Index Cond": "(i_item_sk = store_sales.ss_item_sk)",
                      "Rows Removed by Index Recheck": 0
                    }
                  ]
                }
              ]
            }
          ]
        },
        {
          "Node Type": "Aggregate",
          "Strategy": "Plain",
          "Partial Mode": "Simple",
          "Parent Relationship": "InitPlan",
          "Subplan Name": "InitPlan 2 (returns $5)",
          "Parallel Aware": false,
          "Startup Cost": 0.02,
          "Total Cost": 0.04,
          "Plan Rows": 1,
          "Plan Width": 32,
          "Actual Startup Time": 0.000,
          "Actual Total Time": 0.000,
          "Actual Rows": 0,
          "Actual Loops": 0,
          "Plans": [
            {
              "Node Type": "CTE Scan",
              "Parent Relationship": "Outer",
              "Parallel Aware": false,
              "CTE Name": "ssales",
              "Alias": "ssales_1",
              "Startup Cost": 0.00,
              "Total Cost": 0.02,
              "Plan Rows": 1,
              "Plan Width": 32,
              "Actual Startup Time": 0.000,
              "Actual Total Time": 0.000,
              "Actual Rows": 0,
              "Actual Loops": 0
            }
          ]
        },
        {
          "Node Type": "Sort",
          "Parent Relationship": "Outer",
          "Parallel Aware": false,
          "Startup Cost": 0.03,
          "Total Cost": 0.04,
          "Plan Rows": 1,
          "Plan Width": 358,
          "Actual Startup Time": 497.797,
          "Actual Total Time": 497.797,
          "Actual Rows": 0,
          "Actual Loops": 1,
          "Sort Key": ["ssales.c_last_name", "ssales.c_first_name", "ssales.s_store_name"],
          "Sort Method": "quicksort",
          "Sort Space Used": 25,
          "Sort Space Type": "Memory",
          "Plans": [
            {
              "Node Type": "CTE Scan",
              "Parent Relationship": "Outer",
              "Parallel Aware": false,
              "CTE Name": "ssales",
              "Alias": "ssales",
              "Startup Cost": 0.00,
              "Total Cost": 0.02,
              "Plan Rows": 1,
              "Plan Width": 358,
              "Actual Startup Time": 497.791,
              "Actual Total Time": 497.791,
              "Actual Rows": 0,
              "Actual Loops": 1,
              "Filter": "(i_color = 'dodger'::bpchar)",
              "Rows Removed by Filter": 0
            }
          ]
        }
      ]
    },
    "Planning Time": 8.321,
    "Triggers": [
    ],
    "Execution Time": 500.315
  }
]
