[
  {
    "Plan": {
      "Node Type": "Limit",
      "Parallel Aware": false,
      "Startup Cost": 11074.84,
      "Total Cost": 11074.93,
      "Plan Rows": 1,
      "Plan Width": 125,
      "Actual Startup Time": 214.740,
      "Actual Total Time": 217.216,
      "Actual Rows": 6,
      "Actual Loops": 1,
      "Plans": [
        {
          "Node Type": "Aggregate",
          "Strategy": "Sorted",
          "Partial Mode": "Simple",
          "Parent Relationship": "Outer",
          "Parallel Aware": false,
          "Startup Cost": 11074.84,
          "Total Cost": 11074.93,
          "Plan Rows": 1,
          "Plan Width": 125,
          "Actual Startup Time": 214.739,
          "Actual Total Time": 217.214,
          "Actual Rows": 6,
          "Actual Loops": 1,
          "Group Key": ["store.s_store_name", "store.s_company_id", "store.s_street_number", "store.s_street_name", "store.s_street_type", "store.s_suite_number", "store.s_city", "store.s_county", "store.s_state", "store.s_zip"],
          "Plans": [
            {
              "Node Type": "Sort",
              "Parent Relationship": "Outer",
              "Parallel Aware": false,
              "Startup Cost": 11074.84,
              "Total Cost": 11074.85,
              "Plan Rows": 1,
              "Plan Width": 93,
              "Actual Startup Time": 214.238,
              "Actual Total Time": 214.413,
              "Actual Rows": 2403,
              "Actual Loops": 1,
              "Sort Key": ["store.s_store_name", "store.s_company_id", "store.s_street_number", "store.s_street_name", "store.s_street_type", "store.s_suite_number", "store.s_city", "store.s_county", "store.s_state", "store.s_zip"],
              "Sort Method": "quicksort",
              "Sort Space Used": 434,
              "Sort Space Type": "Memory",
              "Plans": [
                {
                  "Node Type": "Nested Loop",
                  "Parent Relationship": "Outer",
                  "Parallel Aware": false,
                  "Join Type": "Inner",
                  "Startup Cost": 2501.83,
                  "Total Cost": 11074.83,
                  "Plan Rows": 1,
                  "Plan Width": 93,
                  "Actual Startup Time": 24.783,
                  "Actual Total Time": 206.997,
                  "Actual Rows": 2403,
                  "Actual Loops": 1,
                  "Inner Unique": true,
                  "Plans": [
                    {
                      "Node Type": "Nested Loop",
                      "Parent Relationship": "Outer",
                      "Parallel Aware": false,
                      "Join Type": "Inner",
                      "Startup Cost": 2501.54,
                      "Total Cost": 11074.52,
                      "Plan Rows": 1,
                      "Plan Width": 93,
                      "Actual Startup Time": 24.159,
                      "Actual Total Time": 196.086,
                      "Actual Rows": 2437,
                      "Actual Loops": 1,
                      "Inner Unique": true,
                      "Join Filter": "(store_sales.ss_store_sk = store.s_store_sk)",
                      "Rows Removed by Join Filter": 11105,
                      "Plans": [
                        {
                          "Node Type": "Nested Loop",
                          "Parent Relationship": "Outer",
                          "Parallel Aware": false,
                          "Join Type": "Inner",
                          "Startup Cost": 2501.54,
                          "Total Cost": 11073.25,
                          "Plan Rows": 1,
                          "Plan Width": 12,
                          "Actual Startup Time": 24.035,
                          "Actual Total Time": 183.648,
                          "Actual Rows": 2482,
                          "Actual Loops": 1,
                          "Inner Unique": true,
                          "Plans": [
                            {
                              "Node Type": "Hash Join",
                              "Parent Relationship": "Outer",
                              "Parallel Aware": false,
                              "Join Type": "Inner",
                              "Startup Cost": 2501.11,
                              "Total Cost": 10922.02,
                              "Plan Rows": 114,
                              "Plan Width": 16,
                              "Actual Startup Time": 23.982,
                              "Actual Total Time": 129.860,
                              "Actual Rows": 3362,
                              "Actual Loops": 1,
                              "Inner Unique": true,
                              "Hash Cond": "(store_returns.sr_returned_date_sk = d2.d_date_sk)",
                              "Plans": [
                                {
                                  "Node Type": "Seq Scan",
                                  "Parent Relationship": "Outer",
                                  "Parallel Aware": false,
                                  "Relation Name": "store_returns",
                                  "Alias": "store_returns",
                                  "Startup Cost": 0.00,
                                  "Total Cost": 7666.14,
                                  "Plan Rows": 287514,
                                  "Plan Width": 16,
                                  "Actual Startup Time": 0.027,
                                  "Actual Total Time": 56.146,
                                  "Actual Rows": 287514,
                                  "Actual Loops": 1
                                },
                                {
                                  "Node Type": "Hash",
                                  "Parent Relationship": "Inner",
                                  "Parallel Aware": false,
                                  "Startup Cost": 2500.73,
                                  "Total Cost": 2500.73,
                                  "Plan Rows": 30,
                                  "Plan Width": 4,
                                  "Actual Startup Time": 23.873,
                                  "Actual Total Time": 23.873,
                                  "Actual Rows": 30,
                                  "Actual Loops": 1,
                                  "Hash Buckets": 1024,
                                  "Original Hash Buckets": 1024,
                                  "Hash Batches": 1,
                                  "Original Hash Batches": 1,
                                  "Peak Memory Usage": 10,
                                  "Plans": [
                                    {
                                      "Node Type": "Seq Scan",
                                      "Parent Relationship": "Outer",
                                      "Parallel Aware": false,
                                      "Relation Name": "date_dim",
                                      "Alias": "d2",
                                      "Startup Cost": 0.00,
                                      "Total Cost": 2500.73,
                                      "Plan Rows": 30,
                                      "Plan Width": 4,
                                      "Actual Startup Time": 11.482,
                                      "Actual Total Time": 23.855,
                                      "Actual Rows": 30,
                                      "Actual Loops": 1,
                                      "Filter": "((d_year = 2000) AND (d_moy = 9))",
                                      "Rows Removed by Filter": 73019
                                    }
                                  ]
                                }
                              ]
                            },
                            {
                              "Node Type": "Index Scan",
                              "Parent Relationship": "Inner",
                              "Parallel Aware": false,
                              "Scan Direction": "Forward",
                              "Index Name": "store_sales_pkey",
                              "Relation Name": "store_sales",
                              "Alias": "store_sales",
                              "Startup Cost": 0.43,
                              "Total Cost": 1.32,
                              "Plan Rows": 1,
                              "Plan Width": 20,
                              "Actual Startup Time": 0.015,
                              "Actual Total Time": 0.015,
                              "Actual Rows": 1,
                              "Actual Loops": 3362,
                              "Index Cond": "((ss_item_sk = store_returns.sr_item_sk) AND (ss_ticket_number = store_returns.sr_ticket_number))",
                              "Rows Removed by Index Recheck": 0,
                              "Filter": "(store_returns.sr_customer_sk = ss_customer_sk)",
                              "Rows Removed by Filter": 0
                            }
                          ]
                        },
                        {
                          "Node Type": "Seq Scan",
                          "Parent Relationship": "Inner",
                          "Parallel Aware": false,
                          "Relation Name": "store",
                          "Alias": "store",
                          "Startup Cost": 0.00,
                          "Total Cost": 1.12,
                          "Plan Rows": 12,
                          "Plan Width": 89,
                          "Actual Startup Time": 0.001,
                          "Actual Total Time": 0.002,
                          "Actual Rows": 5,
                          "Actual Loops": 2482
                        }
                      ]
                    },
                    {
                      "Node Type": "Index Only Scan",
                      "Parent Relationship": "Inner",
                      "Parallel Aware": false,
                      "Scan Direction": "Forward",
                      "Index Name": "date_dim_pkey",
                      "Relation Name": "date_dim",
                      "Alias": "d1",
                      "Startup Cost": 0.29,
                      "Total Cost": 0.31,
                      "Plan Rows": 1,
                      "Plan Width": 4,
                      "Actual Startup Time": 0.003,
                      "Actual Total Time": 0.003,
                      "Actual Rows": 1,
                      "Actual Loops": 2437,
                      "Index Cond": "(d_date_sk = store_sales.ss_sold_date_sk)",
                      "Rows Removed by Index Recheck": 0,
                      "Heap Fetches": 2403
                    }
                  ]
                }
              ]
            }
          ]
        }
      ]
    },
    "Planning Time": 2.770,
    "Triggers": [
    ],
    "Execution Time": 217.419
  }
]
