[
  {
    "Plan": {
      "Node Type": "Limit",
      "Parallel Aware": false,
      "Startup Cost": 135882.79,
      "Total Cost": 135882.79,
      "Plan Rows": 1,
      "Plan Width": 276,
      "Actual Startup Time": 1817199.279,
      "Actual Total Time": 1817199.294,
      "Actual Rows": 83,
      "Actual Loops": 1,
      "Plans": [
        {
          "Node Type": "Append",
          "Parent Relationship": "InitPlan",
          "Subplan Name": "CTE year_total",
          "Parallel Aware": false,
          "Startup Cost": 98554.58,
          "Total Cost": 132385.60,
          "Plan Rows": 33306,
          "Plan Width": 137,
          "Actual Startup Time": 10656.395,
          "Actual Total Time": 15568.634,
          "Actual Rows": 98264,
          "Actual Loops": 1,
          "Plans": [
            {
              "Node Type": "Aggregate",
              "Strategy": "Sorted",
              "Partial Mode": "Simple",
              "Parent Relationship": "Member",
              "Parallel Aware": false,
              "Startup Cost": 98554.58,
              "Total Cost": 99208.31,
              "Plan Rows": 26149,
              "Plan Width": 137,
              "Actual Startup Time": 10656.394,
              "Actual Total Time": 13735.154,
              "Actual Rows": 75699,
              "Actual Loops": 1,
              "Group Key": ["customer.c_customer_id", "customer.c_first_name", "customer.c_last_name", "date_dim.d_year"],
              "Plans": [
                {
                  "Node Type": "Sort",
                  "Parent Relationship": "Outer",
                  "Parallel Aware": false,
                  "Startup Cost": 98554.58,
                  "Total Cost": 98619.95,
                  "Plan Rows": 26149,
                  "Plan Width": 79,
                  "Actual Startup Time": 10656.345,
                  "Actual Total Time": 12916.423,
                  "Actual Rows": 1068858,
                  "Actual Loops": 1,
                  "Sort Key": ["customer.c_customer_id", "customer.c_first_name", "customer.c_last_name", "date_dim.d_year"],
                  "Sort Method": "external merge",
                  "Sort Space Used": 95128,
                  "Sort Space Type": "Disk",
                  "Plans": [
                    {
                      "Node Type": "Hash Join",
                      "Parent Relationship": "Outer",
                      "Parallel Aware": false,
                      "Join Type": "Inner",
                      "Startup Cost": 90731.48,
                      "Total Cost": 96635.97,
                      "Plan Rows": 26149,
                      "Plan Width": 79,
                      "Actual Startup Time": 2083.900,
                      "Actual Total Time": 2987.576,
                      "Actual Rows": 1068858,
                      "Actual Loops": 1,
                      "Inner Unique": false,
                      "Hash Cond": "(customer.c_customer_sk = store_sales.ss_customer_sk)",
                      "Plans": [
                        {
                          "Node Type": "Seq Scan",
                          "Parent Relationship": "Outer",
                          "Parallel Aware": false,
                          "Relation Name": "customer",
                          "Alias": "customer",
                          "Startup Cost": 0.00,
                          "Total Cost": 3768.00,
                          "Plan Rows": 100000,
                          "Plan Width": 73,
                          "Actual Startup Time": 0.008,
                          "Actual Total Time": 33.148,
                          "Actual Rows": 100000,
                          "Actual Loops": 1
                        },
                        {
                          "Node Type": "Hash",
                          "Parent Relationship": "Inner",
                          "Parallel Aware": false,
                          "Startup Cost": 90389.29,
                          "Total Cost": 90389.29,
                          "Plan Rows": 27375,
                          "Plan Width": 14,
                          "Actual Startup Time": 2081.915,
                          "Actual Total Time": 2081.915,
                          "Actual Rows": 1068858,
                          "Actual Loops": 1,
                          "Hash Buckets": 131072,
                          "Original Hash Buckets": 32768,
                          "Hash Batches": 32,
                          "Original Hash Batches": 1,
                          "Peak Memory Usage": 3073,
                          "Plans": [
                            {
                              "Node Type": "Hash Join",
                              "Parent Relationship": "Outer",
                              "Parallel Aware": false,
                              "Join Type": "Inner",
                              "Startup Cost": 2327.20,
                              "Total Cost": 90389.29,
                              "Plan Rows": 27375,
                              "Plan Width": 14,
                              "Actual Startup Time": 20.075,
                              "Actual Total Time": 1623.426,
                              "Actual Rows": 1094737,
                              "Actual Loops": 1,
                              "Inner Unique": true,
                              "Hash Cond": "(store_sales.ss_sold_date_sk = date_dim.d_date_sk)",
                              "Plans": [
                                {
                                  "Node Type": "Seq Scan",
                                  "Parent Relationship": "Outer",
                                  "Parallel Aware": false,
                                  "Relation Name": "store_sales",
                                  "Alias": "store_sales",
                                  "Startup Cost": 0.00,
                                  "Total Cost": 80500.49,
                                  "Plan Rows": 2880449,
                                  "Plan Width": 14,
                                  "Actual Startup Time": 0.015,
                                  "Actual Total Time": 576.210,
                                  "Actual Rows": 2880404,
                                  "Actual Loops": 1
                                },
                                {
                                  "Node Type": "Hash",
                                  "Parent Relationship": "Inner",
                                  "Parallel Aware": false,
                                  "Startup Cost": 2318.11,
                                  "Total Cost": 2318.11,
                                  "Plan Rows": 727,
                                  "Plan Width": 8,
                                  "Actual Startup Time": 20.045,
                                  "Actual Total Time": 20.045,
                                  "Actual Rows": 730,
                                  "Actual Loops": 1,
                                  "Hash Buckets": 1024,
                                  "Original Hash Buckets": 1024,
                                  "Hash Batches": 1,
                                  "Original Hash Batches": 1,
                                  "Peak Memory Usage": 37,
                                  "Plans": [
                                    {
                                      "Node Type": "Seq Scan",
                                      "Parent Relationship": "Outer",
                                      "Parallel Aware": false,
                                      "Relation Name": "date_dim",
                                      "Alias": "date_dim",
                                      "Startup Cost": 0.00,
                                      "Total Cost": 2318.11,
                                      "Plan Rows": 727,
                                      "Plan Width": 8,
                                      "Actual Startup Time": 9.470,
                                      "Actual Total Time": 19.828,
                                      "Actual Rows": 730,
                                      "Actual Loops": 1,
                                      "Filter": "(d_year = ANY ('{1998,1999}'::integer[]))",
                                      "Rows Removed by Filter": 72319
                                    }
                                  ]
                                }
                              ]
                            }
                          ]
                        }
                      ]
                    }
                  ]
                }
              ]
            },
            {
              "Node Type": "Aggregate",
              "Strategy": "Hashed",
              "Partial Mode": "Simple",
              "Parent Relationship": "Member",
              "Parallel Aware": false,
              "Startup Cost": 32606.13,
              "Total Cost": 32677.70,
              "Plan Rows": 7157,
              "Plan Width": 137,
              "Actual Startup Time": 1805.341,
              "Actual Total Time": 1819.280,
              "Actual Rows": 22565,
              "Actual Loops": 1,
              "Group Key": ["customer_1.c_customer_id", "customer_1.c_first_name", "customer_1.c_last_name", "date_dim_1.d_year"],
              "Plans": [
                {
                  "Node Type": "Nested Loop",
                  "Parent Relationship": "Outer",
                  "Parallel Aware": false,
                  "Join Type": "Inner",
                  "Startup Cost": 2327.49,
                  "Total Cost": 32516.67,
                  "Plan Rows": 7157,
                  "Plan Width": 79,
                  "Actual Startup Time": 17.227,
                  "Actual Total Time": 1424.368,
                  "Actual Rows": 285923,
                  "Actual Loops": 1,
                  "Inner Unique": true,
                  "Plans": [
                    {
                      "Node Type": "Hash Join",
                      "Parent Relationship": "Outer",
                      "Parallel Aware": false,
                      "Join Type": "Inner",
                      "Startup Cost": 2327.20,
                      "Total Cost": 30176.53,
                      "Plan Rows": 7158,
                      "Plan Width": 14,
                      "Actual Startup Time": 17.192,
                      "Actual Total Time": 524.865,
                      "Actual Rows": 285957,
                      "Actual Loops": 1,
                      "Inner Unique": true,
                      "Hash Cond": "(web_sales.ws_sold_date_sk = date_dim_1.d_date_sk)",
                      "Plans": [
                        {
                          "Node Type": "Seq Scan",
                          "Parent Relationship": "Outer",
                          "Parallel Aware": false,
                          "Relation Name": "web_sales",
                          "Alias": "web_sales",
                          "Startup Cost": 0.00,
                          "Total Cost": 25960.84,
                          "Plan Rows": 719384,
                          "Plan Width": 14,
                          "Actual Startup Time": 0.038,
                          "Actual Total Time": 195.571,
                          "Actual Rows": 719384,
                          "Actual Loops": 1
                        },
                        {
                          "Node Type": "Hash",
                          "Parent Relationship": "Inner",
                          "Parallel Aware": false,
                          "Startup Cost": 2318.11,
                          "Total Cost": 2318.11,
                          "Plan Rows": 727,
                          "Plan Width": 8,
                          "Actual Startup Time": 17.138,
                          "Actual Total Time": 17.138,
                          "Actual Rows": 730,
                          "Actual Loops": 1,
                          "Hash Buckets": 1024,
                          "Original Hash Buckets": 1024,
                          "Hash Batches": 1,
                          "Original Hash Batches": 1,
                          "Peak Memory Usage": 37,
                          "Plans": [
                            {
                              "Node Type": "Seq Scan",
                              "Parent Relationship": "Outer",
                              "Parallel Aware": false,
                              "Relation Name": "date_dim",
                              "Alias": "date_dim_1",
                              "Startup Cost": 0.00,
                              "Total Cost": 2318.11,
                              "Plan Rows": 727,
                              "Plan Width": 8,
                              "Actual Startup Time": 8.270,
                              "Actual Total Time": 16.932,
                              "Actual Rows": 730,
                              "Actual Loops": 1,
                              "Filter": "(d_year = ANY ('{1998,1999}'::integer[]))",
                              "Rows Removed by Filter": 72319
                            }
                          ]
                        }
                      ]
                    },
                    {
                      "Node Type": "Index Scan",
                      "Parent Relationship": "Inner",
                      "Parallel Aware": false,
                      "Scan Direction": "Forward",
                      "Index Name": "customer_pkey",
                      "Relation Name": "customer",
                      "Alias": "customer_1",
                      "Startup Cost": 0.29,
                      "Total Cost": 0.33,
                      "Plan Rows": 1,
                      "Plan Width": 73,
                      "Actual Startup Time": 0.002,
                      "Actual Total Time": 0.002,
                      "Actual Rows": 1,
                      "Actual Loops": 285957,
                      "Index Cond": "(c_customer_sk = web_sales.ws_bill_customer_sk)",
                      "Rows Removed by Index Recheck": 0
                    }
                  ]
                }
              ]
            }
          ]
        },
        {
          "Node Type": "Sort",
          "Parent Relationship": "Outer",
          "Parallel Aware": false,
          "Startup Cost": 3497.19,
          "Total Cost": 3497.20,
          "Plan Rows": 1,
          "Plan Width": 276,
          "Actual Startup Time": 1817199.278,
          "Actual Total Time": 1817199.284,
          "Actual Rows": 83,
          "Actual Loops": 1,
          "Sort Key": ["t_s_secyear.customer_id", "t_s_secyear.customer_last_name", "t_s_secyear.customer_first_name"],
          "Sort Method": "quicksort",
          "Sort Space Used": 36,
          "Sort Space Type": "Memory",
          "Plans": [
            {
              "Node Type": "Nested Loop",
              "Parent Relationship": "Outer",
              "Parallel Aware": false,
              "Join Type": "Inner",
              "Startup Cost": 0.00,
              "Total Cost": 3497.18,
              "Plan Rows": 1,
              "Plan Width": 276,
              "Actual Startup Time": 19449.031,
              "Actual Total Time": 1817199.032,
              "Actual Rows": 83,
              "Actual Loops": 1,
              "Inner Unique": false,
              "Join Filter": "((t_s_secyear.customer_id = t_w_secyear.customer_id) AND (CASE WHEN (t_w_firstyear.year_total > '0'::numeric) THEN (t_w_secyear.year_total / t_w_firstyear.year_total) ELSE NULL::numeric END > CASE WHEN (t_s_firstyear.year_total > '0'::numeric) THEN (t_s_secyear.year_total / t_s_firstyear.year_total) ELSE NULL::numeric END))",
              "Rows Removed by Join Filter": 14036149,
              "Plans": [
                {
                  "Node Type": "Nested Loop",
                  "Parent Relationship": "Outer",
                  "Parallel Aware": false,
                  "Join Type": "Inner",
                  "Startup Cost": 0.00,
                  "Total Cost": 2664.51,
                  "Plan Rows": 1,
                  "Plan Width": 508,
                  "Actual Startup Time": 18016.101,
                  "Actual Total Time": 1778533.505,
                  "Actual Rows": 1247,
                  "Actual Loops": 1,
                  "Inner Unique": false,
                  "Join Filter": "(t_s_secyear.customer_id = t_w_firstyear.customer_id)",
                  "Rows Removed by Join Filter": 117654831,
                  "Plans": [
                    {
                      "Node Type": "Nested Loop",
                      "Parent Relationship": "Outer",
                      "Parallel Aware": false,
                      "Join Type": "Inner",
                      "Startup Cost": 0.00,
                      "Total Cost": 1748.58,
                      "Plan Rows": 1,
                      "Plan Width": 408,
                      "Actual Startup Time": 15731.090,
                      "Actual Total Time": 1249100.627,
                      "Actual Rows": 12137,
                      "Actual Loops": 1,
                      "Inner Unique": false,
                      "Join Filter": "(t_s_firstyear.customer_id = t_s_secyear.customer_id)",
                      "Rows Removed by Join Filter": 1215882323,
                      "Plans": [
                        {
                          "Node Type": "CTE Scan",
                          "Parent Relationship": "Outer",
                          "Parallel Aware": false,
                          "CTE Name": "year_total",
                          "Alias": "t_s_firstyear",
                          "Startup Cost": 0.00,
                          "Total Cost": 915.92,
                          "Plan Rows": 1,
                          "Plan Width": 100,
                          "Actual Startup Time": 10656.525,
                          "Actual Total Time": 10934.147,
                          "Actual Rows": 32245,
                          "Actual Loops": 1,
                          "Filter": "((year_total > '0'::numeric) AND (sale_type = 's'::text) AND (year = 1998))",
                          "Rows Removed by Filter": 66019
                        },
                        {
                          "Node Type": "CTE Scan",
                          "Parent Relationship": "Inner",
                          "Parallel Aware": false,
                          "CTE Name": "year_total",
                          "Alias": "t_s_secyear",
                          "Startup Cost": 0.00,
                          "Total Cost": 832.65,
                          "Plan Rows": 1,
                          "Plan Width": 308,
                          "Actual Startup Time": 0.005,
                          "Actual Total Time": 33.231,
                          "Actual Rows": 37708,
                          "Actual Loops": 32245,
                          "Filter": "((sale_type = 's'::text) AND (year = 1999))",
                          "Rows Removed by Filter": 60556
                        }
                      ]
                    },
                    {
                      "Node Type": "CTE Scan",
                      "Parent Relationship": "Inner",
                      "Parallel Aware": false,
                      "CTE Name": "year_total",
                      "Alias": "t_w_firstyear",
                      "Startup Cost": 0.00,
                      "Total Cost": 915.92,
                      "Plan Rows": 1,
                      "Plan Width": 100,
                      "Actual Startup Time": 31.605,
                      "Actual Total Time": 42.232,
                      "Actual Rows": 9694,
                      "Actual Loops": 12137,
                      "Filter": "((year_total > '0'::numeric) AND (sale_type = 'w'::text) AND (year = 1998))",
                      "Rows Removed by Filter": 88570
                    }
                  ]
                },
                {
                  "Node Type": "CTE Scan",
                  "Parent Relationship": "Inner",
                  "Parallel Aware": false,
                  "CTE Name": "year_total",
                  "Alias": "t_w_secyear",
                  "Startup Cost": 0.00,
                  "Total Cost": 832.65,
                  "Plan Rows": 1,
                  "Plan Width": 100,
                  "Actual Startup Time": 21.691,
                  "Actual Total Time": 29.453,
                  "Actual Rows": 11256,
                  "Actual Loops": 1247,
                  "Filter": "((sale_type = 'w'::text) AND (year = 1999))",
                  "Rows Removed by Filter": 87008
                }
              ]
            }
          ]
        }
      ]
    },
    "Planning Time": 1.508,
    "Triggers": [
    ],
    "Execution Time": 1817209.482
  }
]
