[
  {
    "Plan": {
      "Node Type": "Limit",
      "Parallel Aware": false,
      "Startup Cost": 179710.89,
      "Total Cost": 179713.38,
      "Plan Rows": 100,
      "Plan Width": 160,
      "Actual Startup Time": 3010.572,
      "Actual Total Time": 3010.899,
      "Actual Rows": 100,
      "Actual Loops": 1,
      "Plans": [
        {
          "Node Type": "Aggregate",
          "Strategy": "Sorted",
          "Partial Mode": "Simple",
          "Parent Relationship": "InitPlan",
          "Subplan Name": "CTE ssr",
          "Parallel Aware": false,
          "Startup Cost": 90928.25,
          "Total Cost": 90929.24,
          "Plan Rows": 6,
          "Plan Width": 113,
          "Actual Startup Time": 1617.407,
          "Actual Total Time": 1619.943,
          "Actual Rows": 6,
          "Actual Loops": 1,
          "Group Key": ["store.s_store_id"],
          "Plans": [
            {
              "Node Type": "Sort",
              "Parent Relationship": "Outer",
              "Parallel Aware": false,
              "Startup Cost": 90928.25,
              "Total Cost": 90928.39,
              "Plan Rows": 59,
              "Plan Width": 41,
              "Actual Startup Time": 1616.939,
              "Actual Total Time": 1617.235,
              "Actual Rows": 3435,
              "Actual Loops": 1,
              "Sort Key": ["store.s_store_id"],
              "Sort Method": "quicksort",
              "Sort Space Used": 365,
              "Sort Space Type": "Memory",
              "Plans": [
                {
                  "Node Type": "Nested Loop",
                  "Parent Relationship": "Outer",
                  "Parallel Aware": false,
                  "Join Type": "Left",
                  "Startup Cost": 2518.51,
                  "Total Cost": 90926.51,
                  "Plan Rows": 59,
                  "Plan Width": 41,
                  "Actual Startup Time": 17.374,
                  "Actual Total Time": 1610.105,
                  "Actual Rows": 3435,
                  "Actual Loops": 1,
                  "Inner Unique": true,
                  "Plans": [
                    {
                      "Node Type": "Nested Loop",
                      "Parent Relationship": "Outer",
                      "Parallel Aware": false,
                      "Join Type": "Inner",
                      "Startup Cost": 2518.09,
                      "Total Cost": 90899.93,
                      "Plan Rows": 59,
                      "Plan Width": 37,
                      "Actual Startup Time": 16.132,
                      "Actual Total Time": 1426.450,
                      "Actual Rows": 3435,
                      "Actual Loops": 1,
                      "Inner Unique": true,
                      "Plans": [
                        {
                          "Node Type": "Hash Join",
                          "Parent Relationship": "Outer",
                          "Parallel Aware": false,
                          "Join Type": "Inner",
                          "Startup Cost": 2517.80,
                          "Total Cost": 90586.62,
                          "Plan Rows": 1013,
                          "Plan Width": 37,
                          "Actual Startup Time": 16.063,
                          "Actual Total Time": 1155.072,
                          "Actual Rows": 60734,
                          "Actual Loops": 1,
                          "Inner Unique": true,
                          "Hash Cond": "(store_sales.ss_store_sk = store.s_store_sk)",
                          "Plans": [
                            {
                              "Node Type": "Hash Join",
                              "Parent Relationship": "Outer",
                              "Parallel Aware": false,
                              "Join Type": "Inner",
                              "Startup Cost": 2516.53,
                              "Total Cost": 90581.64,
                              "Plan Rows": 1060,
                              "Plan Width": 24,
                              "Actual Startup Time": 16.032,
                              "Actual Total Time": 1126.446,
                              "Actual Rows": 61452,
                              "Actual Loops": 1,
                              "Inner Unique": true,
                              "Hash Cond": "(store_sales.ss_promo_sk = promotion.p_promo_sk)",
                              "Plans": [
                                {
                                  "Node Type": "Hash Join",
                                  "Parent Relationship": "Outer",
                                  "Parallel Aware": false,
                                  "Join Type": "Inner",
                                  "Startup Cost": 2501.11,
                                  "Total Cost": 90563.20,
                                  "Plan Rows": 1130,
                                  "Plan Width": 28,
                                  "Actual Startup Time": 15.571,
                                  "Actual Total Time": 1094.739,
                                  "Actual Rows": 64249,
                                  "Actual Loops": 1,
                                  "Inner Unique": true,
                                  "Hash Cond": "(store_sales.ss_sold_date_sk = date_dim.d_date_sk)",
                                  "Plans": [
                                    {
                                      "Node Type": "Seq Scan",
                                      "Parent Relationship": "Outer",
                                      "Parallel Aware": false,
                                      "Relation Name": "store_sales",
                                      "Alias": "store_sales",
                                      "Startup Cost": 0.00,
                                      "Total Cost": 80500.49,
                                      "Plan Rows": 2880449,
                                      "Plan Width": 32,
                                      "Actual Startup Time": 0.027,
                                      "Actual Total Time": 573.553,
                                      "Actual Rows": 2880404,
                                      "Actual Loops": 1
                                    },
                                    {
                                      "Node Type": "Hash",
                                      "Parent Relationship": "Inner",
                                      "Parallel Aware": false,
                                      "Startup Cost": 2500.73,
                                      "Total Cost": 2500.73,
                                      "Plan Rows": 30,
                                      "Plan Width": 4,
                                      "Actual Startup Time": 15.134,
                                      "Actual Total Time": 15.134,
                                      "Actual Rows": 31,
                                      "Actual Loops": 1,
                                      "Hash Buckets": 1024,
                                      "Original Hash Buckets": 1024,
                                      "Hash Batches": 1,
                                      "Original Hash Batches": 1,
                                      "Peak Memory Usage": 10,
                                      "Plans": [
                                        {
                                          "Node Type": "Seq Scan",
                                          "Parent Relationship": "Outer",
                                          "Parallel Aware": false,
                                          "Relation Name": "date_dim",
                                          "Alias": "date_dim",
                                          "Startup Cost": 0.00,
                                          "Total Cost": 2500.73,
                                          "Plan Rows": 30,
                                          "Plan Width": 4,
                                          "Actual Startup Time": 6.989,
                                          "Actual Total Time": 15.117,
                                          "Actual Rows": 31,
                                          "Actual Loops": 1,
                                          "Filter": "((d_date >= '1998-08-27'::date) AND (d_date <= '1998-09-26'::date))",
                                          "Rows Removed by Filter": 73018
                                        }
                                      ]
                                    }
                                  ]
                                },
                                {
                                  "Node Type": "Hash",
                                  "Parent Relationship": "Inner",
                                  "Parallel Aware": false,
                                  "Startup Cost": 11.75,
                                  "Total Cost": 11.75,
                                  "Plan Rows": 294,
                                  "Plan Width": 4,
                                  "Actual Startup Time": 0.454,
                                  "Actual Total Time": 0.454,
                                  "Actual Rows": 294,
                                  "Actual Loops": 1,
                                  "Hash Buckets": 1024,
                                  "Original Hash Buckets": 1024,
                                  "Hash Batches": 1,
                                  "Original Hash Batches": 1,
                                  "Peak Memory Usage": 19,
                                  "Plans": [
                                    {
                                      "Node Type": "Seq Scan",
                                      "Parent Relationship": "Outer",
                                      "Parallel Aware": false,
                                      "Relation Name": "promotion",
                                      "Alias": "promotion",
                                      "Startup Cost": 0.00,
                                      "Total Cost": 11.75,
                                      "Plan Rows": 294,
                                      "Plan Width": 4,
                                      "Actual Startup Time": 0.009,
                                      "Actual Total Time": 0.324,
                                      "Actual Rows": 294,
                                      "Actual Loops": 1,
                                      "Filter": "(p_channel_tv = 'N'::bpchar)",
                                      "Rows Removed by Filter": 6
                                    }
                                  ]
                                }
                              ]
                            },
                            {
                              "Node Type": "Hash",
                              "Parent Relationship": "Inner",
                              "Parallel Aware": false,
                              "Startup Cost": 1.12,
                              "Total Cost": 1.12,
                              "Plan Rows": 12,
                              "Plan Width": 21,
                              "Actual Startup Time": 0.024,
                              "Actual Total Time": 0.024,
                              "Actual Rows": 12,
                              "Actual Loops": 1,
                              "Hash Buckets": 1024,
                              "Original Hash Buckets": 1024,
                              "Hash Batches": 1,
                              "Original Hash Batches": 1,
                              "Peak Memory Usage": 9,
                              "Plans": [
                                {
                                  "Node Type": "Seq Scan",
                                  "Parent Relationship": "Outer",
                                  "Parallel Aware": false,
                                  "Relation Name": "store",
                                  "Alias": "store",
                                  "Startup Cost": 0.00,
                                  "Total Cost": 1.12,
                                  "Plan Rows": 12,
                                  "Plan Width": 21,
                                  "Actual Startup Time": 0.013,
                                  "Actual Total Time": 0.017,
                                  "Actual Rows": 12,
                                  "Actual Loops": 1
                                }
                              ]
                            }
                          ]
                        },
                        {
                          "Node Type": "Index Scan",
                          "Parent Relationship": "Inner",
                          "Parallel Aware": false,
                          "Scan Direction": "Forward",
                          "Index Name": "item_pkey",
                          "Relation Name": "item",
                          "Alias": "item",
                          "Startup Cost": 0.29,
                          "Total Cost": 0.31,
                          "Plan Rows": 1,
                          "Plan Width": 4,
                          "Actual Startup Time": 0.004,
                          "Actual Total Time": 0.004,
                          "Actual Rows": 0,
                          "Actual Loops": 60734,
                          "Index Cond": "(i_item_sk = store_sales.ss_item_sk)",
                          "Rows Removed by Index Recheck": 0,
                          "Filter": "(i_current_price > '50'::numeric)",
                          "Rows Removed by Filter": 1
                        }
                      ]
                    },
                    {
                      "Node Type": "Index Scan",
                      "Parent Relationship": "Inner",
                      "Parallel Aware": false,
                      "Scan Direction": "Forward",
                      "Index Name": "store_returns_pkey",
                      "Relation Name": "store_returns",
                      "Alias": "store_returns",
                      "Startup Cost": 0.42,
                      "Total Cost": 0.45,
                      "Plan Rows": 1,
                      "Plan Width": 20,
                      "Actual Startup Time": 0.052,
                      "Actual Total Time": 0.052,
                      "Actual Rows": 0,
                      "Actual Loops": 3435,
                      "Index Cond": "((store_sales.ss_item_sk = sr_item_sk) AND (store_sales.ss_ticket_number = sr_ticket_number))",
                      "Rows Removed by Index Recheck": 0
                    }
                  ]
                }
              ]
            }
          ]
        },
        {
          "Node Type": "Aggregate",
          "Strategy": "Sorted",
          "Partial Mode": "Simple",
          "Parent Relationship": "InitPlan",
          "Subplan Name": "CTE csr",
          "Parallel Aware": false,
          "Startup Cost": 58322.35,
          "Total Cost": 58323.42,
          "Plan Rows": 33,
          "Plan Width": 113,
          "Actual Startup Time": 867.722,
          "Actual Total Time": 869.942,
          "Actual Rows": 400,
          "Actual Loops": 1,
          "Group Key": ["catalog_page.cp_catalog_page_id"],
          "Plans": [
            {
              "Node Type": "Sort",
              "Parent Relationship": "Outer",
              "Parallel Aware": false,
              "Startup Cost": 58322.35,
              "Total Cost": 58322.43,
              "Plan Rows": 33,
              "Plan Width": 41,
              "Actual Startup Time": 867.701,
              "Actual Total Time": 867.847,
              "Actual Rows": 1793,
              "Actual Loops": 1,
              "Sort Key": ["catalog_page.cp_catalog_page_id"],
              "Sort Method": "quicksort",
              "Sort Space Used": 189,
              "Sort Space Type": "Memory",
              "Plans": [
                {
                  "Node Type": "Nested Loop",
                  "Parent Relationship": "Outer",
                  "Parallel Aware": false,
                  "Join Type": "Inner",
                  "Startup Cost": 2502.25,
                  "Total Cost": 58321.52,
                  "Plan Rows": 33,
                  "Plan Width": 41,
                  "Actual Startup Time": 27.742,
                  "Actual Total Time": 854.720,
                  "Actual Rows": 1793,
                  "Actual Loops": 1,
                  "Inner Unique": true,
                  "Plans": [
                    {
                      "Node Type": "Nested Loop",
                      "Parent Relationship": "Outer",
                      "Parallel Aware": false,
                      "Join Type": "Left",
                      "Startup Cost": 2501.96,
                      "Total Cost": 58311.51,
                      "Plan Rows": 33,
                      "Plan Width": 28,
                      "Actual Startup Time": 27.376,
                      "Actual Total Time": 840.544,
                      "Actual Rows": 1795,
                      "Actual Loops": 1,
                      "Inner Unique": true,
                      "Plans": [
                        {
                          "Node Type": "Nested Loop",
                          "Parent Relationship": "Outer",
                          "Parallel Aware": false,
                          "Join Type": "Inner",
                          "Startup Cost": 2501.54,
                          "Total Cost": 58296.68,
                          "Plan Rows": 33,
                          "Plan Width": 24,
                          "Actual Startup Time": 25.442,
                          "Actual Total Time": 728.623,
                          "Actual Rows": 1795,
                          "Actual Loops": 1,
                          "Inner Unique": true,
                          "Plans": [
                            {
                              "Node Type": "Nested Loop",
                              "Parent Relationship": "Outer",
                              "Parallel Aware": false,
                              "Join Type": "Inner",
                              "Startup Cost": 2501.40,
                              "Total Cost": 58290.98,
                              "Plan Rows": 34,
                              "Plan Width": 28,
                              "Actual Startup Time": 25.432,
                              "Actual Total Time": 721.605,
                              "Actual Rows": 1831,
                              "Actual Loops": 1,
                              "Inner Unique": true,
                              "Plans": [
                                {
                                  "Node Type": "Hash Join",
                                  "Parent Relationship": "Outer",
                                  "Parallel Aware": false,
                                  "Join Type": "Inner",
                                  "Startup Cost": 2501.11,
                                  "Total Cost": 58107.77,
                                  "Plan Rows": 589,
                                  "Plan Width": 28,
                                  "Actual Startup Time": 24.206,
                                  "Actual Total Time": 582.552,
                                  "Actual Rows": 31867,
                                  "Actual Loops": 1,
                                  "Inner Unique": true,
                                  "Hash Cond": "(catalog_sales.cs_sold_date_sk = date_dim_1.d_date_sk)",
                                  "Plans": [
                                    {
                                      "Node Type": "Seq Scan",
                                      "Parent Relationship": "Outer",
                                      "Parallel Aware": false,
                                      "Relation Name": "catalog_sales",
                                      "Alias": "catalog_sales",
                                      "Startup Cost": 0.00,
                                      "Total Cost": 51821.98,
                                      "Plan Rows": 1441698,
                                      "Plan Width": 32,
                                      "Actual Startup Time": 0.026,
                                      "Actual Total Time": 320.796,
                                      "Actual Rows": 1441548,
                                      "Actual Loops": 1
                                    },
                                    {
                                      "Node Type": "Hash",
                                      "Parent Relationship": "Inner",
                                      "Parallel Aware": false,
                                      "Startup Cost": 2500.73,
                                      "Total Cost": 2500.73,
                                      "Plan Rows": 30,
                                      "Plan Width": 4,
                                      "Actual Startup Time": 12.435,
                                      "Actual Total Time": 12.435,
                                      "Actual Rows": 31,
                                      "Actual Loops": 1,
                                      "Hash Buckets": 1024,
                                      "Original Hash Buckets": 1024,
                                      "Hash Batches": 1,
                                      "Original Hash Batches": 1,
                                      "Peak Memory Usage": 10,
                                      "Plans": [
                                        {
                                          "Node Type": "Seq Scan",
                                          "Parent Relationship": "Outer",
                                          "Parallel Aware": false,
                                          "Relation Name": "date_dim",
                                          "Alias": "date_dim_1",
                                          "Startup Cost": 0.00,
                                          "Total Cost": 2500.73,
                                          "Plan Rows": 30,
                                          "Plan Width": 4,
                                          "Actual Startup Time": 5.800,
                                          "Actual Total Time": 12.424,
                                          "Actual Rows": 31,
                                          "Actual Loops": 1,
                                          "Filter": "((d_date >= '1998-08-27'::date) AND (d_date <= '1998-09-26'::date))",
                                          "Rows Removed by Filter": 73018
                                        }
                                      ]
                                    }
                                  ]
                                },
                                {
                                  "Node Type": "Index Scan",
                                  "Parent Relationship": "Inner",
                                  "Parallel Aware": false,
                                  "Scan Direction": "Forward",
                                  "Index Name": "item_pkey",
                                  "Relation Name": "item",
                                  "Alias": "item_1",
                                  "Startup Cost": 0.29,
                                  "Total Cost": 0.31,
                                  "Plan Rows": 1,
                                  "Plan Width": 4,
                                  "Actual Startup Time": 0.004,
                                  "Actual Total Time": 0.004,
                                  "Actual Rows": 0,
                                  "Actual Loops": 31867,
                                  "Index Cond": "(i_item_sk = catalog_sales.cs_item_sk)",
                                  "Rows Removed by Index Recheck": 0,
                                  "Filter": "(i_current_price > '50'::numeric)",
                                  "Rows Removed by Filter": 1
                                }
                              ]
                            },
                            {
                              "Node Type": "Index Scan",
                              "Parent Relationship": "Inner",
                              "Parallel Aware": false,
                              "Scan Direction": "Forward",
                              "Index Name": "promotion_pkey",
                              "Relation Name": "promotion",
                              "Alias": "promotion_1",
                              "Startup Cost": 0.15,
                              "Total Cost": 0.17,
                              "Plan Rows": 1,
                              "Plan Width": 4,
                              "Actual Startup Time": 0.003,
                              "Actual Total Time": 0.003,
                              "Actual Rows": 1,
                              "Actual Loops": 1831,
                              "Index Cond": "(p_promo_sk = catalog_sales.cs_promo_sk)",
                              "Rows Removed by Index Recheck": 0,
                              "Filter": "(p_channel_tv = 'N'::bpchar)",
                              "Rows Removed by Filter": 0
                            }
                          ]
                        },
                        {
                          "Node Type": "Index Scan",
                          "Parent Relationship": "Inner",
                          "Parallel Aware": false,
                          "Scan Direction": "Forward",
                          "Index Name": "catalog_returns_pkey",
                          "Relation Name": "catalog_returns",
                          "Alias": "catalog_returns",
                          "Startup Cost": 0.42,
                          "Total Cost": 0.45,
                          "Plan Rows": 1,
                          "Plan Width": 20,
                          "Actual Startup Time": 0.061,
                          "Actual Total Time": 0.061,
                          "Actual Rows": 0,
                          "Actual Loops": 1795,
                          "Index Cond": "((catalog_sales.cs_item_sk = cr_item_sk) AND (catalog_sales.cs_order_number = cr_order_number))",
                          "Rows Removed by Index Recheck": 0
                        }
                      ]
                    },
                    {
                      "Node Type": "Index Scan",
                      "Parent Relationship": "Inner",
                      "Parallel Aware": false,
                      "Scan Direction": "Forward",
                      "Index Name": "catalog_page_pkey",
                      "Relation Name": "catalog_page",
                      "Alias": "catalog_page",
                      "Startup Cost": 0.29,
                      "Total Cost": 0.30,
                      "Plan Rows": 1,
                      "Plan Width": 21,
                      "Actual Startup Time": 0.006,
                      "Actual Total Time": 0.006,
                      "Actual Rows": 1,
                      "Actual Loops": 1795,
                      "Index Cond": "(cp_catalog_page_sk = catalog_sales.cs_catalog_page_sk)",
                      "Rows Removed by Index Recheck": 0
                    }
                  ]
                }
              ]
            }
          ]
        },
        {
          "Node Type": "Aggregate",
          "Strategy": "Sorted",
          "Partial Mode": "Simple",
          "Parent Relationship": "InitPlan",
          "Subplan Name": "CTE wsr",
          "Parallel Aware": false,
          "Startup Cost": 30454.54,
          "Total Cost": 30455.06,
          "Plan Rows": 15,
          "Plan Width": 113,
          "Actual Startup Time": 514.906,
          "Actual Total Time": 515.750,
          "Actual Rows": 15,
          "Actual Loops": 1,
          "Group Key": ["web_site.web_site_id"],
          "Plans": [
            {
              "Node Type": "Sort",
              "Parent Relationship": "Outer",
              "Parallel Aware": false,
              "Startup Cost": 30454.54,
              "Total Cost": 30454.58,
              "Plan Rows": 17,
              "Plan Width": 41,
              "Actual Startup Time": 514.848,
              "Actual Total Time": 514.932,
              "Actual Rows": 938,
              "Actual Loops": 1,
              "Sort Key": ["web_site.web_site_id"],
              "Sort Method": "quicksort",
              "Sort Space Used": 98,
              "Sort Space Type": "Memory",
              "Plans": [
                {
                  "Node Type": "Nested Loop",
                  "Parent Relationship": "Outer",
                  "Parallel Aware": false,
                  "Join Type": "Inner",
                  "Startup Cost": 2501.97,
                  "Total Cost": 30454.19,
                  "Plan Rows": 17,
                  "Plan Width": 41,
                  "Actual Startup Time": 17.874,
                  "Actual Total Time": 512.036,
                  "Actual Rows": 938,
                  "Actual Loops": 1,
                  "Inner Unique": true,
                  "Plans": [
                    {
                      "Node Type": "Nested Loop",
                      "Parent Relationship": "Outer",
                      "Parallel Aware": false,
                      "Join Type": "Inner",
                      "Startup Cost": 2501.83,
                      "Total Cost": 30451.34,
                      "Plan Rows": 17,
                      "Plan Width": 45,
                      "Actual Startup Time": 17.852,
                      "Actual Total Time": 507.497,
                      "Actual Rows": 956,
                      "Actual Loops": 1,
                      "Inner Unique": true,
                      "Plans": [
                        {
                          "Node Type": "Nested Loop",
                          "Parent Relationship": "Outer",
                          "Parallel Aware": false,
                          "Join Type": "Left",
                          "Startup Cost": 2501.69,
                          "Total Cost": 30448.72,
                          "Plan Rows": 17,
                          "Plan Width": 32,
                          "Actual Startup Time": 17.812,
                          "Actual Total Time": 502.365,
                          "Actual Rows": 956,
                          "Actual Loops": 1,
                          "Inner Unique": true,
                          "Plans": [
                            {
                              "Node Type": "Nested Loop",
                              "Parent Relationship": "Outer",
                              "Parallel Aware": false,
                              "Join Type": "Inner",
                              "Startup Cost": 2501.40,
                              "Total Cost": 30443.26,
                              "Plan Rows": 17,
                              "Plan Width": 28,
                              "Actual Startup Time": 12.155,
                              "Actual Total Time": 416.334,
                              "Actual Rows": 956,
                              "Actual Loops": 1,
                              "Inner Unique": true,
                              "Plans": [
                                {
                                  "Node Type": "Hash Join",
                                  "Parent Relationship": "Outer",
                                  "Parallel Aware": false,
                                  "Join Type": "Inner",
                                  "Startup Cost": 2501.11,
                                  "Total Cost": 30350.44,
                                  "Plan Rows": 295,
                                  "Plan Width": 28,
                                  "Actual Startup Time": 12.131,
                                  "Actual Total Time": 338.792,
                                  "Actual Rows": 15950,
                                  "Actual Loops": 1,
                                  "Inner Unique": true,
                                  "Hash Cond": "(web_sales.ws_sold_date_sk = date_dim_2.d_date_sk)",
                                  "Plans": [
                                    {
                                      "Node Type": "Seq Scan",
                                      "Parent Relationship": "Outer",
                                      "Parallel Aware": false,
                                      "Relation Name": "web_sales",
                                      "Alias": "web_sales",
                                      "Startup Cost": 0.00,
                                      "Total Cost": 25960.84,
                                      "Plan Rows": 719384,
                                      "Plan Width": 32,
                                      "Actual Startup Time": 0.018,
                                      "Actual Total Time": 184.992,
                                      "Actual Rows": 719384,
                                      "Actual Loops": 1
                                    },
                                    {
                                      "Node Type": "Hash",
                                      "Parent Relationship": "Inner",
                                      "Parallel Aware": false,
                                      "Startup Cost": 2500.73,
                                      "Total Cost": 2500.73,
                                      "Plan Rows": 30,
                                      "Plan Width": 4,
                                      "Actual Startup Time": 12.059,
                                      "Actual Total Time": 12.059,
                                      "Actual Rows": 31,
                                      "Actual Loops": 1,
                                      "Hash Buckets": 1024,
                                      "Original Hash Buckets": 1024,
                                      "Hash Batches": 1,
                                      "Original Hash Batches": 1,
                                      "Peak Memory Usage": 10,
                                      "Plans": [
                                        {
                                          "Node Type": "Seq Scan",
                                          "Parent Relationship": "Outer",
                                          "Parallel Aware": false,
                                          "Relation Name": "date_dim",
                                          "Alias": "date_dim_2",
                                          "Startup Cost": 0.00,
                                          "Total Cost": 2500.73,
                                          "Plan Rows": 30,
                                          "Plan Width": 4,
                                          "Actual Startup Time": 5.472,
                                          "Actual Total Time": 12.048,
                                          "Actual Rows": 31,
                                          "Actual Loops": 1,
                                          "Filter": "((d_date >= '1998-08-27'::date) AND (d_date <= '1998-09-26'::date))",
                                          "Rows Removed by Filter": 73018
                                        }
                                      ]
                                    }
                                  ]
                                },
                                {
                                  "Node Type": "Index Scan",
                                  "Parent Relationship": "Inner",
                                  "Parallel Aware": false,
                                  "Scan Direction": "Forward",
                                  "Index Name": "item_pkey",
                                  "Relation Name": "item",
                                  "Alias": "item_2",
                                  "Startup Cost": 0.29,
                                  "Total Cost": 0.31,
                                  "Plan Rows": 1,
                                  "Plan Width": 4,
                                  "Actual Startup Time": 0.004,
                                  "Actual Total Time": 0.004,
                                  "Actual Rows": 0,
                                  "Actual Loops": 15950,
                                  "Index Cond": "(i_item_sk = web_sales.ws_item_sk)",
                                  "Rows Removed by Index Recheck": 0,
                                  "Filter": "(i_current_price > '50'::numeric)",
                                  "Rows Removed by Filter": 1
                                }
                              ]
                            },
                            {
                              "Node Type": "Index Scan",
                              "Parent Relationship": "Inner",
                              "Parallel Aware": false,
                              "Scan Direction": "Forward",
                              "Index Name": "web_returns_pkey",
                              "Relation Name": "web_returns",
                              "Alias": "web_returns",
                              "Startup Cost": 0.29,
                              "Total Cost": 0.32,
                              "Plan Rows": 1,
                              "Plan Width": 20,
                              "Actual Startup Time": 0.088,
                              "Actual Total Time": 0.088,
                              "Actual Rows": 0,
                              "Actual Loops": 956,
                              "Index Cond": "((web_sales.ws_item_sk = wr_item_sk) AND (web_sales.ws_order_number = wr_order_number))",
                              "Rows Removed by Index Recheck": 0
                            }
                          ]
                        },
                        {
                          "Node Type": "Index Scan",
                          "Parent Relationship": "Inner",
                          "Parallel Aware": false,
                          "Scan Direction": "Forward",
                          "Index Name": "web_site_pkey",
                          "Relation Name": "web_site",
                          "Alias": "web_site",
                          "Startup Cost": 0.14,
                          "Total Cost": 0.16,
                          "Plan Rows": 1,
                          "Plan Width": 21,
                          "Actual Startup Time": 0.003,
                          "Actual Total Time": 0.003,
                          "Actual Rows": 1,
                          "Actual Loops": 956,
                          "Index Cond": "(web_site_sk = web_sales.ws_web_site_sk)",
                          "Rows Removed by Index Recheck": 0
                        }
                      ]
                    },
                    {
                      "Node Type": "Index Scan",
                      "Parent Relationship": "Inner",
                      "Parallel Aware": false,
                      "Scan Direction": "Forward",
                      "Index Name": "promotion_pkey",
                      "Relation Name": "promotion",
                      "Alias": "promotion_2",
                      "Startup Cost": 0.15,
                      "Total Cost": 0.17,
                      "Plan Rows": 1,
                      "Plan Width": 4,
                      "Actual Startup Time": 0.003,
                      "Actual Total Time": 0.003,
                      "Actual Rows": 1,
                      "Actual Loops": 956,
                      "Index Cond": "(p_promo_sk = web_sales.ws_promo_sk)",
                      "Rows Removed by Index Recheck": 0,
                      "Filter": "(p_channel_tv = 'N'::bpchar)",
                      "Rows Removed by Filter": 0
                    }
                  ]
                }
              ]
            }
          ]
        },
        {
          "Node Type": "Aggregate",
          "Strategy": "Sorted",
          "Partial Mode": "Simple",
          "Parent Relationship": "Outer",
          "Parallel Aware": false,
          "Startup Cost": 3.17,
          "Total Cost": 5.89,
          "Plan Rows": 109,
          "Plan Width": 160,
          "Actual Startup Time": 3010.571,
          "Actual Total Time": 3010.883,
          "Actual Rows": 100,
          "Actual Loops": 1,
          "Grouping Sets": [
            {
              "Group Keys": [
                ["('store channel'::text)", "(('store'::text || (ssr.store_id)::text))"],
                ["('store channel'::text)"],
                []
              ]
            }
          ],
          "Plans": [
            {
              "Node Type": "Sort",
              "Parent Relationship": "Outer",
              "Parallel Aware": false,
              "Startup Cost": 3.17,
              "Total Cost": 3.31,
              "Plan Rows": 54,
              "Plan Width": 160,
              "Actual Startup Time": 3010.557,
              "Actual Total Time": 3010.566,
              "Actual Rows": 101,
              "Actual Loops": 1,
              "Sort Key": ["('store channel'::text)", "(('store'::text || (ssr.store_id)::text))"],
              "Sort Method": "quicksort",
              "Sort Space Used": 84,
              "Sort Space Type": "Memory",
              "Plans": [
                {
                  "Node Type": "Append",
                  "Parent Relationship": "Outer",
                  "Parallel Aware": false,
                  "Startup Cost": 0.00,
                  "Total Cost": 1.62,
                  "Plan Rows": 54,
                  "Plan Width": 160,
                  "Actual Startup Time": 1617.415,
                  "Actual Total Time": 3006.222,
                  "Actual Rows": 421,
                  "Actual Loops": 1,
                  "Plans": [
                    {
                      "Node Type": "CTE Scan",
                      "Parent Relationship": "Member",
                      "Parallel Aware": false,
                      "CTE Name": "ssr",
                      "Alias": "ssr",
                      "Startup Cost": 0.00,
                      "Total Cost": 0.15,
                      "Plan Rows": 6,
                      "Plan Width": 160,
                      "Actual Startup Time": 1617.414,
                      "Actual Total Time": 1619.964,
                      "Actual Rows": 6,
                      "Actual Loops": 1
                    },
                    {
                      "Node Type": "CTE Scan",
                      "Parent Relationship": "Member",
                      "Parallel Aware": false,
                      "CTE Name": "csr",
                      "Alias": "csr",
                      "Startup Cost": 0.00,
                      "Total Cost": 0.83,
                      "Plan Rows": 33,
                      "Plan Width": 160,
                      "Actual Startup Time": 867.728,
                      "Actual Total Time": 870.416,
                      "Actual Rows": 400,
                      "Actual Loops": 1
                    },
                    {
                      "Node Type": "CTE Scan",
                      "Parent Relationship": "Member",
                      "Parallel Aware": false,
                      "CTE Name": "wsr",
                      "Alias": "wsr",
                      "Startup Cost": 0.00,
                      "Total Cost": 0.38,
                      "Plan Rows": 15,
                      "Plan Width": 160,
                      "Actual Startup Time": 514.912,
                      "Actual Total Time": 515.780,
                      "Actual Rows": 15,
                      "Actual Loops": 1
                    }
                  ]
                }
              ]
            }
          ]
        }
      ]
    },
    "Planning Time": 9.413,
    "Triggers": [
    ],
    "Execution Time": 3011.797
  }
]
