[
  {
    "Plan": {
      "Node Type": "Limit",
      "Parallel Aware": false,
      "Startup Cost": 182235.34,
      "Total Cost": 182235.59,
      "Plan Rows": 100,
      "Plan Width": 202,
      "Actual Startup Time": 3551.697,
      "Actual Total Time": 3551.722,
      "Actual Rows": 100,
      "Actual Loops": 1,
      "Plans": [
        {
          "Node Type": "Sort",
          "Parent Relationship": "Outer",
          "Parallel Aware": false,
          "Startup Cost": 182235.34,
          "Total Cost": 182236.01,
          "Plan Rows": 265,
          "Plan Width": 202,
          "Actual Startup Time": 3551.696,
          "Actual Total Time": 3551.704,
          "Actual Rows": 100,
          "Actual Loops": 1,
          "Sort Key": ["store.s_store_name", "item.i_item_desc"],
          "Sort Method": "top-N heapsort",
          "Sort Space Used": 73,
          "Sort Space Type": "Memory",
          "Plans": [
            {
              "Node Type": "Nested Loop",
              "Parent Relationship": "Outer",
              "Parallel Aware": false,
              "Join Type": "Inner",
              "Startup Cost": 181706.31,
              "Total Cost": 182225.22,
              "Plan Rows": 265,
              "Plan Width": 202,
              "Actual Startup Time": 3373.915,
              "Actual Total Time": 3538.780,
              "Actual Rows": 4146,
              "Actual Loops": 1,
              "Inner Unique": true,
              "Plans": [
                {
                  "Node Type": "Hash Join",
                  "Parent Relationship": "Outer",
                  "Parallel Aware": false,
                  "Join Type": "Inner",
                  "Startup Cost": 181706.02,
                  "Total Cost": 182041.86,
                  "Plan Rows": 265,
                  "Plan Width": 41,
                  "Actual Startup Time": 3373.892,
                  "Actual Total Time": 3521.096,
                  "Actual Rows": 4146,
                  "Actual Loops": 1,
                  "Inner Unique": true,
                  "Hash Cond": "(store_sales.ss_store_sk = store_sales_1.ss_store_sk)",
                  "Join Filter": "((sum(store_sales.ss_sales_price)) <= (0.1 * (avg((sum(store_sales_1.ss_sales_price))))))",
                  "Rows Removed by Join Filter": 64535,
                  "Plans": [
                    {
                      "Node Type": "Hash Join",
                      "Parent Relationship": "Outer",
                      "Parallel Aware": false,
                      "Join Type": "Inner",
                      "Startup Cost": 90667.90,
                      "Total Cost": 91001.64,
                      "Plan Rows": 795,
                      "Plan Width": 49,
                      "Actual Startup Time": 1680.564,
                      "Actual Total Time": 1771.841,
                      "Actual Rows": 68681,
                      "Actual Loops": 1,
                      "Inner Unique": true,
                      "Hash Cond": "(store_sales.ss_store_sk = store.s_store_sk)",
                      "Plans": [
                        {
                          "Node Type": "Aggregate",
                          "Strategy": "Hashed",
                          "Partial Mode": "Simple",
                          "Parent Relationship": "Outer",
                          "Parallel Aware": false,
                          "Startup Cost": 90666.63,
                          "Total Cost": 90832.31,
                          "Plan Rows": 13254,
                          "Plan Width": 40,
                          "Actual Startup Time": 1680.530,
                          "Actual Total Time": 1741.999,
                          "Actual Rows": 75992,
                          "Actual Loops": 1,
                          "Group Key": ["store_sales.ss_store_sk", "store_sales.ss_item_sk"],
                          "Plans": [
                            {
                              "Node Type": "Hash Join",
                              "Parent Relationship": "Outer",
                              "Parallel Aware": false,
                              "Join Type": "Inner",
                              "Startup Cost": 2505.13,
                              "Total Cost": 90567.23,
                              "Plan Rows": 13254,
                              "Plan Width": 14,
                              "Actual Startup Time": 18.241,
                              "Actual Total Time": 1258.756,
                              "Actual Rows": 548461,
                              "Actual Loops": 1,
                              "Inner Unique": true,
                              "Hash Cond": "(store_sales.ss_sold_date_sk = date_dim.d_date_sk)",
                              "Plans": [
                                {
                                  "Node Type": "Seq Scan",
                                  "Parent Relationship": "Outer",
                                  "Parallel Aware": false,
                                  "Relation Name": "store_sales",
                                  "Alias": "store_sales",
                                  "Startup Cost": 0.00,
                                  "Total Cost": 80500.49,
                                  "Plan Rows": 2880449,
                                  "Plan Width": 18,
                                  "Actual Startup Time": 0.019,
                                  "Actual Total Time": 562.609,
                                  "Actual Rows": 2880404,
                                  "Actual Loops": 1
                                },
                                {
                                  "Node Type": "Hash",
                                  "Parent Relationship": "Inner",
                                  "Parallel Aware": false,
                                  "Startup Cost": 2500.73,
                                  "Total Cost": 2500.73,
                                  "Plan Rows": 352,
                                  "Plan Width": 4,
                                  "Actual Startup Time": 18.179,
                                  "Actual Total Time": 18.180,
                                  "Actual Rows": 365,
                                  "Actual Loops": 1,
                                  "Hash Buckets": 1024,
                                  "Original Hash Buckets": 1024,
                                  "Hash Batches": 1,
                                  "Original Hash Batches": 1,
                                  "Peak Memory Usage": 21,
                                  "Plans": [
                                    {
                                      "Node Type": "Seq Scan",
                                      "Parent Relationship": "Outer",
                                      "Parallel Aware": false,
                                      "Relation Name": "date_dim",
                                      "Alias": "date_dim",
                                      "Startup Cost": 0.00,
                                      "Total Cost": 2500.73,
                                      "Plan Rows": 352,
                                      "Plan Width": 4,
                                      "Actual Startup Time": 9.059,
                                      "Actual Total Time": 18.092,
                                      "Actual Rows": 365,
                                      "Actual Loops": 1,
                                      "Filter": "((d_month_seq >= 1223) AND (d_month_seq <= 1234))",
                                      "Rows Removed by Filter": 72684
                                    }
                                  ]
                                }
                              ]
                            }
                          ]
                        },
                        {
                          "Node Type": "Hash",
                          "Parent Relationship": "Inner",
                          "Parallel Aware": false,
                          "Startup Cost": 1.12,
                          "Total Cost": 1.12,
                          "Plan Rows": 12,
                          "Plan Width": 9,
                          "Actual Startup Time": 0.028,
                          "Actual Total Time": 0.028,
                          "Actual Rows": 12,
                          "Actual Loops": 1,
                          "Hash Buckets": 1024,
                          "Original Hash Buckets": 1024,
                          "Hash Batches": 1,
                          "Original Hash Batches": 1,
                          "Peak Memory Usage": 9,
                          "Plans": [
                            {
                              "Node Type": "Seq Scan",
                              "Parent Relationship": "Outer",
                              "Parallel Aware": false,
                              "Relation Name": "store",
                              "Alias": "store",
                              "Startup Cost": 0.00,
                              "Total Cost": 1.12,
                              "Plan Rows": 12,
                              "Plan Width": 9,
                              "Actual Startup Time": 0.016,
                              "Actual Total Time": 0.020,
                              "Actual Rows": 12,
                              "Actual Loops": 1
                            }
                          ]
                        }
                      ]
                    },
                    {
                      "Node Type": "Hash",
                      "Parent Relationship": "Inner",
                      "Parallel Aware": false,
                      "Startup Cost": 91035.62,
                      "Total Cost": 91035.62,
                      "Plan Rows": 200,
                      "Plan Width": 36,
                      "Actual Startup Time": 1693.234,
                      "Actual Total Time": 1693.234,
                      "Actual Rows": 6,
                      "Actual Loops": 1,
                      "Hash Buckets": 1024,
                      "Original Hash Buckets": 1024,
                      "Hash Batches": 1,
                      "Original Hash Batches": 1,
                      "Peak Memory Usage": 9,
                      "Plans": [
                        {
                          "Node Type": "Aggregate",
                          "Strategy": "Hashed",
                          "Partial Mode": "Simple",
                          "Parent Relationship": "Outer",
                          "Parallel Aware": false,
                          "Startup Cost": 91031.12,
                          "Total Cost": 91033.62,
                          "Plan Rows": 200,
                          "Plan Width": 36,
                          "Actual Startup Time": 1693.215,
                          "Actual Total Time": 1693.226,
                          "Actual Rows": 7,
                          "Actual Loops": 1,
                          "Group Key": ["store_sales_1.ss_store_sk"],
                          "Plans": [
                            {
                              "Node Type": "Aggregate",
                              "Strategy": "Hashed",
                              "Partial Mode": "Simple",
                              "Parent Relationship": "Outer",
                              "Parallel Aware": false,
                              "Startup Cost": 90666.63,
                              "Total Cost": 90832.31,
                              "Plan Rows": 13254,
                              "Plan Width": 40,
                              "Actual Startup Time": 1609.027,
                              "Actual Total Time": 1666.368,
                              "Actual Rows": 75992,
                              "Actual Loops": 1,
                              "Group Key": ["store_sales_1.ss_store_sk", "store_sales_1.ss_item_sk"],
                              "Plans": [
                                {
                                  "Node Type": "Hash Join",
                                  "Parent Relationship": "Outer",
                                  "Parallel Aware": false,
                                  "Join Type": "Inner",
                                  "Startup Cost": 2505.13,
                                  "Total Cost": 90567.23,
                                  "Plan Rows": 13254,
                                  "Plan Width": 14,
                                  "Actual Startup Time": 12.769,
                                  "Actual Total Time": 1204.787,
                                  "Actual Rows": 548461,
                                  "Actual Loops": 1,
                                  "Inner Unique": true,
                                  "Hash Cond": "(store_sales_1.ss_sold_date_sk = date_dim_1.d_date_sk)",
                                  "Plans": [
                                    {
                                      "Node Type": "Seq Scan",
                                      "Parent Relationship": "Outer",
                                      "Parallel Aware": false,
                                      "Relation Name": "store_sales",
                                      "Alias": "store_sales_1",
                                      "Startup Cost": 0.00,
                                      "Total Cost": 80500.49,
                                      "Plan Rows": 2880449,
                                      "Plan Width": 18,
                                      "Actual Startup Time": 0.032,
                                      "Actual Total Time": 533.984,
                                      "Actual Rows": 2880404,
                                      "Actual Loops": 1
                                    },
                                    {
                                      "Node Type": "Hash",
                                      "Parent Relationship": "Inner",
                                      "Parallel Aware": false,
                                      "Startup Cost": 2500.73,
                                      "Total Cost": 2500.73,
                                      "Plan Rows": 352,
                                      "Plan Width": 4,
                                      "Actual Startup Time": 12.696,
                                      "Actual Total Time": 12.696,
                                      "Actual Rows": 365,
                                      "Actual Loops": 1,
                                      "Hash Buckets": 1024,
                                      "Original Hash Buckets": 1024,
                                      "Hash Batches": 1,
                                      "Original Hash Batches": 1,
                                      "Peak Memory Usage": 21,
                                      "Plans": [
                                        {
                                          "Node Type": "Seq Scan",
                                          "Parent Relationship": "Outer",
                                          "Parallel Aware": false,
                                          "Relation Name": "date_dim",
                                          "Alias": "date_dim_1",
                                          "Startup Cost": 0.00,
                                          "Total Cost": 2500.73,
                                          "Plan Rows": 352,
                                          "Plan Width": 4,
                                          "Actual Startup Time": 6.151,
                                          "Actual Total Time": 12.610,
                                          "Actual Rows": 365,
                                          "Actual Loops": 1,
                                          "Filter": "((d_month_seq >= 1223) AND (d_month_seq <= 1234))",
                                          "Rows Removed by Filter": 72684
                                        }
                                      ]
                                    }
                                  ]
                                }
                              ]
                            }
                          ]
                        }
                      ]
                    }
                  ]
                },
                {
                  "Node Type": "Index Scan",
                  "Parent Relationship": "Inner",
                  "Parallel Aware": false,
                  "Scan Direction": "Forward",
                  "Index Name": "item_pkey",
                  "Relation Name": "item",
                  "Alias": "item",
                  "Startup Cost": 0.29,
                  "Total Cost": 0.69,
                  "Plan Rows": 1,
                  "Plan Width": 169,
                  "Actual Startup Time": 0.003,
                  "Actual Total Time": 0.003,
                  "Actual Rows": 1,
                  "Actual Loops": 4146,
                  "Index Cond": "(i_item_sk = store_sales.ss_item_sk)",
                  "Rows Removed by Index Recheck": 0
                }
              ]
            }
          ]
        }
      ]
    },
    "Planning Time": 1.231,
    "Triggers": [
    ],
    "Execution Time": 3556.717
  }
]
SET
