[
  {
    "Plan": {
      "Node Type": "Limit",
      "Parallel Aware": false,
      "Startup Cost": 7992.68,
      "Total Cost": 7993.56,
      "Plan Rows": 2,
      "Plan Width": 125,
      "Actual Startup Time": 56.444,
      "Actual Total Time": 56.717,
      "Actual Rows": 1,
      "Actual Loops": 1,
      "Plans": [
        {
          "Node Type": "Group",
          "Parent Relationship": "Outer",
          "Parallel Aware": false,
          "Startup Cost": 7992.68,
          "Total Cost": 7993.56,
          "Plan Rows": 2,
          "Plan Width": 125,
          "Actual Startup Time": 56.443,
          "Actual Total Time": 56.715,
          "Actual Rows": 1,
          "Actual Loops": 1,
          "Group Key": ["item.i_item_id", "item.i_item_desc", "item.i_current_price"],
          "Plans": [
            {
              "Node Type": "Sort",
              "Parent Relationship": "Outer",
              "Parallel Aware": false,
              "Startup Cost": 7992.68,
              "Total Cost": 7992.90,
              "Plan Rows": 88,
              "Plan Width": 125,
              "Actual Startup Time": 56.439,
              "Actual Total Time": 56.480,
              "Actual Rows": 525,
              "Actual Loops": 1,
              "Sort Key": ["item.i_item_id", "item.i_item_desc", "item.i_current_price"],
              "Sort Method": "quicksort",
              "Sort Space Used": 164,
              "Sort Space Type": "Memory",
              "Plans": [
                {
                  "Node Type": "Nested Loop",
                  "Parent Relationship": "Outer",
                  "Parallel Aware": false,
                  "Join Type": "Inner",
                  "Startup Cost": 0.86,
                  "Total Cost": 7989.84,
                  "Plan Rows": 88,
                  "Plan Width": 125,
                  "Actual Startup Time": 43.759,
                  "Actual Total Time": 56.020,
                  "Actual Rows": 525,
                  "Actual Loops": 1,
                  "Inner Unique": false,
                  "Plans": [
                    {
                      "Node Type": "Nested Loop",
                      "Parent Relationship": "Outer",
                      "Parallel Aware": false,
                      "Join Type": "Inner",
                      "Startup Cost": 0.43,
                      "Total Cost": 7986.95,
                      "Plan Rows": 1,
                      "Plan Width": 133,
                      "Actual Startup Time": 42.717,
                      "Actual Total Time": 54.050,
                      "Actual Rows": 15,
                      "Actual Loops": 1,
                      "Inner Unique": false,
                      "Plans": [
                        {
                          "Node Type": "Seq Scan",
                          "Parent Relationship": "Outer",
                          "Parallel Aware": false,
                          "Relation Name": "item",
                          "Alias": "item",
                          "Startup Cost": 0.00,
                          "Total Cost": 1590.00,
                          "Plan Rows": 2,
                          "Plan Width": 129,
                          "Actual Startup Time": 8.697,
                          "Actual Total Time": 11.507,
                          "Actual Rows": 2,
                          "Actual Loops": 1,
                          "Filter": "((i_current_price >= '63'::numeric) AND (i_current_price <= '93'::numeric) AND (i_manufact_id = ANY ('{841,952,810,984}'::integer[])))",
                          "Rows Removed by Filter": 17998
                        },
                        {
                          "Node Type": "Nested Loop",
                          "Parent Relationship": "Inner",
                          "Parallel Aware": false,
                          "Join Type": "Inner",
                          "Startup Cost": 0.43,
                          "Total Cost": 3197.89,
                          "Plan Rows": 58,
                          "Plan Width": 4,
                          "Actual Startup Time": 15.933,
                          "Actual Total Time": 21.259,
                          "Actual Rows": 8,
                          "Actual Loops": 2,
                          "Inner Unique": false,
                          "Plans": [
                            {
                              "Node Type": "Seq Scan",
                              "Parent Relationship": "Outer",
                              "Parallel Aware": false,
                              "Relation Name": "date_dim",
                              "Alias": "date_dim",
                              "Startup Cost": 0.00,
                              "Total Cost": 2500.73,
                              "Plan Rows": 58,
                              "Plan Width": 4,
                              "Actual Startup Time": 6.870,
                              "Actual Total Time": 13.887,
                              "Actual Rows": 61,
                              "Actual Loops": 2,
                              "Filter": "((d_date >= '2002-03-23'::date) AND (d_date <= '2002-05-22'::date))",
                              "Rows Removed by Filter": 72988
                            },
                            {
                              "Node Type": "Index Scan",
                              "Parent Relationship": "Inner",
                              "Parallel Aware": false,
                              "Scan Direction": "Forward",
                              "Index Name": "inventory_pkey",
                              "Relation Name": "inventory",
                              "Alias": "inventory",
                              "Startup Cost": 0.43,
                              "Total Cost": 12.01,
                              "Plan Rows": 1,
                              "Plan Width": 8,
                              "Actual Startup Time": 0.118,
                              "Actual Total Time": 0.119,
                              "Actual Rows": 0,
                              "Actual Loops": 122,
                              "Index Cond": "((inv_date_sk = date_dim.d_date_sk) AND (inv_item_sk = item.i_item_sk))",
                              "Rows Removed by Index Recheck": 0,
                              "Filter": "((inv_quantity_on_hand >= 100) AND (inv_quantity_on_hand <= 500))",
                              "Rows Removed by Filter": 0
                            }
                          ]
                        }
                      ]
                    },
                    {
                      "Node Type": "Index Only Scan",
                      "Parent Relationship": "Inner",
                      "Parallel Aware": false,
                      "Scan Direction": "Forward",
                      "Index Name": "catalog_sales_pkey",
                      "Relation Name": "catalog_sales",
                      "Alias": "catalog_sales",
                      "Startup Cost": 0.43,
                      "Total Cost": 2.01,
                      "Plan Rows": 88,
                      "Plan Width": 4,
                      "Actual Startup Time": 0.077,
                      "Actual Total Time": 0.121,
                      "Actual Rows": 35,
                      "Actual Loops": 15,
                      "Index Cond": "(cs_item_sk = inventory.inv_item_sk)",
                      "Rows Removed by Index Recheck": 0,
                      "Heap Fetches": 525
                    }
                  ]
                }
              ]
            }
          ]
        }
      ]
    },
    "Planning Time": 6.535,
    "Triggers": [
    ],
    "Execution Time": 56.848
  }
]
SET
