[
  {
    "Plan": {
      "Node Type": "Limit",
      "Parallel Aware": false,
      "Startup Cost": 92185.10,
      "Total Cost": 92185.11,
      "Plan Rows": 1,
      "Plan Width": 16,
      "Actual Startup Time": 1391.917,
      "Actual Total Time": 1391.917,
      "Actual Rows": 0,
      "Actual Loops": 1,
      "Plans": [
        {
          "Node Type": "Unique",
          "Parent Relationship": "InitPlan",
          "Subplan Name": "CTE my_customers",
          "Parallel Aware": false,
          "Startup Cost": 15845.11,
          "Total Cost": 15845.13,
          "Plan Rows": 2,
          "Plan Width": 8,
          "Actual Startup Time": 704.212,
          "Actual Total Time": 704.412,
          "Actual Rows": 462,
          "Actual Loops": 1,
          "Plans": [
            {
              "Node Type": "Sort",
              "Parent Relationship": "Outer",
              "Parallel Aware": false,
              "Startup Cost": 15845.11,
              "Total Cost": 15845.12,
              "Plan Rows": 2,
              "Plan Width": 8,
              "Actual Startup Time": 704.211,
              "Actual Total Time": 704.260,
              "Actual Rows": 521,
              "Actual Loops": 1,
              "Sort Key": ["customer.c_customer_sk", "customer.c_current_addr_sk"],
              "Sort Method": "quicksort",
              "Sort Space Used": 49,
              "Sort Space Type": "Memory",
              "Plans": [
                {
                  "Node Type": "Gather",
                  "Parent Relationship": "Outer",
                  "Parallel Aware": false,
                  "Startup Cost": 1005.69,
                  "Total Cost": 15845.10,
                  "Plan Rows": 2,
                  "Plan Width": 8,
                  "Actual Startup Time": 2.876,
                  "Actual Total Time": 703.615,
                  "Actual Rows": 521,
                  "Actual Loops": 1,
                  "Workers Planned": 1,
                  "Workers Launched": 1,
                  "Single Copy": false,
                  "Plans": [
                    {
                      "Node Type": "Nested Loop",
                      "Parent Relationship": "Outer",
                      "Parallel Aware": false,
                      "Join Type": "Inner",
                      "Startup Cost": 5.69,
                      "Total Cost": 14844.90,
                      "Plan Rows": 1,
                      "Plan Width": 8,
                      "Actual Startup Time": 2.602,
                      "Actual Total Time": 687.572,
                      "Actual Rows": 260,
                      "Actual Loops": 2,
                      "Inner Unique": true,
                      "Plans": [
                        {
                          "Node Type": "Nested Loop",
                          "Parent Relationship": "Outer",
                          "Parallel Aware": false,
                          "Join Type": "Inner",
                          "Startup Cost": 5.40,
                          "Total Cost": 14844.58,
                          "Plan Rows": 1,
                          "Plan Width": 4,
                          "Actual Startup Time": 1.846,
                          "Actual Total Time": 626.444,
                          "Actual Rows": 262,
                          "Actual Loops": 2,
                          "Inner Unique": true,
                          "Plans": [
                            {
                              "Node Type": "Nested Loop",
                              "Parent Relationship": "Outer",
                              "Parallel Aware": false,
                              "Join Type": "Inner",
                              "Startup Cost": 5.11,
                              "Total Cost": 13878.89,
                              "Plan Rows": 3037,
                              "Plan Width": 8,
                              "Actual Startup Time": 0.746,
                              "Actual Total Time": 516.509,
                              "Actual Rows": 26937,
                              "Actual Loops": 2,
                              "Inner Unique": false,
                              "Plans": [
                                {
                                  "Node Type": "Seq Scan",
                                  "Parent Relationship": "Outer",
                                  "Parallel Aware": true,
                                  "Relation Name": "item",
                                  "Alias": "item",
                                  "Startup Cost": 0.00,
                                  "Total Cost": 1388.82,
                                  "Plan Rows": 25,
                                  "Plan Width": 4,
                                  "Actual Startup Time": 0.059,
                                  "Actual Total Time": 9.115,
                                  "Actual Rows": 218,
                                  "Actual Loops": 2,
                                  "Filter": "((i_category = 'Children'::bpchar) AND (i_class = 'infants'::bpchar))",
                                  "Rows Removed by Filter": 8782
                                },
                                {
                                  "Node Type": "Append",
                                  "Parent Relationship": "Inner",
                                  "Parallel Aware": false,
                                  "Startup Cost": 5.11,
                                  "Total Cost": 498.28,
                                  "Plan Rows": 132,
                                  "Plan Width": 12,
                                  "Actual Startup Time": 0.299,
                                  "Actual Total Time": 2.289,
                                  "Actual Rows": 123,
                                  "Actual Loops": 437,
                                  "Plans": [
                                    {
                                      "Node Type": "Bitmap Heap Scan",
                                      "Parent Relationship": "Member",
                                      "Parallel Aware": false,
                                      "Relation Name": "catalog_sales",
                                      "Alias": "catalog_sales",
                                      "Startup Cost": 5.11,
                                      "Total Cost": 330.27,
                                      "Plan Rows": 88,
                                      "Plan Width": 12,
                                      "Actual Startup Time": 0.295,
                                      "Actual Total Time": 1.720,
                                      "Actual Rows": 82,
                                      "Actual Loops": 437,
                                      "Recheck Cond": "(cs_item_sk = item.i_item_sk)",
                                      "Rows Removed by Index Recheck": 0,
                                      "Exact Heap Blocks": 18802,
                                      "Lossy Heap Blocks": 0,
                                      "Plans": [
                                        {
                                          "Node Type": "Bitmap Index Scan",
                                          "Parent Relationship": "Outer",
                                          "Parallel Aware": false,
                                          "Index Name": "catalog_sales_pkey",
                                          "Startup Cost": 0.00,
                                          "Total Cost": 5.09,
                                          "Plan Rows": 88,
                                          "Plan Width": 0,
                                          "Actual Startup Time": 0.270,
                                          "Actual Total Time": 0.270,
                                          "Actual Rows": 82,
                                          "Actual Loops": 437,
                                          "Index Cond": "(cs_item_sk = item.i_item_sk)"
                                        }
                                      ]
                                    },
                                    {
                                      "Node Type": "Bitmap Heap Scan",
                                      "Parent Relationship": "Member",
                                      "Parallel Aware": false,
                                      "Relation Name": "web_sales",
                                      "Alias": "web_sales",
                                      "Startup Cost": 4.77,
                                      "Total Cost": 167.36,
                                      "Plan Rows": 44,
                                      "Plan Width": 12,
                                      "Actual Startup Time": 0.233,
                                      "Actual Total Time": 0.535,
                                      "Actual Rows": 41,
                                      "Actual Loops": 437,
                                      "Recheck Cond": "(ws_item_sk = item.i_item_sk)",
                                      "Rows Removed by Index Recheck": 0,
                                      "Exact Heap Blocks": 9421,
                                      "Lossy Heap Blocks": 0,
                                      "Plans": [
                                        {
                                          "Node Type": "Bitmap Index Scan",
                                          "Parent Relationship": "Outer",
                                          "Parallel Aware": false,
                                          "Index Name": "web_sales_pkey",
                                          "Startup Cost": 0.00,
                                          "Total Cost": 4.75,
                                          "Plan Rows": 44,
                                          "Plan Width": 0,
                                          "Actual Startup Time": 0.216,
                                          "Actual Total Time": 0.216,
                                          "Actual Rows": 41,
                                          "Actual Loops": 437,
                                          "Index Cond": "(ws_item_sk = item.i_item_sk)"
                                        }
                                      ]
                                    }
                                  ]
                                }
                              ]
                            },
                            {
                              "Node Type": "Index Scan",
                              "Parent Relationship": "Inner",
                              "Parallel Aware": false,
                              "Scan Direction": "Forward",
                              "Index Name": "date_dim_pkey",
                              "Relation Name": "date_dim",
                              "Alias": "date_dim",
                              "Startup Cost": 0.29,
                              "Total Cost": 0.32,
                              "Plan Rows": 1,
                              "Plan Width": 4,
                              "Actual Startup Time": 0.003,
                              "Actual Total Time": 0.003,
                              "Actual Rows": 0,
                              "Actual Loops": 53874,
                              "Index Cond": "(d_date_sk = catalog_sales.cs_sold_date_sk)",
                              "Rows Removed by Index Recheck": 0,
                              "Filter": "((d_moy = 7) AND (d_year = 1999))",
                              "Rows Removed by Filter": 1
                            }
                          ]
                        },
                        {
                          "Node Type": "Index Scan",
                          "Parent Relationship": "Inner",
                          "Parallel Aware": false,
                          "Scan Direction": "Forward",
                          "Index Name": "customer_pkey",
                          "Relation Name": "customer",
                          "Alias": "customer",
                          "Startup Cost": 0.29,
                          "Total Cost": 0.32,
                          "Plan Rows": 1,
                          "Plan Width": 8,
                          "Actual Startup Time": 0.231,
                          "Actual Total Time": 0.231,
                          "Actual Rows": 1,
                          "Actual Loops": 523,
                          "Index Cond": "(c_customer_sk = catalog_sales.cs_bill_customer_sk)",
                          "Rows Removed by Index Recheck": 0
                        }
                      ]
                    }
                  ]
                }
              ]
            }
          ]
        },
        {
          "Node Type": "Aggregate",
          "Strategy": "Sorted",
          "Partial Mode": "Simple",
          "Parent Relationship": "InitPlan",
          "Subplan Name": "CTE my_revenue",
          "Parallel Aware": false,
          "Startup Cost": 76339.88,
          "Total Cost": 76339.90,
          "Plan Rows": 1,
          "Plan Width": 36,
          "Actual Startup Time": 1391.907,
          "Actual Total Time": 1391.907,
          "Actual Rows": 0,
          "Actual Loops": 1,
          "Group Key": ["my_customers.c_customer_sk"],
          "Plans": [
            {
              "Node Type": "Unique",
              "Parent Relationship": "InitPlan",
              "Subplan Name": "InitPlan 2 (returns $5)",
              "Parallel Aware": false,
              "Startup Cost": 2501.58,
              "Total Cost": 2501.74,
              "Plan Rows": 31,
              "Plan Width": 4,
              "Actual Startup Time": 24.250,
              "Actual Total Time": 24.259,
              "Actual Rows": 1,
              "Actual Loops": 1,
              "Plans": [
                {
                  "Node Type": "Sort",
                  "Parent Relationship": "Outer",
                  "Parallel Aware": false,
                  "Startup Cost": 2501.58,
                  "Total Cost": 2501.66,
                  "Plan Rows": 31,
                  "Plan Width": 4,
                  "Actual Startup Time": 24.248,
                  "Actual Total Time": 24.251,
                  "Actual Rows": 31,
                  "Actual Loops": 1,
                  "Sort Key": ["((date_dim_1.d_month_seq + 1))"],
                  "Sort Method": "quicksort",
                  "Sort Space Used": 26,
                  "Sort Space Type": "Memory",
                  "Plans": [
                    {
                      "Node Type": "Seq Scan",
                      "Parent Relationship": "Outer",
                      "Parallel Aware": false,
                      "Relation Name": "date_dim",
                      "Alias": "date_dim_1",
                      "Startup Cost": 0.00,
                      "Total Cost": 2500.81,
                      "Plan Rows": 31,
                      "Plan Width": 4,
                      "Actual Startup Time": 10.312,
                      "Actual Total Time": 24.223,
                      "Actual Rows": 31,
                      "Actual Loops": 1,
                      "Filter": "((d_year = 1999) AND (d_moy = 7))",
                      "Rows Removed by Filter": 73018
                    }
                  ]
                }
              ]
            },
            {
              "Node Type": "Unique",
              "Parent Relationship": "InitPlan",
              "Subplan Name": "InitPlan 3 (returns $6)",
              "Parallel Aware": false,
              "Startup Cost": 2501.58,
              "Total Cost": 2501.74,
              "Plan Rows": 31,
              "Plan Width": 4,
              "Actual Startup Time": 16.164,
              "Actual Total Time": 16.173,
              "Actual Rows": 1,
              "Actual Loops": 1,
              "Plans": [
                {
                  "Node Type": "Sort",
                  "Parent Relationship": "Outer",
                  "Parallel Aware": false,
                  "Startup Cost": 2501.58,
                  "Total Cost": 2501.66,
                  "Plan Rows": 31,
                  "Plan Width": 4,
                  "Actual Startup Time": 16.162,
                  "Actual Total Time": 16.165,
                  "Actual Rows": 31,
                  "Actual Loops": 1,
                  "Sort Key": ["((date_dim_2.d_month_seq + 3))"],
                  "Sort Method": "quicksort",
                  "Sort Space Used": 26,
                  "Sort Space Type": "Memory",
                  "Plans": [
                    {
                      "Node Type": "Seq Scan",
                      "Parent Relationship": "Outer",
                      "Parallel Aware": false,
                      "Relation Name": "date_dim",
                      "Alias": "date_dim_2",
                      "Startup Cost": 0.00,
                      "Total Cost": 2500.81,
                      "Plan Rows": 31,
                      "Plan Width": 4,
                      "Actual Startup Time": 7.900,
                      "Actual Total Time": 16.144,
                      "Actual Rows": 31,
                      "Actual Loops": 1,
                      "Filter": "((d_year = 1999) AND (d_moy = 7))",
                      "Rows Removed by Filter": 73018
                    }
                  ]
                }
              ]
            },
            {
              "Node Type": "Sort",
              "Parent Relationship": "Outer",
              "Parallel Aware": false,
              "Startup Cost": 71336.41,
              "Total Cost": 71336.42,
              "Plan Rows": 1,
              "Plan Width": 10,
              "Actual Startup Time": 1391.906,
              "Actual Total Time": 1391.906,
              "Actual Rows": 0,
              "Actual Loops": 1,
              "Sort Key": ["my_customers.c_customer_sk"],
              "Sort Method": "quicksort",
              "Sort Space Used": 25,
              "Sort Space Type": "Memory",
              "Plans": [
                {
                  "Node Type": "Nested Loop",
                  "Parent Relationship": "Outer",
                  "Parallel Aware": false,
                  "Join Type": "Inner",
                  "Startup Cost": 3052.59,
                  "Total Cost": 71336.40,
                  "Plan Rows": 1,
                  "Plan Width": 10,
                  "Actual Startup Time": 1391.903,
                  "Actual Total Time": 1391.903,
                  "Actual Rows": 0,
                  "Actual Loops": 1,
                  "Inner Unique": false,
                  "Join Filter": "(((customer_address.ca_county)::text = (store.s_county)::text) AND (customer_address.ca_state = store.s_state))",
                  "Rows Removed by Join Filter": 7812,
                  "Plans": [
                    {
                      "Node Type": "Nested Loop",
                      "Parent Relationship": "Outer",
                      "Parallel Aware": false,
                      "Join Type": "Inner",
                      "Startup Cost": 3052.59,
                      "Total Cost": 71335.10,
                      "Plan Rows": 1,
                      "Plan Width": 27,
                      "Actual Startup Time": 768.857,
                      "Actual Total Time": 1382.100,
                      "Actual Rows": 651,
                      "Actual Loops": 1,
                      "Inner Unique": true,
                      "Plans": [
                        {
                          "Node Type": "Hash Join",
                          "Parent Relationship": "Outer",
                          "Parallel Aware": false,
                          "Join Type": "Inner",
                          "Startup Cost": 3052.30,
                          "Total Cost": 71326.79,
                          "Plan Rows": 1,
                          "Plan Width": 14,
                          "Actual Startup Time": 767.543,
                          "Actual Total Time": 1347.863,
                          "Actual Rows": 651,
                          "Actual Loops": 1,
                          "Inner Unique": false,
                          "Hash Cond": "(store_sales.ss_customer_sk = my_customers.c_customer_sk)",
                          "Plans": [
                            {
                              "Node Type": "Gather",
                              "Parent Relationship": "Outer",
                              "Parallel Aware": false,
                              "Startup Cost": 3052.24,
                              "Total Cost": 71275.18,
                              "Plan Rows": 13744,
                              "Plan Width": 10,
                              "Actual Startup Time": 54.877,
                              "Actual Total Time": 602.617,
                              "Actual Rows": 176963,
                              "Actual Loops": 1,
                              "Workers Planned": 2,
                              "Params Evaluated": ["$5", "$6"],
                              "Workers Launched": 2,
                              "Single Copy": false,
                              "Plans": [
                                {
                                  "Node Type": "Hash Join",
                                  "Parent Relationship": "Outer",
                                  "Parallel Aware": true,
                                  "Join Type": "Inner",
                                  "Startup Cost": 2052.24,
                                  "Total Cost": 68900.78,
                                  "Plan Rows": 5727,
                                  "Plan Width": 10,
                                  "Actual Startup Time": 8.061,
                                  "Actual Total Time": 574.128,
                                  "Actual Rows": 58988,
                                  "Actual Loops": 3,
                                  "Inner Unique": true,
                                  "Hash Cond": "(store_sales.ss_sold_date_sk = date_dim_3.d_date_sk)",
                                  "Plans": [
                                    {
                                      "Node Type": "Seq Scan",
                                      "Parent Relationship": "Outer",
                                      "Parallel Aware": true,
                                      "Relation Name": "store_sales",
                                      "Alias": "store_sales",
                                      "Startup Cost": 0.00,
                                      "Total Cost": 63697.87,
                                      "Plan Rows": 1200187,
                                      "Plan Width": 14,
                                      "Actual Startup Time": 0.069,
                                      "Actual Total Time": 318.588,
                                      "Actual Rows": 960135,
                                      "Actual Loops": 3
                                    },
                                    {
                                      "Node Type": "Hash",
                                      "Parent Relationship": "Inner",
                                      "Parallel Aware": true,
                                      "Startup Cost": 2049.55,
                                      "Total Cost": 2049.55,
                                      "Plan Rows": 215,
                                      "Plan Width": 4,
                                      "Actual Startup Time": 6.850,
                                      "Actual Total Time": 6.850,
                                      "Actual Rows": 31,
                                      "Actual Loops": 3,
                                      "Hash Buckets": 1024,
                                      "Original Hash Buckets": 1024,
                                      "Hash Batches": 1,
                                      "Original Hash Batches": 1,
                                      "Peak Memory Usage": 40,
                                      "Plans": [
                                        {
                                          "Node Type": "Seq Scan",
                                          "Parent Relationship": "Outer",
                                          "Parallel Aware": true,
                                          "Relation Name": "date_dim",
                                          "Alias": "date_dim_3",
                                          "Startup Cost": 0.00,
                                          "Total Cost": 2049.55,
                                          "Plan Rows": 215,
                                          "Plan Width": 4,
                                          "Actual Startup Time": 4.984,
                                          "Actual Total Time": 6.717,
                                          "Actual Rows": 31,
                                          "Actual Loops": 3,
                                          "Filter": "((d_month_seq >= $5) AND (d_month_seq <= $6))",
                                          "Rows Removed by Filter": 24319
                                        }
                                      ]
                                    }
                                  ]
                                }
                              ]
                            },
                            {
                              "Node Type": "Hash",
                              "Parent Relationship": "Inner",
                              "Parallel Aware": false,
                              "Startup Cost": 0.04,
                              "Total Cost": 0.04,
                              "Plan Rows": 2,
                              "Plan Width": 8,
                              "Actual Startup Time": 704.633,
                              "Actual Total Time": 704.633,
                              "Actual Rows": 462,
                              "Actual Loops": 1,
                              "Hash Buckets": 1024,
                              "Original Hash Buckets": 1024,
                              "Hash Batches": 1,
                              "Original Hash Batches": 1,
                              "Peak Memory Usage": 27,
                              "Plans": [
                                {
                                  "Node Type": "CTE Scan",
                                  "Parent Relationship": "Outer",
                                  "Parallel Aware": false,
                                  "CTE Name": "my_customers",
                                  "Alias": "my_customers",
                                  "Startup Cost": 0.00,
                                  "Total Cost": 0.04,
                                  "Plan Rows": 2,
                                  "Plan Width": 8,
                                  "Actual Startup Time": 704.213,
                                  "Actual Total Time": 704.534,
                                  "Actual Rows": 462,
                                  "Actual Loops": 1
                                }
                              ]
                            }
                          ]
                        },
                        {
                          "Node Type": "Index Scan",
                          "Parent Relationship": "Inner",
                          "Parallel Aware": false,
                          "Scan Direction": "Forward",
                          "Index Name": "customer_address_pkey",
                          "Relation Name": "customer_address",
                          "Alias": "customer_address",
                          "Startup Cost": 0.29,
                          "Total Cost": 8.31,
                          "Plan Rows": 1,
                          "Plan Width": 21,
                          "Actual Startup Time": 0.050,
                          "Actual Total Time": 0.050,
                          "Actual Rows": 1,
                          "Actual Loops": 651,
                          "Index Cond": "(ca_address_sk = my_customers.c_current_addr_sk)",
                          "Rows Removed by Index Recheck": 0
                        }
                      ]
                    },
                    {
                      "Node Type": "Seq Scan",
                      "Parent Relationship": "Inner",
                      "Parallel Aware": false,
                      "Relation Name": "store",
                      "Alias": "store",
                      "Startup Cost": 0.00,
                      "Total Cost": 1.12,
                      "Plan Rows": 12,
                      "Plan Width": 21,
                      "Actual Startup Time": 0.002,
                      "Actual Total Time": 0.004,
                      "Actual Rows": 12,
                      "Actual Loops": 651
                    }
                  ]
                }
              ]
            }
          ]
        },
        {
          "Node Type": "CTE Scan",
          "Parent Relationship": "InitPlan",
          "Subplan Name": "CTE segments",
          "Parallel Aware": false,
          "CTE Name": "my_revenue",
          "Alias": "my_revenue",
          "Startup Cost": 0.00,
          "Total Cost": 0.03,
          "Plan Rows": 1,
          "Plan Width": 4,
          "Actual Startup Time": 1391.908,
          "Actual Total Time": 1391.909,
          "Actual Rows": 0,
          "Actual Loops": 1
        },
        {
          "Node Type": "Sort",
          "Parent Relationship": "Outer",
          "Parallel Aware": false,
          "Startup Cost": 0.05,
          "Total Cost": 0.05,
          "Plan Rows": 1,
          "Plan Width": 16,
          "Actual Startup Time": 1391.915,
          "Actual Total Time": 1391.915,
          "Actual Rows": 0,
          "Actual Loops": 1,
          "Sort Key": ["segments.segment", "(count(*))"],
          "Sort Method": "quicksort",
          "Sort Space Used": 25,
          "Sort Space Type": "Memory",
          "Plans": [
            {
              "Node Type": "Aggregate",
              "Strategy": "Hashed",
              "Partial Mode": "Simple",
              "Parent Relationship": "Outer",
              "Parallel Aware": false,
              "Startup Cost": 0.02,
              "Total Cost": 0.04,
              "Plan Rows": 1,
              "Plan Width": 16,
              "Actual Startup Time": 1391.912,
              "Actual Total Time": 1391.912,
              "Actual Rows": 0,
              "Actual Loops": 1,
              "Group Key": ["segments.segment"],
              "Plans": [
                {
                  "Node Type": "CTE Scan",
                  "Parent Relationship": "Outer",
                  "Parallel Aware": false,
                  "CTE Name": "segments",
                  "Alias": "segments",
                  "Startup Cost": 0.00,
                  "Total Cost": 0.02,
                  "Plan Rows": 1,
                  "Plan Width": 4,
                  "Actual Startup Time": 1391.910,
                  "Actual Total Time": 1391.910,
                  "Actual Rows": 0,
                  "Actual Loops": 1
                }
              ]
            }
          ]
        }
      ]
    },
    "Planning Time": 2.363,
    "Triggers": [
    ],
    "Execution Time": 1393.927
  }
]
