[
  {
    "Plan": {
      "Node Type": "Limit",
      "Parallel Aware": false,
      "Startup Cost": 90958.27,
      "Total Cost": 90958.29,
      "Plan Rows": 8,
      "Plan Width": 246,
      "Actual Startup Time": 2201.549,
      "Actual Total Time": 2201.551,
      "Actual Rows": 6,
      "Actual Loops": 1,
      "Plans": [
        {
          "Node Type": "Sort",
          "Parent Relationship": "Outer",
          "Parallel Aware": false,
          "Startup Cost": 90958.27,
          "Total Cost": 90958.29,
          "Plan Rows": 8,
          "Plan Width": 246,
          "Actual Startup Time": 2201.547,
          "Actual Total Time": 2201.548,
          "Actual Rows": 6,
          "Actual Loops": 1,
          "Sort Key": ["store.s_store_name", "store.s_store_id", "(sum(CASE WHEN (date_dim.d_day_name = 'Sunday'::bpchar) THEN store_sales.ss_sales_price ELSE NULL::numeric END))", "(sum(CASE WHEN (date_dim.d_day_name = 'Monday'::bpchar) THEN store_sales.ss_sales_price ELSE NULL::numeric END))", "(sum(CASE WHEN (date_dim.d_day_name = 'Tuesday'::bpchar) THEN store_sales.ss_sales_price ELSE NULL::numeric END))", "(sum(CASE WHEN (date_dim.d_day_name = 'Wednesday'::bpchar) THEN store_sales.ss_sales_price ELSE NULL::numeric END))", "(sum(CASE WHEN (date_dim.d_day_name = 'Thursday'::bpchar) THEN store_sales.ss_sales_price ELSE NULL::numeric END))", "(sum(CASE WHEN (date_dim.d_day_name = 'Friday'::bpchar) THEN store_sales.ss_sales_price ELSE NULL::numeric END))", "(sum(CASE WHEN (date_dim.d_day_name = 'Saturday'::bpchar) THEN store_sales.ss_sales_price ELSE NULL::numeric END))"],
          "Sort Method": "quicksort",
          "Sort Space Used": 25,
          "Sort Space Type": "Memory",
          "Plans": [
            {
              "Node Type": "Aggregate",
              "Strategy": "Hashed",
              "Partial Mode": "Simple",
              "Parent Relationship": "Outer",
              "Parallel Aware": false,
              "Startup Cost": 90957.93,
              "Total Cost": 90958.15,
              "Plan Rows": 8,
              "Plan Width": 246,
              "Actual Startup Time": 2201.504,
              "Actual Total Time": 2201.517,
              "Actual Rows": 6,
              "Actual Loops": 1,
              "Group Key": ["store.s_store_name", "store.s_store_id"],
              "Plans": [
                {
                  "Node Type": "Hash Join",
                  "Parent Relationship": "Outer",
                  "Parallel Aware": false,
                  "Join Type": "Inner",
                  "Startup Cost": 2323.96,
                  "Total Cost": 90434.17,
                  "Plan Rows": 13094,
                  "Plan Width": 38,
                  "Actual Startup Time": 18.730,
                  "Actual Total Time": 1498.309,
                  "Actual Rows": 540754,
                  "Actual Loops": 1,
                  "Inner Unique": true,
                  "Hash Cond": "(store_sales.ss_store_sk = store.s_store_sk)",
                  "Plans": [
                    {
                      "Node Type": "Hash Join",
                      "Parent Relationship": "Outer",
                      "Parallel Aware": false,
                      "Join Type": "Inner",
                      "Startup Cost": 2322.66,
                      "Total Cost": 90384.75,
                      "Plan Rows": 13706,
                      "Plan Width": 20,
                      "Actual Startup Time": 18.657,
                      "Actual Total Time": 1287.224,
                      "Actual Rows": 553861,
                      "Actual Loops": 1,
                      "Inner Unique": true,
                      "Hash Cond": "(store_sales.ss_sold_date_sk = date_dim.d_date_sk)",
                      "Plans": [
                        {
                          "Node Type": "Seq Scan",
                          "Parent Relationship": "Outer",
                          "Parallel Aware": false,
                          "Relation Name": "store_sales",
                          "Alias": "store_sales",
                          "Startup Cost": 0.00,
                          "Total Cost": 80500.49,
                          "Plan Rows": 2880449,
                          "Plan Width": 14,
                          "Actual Startup Time": 0.035,
                          "Actual Total Time": 576.130,
                          "Actual Rows": 2880404,
                          "Actual Loops": 1
                        },
                        {
                          "Node Type": "Hash",
                          "Parent Relationship": "Inner",
                          "Parallel Aware": false,
                          "Startup Cost": 2318.11,
                          "Total Cost": 2318.11,
                          "Plan Rows": 364,
                          "Plan Width": 14,
                          "Actual Startup Time": 18.608,
                          "Actual Total Time": 18.608,
                          "Actual Rows": 366,
                          "Actual Loops": 1,
                          "Hash Buckets": 1024,
                          "Original Hash Buckets": 1024,
                          "Hash Batches": 1,
                          "Original Hash Batches": 1,
                          "Peak Memory Usage": 26,
                          "Plans": [
                            {
                              "Node Type": "Seq Scan",
                              "Parent Relationship": "Outer",
                              "Parallel Aware": false,
                              "Relation Name": "date_dim",
                              "Alias": "date_dim",
                              "Startup Cost": 0.00,
                              "Total Cost": 2318.11,
                              "Plan Rows": 364,
                              "Plan Width": 14,
                              "Actual Startup Time": 9.359,
                              "Actual Total Time": 18.487,
                              "Actual Rows": 366,
                              "Actual Loops": 1,
                              "Filter": "(d_year = 2000)",
                              "Rows Removed by Filter": 72683
                            }
                          ]
                        }
                      ]
                    },
                    {
                      "Node Type": "Hash",
                      "Parent Relationship": "Inner",
                      "Parallel Aware": false,
                      "Startup Cost": 1.15,
                      "Total Cost": 1.15,
                      "Plan Rows": 12,
                      "Plan Width": 26,
                      "Actual Startup Time": 0.064,
                      "Actual Total Time": 0.064,
                      "Actual Rows": 12,
                      "Actual Loops": 1,
                      "Hash Buckets": 1024,
                      "Original Hash Buckets": 1024,
                      "Hash Batches": 1,
                      "Original Hash Batches": 1,
                      "Peak Memory Usage": 9,
                      "Plans": [
                        {
                          "Node Type": "Seq Scan",
                          "Parent Relationship": "Outer",
                          "Parallel Aware": false,
                          "Relation Name": "store",
                          "Alias": "store",
                          "Startup Cost": 0.00,
                          "Total Cost": 1.15,
                          "Plan Rows": 12,
                          "Plan Width": 26,
                          "Actual Startup Time": 0.032,
                          "Actual Total Time": 0.050,
                          "Actual Rows": 12,
                          "Actual Loops": 1,
                          "Filter": "(s_gmt_offset = '-5'::numeric)",
                          "Rows Removed by Filter": 0
                        }
                      ]
                    }
                  ]
                }
              ]
            }
          ]
        }
      ]
    },
    "Planning Time": 1.336,
    "Triggers": [
    ],
    "Execution Time": 2201.740
  }
]
SET
