[
  {
    "Plan": {
      "Node Type": "Limit",
      "Parallel Aware": false,
      "Startup Cost": 98811.83,
      "Total Cost": 98812.08,
      "Plan Rows": 100,
      "Plan Width": 138,
      "Actual Startup Time": 2170.069,
      "Actual Total Time": 2170.094,
      "Actual Rows": 100,
      "Actual Loops": 1,
      "Plans": [
        {
          "Node Type": "Sort",
          "Parent Relationship": "Outer",
          "Parallel Aware": false,
          "Startup Cost": 98811.83,
          "Total Cost": 98818.20,
          "Plan Rows": 2548,
          "Plan Width": 138,
          "Actual Startup Time": 2170.067,
          "Actual Total Time": 2170.075,
          "Actual Rows": 100,
          "Actual Loops": 1,
          "Sort Key": ["customer.c_last_name", "customer.c_first_name", "current_addr.ca_city", "dn.bought_city", "dn.ss_ticket_number"],
          "Sort Method": "top-N heapsort",
          "Sort Space Used": 48,
          "Sort Space Type": "Memory",
          "Plans": [
            {
              "Node Type": "Nested Loop",
              "Parent Relationship": "Outer",
              "Parallel Aware": false,
              "Join Type": "Inner",
              "Startup Cost": 92107.82,
              "Total Cost": 98714.44,
              "Plan Rows": 2548,
              "Plan Width": 138,
              "Actual Startup Time": 2062.151,
              "Actual Total Time": 2153.000,
              "Actual Rows": 9695,
              "Actual Loops": 1,
              "Inner Unique": true,
              "Join Filter": "((current_addr.ca_city)::text <> (dn.bought_city)::text)",
              "Rows Removed by Join Filter": 672,
              "Plans": [
                {
                  "Node Type": "Merge Join",
                  "Parent Relationship": "Outer",
                  "Parallel Aware": false,
                  "Join Type": "Inner",
                  "Startup Cost": 92107.53,
                  "Total Cost": 97772.65,
                  "Plan Rows": 2552,
                  "Plan Width": 133,
                  "Actual Startup Time": 2062.129,
                  "Actual Total Time": 2115.662,
                  "Actual Rows": 10367,
                  "Actual Loops": 1,
                  "Inner Unique": false,
                  "Merge Cond": "(customer.c_customer_sk = dn.ss_customer_sk)",
                  "Plans": [
                    {
                      "Node Type": "Index Scan",
                      "Parent Relationship": "Outer",
                      "Parallel Aware": false,
                      "Scan Direction": "Forward",
                      "Index Name": "customer_pkey",
                      "Relation Name": "customer",
                      "Alias": "customer",
                      "Startup Cost": 0.29,
                      "Total Cost": 5377.13,
                      "Plan Rows": 100000,
                      "Plan Width": 60,
                      "Actual Startup Time": 0.014,
                      "Actual Total Time": 29.629,
                      "Actual Rows": 100000,
                      "Actual Loops": 1
                    },
                    {
                      "Node Type": "Sort",
                      "Parent Relationship": "Inner",
                      "Parallel Aware": false,
                      "Startup Cost": 92107.24,
                      "Total Cost": 92113.62,
                      "Plan Rows": 2552,
                      "Plan Width": 81,
                      "Actual Startup Time": 2062.102,
                      "Actual Total Time": 2064.049,
                      "Actual Rows": 10368,
                      "Actual Loops": 1,
                      "Sort Key": ["dn.ss_customer_sk"],
                      "Sort Method": "quicksort",
                      "Sort Space Used": 1220,
                      "Sort Space Type": "Memory",
                      "Plans": [
                        {
                          "Node Type": "Subquery Scan",
                          "Parent Relationship": "Outer",
                          "Parallel Aware": false,
                          "Alias": "dn",
                          "Startup Cost": 91854.37,
                          "Total Cost": 91962.83,
                          "Plan Rows": 2552,
                          "Plan Width": 81,
                          "Actual Startup Time": 1948.118,
                          "Actual Total Time": 2055.025,
                          "Actual Rows": 10739,
                          "Actual Loops": 1,
                          "Plans": [
                            {
                              "Node Type": "Aggregate",
                              "Strategy": "Sorted",
                              "Partial Mode": "Simple",
                              "Parent Relationship": "Subquery",
                              "Parallel Aware": false,
                              "Startup Cost": 91854.37,
                              "Total Cost": 91937.31,
                              "Plan Rows": 2552,
                              "Plan Width": 85,
                              "Actual Startup Time": 1948.116,
                              "Actual Total Time": 2052.664,
                              "Actual Rows": 10739,
                              "Actual Loops": 1,
                              "Group Key": ["store_sales.ss_ticket_number", "store_sales.ss_customer_sk", "store_sales.ss_addr_sk", "customer_address.ca_city"],
                              "Plans": [
                                {
                                  "Node Type": "Sort",
                                  "Parent Relationship": "Outer",
                                  "Parallel Aware": false,
                                  "Startup Cost": 91854.37,
                                  "Total Cost": 91860.75,
                                  "Plan Rows": 2552,
                                  "Plan Width": 30,
                                  "Actual Startup Time": 1948.090,
                                  "Actual Total Time": 1970.193,
                                  "Actual Rows": 113812,
                                  "Actual Loops": 1,
                                  "Sort Key": ["store_sales.ss_ticket_number", "store_sales.ss_customer_sk", "store_sales.ss_addr_sk", "customer_address.ca_city"],
                                  "Sort Method": "external merge",
                                  "Sort Space Used": 4864,
                                  "Sort Space Type": "Disk",
                                  "Plans": [
                                    {
                                      "Node Type": "Nested Loop",
                                      "Parent Relationship": "Outer",
                                      "Parallel Aware": false,
                                      "Join Type": "Inner",
                                      "Startup Cost": 2781.07,
                                      "Total Cost": 91709.96,
                                      "Plan Rows": 2552,
                                      "Plan Width": 30,
                                      "Actual Startup Time": 24.051,
                                      "Actual Total Time": 1832.966,
                                      "Actual Rows": 113812,
                                      "Actual Loops": 1,
                                      "Inner Unique": true,
                                      "Plans": [
                                        {
                                          "Node Type": "Hash Join",
                                          "Parent Relationship": "Outer",
                                          "Parallel Aware": false,
                                          "Join Type": "Inner",
                                          "Startup Cost": 2780.78,
                                          "Total Cost": 90883.46,
                                          "Plan Rows": 2673,
                                          "Plan Width": 21,
                                          "Actual Startup Time": 24.023,
                                          "Actual Total Time": 1463.639,
                                          "Actual Rows": 114500,
                                          "Actual Loops": 1,
                                          "Inner Unique": true,
                                          "Hash Cond": "(store_sales.ss_store_sk = store.s_store_sk)",
                                          "Plans": [
                                            {
                                              "Node Type": "Hash Join",
                                              "Parent Relationship": "Outer",
                                              "Parallel Aware": false,
                                              "Join Type": "Inner",
                                              "Startup Cost": 2779.43,
                                              "Total Cost": 90872.29,
                                              "Plan Rows": 2798,
                                              "Plan Width": 25,
                                              "Actual Startup Time": 23.982,
                                              "Actual Total Time": 1413.177,
                                              "Actual Rows": 115985,
                                              "Actual Loops": 1,
                                              "Inner Unique": true,
                                              "Hash Cond": "(store_sales.ss_hdemo_sk = household_demographics.hd_demo_sk)",
                                              "Plans": [
                                                {
                                                  "Node Type": "Hash Join",
                                                  "Parent Relationship": "Outer",
                                                  "Parallel Aware": false,
                                                  "Join Type": "Inner",
                                                  "Startup Cost": 2595.93,
                                                  "Total Cost": 90658.03,
                                                  "Plan Rows": 11711,
                                                  "Plan Width": 29,
                                                  "Actual Startup Time": 21.344,
                                                  "Actual Total Time": 1304.978,
                                                  "Actual Rows": 475932,
                                                  "Actual Loops": 1,
                                                  "Inner Unique": true,
                                                  "Hash Cond": "(store_sales.ss_sold_date_sk = date_dim.d_date_sk)",
                                                  "Plans": [
                                                    {
                                                      "Node Type": "Seq Scan",
                                                      "Parent Relationship": "Outer",
                                                      "Parallel Aware": false,
                                                      "Relation Name": "store_sales",
                                                      "Alias": "store_sales",
                                                      "Startup Cost": 0.00,
                                                      "Total Cost": 80500.49,
                                                      "Plan Rows": 2880449,
                                                      "Plan Width": 33,
                                                      "Actual Startup Time": 0.014,
                                                      "Actual Total Time": 564.570,
                                                      "Actual Rows": 2880404,
                                                      "Actual Loops": 1
                                                    },
                                                    {
                                                      "Node Type": "Hash",
                                                      "Parent Relationship": "Inner",
                                                      "Parallel Aware": false,
                                                      "Startup Cost": 2592.05,
                                                      "Total Cost": 2592.05,
                                                      "Plan Rows": 311,
                                                      "Plan Width": 4,
                                                      "Actual Startup Time": 21.313,
                                                      "Actual Total Time": 21.314,
                                                      "Actual Rows": 314,
                                                      "Actual Loops": 1,
                                                      "Hash Buckets": 1024,
                                                      "Original Hash Buckets": 1024,
                                                      "Hash Batches": 1,
                                                      "Original Hash Batches": 1,
                                                      "Peak Memory Usage": 20,
                                                      "Plans": [
                                                        {
                                                          "Node Type": "Seq Scan",
                                                          "Parent Relationship": "Outer",
                                                          "Parallel Aware": false,
                                                          "Relation Name": "date_dim",
                                                          "Alias": "date_dim",
                                                          "Startup Cost": 0.00,
                                                          "Total Cost": 2592.05,
                                                          "Plan Rows": 311,
                                                          "Plan Width": 4,
                                                          "Actual Startup Time": 11.075,
                                                          "Actual Total Time": 21.218,
                                                          "Actual Rows": 314,
                                                          "Actual Loops": 1,
                                                          "Filter": "((d_dow = ANY ('{6,0}'::integer[])) AND (d_year = ANY ('{1999,2000,2001}'::integer[])))",
                                                          "Rows Removed by Filter": 72735
                                                        }
                                                      ]
                                                    }
                                                  ]
                                                },
                                                {
                                                  "Node Type": "Hash",
                                                  "Parent Relationship": "Inner",
                                                  "Parallel Aware": false,
                                                  "Startup Cost": 161.00,
                                                  "Total Cost": 161.00,
                                                  "Plan Rows": 1800,
                                                  "Plan Width": 4,
                                                  "Actual Startup Time": 2.540,
                                                  "Actual Total Time": 2.540,
                                                  "Actual Rows": 1800,
                                                  "Actual Loops": 1,
                                                  "Hash Buckets": 2048,
                                                  "Original Hash Buckets": 2048,
                                                  "Hash Batches": 1,
                                                  "Original Hash Batches": 1,
                                                  "Peak Memory Usage": 80,
                                                  "Plans": [
                                                    {
                                                      "Node Type": "Seq Scan",
                                                      "Parent Relationship": "Outer",
                                                      "Parallel Aware": false,
                                                      "Relation Name": "household_demographics",
                                                      "Alias": "household_demographics",
                                                      "Startup Cost": 0.00,
                                                      "Total Cost": 161.00,
                                                      "Plan Rows": 1800,
                                                      "Plan Width": 4,
                                                      "Actual Startup Time": 0.458,
                                                      "Actual Total Time": 2.109,
                                                      "Actual Rows": 1800,
                                                      "Actual Loops": 1,
                                                      "Filter": "((hd_dep_count = 3) OR (hd_vehicle_count = 4))",
                                                      "Rows Removed by Filter": 5400
                                                    }
                                                  ]
                                                }
                                              ]
                                            },
                                            {
                                              "Node Type": "Hash",
                                              "Parent Relationship": "Inner",
                                              "Parallel Aware": false,
                                              "Startup Cost": 1.20,
                                              "Total Cost": 1.20,
                                              "Plan Rows": 12,
                                              "Plan Width": 4,
                                              "Actual Startup Time": 0.034,
                                              "Actual Total Time": 0.034,
                                              "Actual Rows": 12,
                                              "Actual Loops": 1,
                                              "Hash Buckets": 1024,
                                              "Original Hash Buckets": 1024,
                                              "Hash Batches": 1,
                                              "Original Hash Batches": 1,
                                              "Peak Memory Usage": 9,
                                              "Plans": [
                                                {
                                                  "Node Type": "Seq Scan",
                                                  "Parent Relationship": "Outer",
                                                  "Parallel Aware": false,
                                                  "Relation Name": "store",
                                                  "Alias": "store",
                                                  "Startup Cost": 0.00,
                                                  "Total Cost": 1.20,
                                                  "Plan Rows": 12,
                                                  "Plan Width": 4,
                                                  "Actual Startup Time": 0.019,
                                                  "Actual Total Time": 0.028,
                                                  "Actual Rows": 12,
                                                  "Actual Loops": 1,
                                                  "Filter": "((s_city)::text = ANY ('{Fairview,Midway,Midway,Fairview,Fairview}'::text[]))",
                                                  "Rows Removed by Filter": 0
                                                }
                                              ]
                                            }
                                          ]
                                        },
                                        {
                                          "Node Type": "Index Scan",
                                          "Parent Relationship": "Inner",
                                          "Parallel Aware": false,
                                          "Scan Direction": "Forward",
                                          "Index Name": "customer_address_pkey",
                                          "Relation Name": "customer_address",
                                          "Alias": "customer_address",
                                          "Startup Cost": 0.29,
                                          "Total Cost": 0.31,
                                          "Plan Rows": 1,
                                          "Plan Width": 13,
                                          "Actual Startup Time": 0.002,
                                          "Actual Total Time": 0.002,
                                          "Actual Rows": 1,
                                          "Actual Loops": 114500,
                                          "Index Cond": "(ca_address_sk = store_sales.ss_addr_sk)",
                                          "Rows Removed by Index Recheck": 0
                                        }
                                      ]
                                    }
                                  ]
                                }
                              ]
                            }
                          ]
                        }
                      ]
                    }
                  ]
                },
                {
                  "Node Type": "Index Scan",
                  "Parent Relationship": "Inner",
                  "Parallel Aware": false,
                  "Scan Direction": "Forward",
                  "Index Name": "customer_address_pkey",
                  "Relation Name": "customer_address",
                  "Alias": "current_addr",
                  "Startup Cost": 0.29,
                  "Total Cost": 0.36,
                  "Plan Rows": 1,
                  "Plan Width": 13,
                  "Actual Startup Time": 0.003,
                  "Actual Total Time": 0.003,
                  "Actual Rows": 1,
                  "Actual Loops": 10367,
                  "Index Cond": "(ca_address_sk = customer.c_current_addr_sk)",
                  "Rows Removed by Index Recheck": 0
                }
              ]
            }
          ]
        }
      ]
    },
    "Planning Time": 4.030,
    "Triggers": [
    ],
    "Execution Time": 2176.928
  }
]
