[
  {
    "Plan": {
      "Node Type": "Limit",
      "Parallel Aware": false,
      "Startup Cost": 792756952.00,
      "Total Cost": 792756957.75,
      "Plan Rows": 100,
      "Plan Width": 91,
      "Actual Startup Time": 12991565.812,
      "Actual Total Time": 12991572.121,
      "Actual Rows": 100,
      "Actual Loops": 1,
      "Plans": [
        {
          "Node Type": "Aggregate",
          "Strategy": "Sorted",
          "Partial Mode": "Simple",
          "Parent Relationship": "Outer",
          "Parallel Aware": false,
          "Startup Cost": 792756952.00,
          "Total Cost": 792757380.03,
          "Plan Rows": 7444,
          "Plan Width": 91,
          "Actual Startup Time": 12991565.811,
          "Actual Total Time": 12991572.093,
          "Actual Rows": 100,
          "Actual Loops": 1,
          "Group Key": ["ca.ca_state", "customer_demographics.cd_gender", "customer_demographics.cd_marital_status", "customer_demographics.cd_dep_count", "customer_demographics.cd_dep_employed_count", "customer_demographics.cd_dep_college_count"],
          "Plans": [
            {
              "Node Type": "Sort",
              "Parent Relationship": "Outer",
              "Parallel Aware": false,
              "Startup Cost": 792756952.00,
              "Total Cost": 792756970.61,
              "Plan Rows": 7444,
              "Plan Width": 19,
              "Actual Startup Time": 12991565.793,
              "Actual Total Time": 12991565.810,
              "Actual Rows": 103,
              "Actual Loops": 1,
              "Sort Key": ["ca.ca_state", "customer_demographics.cd_gender", "customer_demographics.cd_marital_status", "customer_demographics.cd_dep_count", "customer_demographics.cd_dep_employed_count", "customer_demographics.cd_dep_college_count"],
              "Sort Method": "quicksort",
              "Sort Space Used": 576,
              "Sort Space Type": "Memory",
              "Plans": [
                {
                  "Node Type": "Nested Loop",
                  "Parent Relationship": "Outer",
                  "Parallel Aware": false,
                  "Join Type": "Inner",
                  "Startup Cost": 90592.95,
                  "Total Cost": 792756473.28,
                  "Plan Rows": 7444,
                  "Plan Width": 19,
                  "Actual Startup Time": 2873.259,
                  "Actual Total Time": 12991522.849,
                  "Actual Rows": 4968,
                  "Actual Loops": 1,
                  "Inner Unique": true,
                  "Plans": [
                    {
                      "Node Type": "Nested Loop",
                      "Parent Relationship": "Outer",
                      "Parallel Aware": false,
                      "Join Type": "Inner",
                      "Startup Cost": 90592.66,
                      "Total Cost": 792753697.52,
                      "Plan Rows": 7444,
                      "Plan Width": 20,
                      "Actual Startup Time": 2873.249,
                      "Actual Total Time": 12991469.275,
                      "Actual Rows": 4968,
                      "Actual Loops": 1,
                      "Inner Unique": true,
                      "Plans": [
                        {
                          "Node Type": "Nested Loop",
                          "Parent Relationship": "Outer",
                          "Parallel Aware": false,
                          "Join Type": "Inner",
                          "Startup Cost": 90592.23,
                          "Total Cost": 792739124.69,
                          "Plan Rows": 7710,
                          "Plan Width": 8,
                          "Actual Startup Time": 2873.187,
                          "Actual Total Time": 12988367.319,
                          "Actual Rows": 5116,
                          "Actual Loops": 1,
                          "Inner Unique": true,
                          "Plans": [
                            {
                              "Node Type": "Aggregate",
                              "Strategy": "Hashed",
                              "Partial Mode": "Simple",
                              "Parent Relationship": "Outer",
                              "Parallel Aware": false,
                              "Startup Cost": 90591.94,
                              "Total Cost": 90694.74,
                              "Plan Rows": 10280,
                              "Plan Width": 4,
                              "Actual Startup Time": 1190.453,
                              "Actual Total Time": 1251.389,
                              "Actual Rows": 23497,
                              "Actual Loops": 1,
                              "Group Key": ["store_sales.ss_customer_sk"],
                              "Plans": [
                                {
                                  "Node Type": "Hash Join",
                                  "Parent Relationship": "Outer",
                                  "Parallel Aware": false,
                                  "Join Type": "Inner",
                                  "Startup Cost": 2504.15,
                                  "Total Cost": 90566.24,
                                  "Plan Rows": 10280,
                                  "Plan Width": 4,
                                  "Actual Startup Time": 22.344,
                                  "Actual Total Time": 1089.790,
                                  "Actual Rows": 306745,
                                  "Actual Loops": 1,
                                  "Inner Unique": true,
                                  "Hash Cond": "(store_sales.ss_sold_date_sk = date_dim.d_date_sk)",
                                  "Plans": [
                                    {
                                      "Node Type": "Seq Scan",
                                      "Parent Relationship": "Outer",
                                      "Parallel Aware": false,
                                      "Relation Name": "store_sales",
                                      "Alias": "store_sales",
                                      "Startup Cost": 0.00,
                                      "Total Cost": 80500.49,
                                      "Plan Rows": 2880449,
                                      "Plan Width": 8,
                                      "Actual Startup Time": 0.048,
                                      "Actual Total Time": 533.933,
                                      "Actual Rows": 2880404,
                                      "Actual Loops": 1
                                    },
                                    {
                                      "Node Type": "Hash",
                                      "Parent Relationship": "Inner",
                                      "Parallel Aware": false,
                                      "Startup Cost": 2500.73,
                                      "Total Cost": 2500.73,
                                      "Plan Rows": 273,
                                      "Plan Width": 4,
                                      "Actual Startup Time": 22.225,
                                      "Actual Total Time": 22.225,
                                      "Actual Rows": 274,
                                      "Actual Loops": 1,
                                      "Hash Buckets": 1024,
                                      "Original Hash Buckets": 1024,
                                      "Hash Batches": 1,
                                      "Original Hash Batches": 1,
                                      "Peak Memory Usage": 18,
                                      "Plans": [
                                        {
                                          "Node Type": "Seq Scan",
                                          "Parent Relationship": "Outer",
                                          "Parallel Aware": false,
                                          "Relation Name": "date_dim",
                                          "Alias": "date_dim",
                                          "Startup Cost": 0.00,
                                          "Total Cost": 2500.73,
                                          "Plan Rows": 273,
                                          "Plan Width": 4,
                                          "Actual Startup Time": 11.220,
                                          "Actual Total Time": 22.140,
                                          "Actual Rows": 274,
                                          "Actual Loops": 1,
                                          "Filter": "((d_qoy < 4) AND (d_year = 2002))",
                                          "Rows Removed by Filter": 72775
                                        }
                                      ]
                                    }
                                  ]
                                }
                              ]
                            },
                            {
                              "Node Type": "Index Scan",
                              "Parent Relationship": "Inner",
                              "Parallel Aware": false,
                              "Scan Direction": "Forward",
                              "Index Name": "customer_pkey",
                              "Relation Name": "customer",
                              "Alias": "c",
                              "Startup Cost": 0.29,
                              "Total Cost": 83539.69,
                              "Plan Rows": 1,
                              "Plan Width": 12,
                              "Actual Startup Time": 552.709,
                              "Actual Total Time": 552.709,
                              "Actual Rows": 0,
                              "Actual Loops": 23497,
                              "Index Cond": "(c_customer_sk = store_sales.ss_customer_sk)",
                              "Rows Removed by Index Recheck": 0,
                              "Filter": "((alternatives: SubPlan 1 or hashed SubPlan 2) OR (alternatives: SubPlan 3 or hashed SubPlan 4))",
                              "Rows Removed by Filter": 1,
                              "Plans": [
                                {
                                  "Node Type": "Nested Loop",
                                  "Parent Relationship": "SubPlan",
                                  "Subplan Name": "SubPlan 1",
                                  "Parallel Aware": false,
                                  "Join Type": "Inner",
                                  "Startup Cost": 0.29,
                                  "Total Cost": 27909.03,
                                  "Plan Rows": 1,
                                  "Plan Width": 0,
                                  "Actual Startup Time": 185.047,
                                  "Actual Total Time": 185.047,
                                  "Actual Rows": 0,
                                  "Actual Loops": 23496,
                                  "Inner Unique": true,
                                  "Plans": [
                                    {
                                      "Node Type": "Seq Scan",
                                      "Parent Relationship": "Outer",
                                      "Parallel Aware": false,
                                      "Relation Name": "web_sales",
                                      "Alias": "web_sales",
                                      "Startup Cost": 0.00,
                                      "Total Cost": 27759.30,
                                      "Plan Rows": 18,
                                      "Plan Width": 4,
                                      "Actual Startup Time": 144.262,
                                      "Actual Total Time": 185.015,
                                      "Actual Rows": 6,
                                      "Actual Loops": 23496,
                                      "Filter": "(c.c_customer_sk = ws_bill_customer_sk)",
                                      "Rows Removed by Filter": 696123
                                    },
                                    {
                                      "Node Type": "Index Scan",
                                      "Parent Relationship": "Inner",
                                      "Parallel Aware": false,
                                      "Scan Direction": "Forward",
                                      "Index Name": "date_dim_pkey",
                                      "Relation Name": "date_dim",
                                      "Alias": "date_dim_1",
                                      "Startup Cost": 0.29,
                                      "Total Cost": 8.32,
                                      "Plan Rows": 1,
                                      "Plan Width": 4,
                                      "Actual Startup Time": 0.003,
                                      "Actual Total Time": 0.003,
                                      "Actual Rows": 0,
                                      "Actual Loops": 145895,
                                      "Index Cond": "(d_date_sk = web_sales.ws_sold_date_sk)",
                                      "Rows Removed by Index Recheck": 0,
                                      "Filter": "((d_qoy < 4) AND (d_year = 2002))",
                                      "Rows Removed by Filter": 1
                                    }
                                  ]
                                },
                                {
                                  "Node Type": "Hash Join",
                                  "Parent Relationship": "SubPlan",
                                  "Subplan Name": "SubPlan 2",
                                  "Parallel Aware": false,
                                  "Join Type": "Inner",
                                  "Startup Cost": 2504.15,
                                  "Total Cost": 30353.48,
                                  "Plan Rows": 2688,
                                  "Plan Width": 4,
                                  "Actual Startup Time": 0.000,
                                  "Actual Total Time": 0.000,
                                  "Actual Rows": 0,
                                  "Actual Loops": 0,
                                  "Inner Unique": true,
                                  "Hash Cond": "(web_sales_1.ws_sold_date_sk = date_dim_2.d_date_sk)",
                                  "Plans": [
                                    {
                                      "Node Type": "Seq Scan",
                                      "Parent Relationship": "Outer",
                                      "Parallel Aware": false,
                                      "Relation Name": "web_sales",
                                      "Alias": "web_sales_1",
                                      "Startup Cost": 0.00,
                                      "Total Cost": 25960.84,
                                      "Plan Rows": 719384,
                                      "Plan Width": 8,
                                      "Actual Startup Time": 0.000,
                                      "Actual Total Time": 0.000,
                                      "Actual Rows": 0,
                                      "Actual Loops": 0
                                    },
                                    {
                                      "Node Type": "Hash",
                                      "Parent Relationship": "Inner",
                                      "Parallel Aware": false,
                                      "Startup Cost": 2500.73,
                                      "Total Cost": 2500.73,
                                      "Plan Rows": 273,
                                      "Plan Width": 4,
                                      "Actual Startup Time": 0.000,
                                      "Actual Total Time": 0.000,
                                      "Actual Rows": 0,
                                      "Actual Loops": 0,
                                      "Plans": [
                                        {
                                          "Node Type": "Seq Scan",
                                          "Parent Relationship": "Outer",
                                          "Parallel Aware": false,
                                          "Relation Name": "date_dim",
                                          "Alias": "date_dim_2",
                                          "Startup Cost": 0.00,
                                          "Total Cost": 2500.73,
                                          "Plan Rows": 273,
                                          "Plan Width": 4,
                                          "Actual Startup Time": 0.000,
                                          "Actual Total Time": 0.000,
                                          "Actual Rows": 0,
                                          "Actual Loops": 0,
                                          "Filter": "((d_qoy < 4) AND (d_year = 2002))",
                                          "Rows Removed by Filter": 0
                                        }
                                      ]
                                    }
                                  ]
                                },
                                {
                                  "Node Type": "Nested Loop",
                                  "Parent Relationship": "SubPlan",
                                  "Subplan Name": "SubPlan 3",
                                  "Parallel Aware": false,
                                  "Join Type": "Inner",
                                  "Startup Cost": 0.29,
                                  "Total Cost": 55630.16,
                                  "Plan Rows": 1,
                                  "Plan Width": 0,
                                  "Actual Startup Time": 393.093,
                                  "Actual Total Time": 393.093,
                                  "Actual Rows": 0,
                                  "Actual Loops": 21976,
                                  "Inner Unique": true,
                                  "Plans": [
                                    {
                                      "Node Type": "Seq Scan",
                                      "Parent Relationship": "Outer",
                                      "Parallel Aware": false,
                                      "Relation Name": "catalog_sales",
                                      "Alias": "catalog_sales",
                                      "Startup Cost": 0.00,
                                      "Total Cost": 55426.23,
                                      "Plan Rows": 25,
                                      "Plan Width": 4,
                                      "Actual Startup Time": 200.791,
                                      "Actual Total Time": 393.030,
                                      "Actual Rows": 13,
                                      "Actual Loops": 21976,
                                      "Filter": "(c.c_customer_sk = cs_ship_customer_sk)",
                                      "Rows Removed by Filter": 1406764
                                    },
                                    {
                                      "Node Type": "Index Scan",
                                      "Parent Relationship": "Inner",
                                      "Parallel Aware": false,
                                      "Scan Direction": "Forward",
                                      "Index Name": "date_dim_pkey",
                                      "Relation Name": "date_dim",
                                      "Alias": "date_dim_3",
                                      "Startup Cost": 0.29,
                                      "Total Cost": 8.15,
                                      "Plan Rows": 1,
                                      "Plan Width": 4,
                                      "Actual Startup Time": 0.004,
                                      "Actual Total Time": 0.004,
                                      "Actual Rows": 0,
                                      "Actual Loops": 278919,
                                      "Index Cond": "(d_date_sk = catalog_sales.cs_sold_date_sk)",
                                      "Rows Removed by Index Recheck": 0,
                                      "Filter": "((d_qoy < 4) AND (d_year = 2002))",
                                      "Rows Removed by Filter": 1
                                    }
                                  ]
                                },
                                {
                                  "Node Type": "Hash Join",
                                  "Parent Relationship": "SubPlan",
                                  "Subplan Name": "SubPlan 4",
                                  "Parallel Aware": false,
                                  "Join Type": "Inner",
                                  "Startup Cost": 2504.15,
                                  "Total Cost": 58110.81,
                                  "Plan Rows": 5362,
                                  "Plan Width": 4,
                                  "Actual Startup Time": 0.000,
                                  "Actual Total Time": 0.000,
                                  "Actual Rows": 0,
                                  "Actual Loops": 0,
                                  "Inner Unique": true,
                                  "Hash Cond": "(catalog_sales_1.cs_sold_date_sk = date_dim_4.d_date_sk)",
                                  "Plans": [
                                    {
                                      "Node Type": "Seq Scan",
                                      "Parent Relationship": "Outer",
                                      "Parallel Aware": false,
                                      "Relation Name": "catalog_sales",
                                      "Alias": "catalog_sales_1",
                                      "Startup Cost": 0.00,
                                      "Total Cost": 51821.98,
                                      "Plan Rows": 1441698,
                                      "Plan Width": 8,
                                      "Actual Startup Time": 0.000,
                                      "Actual Total Time": 0.000,
                                      "Actual Rows": 0,
                                      "Actual Loops": 0
                                    },
                                    {
                                      "Node Type": "Hash",
                                      "Parent Relationship": "Inner",
                                      "Parallel Aware": false,
                                      "Startup Cost": 2500.73,
                                      "Total Cost": 2500.73,
                                      "Plan Rows": 273,
                                      "Plan Width": 4,
                                      "Actual Startup Time": 0.000,
                                      "Actual Total Time": 0.000,
                                      "Actual Rows": 0,
                                      "Actual Loops": 0,
                                      "Plans": [
                                        {
                                          "Node Type": "Seq Scan",
                                          "Parent Relationship": "Outer",
                                          "Parallel Aware": false,
                                          "Relation Name": "date_dim",
                                          "Alias": "date_dim_4",
                                          "Startup Cost": 0.00,
                                          "Total Cost": 2500.73,
                                          "Plan Rows": 273,
                                          "Plan Width": 4,
                                          "Actual Startup Time": 0.000,
                                          "Actual Total Time": 0.000,
                                          "Actual Rows": 0,
                                          "Actual Loops": 0,
                                          "Filter": "((d_qoy < 4) AND (d_year = 2002))",
                                          "Rows Removed by Filter": 0
                                        }
                                      ]
                                    }
                                  ]
                                }
                              ]
                            }
                          ]
                        },
                        {
                          "Node Type": "Index Scan",
                          "Parent Relationship": "Inner",
                          "Parallel Aware": false,
                          "Scan Direction": "Forward",
                          "Index Name": "customer_demographics_pkey",
                          "Relation Name": "customer_demographics",
                          "Alias": "customer_demographics",
                          "Startup Cost": 0.43,
                          "Total Cost": 1.89,
                          "Plan Rows": 1,
                          "Plan Width": 20,
                          "Actual Startup Time": 0.603,
                          "Actual Total Time": 0.603,
                          "Actual Rows": 1,
                          "Actual Loops": 5116,
                          "Index Cond": "(cd_demo_sk = c.c_current_cdemo_sk)",
                          "Rows Removed by Index Recheck": 0
                        }
                      ]
                    },
                    {
                      "Node Type": "Index Scan",
                      "Parent Relationship": "Inner",
                      "Parallel Aware": false,
                      "Scan Direction": "Forward",
                      "Index Name": "customer_address_pkey",
                      "Relation Name": "customer_address",
                      "Alias": "ca",
                      "Startup Cost": 0.29,
                      "Total Cost": 0.37,
                      "Plan Rows": 1,
                      "Plan Width": 7,
                      "Actual Startup Time": 0.007,
                      "Actual Total Time": 0.007,
                      "Actual Rows": 1,
                      "Actual Loops": 4968,
                      "Index Cond": "(ca_address_sk = c.c_current_addr_sk)",
                      "Rows Removed by Index Recheck": 0
                    }
                  ]
                }
              ]
            }
          ]
        }
      ]
    },
    "Planning Time": 1.980,
    "Triggers": [
    ],
    "Execution Time": 12991572.733
  }
]
SET
