[
  {
    "Plan": {
      "Node Type": "Limit",
      "Parallel Aware": false,
      "Startup Cost": 313915.37,
      "Total Cost": 313915.37,
      "Plan Rows": 1,
      "Plan Width": 80,
      "Actual Startup Time": 3288.203,
      "Actual Total Time": 3288.223,
      "Actual Rows": 100,
      "Actual Loops": 1,
      "Plans": [
        {
          "Node Type": "Aggregate",
          "Strategy": "Sorted",
          "Partial Mode": "Simple",
          "Parent Relationship": "InitPlan",
          "Subplan Name": "CTE all_sales",
          "Parallel Aware": false,
          "Startup Cost": 287658.93,
          "Total Cost": 311661.58,
          "Plan Rows": 49236,
          "Plan Width": 60,
          "Actual Startup Time": 2259.823,
          "Actual Total Time": 3280.902,
          "Actual Rows": 5213,
          "Actual Loops": 1,
          "Group Key": ["date_dim.d_year", "item.i_brand_id", "item.i_class_id", "item.i_category_id", "item.i_manufact_id"],
          "Plans": [
            {
              "Node Type": "Unique",
              "Parent Relationship": "Outer",
              "Parallel Aware": false,
              "Startup Cost": 287658.93,
              "Total Cost": 297506.17,
              "Plan Rows": 492362,
              "Plan Width": 56,
              "Actual Startup Time": 2259.532,
              "Actual Total Time": 3037.078,
              "Actual Rows": 484180,
              "Actual Loops": 1,
              "Plans": [
                {
                  "Node Type": "Sort",
                  "Parent Relationship": "Outer",
                  "Parallel Aware": false,
                  "Startup Cost": 287658.93,
                  "Total Cost": 288889.84,
                  "Plan Rows": 492362,
                  "Plan Width": 56,
                  "Actual Startup Time": 2259.531,
                  "Actual Total Time": 2785.125,
                  "Actual Rows": 485830,
                  "Actual Loops": 1,
                  "Sort Key": ["date_dim.d_year", "item.i_brand_id", "item.i_class_id", "item.i_category_id", "item.i_manufact_id", "((store_sales.ss_quantity - COALESCE(store_returns.sr_return_quantity, 0)))", "((store_sales.ss_ext_sales_price - COALESCE(store_returns.sr_return_amt, 0.0)))"],
                  "Sort Method": "external merge",
                  "Sort Space Used": 19424,
                  "Sort Space Type": "Disk",
                  "Plans": [
                    {
                      "Node Type": "Gather",
                      "Parent Relationship": "Outer",
                      "Parallel Aware": false,
                      "Startup Cost": 9743.09,
                      "Total Cost": 224276.18,
                      "Plan Rows": 492362,
                      "Plan Width": 56,
                      "Actual Startup Time": 136.521,
                      "Actual Total Time": 1378.381,
                      "Actual Rows": 485830,
                      "Actual Loops": 1,
                      "Workers Planned": 2,
                      "Workers Launched": 2,
                      "Single Copy": false,
                      "Plans": [
                        {
                          "Node Type": "Append",
                          "Parent Relationship": "Outer",
                          "Parallel Aware": true,
                          "Startup Cost": 8743.09,
                          "Total Cost": 174039.98,
                          "Plan Rows": 492362,
                          "Plan Width": 56,
                          "Actual Startup Time": 664.263,
                          "Actual Total Time": 1466.971,
                          "Actual Rows": 161943,
                          "Actual Loops": 3,
                          "Plans": [
                            {
                              "Node Type": "Hash Join",
                              "Parent Relationship": "Member",
                              "Parallel Aware": true,
                              "Join Type": "Left",
                              "Startup Cost": 12235.41,
                              "Total Cost": 83080.13,
                              "Plan Rows": 115055,
                              "Plan Width": 56,
                              "Actual Startup Time": 685.576,
                              "Actual Total Time": 774.472,
                              "Actual Rows": 90816,
                              "Actual Loops": 3,
                              "Inner Unique": true,
                              "Hash Cond": "((store_sales.ss_ticket_number = store_returns.sr_ticket_number) AND (store_sales.ss_item_sk = store_returns.sr_item_sk))",
                              "Plans": [
                                {
                                  "Node Type": "Hash Join",
                                  "Parent Relationship": "Outer",
                                  "Parallel Aware": true,
                                  "Join Type": "Inner",
                                  "Startup Cost": 3747.47,
                                  "Total Cost": 70912.87,
                                  "Plan Rows": 115055,
                                  "Plan Width": 38,
                                  "Actual Startup Time": 22.818,
                                  "Actual Total Time": 526.182,
                                  "Actual Rows": 90816,
                                  "Actual Loops": 3,
                                  "Inner Unique": true,
                                  "Hash Cond": "(store_sales.ss_sold_date_sk = date_dim.d_date_sk)",
                                  "Plans": [
                                    {
                                      "Node Type": "Hash Join",
                                      "Parent Relationship": "Outer",
                                      "Parallel Aware": true,
                                      "Join Type": "Inner",
                                      "Startup Cost": 1375.64,
                                      "Total Cost": 68224.75,
                                      "Plan Rows": 120485,
                                      "Plan Width": 38,
                                      "Actual Startup Time": 5.865,
                                      "Actual Total Time": 458.353,
                                      "Actual Rows": 95126,
                                      "Actual Loops": 3,
                                      "Inner Unique": true,
                                      "Hash Cond": "(store_sales.ss_item_sk = item.i_item_sk)",
                                      "Plans": [
                                        {
                                          "Node Type": "Seq Scan",
                                          "Parent Relationship": "Outer",
                                          "Parallel Aware": true,
                                          "Relation Name": "store_sales",
                                          "Alias": "store_sales",
                                          "Startup Cost": 0.00,
                                          "Total Cost": 63697.87,
                                          "Plan Rows": 1200187,
                                          "Plan Width": 22,
                                          "Actual Startup Time": 0.073,
                                          "Actual Total Time": 196.424,
                                          "Actual Rows": 960135,
                                          "Actual Loops": 3
                                        },
                                        {
                                          "Node Type": "Hash",
                                          "Parent Relationship": "Inner",
                                          "Parallel Aware": true,
                                          "Startup Cost": 1362.35,
                                          "Total Cost": 1362.35,
                                          "Plan Rows": 1063,
                                          "Plan Width": 20,
                                          "Actual Startup Time": 5.732,
                                          "Actual Total Time": 5.732,
                                          "Actual Rows": 602,
                                          "Actual Loops": 3,
                                          "Hash Buckets": 2048,
                                          "Original Hash Buckets": 2048,
                                          "Hash Batches": 1,
                                          "Original Hash Batches": 1,
                                          "Peak Memory Usage": 144,
                                          "Plans": [
                                            {
                                              "Node Type": "Seq Scan",
                                              "Parent Relationship": "Outer",
                                              "Parallel Aware": true,
                                              "Relation Name": "item",
                                              "Alias": "item",
                                              "Startup Cost": 0.00,
                                              "Total Cost": 1362.35,
                                              "Plan Rows": 1063,
                                              "Plan Width": 20,
                                              "Actual Startup Time": 0.018,
                                              "Actual Total Time": 16.247,
                                              "Actual Rows": 1807,
                                              "Actual Loops": 1,
                                              "Filter": "(i_category = 'Home'::bpchar)",
                                              "Rows Removed by Filter": 16193
                                            }
                                          ]
                                        }
                                      ]
                                    },
                                    {
                                      "Node Type": "Hash",
                                      "Parent Relationship": "Inner",
                                      "Parallel Aware": true,
                                      "Startup Cost": 1834.70,
                                      "Total Cost": 1834.70,
                                      "Plan Rows": 42970,
                                      "Plan Width": 8,
                                      "Actual Startup Time": 16.395,
                                      "Actual Total Time": 16.395,
                                      "Actual Rows": 24350,
                                      "Actual Loops": 3,
                                      "Hash Buckets": 131072,
                                      "Original Hash Buckets": 131072,
                                      "Hash Batches": 1,
                                      "Original Hash Batches": 1,
                                      "Peak Memory Usage": 3904,
                                      "Plans": [
                                        {
                                          "Node Type": "Seq Scan",
                                          "Parent Relationship": "Outer",
                                          "Parallel Aware": true,
                                          "Relation Name": "date_dim",
                                          "Alias": "date_dim",
                                          "Startup Cost": 0.00,
                                          "Total Cost": 1834.70,
                                          "Plan Rows": 42970,
                                          "Plan Width": 8,
                                          "Actual Startup Time": 0.017,
                                          "Actual Total Time": 27.017,
                                          "Actual Rows": 73049,
                                          "Actual Loops": 1
                                        }
                                      ]
                                    }
                                  ]
                                },
                                {
                                  "Node Type": "Hash",
                                  "Parent Relationship": "Inner",
                                  "Parallel Aware": true,
                                  "Startup Cost": 5988.98,
                                  "Total Cost": 5988.98,
                                  "Plan Rows": 119798,
                                  "Plan Width": 18,
                                  "Actual Startup Time": 80.193,
                                  "Actual Total Time": 80.193,
                                  "Actual Rows": 95838,
                                  "Actual Loops": 3,
                                  "Hash Buckets": 65536,
                                  "Original Hash Buckets": 65536,
                                  "Hash Batches": 8,
                                  "Original Hash Batches": 8,
                                  "Peak Memory Usage": 2496,
                                  "Plans": [
                                    {
                                      "Node Type": "Seq Scan",
                                      "Parent Relationship": "Outer",
                                      "Parallel Aware": true,
                                      "Relation Name": "store_returns",
                                      "Alias": "store_returns",
                                      "Startup Cost": 0.00,
                                      "Total Cost": 5988.98,
                                      "Plan Rows": 119798,
                                      "Plan Width": 18,
                                      "Actual Startup Time": 0.086,
                                      "Actual Total Time": 114.234,
                                      "Actual Rows": 287514,
                                      "Actual Loops": 1
                                    }
                                  ]
                                }
                              ]
                            },
                            {
                              "Node Type": "Hash Join",
                              "Parent Relationship": "Member",
                              "Parallel Aware": true,
                              "Join Type": "Left",
                              "Startup Cost": 8743.09,
                              "Total Cost": 54505.83,
                              "Plan Rows": 60012,
                              "Plan Width": 56,
                              "Actual Startup Time": 117.274,
                              "Actual Total Time": 689.406,
                              "Actual Rows": 71050,
                              "Actual Loops": 2,
                              "Inner Unique": true,
                              "Hash Cond": "((catalog_sales.cs_order_number = catalog_returns.cr_order_number) AND (catalog_sales.cs_item_sk = catalog_returns.cr_item_sk))",
                              "Plans": [
                                {
                                  "Node Type": "Hash Join",
                                  "Parent Relationship": "Outer",
                                  "Parallel Aware": true,
                                  "Join Type": "Inner",
                                  "Startup Cost": 3747.47,
                                  "Total Cost": 48895.08,
                                  "Plan Rows": 60012,
                                  "Plan Width": 38,
                                  "Actual Startup Time": 35.680,
                                  "Actual Total Time": 532.569,
                                  "Actual Rows": 71050,
                                  "Actual Loops": 2,
                                  "Inner Unique": true,
                                  "Hash Cond": "(catalog_sales.cs_sold_date_sk = date_dim_1.d_date_sk)",
                                  "Plans": [
                                    {
                                      "Node Type": "Hash Join",
                                      "Parent Relationship": "Outer",
                                      "Parallel Aware": true,
                                      "Join Type": "Inner",
                                      "Startup Cost": 1375.64,
                                      "Total Cost": 46364.94,
                                      "Plan Rows": 60304,
                                      "Plan Width": 38,
                                      "Actual Startup Time": 8.836,
                                      "Actual Total Time": 472.128,
                                      "Actual Rows": 71405,
                                      "Actual Loops": 2,
                                      "Inner Unique": true,
                                      "Hash Cond": "(catalog_sales.cs_item_sk = item_1.i_item_sk)",
                                      "Plans": [
                                        {
                                          "Node Type": "Seq Scan",
                                          "Parent Relationship": "Outer",
                                          "Parallel Aware": true,
                                          "Relation Name": "catalog_sales",
                                          "Alias": "catalog_sales",
                                          "Startup Cost": 0.00,
                                          "Total Cost": 43412.07,
                                          "Plan Rows": 600708,
                                          "Plan Width": 22,
                                          "Actual Startup Time": 0.055,
                                          "Actual Total Time": 183.647,
                                          "Actual Rows": 720774,
                                          "Actual Loops": 2
                                        },
                                        {
                                          "Node Type": "Hash",
                                          "Parent Relationship": "Inner",
                                          "Parallel Aware": true,
                                          "Startup Cost": 1362.35,
                                          "Total Cost": 1362.35,
                                          "Plan Rows": 1063,
                                          "Plan Width": 20,
                                          "Actual Startup Time": 8.733,
                                          "Actual Total Time": 8.733,
                                          "Actual Rows": 904,
                                          "Actual Loops": 2,
                                          "Hash Buckets": 2048,
                                          "Original Hash Buckets": 2048,
                                          "Hash Batches": 1,
                                          "Original Hash Batches": 1,
                                          "Peak Memory Usage": 144,
                                          "Plans": [
                                            {
                                              "Node Type": "Seq Scan",
                                              "Parent Relationship": "Outer",
                                              "Parallel Aware": true,
                                              "Relation Name": "item",
                                              "Alias": "item_1",
                                              "Startup Cost": 0.00,
                                              "Total Cost": 1362.35,
                                              "Plan Rows": 1063,
                                              "Plan Width": 20,
                                              "Actual Startup Time": 0.020,
                                              "Actual Total Time": 16.499,
                                              "Actual Rows": 1807,
                                              "Actual Loops": 1,
                                              "Filter": "(i_category = 'Home'::bpchar)",
                                              "Rows Removed by Filter": 16193
                                            }
                                          ]
                                        }
                                      ]
                                    },
                                    {
                                      "Node Type": "Hash",
                                      "Parent Relationship": "Inner",
                                      "Parallel Aware": true,
                                      "Startup Cost": 1834.70,
                                      "Total Cost": 1834.70,
                                      "Plan Rows": 42970,
                                      "Plan Width": 8,
                                      "Actual Startup Time": 26.224,
                                      "Actual Total Time": 26.224,
                                      "Actual Rows": 36524,
                                      "Actual Loops": 2,
                                      "Hash Buckets": 131072,
                                      "Original Hash Buckets": 131072,
                                      "Hash Batches": 1,
                                      "Original Hash Batches": 1,
                                      "Peak Memory Usage": 3904,
                                      "Plans": [
                                        {
                                          "Node Type": "Seq Scan",
                                          "Parent Relationship": "Outer",
                                          "Parallel Aware": true,
                                          "Relation Name": "date_dim",
                                          "Alias": "date_dim_1",
                                          "Startup Cost": 0.00,
                                          "Total Cost": 1834.70,
                                          "Plan Rows": 42970,
                                          "Plan Width": 8,
                                          "Actual Startup Time": 0.014,
                                          "Actual Total Time": 27.823,
                                          "Actual Rows": 73049,
                                          "Actual Loops": 1
                                        }
                                      ]
                                    }
                                  ]
                                },
                                {
                                  "Node Type": "Hash",
                                  "Parent Relationship": "Inner",
                                  "Parallel Aware": true,
                                  "Startup Cost": 3724.45,
                                  "Total Cost": 3724.45,
                                  "Plan Rows": 84745,
                                  "Plan Width": 18,
                                  "Actual Startup Time": 79.707,
                                  "Actual Total Time": 79.707,
                                  "Actual Rows": 72034,
                                  "Actual Loops": 2,
                                  "Hash Buckets": 262144,
                                  "Original Hash Buckets": 262144,
                                  "Hash Batches": 1,
                                  "Original Hash Batches": 1,
                                  "Peak Memory Usage": 9888,
                                  "Plans": [
                                    {
                                      "Node Type": "Seq Scan",
                                      "Parent Relationship": "Outer",
                                      "Parallel Aware": true,
                                      "Relation Name": "catalog_returns",
                                      "Alias": "catalog_returns",
                                      "Startup Cost": 0.00,
                                      "Total Cost": 3724.45,
                                      "Plan Rows": 84745,
                                      "Plan Width": 18,
                                      "Actual Startup Time": 0.387,
                                      "Actual Total Time": 90.056,
                                      "Actual Rows": 144067,
                                      "Actual Loops": 1
                                    }
                                  ]
                                }
                              ]
                            },
                            {
                              "Node Type": "Hash Join",
                              "Parent Relationship": "Member",
                              "Parallel Aware": true,
                              "Join Type": "Left",
                              "Startup Cost": 6129.81,
                              "Total Cost": 29068.60,
                              "Plan Rows": 30083,
                              "Plan Width": 56,
                              "Actual Startup Time": 134.847,
                              "Actual Total Time": 631.912,
                              "Actual Rows": 71280,
                              "Actual Loops": 1,
                              "Inner Unique": true,
                              "Hash Cond": "((web_sales.ws_order_number = web_returns.wr_order_number) AND (web_sales.ws_item_sk = web_returns.wr_item_sk))",
                              "Plans": [
                                {
                                  "Node Type": "Hash Join",
                                  "Parent Relationship": "Outer",
                                  "Parallel Aware": true,
                                  "Join Type": "Inner",
                                  "Startup Cost": 3747.47,
                                  "Total Cost": 26377.90,
                                  "Plan Rows": 30083,
                                  "Plan Width": 38,
                                  "Actual Startup Time": 57.776,
                                  "Actual Total Time": 482.881,
                                  "Actual Rows": 71280,
                                  "Actual Loops": 1,
                                  "Inner Unique": true,
                                  "Hash Cond": "(web_sales.ws_sold_date_sk = date_dim_2.d_date_sk)",
                                  "Plans": [
                                    {
                                      "Node Type": "Hash Join",
                                      "Parent Relationship": "Outer",
                                      "Parallel Aware": true,
                                      "Join Type": "Inner",
                                      "Startup Cost": 1375.64,
                                      "Total Cost": 23927.09,
                                      "Plan Rows": 30091,
                                      "Plan Width": 38,
                                      "Actual Startup Time": 14.532,
                                      "Actual Total Time": 400.932,
                                      "Actual Rows": 71301,
                                      "Actual Loops": 1,
                                      "Inner Unique": true,
                                      "Hash Cond": "(web_sales.ws_item_sk = item_2.i_item_sk)",
                                      "Plans": [
                                        {
                                          "Node Type": "Seq Scan",
                                          "Parent Relationship": "Outer",
                                          "Parallel Aware": true,
                                          "Relation Name": "web_sales",
                                          "Alias": "web_sales",
                                          "Startup Cost": 0.00,
                                          "Total Cost": 21764.43,
                                          "Plan Rows": 299743,
                                          "Plan Width": 22,
                                          "Actual Startup Time": 0.010,
                                          "Actual Total Time": 176.568,
                                          "Actual Rows": 719384,
                                          "Actual Loops": 1
                                        },
                                        {
                                          "Node Type": "Hash",
                                          "Parent Relationship": "Inner",
                                          "Parallel Aware": true,
                                          "Startup Cost": 1362.35,
                                          "Total Cost": 1362.35,
                                          "Plan Rows": 1063,
                                          "Plan Width": 20,
                                          "Actual Startup Time": 14.481,
                                          "Actual Total Time": 14.481,
                                          "Actual Rows": 1807,
                                          "Actual Loops": 1,
                                          "Hash Buckets": 2048,
                                          "Original Hash Buckets": 2048,
                                          "Hash Batches": 1,
                                          "Original Hash Batches": 1,
                                          "Peak Memory Usage": 144,
                                          "Plans": [
                                            {
                                              "Node Type": "Seq Scan",
                                              "Parent Relationship": "Outer",
                                              "Parallel Aware": true,
                                              "Relation Name": "item",
                                              "Alias": "item_2",
                                              "Startup Cost": 0.00,
                                              "Total Cost": 1362.35,
                                              "Plan Rows": 1063,
                                              "Plan Width": 20,
                                              "Actual Startup Time": 0.009,
                                              "Actual Total Time": 13.482,
                                              "Actual Rows": 1807,
                                              "Actual Loops": 1,
                                              "Filter": "(i_category = 'Home'::bpchar)",
                                              "Rows Removed by Filter": 16193
                                            }
                                          ]
                                        }
                                      ]
                                    },
                                    {
                                      "Node Type": "Hash",
                                      "Parent Relationship": "Inner",
                                      "Parallel Aware": true,
                                      "Startup Cost": 1834.70,
                                      "Total Cost": 1834.70,
                                      "Plan Rows": 42970,
                                      "Plan Width": 8,
                                      "Actual Startup Time": 41.879,
                                      "Actual Total Time": 41.879,
                                      "Actual Rows": 73049,
                                      "Actual Loops": 1,
                                      "Hash Buckets": 131072,
                                      "Original Hash Buckets": 131072,
                                      "Hash Batches": 1,
                                      "Original Hash Batches": 1,
                                      "Peak Memory Usage": 3904,
                                      "Plans": [
                                        {
                                          "Node Type": "Seq Scan",
                                          "Parent Relationship": "Outer",
                                          "Parallel Aware": true,
                                          "Relation Name": "date_dim",
                                          "Alias": "date_dim_2",
                                          "Startup Cost": 0.00,
                                          "Total Cost": 1834.70,
                                          "Plan Rows": 42970,
                                          "Plan Width": 8,
                                          "Actual Startup Time": 0.008,
                                          "Actual Total Time": 19.834,
                                          "Actual Rows": 73049,
                                          "Actual Loops": 1
                                        }
                                      ]
                                    }
                                  ]
                                },
                                {
                                  "Node Type": "Hash",
                                  "Parent Relationship": "Inner",
                                  "Parallel Aware": true,
                                  "Startup Cost": 1749.14,
                                  "Total Cost": 1749.14,
                                  "Plan Rows": 42214,
                                  "Plan Width": 18,
                                  "Actual Startup Time": 75.448,
                                  "Actual Total Time": 75.448,
                                  "Actual Rows": 71763,
                                  "Actual Loops": 1,
                                  "Hash Buckets": 131072,
                                  "Original Hash Buckets": 131072,
                                  "Hash Batches": 1,
                                  "Original Hash Batches": 1,
                                  "Peak Memory Usage": 4928,
                                  "Plans": [
                                    {
                                      "Node Type": "Seq Scan",
                                      "Parent Relationship": "Outer",
                                      "Parallel Aware": true,
                                      "Relation Name": "web_returns",
                                      "Alias": "web_returns",
                                      "Startup Cost": 0.00,
                                      "Total Cost": 1749.14,
                                      "Plan Rows": 42214,
                                      "Plan Width": 18,
                                      "Actual Startup Time": 0.285,
                                      "Actual Total Time": 40.039,
                                      "Actual Rows": 71763,
                                      "Actual Loops": 1
                                    }
                                  ]
                                }
                              ]
                            }
                          ]
                        }
                      ]
                    }
                  ]
                }
              ]
            }
          ]
        },
        {
          "Node Type": "Sort",
          "Parent Relationship": "Outer",
          "Parallel Aware": false,
          "Startup Cost": 2253.79,
          "Total Cost": 2253.80,
          "Plan Rows": 1,
          "Plan Width": 80,
          "Actual Startup Time": 3288.201,
          "Actual Total Time": 3288.208,
          "Actual Rows": 100,
          "Actual Loops": 1,
          "Sort Key": ["((curr_yr.sales_cnt - prev_yr.sales_cnt))", "((curr_yr.sales_amt - prev_yr.sales_amt))"],
          "Sort Method": "quicksort",
          "Sort Space Used": 48,
          "Sort Space Type": "Memory",
          "Plans": [
            {
              "Node Type": "Hash Join",
              "Parent Relationship": "Outer",
              "Parallel Aware": false,
              "Join Type": "Inner",
              "Startup Cost": 1112.73,
              "Total Cost": 2253.78,
              "Plan Rows": 1,
              "Plan Width": 80,
              "Actual Startup Time": 3286.800,
              "Actual Total Time": 3288.087,
              "Actual Rows": 169,
              "Actual Loops": 1,
              "Inner Unique": false,
              "Hash Cond": "((curr_yr.i_brand_id = prev_yr.i_brand_id) AND (curr_yr.i_class_id = prev_yr.i_class_id) AND (curr_yr.i_category_id = prev_yr.i_category_id) AND (curr_yr.i_manufact_id = prev_yr.i_manufact_id))",
              "Join Filter": "(((curr_yr.sales_cnt)::numeric(17,2) / (prev_yr.sales_cnt)::numeric(17,2)) < 0.9)",
              "Rows Removed by Join Filter": 439,
              "Plans": [
                {
                  "Node Type": "CTE Scan",
                  "Parent Relationship": "Outer",
                  "Parallel Aware": false,
                  "CTE Name": "all_sales",
                  "Alias": "curr_yr",
                  "Startup Cost": 0.00,
                  "Total Cost": 1107.81,
                  "Plan Rows": 246,
                  "Plan Width": 60,
                  "Actual Startup Time": 3074.392,
                  "Actual Total Time": 3074.683,
                  "Actual Rows": 917,
                  "Actual Loops": 1,
                  "Filter": "(d_year = 2002)",
                  "Rows Removed by Filter": 4296
                },
                {
                  "Node Type": "Hash",
                  "Parent Relationship": "Inner",
                  "Parallel Aware": false,
                  "Startup Cost": 1107.81,
                  "Total Cost": 1107.81,
                  "Plan Rows": 246,
                  "Plan Width": 60,
                  "Actual Startup Time": 212.362,
                  "Actual Total Time": 212.363,
                  "Actual Rows": 898,
                  "Actual Loops": 1,
                  "Hash Buckets": 1024,
                  "Original Hash Buckets": 1024,
                  "Hash Batches": 1,
                  "Original Hash Batches": 1,
                  "Peak Memory Usage": 75,
                  "Plans": [
                    {
                      "Node Type": "CTE Scan",
                      "Parent Relationship": "Outer",
                      "Parallel Aware": false,
                      "CTE Name": "all_sales",
                      "Alias": "prev_yr",
                      "Startup Cost": 0.00,
                      "Total Cost": 1107.81,
                      "Plan Rows": 246,
                      "Plan Width": 60,
                      "Actual Startup Time": 0.337,
                      "Actual Total Time": 211.978,
                      "Actual Rows": 901,
                      "Actual Loops": 1,
                      "Filter": "(d_year = 2001)",
                      "Rows Removed by Filter": 4312
                    }
                  ]
                }
              ]
            }
          ]
        }
      ]
    },
    "Planning Time": 14.077,
    "Triggers": [
    ],
    "Execution Time": 3299.857
  }
]
