[
  {
    "Plan": {
      "Node Type": "Limit",
      "Parallel Aware": false,
      "Startup Cost": 97198.26,
      "Total Cost": 97201.14,
      "Plan Rows": 100,
      "Plan Width": 152,
      "Actual Startup Time": 4323.451,
      "Actual Total Time": 4323.928,
      "Actual Rows": 100,
      "Actual Loops": 1,
      "Plans": [
        {
          "Node Type": "Aggregate",
          "Strategy": "Sorted",
          "Partial Mode": "Simple",
          "Parent Relationship": "Outer",
          "Parallel Aware": false,
          "Startup Cost": 97198.26,
          "Total Cost": 97208.75,
          "Plan Rows": 365,
          "Plan Width": 152,
          "Actual Startup Time": 4323.450,
          "Actual Total Time": 4323.910,
          "Actual Rows": 100,
          "Actual Loops": 1,
          "Grouping Sets": [
            {
              "Group Keys": [
                ["item.i_item_id", "store.s_state"],
                ["item.i_item_id"],
                []
              ]
            }
          ],
          "Plans": [
            {
              "Node Type": "Sort",
              "Parent Relationship": "Outer",
              "Parallel Aware": false,
              "Startup Cost": 97198.26,
              "Total Cost": 97198.72,
              "Plan Rows": 182,
              "Plan Width": 39,
              "Actual Startup Time": 4323.424,
              "Actual Total Time": 4323.432,
              "Actual Rows": 83,
              "Actual Loops": 1,
              "Sort Key": ["item.i_item_id", "store.s_state"],
              "Sort Method": "quicksort",
              "Sort Space Used": 796,
              "Sort Space Type": "Memory",
              "Plans": [
                {
                  "Node Type": "Nested Loop",
                  "Parent Relationship": "Outer",
                  "Parallel Aware": false,
                  "Join Type": "Inner",
                  "Startup Cost": 2323.38,
                  "Total Cost": 97191.43,
                  "Plan Rows": 182,
                  "Plan Width": 39,
                  "Actual Startup Time": 24.410,
                  "Actual Total Time": 4239.905,
                  "Actual Rows": 7731,
                  "Actual Loops": 1,
                  "Inner Unique": true,
                  "Plans": [
                    {
                      "Node Type": "Nested Loop",
                      "Parent Relationship": "Outer",
                      "Parallel Aware": false,
                      "Join Type": "Inner",
                      "Startup Cost": 2323.09,
                      "Total Cost": 97135.60,
                      "Plan Rows": 182,
                      "Plan Width": 26,
                      "Actual Startup Time": 24.393,
                      "Actual Total Time": 4178.829,
                      "Actual Rows": 7731,
                      "Actual Loops": 1,
                      "Inner Unique": true,
                      "Join Filter": "(store_sales.ss_store_sk = store.s_store_sk)",
                      "Rows Removed by Join Filter": 34141,
                      "Plans": [
                        {
                          "Node Type": "Nested Loop",
                          "Parent Relationship": "Outer",
                          "Parallel Aware": false,
                          "Join Type": "Inner",
                          "Startup Cost": 2323.09,
                          "Total Cost": 97102.44,
                          "Plan Rows": 190,
                          "Plan Width": 27,
                          "Actual Startup Time": 24.374,
                          "Actual Total Time": 4164.553,
                          "Actual Rows": 7827,
                          "Actual Loops": 1,
                          "Inner Unique": true,
                          "Plans": [
                            {
                              "Node Type": "Hash Join",
                              "Parent Relationship": "Outer",
                              "Parallel Aware": false,
                              "Join Type": "Inner",
                              "Startup Cost": 2322.66,
                              "Total Cost": 90384.75,
                              "Plan Rows": 13706,
                              "Plan Width": 31,
                              "Actual Startup Time": 21.184,
                              "Actual Total Time": 1461.226,
                              "Actual Rows": 549330,
                              "Actual Loops": 1,
                              "Inner Unique": true,
                              "Hash Cond": "(store_sales.ss_sold_date_sk = date_dim.d_date_sk)",
                              "Plans": [
                                {
                                  "Node Type": "Seq Scan",
                                  "Parent Relationship": "Outer",
                                  "Parallel Aware": false,
                                  "Relation Name": "store_sales",
                                  "Alias": "store_sales",
                                  "Startup Cost": 0.00,
                                  "Total Cost": 80500.49,
                                  "Plan Rows": 2880449,
                                  "Plan Width": 35,
                                  "Actual Startup Time": 0.016,
                                  "Actual Total Time": 622.584,
                                  "Actual Rows": 2880404,
                                  "Actual Loops": 1
                                },
                                {
                                  "Node Type": "Hash",
                                  "Parent Relationship": "Inner",
                                  "Parallel Aware": false,
                                  "Startup Cost": 2318.11,
                                  "Total Cost": 2318.11,
                                  "Plan Rows": 364,
                                  "Plan Width": 4,
                                  "Actual Startup Time": 21.147,
                                  "Actual Total Time": 21.148,
                                  "Actual Rows": 365,
                                  "Actual Loops": 1,
                                  "Hash Buckets": 1024,
                                  "Original Hash Buckets": 1024,
                                  "Hash Batches": 1,
                                  "Original Hash Batches": 1,
                                  "Peak Memory Usage": 21,
                                  "Plans": [
                                    {
                                      "Node Type": "Seq Scan",
                                      "Parent Relationship": "Outer",
                                      "Parallel Aware": false,
                                      "Relation Name": "date_dim",
                                      "Alias": "date_dim",
                                      "Startup Cost": 0.00,
                                      "Total Cost": 2318.11,
                                      "Plan Rows": 364,
                                      "Plan Width": 4,
                                      "Actual Startup Time": 9.809,
                                      "Actual Total Time": 21.060,
                                      "Actual Rows": 365,
                                      "Actual Loops": 1,
                                      "Filter": "(d_year = 2002)",
                                      "Rows Removed by Filter": 72684
                                    }
                                  ]
                                }
                              ]
                            },
                            {
                              "Node Type": "Index Scan",
                              "Parent Relationship": "Inner",
                              "Parallel Aware": false,
                              "Scan Direction": "Forward",
                              "Index Name": "customer_demographics_pkey",
                              "Relation Name": "customer_demographics",
                              "Alias": "customer_demographics",
                              "Startup Cost": 0.43,
                              "Total Cost": 0.49,
                              "Plan Rows": 1,
                              "Plan Width": 4,
                              "Actual Startup Time": 0.004,
                              "Actual Total Time": 0.004,
                              "Actual Rows": 0,
                              "Actual Loops": 549330,
                              "Index Cond": "(cd_demo_sk = store_sales.ss_cdemo_sk)",
                              "Rows Removed by Index Recheck": 0,
                              "Filter": "((cd_gender = 'F'::bpchar) AND (cd_marital_status = 'U'::bpchar) AND (cd_education_status = 'Primary'::bpchar))",
                              "Rows Removed by Filter": 1
                            }
                          ]
                        },
                        {
                          "Node Type": "Materialize",
                          "Parent Relationship": "Inner",
                          "Parallel Aware": false,
                          "Startup Cost": 0.00,
                          "Total Cost": 1.27,
                          "Plan Rows": 12,
                          "Plan Width": 7,
                          "Actual Startup Time": 0.000,
                          "Actual Total Time": 0.001,
                          "Actual Rows": 5,
                          "Actual Loops": 7827,
                          "Plans": [
                            {
                              "Node Type": "Seq Scan",
                              "Parent Relationship": "Outer",
                              "Parallel Aware": false,
                              "Relation Name": "store",
                              "Alias": "store",
                              "Startup Cost": 0.00,
                              "Total Cost": 1.21,
                              "Plan Rows": 12,
                              "Plan Width": 7,
                              "Actual Startup Time": 0.012,
                              "Actual Total Time": 0.020,
                              "Actual Rows": 12,
                              "Actual Loops": 1,
                              "Filter": "(s_state = ANY ('{TN,TN,TN,TN,TN,TN}'::bpchar[]))",
                              "Rows Removed by Filter": 0
                            }
                          ]
                        }
                      ]
                    },
                    {
                      "Node Type": "Index Scan",
                      "Parent Relationship": "Inner",
                      "Parallel Aware": false,
                      "Scan Direction": "Forward",
                      "Index Name": "item_pkey",
                      "Relation Name": "item",
                      "Alias": "item",
                      "Startup Cost": 0.29,
                      "Total Cost": 0.31,
                      "Plan Rows": 1,
                      "Plan Width": 21,
                      "Actual Startup Time": 0.007,
                      "Actual Total Time": 0.007,
                      "Actual Rows": 1,
                      "Actual Loops": 7731,
                      "Index Cond": "(i_item_sk = store_sales.ss_item_sk)",
                      "Rows Removed by Index Recheck": 0
                    }
                  ]
                }
              ]
            }
          ]
        }
      ]
    },
    "Planning Time": 1.011,
    "Triggers": [
    ],
    "Execution Time": 4324.039
  }
]
