                                             QUERY PLAN                                             
----------------------------------------------------------------------------------------------------
 [                                                                                                 +
   {                                                                                               +
     "Plan": {                                                                                     +
       "Node Type": "Limit",                                                                       +
       "Parallel Aware": false,                                                                    +
       "Startup Cost": 52756.65,                                                                   +
       "Total Cost": 52756.72,                                                                     +
       "Plan Rows": 28,                                                                            +
       "Plan Width": 17,                                                                           +
       "Actual Startup Time": 553671.504,                                                          +
       "Actual Total Time": 553671.551,                                                            +
       "Actual Rows": 100,                                                                         +
       "Actual Loops": 1,                                                                          +
       "Plans": [                                                                                  +
         {                                                                                         +
           "Node Type": "Aggregate",                                                               +
           "Strategy": "Sorted",                                                                   +
           "Partial Mode": "Finalize",                                                             +
           "Parent Relationship": "InitPlan",                                                      +
           "Subplan Name": "CTE customer_total_return",                                            +
           "Parallel Aware": false,                                                                +
           "Startup Cost": 9274.70,                                                                +
           "Total Cost": 9449.42,                                                                  +
           "Plan Rows": 1382,                                                                      +
           "Plan Width": 40,                                                                       +
           "Actual Startup Time": 79.679,                                                          +
           "Actual Total Time": 215.320,                                                           +
           "Actual Rows": 50441,                                                                   +
           "Actual Loops": 1,                                                                      +
           "Group Key": ["store_returns.sr_customer_sk", "store_returns.sr_store_sk"],             +
           "Plans": [                                                                              +
             {                                                                                     +
               "Node Type": "Gather Merge",                                                        +
               "Parent Relationship": "Outer",                                                     +
               "Parallel Aware": false,                                                            +
               "Startup Cost": 9274.70,                                                            +
               "Total Cost": 9420.63,                                                              +
               "Plan Rows": 1152,                                                                  +
               "Plan Width": 40,                                                                   +
               "Actual Startup Time": 79.658,                                                      +
               "Actual Total Time": 134.673,                                                       +
               "Actual Rows": 51915,                                                               +
               "Actual Loops": 1,                                                                  +
               "Workers Planned": 2,                                                               +
               "Workers Launched": 2,                                                              +
               "Plans": [                                                                          +
                 {                                                                                 +
                   "Node Type": "Aggregate",                                                       +
                   "Strategy": "Sorted",                                                           +
                   "Partial Mode": "Partial",                                                      +
                   "Parent Relationship": "Outer",                                                 +
                   "Parallel Aware": false,                                                        +
                   "Startup Cost": 8274.68,                                                        +
                   "Total Cost": 8287.64,                                                          +
                   "Plan Rows": 576,                                                               +
                   "Plan Width": 40,                                                               +
                   "Actual Startup Time": 71.601,                                                  +
                   "Actual Total Time": 101.383,                                                   +
                   "Actual Rows": 17305,                                                           +
                   "Actual Loops": 3,                                                              +
                   "Group Key": ["store_returns.sr_customer_sk", "store_returns.sr_store_sk"],     +
                   "Plans": [                                                                      +
                     {                                                                             +
                       "Node Type": "Sort",                                                        +
                       "Parent Relationship": "Outer",                                             +
                       "Parallel Aware": false,                                                    +
                       "Startup Cost": 8274.68,                                                    +
                       "Total Cost": 8276.12,                                                      +
                       "Plan Rows": 576,                                                           +
                       "Plan Width": 14,                                                           +
                       "Actual Startup Time": 71.561,                                              +
                       "Actual Total Time": 74.476,                                                +
                       "Actual Rows": 18607,                                                       +
                       "Actual Loops": 3,                                                          +
                       "Sort Key": ["store_returns.sr_customer_sk", "store_returns.sr_store_sk"],  +
                       "Sort Method": "quicksort",                                                 +
                       "Sort Space Used": 1637,                                                    +
                       "Sort Space Type": "Memory",                                                +
                       "Workers": [                                                                +
                         {                                                                         +
                           "Worker Number": 0,                                                     +
                           "Sort Method": "quicksort",                                             +
                           "Sort Space Used": 1639,                                                +
                           "Sort Space Type": "Memory"                                             +
                         },                                                                        +
                         {                                                                         +
                           "Worker Number": 1,                                                     +
                           "Sort Method": "quicksort",                                             +
                           "Sort Space Used": 1641,                                                +
                           "Sort Space Type": "Memory"                                             +
                         }                                                                         +
                       ],                                                                          +
                       "Plans": [                                                                  +
                         {                                                                         +
                           "Node Type": "Hash Join",                                               +
                           "Parent Relationship": "Outer",                                         +
                           "Parallel Aware": true,                                                 +
                           "Join Type": "Inner",                                                   +
                           "Startup Cost": 1944.80,                                                +
                           "Total Cost": 8248.27,                                                  +
                           "Plan Rows": 576,                                                       +
                           "Plan Width": 14,                                                       +
                           "Actual Startup Time": 11.044,                                          +
                           "Actual Total Time": 58.804,                                            +
                           "Actual Rows": 18607,                                                   +
                           "Actual Loops": 3,                                                      +
                           "Inner Unique": true,                                                   +
                           "Hash Cond": "(store_returns.sr_returned_date_sk = date_dim.d_date_sk)",+
                           "Plans": [                                                              +
                             {                                                                     +
                               "Node Type": "Seq Scan",                                            +
                               "Parent Relationship": "Outer",                                     +
                               "Parallel Aware": true,                                             +
                               "Relation Name": "store_returns",                                   +
                               "Alias": "store_returns",                                           +
                               "Startup Cost": 0.00,                                               +
                               "Total Cost": 5988.98,                                              +
                               "Plan Rows": 119798,                                                +
                               "Plan Width": 18,                                                   +
                               "Actual Startup Time": 0.083,                                       +
                               "Actual Total Time": 21.069,                                        +
                               "Actual Rows": 95838,                                               +
                               "Actual Loops": 3                                                   +
                             },                                                                    +
                             {                                                                     +
                               "Node Type": "Hash",                                                +
                               "Parent Relationship": "Inner",                                     +
                               "Parallel Aware": true,                                             +
                               "Startup Cost": 1942.12,                                            +
                               "Total Cost": 1942.12,                                              +
                               "Plan Rows": 214,                                                   +
                               "Plan Width": 4,                                                    +
                               "Actual Startup Time": 10.793,                                      +
                               "Actual Total Time": 10.794,                                        +
                               "Actual Rows": 122,                                                 +
                               "Actual Loops": 3,                                                  +
                               "Hash Buckets": 1024,                                               +
                               "Original Hash Buckets": 1024,                                      +
                               "Hash Batches": 1,                                                  +
                               "Original Hash Batches": 1,                                         +
                               "Peak Memory Usage": 104,                                           +
                               "Plans": [                                                          +
                                 {                                                                 +
                                   "Node Type": "Seq Scan",                                        +
                                   "Parent Relationship": "Outer",                                 +
                                   "Parallel Aware": true,                                         +
                                   "Relation Name": "date_dim",                                    +
                                   "Alias": "date_dim",                                            +
                                   "Startup Cost": 0.00,                                           +
                                   "Total Cost": 1942.12,                                          +
                                   "Plan Rows": 214,                                               +
                                   "Plan Width": 4,                                                +
                                   "Actual Startup Time": 5.896,                                   +
                                   "Actual Total Time": 10.597,                                    +
                                   "Actual Rows": 122,                                             +
                                   "Actual Loops": 3,                                              +
                                   "Filter": "(d_year = 2000)",                                    +
                                   "Rows Removed by Filter": 24228                                 +
                                 }                                                                 +
                               ]                                                                   +
                             }                                                                     +
                           ]                                                                       +
                         }                                                                         +
                       ]                                                                           +
                     }                                                                             +
                   ]                                                                               +
                 }                                                                                 +
               ]                                                                                   +
             }                                                                                     +
           ]                                                                                       +
         },                                                                                        +
         {                                                                                         +
           "Node Type": "Sort",                                                                    +
           "Parent Relationship": "Outer",                                                         +
           "Parallel Aware": false,                                                                +
           "Startup Cost": 43307.23,                                                               +
           "Total Cost": 43307.30,                                                                 +
           "Plan Rows": 28,                                                                        +
           "Plan Width": 17,                                                                       +
           "Actual Startup Time": 553671.499,                                                      +
           "Actual Total Time": 553671.514,                                                        +
           "Actual Rows": 100,                                                                     +
           "Actual Loops": 1,                                                                      +
           "Sort Key": ["customer.c_customer_id"],                                                 +
           "Sort Method": "top-N heapsort",                                                        +
           "Sort Space Used": 37,                                                                  +
           "Sort Space Type": "Memory",                                                            +
           "Plans": [                                                                              +
             {                                                                                     +
               "Node Type": "Nested Loop",                                                         +
               "Parent Relationship": "Outer",                                                     +
               "Parallel Aware": false,                                                            +
               "Join Type": "Inner",                                                               +
               "Startup Cost": 0.29,                                                               +
               "Total Cost": 43306.56,                                                             +
               "Plan Rows": 28,                                                                    +
               "Plan Width": 17,                                                                   +
               "Actual Startup Time": 260.613,                                                     +
               "Actual Total Time": 553551.837,                                                    +
               "Actual Rows": 18976,                                                               +
               "Actual Loops": 1,                                                                  +
               "Inner Unique": true,                                                               +
               "Plans": [                                                                          +
                 {                                                                                 +
                   "Node Type": "Nested Loop",                                                     +
                   "Parent Relationship": "Outer",                                                 +
                   "Parallel Aware": false,                                                        +
                   "Join Type": "Inner",                                                           +
                   "Startup Cost": 0.00,                                                           +
                   "Total Cost": 43133.16,                                                         +
                   "Plan Rows": 28,                                                                +
                   "Plan Width": 4,                                                                +
                   "Actual Startup Time": 260.580,                                                 +
                   "Actual Total Time": 553179.520,                                                +
                   "Actual Rows": 18982,                                                           +
                   "Actual Loops": 1,                                                              +
                   "Inner Unique": true,                                                           +
                   "Join Filter": "(ctr1.ctr_store_sk = store.s_store_sk)",                        +
                   "Rows Removed by Join Filter": 82029,                                           +
                   "Plans": [                                                                      +
                     {                                                                             +
                       "Node Type": "CTE Scan",                                                    +
                       "Parent Relationship": "Outer",                                             +
                       "Parallel Aware": false,                                                    +
                       "CTE Name": "customer_total_return",                                        +
                       "Alias": "ctr1",                                                            +
                       "Startup Cost": 0.00,                                                       +
                       "Total Cost": 43049.30,                                                     +
                       "Plan Rows": 461,                                                           +
                       "Plan Width": 8,                                                            +
                       "Actual Startup Time": 260.537,                                             +
                       "Actual Total Time": 553112.879,                                            +
                       "Actual Rows": 18982,                                                       +
                       "Actual Loops": 1,                                                          +
                       "Filter": "(ctr_total_return > (SubPlan 2))",                               +
                       "Rows Removed by Filter": 31459,                                            +
                       "Plans": [                                                                  +
                         {                                                                         +
                           "Node Type": "Aggregate",                                               +
                           "Strategy": "Plain",                                                    +
                           "Partial Mode": "Simple",                                               +
                           "Parent Relationship": "SubPlan",                                       +
                           "Subplan Name": "SubPlan 2",                                            +
                           "Parallel Aware": false,                                                +
                           "Startup Cost": 31.11,                                                  +
                           "Total Cost": 31.13,                                                    +
                           "Plan Rows": 1,                                                         +
                           "Plan Width": 32,                                                       +
                           "Actual Startup Time": 10.959,                                          +
                           "Actual Total Time": 10.959,                                            +
                           "Actual Rows": 1,                                                       +
                           "Actual Loops": 50441,                                                  +
                           "Plans": [                                                              +
                             {                                                                     +
                               "Node Type": "CTE Scan",                                            +
                               "Parent Relationship": "Outer",                                     +
                               "Parallel Aware": false,                                            +
                               "CTE Name": "customer_total_return",                                +
                               "Alias": "ctr2",                                                    +
                               "Startup Cost": 0.00,                                               +
                               "Total Cost": 31.09,                                                +
                               "Plan Rows": 7,                                                     +
                               "Plan Width": 32,                                                   +
                               "Actual Startup Time": 0.077,                                       +
                               "Actual Total Time": 8.827,                                         +
                               "Actual Rows": 8241,                                                +
                               "Actual Loops": 50441,                                              +
                               "Filter": "(ctr1.ctr_store_sk = ctr_store_sk)",                     +
                               "Rows Removed by Filter": 42200                                     +
                             }                                                                     +
                           ]                                                                       +
                         }                                                                         +
                       ]                                                                           +
                     },                                                                            +
                     {                                                                             +
                       "Node Type": "Materialize",                                                 +
                       "Parent Relationship": "Inner",                                             +
                       "Parallel Aware": false,                                                    +
                       "Startup Cost": 0.00,                                                       +
                       "Total Cost": 1.21,                                                         +
                       "Plan Rows": 12,                                                            +
                       "Plan Width": 4,                                                            +
                       "Actual Startup Time": 0.000,                                               +
                       "Actual Total Time": 0.001,                                                 +
                       "Actual Rows": 5,                                                           +
                       "Actual Loops": 18982,                                                      +
                       "Plans": [                                                                  +
                         {                                                                         +
                           "Node Type": "Seq Scan",                                                +
                           "Parent Relationship": "Outer",                                         +
                           "Parallel Aware": false,                                                +
                           "Relation Name": "store",                                               +
                           "Alias": "store",                                                       +
                           "Startup Cost": 0.00,                                                   +
                           "Total Cost": 1.15,                                                     +
                           "Plan Rows": 12,                                                        +
                           "Plan Width": 4,                                                        +
                           "Actual Startup Time": 0.022,                                           +
                           "Actual Total Time": 0.027,                                             +
                           "Actual Rows": 10,                                                      +
                           "Actual Loops": 1,                                                      +
                           "Filter": "(s_state = 'TN'::bpchar)",                                   +
                           "Rows Removed by Filter": 0                                             +
                         }                                                                         +
                       ]                                                                           +
                     }                                                                             +
                   ]                                                                               +
                 },                                                                                +
                 {                                                                                 +
                   "Node Type": "Index Scan",                                                      +
                   "Parent Relationship": "Inner",                                                 +
                   "Parallel Aware": false,                                                        +
                   "Scan Direction": "Forward",                                                    +
                   "Index Name": "customer_pkey",                                                  +
                   "Relation Name": "customer",                                                    +
                   "Alias": "customer",                                                            +
                   "Startup Cost": 0.29,                                                           +
                   "Total Cost": 6.19,                                                             +
                   "Plan Rows": 1,                                                                 +
                   "Plan Width": 21,                                                               +
                   "Actual Startup Time": 0.016,                                                   +
                   "Actual Total Time": 0.016,                                                     +
                   "Actual Rows": 1,                                                               +
                   "Actual Loops": 18982,                                                          +
                   "Index Cond": "(c_customer_sk = ctr1.ctr_customer_sk)",                         +
                   "Rows Removed by Index Recheck": 0                                              +
                 }                                                                                 +
               ]                                                                                   +
             }                                                                                     +
           ]                                                                                       +
         }                                                                                         +
       ]                                                                                           +
     },                                                                                            +
     "Planning Time": 2.917,                                                                       +
     "Triggers": [                                                                                 +
     ],                                                                                            +
     "Execution Time": 553680.098                                                                  +
   }                                                                                               +
 ]
(1 row)

