[
  {
    "Plan": {
      "Node Type": "Limit",
      "Parallel Aware": false,
      "Startup Cost": 95499.96,
      "Total Cost": 95500.21,
      "Plan Rows": 100,
      "Plan Width": 170,
      "Actual Startup Time": 1646.737,
      "Actual Total Time": 1646.764,
      "Actual Rows": 100,
      "Actual Loops": 1,
      "Plans": [
        {
          "Node Type": "Sort",
          "Parent Relationship": "Outer",
          "Parallel Aware": false,
          "Startup Cost": 95499.96,
          "Total Cost": 95501.42,
          "Plan Rows": 581,
          "Plan Width": 170,
          "Actual Startup Time": 1646.735,
          "Actual Total Time": 1646.744,
          "Actual Rows": 100,
          "Actual Loops": 1,
          "Sort Key": ["customer.c_last_name", "store_sales.ss_ticket_number"],
          "Sort Method": "top-N heapsort",
          "Sort Space Used": 48,
          "Sort Space Type": "Memory",
          "Plans": [
            {
              "Node Type": "Nested Loop",
              "Parent Relationship": "Outer",
              "Parallel Aware": false,
              "Join Type": "Inner",
              "Startup Cost": 91843.49,
              "Total Cost": 95477.76,
              "Plan Rows": 581,
              "Plan Width": 170,
              "Actual Startup Time": 1569.561,
              "Actual Total Time": 1638.342,
              "Actual Rows": 2241,
              "Actual Loops": 1,
              "Inner Unique": true,
              "Join Filter": "((current_addr.ca_city)::text <> (customer_address.ca_city)::text)",
              "Rows Removed by Join Filter": 156,
              "Plans": [
                {
                  "Node Type": "Nested Loop",
                  "Parent Relationship": "Outer",
                  "Parallel Aware": false,
                  "Join Type": "Inner",
                  "Startup Cost": 91843.20,
                  "Total Cost": 95262.98,
                  "Plan Rows": 582,
                  "Plan Width": 165,
                  "Actual Startup Time": 1569.550,
                  "Actual Total Time": 1624.639,
                  "Actual Rows": 2397,
                  "Actual Loops": 1,
                  "Inner Unique": true,
                  "Plans": [
                    {
                      "Node Type": "Aggregate",
                      "Strategy": "Sorted",
                      "Partial Mode": "Simple",
                      "Parent Relationship": "Outer",
                      "Parallel Aware": false,
                      "Startup Cost": 91842.91,
                      "Total Cost": 91864.74,
                      "Plan Rows": 582,
                      "Plan Width": 117,
                      "Actual Startup Time": 1569.502,
                      "Actual Total Time": 1599.592,
                      "Actual Rows": 2477,
                      "Actual Loops": 1,
                      "Group Key": ["store_sales.ss_ticket_number", "store_sales.ss_customer_sk", "store_sales.ss_addr_sk", "customer_address.ca_city"],
                      "Plans": [
                        {
                          "Node Type": "Sort",
                          "Parent Relationship": "Outer",
                          "Parallel Aware": false,
                          "Startup Cost": 91842.91,
                          "Total Cost": 91844.37,
                          "Plan Rows": 582,
                          "Plan Width": 40,
                          "Actual Startup Time": 1569.475,
                          "Actual Total Time": 1572.103,
                          "Actual Rows": 26669,
                          "Actual Loops": 1,
                          "Sort Key": ["store_sales.ss_ticket_number", "store_sales.ss_customer_sk", "store_sales.ss_addr_sk", "customer_address.ca_city"],
                          "Sort Method": "quicksort",
                          "Sort Space Used": 2999,
                          "Sort Space Type": "Memory",
                          "Plans": [
                            {
                              "Node Type": "Nested Loop",
                              "Parent Relationship": "Outer",
                              "Parallel Aware": false,
                              "Join Type": "Inner",
                              "Startup Cost": 2777.43,
                              "Total Cost": 91816.18,
                              "Plan Rows": 582,
                              "Plan Width": 40,
                              "Actual Startup Time": 26.146,
                              "Actual Total Time": 1541.651,
                              "Actual Rows": 26669,
                              "Actual Loops": 1,
                              "Inner Unique": true,
                              "Plans": [
                                {
                                  "Node Type": "Nested Loop",
                                  "Parent Relationship": "Outer",
                                  "Parallel Aware": false,
                                  "Join Type": "Inner",
                                  "Startup Cost": 2777.14,
                                  "Total Cost": 91627.57,
                                  "Plan Rows": 610,
                                  "Plan Width": 31,
                                  "Actual Startup Time": 26.121,
                                  "Actual Total Time": 1449.374,
                                  "Actual Rows": 26834,
                                  "Actual Loops": 1,
                                  "Inner Unique": true,
                                  "Plans": [
                                    {
                                      "Node Type": "Hash Join",
                                      "Parent Relationship": "Outer",
                                      "Parallel Aware": false,
                                      "Join Type": "Inner",
                                      "Startup Cost": 2776.86,
                                      "Total Cost": 90848.33,
                                      "Plan Rows": 2554,
                                      "Plan Width": 35,
                                      "Actual Startup Time": 25.791,
                                      "Actual Total Time": 1129.639,
                                      "Actual Rows": 106118,
                                      "Actual Loops": 1,
                                      "Inner Unique": true,
                                      "Hash Cond": "(store_sales.ss_store_sk = store.s_store_sk)",
                                      "Plans": [
                                        {
                                          "Node Type": "Hash Join",
                                          "Parent Relationship": "Outer",
                                          "Parallel Aware": false,
                                          "Join Type": "Inner",
                                          "Startup Cost": 2775.56,
                                          "Total Cost": 90837.65,
                                          "Plan Rows": 2673,
                                          "Plan Width": 39,
                                          "Actual Startup Time": 25.750,
                                          "Actual Total Time": 1081.833,
                                          "Actual Rows": 108678,
                                          "Actual Loops": 1,
                                          "Inner Unique": true,
                                          "Hash Cond": "(store_sales.ss_sold_date_sk = date_dim.d_date_sk)",
                                          "Plans": [
                                            {
                                              "Node Type": "Seq Scan",
                                              "Parent Relationship": "Outer",
                                              "Parallel Aware": false,
                                              "Relation Name": "store_sales",
                                              "Alias": "store_sales",
                                              "Startup Cost": 0.00,
                                              "Total Cost": 80500.49,
                                              "Plan Rows": 2880449,
                                              "Plan Width": 43,
                                              "Actual Startup Time": 0.031,
                                              "Actual Total Time": 540.425,
                                              "Actual Rows": 2880404,
                                              "Actual Loops": 1
                                            },
                                            {
                                              "Node Type": "Hash",
                                              "Parent Relationship": "Inner",
                                              "Parallel Aware": false,
                                              "Startup Cost": 2774.67,
                                              "Total Cost": 2774.67,
                                              "Plan Rows": 71,
                                              "Plan Width": 4,
                                              "Actual Startup Time": 25.588,
                                              "Actual Total Time": 25.588,
                                              "Actual Rows": 72,
                                              "Actual Loops": 1,
                                              "Hash Buckets": 1024,
                                              "Original Hash Buckets": 1024,
                                              "Hash Batches": 1,
                                              "Original Hash Batches": 1,
                                              "Peak Memory Usage": 11,
                                              "Plans": [
                                                {
                                                  "Node Type": "Seq Scan",
                                                  "Parent Relationship": "Outer",
                                                  "Parallel Aware": false,
                                                  "Relation Name": "date_dim",
                                                  "Alias": "date_dim",
                                                  "Startup Cost": 0.00,
                                                  "Total Cost": 2774.67,
                                                  "Plan Rows": 71,
                                                  "Plan Width": 4,
                                                  "Actual Startup Time": 11.782,
                                                  "Actual Total Time": 25.555,
                                                  "Actual Rows": 72,
                                                  "Actual Loops": 1,
                                                  "Filter": "((d_dom >= 1) AND (d_dom <= 2) AND (d_year = ANY ('{1999,2000,2001}'::integer[])))",
                                                  "Rows Removed by Filter": 72977
                                                }
                                              ]
                                            }
                                          ]
                                        },
                                        {
                                          "Node Type": "Hash",
                                          "Parent Relationship": "Inner",
                                          "Parallel Aware": false,
                                          "Startup Cost": 1.15,
                                          "Total Cost": 1.15,
                                          "Plan Rows": 12,
                                          "Plan Width": 4,
                                          "Actual Startup Time": 0.033,
                                          "Actual Total Time": 0.033,
                                          "Actual Rows": 12,
                                          "Actual Loops": 1,
                                          "Hash Buckets": 1024,
                                          "Original Hash Buckets": 1024,
                                          "Hash Batches": 1,
                                          "Original Hash Batches": 1,
                                          "Peak Memory Usage": 9,
                                          "Plans": [
                                            {
                                              "Node Type": "Seq Scan",
                                              "Parent Relationship": "Outer",
                                              "Parallel Aware": false,
                                              "Relation Name": "store",
                                              "Alias": "store",
                                              "Startup Cost": 0.00,
                                              "Total Cost": 1.15,
                                              "Plan Rows": 12,
                                              "Plan Width": 4,
                                              "Actual Startup Time": 0.015,
                                              "Actual Total Time": 0.026,
                                              "Actual Rows": 12,
                                              "Actual Loops": 1,
                                              "Filter": "((s_city)::text = ANY ('{Fairview,Midway}'::text[]))",
                                              "Rows Removed by Filter": 0
                                            }
                                          ]
                                        }
                                      ]
                                    },
                                    {
                                      "Node Type": "Index Scan",
                                      "Parent Relationship": "Inner",
                                      "Parallel Aware": false,
                                      "Scan Direction": "Forward",
                                      "Index Name": "household_demographics_pkey",
                                      "Relation Name": "household_demographics",
                                      "Alias": "household_demographics",
                                      "Startup Cost": 0.28,
                                      "Total Cost": 0.31,
                                      "Plan Rows": 1,
                                      "Plan Width": 4,
                                      "Actual Startup Time": 0.002,
                                      "Actual Total Time": 0.002,
                                      "Actual Rows": 0,
                                      "Actual Loops": 106118,
                                      "Index Cond": "(hd_demo_sk = store_sales.ss_hdemo_sk)",
                                      "Rows Removed by Index Recheck": 0,
                                      "Filter": "((hd_dep_count = 7) OR (hd_vehicle_count = 1))",
                                      "Rows Removed by Filter": 1
                                    }
                                  ]
                                },
                                {
                                  "Node Type": "Index Scan",
                                  "Parent Relationship": "Inner",
                                  "Parallel Aware": false,
                                  "Scan Direction": "Forward",
                                  "Index Name": "customer_address_pkey",
                                  "Relation Name": "customer_address",
                                  "Alias": "customer_address",
                                  "Startup Cost": 0.29,
                                  "Total Cost": 0.31,
                                  "Plan Rows": 1,
                                  "Plan Width": 13,
                                  "Actual Startup Time": 0.003,
                                  "Actual Total Time": 0.003,
                                  "Actual Rows": 1,
                                  "Actual Loops": 26834,
                                  "Index Cond": "(ca_address_sk = store_sales.ss_addr_sk)",
                                  "Rows Removed by Index Recheck": 0
                                }
                              ]
                            }
                          ]
                        }
                      ]
                    },
                    {
                      "Node Type": "Index Scan",
                      "Parent Relationship": "Inner",
                      "Parallel Aware": false,
                      "Scan Direction": "Forward",
                      "Index Name": "customer_pkey",
                      "Relation Name": "customer",
                      "Alias": "customer",
                      "Startup Cost": 0.29,
                      "Total Cost": 5.83,
                      "Plan Rows": 1,
                      "Plan Width": 60,
                      "Actual Startup Time": 0.009,
                      "Actual Total Time": 0.009,
                      "Actual Rows": 1,
                      "Actual Loops": 2477,
                      "Index Cond": "(c_customer_sk = store_sales.ss_customer_sk)",
                      "Rows Removed by Index Recheck": 0
                    }
                  ]
                },
                {
                  "Node Type": "Index Scan",
                  "Parent Relationship": "Inner",
                  "Parallel Aware": false,
                  "Scan Direction": "Forward",
                  "Index Name": "customer_address_pkey",
                  "Relation Name": "customer_address",
                  "Alias": "current_addr",
                  "Startup Cost": 0.29,
                  "Total Cost": 0.36,
                  "Plan Rows": 1,
                  "Plan Width": 13,
                  "Actual Startup Time": 0.004,
                  "Actual Total Time": 0.004,
                  "Actual Rows": 1,
                  "Actual Loops": 2397,
                  "Index Cond": "(ca_address_sk = customer.c_current_addr_sk)",
                  "Rows Removed by Index Recheck": 0
                }
              ]
            }
          ]
        }
      ]
    },
    "Planning Time": 1.657,
    "Triggers": [
    ],
    "Execution Time": 1646.980
  }
]
SET
