[
  {
    "Plan": {
      "Node Type": "Limit",
      "Parallel Aware": false,
      "Startup Cost": 61753.91,
      "Total Cost": 61757.41,
      "Plan Rows": 100,
      "Plan Width": 145,
      "Actual Startup Time": 4250.959,
      "Actual Total Time": 4251.412,
      "Actual Rows": 100,
      "Actual Loops": 1,
      "Plans": [
        {
          "Node Type": "Aggregate",
          "Strategy": "Sorted",
          "Partial Mode": "Simple",
          "Parent Relationship": "Outer",
          "Parallel Aware": false,
          "Startup Cost": 61753.91,
          "Total Cost": 61757.48,
          "Plan Rows": 102,
          "Plan Width": 145,
          "Actual Startup Time": 4250.957,
          "Actual Total Time": 4251.393,
          "Actual Rows": 100,
          "Actual Loops": 1,
          "Group Key": ["item.i_item_id"],
          "Plans": [
            {
              "Node Type": "Sort",
              "Parent Relationship": "Outer",
              "Parallel Aware": false,
              "Startup Cost": 61753.91,
              "Total Cost": 61754.17,
              "Plan Rows": 102,
              "Plan Width": 36,
              "Actual Startup Time": 4250.937,
              "Actual Total Time": 4250.950,
              "Actual Rows": 125,
              "Actual Loops": 1,
              "Sort Key": ["item.i_item_id"],
              "Sort Method": "quicksort",
              "Sort Space Used": 400,
              "Sort Space Type": "Memory",
              "Plans": [
                {
                  "Node Type": "Nested Loop",
                  "Parent Relationship": "Outer",
                  "Parallel Aware": false,
                  "Join Type": "Inner",
                  "Startup Cost": 2323.53,
                  "Total Cost": 61750.51,
                  "Plan Rows": 102,
                  "Plan Width": 36,
                  "Actual Startup Time": 36.237,
                  "Actual Total Time": 4208.801,
                  "Actual Rows": 3884,
                  "Actual Loops": 1,
                  "Inner Unique": true,
                  "Plans": [
                    {
                      "Node Type": "Nested Loop",
                      "Parent Relationship": "Outer",
                      "Parallel Aware": false,
                      "Join Type": "Inner",
                      "Startup Cost": 2323.38,
                      "Total Cost": 61733.17,
                      "Plan Rows": 102,
                      "Plan Width": 40,
                      "Actual Startup Time": 35.954,
                      "Actual Total Time": 4192.001,
                      "Actual Rows": 3902,
                      "Actual Loops": 1,
                      "Inner Unique": true,
                      "Plans": [
                        {
                          "Node Type": "Nested Loop",
                          "Parent Relationship": "Outer",
                          "Parallel Aware": false,
                          "Join Type": "Inner",
                          "Startup Cost": 2323.09,
                          "Total Cost": 61701.69,
                          "Plan Rows": 102,
                          "Plan Width": 27,
                          "Actual Startup Time": 35.930,
                          "Actual Total Time": 4156.846,
                          "Actual Rows": 3902,
                          "Actual Loops": 1,
                          "Inner Unique": true,
                          "Plans": [
                            {
                              "Node Type": "Hash Join",
                              "Parent Relationship": "Outer",
                              "Parallel Aware": false,
                              "Join Type": "Inner",
                              "Startup Cost": 2322.66,
                              "Total Cost": 57929.32,
                              "Plan Rows": 7149,
                              "Plan Width": 31,
                              "Actual Startup Time": 22.833,
                              "Actual Total Time": 817.381,
                              "Actual Rows": 285688,
                              "Actual Loops": 1,
                              "Inner Unique": true,
                              "Hash Cond": "(catalog_sales.cs_sold_date_sk = date_dim.d_date_sk)",
                              "Plans": [
                                {
                                  "Node Type": "Seq Scan",
                                  "Parent Relationship": "Outer",
                                  "Parallel Aware": false,
                                  "Relation Name": "catalog_sales",
                                  "Alias": "catalog_sales",
                                  "Startup Cost": 0.00,
                                  "Total Cost": 51821.98,
                                  "Plan Rows": 1441698,
                                  "Plan Width": 35,
                                  "Actual Startup Time": 0.019,
                                  "Actual Total Time": 361.816,
                                  "Actual Rows": 1441548,
                                  "Actual Loops": 1
                                },
                                {
                                  "Node Type": "Hash",
                                  "Parent Relationship": "Inner",
                                  "Parallel Aware": false,
                                  "Startup Cost": 2318.11,
                                  "Total Cost": 2318.11,
                                  "Plan Rows": 364,
                                  "Plan Width": 4,
                                  "Actual Startup Time": 22.801,
                                  "Actual Total Time": 22.802,
                                  "Actual Rows": 365,
                                  "Actual Loops": 1,
                                  "Hash Buckets": 1024,
                                  "Original Hash Buckets": 1024,
                                  "Hash Batches": 1,
                                  "Original Hash Batches": 1,
                                  "Peak Memory Usage": 21,
                                  "Plans": [
                                    {
                                      "Node Type": "Seq Scan",
                                      "Parent Relationship": "Outer",
                                      "Parallel Aware": false,
                                      "Relation Name": "date_dim",
                                      "Alias": "date_dim",
                                      "Startup Cost": 0.00,
                                      "Total Cost": 2318.11,
                                      "Plan Rows": 364,
                                      "Plan Width": 4,
                                      "Actual Startup Time": 11.303,
                                      "Actual Total Time": 22.695,
                                      "Actual Rows": 365,
                                      "Actual Loops": 1,
                                      "Filter": "(d_year = 1998)",
                                      "Rows Removed by Filter": 72684
                                    }
                                  ]
                                }
                              ]
                            },
                            {
                              "Node Type": "Index Scan",
                              "Parent Relationship": "Inner",
                              "Parallel Aware": false,
                              "Scan Direction": "Forward",
                              "Index Name": "customer_demographics_pkey",
                              "Relation Name": "customer_demographics",
                              "Alias": "customer_demographics",
                              "Startup Cost": 0.43,
                              "Total Cost": 0.53,
                              "Plan Rows": 1,
                              "Plan Width": 4,
                              "Actual Startup Time": 0.011,
                              "Actual Total Time": 0.011,
                              "Actual Rows": 0,
                              "Actual Loops": 285688,
                              "Index Cond": "(cd_demo_sk = catalog_sales.cs_bill_cdemo_sk)",
                              "Rows Removed by Index Recheck": 0,
                              "Filter": "((cd_gender = 'M'::bpchar) AND (cd_marital_status = 'U'::bpchar) AND (cd_education_status = '4 yr Degree'::bpchar))",
                              "Rows Removed by Filter": 1
                            }
                          ]
                        },
                        {
                          "Node Type": "Index Scan",
                          "Parent Relationship": "Inner",
                          "Parallel Aware": false,
                          "Scan Direction": "Forward",
                          "Index Name": "item_pkey",
                          "Relation Name": "item",
                          "Alias": "item",
                          "Startup Cost": 0.29,
                          "Total Cost": 0.31,
                          "Plan Rows": 1,
                          "Plan Width": 21,
                          "Actual Startup Time": 0.008,
                          "Actual Total Time": 0.008,
                          "Actual Rows": 1,
                          "Actual Loops": 3902,
                          "Index Cond": "(i_item_sk = catalog_sales.cs_item_sk)",
                          "Rows Removed by Index Recheck": 0
                        }
                      ]
                    },
                    {
                      "Node Type": "Index Scan",
                      "Parent Relationship": "Inner",
                      "Parallel Aware": false,
                      "Scan Direction": "Forward",
                      "Index Name": "promotion_pkey",
                      "Relation Name": "promotion",
                      "Alias": "promotion",
                      "Startup Cost": 0.15,
                      "Total Cost": 0.17,
                      "Plan Rows": 1,
                      "Plan Width": 4,
                      "Actual Startup Time": 0.003,
                      "Actual Total Time": 0.003,
                      "Actual Rows": 1,
                      "Actual Loops": 3902,
                      "Index Cond": "(p_promo_sk = catalog_sales.cs_promo_sk)",
                      "Rows Removed by Index Recheck": 0,
                      "Filter": "((p_channel_email = 'N'::bpchar) OR (p_channel_event = 'N'::bpchar))",
                      "Rows Removed by Filter": 0
                    }
                  ]
                }
              ]
            }
          ]
        }
      ]
    },
    "Planning Time": 3.790,
    "Triggers": [
    ],
    "Execution Time": 4251.561
  }
]
SET
