[
  {
    "Plan": {
      "Node Type": "Limit",
      "Parallel Aware": false,
      "Startup Cost": 12212.56,
      "Total Cost": 12212.66,
      "Plan Rows": 1,
      "Plan Width": 434,
      "Actual Startup Time": 15412.638,
      "Actual Total Time": 15412.639,
      "Actual Rows": 1,
      "Actual Loops": 1,
      "Plans": [
        {
          "Node Type": "Aggregate",
          "Strategy": "Sorted",
          "Partial Mode": "Simple",
          "Parent Relationship": "Outer",
          "Parallel Aware": false,
          "Startup Cost": 12212.56,
          "Total Cost": 12212.66,
          "Plan Rows": 1,
          "Plan Width": 434,
          "Actual Startup Time": 15412.637,
          "Actual Total Time": 15412.637,
          "Actual Rows": 1,
          "Actual Loops": 1,
          "Group Key": ["item.i_item_id", "item.i_item_desc", "store.s_state"],
          "Plans": [
            {
              "Node Type": "Sort",
              "Parent Relationship": "Outer",
              "Parallel Aware": false,
              "Startup Cost": 12212.56,
              "Total Cost": 12212.57,
              "Plan Rows": 1,
              "Plan Width": 134,
              "Actual Startup Time": 15412.609,
              "Actual Total Time": 15412.609,
              "Actual Rows": 1,
              "Actual Loops": 1,
              "Sort Key": ["item.i_item_id", "item.i_item_desc", "store.s_state"],
              "Sort Method": "quicksort",
              "Sort Space Used": 25,
              "Sort Space Type": "Memory",
              "Plans": [
                {
                  "Node Type": "Nested Loop",
                  "Parent Relationship": "Outer",
                  "Parallel Aware": false,
                  "Join Type": "Inner",
                  "Startup Cost": 2414.57,
                  "Total Cost": 12212.55,
                  "Plan Rows": 1,
                  "Plan Width": 134,
                  "Actual Startup Time": 11935.703,
                  "Actual Total Time": 15412.596,
                  "Actual Rows": 1,
                  "Actual Loops": 1,
                  "Inner Unique": true,
                  "Plans": [
                    {
                      "Node Type": "Nested Loop",
                      "Parent Relationship": "Outer",
                      "Parallel Aware": false,
                      "Join Type": "Inner",
                      "Startup Cost": 2414.28,
                      "Total Cost": 12212.25,
                      "Plan Rows": 1,
                      "Plan Width": 27,
                      "Actual Startup Time": 11929.835,
                      "Actual Total Time": 15406.727,
                      "Actual Rows": 1,
                      "Actual Loops": 1,
                      "Inner Unique": true,
                      "Join Filter": "(store_sales.ss_store_sk = store.s_store_sk)",
                      "Rows Removed by Join Filter": 9,
                      "Plans": [
                        {
                          "Node Type": "Nested Loop",
                          "Parent Relationship": "Outer",
                          "Parallel Aware": false,
                          "Join Type": "Inner",
                          "Startup Cost": 2414.28,
                          "Total Cost": 12210.98,
                          "Plan Rows": 1,
                          "Plan Width": 28,
                          "Actual Startup Time": 11929.812,
                          "Actual Total Time": 15406.703,
                          "Actual Rows": 1,
                          "Actual Loops": 1,
                          "Inner Unique": true,
                          "Plans": [
                            {
                              "Node Type": "Nested Loop",
                              "Parent Relationship": "Outer",
                              "Parallel Aware": false,
                              "Join Type": "Inner",
                              "Startup Cost": 2413.99,
                              "Total Cost": 12210.66,
                              "Plan Rows": 1,
                              "Plan Width": 32,
                              "Actual Startup Time": 59.209,
                              "Actual Total Time": 15395.125,
                              "Actual Rows": 7,
                              "Actual Loops": 1,
                              "Inner Unique": true,
                              "Plans": [
                                {
                                  "Node Type": "Nested Loop",
                                  "Parent Relationship": "Outer",
                                  "Parallel Aware": false,
                                  "Join Type": "Inner",
                                  "Startup Cost": 2413.69,
                                  "Total Cost": 12210.34,
                                  "Plan Rows": 1,
                                  "Plan Width": 36,
                                  "Actual Startup Time": 59.181,
                                  "Actual Total Time": 15382.834,
                                  "Actual Rows": 27,
                                  "Actual Loops": 1,
                                  "Inner Unique": false,
                                  "Plans": [
                                    {
                                      "Node Type": "Nested Loop",
                                      "Parent Relationship": "Outer",
                                      "Parallel Aware": false,
                                      "Join Type": "Inner",
                                      "Startup Cost": 2413.27,
                                      "Total Cost": 12208.09,
                                      "Plan Rows": 1,
                                      "Plan Width": 32,
                                      "Actual Startup Time": 33.921,
                                      "Actual Total Time": 997.038,
                                      "Actual Rows": 30265,
                                      "Actual Loops": 1,
                                      "Inner Unique": true,
                                      "Plans": [
                                        {
                                          "Node Type": "Hash Join",
                                          "Parent Relationship": "Outer",
                                          "Parallel Aware": false,
                                          "Join Type": "Inner",
                                          "Startup Cost": 2412.84,
                                          "Total Cost": 10833.74,
                                          "Plan Rows": 1036,
                                          "Plan Width": 16,
                                          "Actual Startup Time": 33.876,
                                          "Actual Total Time": 247.323,
                                          "Actual Rows": 40672,
                                          "Actual Loops": 1,
                                          "Inner Unique": true,
                                          "Hash Cond": "(store_returns.sr_returned_date_sk = d2.d_date_sk)",
                                          "Plans": [
                                            {
                                              "Node Type": "Seq Scan",
                                              "Parent Relationship": "Outer",
                                              "Parallel Aware": false,
                                              "Relation Name": "store_returns",
                                              "Alias": "store_returns",
                                              "Startup Cost": 0.00,
                                              "Total Cost": 7666.14,
                                              "Plan Rows": 287514,
                                              "Plan Width": 20,
                                              "Actual Startup Time": 0.357,
                                              "Actual Total Time": 89.908,
                                              "Actual Rows": 287514,
                                              "Actual Loops": 1
                                            },
                                            {
                                              "Node Type": "Hash",
                                              "Parent Relationship": "Inner",
                                              "Parallel Aware": false,
                                              "Startup Cost": 2409.42,
                                              "Total Cost": 2409.42,
                                              "Plan Rows": 273,
                                              "Plan Width": 4,
                                              "Actual Startup Time": 33.504,
                                              "Actual Total Time": 33.504,
                                              "Actual Rows": 274,
                                              "Actual Loops": 1,
                                              "Hash Buckets": 1024,
                                              "Original Hash Buckets": 1024,
                                              "Hash Batches": 1,
                                              "Original Hash Batches": 1,
                                              "Peak Memory Usage": 18,
                                              "Plans": [
                                                {
                                                  "Node Type": "Seq Scan",
                                                  "Parent Relationship": "Outer",
                                                  "Parallel Aware": false,
                                                  "Relation Name": "date_dim",
                                                  "Alias": "d2",
                                                  "Startup Cost": 0.00,
                                                  "Total Cost": 2409.42,
                                                  "Plan Rows": 273,
                                                  "Plan Width": 4,
                                                  "Actual Startup Time": 17.249,
                                                  "Actual Total Time": 33.423,
                                                  "Actual Rows": 274,
                                                  "Actual Loops": 1,
                                                  "Filter": "(d_quarter_name = ANY ('{2000Q1,2000Q2,2000Q3}'::bpchar[]))",
                                                  "Rows Removed by Filter": 72775
                                                }
                                              ]
                                            }
                                          ]
                                        },
                                        {
                                          "Node Type": "Index Scan",
                                          "Parent Relationship": "Inner",
                                          "Parallel Aware": false,
                                          "Scan Direction": "Forward",
                                          "Index Name": "store_sales_pkey",
                                          "Relation Name": "store_sales",
                                          "Alias": "store_sales",
                                          "Startup Cost": 0.43,
                                          "Total Cost": 1.32,
                                          "Plan Rows": 1,
                                          "Plan Width": 24,
                                          "Actual Startup Time": 0.017,
                                          "Actual Total Time": 0.017,
                                          "Actual Rows": 1,
                                          "Actual Loops": 40672,
                                          "Index Cond": "((ss_item_sk = store_returns.sr_item_sk) AND (ss_ticket_number = store_returns.sr_ticket_number))",
                                          "Rows Removed by Index Recheck": 0,
                                          "Filter": "(store_returns.sr_customer_sk = ss_customer_sk)",
                                          "Rows Removed by Filter": 0
                                        }
                                      ]
                                    },
                                    {
                                      "Node Type": "Index Scan",
                                      "Parent Relationship": "Inner",
                                      "Parallel Aware": false,
                                      "Scan Direction": "Forward",
                                      "Index Name": "catalog_sales_pkey",
                                      "Relation Name": "catalog_sales",
                                      "Alias": "catalog_sales",
                                      "Startup Cost": 0.43,
                                      "Total Cost": 2.25,
                                      "Plan Rows": 1,
                                      "Plan Width": 16,
                                      "Actual Startup Time": 0.474,
                                      "Actual Total Time": 0.474,
                                      "Actual Rows": 0,
                                      "Actual Loops": 30265,
                                      "Index Cond": "(cs_item_sk = store_sales.ss_item_sk)",
                                      "Rows Removed by Index Recheck": 0,
                                      "Filter": "(store_sales.ss_customer_sk = cs_bill_customer_sk)",
                                      "Rows Removed by Filter": 106
                                    }
                                  ]
                                },
                                {
                                  "Node Type": "Index Scan",
                                  "Parent Relationship": "Inner",
                                  "Parallel Aware": false,
                                  "Scan Direction": "Forward",
                                  "Index Name": "date_dim_pkey",
                                  "Relation Name": "date_dim",
                                  "Alias": "d1",
                                  "Startup Cost": 0.29,
                                  "Total Cost": 0.31,
                                  "Plan Rows": 1,
                                  "Plan Width": 4,
                                  "Actual Startup Time": 0.453,
                                  "Actual Total Time": 0.453,
                                  "Actual Rows": 0,
                                  "Actual Loops": 27,
                                  "Index Cond": "(d_date_sk = store_sales.ss_sold_date_sk)",
                                  "Rows Removed by Index Recheck": 0,
                                  "Filter": "(d_quarter_name = '2000Q1'::bpchar)",
                                  "Rows Removed by Filter": 1
                                }
                              ]
                            },
                            {
                              "Node Type": "Index Scan",
                              "Parent Relationship": "Inner",
                              "Parallel Aware": false,
                              "Scan Direction": "Forward",
                              "Index Name": "date_dim_pkey",
                              "Relation Name": "date_dim",
                              "Alias": "d3",
                              "Startup Cost": 0.29,
                              "Total Cost": 0.32,
                              "Plan Rows": 1,
                              "Plan Width": 4,
                              "Actual Startup Time": 1.652,
                              "Actual Total Time": 1.652,
                              "Actual Rows": 0,
                              "Actual Loops": 7,
                              "Index Cond": "(d_date_sk = catalog_sales.cs_sold_date_sk)",
                              "Rows Removed by Index Recheck": 0,
                              "Filter": "(d_quarter_name = ANY ('{2000Q1,2000Q2,2000Q3}'::bpchar[]))",
                              "Rows Removed by Filter": 1
                            }
                          ]
                        },
                        {
                          "Node Type": "Seq Scan",
                          "Parent Relationship": "Inner",
                          "Parallel Aware": false,
                          "Relation Name": "store",
                          "Alias": "store",
                          "Startup Cost": 0.00,
                          "Total Cost": 1.12,
                          "Plan Rows": 12,
                          "Plan Width": 7,
                          "Actual Startup Time": 0.015,
                          "Actual Total Time": 0.016,
                          "Actual Rows": 10,
                          "Actual Loops": 1
                        }
                      ]
                    },
                    {
                      "Node Type": "Index Scan",
                      "Parent Relationship": "Inner",
                      "Parallel Aware": false,
                      "Scan Direction": "Forward",
                      "Index Name": "item_pkey",
                      "Relation Name": "item",
                      "Alias": "item",
                      "Startup Cost": 0.29,
                      "Total Cost": 0.31,
                      "Plan Rows": 1,
                      "Plan Width": 123,
                      "Actual Startup Time": 5.861,
                      "Actual Total Time": 5.861,
                      "Actual Rows": 1,
                      "Actual Loops": 1,
                      "Index Cond": "(i_item_sk = store_sales.ss_item_sk)",
                      "Rows Removed by Index Recheck": 0
                    }
                  ]
                }
              ]
            }
          ]
        }
      ]
    },
    "Planning Time": 17.341,
    "Triggers": [
    ],
    "Execution Time": 15412.869
  }
]
SET
