[
  {
    "Plan": {
      "Node Type": "Sort",
      "Parallel Aware": false,
      "Startup Cost": 225048.60,
      "Total Cost": 225048.61,
      "Plan Rows": 1,
      "Plan Width": 152,
      "Actual Startup Time": 20959.753,
      "Actual Total Time": 20959.763,
      "Actual Rows": 146,
      "Actual Loops": 1,
      "Sort Key": ["inv1.w_warehouse_sk", "inv1.i_item_sk", "inv1.mean", "inv1.cov", "inv2.mean", "inv2.cov"],
      "Sort Method": "quicksort",
      "Sort Space Used": 45,
      "Sort Space Type": "Memory",
      "Plans": [
        {
          "Node Type": "Subquery Scan",
          "Parent Relationship": "InitPlan",
          "Subplan Name": "CTE inv",
          "Parallel Aware": false,
          "Alias": "foo",
          "Startup Cost": 220801.13,
          "Total Cost": 224166.31,
          "Plan Rows": 19508,
          "Plan Width": 126,
          "Actual Startup Time": 9475.232,
          "Actual Total Time": 20899.414,
          "Actual Rows": 32844,
          "Actual Loops": 1,
          "Plans": [
            {
              "Node Type": "Aggregate",
              "Strategy": "Sorted",
              "Partial Mode": "Simple",
              "Parent Relationship": "Subquery",
              "Parallel Aware": false,
              "Startup Cost": 220801.13,
              "Total Cost": 223873.69,
              "Plan Rows": 19508,
              "Plan Width": 94,
              "Actual Startup Time": 9475.228,
              "Actual Total Time": 20859.924,
              "Actual Rows": 32844,
              "Actual Loops": 1,
              "Group Key": ["warehouse.w_warehouse_sk", "item.i_item_sk", "date_dim.d_moy"],
              "Filter": "(CASE avg(inventory.inv_quantity_on_hand) WHEN '0'::numeric THEN '0'::numeric ELSE (stddev_samp(inventory.inv_quantity_on_hand) / avg(inventory.inv_quantity_on_hand)) END > '1'::numeric)",
              "Rows Removed by Filter": 507156,
              "Plans": [
                {
                  "Node Type": "Sort",
                  "Parent Relationship": "Outer",
                  "Parallel Aware": false,
                  "Startup Cost": 220801.13,
                  "Total Cost": 220947.44,
                  "Plan Rows": 58525,
                  "Plan Width": 34,
                  "Actual Startup Time": 9469.428,
                  "Actual Total Time": 10670.496,
                  "Actual Rows": 2385000,
                  "Actual Loops": 1,
                  "Sort Key": ["warehouse.w_warehouse_sk", "item.i_item_sk", "date_dim.d_moy"],
                  "Sort Method": "external merge",
                  "Sort Space Used": 97472,
                  "Sort Space Type": "Disk",
                  "Plans": [
                    {
                      "Node Type": "Hash Join",
                      "Parent Relationship": "Outer",
                      "Parallel Aware": false,
                      "Join Type": "Inner",
                      "Startup Cost": 3958.78,
                      "Total Cost": 216166.90,
                      "Plan Rows": 58525,
                      "Plan Width": 34,
                      "Actual Startup Time": 30.662,
                      "Actual Total Time": 5823.455,
                      "Actual Rows": 2385000,
                      "Actual Loops": 1,
                      "Inner Unique": true,
                      "Hash Cond": "(inventory.inv_warehouse_sk = warehouse.w_warehouse_sk)",
                      "Plans": [
                        {
                          "Node Type": "Hash Join",
                          "Parent Relationship": "Outer",
                          "Parallel Aware": false,
                          "Join Type": "Inner",
                          "Startup Cost": 3957.66,
                          "Total Cost": 215881.94,
                          "Plan Rows": 58525,
                          "Plan Width": 16,
                          "Actual Startup Time": 30.634,
                          "Actual Total Time": 4950.529,
                          "Actual Rows": 2385000,
                          "Actual Loops": 1,
                          "Inner Unique": true,
                          "Hash Cond": "(inventory.inv_item_sk = item.i_item_sk)",
                          "Plans": [
                            {
                              "Node Type": "Hash Join",
                              "Parent Relationship": "Outer",
                              "Parallel Aware": false,
                              "Join Type": "Inner",
                              "Startup Cost": 2322.66,
                              "Total Cost": 214093.28,
                              "Plan Rows": 58525,
                              "Plan Width": 16,
                              "Actual Startup Time": 18.359,
                              "Actual Total Time": 4014.012,
                              "Actual Rows": 2385000,
                              "Actual Loops": 1,
                              "Inner Unique": true,
                              "Hash Cond": "(inventory.inv_date_sk = date_dim.d_date_sk)",
                              "Plans": [
                                {
                                  "Node Type": "Seq Scan",
                                  "Parent Relationship": "Outer",
                                  "Parallel Aware": false,
                                  "Relation Name": "inventory",
                                  "Alias": "inventory",
                                  "Startup Cost": 0.00,
                                  "Total Cost": 180937.95,
                                  "Plan Rows": 11745095,
                                  "Plan Width": 16,
                                  "Actual Startup Time": 0.015,
                                  "Actual Total Time": 1599.617,
                                  "Actual Rows": 11745000,
                                  "Actual Loops": 1
                                },
                                {
                                  "Node Type": "Hash",
                                  "Parent Relationship": "Inner",
                                  "Parallel Aware": false,
                                  "Startup Cost": 2318.11,
                                  "Total Cost": 2318.11,
                                  "Plan Rows": 364,
                                  "Plan Width": 8,
                                  "Actual Startup Time": 18.330,
                                  "Actual Total Time": 18.330,
                                  "Actual Rows": 365,
                                  "Actual Loops": 1,
                                  "Hash Buckets": 1024,
                                  "Original Hash Buckets": 1024,
                                  "Hash Batches": 1,
                                  "Original Hash Batches": 1,
                                  "Peak Memory Usage": 23,
                                  "Plans": [
                                    {
                                      "Node Type": "Seq Scan",
                                      "Parent Relationship": "Outer",
                                      "Parallel Aware": false,
                                      "Relation Name": "date_dim",
                                      "Alias": "date_dim",
                                      "Startup Cost": 0.00,
                                      "Total Cost": 2318.11,
                                      "Plan Rows": 364,
                                      "Plan Width": 8,
                                      "Actual Startup Time": 8.878,
                                      "Actual Total Time": 18.188,
                                      "Actual Rows": 365,
                                      "Actual Loops": 1,
                                      "Filter": "(d_year = 1998)",
                                      "Rows Removed by Filter": 72684
                                    }
                                  ]
                                }
                              ]
                            },
                            {
                              "Node Type": "Hash",
                              "Parent Relationship": "Inner",
                              "Parallel Aware": false,
                              "Startup Cost": 1410.00,
                              "Total Cost": 1410.00,
                              "Plan Rows": 18000,
                              "Plan Width": 4,
                              "Actual Startup Time": 12.210,
                              "Actual Total Time": 12.210,
                              "Actual Rows": 18000,
                              "Actual Loops": 1,
                              "Hash Buckets": 32768,
                              "Original Hash Buckets": 32768,
                              "Hash Batches": 1,
                              "Original Hash Batches": 1,
                              "Peak Memory Usage": 889,
                              "Plans": [
                                {
                                  "Node Type": "Seq Scan",
                                  "Parent Relationship": "Outer",
                                  "Parallel Aware": false,
                                  "Relation Name": "item",
                                  "Alias": "item",
                                  "Startup Cost": 0.00,
                                  "Total Cost": 1410.00,
                                  "Plan Rows": 18000,
                                  "Plan Width": 4,
                                  "Actual Startup Time": 0.006,
                                  "Actual Total Time": 6.472,
                                  "Actual Rows": 18000,
                                  "Actual Loops": 1
                                }
                              ]
                            }
                          ]
                        },
                        {
                          "Node Type": "Hash",
                          "Parent Relationship": "Inner",
                          "Parallel Aware": false,
                          "Startup Cost": 1.05,
                          "Total Cost": 1.05,
                          "Plan Rows": 5,
                          "Plan Width": 22,
                          "Actual Startup Time": 0.021,
                          "Actual Total Time": 0.021,
                          "Actual Rows": 5,
                          "Actual Loops": 1,
                          "Hash Buckets": 1024,
                          "Original Hash Buckets": 1024,
                          "Hash Batches": 1,
                          "Original Hash Batches": 1,
                          "Peak Memory Usage": 9,
                          "Plans": [
                            {
                              "Node Type": "Seq Scan",
                              "Parent Relationship": "Outer",
                              "Parallel Aware": false,
                              "Relation Name": "warehouse",
                              "Alias": "warehouse",
                              "Startup Cost": 0.00,
                              "Total Cost": 1.05,
                              "Plan Rows": 5,
                              "Plan Width": 22,
                              "Actual Startup Time": 0.013,
                              "Actual Total Time": 0.015,
                              "Actual Rows": 5,
                              "Actual Loops": 1
                            }
                          ]
                        }
                      ]
                    }
                  ]
                }
              ]
            }
          ]
        },
        {
          "Node Type": "Hash Join",
          "Parent Relationship": "Outer",
          "Parallel Aware": false,
          "Join Type": "Inner",
          "Startup Cost": 440.40,
          "Total Cost": 882.28,
          "Plan Rows": 1,
          "Plan Width": 152,
          "Actual Startup Time": 20951.219,
          "Actual Total Time": 20959.659,
          "Actual Rows": 146,
          "Actual Loops": 1,
          "Inner Unique": false,
          "Hash Cond": "((inv1.i_item_sk = inv2.i_item_sk) AND (inv1.w_warehouse_sk = inv2.w_warehouse_sk))",
          "Plans": [
            {
              "Node Type": "CTE Scan",
              "Parent Relationship": "Outer",
              "Parallel Aware": false,
              "CTE Name": "inv",
              "Alias": "inv1",
              "Startup Cost": 0.00,
              "Total Cost": 438.93,
              "Plan Rows": 98,
              "Plan Width": 76,
              "Actual Startup Time": 9478.873,
              "Actual Total Time": 9486.748,
              "Actual Rows": 2160,
              "Actual Loops": 1,
              "Filter": "(d_moy = 4)",
              "Rows Removed by Filter": 30684
            },
            {
              "Node Type": "Hash",
              "Parent Relationship": "Inner",
              "Parallel Aware": false,
              "Startup Cost": 438.93,
              "Total Cost": 438.93,
              "Plan Rows": 98,
              "Plan Width": 76,
              "Actual Startup Time": 11472.286,
              "Actual Total Time": 11472.286,
              "Actual Rows": 3193,
              "Actual Loops": 1,
              "Hash Buckets": 4096,
              "Original Hash Buckets": 1024,
              "Hash Batches": 1,
              "Original Hash Batches": 1,
              "Peak Memory Usage": 233,
              "Plans": [
                {
                  "Node Type": "CTE Scan",
                  "Parent Relationship": "Outer",
                  "Parallel Aware": false,
                  "CTE Name": "inv",
                  "Alias": "inv2",
                  "Startup Cost": 0.00,
                  "Total Cost": 438.93,
                  "Plan Rows": 98,
                  "Plan Width": 76,
                  "Actual Startup Time": 3.242,
                  "Actual Total Time": 11468.166,
                  "Actual Rows": 3193,
                  "Actual Loops": 1,
                  "Filter": "(d_moy = 5)",
                  "Rows Removed by Filter": 29651
                }
              ]
            }
          ]
        }
      ]
    },
    "Planning Time": 2.053,
    "Triggers": [
    ],
    "Execution Time": 21050.542
  }
]