[
  {
    "Plan": {
      "Node Type": "Limit",
      "Parallel Aware": false,
      "Startup Cost": 2339594.50,
      "Total Cost": 2339594.50,
      "Plan Rows": 1,
      "Plan Width": 334,
      "Actual Startup Time": 9321974.917,
      "Actual Total Time": 9321974.919,
      "Actual Rows": 4,
      "Actual Loops": 1,
      "Plans": [
        {
          "Node Type": "Append",
          "Parent Relationship": "InitPlan",
          "Subplan Name": "CTE year_total",
          "Parallel Aware": false,
          "Startup Cost": 430421.18,
          "Total Cost": 1587638.86,
          "Plan Rows": 4773988,
          "Plan Width": 255,
          "Actual Startup Time": 11169.850,
          "Actual Total Time": 28926.038,
          "Actual Rows": 384208,
          "Actual Loops": 1,
          "Plans": [
            {
              "Node Type": "Aggregate",
              "Strategy": "Sorted",
              "Partial Mode": "Finalize",
              "Parent Relationship": "Member",
              "Parallel Aware": false,
              "Startup Cost": 430421.18,
              "Total Cost": 822725.52,
              "Plan Rows": 2627408,
              "Plan Width": 255,
              "Actual Startup Time": 11169.849,
              "Actual Total Time": 16192.151,
              "Actual Rows": 190581,
              "Actual Loops": 1,
              "Group Key": ["customer.c_customer_id", "customer.c_first_name", "customer.c_last_name", "customer.c_preferred_cust_flag", "customer.c_birth_country", "customer.c_login", "customer.c_email_address", "date_dim.d_year"],
              "Plans": [
                {
                  "Node Type": "Gather Merge",
                  "Parent Relationship": "Outer",
                  "Parallel Aware": false,
                  "Startup Cost": 430421.18,
                  "Total Cost": 735145.27,
                  "Plan Rows": 2189506,
                  "Plan Width": 223,
                  "Actual Startup Time": 11169.792,
                  "Actual Total Time": 15716.036,
                  "Actual Rows": 202385,
                  "Actual Loops": 1,
                  "Workers Planned": 2,
                  "Workers Launched": 2,
                  "Plans": [
                    {
                      "Node Type": "Aggregate",
                      "Strategy": "Sorted",
                      "Partial Mode": "Partial",
                      "Parent Relationship": "Outer",
                      "Parallel Aware": false,
                      "Startup Cost": 429421.16,
                      "Total Cost": 481421.93,
                      "Plan Rows": 1094753,
                      "Plan Width": 223,
                      "Actual Startup Time": 11141.699,
                      "Actual Total Time": 15206.186,
                      "Actual Rows": 67462,
                      "Actual Loops": 3,
                      "Group Key": ["customer.c_customer_id", "customer.c_first_name", "customer.c_last_name", "customer.c_preferred_cust_flag", "customer.c_birth_country", "customer.c_login", "customer.c_email_address", "date_dim.d_year"],
                      "Plans": [
                        {
                          "Node Type": "Sort",
                          "Parent Relationship": "Outer",
                          "Parallel Aware": false,
                          "Startup Cost": 429421.16,
                          "Total Cost": 432158.04,
                          "Plan Rows": 1094753,
                          "Plan Width": 213,
                          "Actual Startup Time": 11141.585,
                          "Actual Total Time": 13006.393,
                          "Actual Rows": 895151,
                          "Actual Loops": 3,
                          "Sort Key": ["customer.c_customer_id", "customer.c_first_name", "customer.c_last_name", "customer.c_preferred_cust_flag", "customer.c_birth_country", "customer.c_login", "customer.c_email_address", "date_dim.d_year"],
                          "Sort Method": "external merge",
                          "Sort Space Used": 152880,
                          "Sort Space Type": "Disk",
                          "Workers": [
                            {
                              "Worker Number": 0,
                              "Sort Method": "external merge",
                              "Sort Space Used": 153192,
                              "Sort Space Type": "Disk"
                            },
                            {
                              "Worker Number": 1,
                              "Sort Method": "external merge",
                              "Sort Space Used": 155480,
                              "Sort Space Type": "Disk"
                            }
                          ],
                          "Plans": [
                            {
                              "Node Type": "Hash Join",
                              "Parent Relationship": "Outer",
                              "Parallel Aware": true,
                              "Join Type": "Inner",
                              "Startup Cost": 8015.36,
                              "Total Cost": 95094.53,
                              "Plan Rows": 1094753,
                              "Plan Width": 213,
                              "Actual Startup Time": 1518.568,
                              "Actual Total Time": 2116.663,
                              "Actual Rows": 895151,
                              "Actual Loops": 3,
                              "Inner Unique": true,
                              "Hash Cond": "(store_sales.ss_customer_sk = customer.c_customer_sk)",
                              "Plans": [
                                {
                                  "Node Type": "Hash Join",
                                  "Parent Relationship": "Outer",
                                  "Parallel Aware": true,
                                  "Join Type": "Inner",
                                  "Startup Cost": 2371.82,
                                  "Total Cost": 69220.36,
                                  "Plan Rows": 1146099,
                                  "Plan Width": 30,
                                  "Actual Startup Time": 19.080,
                                  "Actual Total Time": 855.382,
                                  "Actual Rows": 916770,
                                  "Actual Loops": 3,
                                  "Inner Unique": true,
                                  "Hash Cond": "(store_sales.ss_sold_date_sk = date_dim.d_date_sk)",
                                  "Plans": [
                                    {
                                      "Node Type": "Seq Scan",
                                      "Parent Relationship": "Outer",
                                      "Parallel Aware": true,
                                      "Relation Name": "store_sales",
                                      "Alias": "store_sales",
                                      "Startup Cost": 0.00,
                                      "Total Cost": 63697.87,
                                      "Plan Rows": 1200187,
                                      "Plan Width": 30,
                                      "Actual Startup Time": 0.055,
                                      "Actual Total Time": 233.669,
                                      "Actual Rows": 960135,
                                      "Actual Loops": 3
                                    },
                                    {
                                      "Node Type": "Hash",
                                      "Parent Relationship": "Inner",
                                      "Parallel Aware": true,
                                      "Startup Cost": 1834.70,
                                      "Total Cost": 1834.70,
                                      "Plan Rows": 42970,
                                      "Plan Width": 8,
                                      "Actual Startup Time": 18.467,
                                      "Actual Total Time": 18.467,
                                      "Actual Rows": 24350,
                                      "Actual Loops": 3,
                                      "Hash Buckets": 131072,
                                      "Original Hash Buckets": 131072,
                                      "Hash Batches": 1,
                                      "Original Hash Batches": 1,
                                      "Peak Memory Usage": 3936,
                                      "Plans": [
                                        {
                                          "Node Type": "Seq Scan",
                                          "Parent Relationship": "Outer",
                                          "Parallel Aware": true,
                                          "Relation Name": "date_dim",
                                          "Alias": "date_dim",
                                          "Startup Cost": 0.00,
                                          "Total Cost": 1834.70,
                                          "Plan Rows": 42970,
                                          "Plan Width": 8,
                                          "Actual Startup Time": 0.017,
                                          "Actual Total Time": 9.037,
                                          "Actual Rows": 24350,
                                          "Actual Loops": 3
                                        }
                                      ]
                                    }
                                  ]
                                },
                                {
                                  "Node Type": "Hash",
                                  "Parent Relationship": "Inner",
                                  "Parallel Aware": true,
                                  "Startup Cost": 3356.24,
                                  "Total Cost": 3356.24,
                                  "Plan Rows": 58824,
                                  "Plan Width": 191,
                                  "Actual Startup Time": 58.390,
                                  "Actual Total Time": 58.391,
                                  "Actual Rows": 33333,
                                  "Actual Loops": 3,
                                  "Hash Buckets": 32768,
                                  "Original Hash Buckets": 32768,
                                  "Hash Batches": 8,
                                  "Original Hash Batches": 8,
                                  "Peak Memory Usage": 2336,
                                  "Plans": [
                                    {
                                      "Node Type": "Seq Scan",
                                      "Parent Relationship": "Outer",
                                      "Parallel Aware": true,
                                      "Relation Name": "customer",
                                      "Alias": "customer",
                                      "Startup Cost": 0.00,
                                      "Total Cost": 3356.24,
                                      "Plan Rows": 58824,
                                      "Plan Width": 191,
                                      "Actual Startup Time": 0.023,
                                      "Actual Total Time": 20.989,
                                      "Actual Rows": 33333,
                                      "Actual Loops": 3
                                    }
                                  ]
                                }
                              ]
                            }
                          ]
                        }
                      ]
                    }
                  ]
                }
              ]
            },
            {
              "Node Type": "Aggregate",
              "Strategy": "Sorted",
              "Partial Mode": "Finalize",
              "Parent Relationship": "Member",
              "Parallel Aware": false,
              "Startup Cost": 245494.53,
              "Total Cost": 458631.93,
              "Plan Rows": 1427460,
              "Plan Width": 255,
              "Actual Startup Time": 5701.699,
              "Actual Total Time": 8566.012,
              "Actual Rows": 136978,
              "Actual Loops": 1,
              "Group Key": ["customer_1.c_customer_id", "customer_1.c_first_name", "customer_1.c_last_name", "customer_1.c_preferred_cust_flag", "customer_1.c_birth_country", "customer_1.c_login", "customer_1.c_email_address", "date_dim_1.d_year"],
              "Plans": [
                {
                  "Node Type": "Gather Merge",
                  "Parent Relationship": "Outer",
                  "Parallel Aware": false,
                  "Startup Cost": 245494.53,
                  "Total Cost": 411049.93,
                  "Plan Rows": 1189550,
                  "Plan Width": 223,
                  "Actual Startup Time": 5701.631,
                  "Actual Total Time": 8250.431,
                  "Actual Rows": 144134,
                  "Actual Loops": 1,
                  "Workers Planned": 2,
                  "Workers Launched": 2,
                  "Plans": [
                    {
                      "Node Type": "Aggregate",
                      "Strategy": "Sorted",
                      "Partial Mode": "Partial",
                      "Parent Relationship": "Outer",
                      "Parallel Aware": false,
                      "Startup Cost": 244494.51,
                      "Total Cost": 272746.32,
                      "Plan Rows": 594775,
                      "Plan Width": 223,
                      "Actual Startup Time": 5660.927,
                      "Actual Total Time": 7809.535,
                      "Actual Rows": 48045,
                      "Actual Loops": 3,
                      "Group Key": ["customer_1.c_customer_id", "customer_1.c_first_name", "customer_1.c_last_name", "customer_1.c_preferred_cust_flag", "customer_1.c_birth_country", "customer_1.c_login", "customer_1.c_email_address", "date_dim_1.d_year"],
                      "Plans": [
                        {
                          "Node Type": "Sort",
                          "Parent Relationship": "Outer",
                          "Parallel Aware": false,
                          "Startup Cost": 244494.51,
                          "Total Cost": 245981.45,
                          "Plan Rows": 594775,
                          "Plan Width": 216,
                          "Actual Startup Time": 5660.812,
                          "Actual Total Time": 6673.026,
                          "Actual Rows": 476980,
                          "Actual Loops": 3,
                          "Sort Key": ["customer_1.c_customer_id", "customer_1.c_first_name", "customer_1.c_last_name", "customer_1.c_preferred_cust_flag", "customer_1.c_birth_country", "customer_1.c_login", "customer_1.c_email_address", "date_dim_1.d_year"],
                          "Sort Method": "external merge",
                          "Sort Space Used": 85104,
                          "Sort Space Type": "Disk",
                          "Workers": [
                            {
                              "Worker Number": 0,
                              "Sort Method": "external merge",
                              "Sort Space Used": 82968,
                              "Sort Space Type": "Disk"
                            },
                            {
                              "Worker Number": 1,
                              "Sort Method": "external merge",
                              "Sort Space Used": 82976,
                              "Sort Space Type": "Disk"
                            }
                          ],
                          "Plans": [
                            {
                              "Node Type": "Hash Join",
                              "Parent Relationship": "Outer",
                              "Parallel Aware": true,
                              "Join Type": "Inner",
                              "Startup Cost": 8015.36,
                              "Total Cost": 65467.69,
                              "Plan Rows": 594775,
                              "Plan Width": 216,
                              "Actual Startup Time": 881.236,
                              "Actual Total Time": 1181.026,
                              "Actual Rows": 476980,
                              "Actual Loops": 3,
                              "Inner Unique": true,
                              "Hash Cond": "(catalog_sales.cs_bill_customer_sk = customer_1.c_customer_sk)",
                              "Plans": [
                                {
                                  "Node Type": "Hash Join",
                                  "Parent Relationship": "Outer",
                                  "Parallel Aware": true,
                                  "Join Type": "Inner",
                                  "Startup Cost": 2371.82,
                                  "Total Cost": 47360.85,
                                  "Plan Rows": 597804,
                                  "Plan Width": 33,
                                  "Actual Startup Time": 19.067,
                                  "Actual Total Time": 523.249,
                                  "Actual Rows": 478123,
                                  "Actual Loops": 3,
                                  "Inner Unique": true,
                                  "Hash Cond": "(catalog_sales.cs_sold_date_sk = date_dim_1.d_date_sk)",
                                  "Plans": [
                                    {
                                      "Node Type": "Seq Scan",
                                      "Parent Relationship": "Outer",
                                      "Parallel Aware": true,
                                      "Relation Name": "catalog_sales",
                                      "Alias": "catalog_sales",
                                      "Startup Cost": 0.00,
                                      "Total Cost": 43412.07,
                                      "Plan Rows": 600708,
                                      "Plan Width": 33,
                                      "Actual Startup Time": 0.091,
                                      "Actual Total Time": 140.120,
                                      "Actual Rows": 480516,
                                      "Actual Loops": 3
                                    },
                                    {
                                      "Node Type": "Hash",
                                      "Parent Relationship": "Inner",
                                      "Parallel Aware": true,
                                      "Startup Cost": 1834.70,
                                      "Total Cost": 1834.70,
                                      "Plan Rows": 42970,
                                      "Plan Width": 8,
                                      "Actual Startup Time": 18.435,
                                      "Actual Total Time": 18.435,
                                      "Actual Rows": 24350,
                                      "Actual Loops": 3,
                                      "Hash Buckets": 131072,
                                      "Original Hash Buckets": 131072,
                                      "Hash Batches": 1,
                                      "Original Hash Batches": 1,
                                      "Peak Memory Usage": 3936,
                                      "Plans": [
                                        {
                                          "Node Type": "Seq Scan",
                                          "Parent Relationship": "Outer",
                                          "Parallel Aware": true,
                                          "Relation Name": "date_dim",
                                          "Alias": "date_dim_1",
                                          "Startup Cost": 0.00,
                                          "Total Cost": 1834.70,
                                          "Plan Rows": 42970,
                                          "Plan Width": 8,
                                          "Actual Startup Time": 0.023,
                                          "Actual Total Time": 8.987,
                                          "Actual Rows": 24350,
                                          "Actual Loops": 3
                                        }
                                      ]
                                    }
                                  ]
                                },
                                {
                                  "Node Type": "Hash",
                                  "Parent Relationship": "Inner",
                                  "Parallel Aware": true,
                                  "Startup Cost": 3356.24,
                                  "Total Cost": 3356.24,
                                  "Plan Rows": 58824,
                                  "Plan Width": 191,
                                  "Actual Startup Time": 51.543,
                                  "Actual Total Time": 51.543,
                                  "Actual Rows": 33333,
                                  "Actual Loops": 3,
                                  "Hash Buckets": 32768,
                                  "Original Hash Buckets": 32768,
                                  "Hash Batches": 8,
                                  "Original Hash Batches": 8,
                                  "Peak Memory Usage": 2368,
                                  "Plans": [
                                    {
                                      "Node Type": "Seq Scan",
                                      "Parent Relationship": "Outer",
                                      "Parallel Aware": true,
                                      "Relation Name": "customer",
                                      "Alias": "customer_1",
                                      "Startup Cost": 0.00,
                                      "Total Cost": 3356.24,
                                      "Plan Rows": 58824,
                                      "Plan Width": 191,
                                      "Actual Startup Time": 0.020,
                                      "Actual Total Time": 18.649,
                                      "Actual Rows": 33333,
                                      "Actual Loops": 3
                                    }
                                  ]
                                }
                              ]
                            }
                          ]
                        }
                      ]
                    }
                  ]
                }
              ]
            },
            {
              "Node Type": "Aggregate",
              "Strategy": "Sorted",
              "Partial Mode": "Finalize",
              "Parent Relationship": "Member",
              "Parallel Aware": false,
              "Startup Cost": 127298.21,
              "Total Cost": 234671.59,
              "Plan Rows": 719120,
              "Plan Width": 255,
              "Actual Startup Time": 2676.279,
              "Actual Total Time": 4105.732,
              "Actual Rows": 56649,
              "Actual Loops": 1,
              "Group Key": ["customer_2.c_customer_id", "customer_2.c_first_name", "customer_2.c_last_name", "customer_2.c_preferred_cust_flag", "customer_2.c_birth_country", "customer_2.c_login", "customer_2.c_email_address", "date_dim_2.d_year"],
              "Plans": [
                {
                  "Node Type": "Gather Merge",
                  "Parent Relationship": "Outer",
                  "Parallel Aware": false,
                  "Startup Cost": 127298.21,
                  "Total Cost": 210700.94,
                  "Plan Rows": 599266,
                  "Plan Width": 223,
                  "Actual Startup Time": 2676.265,
                  "Actual Total Time": 3976.438,
                  "Actual Rows": 59692,
                  "Actual Loops": 1,
                  "Workers Planned": 2,
                  "Workers Launched": 2,
                  "Plans": [
                    {
                      "Node Type": "Aggregate",
                      "Strategy": "Sorted",
                      "Partial Mode": "Partial",
                      "Parent Relationship": "Outer",
                      "Parallel Aware": false,
                      "Startup Cost": 126298.18,
                      "Total Cost": 140530.75,
                      "Plan Rows": 299633,
                      "Plan Width": 223,
                      "Actual Startup Time": 2647.052,
                      "Actual Total Time": 3769.861,
                      "Actual Rows": 19897,
                      "Actual Loops": 3,
                      "Group Key": ["customer_2.c_customer_id", "customer_2.c_first_name", "customer_2.c_last_name", "customer_2.c_preferred_cust_flag", "customer_2.c_birth_country", "customer_2.c_login", "customer_2.c_email_address", "date_dim_2.d_year"],
                      "Plans": [
                        {
                          "Node Type": "Sort",
                          "Parent Relationship": "Outer",
                          "Parallel Aware": false,
                          "Startup Cost": 126298.18,
                          "Total Cost": 127047.27,
                          "Plan Rows": 299633,
                          "Plan Width": 216,
                          "Actual Startup Time": 2646.912,
                          "Actual Total Time": 3188.263,
                          "Actual Rows": 239706,
                          "Actual Loops": 3,
                          "Sort Key": ["customer_2.c_customer_id", "customer_2.c_first_name", "customer_2.c_last_name", "customer_2.c_preferred_cust_flag", "customer_2.c_birth_country", "customer_2.c_login", "customer_2.c_email_address", "date_dim_2.d_year"],
                          "Sort Method": "external merge",
                          "Sort Space Used": 42832,
                          "Sort Space Type": "Disk",
                          "Workers": [
                            {
                              "Worker Number": 0,
                              "Sort Method": "external merge",
                              "Sort Space Used": 41824,
                              "Sort Space Type": "Disk"
                            },
                            {
                              "Worker Number": 1,
                              "Sort Method": "external merge",
                              "Sort Space Used": 41624,
                              "Sort Space Type": "Disk"
                            }
                          ],
                          "Plans": [
                            {
                              "Node Type": "Hash Join",
                              "Parent Relationship": "Outer",
                              "Parallel Aware": true,
                              "Join Type": "Inner",
                              "Startup Cost": 8015.36,
                              "Total Cost": 37589.31,
                              "Plan Rows": 299633,
                              "Plan Width": 216,
                              "Actual Startup Time": 575.453,
                              "Actual Total Time": 729.345,
                              "Actual Rows": 239706,
                              "Actual Loops": 3,
                              "Inner Unique": true,
                              "Hash Cond": "(web_sales.ws_bill_customer_sk = customer_2.c_customer_sk)",
                              "Plans": [
                                {
                                  "Node Type": "Hash Join",
                                  "Parent Relationship": "Outer",
                                  "Parallel Aware": true,
                                  "Join Type": "Inner",
                                  "Startup Cost": 2371.82,
                                  "Total Cost": 24923.13,
                                  "Plan Rows": 299663,
                                  "Plan Width": 33,
                                  "Actual Startup Time": 20.283,
                                  "Actual Total Time": 266.222,
                                  "Actual Rows": 239732,
                                  "Actual Loops": 3,
                                  "Inner Unique": true,
                                  "Hash Cond": "(web_sales.ws_sold_date_sk = date_dim_2.d_date_sk)",
                                  "Plans": [
                                    {
                                      "Node Type": "Seq Scan",
                                      "Parent Relationship": "Outer",
                                      "Parallel Aware": true,
                                      "Relation Name": "web_sales",
                                      "Alias": "web_sales",
                                      "Startup Cost": 0.00,
                                      "Total Cost": 21764.43,
                                      "Plan Rows": 299743,
                                      "Plan Width": 33,
                                      "Actual Startup Time": 0.060,
                                      "Actual Total Time": 69.764,
                                      "Actual Rows": 239795,
                                      "Actual Loops": 3
                                    },
                                    {
                                      "Node Type": "Hash",
                                      "Parent Relationship": "Inner",
                                      "Parallel Aware": true,
                                      "Startup Cost": 1834.70,
                                      "Total Cost": 1834.70,
                                      "Plan Rows": 42970,
                                      "Plan Width": 8,
                                      "Actual Startup Time": 19.684,
                                      "Actual Total Time": 19.685,
                                      "Actual Rows": 24350,
                                      "Actual Loops": 3,
                                      "Hash Buckets": 131072,
                                      "Original Hash Buckets": 131072,
                                      "Hash Batches": 1,
                                      "Original Hash Batches": 1,
                                      "Peak Memory Usage": 3936,
                                      "Plans": [
                                        {
                                          "Node Type": "Seq Scan",
                                          "Parent Relationship": "Outer",
                                          "Parallel Aware": true,
                                          "Relation Name": "date_dim",
                                          "Alias": "date_dim_2",
                                          "Startup Cost": 0.00,
                                          "Total Cost": 1834.70,
                                          "Plan Rows": 42970,
                                          "Plan Width": 8,
                                          "Actual Startup Time": 0.016,
                                          "Actual Total Time": 9.658,
                                          "Actual Rows": 24350,
                                          "Actual Loops": 3
                                        }
                                      ]
                                    }
                                  ]
                                },
                                {
                                  "Node Type": "Hash",
                                  "Parent Relationship": "Inner",
                                  "Parallel Aware": true,
                                  "Startup Cost": 3356.24,
                                  "Total Cost": 3356.24,
                                  "Plan Rows": 58824,
                                  "Plan Width": 191,
                                  "Actual Startup Time": 176.692,
                                  "Actual Total Time": 176.692,
                                  "Actual Rows": 33333,
                                  "Actual Loops": 3,
                                  "Hash Buckets": 32768,
                                  "Original Hash Buckets": 32768,
                                  "Hash Batches": 8,
                                  "Original Hash Batches": 8,
                                  "Peak Memory Usage": 2400,
                                  "Plans": [
                                    {
                                      "Node Type": "Seq Scan",
                                      "Parent Relationship": "Outer",
                                      "Parallel Aware": true,
                                      "Relation Name": "customer",
                                      "Alias": "customer_2",
                                      "Startup Cost": 0.00,
                                      "Total Cost": 3356.24,
                                      "Plan Rows": 58824,
                                      "Plan Width": 191,
                                      "Actual Startup Time": 0.021,
                                      "Actual Total Time": 23.710,
                                      "Actual Rows": 33333,
                                      "Actual Loops": 3
                                    }
                                  ]
                                }
                              ]
                            }
                          ]
                        }
                      ]
                    }
                  ]
                }
              ]
            }
          ]
        },
        {
          "Node Type": "Sort",
          "Parent Relationship": "Outer",
          "Parallel Aware": false,
          "Startup Cost": 751955.63,
          "Total Cost": 751955.64,
          "Plan Rows": 1,
          "Plan Width": 334,
          "Actual Startup Time": 9321974.916,
          "Actual Total Time": 9321974.916,
          "Actual Rows": 4,
          "Actual Loops": 1,
          "Sort Key": ["t_s_secyear.customer_id", "t_s_secyear.customer_first_name", "t_s_secyear.customer_last_name", "t_s_secyear.customer_birth_country"],
          "Sort Method": "quicksort",
          "Sort Space Used": 25,
          "Sort Space Type": "Memory",
          "Plans": [
            {
              "Node Type": "Nested Loop",
              "Parent Relationship": "Outer",
              "Parallel Aware": false,
              "Join Type": "Inner",
              "Startup Cost": 0.00,
              "Total Cost": 751955.62,
              "Plan Rows": 1,
              "Plan Width": 334,
              "Actual Startup Time": 116308.176,
              "Actual Total Time": 9321974.892,
              "Actual Rows": 4,
              "Actual Loops": 1,
              "Inner Unique": false,
              "Join Filter": "((t_s_secyear.customer_id = t_w_secyear.customer_id) AND (CASE WHEN (t_c_firstyear.year_total > '0'::numeric) THEN (t_c_secyear.year_total / t_c_firstyear.year_total) ELSE NULL::numeric END > CASE WHEN (t_w_firstyear.year_total > '0'::numeric) THEN (t_w_secyear.year_total / t_w_firstyear.year_total) ELSE NULL::numeric END))",
              "Rows Removed by Join Filter": 568799,
              "Plans": [
                {
                  "Node Type": "Nested Loop",
                  "Parent Relationship": "Outer",
                  "Parallel Aware": false,
                  "Join Type": "Inner",
                  "Startup Cost": 0.00,
                  "Total Cost": 632602.95,
                  "Plan Rows": 1,
                  "Plan Width": 702,
                  "Actual Startup Time": 116195.260,
                  "Actual Total Time": 9315000.376,
                  "Actual Rows": 51,
                  "Actual Loops": 1,
                  "Inner Unique": false,
                  "Join Filter": "((t_s_secyear.customer_id = t_c_secyear.customer_id) AND (CASE WHEN (t_c_firstyear.year_total > '0'::numeric) THEN (t_c_secyear.year_total / t_c_firstyear.year_total) ELSE NULL::numeric END > CASE WHEN (t_s_firstyear.year_total > '0'::numeric) THEN (t_s_secyear.year_total / t_s_firstyear.year_total) ELSE NULL::numeric END))",
                  "Rows Removed by Join Filter": 11089345,
                  "Plans": [
                    {
                      "Node Type": "Nested Loop",
                      "Parent Relationship": "Outer",
                      "Parallel Aware": false,
                      "Join Type": "Inner",
                      "Startup Cost": 0.00,
                      "Total Cost": 513250.27,
                      "Plan Rows": 1,
                      "Plan Width": 666,
                      "Actual Startup Time": 88114.473,
                      "Actual Total Time": 9258337.707,
                      "Actual Rows": 404,
                      "Actual Loops": 1,
                      "Inner Unique": false,
                      "Join Filter": "(t_s_firstyear.customer_id = t_s_secyear.customer_id)",
                      "Rows Removed by Join Filter": 41579520,
                      "Plans": [
                        {
                          "Node Type": "Nested Loop",
                          "Parent Relationship": "Outer",
                          "Parallel Aware": false,
                          "Join Type": "Inner",
                          "Startup Cost": 0.00,
                          "Total Cost": 393896.41,
                          "Plan Rows": 2,
                          "Plan Width": 300,
                          "Actual Startup Time": 30047.382,
                          "Actual Total Time": 9101584.933,
                          "Actual Rows": 1087,
                          "Actual Loops": 1,
                          "Inner Unique": false,
                          "Join Filter": "(t_s_firstyear.customer_id = t_w_firstyear.customer_id)",
                          "Rows Removed by Join Filter": 108941208,
                          "Plans": [
                            {
                              "Node Type": "Nested Loop",
                              "Parent Relationship": "Outer",
                              "Parallel Aware": false,
                              "Join Type": "Inner",
                              "Startup Cost": 0.00,
                              "Total Cost": 262604.94,
                              "Plan Rows": 8,
                              "Plan Width": 200,
                              "Actual Startup Time": 29887.886,
                              "Actual Total Time": 7265269.205,
                              "Actual Rows": 9835,
                              "Actual Loops": 1,
                              "Inner Unique": false,
                              "Join Filter": "(t_s_firstyear.customer_id = t_c_firstyear.customer_id)",
                              "Rows Removed by Join Filter": 992879513,
                              "Plans": [
                                {
                                  "Node Type": "CTE Scan",
                                  "Parent Relationship": "Outer",
                                  "Parallel Aware": false,
                                  "CTE Name": "year_total",
                                  "Alias": "t_s_firstyear",
                                  "Startup Cost": 0.00,
                                  "Total Cost": 131284.67,
                                  "Plan Rows": 40,
                                  "Plan Width": 100,
                                  "Actual Startup Time": 11169.857,
                                  "Actual Total Time": 11592.392,
                                  "Actual Rows": 37708,
                                  "Actual Loops": 1,
                                  "Filter": "((year_total > '0'::numeric) AND (sale_type = 's'::text) AND (dyear = 1999))",
                                  "Rows Removed by Filter": 346500
                                },
                                {
                                  "Node Type": "CTE Scan",
                                  "Parent Relationship": "Inner",
                                  "Parallel Aware": false,
                                  "CTE Name": "year_total",
                                  "Alias": "t_c_firstyear",
                                  "Startup Cost": 0.00,
                                  "Total Cost": 131284.67,
                                  "Plan Rows": 40,
                                  "Plan Width": 100,
                                  "Actual Startup Time": 90.943,
                                  "Actual Total Time": 188.571,
                                  "Actual Rows": 26331,
                                  "Actual Loops": 37708,
                                  "Filter": "((year_total > '0'::numeric) AND (sale_type = 'c'::text) AND (dyear = 1999))",
                                  "Rows Removed by Filter": 357877
                                }
                              ]
                            },
                            {
                              "Node Type": "CTE Scan",
                              "Parent Relationship": "Inner",
                              "Parallel Aware": false,
                              "CTE Name": "year_total",
                              "Alias": "t_w_firstyear",
                              "Startup Cost": 0.00,
                              "Total Cost": 131284.67,
                              "Plan Rows": 40,
                              "Plan Width": 100,
                              "Actual Startup Time": 156.093,
                              "Actual Total Time": 185.113,
                              "Actual Rows": 11077,
                              "Actual Loops": 9835,
                              "Filter": "((year_total > '0'::numeric) AND (sale_type = 'w'::text) AND (dyear = 1999))",
                              "Rows Removed by Filter": 373131
                            }
                          ]
                        },
                        {
                          "Node Type": "CTE Scan",
                          "Parent Relationship": "Inner",
                          "Parallel Aware": false,
                          "CTE Name": "year_total",
                          "Alias": "t_s_secyear",
                          "Startup Cost": 0.00,
                          "Total Cost": 119349.70,
                          "Plan Rows": 119,
                          "Plan Width": 366,
                          "Actual Startup Time": 0.008,
                          "Actual Total Time": 138.877,
                          "Actual Rows": 38252,
                          "Actual Loops": 1087,
                          "Filter": "((sale_type = 's'::text) AND (dyear = 2000))",
                          "Rows Removed by Filter": 345956
                        }
                      ]
                    },
                    {
                      "Node Type": "CTE Scan",
                      "Parent Relationship": "Inner",
                      "Parallel Aware": false,
                      "CTE Name": "year_total",
                      "Alias": "t_c_secyear",
                      "Startup Cost": 0.00,
                      "Total Cost": 119349.70,
                      "Plan Rows": 119,
                      "Plan Width": 100,
                      "Actual Startup Time": 65.243,
                      "Actual Total Time": 136.434,
                      "Actual Rows": 27449,
                      "Actual Loops": 404,
                      "Filter": "((sale_type = 'c'::text) AND (dyear = 2000))",
                      "Rows Removed by Filter": 356759
                    }
                  ]
                },
                {
                  "Node Type": "CTE Scan",
                  "Parent Relationship": "Inner",
                  "Parallel Aware": false,
                  "CTE Name": "year_total",
                  "Alias": "t_w_secyear",
                  "Startup Cost": 0.00,
                  "Total Cost": 119349.70,
                  "Plan Rows": 119,
                  "Plan Width": 100,
                  "Actual Startup Time": 113.563,
                  "Actual Total Time": 135.212,
                  "Actual Rows": 11153,
                  "Actual Loops": 51,
                  "Filter": "((sale_type = 'w'::text) AND (dyear = 2000))",
                  "Rows Removed by Filter": 373055
                }
              ]
            }
          ]
        }
      ]
    },
    "Planning Time": 7.992,
    "Triggers": [
    ],
    "Execution Time": 9322035.837
  }
]
