[
  {
    "Plan": {
      "Node Type": "Limit",
      "Parallel Aware": false,
      "Startup Cost": 35611.08,
      "Total Cost": 35611.09,
      "Plan Rows": 1,
      "Plan Width": 72,
      "Actual Startup Time": 498.267,
      "Actual Total Time": 498.267,
      "Actual Rows": 1,
      "Actual Loops": 1,
      "Plans": [
        {
          "Node Type": "Sort",
          "Parent Relationship": "Outer",
          "Parallel Aware": false,
          "Startup Cost": 35611.08,
          "Total Cost": 35611.09,
          "Plan Rows": 1,
          "Plan Width": 72,
          "Actual Startup Time": 498.265,
          "Actual Total Time": 498.266,
          "Actual Rows": 1,
          "Actual Loops": 1,
          "Sort Key": ["(count(DISTINCT ws1.ws_order_number))"],
          "Sort Method": "quicksort",
          "Sort Space Used": 25,
          "Sort Space Type": "Memory",
          "Plans": [
            {
              "Node Type": "Aggregate",
              "Strategy": "Plain",
              "Partial Mode": "Simple",
              "Parent Relationship": "Outer",
              "Parallel Aware": false,
              "Startup Cost": 35611.06,
              "Total Cost": 35611.07,
              "Plan Rows": 1,
              "Plan Width": 72,
              "Actual Startup Time": 498.258,
              "Actual Total Time": 498.258,
              "Actual Rows": 1,
              "Actual Loops": 1,
              "Plans": [
                {
                  "Node Type": "Nested Loop",
                  "Parent Relationship": "Outer",
                  "Parallel Aware": false,
                  "Join Type": "Anti",
                  "Startup Cost": 1719.72,
                  "Total Cost": 35611.05,
                  "Plan Rows": 1,
                  "Plan Width": 16,
                  "Actual Startup Time": 88.785,
                  "Actual Total Time": 498.218,
                  "Actual Rows": 3,
                  "Actual Loops": 1,
                  "Inner Unique": false,
                  "Plans": [
                    {
                      "Node Type": "Nested Loop",
                      "Parent Relationship": "Outer",
                      "Parallel Aware": false,
                      "Join Type": "Semi",
                      "Startup Cost": 1719.43,
                      "Total Cost": 35244.55,
                      "Plan Rows": 1,
                      "Plan Width": 16,
                      "Actual Startup Time": 58.019,
                      "Actual Total Time": 457.531,
                      "Actual Rows": 22,
                      "Actual Loops": 1,
                      "Inner Unique": false,
                      "Plans": [
                        {
                          "Node Type": "Nested Loop",
                          "Parent Relationship": "Outer",
                          "Parallel Aware": false,
                          "Join Type": "Inner",
                          "Startup Cost": 1719.01,
                          "Total Cost": 29848.46,
                          "Plan Rows": 1,
                          "Plan Width": 20,
                          "Actual Startup Time": 57.501,
                          "Actual Total Time": 386.800,
                          "Actual Rows": 22,
                          "Actual Loops": 1,
                          "Inner Unique": true,
                          "Plans": [
                            {
                              "Node Type": "Hash Join",
                              "Parent Relationship": "Outer",
                              "Parallel Aware": false,
                              "Join Type": "Inner",
                              "Startup Cost": 1718.71,
                              "Total Cost": 29582.83,
                              "Plan Rows": 820,
                              "Plan Width": 24,
                              "Actual Startup Time": 21.530,
                              "Actual Total Time": 383.013,
                              "Actual Rows": 666,
                              "Actual Loops": 1,
                              "Inner Unique": true,
                              "Hash Cond": "(ws1.ws_web_site_sk = web_site.web_site_sk)",
                              "Plans": [
                                {
                                  "Node Type": "Hash Join",
                                  "Parent Relationship": "Outer",
                                  "Parallel Aware": false,
                                  "Join Type": "Inner",
                                  "Startup Cost": 1716.28,
                                  "Total Cost": 29565.65,
                                  "Plan Rows": 4920,
                                  "Plan Width": 28,
                                  "Actual Startup Time": 21.459,
                                  "Actual Total Time": 381.777,
                                  "Actual Rows": 5026,
                                  "Actual Loops": 1,
                                  "Inner Unique": true,
                                  "Hash Cond": "(ws1.ws_ship_addr_sk = customer_address.ca_address_sk)",
                                  "Plans": [
                                    {
                                      "Node Type": "Seq Scan",
                                      "Parent Relationship": "Outer",
                                      "Parallel Aware": false,
                                      "Relation Name": "web_sales",
                                      "Alias": "ws1",
                                      "Startup Cost": 0.00,
                                      "Total Cost": 25960.84,
                                      "Plan Rows": 719384,
                                      "Plan Width": 32,
                                      "Actual Startup Time": 0.017,
                                      "Actual Total Time": 165.983,
                                      "Actual Rows": 719384,
                                      "Actual Loops": 1
                                    },
                                    {
                                      "Node Type": "Hash",
                                      "Parent Relationship": "Inner",
                                      "Parallel Aware": false,
                                      "Startup Cost": 1712.00,
                                      "Total Cost": 1712.00,
                                      "Plan Rows": 342,
                                      "Plan Width": 4,
                                      "Actual Startup Time": 20.406,
                                      "Actual Total Time": 20.407,
                                      "Actual Rows": 357,
                                      "Actual Loops": 1,
                                      "Hash Buckets": 1024,
                                      "Original Hash Buckets": 1024,
                                      "Hash Batches": 1,
                                      "Original Hash Batches": 1,
                                      "Peak Memory Usage": 21,
                                      "Plans": [
                                        {
                                          "Node Type": "Seq Scan",
                                          "Parent Relationship": "Outer",
                                          "Parallel Aware": false,
                                          "Relation Name": "customer_address",
                                          "Alias": "customer_address",
                                          "Startup Cost": 0.00,
                                          "Total Cost": 1712.00,
                                          "Plan Rows": 342,
                                          "Plan Width": 4,
                                          "Actual Startup Time": 0.108,
                                          "Actual Total Time": 20.202,
                                          "Actual Rows": 357,
                                          "Actual Loops": 1,
                                          "Filter": "(ca_state = 'WY'::bpchar)",
                                          "Rows Removed by Filter": 49643
                                        }
                                      ]
                                    }
                                  ]
                                },
                                {
                                  "Node Type": "Hash",
                                  "Parent Relationship": "Inner",
                                  "Parallel Aware": false,
                                  "Startup Cost": 2.38,
                                  "Total Cost": 2.38,
                                  "Plan Rows": 5,
                                  "Plan Width": 4,
                                  "Actual Startup Time": 0.042,
                                  "Actual Total Time": 0.042,
                                  "Actual Rows": 5,
                                  "Actual Loops": 1,
                                  "Hash Buckets": 1024,
                                  "Original Hash Buckets": 1024,
                                  "Hash Batches": 1,
                                  "Original Hash Batches": 1,
                                  "Peak Memory Usage": 9,
                                  "Plans": [
                                    {
                                      "Node Type": "Seq Scan",
                                      "Parent Relationship": "Outer",
                                      "Parallel Aware": false,
                                      "Relation Name": "web_site",
                                      "Alias": "web_site",
                                      "Startup Cost": 0.00,
                                      "Total Cost": 2.38,
                                      "Plan Rows": 5,
                                      "Plan Width": 4,
                                      "Actual Startup Time": 0.028,
                                      "Actual Total Time": 0.037,
                                      "Actual Rows": 5,
                                      "Actual Loops": 1,
                                      "Filter": "(web_company_name = 'pri'::bpchar)",
                                      "Rows Removed by Filter": 25
                                    }
                                  ]
                                }
                              ]
                            },
                            {
                              "Node Type": "Index Scan",
                              "Parent Relationship": "Inner",
                              "Parallel Aware": false,
                              "Scan Direction": "Forward",
                              "Index Name": "date_dim_pkey",
                              "Relation Name": "date_dim",
                              "Alias": "date_dim",
                              "Startup Cost": 0.29,
                              "Total Cost": 0.32,
                              "Plan Rows": 1,
                              "Plan Width": 4,
                              "Actual Startup Time": 0.005,
                              "Actual Total Time": 0.005,
                              "Actual Rows": 0,
                              "Actual Loops": 666,
                              "Index Cond": "(d_date_sk = ws1.ws_ship_date_sk)",
                              "Rows Removed by Index Recheck": 0,
                              "Filter": "((d_date >= '1999-03-01'::date) AND (d_date <= '1999-04-30'::date))",
                              "Rows Removed by Filter": 1
                            }
                          ]
                        },
                        {
                          "Node Type": "Index Scan",
                          "Parent Relationship": "Inner",
                          "Parallel Aware": false,
                          "Scan Direction": "Forward",
                          "Index Name": "web_sales_pkey",
                          "Relation Name": "web_sales",
                          "Alias": "ws2",
                          "Startup Cost": 0.42,
                          "Total Cost": 5396.07,
                          "Plan Rows": 10,
                          "Plan Width": 8,
                          "Actual Startup Time": 3.213,
                          "Actual Total Time": 3.213,
                          "Actual Rows": 1,
                          "Actual Loops": 22,
                          "Index Cond": "(ws_order_number = ws1.ws_order_number)",
                          "Rows Removed by Index Recheck": 0,
                          "Filter": "(ws1.ws_warehouse_sk <> ws_warehouse_sk)",
                          "Rows Removed by Filter": 0
                        }
                      ]
                    },
                    {
                      "Node Type": "Index Only Scan",
                      "Parent Relationship": "Inner",
                      "Parallel Aware": false,
                      "Scan Direction": "Forward",
                      "Index Name": "web_returns_pkey",
                      "Relation Name": "web_returns",
                      "Alias": "wr1",
                      "Startup Cost": 0.29,
                      "Total Cost": 538.54,
                      "Plan Rows": 2,
                      "Plan Width": 4,
                      "Actual Startup Time": 1.846,
                      "Actual Total Time": 1.846,
                      "Actual Rows": 1,
                      "Actual Loops": 22,
                      "Index Cond": "(wr_order_number = ws1.ws_order_number)",
                      "Rows Removed by Index Recheck": 0,
                      "Heap Fetches": 19
                    }
                  ]
                }
              ]
            }
          ]
        }
      ]
    },
    "Planning Time": 2.514,
    "Triggers": [
    ],
    "Execution Time": 498.407
  }
]
