[
  {
    "Plan": {
      "Node Type": "Limit",
      "Parallel Aware": false,
      "Startup Cost": 92193.78,
      "Total Cost": 92194.03,
      "Plan Rows": 100,
      "Plan Width": 266,
      "Actual Startup Time": 2071.165,
      "Actual Total Time": 2071.189,
      "Actual Rows": 100,
      "Actual Loops": 1,
      "Plans": [
        {
          "Node Type": "Sort",
          "Parent Relationship": "Outer",
          "Parallel Aware": false,
          "Startup Cost": 92193.78,
          "Total Cost": 92194.15,
          "Plan Rows": 148,
          "Plan Width": 266,
          "Actual Startup Time": 2071.163,
          "Actual Total Time": 2071.171,
          "Actual Rows": 100,
          "Actual Loops": 1,
          "Sort Key": ["((tmp1.sum_sales - tmp1.avg_monthly_sales))", "tmp1.s_store_name"],
          "Sort Method": "top-N heapsort",
          "Sort Space Used": 70,
          "Sort Space Type": "Memory",
          "Plans": [
            {
              "Node Type": "Subquery Scan",
              "Parent Relationship": "Outer",
              "Parallel Aware": false,
              "Alias": "tmp1",
              "Startup Cost": 92166.98,
              "Total Cost": 92188.44,
              "Plan Rows": 148,
              "Plan Width": 266,
              "Actual Startup Time": 2062.792,
              "Actual Total Time": 2069.346,
              "Actual Rows": 1622,
              "Actual Loops": 1,
              "Filter": "(CASE WHEN (tmp1.avg_monthly_sales <> '0'::numeric) THEN (abs((tmp1.sum_sales - tmp1.avg_monthly_sales)) / tmp1.avg_monthly_sales) ELSE NULL::numeric END > 0.1)",
              "Rows Removed by Filter": 136,
              "Plans": [
                {
                  "Node Type": "WindowAgg",
                  "Parent Relationship": "Subquery",
                  "Parallel Aware": false,
                  "Startup Cost": 92166.98,
                  "Total Cost": 92178.08,
                  "Plan Rows": 444,
                  "Plan Width": 234,
                  "Actual Startup Time": 2062.785,
                  "Actual Total Time": 2066.156,
                  "Actual Rows": 1758,
                  "Actual Loops": 1,
                  "Plans": [
                    {
                      "Node Type": "Sort",
                      "Parent Relationship": "Outer",
                      "Parallel Aware": false,
                      "Startup Cost": 92166.98,
                      "Total Cost": 92168.09,
                      "Plan Rows": 444,
                      "Plan Width": 202,
                      "Actual Startup Time": 2062.740,
                      "Actual Total Time": 2062.879,
                      "Actual Rows": 1758,
                      "Actual Loops": 1,
                      "Sort Key": ["item.i_category", "item.i_brand", "store.s_store_name", "store.s_company_name"],
                      "Sort Method": "quicksort",
                      "Sort Space Used": 515,
                      "Sort Space Type": "Memory",
                      "Plans": [
                        {
                          "Node Type": "Aggregate",
                          "Strategy": "Sorted",
                          "Partial Mode": "Simple",
                          "Parent Relationship": "Outer",
                          "Parallel Aware": false,
                          "Startup Cost": 92130.81,
                          "Total Cost": 92147.46,
                          "Plan Rows": 444,
                          "Plan Width": 202,
                          "Actual Startup Time": 1882.904,
                          "Actual Total Time": 2061.122,
                          "Actual Rows": 1758,
                          "Actual Loops": 1,
                          "Group Key": ["item.i_category", "item.i_class", "item.i_brand", "store.s_store_name", "store.s_company_name", "date_dim.d_moy"],
                          "Plans": [
                            {
                              "Node Type": "Sort",
                              "Parent Relationship": "Outer",
                              "Parallel Aware": false,
                              "Startup Cost": 92130.81,
                              "Total Cost": 92131.92,
                              "Plan Rows": 444,
                              "Plan Width": 176,
                              "Actual Startup Time": 1882.884,
                              "Actual Total Time": 1982.606,
                              "Actual Rows": 60212,
                              "Actual Loops": 1,
                              "Sort Key": ["item.i_category", "item.i_class", "item.i_brand", "store.s_store_name", "store.s_company_name", "date_dim.d_moy"],
                              "Sort Method": "external merge",
                              "Sort Space Used": 11128,
                              "Sort Space Type": "Disk",
                              "Plans": [
                                {
                                  "Node Type": "Hash Join",
                                  "Parent Relationship": "Outer",
                                  "Parallel Aware": false,
                                  "Join Type": "Inner",
                                  "Startup Cost": 4011.57,
                                  "Total Cost": 92111.28,
                                  "Plan Rows": 444,
                                  "Plan Width": 176,
                                  "Actual Startup Time": 49.638,
                                  "Actual Total Time": 1445.077,
                                  "Actual Rows": 60212,
                                  "Actual Loops": 1,
                                  "Inner Unique": true,
                                  "Hash Cond": "(store_sales.ss_store_sk = store.s_store_sk)",
                                  "Plans": [
                                    {
                                      "Node Type": "Hash Join",
                                      "Parent Relationship": "Outer",
                                      "Parallel Aware": false,
                                      "Join Type": "Inner",
                                      "Startup Cost": 4010.30,
                                      "Total Cost": 92108.38,
                                      "Plan Rows": 465,
                                      "Plan Width": 167,
                                      "Actual Startup Time": 49.590,
                                      "Actual Total Time": 1416.078,
                                      "Actual Rows": 61678,
                                      "Actual Loops": 1,
                                      "Inner Unique": true,
                                      "Hash Cond": "(store_sales.ss_item_sk = item.i_item_sk)",
                                      "Plans": [
                                        {
                                          "Node Type": "Hash Join",
                                          "Parent Relationship": "Outer",
                                          "Parallel Aware": false,
                                          "Join Type": "Inner",
                                          "Startup Cost": 2322.66,
                                          "Total Cost": 90384.75,
                                          "Plan Rows": 13706,
                                          "Plan Width": 18,
                                          "Actual Startup Time": 15.492,
                                          "Actual Total Time": 1253.330,
                                          "Actual Rows": 549330,
                                          "Actual Loops": 1,
                                          "Inner Unique": true,
                                          "Hash Cond": "(store_sales.ss_sold_date_sk = date_dim.d_date_sk)",
                                          "Plans": [
                                            {
                                              "Node Type": "Seq Scan",
                                              "Parent Relationship": "Outer",
                                              "Parallel Aware": false,
                                              "Relation Name": "store_sales",
                                              "Alias": "store_sales",
                                              "Startup Cost": 0.00,
                                              "Total Cost": 80500.49,
                                              "Plan Rows": 2880449,
                                              "Plan Width": 18,
                                              "Actual Startup Time": 0.025,
                                              "Actual Total Time": 557.200,
                                              "Actual Rows": 2880404,
                                              "Actual Loops": 1
                                            },
                                            {
                                              "Node Type": "Hash",
                                              "Parent Relationship": "Inner",
                                              "Parallel Aware": false,
                                              "Startup Cost": 2318.11,
                                              "Total Cost": 2318.11,
                                              "Plan Rows": 364,
                                              "Plan Width": 8,
                                              "Actual Startup Time": 15.444,
                                              "Actual Total Time": 15.445,
                                              "Actual Rows": 365,
                                              "Actual Loops": 1,
                                              "Hash Buckets": 1024,
                                              "Original Hash Buckets": 1024,
                                              "Hash Batches": 1,
                                              "Original Hash Batches": 1,
                                              "Peak Memory Usage": 23,
                                              "Plans": [
                                                {
                                                  "Node Type": "Seq Scan",
                                                  "Parent Relationship": "Outer",
                                                  "Parallel Aware": false,
                                                  "Relation Name": "date_dim",
                                                  "Alias": "date_dim",
                                                  "Startup Cost": 0.00,
                                                  "Total Cost": 2318.11,
                                                  "Plan Rows": 364,
                                                  "Plan Width": 8,
                                                  "Actual Startup Time": 7.839,
                                                  "Actual Total Time": 15.327,
                                                  "Actual Rows": 365,
                                                  "Actual Loops": 1,
                                                  "Filter": "(d_year = 2002)",
                                                  "Rows Removed by Filter": 72684
                                                }
                                              ]
                                            }
                                          ]
                                        },
                                        {
                                          "Node Type": "Hash",
                                          "Parent Relationship": "Inner",
                                          "Parallel Aware": false,
                                          "Startup Cost": 1680.00,
                                          "Total Cost": 1680.00,
                                          "Plan Rows": 611,
                                          "Plan Width": 157,
                                          "Actual Startup Time": 34.081,
                                          "Actual Total Time": 34.081,
                                          "Actual Rows": 2047,
                                          "Actual Loops": 1,
                                          "Hash Buckets": 2048,
                                          "Original Hash Buckets": 1024,
                                          "Hash Batches": 1,
                                          "Original Hash Batches": 1,
                                          "Peak Memory Usage": 400,
                                          "Plans": [
                                            {
                                              "Node Type": "Seq Scan",
                                              "Parent Relationship": "Outer",
                                              "Parallel Aware": false,
                                              "Relation Name": "item",
                                              "Alias": "item",
                                              "Startup Cost": 0.00,
                                              "Total Cost": 1680.00,
                                              "Plan Rows": 611,
                                              "Plan Width": 157,
                                              "Actual Startup Time": 0.048,
                                              "Actual Total Time": 32.622,
                                              "Actual Rows": 2047,
                                              "Actual Loops": 1,
                                              "Filter": "(((i_category = ANY ('{Men,Books,Home}'::bpchar[])) AND (i_class = ANY ('{accessories,entertainments,bedding}'::bpchar[]))) OR ((i_category = ANY ('{Women,Children,Music}'::bpchar[])) AND (i_class = ANY ('{maternity,toddlers,classical}'::bpchar[]))))",
                                              "Rows Removed by Filter": 15953
                                            }
                                          ]
                                        }
                                      ]
                                    },
                                    {
                                      "Node Type": "Hash",
                                      "Parent Relationship": "Inner",
                                      "Parallel Aware": false,
                                      "Startup Cost": 1.12,
                                      "Total Cost": 1.12,
                                      "Plan Rows": 12,
                                      "Plan Width": 17,
                                      "Actual Startup Time": 0.039,
                                      "Actual Total Time": 0.039,
                                      "Actual Rows": 12,
                                      "Actual Loops": 1,
                                      "Hash Buckets": 1024,
                                      "Original Hash Buckets": 1024,
                                      "Hash Batches": 1,
                                      "Original Hash Batches": 1,
                                      "Peak Memory Usage": 9,
                                      "Plans": [
                                        {
                                          "Node Type": "Seq Scan",
                                          "Parent Relationship": "Outer",
                                          "Parallel Aware": false,
                                          "Relation Name": "store",
                                          "Alias": "store",
                                          "Startup Cost": 0.00,
                                          "Total Cost": 1.12,
                                          "Plan Rows": 12,
                                          "Plan Width": 17,
                                          "Actual Startup Time": 0.016,
                                          "Actual Total Time": 0.027,
                                          "Actual Rows": 12,
                                          "Actual Loops": 1
                                        }
                                      ]
                                    }
                                  ]
                                }
                              ]
                            }
                          ]
                        }
                      ]
                    }
                  ]
                }
              ]
            }
          ]
        }
      ]
    },
    "Planning Time": 1.615,
    "Triggers": [
    ],
    "Execution Time": 2079.016
  }
]
