[
  {
    "Plan": {
      "Node Type": "Limit",
      "Parallel Aware": false,
      "Startup Cost": 20250.82,
      "Total Cost": 20250.84,
      "Plan Rows": 6,
      "Plan Width": 236,
      "Actual Startup Time": 147019.831,
      "Actual Total Time": 147019.852,
      "Actual Rows": 100,
      "Actual Loops": 1,
      "Plans": [
        {
          "Node Type": "Aggregate",
          "Strategy": "Sorted",
          "Partial Mode": "Simple",
          "Parent Relationship": "InitPlan",
          "Subplan Name": "CTE customer_total_return",
          "Parallel Aware": false,
          "Startup Cost": 7297.11,
          "Total Cost": 7312.97,
          "Plan Rows": 705,
          "Plan Width": 39,
          "Actual Startup Time": 208.030,
          "Actual Total Time": 245.661,
          "Actual Rows": 27598,
          "Actual Loops": 1,
          "Group Key": ["catalog_returns.cr_returning_customer_sk", "customer_address_1.ca_state"],
          "Plans": [
            {
              "Node Type": "Sort",
              "Parent Relationship": "Outer",
              "Parallel Aware": false,
              "Startup Cost": 7297.11,
              "Total Cost": 7298.87,
              "Plan Rows": 705,
              "Plan Width": 13,
              "Actual Startup Time": 208.015,
              "Actual Total Time": 211.988,
              "Actual Rows": 28069,
              "Actual Loops": 1,
              "Sort Key": ["catalog_returns.cr_returning_customer_sk", "customer_address_1.ca_state"],
              "Sort Method": "quicksort",
              "Sort Space Used": 2084,
              "Sort Space Type": "Memory",
              "Plans": [
                {
                  "Node Type": "Nested Loop",
                  "Parent Relationship": "Outer",
                  "Parallel Aware": false,
                  "Join Type": "Inner",
                  "Startup Cost": 2322.95,
                  "Total Cost": 7263.76,
                  "Plan Rows": 705,
                  "Plan Width": 13,
                  "Actual Startup Time": 19.121,
                  "Actual Total Time": 185.608,
                  "Actual Rows": 28069,
                  "Actual Loops": 1,
                  "Inner Unique": true,
                  "Plans": [
                    {
                      "Node Type": "Hash Join",
                      "Parent Relationship": "Outer",
                      "Parallel Aware": false,
                      "Join Type": "Inner",
                      "Startup Cost": 2322.66,
                      "Total Cost": 7018.53,
                      "Plan Rows": 718,
                      "Plan Width": 14,
                      "Actual Startup Time": 19.079,
                      "Actual Total Time": 77.375,
                      "Actual Rows": 28626,
                      "Actual Loops": 1,
                      "Inner Unique": true,
                      "Hash Cond": "(catalog_returns.cr_returned_date_sk = date_dim.d_date_sk)",
                      "Plans": [
                        {
                          "Node Type": "Seq Scan",
                          "Parent Relationship": "Outer",
                          "Parallel Aware": false,
                          "Relation Name": "catalog_returns",
                          "Alias": "catalog_returns",
                          "Startup Cost": 0.00,
                          "Total Cost": 4317.67,
                          "Plan Rows": 144067,
                          "Plan Width": 18,
                          "Actual Startup Time": 0.012,
                          "Actual Total Time": 22.187,
                          "Actual Rows": 144067,
                          "Actual Loops": 1
                        },
                        {
                          "Node Type": "Hash",
                          "Parent Relationship": "Inner",
                          "Parallel Aware": false,
                          "Startup Cost": 2318.11,
                          "Total Cost": 2318.11,
                          "Plan Rows": 364,
                          "Plan Width": 4,
                          "Actual Startup Time": 15.096,
                          "Actual Total Time": 15.097,
                          "Actual Rows": 365,
                          "Actual Loops": 1,
                          "Hash Buckets": 1024,
                          "Original Hash Buckets": 1024,
                          "Hash Batches": 1,
                          "Original Hash Batches": 1,
                          "Peak Memory Usage": 21,
                          "Plans": [
                            {
                              "Node Type": "Seq Scan",
                              "Parent Relationship": "Outer",
                              "Parallel Aware": false,
                              "Relation Name": "date_dim",
                              "Alias": "date_dim",
                              "Startup Cost": 0.00,
                              "Total Cost": 2318.11,
                              "Plan Rows": 364,
                              "Plan Width": 4,
                              "Actual Startup Time": 7.578,
                              "Actual Total Time": 15.007,
                              "Actual Rows": 365,
                              "Actual Loops": 1,
                              "Filter": "(d_year = 2001)",
                              "Rows Removed by Filter": 72684
                            }
                          ]
                        }
                      ]
                    },
                    {
                      "Node Type": "Index Scan",
                      "Parent Relationship": "Inner",
                      "Parallel Aware": false,
                      "Scan Direction": "Forward",
                      "Index Name": "customer_address_pkey",
                      "Relation Name": "customer_address",
                      "Alias": "customer_address_1",
                      "Startup Cost": 0.29,
                      "Total Cost": 0.34,
                      "Plan Rows": 1,
                      "Plan Width": 7,
                      "Actual Startup Time": 0.003,
                      "Actual Total Time": 0.003,
                      "Actual Rows": 1,
                      "Actual Loops": 28626,
                      "Index Cond": "(ca_address_sk = catalog_returns.cr_returning_addr_sk)",
                      "Rows Removed by Index Recheck": 0
                    }
                  ]
                }
              ]
            }
          ]
        },
        {
          "Node Type": "Sort",
          "Parent Relationship": "Outer",
          "Parallel Aware": false,
          "Startup Cost": 12937.85,
          "Total Cost": 12937.87,
          "Plan Rows": 6,
          "Plan Width": 236,
          "Actual Startup Time": 147019.830,
          "Actual Total Time": 147019.838,
          "Actual Rows": 100,
          "Actual Loops": 1,
          "Sort Key": ["customer.c_customer_id", "customer.c_salutation", "customer.c_first_name", "customer.c_last_name", "customer_address.ca_street_number", "customer_address.ca_street_name", "customer_address.ca_street_type", "customer_address.ca_suite_number", "customer_address.ca_city", "customer_address.ca_county", "customer_address.ca_zip", "customer_address.ca_country", "customer_address.ca_gmt_offset", "customer_address.ca_location_type", "ctr1.ctr_total_return"],
          "Sort Method": "quicksort",
          "Sort Space Used": 70,
          "Sort Space Type": "Memory",
          "Plans": [
            {
              "Node Type": "Nested Loop",
              "Parent Relationship": "Outer",
              "Parallel Aware": false,
              "Join Type": "Inner",
              "Startup Cost": 0.58,
              "Total Cost": 12937.77,
              "Plan Rows": 6,
              "Plan Width": 236,
              "Actual Startup Time": 892.331,
              "Actual Total Time": 147018.221,
              "Actual Rows": 172,
              "Actual Loops": 1,
              "Inner Unique": true,
              "Plans": [
                {
                  "Node Type": "Nested Loop",
                  "Parent Relationship": "Outer",
                  "Parallel Aware": false,
                  "Join Type": "Inner",
                  "Startup Cost": 0.29,
                  "Total Cost": 12853.40,
                  "Plan Rows": 235,
                  "Plan Width": 116,
                  "Actual Startup Time": 267.846,
                  "Actual Total Time": 146964.702,
                  "Actual Rows": 6802,
                  "Actual Loops": 1,
                  "Inner Unique": true,
                  "Plans": [
                    {
                      "Node Type": "CTE Scan",
                      "Parent Relationship": "Outer",
                      "Parallel Aware": false,
                      "CTE Name": "customer_total_return",
                      "Alias": "ctr1",
                      "Startup Cost": 0.00,
                      "Total Cost": 11216.55,
                      "Plan Rows": 235,
                      "Plan Width": 36,
                      "Actual Startup Time": 267.825,
                      "Actual Total Time": 146865.216,
                      "Actual Rows": 6827,
                      "Actual Loops": 1,
                      "Filter": "(ctr_total_return > (SubPlan 2))",
                      "Rows Removed by Filter": 20771,
                      "Plans": [
                        {
                          "Node Type": "Aggregate",
                          "Strategy": "Plain",
                          "Partial Mode": "Simple",
                          "Parent Relationship": "SubPlan",
                          "Subplan Name": "SubPlan 2",
                          "Parallel Aware": false,
                          "Startup Cost": 15.87,
                          "Total Cost": 15.89,
                          "Plan Rows": 1,
                          "Plan Width": 32,
                          "Actual Startup Time": 5.311,
                          "Actual Total Time": 5.311,
                          "Actual Rows": 1,
                          "Actual Loops": 27598,
                          "Plans": [
                            {
                              "Node Type": "CTE Scan",
                              "Parent Relationship": "Outer",
                              "Parallel Aware": false,
                              "CTE Name": "customer_total_return",
                              "Alias": "ctr2",
                              "Startup Cost": 0.00,
                              "Total Cost": 15.86,
                              "Plan Rows": 4,
                              "Plan Width": 32,
                              "Actual Startup Time": 0.143,
                              "Actual Total Time": 5.095,
                              "Actual Rows": 804,
                              "Actual Loops": 27598,
                              "Filter": "(ctr1.ctr_state = ctr_state)",
                              "Rows Removed by Filter": 26794
                            }
                          ]
                        }
                      ]
                    },
                    {
                      "Node Type": "Index Scan",
                      "Parent Relationship": "Inner",
                      "Parallel Aware": false,
                      "Scan Direction": "Forward",
                      "Index Name": "customer_pkey",
                      "Relation Name": "customer",
                      "Alias": "customer",
                      "Startup Cost": 0.29,
                      "Total Cost": 6.97,
                      "Plan Rows": 1,
                      "Plan Width": 88,
                      "Actual Startup Time": 0.010,
                      "Actual Total Time": 0.010,
                      "Actual Rows": 1,
                      "Actual Loops": 6827,
                      "Index Cond": "(c_customer_sk = ctr1.ctr_customer_sk)",
                      "Rows Removed by Index Recheck": 0
                    }
                  ]
                },
                {
                  "Node Type": "Index Scan",
                  "Parent Relationship": "Inner",
                  "Parallel Aware": false,
                  "Scan Direction": "Forward",
                  "Index Name": "customer_address_pkey",
                  "Relation Name": "customer_address",
                  "Alias": "customer_address",
                  "Startup Cost": 0.29,
                  "Total Cost": 0.36,
                  "Plan Rows": 1,
                  "Plan Width": 128,
                  "Actual Startup Time": 0.007,
                  "Actual Total Time": 0.007,
                  "Actual Rows": 0,
                  "Actual Loops": 6802,
                  "Index Cond": "(ca_address_sk = customer.c_current_addr_sk)",
                  "Rows Removed by Index Recheck": 0,
                  "Filter": "(ca_state = 'MN'::bpchar)",
                  "Rows Removed by Filter": 1
                }
              ]
            }
          ]
        }
      ]
    },
    "Planning Time": 1.480,
    "Triggers": [
    ],
    "Execution Time": 147020.559
  }
]
SET
