                                                              QUERY PLAN                                                              
--------------------------------------------------------------------------------------------------------------------------------------
 [                                                                                                                                   +
   {                                                                                                                                 +
     "Plan": {                                                                                                                       +
       "Node Type": "Limit",                                                                                                         +
       "Parallel Aware": false,                                                                                                      +
       "Startup Cost": 25707.02,                                                                                                     +
       "Total Cost": 25813.90,                                                                                                       +
       "Plan Rows": 100,                                                                                                             +
       "Plan Width": 110,                                                                                                            +
       "Actual Startup Time": 597.423,                                                                                               +
       "Actual Total Time": 651.235,                                                                                                 +
       "Actual Rows": 100,                                                                                                           +
       "Actual Loops": 1,                                                                                                            +
       "Plans": [                                                                                                                    +
         {                                                                                                                           +
           "Node Type": "Aggregate",                                                                                                 +
           "Strategy": "Sorted",                                                                                                     +
           "Partial Mode": "Finalize",                                                                                               +
           "Parent Relationship": "Outer",                                                                                           +
           "Parallel Aware": false,                                                                                                  +
           "Startup Cost": 25707.02,                                                                                                 +
           "Total Cost": 25835.27,                                                                                                   +
           "Plan Rows": 120,                                                                                                         +
           "Plan Width": 110,                                                                                                        +
           "Actual Startup Time": 597.422,                                                                                           +
           "Actual Total Time": 651.042,                                                                                             +
           "Actual Rows": 100,                                                                                                       +
           "Actual Loops": 1,                                                                                                        +
           "Group Key": ["(substr((warehouse.w_warehouse_name)::text, 1, 20))", "ship_mode.sm_type", "web_site.web_name"],           +
           "Plans": [                                                                                                                +
             {                                                                                                                       +
               "Node Type": "Gather Merge",                                                                                          +
               "Parent Relationship": "Outer",                                                                                       +
               "Parallel Aware": false,                                                                                              +
               "Startup Cost": 25707.02,                                                                                             +
               "Total Cost": 25828.97,                                                                                               +
               "Plan Rows": 240,                                                                                                     +
               "Plan Width": 110,                                                                                                    +
               "Actual Startup Time": 596.760,                                                                                       +
               "Actual Total Time": 650.670,                                                                                         +
               "Actual Rows": 301,                                                                                                   +
               "Actual Loops": 1,                                                                                                    +
               "Workers Planned": 2,                                                                                                 +
               "Workers Launched": 2,                                                                                                +
               "Plans": [                                                                                                            +
                 {                                                                                                                   +
                   "Node Type": "Aggregate",                                                                                         +
                   "Strategy": "Sorted",                                                                                             +
                   "Partial Mode": "Partial",                                                                                        +
                   "Parent Relationship": "Outer",                                                                                   +
                   "Parallel Aware": false,                                                                                          +
                   "Startup Cost": 24707.00,                                                                                         +
                   "Total Cost": 24801.25,                                                                                           +
                   "Plan Rows": 120,                                                                                                 +
                   "Plan Width": 110,                                                                                                +
                   "Actual Startup Time": 560.246,                                                                                   +
                   "Actual Total Time": 626.725,                                                                                     +
                   "Actual Rows": 134,                                                                                               +
                   "Actual Loops": 3,                                                                                                +
                   "Group Key": ["(substr((warehouse.w_warehouse_name)::text, 1, 20))", "ship_mode.sm_type", "web_site.web_name"],   +
                   "Plans": [                                                                                                        +
                     {                                                                                                               +
                       "Node Type": "Sort",                                                                                          +
                       "Parent Relationship": "Outer",                                                                               +
                       "Parallel Aware": false,                                                                                      +
                       "Startup Cost": 24707.00,                                                                                     +
                       "Total Cost": 24710.71,                                                                                       +
                       "Plan Rows": 1484,                                                                                            +
                       "Plan Width": 78,                                                                                             +
                       "Actual Startup Time": 559.641,                                                                               +
                       "Actual Total Time": 581.677,                                                                                 +
                       "Actual Rows": 42315,                                                                                         +
                       "Actual Loops": 3,                                                                                            +
                       "Sort Key": ["(substr((warehouse.w_warehouse_name)::text, 1, 20))", "ship_mode.sm_type", "web_site.web_name"],+
                       "Sort Method": "external merge",                                                                              +
                       "Sort Space Used": 3688,                                                                                      +
                       "Sort Space Type": "Disk",                                                                                    +
                       "Workers": [                                                                                                  +
                         {                                                                                                           +
                           "Worker Number": 0,                                                                                       +
                           "Sort Method": "external merge",                                                                          +
                           "Sort Space Used": 3184,                                                                                  +
                           "Sort Space Type": "Disk"                                                                                 +
                         },                                                                                                          +
                         {                                                                                                           +
                           "Worker Number": 1,                                                                                       +
                           "Sort Method": "external merge",                                                                          +
                           "Sort Space Used": 3328,                                                                                  +
                           "Sort Space Type": "Disk"                                                                                 +
                         }                                                                                                           +
                       ],                                                                                                            +
                       "Plans": [                                                                                                    +
                         {                                                                                                           +
                           "Node Type": "Hash Join",                                                                                 +
                           "Parent Relationship": "Outer",                                                                           +
                           "Parallel Aware": false,                                                                                  +
                           "Join Type": "Inner",                                                                                     +
                           "Startup Cost": 2057.45,                                                                                  +
                           "Total Cost": 24628.83,                                                                                   +
                           "Plan Rows": 1484,                                                                                        +
                           "Plan Width": 78,                                                                                         +
                           "Actual Startup Time": 15.452,                                                                            +
                           "Actual Total Time": 305.851,                                                                             +
                           "Actual Rows": 47817,                                                                                     +
                           "Actual Loops": 3,                                                                                        +
                           "Inner Unique": true,                                                                                     +
                           "Hash Cond": "(web_sales.ws_ship_mode_sk = ship_mode.sm_ship_mode_sk)",                                   +
                           "Plans": [                                                                                                +
                             {                                                                                                       +
                               "Node Type": "Hash Join",                                                                             +
                               "Parent Relationship": "Outer",                                                                       +
                               "Parallel Aware": false,                                                                              +
                               "Join Type": "Inner",                                                                                 +
                               "Startup Cost": 2056.00,                                                                              +
                               "Total Cost": 24618.95,                                                                               +
                               "Plan Rows": 1484,                                                                                    +
                               "Plan Width": 37,                                                                                     +
                               "Actual Startup Time": 15.169,                                                                        +
                               "Actual Total Time": 258.251,                                                                         +
                               "Actual Rows": 47819,                                                                                 +
                               "Actual Loops": 3,                                                                                    +
                               "Inner Unique": true,                                                                                 +
                               "Hash Cond": "(web_sales.ws_web_site_sk = web_site.web_site_sk)",                                     +
                               "Plans": [                                                                                            +
                                 {                                                                                                   +
                                   "Node Type": "Hash Join",                                                                         +
                                   "Parent Relationship": "Outer",                                                                   +
                                   "Parallel Aware": false,                                                                          +
                                   "Join Type": "Inner",                                                                             +
                                   "Startup Cost": 2053.33,                                                                          +
                                   "Total Cost": 24611.83,                                                                           +
                                   "Plan Rows": 1485,                                                                                +
                                   "Plan Width": 34,                                                                                 +
                                   "Actual Startup Time": 15.014,                                                                    +
                                   "Actual Total Time": 232.615,                                                                     +
                                   "Actual Rows": 47823,                                                                             +
                                   "Actual Loops": 3,                                                                                +
                                   "Inner Unique": true,                                                                             +
                                   "Hash Cond": "(web_sales.ws_warehouse_sk = warehouse.w_warehouse_sk)",                            +
                                   "Plans": [                                                                                        +
                                     {                                                                                               +
                                       "Node Type": "Hash Join",                                                                     +
                                       "Parent Relationship": "Outer",                                                               +
                                       "Parallel Aware": true,                                                                       +
                                       "Join Type": "Inner",                                                                         +
                                       "Startup Cost": 2052.21,                                                                      +
                                       "Total Cost": 24603.52,                                                                       +
                                       "Plan Rows": 1485,                                                                            +
                                       "Plan Width": 20,                                                                             +
                                       "Actual Startup Time": 14.910,                                                                +
                                       "Actual Total Time": 207.172,                                                                 +
                                       "Actual Rows": 47828,                                                                         +
                                       "Actual Loops": 3,                                                                            +
                                       "Inner Unique": true,                                                                         +
                                       "Hash Cond": "(web_sales.ws_ship_date_sk = date_dim.d_date_sk)",                              +
                                       "Plans": [                                                                                    +
                                         {                                                                                           +
                                           "Node Type": "Seq Scan",                                                                  +
                                           "Parent Relationship": "Outer",                                                           +
                                           "Parallel Aware": true,                                                                   +
                                           "Relation Name": "web_sales",                                                             +
                                           "Alias": "web_sales",                                                                     +
                                           "Startup Cost": 0.00,                                                                     +
                                           "Total Cost": 21764.43,                                                                   +
                                           "Plan Rows": 299743,                                                                      +
                                           "Plan Width": 20,                                                                         +
                                           "Actual Startup Time": 0.022,                                                             +
                                           "Actual Total Time": 94.780,                                                              +
                                           "Actual Rows": 239795,                                                                    +
                                           "Actual Loops": 3                                                                         +
                                         },                                                                                          +
                                         {                                                                                           +
                                           "Node Type": "Hash",                                                                      +
                                           "Parent Relationship": "Inner",                                                           +
                                           "Parallel Aware": true,                                                                   +
                                           "Startup Cost": 2049.55,                                                                  +
                                           "Total Cost": 2049.55,                                                                    +
                                           "Plan Rows": 213,                                                                         +
                                           "Plan Width": 4,                                                                          +
                                           "Actual Startup Time": 14.792,                                                            +
                                           "Actual Total Time": 14.792,                                                              +
                                           "Actual Rows": 122,                                                                       +
                                           "Actual Loops": 3,                                                                        +
                                           "Hash Buckets": 1024,                                                                     +
                                           "Original Hash Buckets": 1024,                                                            +
                                           "Hash Batches": 1,                                                                        +
                                           "Original Hash Batches": 1,                                                               +
                                           "Peak Memory Usage": 104,                                                                 +
                                           "Plans": [                                                                                +
                                             {                                                                                       +
                                               "Node Type": "Seq Scan",                                                              +
                                               "Parent Relationship": "Outer",                                                       +
                                               "Parallel Aware": true,                                                               +
                                               "Relation Name": "date_dim",                                                          +
                                               "Alias": "date_dim",                                                                  +
                                               "Startup Cost": 0.00,                                                                 +
                                               "Total Cost": 2049.55,                                                                +
                                               "Plan Rows": 213,                                                                     +
                                               "Plan Width": 4,                                                                      +
                                               "Actual Startup Time": 6.383,                                                         +
                                               "Actual Total Time": 14.548,                                                          +
                                               "Actual Rows": 122,                                                                   +
                                               "Actual Loops": 3,                                                                    +
                                               "Filter": "((d_month_seq >= 1195) AND (d_month_seq <= 1206))",                        +
                                               "Rows Removed by Filter": 24228                                                       +
                                             }                                                                                       +
                                           ]                                                                                         +
                                         }                                                                                           +
                                       ]                                                                                             +
                                     },                                                                                              +
                                     {                                                                                               +
                                       "Node Type": "Hash",                                                                          +
                                       "Parent Relationship": "Inner",                                                               +
                                       "Parallel Aware": false,                                                                      +
                                       "Startup Cost": 1.05,                                                                         +
                                       "Total Cost": 1.05,                                                                           +
                                       "Plan Rows": 5,                                                                               +
                                       "Plan Width": 22,                                                                             +
                                       "Actual Startup Time": 0.064,                                                                 +
                                       "Actual Total Time": 0.064,                                                                   +
                                       "Actual Rows": 5,                                                                             +
                                       "Actual Loops": 3,                                                                            +
                                       "Hash Buckets": 1024,                                                                         +
                                       "Original Hash Buckets": 1024,                                                                +
                                       "Hash Batches": 1,                                                                            +
                                       "Original Hash Batches": 1,                                                                   +
                                       "Peak Memory Usage": 9,                                                                       +
                                       "Plans": [                                                                                    +
                                         {                                                                                           +
                                           "Node Type": "Seq Scan",                                                                  +
                                           "Parent Relationship": "Outer",                                                           +
                                           "Parallel Aware": false,                                                                  +
                                           "Relation Name": "warehouse",                                                             +
                                           "Alias": "warehouse",                                                                     +
                                           "Startup Cost": 0.00,                                                                     +
                                           "Total Cost": 1.05,                                                                       +
                                           "Plan Rows": 5,                                                                           +
                                           "Plan Width": 22,                                                                         +
                                           "Actual Startup Time": 0.049,                                                             +
                                           "Actual Total Time": 0.052,                                                               +
                                           "Actual Rows": 5,                                                                         +
                                           "Actual Loops": 3                                                                         +
                                         }                                                                                           +
                                       ]                                                                                             +
                                     }                                                                                               +
                                   ]                                                                                                 +
                                 },                                                                                                  +
                                 {                                                                                                   +
                                   "Node Type": "Hash",                                                                              +
                                   "Parent Relationship": "Inner",                                                                   +
                                   "Parallel Aware": false,                                                                          +
                                   "Startup Cost": 2.30,                                                                             +
                                   "Total Cost": 2.30,                                                                               +
                                   "Plan Rows": 30,                                                                                  +
                                   "Plan Width": 11,                                                                                 +
                                   "Actual Startup Time": 0.116,                                                                     +
                                   "Actual Total Time": 0.117,                                                                       +
                                   "Actual Rows": 30,                                                                                +
                                   "Actual Loops": 3,                                                                                +
                                   "Hash Buckets": 1024,                                                                             +
                                   "Original Hash Buckets": 1024,                                                                    +
                                   "Hash Batches": 1,                                                                                +
                                   "Original Hash Batches": 1,                                                                       +
                                   "Peak Memory Usage": 10,                                                                          +
                                   "Plans": [                                                                                        +
                                     {                                                                                               +
                                       "Node Type": "Seq Scan",                                                                      +
                                       "Parent Relationship": "Outer",                                                               +
                                       "Parallel Aware": false,                                                                      +
                                       "Relation Name": "web_site",                                                                  +
                                       "Alias": "web_site",                                                                          +
                                       "Startup Cost": 0.00,                                                                         +
                                       "Total Cost": 2.30,                                                                           +
                                       "Plan Rows": 30,                                                                              +
                                       "Plan Width": 11,                                                                             +
                                       "Actual Startup Time": 0.067,                                                                 +
                                       "Actual Total Time": 0.092,                                                                   +
                                       "Actual Rows": 30,                                                                            +
                                       "Actual Loops": 3                                                                             +
                                     }                                                                                               +
                                   ]                                                                                                 +
                                 }                                                                                                   +
                               ]                                                                                                     +
                             },                                                                                                      +
                             {                                                                                                       +
                               "Node Type": "Hash",                                                                                  +
                               "Parent Relationship": "Inner",                                                                       +
                               "Parallel Aware": false,                                                                              +
                               "Startup Cost": 1.20,                                                                                 +
                               "Total Cost": 1.20,                                                                                   +
                               "Plan Rows": 20,                                                                                      +
                               "Plan Width": 35,                                                                                     +
                               "Actual Startup Time": 0.177,                                                                         +
                               "Actual Total Time": 0.177,                                                                           +
                               "Actual Rows": 20,                                                                                    +
                               "Actual Loops": 3,                                                                                    +
                               "Hash Buckets": 1024,                                                                                 +
                               "Original Hash Buckets": 1024,                                                                        +
                               "Hash Batches": 1,                                                                                    +
                               "Original Hash Batches": 1,                                                                           +
                               "Peak Memory Usage": 10,                                                                              +
                               "Plans": [                                                                                            +
                                 {                                                                                                   +
                                   "Node Type": "Seq Scan",                                                                          +
                                   "Parent Relationship": "Outer",                                                                   +
                                   "Parallel Aware": false,                                                                          +
                                   "Relation Name": "ship_mode",                                                                     +
                                   "Alias": "ship_mode",                                                                             +
                                   "Startup Cost": 0.00,                                                                             +
                                   "Total Cost": 1.20,                                                                               +
                                   "Plan Rows": 20,                                                                                  +
                                   "Plan Width": 35,                                                                                 +
                                   "Actual Startup Time": 0.114,                                                                     +
                                   "Actual Total Time": 0.123,                                                                       +
                                   "Actual Rows": 20,                                                                                +
                                   "Actual Loops": 3                                                                                 +
                                 }                                                                                                   +
                               ]                                                                                                     +
                             }                                                                                                       +
                           ]                                                                                                         +
                         }                                                                                                           +
                       ]                                                                                                             +
                     }                                                                                                               +
                   ]                                                                                                                 +
                 }                                                                                                                   +
               ]                                                                                                                     +
             }                                                                                                                       +
           ]                                                                                                                         +
         }                                                                                                                           +
       ]                                                                                                                             +
     },                                                                                                                              +
     "Planning Time": 6.300,                                                                                                         +
     "Triggers": [                                                                                                                   +
     ],                                                                                                                              +
     "Execution Time": 653.584                                                                                                       +
   }                                                                                                                                 +
 ]
(1 row)

