[
  {
    "Plan": {
      "Node Type": "Sort",
      "Parallel Aware": false,
      "Startup Cost": 142986.61,
      "Total Cost": 142986.64,
      "Plan Rows": 10,
      "Plan Width": 95,
      "Actual Startup Time": 760.149,
      "Actual Total Time": 760.268,
      "Actual Rows": 1054,
      "Actual Loops": 1,
      "Sort Key": ["(sum(\"*SELECT* 3\".ext_price)) DESC", "item.i_brand_id"],
      "Sort Method": "quicksort",
      "Sort Space Used": 197,
      "Sort Space Type": "Memory",
      "Plans": [
        {
          "Node Type": "Aggregate",
          "Strategy": "Sorted",
          "Partial Mode": "Finalize",
          "Parent Relationship": "Outer",
          "Parallel Aware": false,
          "Startup Cost": 142985.17,
          "Total Cost": 142986.45,
          "Plan Rows": 10,
          "Plan Width": 95,
          "Actual Startup Time": 755.691,
          "Actual Total Time": 759.403,
          "Actual Rows": 1054,
          "Actual Loops": 1,
          "Group Key": ["item.i_brand", "item.i_brand_id", "time_dim.t_hour", "time_dim.t_minute"],
          "Plans": [
            {
              "Node Type": "Gather Merge",
              "Parent Relationship": "Outer",
              "Parallel Aware": false,
              "Startup Cost": 142985.17,
              "Total Cost": 142986.20,
              "Plan Rows": 8,
              "Plan Width": 95,
              "Actual Startup Time": 755.673,
              "Actual Total Time": 757.626,
              "Actual Rows": 1063,
              "Actual Loops": 1,
              "Workers Planned": 2,
              "Workers Launched": 2,
              "Plans": [
                {
                  "Node Type": "Aggregate",
                  "Strategy": "Sorted",
                  "Partial Mode": "Partial",
                  "Parent Relationship": "Outer",
                  "Parallel Aware": false,
                  "Startup Cost": 141985.14,
                  "Total Cost": 141985.25,
                  "Plan Rows": 4,
                  "Plan Width": 95,
                  "Actual Startup Time": 749.503,
                  "Actual Total Time": 750.146,
                  "Actual Rows": 354,
                  "Actual Loops": 3,
                  "Group Key": ["item.i_brand", "item.i_brand_id", "time_dim.t_hour", "time_dim.t_minute"],
                  "Plans": [
                    {
                      "Node Type": "Sort",
                      "Parent Relationship": "Outer",
                      "Parallel Aware": false,
                      "Startup Cost": 141985.14,
                      "Total Cost": 141985.15,
                      "Plan Rows": 4,
                      "Plan Width": 69,
                      "Actual Startup Time": 749.466,
                      "Actual Total Time": 749.512,
                      "Actual Rows": 357,
                      "Actual Loops": 3,
                      "Sort Key": ["item.i_brand", "item.i_brand_id", "time_dim.t_hour", "time_dim.t_minute"],
                      "Sort Method": "quicksort",
                      "Sort Space Used": 79,
                      "Sort Space Type": "Memory",
                      "Workers": [
                        {
                          "Worker Number": 0,
                          "Sort Method": "quicksort",
                          "Sort Space Used": 66,
                          "Sort Space Type": "Memory"
                        },
                        {
                          "Worker Number": 1,
                          "Sort Method": "quicksort",
                          "Sort Space Used": 79,
                          "Sort Space Type": "Memory"
                        }
                      ],
                      "Plans": [
                        {
                          "Node Type": "Nested Loop",
                          "Parent Relationship": "Outer",
                          "Parallel Aware": false,
                          "Join Type": "Inner",
                          "Startup Cost": 3414.78,
                          "Total Cost": 141985.10,
                          "Plan Rows": 4,
                          "Plan Width": 69,
                          "Actual Startup Time": 124.142,
                          "Actual Total Time": 746.552,
                          "Actual Rows": 357,
                          "Actual Loops": 3,
                          "Inner Unique": true,
                          "Plans": [
                            {
                              "Node Type": "Hash Join",
                              "Parent Relationship": "Outer",
                              "Parallel Aware": true,
                              "Join Type": "Inner",
                              "Startup Cost": 3414.49,
                              "Total Cost": 141938.40,
                              "Plan Rows": 15,
                              "Plan Width": 65,
                              "Actual Startup Time": 123.000,
                              "Actual Total Time": 736.580,
                              "Actual Rows": 981,
                              "Actual Loops": 3,
                              "Inner Unique": true,
                              "Hash Cond": "(\"*SELECT* 3\".sold_item_sk = item.i_item_sk)",
                              "Plans": [
                                {
                                  "Node Type": "Append",
                                  "Parent Relationship": "Outer",
                                  "Parallel Aware": true,
                                  "Startup Cost": 2049.78,
                                  "Total Cost": 140568.40,
                                  "Plan Rows": 2014,
                                  "Plan Width": 14,
                                  "Actual Startup Time": 109.249,
                                  "Actual Total Time": 722.338,
                                  "Actual Rows": 52876,
                                  "Actual Loops": 3,
                                  "Plans": [
                                    {
                                      "Node Type": "Subquery Scan",
                                      "Parent Relationship": "Member",
                                      "Parallel Aware": false,
                                      "Alias": "*SELECT* 3",
                                      "Startup Cost": 2049.78,
                                      "Total Cost": 68909.61,
                                      "Plan Rows": 1130,
                                      "Plan Width": 14,
                                      "Actual Startup Time": 8.576,
                                      "Actual Total Time": 387.255,
                                      "Actual Rows": 29432,
                                      "Actual Loops": 3,
                                      "Plans": [
                                        {
                                          "Node Type": "Hash Join",
                                          "Parent Relationship": "Subquery",
                                          "Parallel Aware": true,
                                          "Join Type": "Inner",
                                          "Startup Cost": 2049.78,
                                          "Total Cost": 68898.31,
                                          "Plan Rows": 471,
                                          "Plan Width": 18,
                                          "Actual Startup Time": 8.575,
                                          "Actual Total Time": 381.698,
                                          "Actual Rows": 29432,
                                          "Actual Loops": 3,
                                          "Inner Unique": true,
                                          "Hash Cond": "(store_sales.ss_sold_date_sk = date_dim.d_date_sk)",
                                          "Plans": [
                                            {
                                              "Node Type": "Seq Scan",
                                              "Parent Relationship": "Outer",
                                              "Parallel Aware": true,
                                              "Relation Name": "store_sales",
                                              "Alias": "store_sales",
                                              "Startup Cost": 0.00,
                                              "Total Cost": 63697.87,
                                              "Plan Rows": 1200187,
                                              "Plan Width": 18,
                                              "Actual Startup Time": 0.071,
                                              "Actual Total Time": 198.338,
                                              "Actual Rows": 960135,
                                              "Actual Loops": 3
                                            },
                                            {
                                              "Node Type": "Hash",
                                              "Parent Relationship": "Inner",
                                              "Parallel Aware": true,
                                              "Startup Cost": 2049.55,
                                              "Total Cost": 2049.55,
                                              "Plan Rows": 18,
                                              "Plan Width": 4,
                                              "Actual Startup Time": 8.315,
                                              "Actual Total Time": 8.315,
                                              "Actual Rows": 10,
                                              "Actual Loops": 3,
                                              "Hash Buckets": 1024,
                                              "Original Hash Buckets": 1024,
                                              "Hash Batches": 1,
                                              "Original Hash Batches": 1,
                                              "Peak Memory Usage": 40,
                                              "Plans": [
                                                {
                                                  "Node Type": "Seq Scan",
                                                  "Parent Relationship": "Outer",
                                                  "Parallel Aware": true,
                                                  "Relation Name": "date_dim",
                                                  "Alias": "date_dim",
                                                  "Startup Cost": 0.00,
                                                  "Total Cost": 2049.55,
                                                  "Plan Rows": 18,
                                                  "Plan Width": 4,
                                                  "Actual Startup Time": 13.345,
                                                  "Actual Total Time": 24.903,
                                                  "Actual Rows": 30,
                                                  "Actual Loops": 1,
                                                  "Filter": "((d_moy = 11) AND (d_year = 2002))",
                                                  "Rows Removed by Filter": 73019
                                                }
                                              ]
                                            }
                                          ]
                                        }
                                      ]
                                    },
                                    {
                                      "Node Type": "Subquery Scan",
                                      "Parent Relationship": "Member",
                                      "Parallel Aware": false,
                                      "Alias": "*SELECT* 2",
                                      "Startup Cost": 2049.78,
                                      "Total Cost": 47044.69,
                                      "Plan Rows": 589,
                                      "Plan Width": 14,
                                      "Actual Startup Time": 142.387,
                                      "Actual Total Time": 329.793,
                                      "Actual Rows": 23272,
                                      "Actual Loops": 2,
                                      "Plans": [
                                        {
                                          "Node Type": "Hash Join",
                                          "Parent Relationship": "Subquery",
                                          "Parallel Aware": true,
                                          "Join Type": "Inner",
                                          "Startup Cost": 2049.78,
                                          "Total Cost": 47038.80,
                                          "Plan Rows": 245,
                                          "Plan Width": 18,
                                          "Actual Startup Time": 142.386,
                                          "Actual Total Time": 325.575,
                                          "Actual Rows": 23272,
                                          "Actual Loops": 2,
                                          "Inner Unique": true,
                                          "Hash Cond": "(catalog_sales.cs_sold_date_sk = date_dim_1.d_date_sk)",
                                          "Plans": [
                                            {
                                              "Node Type": "Seq Scan",
                                              "Parent Relationship": "Outer",
                                              "Parallel Aware": true,
                                              "Relation Name": "catalog_sales",
                                              "Alias": "catalog_sales",
                                              "Startup Cost": 0.00,
                                              "Total Cost": 43412.07,
                                              "Plan Rows": 600708,
                                              "Plan Width": 18,
                                              "Actual Startup Time": 0.063,
                                              "Actual Total Time": 176.721,
                                              "Actual Rows": 720774,
                                              "Actual Loops": 2
                                            },
                                            {
                                              "Node Type": "Hash",
                                              "Parent Relationship": "Inner",
                                              "Parallel Aware": true,
                                              "Startup Cost": 2049.55,
                                              "Total Cost": 2049.55,
                                              "Plan Rows": 18,
                                              "Plan Width": 4,
                                              "Actual Startup Time": 12.457,
                                              "Actual Total Time": 12.458,
                                              "Actual Rows": 15,
                                              "Actual Loops": 2,
                                              "Hash Buckets": 1024,
                                              "Original Hash Buckets": 1024,
                                              "Hash Batches": 1,
                                              "Original Hash Batches": 1,
                                              "Peak Memory Usage": 40,
                                              "Plans": [
                                                {
                                                  "Node Type": "Seq Scan",
                                                  "Parent Relationship": "Outer",
                                                  "Parallel Aware": true,
                                                  "Relation Name": "date_dim",
                                                  "Alias": "date_dim_1",
                                                  "Startup Cost": 0.00,
                                                  "Total Cost": 2049.55,
                                                  "Plan Rows": 18,
                                                  "Plan Width": 4,
                                                  "Actual Startup Time": 13.314,
                                                  "Actual Total Time": 24.887,
                                                  "Actual Rows": 30,
                                                  "Actual Loops": 1,
                                                  "Filter": "((d_moy = 11) AND (d_year = 2002))",
                                                  "Rows Removed by Filter": 73019
                                                }
                                              ]
                                            }
                                          ]
                                        }
                                      ]
                                    },
                                    {
                                      "Node Type": "Subquery Scan",
                                      "Parent Relationship": "Member",
                                      "Parallel Aware": false,
                                      "Alias": "*SELECT* 1",
                                      "Startup Cost": 2049.78,
                                      "Total Cost": 24604.03,
                                      "Plan Rows": 295,
                                      "Plan Width": 14,
                                      "Actual Startup Time": 17.896,
                                      "Actual Total Time": 323.674,
                                      "Actual Rows": 23789,
                                      "Actual Loops": 1,
                                      "Plans": [
                                        {
                                          "Node Type": "Hash Join",
                                          "Parent Relationship": "Subquery",
                                          "Parallel Aware": true,
                                          "Join Type": "Inner",
                                          "Startup Cost": 2049.78,
                                          "Total Cost": 24601.08,
                                          "Plan Rows": 123,
                                          "Plan Width": 18,
                                          "Actual Startup Time": 17.895,
                                          "Actual Total Time": 319.158,
                                          "Actual Rows": 23789,
                                          "Actual Loops": 1,
                                          "Inner Unique": true,
                                          "Hash Cond": "(web_sales.ws_sold_date_sk = date_dim_2.d_date_sk)",
                                          "Plans": [
                                            {
                                              "Node Type": "Seq Scan",
                                              "Parent Relationship": "Outer",
                                              "Parallel Aware": true,
                                              "Relation Name": "web_sales",
                                              "Alias": "web_sales",
                                              "Startup Cost": 0.00,
                                              "Total Cost": 21764.43,
                                              "Plan Rows": 299743,
                                              "Plan Width": 18,
                                              "Actual Startup Time": 0.021,
                                              "Actual Total Time": 167.444,
                                              "Actual Rows": 719384,
                                              "Actual Loops": 1
                                            },
                                            {
                                              "Node Type": "Hash",
                                              "Parent Relationship": "Inner",
                                              "Parallel Aware": true,
                                              "Startup Cost": 2049.55,
                                              "Total Cost": 2049.55,
                                              "Plan Rows": 18,
                                              "Plan Width": 4,
                                              "Actual Startup Time": 17.378,
                                              "Actual Total Time": 17.378,
                                              "Actual Rows": 30,
                                              "Actual Loops": 1,
                                              "Hash Buckets": 1024,
                                              "Original Hash Buckets": 1024,
                                              "Hash Batches": 1,
                                              "Original Hash Batches": 1,
                                              "Peak Memory Usage": 40,
                                              "Plans": [
                                                {
                                                  "Node Type": "Seq Scan",
                                                  "Parent Relationship": "Outer",
                                                  "Parallel Aware": true,
                                                  "Relation Name": "date_dim",
                                                  "Alias": "date_dim_2",
                                                  "Startup Cost": 0.00,
                                                  "Total Cost": 2049.55,
                                                  "Plan Rows": 18,
                                                  "Plan Width": 4,
                                                  "Actual Startup Time": 9.249,
                                                  "Actual Total Time": 17.352,
                                                  "Actual Rows": 30,
                                                  "Actual Loops": 1,
                                                  "Filter": "((d_moy = 11) AND (d_year = 2002))",
                                                  "Rows Removed by Filter": 73019
                                                }
                                              ]
                                            }
                                          ]
                                        }
                                      ]
                                    }
                                  ]
                                },
                                {
                                  "Node Type": "Hash",
                                  "Parent Relationship": "Inner",
                                  "Parallel Aware": true,
                                  "Startup Cost": 1362.35,
                                  "Total Cost": 1362.35,
                                  "Plan Rows": 189,
                                  "Plan Width": 59,
                                  "Actual Startup Time": 4.169,
                                  "Actual Total Time": 4.170,
                                  "Actual Rows": 107,
                                  "Actual Loops": 3,
                                  "Hash Buckets": 1024,
                                  "Original Hash Buckets": 1024,
                                  "Hash Batches": 1,
                                  "Original Hash Batches": 1,
                                  "Peak Memory Usage": 104,
                                  "Plans": [
                                    {
                                      "Node Type": "Seq Scan",
                                      "Parent Relationship": "Outer",
                                      "Parallel Aware": true,
                                      "Relation Name": "item",
                                      "Alias": "item",
                                      "Startup Cost": 0.00,
                                      "Total Cost": 1362.35,
                                      "Plan Rows": 189,
                                      "Plan Width": 59,
                                      "Actual Startup Time": 0.042,
                                      "Actual Total Time": 4.035,
                                      "Actual Rows": 107,
                                      "Actual Loops": 3,
                                      "Filter": "(i_manager_id = 1)",
                                      "Rows Removed by Filter": 5893
                                    }
                                  ]
                                }
                              ]
                            },
                            {
                              "Node Type": "Index Scan",
                              "Parent Relationship": "Inner",
                              "Parallel Aware": false,
                              "Scan Direction": "Forward",
                              "Index Name": "time_dim_pkey",
                              "Relation Name": "time_dim",
                              "Alias": "time_dim",
                              "Startup Cost": 0.29,
                              "Total Cost": 3.11,
                              "Plan Rows": 1,
                              "Plan Width": 12,
                              "Actual Startup Time": 0.009,
                              "Actual Total Time": 0.009,
                              "Actual Rows": 0,
                              "Actual Loops": 2942,
                              "Index Cond": "(t_time_sk = \"*SELECT* 3\".time_sk)",
                              "Rows Removed by Index Recheck": 0,
                              "Filter": "((t_meal_time = 'breakfast'::bpchar) OR (t_meal_time = 'dinner'::bpchar))",
                              "Rows Removed by Filter": 1
                            }
                          ]
                        }
                      ]
                    }
                  ]
                }
              ]
            }
          ]
        }
      ]
    },
    "Planning Time": 3.051,
    "Triggers": [
    ],
    "Execution Time": 760.694
  }
]
