[
  {
    "Plan": {
      "Node Type": "Limit",
      "Parallel Aware": false,
      "Startup Cost": 108664.82,
      "Total Cost": 108664.83,
      "Plan Rows": 1,
      "Plan Width": 286,
      "Actual Startup Time": 2600472.308,
      "Actual Total Time": 2600472.330,
      "Actual Rows": 100,
      "Actual Loops": 1,
      "Plans": [
        {
          "Node Type": "WindowAgg",
          "Parent Relationship": "InitPlan",
          "Subplan Name": "CTE v1",
          "Parallel Aware": false,
          "Startup Cost": 93911.20,
          "Total Cost": 95287.21,
          "Plan Rows": 15289,
          "Plan Width": 195,
          "Actual Startup Time": 11216.976,
          "Actual Total Time": 13672.024,
          "Actual Rows": 65298,
          "Actual Loops": 1,
          "Plans": [
            {
              "Node Type": "WindowAgg",
              "Parent Relationship": "Outer",
              "Parallel Aware": false,
              "Startup Cost": 93911.20,
              "Total Cost": 94866.77,
              "Plan Rows": 15289,
              "Plan Width": 187,
              "Actual Startup Time": 11216.551,
              "Actual Total Time": 13508.530,
              "Actual Rows": 65298,
              "Actual Loops": 1,
              "Plans": [
                {
                  "Node Type": "Aggregate",
                  "Strategy": "Sorted",
                  "Partial Mode": "Simple",
                  "Parent Relationship": "Outer",
                  "Parallel Aware": false,
                  "Startup Cost": 93911.20,
                  "Total Cost": 94484.54,
                  "Plan Rows": 15289,
                  "Plan Width": 155,
                  "Actual Startup Time": 11216.514,
                  "Actual Total Time": 13344.749,
                  "Actual Rows": 65298,
                  "Actual Loops": 1,
                  "Group Key": ["item.i_category", "item.i_brand", "store.s_store_name", "store.s_company_name", "date_dim.d_year", "date_dim.d_moy"],
                  "Plans": [
                    {
                      "Node Type": "Sort",
                      "Parent Relationship": "Outer",
                      "Parallel Aware": false,
                      "Startup Cost": 93911.20,
                      "Total Cost": 93949.43,
                      "Plan Rows": 15289,
                      "Plan Width": 129,
                      "Actual Startup Time": 11216.453,
                      "Actual Total Time": 12609.851,
                      "Actual Rows": 654290,
                      "Actual Loops": 1,
                      "Sort Key": ["item.i_category", "item.i_brand", "store.s_store_name", "store.s_company_name", "date_dim.d_year", "date_dim.d_moy"],
                      "Sort Method": "external merge",
                      "Sort Space Used": 90048,
                      "Sort Space Type": "Disk",
                      "Plans": [
                        {
                          "Node Type": "Hash Join",
                          "Parent Relationship": "Outer",
                          "Parallel Aware": false,
                          "Join Type": "Inner",
                          "Startup Cost": 4690.18,
                          "Total Cost": 92848.60,
                          "Plan Rows": 15289,
                          "Plan Width": 129,
                          "Actual Startup Time": 39.424,
                          "Actual Total Time": 2018.584,
                          "Actual Rows": 654290,
                          "Actual Loops": 1,
                          "Inner Unique": true,
                          "Hash Cond": "(store_sales.ss_item_sk = item.i_item_sk)",
                          "Plans": [
                            {
                              "Node Type": "Hash Join",
                              "Parent Relationship": "Outer",
                              "Parallel Aware": false,
                              "Join Type": "Inner",
                              "Startup Cost": 3055.18,
                              "Total Cost": 91173.46,
                              "Plan Rows": 15289,
                              "Plan Width": 31,
                              "Actual Startup Time": 20.687,
                              "Actual Total Time": 1620.824,
                              "Actual Rows": 654290,
                              "Actual Loops": 1,
                              "Inner Unique": true,
                              "Hash Cond": "(store_sales.ss_store_sk = store.s_store_sk)",
                              "Plans": [
                                {
                                  "Node Type": "Hash Join",
                                  "Parent Relationship": "Outer",
                                  "Parallel Aware": false,
                                  "Join Type": "Inner",
                                  "Startup Cost": 3053.91,
                                  "Total Cost": 91116.01,
                                  "Plan Rows": 16003,
                                  "Plan Width": 22,
                                  "Actual Startup Time": 20.645,
                                  "Actual Total Time": 1353.407,
                                  "Actual Rows": 670105,
                                  "Actual Loops": 1,
                                  "Inner Unique": true,
                                  "Hash Cond": "(store_sales.ss_sold_date_sk = date_dim.d_date_sk)",
                                  "Plans": [
                                    {
                                      "Node Type": "Seq Scan",
                                      "Parent Relationship": "Outer",
                                      "Parallel Aware": false,
                                      "Relation Name": "store_sales",
                                      "Alias": "store_sales",
                                      "Startup Cost": 0.00,
                                      "Total Cost": 80500.49,
                                      "Plan Rows": 2880449,
                                      "Plan Width": 18,
                                      "Actual Startup Time": 0.020,
                                      "Actual Total Time": 585.500,
                                      "Actual Rows": 2880404,
                                      "Actual Loops": 1
                                    },
                                    {
                                      "Node Type": "Hash",
                                      "Parent Relationship": "Inner",
                                      "Parallel Aware": false,
                                      "Startup Cost": 3048.60,
                                      "Total Cost": 3048.60,
                                      "Plan Rows": 425,
                                      "Plan Width": 12,
                                      "Actual Startup Time": 20.608,
                                      "Actual Total Time": 20.608,
                                      "Actual Rows": 427,
                                      "Actual Loops": 1,
                                      "Hash Buckets": 1024,
                                      "Original Hash Buckets": 1024,
                                      "Hash Batches": 1,
                                      "Original Hash Batches": 1,
                                      "Peak Memory Usage": 27,
                                      "Plans": [
                                        {
                                          "Node Type": "Seq Scan",
                                          "Parent Relationship": "Outer",
                                          "Parallel Aware": false,
                                          "Relation Name": "date_dim",
                                          "Alias": "date_dim",
                                          "Startup Cost": 0.00,
                                          "Total Cost": 3048.60,
                                          "Plan Rows": 425,
                                          "Plan Width": 12,
                                          "Actual Startup Time": 10.364,
                                          "Actual Total Time": 20.453,
                                          "Actual Rows": 427,
                                          "Actual Loops": 1,
                                          "Filter": "((d_year = 1999) OR ((d_year = 1998) AND (d_moy = 12)) OR ((d_year = 2000) AND (d_moy = 1)))",
                                          "Rows Removed by Filter": 72622
                                        }
                                      ]
                                    }
                                  ]
                                },
                                {
                                  "Node Type": "Hash",
                                  "Parent Relationship": "Inner",
                                  "Parallel Aware": false,
                                  "Startup Cost": 1.12,
                                  "Total Cost": 1.12,
                                  "Plan Rows": 12,
                                  "Plan Width": 17,
                                  "Actual Startup Time": 0.028,
                                  "Actual Total Time": 0.028,
                                  "Actual Rows": 12,
                                  "Actual Loops": 1,
                                  "Hash Buckets": 1024,
                                  "Original Hash Buckets": 1024,
                                  "Hash Batches": 1,
                                  "Original Hash Batches": 1,
                                  "Peak Memory Usage": 9,
                                  "Plans": [
                                    {
                                      "Node Type": "Seq Scan",
                                      "Parent Relationship": "Outer",
                                      "Parallel Aware": false,
                                      "Relation Name": "store",
                                      "Alias": "store",
                                      "Startup Cost": 0.00,
                                      "Total Cost": 1.12,
                                      "Plan Rows": 12,
                                      "Plan Width": 17,
                                      "Actual Startup Time": 0.011,
                                      "Actual Total Time": 0.017,
                                      "Actual Rows": 12,
                                      "Actual Loops": 1
                                    }
                                  ]
                                }
                              ]
                            },
                            {
                              "Node Type": "Hash",
                              "Parent Relationship": "Inner",
                              "Parallel Aware": false,
                              "Startup Cost": 1410.00,
                              "Total Cost": 1410.00,
                              "Plan Rows": 18000,
                              "Plan Width": 106,
                              "Actual Startup Time": 18.685,
                              "Actual Total Time": 18.685,
                              "Actual Rows": 18000,
                              "Actual Loops": 1,
                              "Hash Buckets": 32768,
                              "Original Hash Buckets": 32768,
                              "Hash Batches": 1,
                              "Original Hash Batches": 1,
                              "Peak Memory Usage": 2713,
                              "Plans": [
                                {
                                  "Node Type": "Seq Scan",
                                  "Parent Relationship": "Outer",
                                  "Parallel Aware": false,
                                  "Relation Name": "item",
                                  "Alias": "item",
                                  "Startup Cost": 0.00,
                                  "Total Cost": 1410.00,
                                  "Plan Rows": 18000,
                                  "Plan Width": 106,
                                  "Actual Startup Time": 0.010,
                                  "Actual Total Time": 10.030,
                                  "Actual Rows": 18000,
                                  "Actual Loops": 1
                                }
                              ]
                            }
                          ]
                        }
                      ]
                    }
                  ]
                }
              ]
            }
          ]
        },
        {
          "Node Type": "Nested Loop",
          "Parent Relationship": "InitPlan",
          "Subplan Name": "CTE v2",
          "Parallel Aware": false,
          "Join Type": "Inner",
          "Startup Cost": 12039.76,
          "Total Cost": 13377.56,
          "Plan Rows": 1,
          "Plan Width": 254,
          "Actual Startup Time": 14015.004,
          "Actual Total Time": 2599741.396,
          "Actual Rows": 53827,
          "Actual Loops": 1,
          "Inner Unique": false,
          "Join Filter": "((v1_lag.i_category = v1.i_category) AND (v1_lag.i_brand = v1.i_brand) AND ((v1_lag.s_store_name)::text = (v1.s_store_name)::text) AND ((v1_lag.s_company_name)::text = (v1.s_company_name)::text) AND ((v1_lag.rn + 1) = v1.rn))",
          "Rows Removed by Join Filter": 3514741619,
          "Plans": [
            {
              "Node Type": "Merge Join",
              "Parent Relationship": "Outer",
              "Parallel Aware": false,
              "Join Type": "Inner",
              "Startup Cost": 12039.76,
              "Total Cost": 12689.56,
              "Plan Rows": 1,
              "Plan Width": 1368,
              "Actual Startup Time": 14014.986,
              "Actual Total Time": 15034.896,
              "Actual Rows": 53827,
              "Actual Loops": 1,
              "Inner Unique": false,
              "Merge Cond": "((v1_lag.i_category = v1_lead.i_category) AND (v1_lag.i_brand = v1_lead.i_brand) AND ((v1_lag.s_store_name)::text = (v1_lead.s_store_name)::text) AND ((v1_lag.s_company_name)::text = (v1_lead.s_company_name)::text) AND (((v1_lag.rn + 1)) = ((v1_lead.rn - 1))))",
              "Plans": [
                {
                  "Node Type": "Sort",
                  "Parent Relationship": "Outer",
                  "Parallel Aware": false,
                  "Startup Cost": 6019.88,
                  "Total Cost": 6058.10,
                  "Plan Rows": 15289,
                  "Plan Width": 684,
                  "Actual Startup Time": 13882.220,
                  "Actual Total Time": 14061.460,
                  "Actual Rows": 64480,
                  "Actual Loops": 1,
                  "Sort Key": ["v1_lag.i_category", "v1_lag.i_brand", "v1_lag.s_store_name", "v1_lag.s_company_name", "((v1_lag.rn + 1))"],
                  "Sort Method": "external merge",
                  "Sort Space Used": 9776,
                  "Sort Space Type": "Disk",
                  "Plans": [
                    {
                      "Node Type": "CTE Scan",
                      "Parent Relationship": "Outer",
                      "Parallel Aware": false,
                      "CTE Name": "v1",
                      "Alias": "v1_lag",
                      "Startup Cost": 0.00,
                      "Total Cost": 305.78,
                      "Plan Rows": 15289,
                      "Plan Width": 684,
                      "Actual Startup Time": 11216.981,
                      "Actual Total Time": 13780.762,
                      "Actual Rows": 65298,
                      "Actual Loops": 1
                    }
                  ]
                },
                {
                  "Node Type": "Materialize",
                  "Parent Relationship": "Inner",
                  "Parallel Aware": false,
                  "Startup Cost": 6019.88,
                  "Total Cost": 6096.33,
                  "Plan Rows": 15289,
                  "Plan Width": 684,
                  "Actual Startup Time": 132.745,
                  "Actual Total Time": 559.855,
                  "Actual Rows": 64530,
                  "Actual Loops": 1,
                  "Plans": [
                    {
                      "Node Type": "Sort",
                      "Parent Relationship": "Outer",
                      "Parallel Aware": false,
                      "Startup Cost": 6019.88,
                      "Total Cost": 6058.10,
                      "Plan Rows": 15289,
                      "Plan Width": 684,
                      "Actual Startup Time": 132.741,
                      "Actual Total Time": 506.348,
                      "Actual Rows": 64530,
                      "Actual Loops": 1,
                      "Sort Key": ["v1_lead.i_category", "v1_lead.i_brand", "v1_lead.s_store_name", "v1_lead.s_company_name", "((v1_lead.rn - 1))"],
                      "Sort Method": "external merge",
                      "Sort Space Used": 9776,
                      "Sort Space Type": "Disk",
                      "Plans": [
                        {
                          "Node Type": "CTE Scan",
                          "Parent Relationship": "Outer",
                          "Parallel Aware": false,
                          "CTE Name": "v1",
                          "Alias": "v1_lead",
                          "Startup Cost": 0.00,
                          "Total Cost": 305.78,
                          "Plan Rows": 15289,
                          "Plan Width": 684,
                          "Actual Startup Time": 0.023,
                          "Actual Total Time": 28.620,
                          "Actual Rows": 65298,
                          "Actual Loops": 1
                        }
                      ]
                    }
                  ]
                }
              ]
            },
            {
              "Node Type": "CTE Scan",
              "Parent Relationship": "Inner",
              "Parallel Aware": false,
              "CTE Name": "v1",
              "Alias": "v1",
              "Startup Cost": 0.00,
              "Total Cost": 305.78,
              "Plan Rows": 15289,
              "Plan Width": 724,
              "Actual Startup Time": 0.006,
              "Actual Total Time": 15.310,
              "Actual Rows": 65298,
              "Actual Loops": 53827
            }
          ]
        },
        {
          "Node Type": "Sort",
          "Parent Relationship": "Outer",
          "Parallel Aware": false,
          "Startup Cost": 0.05,
          "Total Cost": 0.06,
          "Plan Rows": 1,
          "Plan Width": 286,
          "Actual Startup Time": 2600472.307,
          "Actual Total Time": 2600472.316,
          "Actual Rows": 100,
          "Actual Loops": 1,
          "Sort Key": ["((v2.sum_sales - v2.avg_monthly_sales))", "v2.sum_sales"],
          "Sort Method": "top-N heapsort",
          "Sort Space Used": 48,
          "Sort Space Type": "Memory",
          "Plans": [
            {
              "Node Type": "CTE Scan",
              "Parent Relationship": "Outer",
              "Parallel Aware": false,
              "CTE Name": "v2",
              "Alias": "v2",
              "Startup Cost": 0.00,
              "Total Cost": 0.04,
              "Plan Rows": 1,
              "Plan Width": 286,
              "Actual Startup Time": 14064.337,
              "Actual Total Time": 2600326.232,
              "Actual Rows": 48886,
              "Actual Loops": 1,
              "Filter": "((avg_monthly_sales > '0'::numeric) AND (d_year = 1999) AND (CASE WHEN (avg_monthly_sales > '0'::numeric) THEN (abs((sum_sales - avg_monthly_sales)) / avg_monthly_sales) ELSE NULL::numeric END > 0.1))",
              "Rows Removed by Filter": 4941
            }
          ]
        }
      ]
    },
    "Planning Time": 1.244,
    "Triggers": [
    ],
    "Execution Time": 2600493.872
  }
]
SET
