[
  {
    "Plan": {
      "Node Type": "Sort",
      "Parallel Aware": false,
      "Startup Cost": 589500.35,
      "Total Cost": 589500.38,
      "Plan Rows": 13,
      "Plan Width": 228,
      "Actual Startup Time": 8511.965,
      "Actual Total Time": 8512.151,
      "Actual Rows": 2513,
      "Actual Loops": 1,
      "Sort Key": ["wswscs.d_week_seq"],
      "Sort Method": "quicksort",
      "Sort Space Used": 330,
      "Sort Space Type": "Memory",
      "Plans": [
        {
          "Node Type": "Append",
          "Parent Relationship": "InitPlan",
          "Subplan Name": "CTE wscs",
          "Parallel Aware": false,
          "Startup Cost": 0.00,
          "Total Cost": 88588.23,
          "Plan Rows": 2161082,
          "Plan Width": 10,
          "Actual Startup Time": 0.590,
          "Actual Total Time": 1959.089,
          "Actual Rows": 2160932,
          "Actual Loops": 1,
          "Plans": [
            {
              "Node Type": "Seq Scan",
              "Parent Relationship": "Member",
              "Parallel Aware": false,
              "Relation Name": "web_sales",
              "Alias": "web_sales",
              "Startup Cost": 0.00,
              "Total Cost": 25960.84,
              "Plan Rows": 719384,
              "Plan Width": 10,
              "Actual Startup Time": 0.589,
              "Actual Total Time": 535.478,
              "Actual Rows": 719384,
              "Actual Loops": 1
            },
            {
              "Node Type": "Seq Scan",
              "Parent Relationship": "Member",
              "Parallel Aware": false,
              "Relation Name": "catalog_sales",
              "Alias": "catalog_sales",
              "Startup Cost": 0.00,
              "Total Cost": 51821.98,
              "Plan Rows": 1441698,
              "Plan Width": 10,
              "Actual Startup Time": 1.004,
              "Actual Total Time": 1148.950,
              "Actual Rows": 1441548,
              "Actual Loops": 1
            }
          ]
        },
        {
          "Node Type": "Aggregate",
          "Strategy": "Sorted",
          "Partial Mode": "Simple",
          "Parent Relationship": "InitPlan",
          "Subplan Name": "CTE wswscs",
          "Parallel Aware": false,
          "Startup Cost": 408927.14,
          "Total Cost": 495657.00,
          "Plan Rows": 10421,
          "Plan Width": 228,
          "Actual Startup Time": 5852.177,
          "Actual Total Time": 8458.634,
          "Actual Rows": 263,
          "Actual Loops": 1,
          "Group Key": ["date_dim_2.d_week_seq"],
          "Plans": [
            {
              "Node Type": "Sort",
              "Parent Relationship": "Outer",
              "Parallel Aware": false,
              "Startup Cost": 408927.14,
              "Total Cost": 414329.85,
              "Plan Rows": 2161082,
              "Plan Width": 28,
              "Actual Startup Time": 5848.192,
              "Actual Total Time": 6495.912,
              "Actual Rows": 2153563,
              "Actual Loops": 1,
              "Sort Key": ["date_dim_2.d_week_seq"],
              "Sort Method": "external merge",
              "Sort Space Used": 65192,
              "Sort Space Type": "Disk",
              "Plans": [
                {
                  "Node Type": "Hash Join",
                  "Parent Relationship": "Outer",
                  "Parallel Aware": false,
                  "Join Type": "Inner",
                  "Startup Cost": 3477.60,
                  "Total Cost": 78127.42,
                  "Plan Rows": 2161082,
                  "Plan Width": 28,
                  "Actual Startup Time": 59.941,
                  "Actual Total Time": 4563.399,
                  "Actual Rows": 2153563,
                  "Actual Loops": 1,
                  "Inner Unique": true,
                  "Hash Cond": "(wscs.sold_date_sk = date_dim_2.d_date_sk)",
                  "Plans": [
                    {
                      "Node Type": "CTE Scan",
                      "Parent Relationship": "Outer",
                      "Parallel Aware": false,
                      "CTE Name": "wscs",
                      "Alias": "wscs",
                      "Startup Cost": 0.00,
                      "Total Cost": 43221.64,
                      "Plan Rows": 2161082,
                      "Plan Width": 18,
                      "Actual Startup Time": 0.594,
                      "Actual Total Time": 3281.093,
                      "Actual Rows": 2160932,
                      "Actual Loops": 1
                    },
                    {
                      "Node Type": "Hash",
                      "Parent Relationship": "Inner",
                      "Parallel Aware": false,
                      "Startup Cost": 2135.49,
                      "Total Cost": 2135.49,
                      "Plan Rows": 73049,
                      "Plan Width": 18,
                      "Actual Startup Time": 59.148,
                      "Actual Total Time": 59.148,
                      "Actual Rows": 73049,
                      "Actual Loops": 1,
                      "Hash Buckets": 65536,
                      "Original Hash Buckets": 65536,
                      "Hash Batches": 2,
                      "Original Hash Batches": 2,
                      "Peak Memory Usage": 2367,
                      "Plans": [
                        {
                          "Node Type": "Seq Scan",
                          "Parent Relationship": "Outer",
                          "Parallel Aware": false,
                          "Relation Name": "date_dim",
                          "Alias": "date_dim_2",
                          "Startup Cost": 0.00,
                          "Total Cost": 2135.49,
                          "Plan Rows": 73049,
                          "Plan Width": 18,
                          "Actual Startup Time": 0.010,
                          "Actual Total Time": 28.866,
                          "Actual Rows": 73049,
                          "Actual Loops": 1
                        }
                      ]
                    }
                  ]
                }
              ]
            }
          ]
        },
        {
          "Node Type": "Hash Join",
          "Parent Relationship": "Outer",
          "Parallel Aware": false,
          "Join Type": "Inner",
          "Startup Cost": 5006.79,
          "Total Cost": 5254.88,
          "Plan Rows": 13,
          "Plan Width": 228,
          "Actual Startup Time": 8493.751,
          "Actual Total Time": 8510.598,
          "Actual Rows": 2513,
          "Actual Loops": 1,
          "Inner Unique": false,
          "Hash Cond": "(wswscs.d_week_seq = date_dim.d_week_seq)",
          "Plans": [
            {
              "Node Type": "CTE Scan",
              "Parent Relationship": "Outer",
              "Parallel Aware": false,
              "CTE Name": "wswscs",
              "Alias": "wswscs",
              "Startup Cost": 0.00,
              "Total Cost": 208.42,
              "Plan Rows": 10421,
              "Plan Width": 228,
              "Actual Startup Time": 5852.181,
              "Actual Total Time": 5852.229,
              "Actual Rows": 263,
              "Actual Loops": 1
            },
            {
              "Node Type": "Hash",
              "Parent Relationship": "Inner",
              "Parallel Aware": false,
              "Startup Cost": 5006.63,
              "Total Cost": 5006.63,
              "Plan Rows": 13,
              "Plan Width": 232,
              "Actual Startup Time": 2641.491,
              "Actual Total Time": 2641.491,
              "Actual Rows": 2513,
              "Actual Loops": 1,
              "Hash Buckets": 4096,
              "Original Hash Buckets": 1024,
              "Hash Batches": 1,
              "Original Hash Batches": 1,
              "Peak Memory Usage": 288,
              "Plans": [
                {
                  "Node Type": "Merge Join",
                  "Parent Relationship": "Outer",
                  "Parallel Aware": false,
                  "Join Type": "Inner",
                  "Startup Cost": 5001.04,
                  "Total Cost": 5006.63,
                  "Plan Rows": 13,
                  "Plan Width": 232,
                  "Actual Startup Time": 2638.835,
                  "Actual Total Time": 2639.992,
                  "Actual Rows": 2513,
                  "Actual Loops": 1,
                  "Inner Unique": false,
                  "Merge Cond": "(((wswscs_1.d_week_seq - 53)) = date_dim.d_week_seq)",
                  "Plans": [
                    {
                      "Node Type": "Sort",
                      "Parent Relationship": "Outer",
                      "Parallel Aware": false,
                      "Startup Cost": 2667.44,
                      "Total Cost": 2668.35,
                      "Plan Rows": 364,
                      "Plan Width": 228,
                      "Actual Startup Time": 2623.242,
                      "Actual Total Time": 2623.274,
                      "Actual Rows": 365,
                      "Actual Loops": 1,
                      "Sort Key": ["((wswscs_1.d_week_seq - 53))"],
                      "Sort Method": "quicksort",
                      "Sort Space Used": 76,
                      "Sort Space Type": "Memory",
                      "Plans": [
                        {
                          "Node Type": "Hash Join",
                          "Parent Relationship": "Outer",
                          "Parallel Aware": false,
                          "Join Type": "Inner",
                          "Startup Cost": 2322.66,
                          "Total Cost": 2651.96,
                          "Plan Rows": 364,
                          "Plan Width": 228,
                          "Actual Startup Time": 2153.411,
                          "Actual Total Time": 2622.895,
                          "Actual Rows": 365,
                          "Actual Loops": 1,
                          "Inner Unique": false,
                          "Hash Cond": "(wswscs_1.d_week_seq = date_dim_1.d_week_seq)",
                          "Plans": [
                            {
                              "Node Type": "CTE Scan",
                              "Parent Relationship": "Outer",
                              "Parallel Aware": false,
                              "CTE Name": "wswscs",
                              "Alias": "wswscs_1",
                              "Startup Cost": 0.00,
                              "Total Cost": 208.42,
                              "Plan Rows": 10421,
                              "Plan Width": 228,
                              "Actual Startup Time": 0.001,
                              "Actual Total Time": 2607.254,
                              "Actual Rows": 263,
                              "Actual Loops": 1
                            },
                            {
                              "Node Type": "Hash",
                              "Parent Relationship": "Inner",
                              "Parallel Aware": false,
                              "Startup Cost": 2318.11,
                              "Total Cost": 2318.11,
                              "Plan Rows": 364,
                              "Plan Width": 4,
                              "Actual Startup Time": 15.004,
                              "Actual Total Time": 15.004,
                              "Actual Rows": 365,
                              "Actual Loops": 1,
                              "Hash Buckets": 1024,
                              "Original Hash Buckets": 1024,
                              "Hash Batches": 1,
                              "Original Hash Batches": 1,
                              "Peak Memory Usage": 21,
                              "Plans": [
                                {
                                  "Node Type": "Seq Scan",
                                  "Parent Relationship": "Outer",
                                  "Parallel Aware": false,
                                  "Relation Name": "date_dim",
                                  "Alias": "date_dim_1",
                                  "Startup Cost": 0.00,
                                  "Total Cost": 2318.11,
                                  "Plan Rows": 364,
                                  "Plan Width": 4,
                                  "Actual Startup Time": 7.498,
                                  "Actual Total Time": 14.918,
                                  "Actual Rows": 365,
                                  "Actual Loops": 1,
                                  "Filter": "(d_year = 2002)",
                                  "Rows Removed by Filter": 72684
                                }
                              ]
                            }
                          ]
                        }
                      ]
                    },
                    {
                      "Node Type": "Sort",
                      "Parent Relationship": "Inner",
                      "Parallel Aware": false,
                      "Startup Cost": 2333.60,
                      "Total Cost": 2334.51,
                      "Plan Rows": 364,
                      "Plan Width": 4,
                      "Actual Startup Time": 15.585,
                      "Actual Total Time": 15.795,
                      "Actual Rows": 2513,
                      "Actual Loops": 1,
                      "Sort Key": ["date_dim.d_week_seq"],
                      "Sort Method": "quicksort",
                      "Sort Space Used": 42,
                      "Sort Space Type": "Memory",
                      "Plans": [
                        {
                          "Node Type": "Seq Scan",
                          "Parent Relationship": "Outer",
                          "Parallel Aware": false,
                          "Relation Name": "date_dim",
                          "Alias": "date_dim",
                          "Startup Cost": 0.00,
                          "Total Cost": 2318.11,
                          "Plan Rows": 364,
                          "Plan Width": 4,
                          "Actual Startup Time": 7.391,
                          "Actual Total Time": 15.494,
                          "Actual Rows": 365,
                          "Actual Loops": 1,
                          "Filter": "(d_year = 2001)",
                          "Rows Removed by Filter": 72684
                        }
                      ]
                    }
                  ]
                }
              ]
            }
          ]
        }
      ]
    },
    "Planning Time": 4.466,
    "Triggers": [
    ],
    "Execution Time": 8524.930
  }
]
SET
