[
  {
    "Plan": {
      "Node Type": "Sort",
      "Parallel Aware": false,
      "Startup Cost": 71110.14,
      "Total Cost": 71110.30,
      "Plan Rows": 61,
      "Plan Width": 77,
      "Actual Startup Time": 494.407,
      "Actual Total Time": 494.432,
      "Actual Rows": 362,
      "Actual Loops": 1,
      "Sort Key": ["customer.c_last_name", "customer.c_first_name", "customer.c_salutation", "customer.c_preferred_cust_flag DESC", "store_sales.ss_ticket_number"],
      "Sort Method": "quicksort",
      "Sort Space Used": 74,
      "Sort Space Type": "Memory",
      "Plans": [
        {
          "Node Type": "Nested Loop",
          "Parent Relationship": "Outer",
          "Parallel Aware": false,
          "Join Type": "Inner",
          "Startup Cost": 70554.02,
          "Total Cost": 71108.33,
          "Plan Rows": 61,
          "Plan Width": 77,
          "Actual Startup Time": 480.316,
          "Actual Total Time": 491.524,
          "Actual Rows": 362,
          "Actual Loops": 1,
          "Inner Unique": true,
          "Plans": [
            {
              "Node Type": "Aggregate",
              "Strategy": "Sorted",
              "Partial Mode": "Finalize",
              "Parent Relationship": "Outer",
              "Parallel Aware": false,
              "Startup Cost": 70553.73,
              "Total Cost": 70624.81,
              "Plan Rows": 61,
              "Plan Width": 16,
              "Actual Startup Time": 480.297,
              "Actual Total Time": 488.924,
              "Actual Rows": 362,
              "Actual Loops": 1,
              "Group Key": ["store_sales.ss_ticket_number", "store_sales.ss_customer_sk"],
              "Filter": "((count(*) >= 15) AND (count(*) <= 20))",
              "Rows Removed by Filter": 3554,
              "Plans": [
                {
                  "Node Type": "Gather Merge",
                  "Parent Relationship": "Outer",
                  "Parallel Aware": false,
                  "Startup Cost": 70553.73,
                  "Total Cost": 70610.92,
                  "Plan Rows": 456,
                  "Plan Width": 16,
                  "Actual Startup Time": 480.239,
                  "Actual Total Time": 486.627,
                  "Actual Rows": 4659,
                  "Actual Loops": 1,
                  "Workers Planned": 2,
                  "Workers Launched": 2,
                  "Plans": [
                    {
                      "Node Type": "Aggregate",
                      "Strategy": "Sorted",
                      "Partial Mode": "Partial",
                      "Parent Relationship": "Outer",
                      "Parallel Aware": false,
                      "Startup Cost": 69553.71,
                      "Total Cost": 69558.27,
                      "Plan Rows": 228,
                      "Plan Width": 16,
                      "Actual Startup Time": 474.702,
                      "Actual Total Time": 479.143,
                      "Actual Rows": 1553,
                      "Actual Loops": 3,
                      "Group Key": ["store_sales.ss_ticket_number", "store_sales.ss_customer_sk"],
                      "Plans": [
                        {
                          "Node Type": "Sort",
                          "Parent Relationship": "Outer",
                          "Parallel Aware": false,
                          "Startup Cost": 69553.71,
                          "Total Cost": 69554.28,
                          "Plan Rows": 228,
                          "Plan Width": 8,
                          "Actual Startup Time": 474.683,
                          "Actual Total Time": 475.776,
                          "Actual Rows": 13448,
                          "Actual Loops": 3,
                          "Sort Key": ["store_sales.ss_ticket_number", "store_sales.ss_customer_sk"],
                          "Sort Method": "quicksort",
                          "Sort Space Used": 1021,
                          "Sort Space Type": "Memory",
                          "Workers": [
                            {
                              "Worker Number": 0,
                              "Sort Method": "quicksort",
                              "Sort Space Used": 1003,
                              "Sort Space Type": "Memory"
                            },
                            {
                              "Worker Number": 1,
                              "Sort Method": "quicksort",
                              "Sort Space Used": 1021,
                              "Sort Space Type": "Memory"
                            }
                          ],
                          "Plans": [
                            {
                              "Node Type": "Hash Join",
                              "Parent Relationship": "Outer",
                              "Parallel Aware": false,
                              "Join Type": "Inner",
                              "Startup Cost": 2685.76,
                              "Total Cost": 69544.78,
                              "Plan Rows": 228,
                              "Plan Width": 8,
                              "Actual Startup Time": 13.941,
                              "Actual Total Time": 467.137,
                              "Actual Rows": 13448,
                              "Actual Loops": 3,
                              "Inner Unique": true,
                              "Hash Cond": "(store_sales.ss_store_sk = store.s_store_sk)",
                              "Plans": [
                                {
                                  "Node Type": "Hash Join",
                                  "Parent Relationship": "Outer",
                                  "Parallel Aware": false,
                                  "Join Type": "Inner",
                                  "Startup Cost": 2684.38,
                                  "Total Cost": 69542.55,
                                  "Plan Rows": 238,
                                  "Plan Width": 12,
                                  "Actual Startup Time": 13.804,
                                  "Actual Total Time": 461.893,
                                  "Actual Rows": 13602,
                                  "Actual Loops": 3,
                                  "Inner Unique": true,
                                  "Hash Cond": "(store_sales.ss_hdemo_sk = household_demographics.hd_demo_sk)",
                                  "Plans": [
                                    {
                                      "Node Type": "Hash Join",
                                      "Parent Relationship": "Outer",
                                      "Parallel Aware": true,
                                      "Join Type": "Inner",
                                      "Startup Cost": 2427.26,
                                      "Total Cost": 69275.80,
                                      "Plan Rows": 3671,
                                      "Plan Width": 16,
                                      "Actual Startup Time": 9.529,
                                      "Actual Total Time": 435.119,
                                      "Actual Rows": 125417,
                                      "Actual Loops": 3,
                                      "Inner Unique": true,
                                      "Hash Cond": "(store_sales.ss_sold_date_sk = date_dim.d_date_sk)",
                                      "Plans": [
                                        {
                                          "Node Type": "Seq Scan",
                                          "Parent Relationship": "Outer",
                                          "Parallel Aware": true,
                                          "Relation Name": "store_sales",
                                          "Alias": "store_sales",
                                          "Startup Cost": 0.00,
                                          "Total Cost": 63697.87,
                                          "Plan Rows": 1200187,
                                          "Plan Width": 20,
                                          "Actual Startup Time": 0.051,
                                          "Actual Total Time": 210.985,
                                          "Actual Rows": 960135,
                                          "Actual Loops": 3
                                        },
                                        {
                                          "Node Type": "Hash",
                                          "Parent Relationship": "Inner",
                                          "Parallel Aware": true,
                                          "Startup Cost": 2425.54,
                                          "Total Cost": 2425.54,
                                          "Plan Rows": 138,
                                          "Plan Width": 4,
                                          "Actual Startup Time": 9.338,
                                          "Actual Total Time": 9.338,
                                          "Actual Rows": 84,
                                          "Actual Loops": 3,
                                          "Hash Buckets": 1024,
                                          "Original Hash Buckets": 1024,
                                          "Hash Batches": 1,
                                          "Original Hash Batches": 1,
                                          "Peak Memory Usage": 104,
                                          "Plans": [
                                            {
                                              "Node Type": "Seq Scan",
                                              "Parent Relationship": "Outer",
                                              "Parallel Aware": true,
                                              "Relation Name": "date_dim",
                                              "Alias": "date_dim",
                                              "Startup Cost": 0.00,
                                              "Total Cost": 2425.54,
                                              "Plan Rows": 138,
                                              "Plan Width": 4,
                                              "Actual Startup Time": 4.334,
                                              "Actual Total Time": 9.168,
                                              "Actual Rows": 84,
                                              "Actual Loops": 3,
                                              "Filter": "((d_year = ANY ('{1999,2000,2001}'::integer[])) AND (((d_dom >= 1) AND (d_dom <= 3)) OR ((d_dom >= 25) AND (d_dom <= 28))))",
                                              "Rows Removed by Filter": 24266
                                            }
                                          ]
                                        }
                                      ]
                                    },
                                    {
                                      "Node Type": "Hash",
                                      "Parent Relationship": "Inner",
                                      "Parallel Aware": false,
                                      "Startup Cost": 251.00,
                                      "Total Cost": 251.00,
                                      "Plan Rows": 489,
                                      "Plan Width": 4,
                                      "Actual Startup Time": 3.883,
                                      "Actual Total Time": 3.883,
                                      "Actual Rows": 800,
                                      "Actual Loops": 3,
                                      "Hash Buckets": 1024,
                                      "Original Hash Buckets": 1024,
                                      "Hash Batches": 1,
                                      "Original Hash Batches": 1,
                                      "Peak Memory Usage": 37,
                                      "Plans": [
                                        {
                                          "Node Type": "Seq Scan",
                                          "Parent Relationship": "Outer",
                                          "Parallel Aware": false,
                                          "Relation Name": "household_demographics",
                                          "Alias": "household_demographics",
                                          "Startup Cost": 0.00,
                                          "Total Cost": 251.00,
                                          "Plan Rows": 489,
                                          "Plan Width": 4,
                                          "Actual Startup Time": 0.859,
                                          "Actual Total Time": 3.623,
                                          "Actual Rows": 800,
                                          "Actual Loops": 3,
                                          "Filter": "((hd_vehicle_count > 0) AND ((hd_buy_potential = '501-1000'::bpchar) OR (hd_buy_potential = '0-500'::bpchar)) AND ((CASE WHEN (hd_vehicle_count > 0) THEN (hd_dep_count / hd_vehicle_count) ELSE NULL::integer END)::numeric > 1.2))",
                                          "Rows Removed by Filter": 6400
                                        }
                                      ]
                                    }
                                  ]
                                },
                                {
                                  "Node Type": "Hash",
                                  "Parent Relationship": "Inner",
                                  "Parallel Aware": false,
                                  "Startup Cost": 1.24,
                                  "Total Cost": 1.24,
                                  "Plan Rows": 12,
                                  "Plan Width": 4,
                                  "Actual Startup Time": 0.084,
                                  "Actual Total Time": 0.084,
                                  "Actual Rows": 12,
                                  "Actual Loops": 3,
                                  "Hash Buckets": 1024,
                                  "Original Hash Buckets": 1024,
                                  "Hash Batches": 1,
                                  "Original Hash Batches": 1,
                                  "Peak Memory Usage": 9,
                                  "Plans": [
                                    {
                                      "Node Type": "Seq Scan",
                                      "Parent Relationship": "Outer",
                                      "Parallel Aware": false,
                                      "Relation Name": "store",
                                      "Alias": "store",
                                      "Startup Cost": 0.00,
                                      "Total Cost": 1.24,
                                      "Plan Rows": 12,
                                      "Plan Width": 4,
                                      "Actual Startup Time": 0.059,
                                      "Actual Total Time": 0.070,
                                      "Actual Rows": 12,
                                      "Actual Loops": 3,
                                      "Filter": "((s_county)::text = ANY ('{\"Williamson County\",\"Williamson County\",\"Williamson County\",\"Williamson County\",\"Williamson County\",\"Williamson County\",\"Williamson County\",\"Williamson County\"}'::text[]))",
                                      "Rows Removed by Filter": 0
                                    }
                                  ]
                                }
                              ]
                            }
                          ]
                        }
                      ]
                    }
                  ]
                }
              ]
            },
            {
              "Node Type": "Index Scan",
              "Parent Relationship": "Inner",
              "Parallel Aware": false,
              "Scan Direction": "Forward",
              "Index Name": "customer_pkey",
              "Relation Name": "customer",
              "Alias": "customer",
              "Startup Cost": 0.29,
              "Total Cost": 7.92,
              "Plan Rows": 1,
              "Plan Width": 69,
              "Actual Startup Time": 0.006,
              "Actual Total Time": 0.006,
              "Actual Rows": 1,
              "Actual Loops": 362,
              "Index Cond": "(c_customer_sk = store_sales.ss_customer_sk)",
              "Rows Removed by Index Recheck": 0
            }
          ]
        }
      ]
    },
    "Planning Time": 4.906,
    "Triggers": [
    ],
    "Execution Time": 494.702
  }
]
