                                           QUERY PLAN                                           
------------------------------------------------------------------------------------------------
 [                                                                                             +
   {                                                                                           +
     "Plan": {                                                                                 +
       "Node Type": "Limit",                                                                   +
       "Parallel Aware": false,                                                                +
       "Startup Cost": 70052.04,                                                               +
       "Total Cost": 70052.10,                                                                 +
       "Plan Rows": 21,                                                                        +
       "Plan Width": 91,                                                                       +
       "Actual Startup Time": 527.417,                                                         +
       "Actual Total Time": 529.812,                                                           +
       "Actual Rows": 100,                                                                     +
       "Actual Loops": 1,                                                                      +
       "Plans": [                                                                              +
         {                                                                                     +
           "Node Type": "Sort",                                                                +
           "Parent Relationship": "Outer",                                                     +
           "Parallel Aware": false,                                                            +
           "Startup Cost": 70052.04,                                                           +
           "Total Cost": 70052.10,                                                             +
           "Plan Rows": 21,                                                                    +
           "Plan Width": 91,                                                                   +
           "Actual Startup Time": 527.416,                                                     +
           "Actual Total Time": 527.425,                                                       +
           "Actual Rows": 100,                                                                 +
           "Actual Loops": 1,                                                                  +
           "Sort Key": ["(sum(store_sales.ss_ext_sales_price)) DESC", "item.i_brand_id"],      +
           "Sort Method": "quicksort",                                                         +
           "Sort Space Used": 42,                                                              +
           "Sort Space Type": "Memory",                                                        +
           "Plans": [                                                                          +
             {                                                                                 +
               "Node Type": "Aggregate",                                                       +
               "Strategy": "Sorted",                                                           +
               "Partial Mode": "Finalize",                                                     +
               "Parent Relationship": "Outer",                                                 +
               "Parallel Aware": false,                                                        +
               "Startup Cost": 70048.79,                                                       +
               "Total Cost": 70051.58,                                                         +
               "Plan Rows": 21,                                                                +
               "Plan Width": 91,                                                               +
               "Actual Startup Time": 525.721,                                                 +
               "Actual Total Time": 527.238,                                                   +
               "Actual Rows": 127,                                                             +
               "Actual Loops": 1,                                                              +
               "Group Key": ["dt.d_year", "item.i_brand", "item.i_brand_id"],                  +
               "Plans": [                                                                      +
                 {                                                                             +
                   "Node Type": "Gather Merge",                                                +
                   "Parent Relationship": "Outer",                                             +
                   "Parallel Aware": false,                                                    +
                   "Startup Cost": 70048.79,                                                   +
                   "Total Cost": 70051.09,                                                     +
                   "Plan Rows": 18,                                                            +
                   "Plan Width": 91,                                                           +
                   "Actual Startup Time": 525.688,                                             +
                   "Actual Total Time": 529.000,                                               +
                   "Actual Rows": 372,                                                         +
                   "Actual Loops": 1,                                                          +
                   "Workers Planned": 2,                                                       +
                   "Workers Launched": 2,                                                      +
                   "Plans": [                                                                  +
                     {                                                                         +
                       "Node Type": "Aggregate",                                               +
                       "Strategy": "Sorted",                                                   +
                       "Partial Mode": "Partial",                                              +
                       "Parent Relationship": "Outer",                                         +
                       "Parallel Aware": false,                                                +
                       "Startup Cost": 69048.77,                                               +
                       "Total Cost": 69048.99,                                                 +
                       "Plan Rows": 9,                                                         +
                       "Plan Width": 91,                                                       +
                       "Actual Startup Time": 520.780,                                         +
                       "Actual Total Time": 521.322,                                           +
                       "Actual Rows": 124,                                                     +
                       "Actual Loops": 3,                                                      +
                       "Group Key": ["dt.d_year", "item.i_brand", "item.i_brand_id"],          +
                       "Plans": [                                                              +
                         {                                                                     +
                           "Node Type": "Sort",                                                +
                           "Parent Relationship": "Outer",                                     +
                           "Parallel Aware": false,                                            +
                           "Startup Cost": 69048.77,                                           +
                           "Total Cost": 69048.79,                                             +
                           "Plan Rows": 9,                                                     +
                           "Plan Width": 65,                                                   +
                           "Actual Startup Time": 520.745,                                     +
                           "Actual Total Time": 520.799,                                       +
                           "Actual Rows": 573,                                                 +
                           "Actual Loops": 3,                                                  +
                           "Sort Key": ["item.i_brand", "item.i_brand_id"],                    +
                           "Sort Method": "quicksort",                                         +
                           "Sort Space Used": 105,                                             +
                           "Sort Space Type": "Memory",                                        +
                           "Workers": [                                                        +
                             {                                                                 +
                               "Worker Number": 0,                                             +
                               "Sort Method": "quicksort",                                     +
                               "Sort Space Used": 102,                                         +
                               "Sort Space Type": "Memory"                                     +
                             },                                                                +
                             {                                                                 +
                               "Worker Number": 1,                                             +
                               "Sort Method": "quicksort",                                     +
                               "Sort Space Used": 108,                                         +
                               "Sort Space Type": "Memory"                                     +
                             }                                                                 +
                           ],                                                                  +
                           "Plans": [                                                          +
                             {                                                                 +
                               "Node Type": "Nested Loop",                                     +
                               "Parent Relationship": "Outer",                                 +
                               "Parallel Aware": false,                                        +
                               "Join Type": "Inner",                                           +
                               "Startup Cost": 2050.06,                                        +
                               "Total Cost": 69048.63,                                         +
                               "Plan Rows": 9,                                                 +
                               "Plan Width": 65,                                               +
                               "Actual Startup Time": 10.523,                                  +
                               "Actual Total Time": 516.927,                                   +
                               "Actual Rows": 573,                                             +
                               "Actual Loops": 3,                                              +
                               "Inner Unique": true,                                           +
                               "Plans": [                                                      +
                                 {                                                             +
                                   "Node Type": "Hash Join",                                   +
                                   "Parent Relationship": "Outer",                             +
                                   "Parallel Aware": true,                                     +
                                   "Join Type": "Inner",                                       +
                                   "Startup Cost": 2049.78,                                    +
                                   "Total Cost": 68898.31,                                     +
                                   "Plan Rows": 486,                                           +
                                   "Plan Width": 14,                                           +
                                   "Actual Startup Time": 8.382,                               +
                                   "Actual Total Time": 392.630,                               +
                                   "Actual Rows": 31388,                                       +
                                   "Actual Loops": 3,                                          +
                                   "Inner Unique": true,                                       +
                                   "Hash Cond": "(store_sales.ss_sold_date_sk = dt.d_date_sk)",+
                                   "Plans": [                                                  +
                                     {                                                         +
                                       "Node Type": "Seq Scan",                                +
                                       "Parent Relationship": "Outer",                         +
                                       "Parallel Aware": true,                                 +
                                       "Relation Name": "store_sales",                         +
                                       "Alias": "store_sales",                                 +
                                       "Startup Cost": 0.00,                                   +
                                       "Total Cost": 63697.87,                                 +
                                       "Plan Rows": 1200187,                                   +
                                       "Plan Width": 14,                                       +
                                       "Actual Startup Time": 0.062,                           +
                                       "Actual Total Time": 205.213,                           +
                                       "Actual Rows": 960135,                                  +
                                       "Actual Loops": 3                                       +
                                     },                                                        +
                                     {                                                         +
                                       "Node Type": "Hash",                                    +
                                       "Parent Relationship": "Inner",                         +
                                       "Parallel Aware": true,                                 +
                                       "Startup Cost": 2049.55,                                +
                                       "Total Cost": 2049.55,                                  +
                                       "Plan Rows": 18,                                        +
                                       "Plan Width": 8,                                        +
                                       "Actual Startup Time": 8.136,                           +
                                       "Actual Total Time": 8.136,                             +
                                       "Actual Rows": 10,                                      +
                                       "Actual Loops": 3,                                      +
                                       "Hash Buckets": 1024,                                   +
                                       "Original Hash Buckets": 1024,                          +
                                       "Hash Batches": 1,                                      +
                                       "Original Hash Batches": 1,                             +
                                       "Peak Memory Usage": 72,                                +
                                       "Plans": [                                              +
                                         {                                                     +
                                           "Node Type": "Seq Scan",                            +
                                           "Parent Relationship": "Outer",                     +
                                           "Parallel Aware": true,                             +
                                           "Relation Name": "date_dim",                        +
                                           "Alias": "dt",                                      +
                                           "Startup Cost": 0.00,                               +
                                           "Total Cost": 2049.55,                              +
                                           "Plan Rows": 18,                                    +
                                           "Plan Width": 8,                                    +
                                           "Actual Startup Time": 5.130,                       +
                                           "Actual Total Time": 8.040,                         +
                                           "Actual Rows": 10,                                  +
                                           "Actual Loops": 3,                                  +
                                           "Filter": "((d_moy = 12) AND (d_year = 2002))",     +
                                           "Rows Removed by Filter": 24339                     +
                                         }                                                     +
                                       ]                                                       +
                                     }                                                         +
                                   ]                                                           +
                                 },                                                            +
                                 {                                                             +
                                   "Node Type": "Index Scan",                                  +
                                   "Parent Relationship": "Inner",                             +
                                   "Parallel Aware": false,                                    +
                                   "Scan Direction": "Forward",                                +
                                   "Index Name": "item_pkey",                                  +
                                   "Relation Name": "item",                                    +
                                   "Alias": "item",                                            +
                                   "Startup Cost": 0.29,                                       +
                                   "Total Cost": 0.31,                                         +
                                   "Plan Rows": 1,                                             +
                                   "Plan Width": 59,                                           +
                                   "Actual Startup Time": 0.004,                               +
                                   "Actual Total Time": 0.004,                                 +
                                   "Actual Rows": 0,                                           +
                                   "Actual Loops": 94165,                                      +
                                   "Index Cond": "(i_item_sk = store_sales.ss_item_sk)",       +
                                   "Rows Removed by Index Recheck": 0,                         +
                                   "Filter": "(i_manager_id = 1)",                             +
                                   "Rows Removed by Filter": 1                                 +
                                 }                                                             +
                               ]                                                               +
                             }                                                                 +
                           ]                                                                   +
                         }                                                                     +
                       ]                                                                       +
                     }                                                                         +
                   ]                                                                           +
                 }                                                                             +
               ]                                                                               +
             }                                                                                 +
           ]                                                                                   +
         }                                                                                     +
       ]                                                                                       +
     },                                                                                        +
     "Planning Time": 0.678,                                                                   +
     "Triggers": [                                                                             +
     ],                                                                                        +
     "Execution Time": 529.913                                                                 +
   }                                                                                           +
 ]
(1 row)

