[
  {
    "Plan": {
      "Node Type": "Limit",
      "Parallel Aware": false,
      "Startup Cost": 363042385.37,
      "Total Cost": 363042386.04,
      "Plan Rows": 14,
      "Plan Width": 100,
      "Actual Startup Time": 3014.252,
      "Actual Total Time": 3014.253,
      "Actual Rows": 1,
      "Actual Loops": 1,
      "Plans": [
        {
          "Node Type": "Aggregate",
          "Strategy": "Sorted",
          "Partial Mode": "Simple",
          "Parent Relationship": "Outer",
          "Parallel Aware": false,
          "Startup Cost": 363042385.37,
          "Total Cost": 363042386.04,
          "Plan Rows": 14,
          "Plan Width": 100,
          "Actual Startup Time": 3014.251,
          "Actual Total Time": 3014.251,
          "Actual Rows": 1,
          "Actual Loops": 1,
          "Group Key": ["customer_demographics.cd_gender", "customer_demographics.cd_marital_status", "customer_demographics.cd_education_status", "customer_demographics.cd_purchase_estimate", "customer_demographics.cd_credit_rating", "customer_demographics.cd_dep_count", "customer_demographics.cd_dep_employed_count", "customer_demographics.cd_dep_college_count"],
          "Plans": [
            {
              "Node Type": "Sort",
              "Parent Relationship": "Outer",
              "Parallel Aware": false,
              "Startup Cost": 363042385.37,
              "Total Cost": 363042385.41,
              "Plan Rows": 14,
              "Plan Width": 52,
              "Actual Startup Time": 3014.241,
              "Actual Total Time": 3014.241,
              "Actual Rows": 1,
              "Actual Loops": 1,
              "Sort Key": ["customer_demographics.cd_gender", "customer_demographics.cd_marital_status", "customer_demographics.cd_education_status", "customer_demographics.cd_purchase_estimate", "customer_demographics.cd_credit_rating", "customer_demographics.cd_dep_count", "customer_demographics.cd_dep_employed_count", "customer_demographics.cd_dep_college_count"],
              "Sort Method": "quicksort",
              "Sort Space Used": 25,
              "Sort Space Type": "Memory",
              "Plans": [
                {
                  "Node Type": "Nested Loop",
                  "Parent Relationship": "Outer",
                  "Parallel Aware": false,
                  "Join Type": "Inner",
                  "Startup Cost": 70470.18,
                  "Total Cost": 363042385.11,
                  "Plan Rows": 14,
                  "Plan Width": 52,
                  "Actual Startup Time": 1902.968,
                  "Actual Total Time": 3014.228,
                  "Actual Rows": 1,
                  "Actual Loops": 1,
                  "Inner Unique": false,
                  "Join Filter": "(c.c_current_cdemo_sk = customer_demographics.cd_demo_sk)",
                  "Rows Removed by Join Filter": 1920799,
                  "Plans": [
                    {
                      "Node Type": "Seq Scan",
                      "Parent Relationship": "Outer",
                      "Parallel Aware": false,
                      "Relation Name": "customer_demographics",
                      "Alias": "customer_demographics",
                      "Startup Cost": 0.00,
                      "Total Cost": 41036.00,
                      "Plan Rows": 1920800,
                      "Plan Width": 56,
                      "Actual Startup Time": 0.019,
                      "Actual Total Time": 1094.828,
                      "Actual Rows": 1920800,
                      "Actual Loops": 1
                    },
                    {
                      "Node Type": "Materialize",
                      "Parent Relationship": "Inner",
                      "Parallel Aware": false,
                      "Startup Cost": 70470.18,
                      "Total Cost": 362569169.14,
                      "Plan Rows": 15,
                      "Plan Width": 4,
                      "Actual Startup Time": 0.001,
                      "Actual Total Time": 0.001,
                      "Actual Rows": 1,
                      "Actual Loops": 1920800,
                      "Plans": [
                        {
                          "Node Type": "Nested Loop",
                          "Parent Relationship": "Outer",
                          "Parallel Aware": false,
                          "Join Type": "Inner",
                          "Startup Cost": 70470.18,
                          "Total Cost": 362569169.07,
                          "Plan Rows": 15,
                          "Plan Width": 4,
                          "Actual Startup Time": 890.280,
                          "Actual Total Time": 934.166,
                          "Actual Rows": 1,
                          "Actual Loops": 1,
                          "Inner Unique": true,
                          "Plans": [
                            {
                              "Node Type": "Nested Loop",
                              "Parent Relationship": "Outer",
                              "Parallel Aware": false,
                              "Join Type": "Inner",
                              "Startup Cost": 70469.89,
                              "Total Cost": 362567884.17,
                              "Plan Rows": 3389,
                              "Plan Width": 8,
                              "Actual Startup Time": 857.783,
                              "Actual Total Time": 928.013,
                              "Actual Rows": 752,
                              "Actual Loops": 1,
                              "Inner Unique": true,
                              "Plans": [
                                {
                                  "Node Type": "Aggregate",
                                  "Strategy": "Hashed",
                                  "Partial Mode": "Simple",
                                  "Parent Relationship": "Outer",
                                  "Parallel Aware": false,
                                  "Startup Cost": 70469.60,
                                  "Total Cost": 70514.79,
                                  "Plan Rows": 4519,
                                  "Plan Width": 4,
                                  "Actual Startup Time": 457.364,
                                  "Actual Total Time": 461.673,
                                  "Actual Rows": 9121,
                                  "Actual Loops": 1,
                                  "Group Key": ["store_sales.ss_customer_sk"],
                                  "Plans": [
                                    {
                                      "Node Type": "Gather",
                                      "Parent Relationship": "Outer",
                                      "Parallel Aware": false,
                                      "Startup Cost": 3157.86,
                                      "Total Cost": 70458.30,
                                      "Plan Rows": 4519,
                                      "Plan Width": 4,
                                      "Actual Startup Time": 20.730,
                                      "Actual Total Time": 416.196,
                                      "Actual Rows": 108944,
                                      "Actual Loops": 1,
                                      "Workers Planned": 2,
                                      "Workers Launched": 2,
                                      "Single Copy": false,
                                      "Plans": [
                                        {
                                          "Node Type": "Hash Join",
                                          "Parent Relationship": "Outer",
                                          "Parallel Aware": true,
                                          "Join Type": "Inner",
                                          "Startup Cost": 2157.86,
                                          "Total Cost": 69006.40,
                                          "Plan Rows": 1883,
                                          "Plan Width": 4,
                                          "Actual Startup Time": 16.765,
                                          "Actual Total Time": 423.055,
                                          "Actual Rows": 36315,
                                          "Actual Loops": 3,
                                          "Inner Unique": true,
                                          "Hash Cond": "(store_sales.ss_sold_date_sk = date_dim.d_date_sk)",
                                          "Plans": [
                                            {
                                              "Node Type": "Seq Scan",
                                              "Parent Relationship": "Outer",
                                              "Parallel Aware": true,
                                              "Relation Name": "store_sales",
                                              "Alias": "store_sales",
                                              "Startup Cost": 0.00,
                                              "Total Cost": 63697.87,
                                              "Plan Rows": 1200187,
                                              "Plan Width": 8,
                                              "Actual Startup Time": 0.061,
                                              "Actual Total Time": 219.073,
                                              "Actual Rows": 960135,
                                              "Actual Loops": 3
                                            },
                                            {
                                              "Node Type": "Hash",
                                              "Parent Relationship": "Inner",
                                              "Parallel Aware": true,
                                              "Startup Cost": 2156.97,
                                              "Total Cost": 2156.97,
                                              "Plan Rows": 71,
                                              "Plan Width": 4,
                                              "Actual Startup Time": 14.700,
                                              "Actual Total Time": 14.700,
                                              "Actual Rows": 40,
                                              "Actual Loops": 3,
                                              "Hash Buckets": 1024,
                                              "Original Hash Buckets": 1024,
                                              "Hash Batches": 1,
                                              "Original Hash Batches": 1,
                                              "Peak Memory Usage": 104,
                                              "Plans": [
                                                {
                                                  "Node Type": "Seq Scan",
                                                  "Parent Relationship": "Outer",
                                                  "Parallel Aware": true,
                                                  "Relation Name": "date_dim",
                                                  "Alias": "date_dim",
                                                  "Startup Cost": 0.00,
                                                  "Total Cost": 2156.97,
                                                  "Plan Rows": 71,
                                                  "Plan Width": 4,
                                                  "Actual Startup Time": 9.096,
                                                  "Actual Total Time": 14.562,
                                                  "Actual Rows": 40,
                                                  "Actual Loops": 3,
                                                  "Filter": "((d_moy >= 1) AND (d_moy <= 4) AND (d_year = 2002))",
                                                  "Rows Removed by Filter": 24310
                                                }
                                              ]
                                            }
                                          ]
                                        }
                                      ]
                                    }
                                  ]
                                },
                                {
                                  "Node Type": "Index Scan",
                                  "Parent Relationship": "Inner",
                                  "Parallel Aware": false,
                                  "Scan Direction": "Forward",
                                  "Index Name": "customer_pkey",
                                  "Relation Name": "customer",
                                  "Alias": "c",
                                  "Startup Cost": 0.29,
                                  "Total Cost": 83539.95,
                                  "Plan Rows": 1,
                                  "Plan Width": 12,
                                  "Actual Startup Time": 0.050,
                                  "Actual Total Time": 0.050,
                                  "Actual Rows": 0,
                                  "Actual Loops": 9121,
                                  "Index Cond": "(c_customer_sk = store_sales.ss_customer_sk)",
                                  "Rows Removed by Index Recheck": 0,
                                  "Filter": "((alternatives: SubPlan 1 or hashed SubPlan 2) OR (alternatives: SubPlan 3 or hashed SubPlan 4))",
                                  "Rows Removed by Filter": 1,
                                  "Plans": [
                                    {
                                      "Node Type": "Nested Loop",
                                      "Parent Relationship": "SubPlan",
                                      "Subplan Name": "SubPlan 1",
                                      "Parallel Aware": false,
                                      "Join Type": "Inner",
                                      "Startup Cost": 0.29,
                                      "Total Cost": 27909.15,
                                      "Plan Rows": 1,
                                      "Plan Width": 0,
                                      "Actual Startup Time": 0.000,
                                      "Actual Total Time": 0.000,
                                      "Actual Rows": 0,
                                      "Actual Loops": 0,
                                      "Inner Unique": true,
                                      "Plans": [
                                        {
                                          "Node Type": "Seq Scan",
                                          "Parent Relationship": "Outer",
                                          "Parallel Aware": false,
                                          "Relation Name": "web_sales",
                                          "Alias": "web_sales",
                                          "Startup Cost": 0.00,
                                          "Total Cost": 27759.30,
                                          "Plan Rows": 18,
                                          "Plan Width": 4,
                                          "Actual Startup Time": 0.000,
                                          "Actual Total Time": 0.000,
                                          "Actual Rows": 0,
                                          "Actual Loops": 0,
                                          "Filter": "(c.c_customer_sk = ws_bill_customer_sk)",
                                          "Rows Removed by Filter": 0
                                        },
                                        {
                                          "Node Type": "Index Scan",
                                          "Parent Relationship": "Inner",
                                          "Parallel Aware": false,
                                          "Scan Direction": "Forward",
                                          "Index Name": "date_dim_pkey",
                                          "Relation Name": "date_dim",
                                          "Alias": "date_dim_1",
                                          "Startup Cost": 0.29,
                                          "Total Cost": 8.32,
                                          "Plan Rows": 1,
                                          "Plan Width": 4,
                                          "Actual Startup Time": 0.000,
                                          "Actual Total Time": 0.000,
                                          "Actual Rows": 0,
                                          "Actual Loops": 0,
                                          "Index Cond": "(d_date_sk = web_sales.ws_sold_date_sk)",
                                          "Rows Removed by Index Recheck": 0,
                                          "Filter": "((d_moy >= 1) AND (d_moy <= 4) AND (d_year = 2002))",
                                          "Rows Removed by Filter": 0
                                        }
                                      ]
                                    },
                                    {
                                      "Node Type": "Gather",
                                      "Parent Relationship": "SubPlan",
                                      "Subplan Name": "SubPlan 2",
                                      "Parallel Aware": false,
                                      "Startup Cost": 3157.86,
                                      "Total Cost": 25827.27,
                                      "Plan Rows": 1181,
                                      "Plan Width": 4,
                                      "Actual Startup Time": 15.067,
                                      "Actual Total Time": 123.412,
                                      "Actual Rows": 27787,
                                      "Actual Loops": 1,
                                      "Workers Planned": 2,
                                      "Workers Launched": 2,
                                      "Single Copy": false,
                                      "Plans": [
                                        {
                                          "Node Type": "Hash Join",
                                          "Parent Relationship": "Outer",
                                          "Parallel Aware": true,
                                          "Join Type": "Inner",
                                          "Startup Cost": 2157.86,
                                          "Total Cost": 24709.17,
                                          "Plan Rows": 492,
                                          "Plan Width": 4,
                                          "Actual Startup Time": 7.358,
                                          "Actual Total Time": 118.474,
                                          "Actual Rows": 9262,
                                          "Actual Loops": 3,
                                          "Inner Unique": true,
                                          "Hash Cond": "(web_sales_1.ws_sold_date_sk = date_dim_2.d_date_sk)",
                                          "Plans": [
                                            {
                                              "Node Type": "Seq Scan",
                                              "Parent Relationship": "Outer",
                                              "Parallel Aware": true,
                                              "Relation Name": "web_sales",
                                              "Alias": "web_sales_1",
                                              "Startup Cost": 0.00,
                                              "Total Cost": 21764.43,
                                              "Plan Rows": 299743,
                                              "Plan Width": 8,
                                              "Actual Startup Time": 0.060,
                                              "Actual Total Time": 64.660,
                                              "Actual Rows": 239795,
                                              "Actual Loops": 3
                                            },
                                            {
                                              "Node Type": "Hash",
                                              "Parent Relationship": "Inner",
                                              "Parallel Aware": true,
                                              "Startup Cost": 2156.97,
                                              "Total Cost": 2156.97,
                                              "Plan Rows": 71,
                                              "Plan Width": 4,
                                              "Actual Startup Time": 6.856,
                                              "Actual Total Time": 6.856,
                                              "Actual Rows": 40,
                                              "Actual Loops": 3,
                                              "Hash Buckets": 1024,
                                              "Original Hash Buckets": 1024,
                                              "Hash Batches": 1,
                                              "Original Hash Batches": 1,
                                              "Peak Memory Usage": 40,
                                              "Plans": [
                                                {
                                                  "Node Type": "Seq Scan",
                                                  "Parent Relationship": "Outer",
                                                  "Parallel Aware": true,
                                                  "Relation Name": "date_dim",
                                                  "Alias": "date_dim_2",
                                                  "Startup Cost": 0.00,
                                                  "Total Cost": 2156.97,
                                                  "Plan Rows": 71,
                                                  "Plan Width": 4,
                                                  "Actual Startup Time": 5.016,
                                                  "Actual Total Time": 6.783,
                                                  "Actual Rows": 40,
                                                  "Actual Loops": 3,
                                                  "Filter": "((d_moy >= 1) AND (d_moy <= 4) AND (d_year = 2002))",
                                                  "Rows Removed by Filter": 24310
                                                }
                                              ]
                                            }
                                          ]
                                        }
                                      ]
                                    },
                                    {
                                      "Node Type": "Nested Loop",
                                      "Parent Relationship": "SubPlan",
                                      "Subplan Name": "SubPlan 3",
                                      "Parallel Aware": false,
                                      "Join Type": "Inner",
                                      "Startup Cost": 0.29,
                                      "Total Cost": 55630.29,
                                      "Plan Rows": 1,
                                      "Plan Width": 0,
                                      "Actual Startup Time": 0.000,
                                      "Actual Total Time": 0.000,
                                      "Actual Rows": 0,
                                      "Actual Loops": 0,
                                      "Inner Unique": true,
                                      "Plans": [
                                        {
                                          "Node Type": "Seq Scan",
                                          "Parent Relationship": "Outer",
                                          "Parallel Aware": false,
                                          "Relation Name": "catalog_sales",
                                          "Alias": "catalog_sales",
                                          "Startup Cost": 0.00,
                                          "Total Cost": 55426.23,
                                          "Plan Rows": 25,
                                          "Plan Width": 4,
                                          "Actual Startup Time": 0.000,
                                          "Actual Total Time": 0.000,
                                          "Actual Rows": 0,
                                          "Actual Loops": 0,
                                          "Filter": "(c.c_customer_sk = cs_ship_customer_sk)",
                                          "Rows Removed by Filter": 0
                                        },
                                        {
                                          "Node Type": "Index Scan",
                                          "Parent Relationship": "Inner",
                                          "Parallel Aware": false,
                                          "Scan Direction": "Forward",
                                          "Index Name": "date_dim_pkey",
                                          "Relation Name": "date_dim",
                                          "Alias": "date_dim_3",
                                          "Startup Cost": 0.29,
                                          "Total Cost": 8.16,
                                          "Plan Rows": 1,
                                          "Plan Width": 4,
                                          "Actual Startup Time": 0.000,
                                          "Actual Total Time": 0.000,
                                          "Actual Rows": 0,
                                          "Actual Loops": 0,
                                          "Index Cond": "(d_date_sk = catalog_sales.cs_sold_date_sk)",
                                          "Rows Removed by Index Recheck": 0,
                                          "Filter": "((d_moy >= 1) AND (d_moy <= 4) AND (d_year = 2002))",
                                          "Rows Removed by Filter": 0
                                        }
                                      ]
                                    },
                                    {
                                      "Node Type": "Gather",
                                      "Parent Relationship": "SubPlan",
                                      "Subplan Name": "SubPlan 4",
                                      "Parallel Aware": false,
                                      "Startup Cost": 3157.86,
                                      "Total Cost": 48382.58,
                                      "Plan Rows": 2357,
                                      "Plan Width": 4,
                                      "Actual Startup Time": 87.651,
                                      "Actual Total Time": 246.151,
                                      "Actual Rows": 54361,
                                      "Actual Loops": 1,
                                      "Workers Planned": 2,
                                      "Workers Launched": 2,
                                      "Single Copy": false,
                                      "Plans": [
                                        {
                                          "Node Type": "Hash Join",
                                          "Parent Relationship": "Outer",
                                          "Parallel Aware": true,
                                          "Join Type": "Inner",
                                          "Startup Cost": 2157.86,
                                          "Total Cost": 47146.89,
                                          "Plan Rows": 982,
                                          "Plan Width": 4,
                                          "Actual Startup Time": 83.334,
                                          "Actual Total Time": 245.808,
                                          "Actual Rows": 18120,
                                          "Actual Loops": 3,
                                          "Inner Unique": true,
                                          "Hash Cond": "(catalog_sales_1.cs_sold_date_sk = date_dim_4.d_date_sk)",
                                          "Plans": [
                                            {
                                              "Node Type": "Seq Scan",
                                              "Parent Relationship": "Outer",
                                              "Parallel Aware": true,
                                              "Relation Name": "catalog_sales",
                                              "Alias": "catalog_sales_1",
                                              "Startup Cost": 0.00,
                                              "Total Cost": 43412.07,
                                              "Plan Rows": 600708,
                                              "Plan Width": 8,
                                              "Actual Startup Time": 0.059,
                                              "Actual Total Time": 138.488,
                                              "Actual Rows": 480516,
                                              "Actual Loops": 3
                                            },
                                            {
                                              "Node Type": "Hash",
                                              "Parent Relationship": "Inner",
                                              "Parallel Aware": true,
                                              "Startup Cost": 2156.97,
                                              "Total Cost": 2156.97,
                                              "Plan Rows": 71,
                                              "Plan Width": 4,
                                              "Actual Startup Time": 8.273,
                                              "Actual Total Time": 8.274,
                                              "Actual Rows": 40,
                                              "Actual Loops": 3,
                                              "Hash Buckets": 1024,
                                              "Original Hash Buckets": 1024,
                                              "Hash Batches": 1,
                                              "Original Hash Batches": 1,
                                              "Peak Memory Usage": 104,
                                              "Plans": [
                                                {
                                                  "Node Type": "Seq Scan",
                                                  "Parent Relationship": "Outer",
                                                  "Parallel Aware": true,
                                                  "Relation Name": "date_dim",
                                                  "Alias": "date_dim_4",
                                                  "Startup Cost": 0.00,
                                                  "Total Cost": 2156.97,
                                                  "Plan Rows": 71,
                                                  "Plan Width": 4,
                                                  "Actual Startup Time": 3.949,
                                                  "Actual Total Time": 8.150,
                                                  "Actual Rows": 40,
                                                  "Actual Loops": 3,
                                                  "Filter": "((d_moy >= 1) AND (d_moy <= 4) AND (d_year = 2002))",
                                                  "Rows Removed by Filter": 24310
                                                }
                                              ]
                                            }
                                          ]
                                        }
                                      ]
                                    }
                                  ]
                                }
                              ]
                            },
                            {
                              "Node Type": "Index Scan",
                              "Parent Relationship": "Inner",
                              "Parallel Aware": false,
                              "Scan Direction": "Forward",
                              "Index Name": "customer_address_pkey",
                              "Relation Name": "customer_address",
                              "Alias": "ca",
                              "Startup Cost": 0.29,
                              "Total Cost": 0.38,
                              "Plan Rows": 1,
                              "Plan Width": 4,
                              "Actual Startup Time": 0.008,
                              "Actual Total Time": 0.008,
                              "Actual Rows": 0,
                              "Actual Loops": 752,
                              "Index Cond": "(ca_address_sk = c.c_current_addr_sk)",
                              "Rows Removed by Index Recheck": 0,
                              "Filter": "((ca_county)::text = ANY ('{\"Bennett County\",\"Chambers County\",\"Cass County\",\"Salt Lake County\",\"Arapahoe County\"}'::text[]))",
                              "Rows Removed by Filter": 1
                            }
                          ]
                        }
                      ]
                    }
                  ]
                }
              ]
            }
          ]
        }
      ]
    },
    "Planning Time": 6.886,
    "Triggers": [
    ],
    "Execution Time": 3014.799
  }
]
