[
  {
    "Plan": {
      "Node Type": "Limit",
      "Parallel Aware": false,
      "Startup Cost": 392460.97,
      "Total Cost": 392461.22,
      "Plan Rows": 100,
      "Plan Width": 188,
      "Actual Startup Time": 29633.272,
      "Actual Total Time": 29633.298,
      "Actual Rows": 100,
      "Actual Loops": 1,
      "Plans": [
        {
          "Node Type": "Aggregate",
          "Strategy": "Sorted",
          "Partial Mode": "Finalize",
          "Parent Relationship": "InitPlan",
          "Subplan Name": "CTE ws",
          "Parallel Aware": false,
          "Startup Cost": 47634.25,
          "Total Cost": 91196.89,
          "Plan Rows": 308090,
          "Plan Width": 84,
          "Actual Startup Time": 676.051,
          "Actual Total Time": 3444.892,
          "Actual Rows": 647429,
          "Actual Loops": 1,
          "Group Key": ["date_dim.d_year", "web_sales.ws_item_sk", "web_sales.ws_bill_customer_sk"],
          "Plans": [
            {
              "Node Type": "Gather Merge",
              "Parent Relationship": "Outer",
              "Parallel Aware": false,
              "Startup Cost": 47634.25,
              "Total Cost": 81440.70,
              "Plan Rows": 256742,
              "Plan Width": 84,
              "Actual Startup Time": 676.034,
              "Actual Total Time": 1674.810,
              "Actual Rows": 647431,
              "Actual Loops": 1,
              "Workers Planned": 2,
              "Workers Launched": 2,
              "Plans": [
                {
                  "Node Type": "Aggregate",
                  "Strategy": "Sorted",
                  "Partial Mode": "Partial",
                  "Parent Relationship": "Outer",
                  "Parallel Aware": false,
                  "Startup Cost": 46634.22,
                  "Total Cost": 50806.28,
                  "Plan Rows": 128371,
                  "Plan Width": 84,
                  "Actual Startup Time": 668.246,
                  "Actual Total Time": 1331.300,
                  "Actual Rows": 215810,
                  "Actual Loops": 3,
                  "Group Key": ["date_dim.d_year", "web_sales.ws_item_sk", "web_sales.ws_bill_customer_sk"],
                  "Plans": [
                    {
                      "Node Type": "Sort",
                      "Parent Relationship": "Outer",
                      "Parallel Aware": false,
                      "Startup Cost": 46634.22,
                      "Total Cost": 46955.15,
                      "Plan Rows": 128371,
                      "Plan Width": 28,
                      "Actual Startup Time": 668.197,
                      "Actual Total Time": 778.778,
                      "Actual Rows": 215816,
                      "Actual Loops": 3,
                      "Sort Key": ["date_dim.d_year", "web_sales.ws_item_sk", "web_sales.ws_bill_customer_sk"],
                      "Sort Method": "external merge",
                      "Sort Space Used": 8536,
                      "Sort Space Type": "Disk",
                      "Workers": [
                        {
                          "Worker Number": 0,
                          "Sort Method": "external merge",
                          "Sort Space Used": 8376,
                          "Sort Space Type": "Disk"
                        },
                        {
                          "Worker Number": 1,
                          "Sort Method": "external merge",
                          "Sort Space Used": 8400,
                          "Sort Space Type": "Disk"
                        }
                      ],
                      "Plans": [
                        {
                          "Node Type": "Hash Join",
                          "Parent Relationship": "Outer",
                          "Parallel Aware": true,
                          "Join Type": "Inner",
                          "Startup Cost": 4754.17,
                          "Total Cost": 32668.97,
                          "Plan Rows": 128371,
                          "Plan Width": 28,
                          "Actual Startup Time": 37.018,
                          "Actual Total Time": 349.865,
                          "Actual Rows": 215816,
                          "Actual Loops": 3,
                          "Inner Unique": true,
                          "Hash Cond": "(web_sales.ws_sold_date_sk = date_dim.d_date_sk)",
                          "Plans": [
                            {
                              "Node Type": "Hash Join",
                              "Parent Relationship": "Outer",
                              "Parallel Aware": true,
                              "Join Type": "Anti",
                              "Startup Cost": 2382.35,
                              "Total Cost": 29960.06,
                              "Plan Rows": 128405,
                              "Plan Width": 28,
                              "Actual Startup Time": 20.089,
                              "Actual Total Time": 247.779,
                              "Actual Rows": 215874,
                              "Actual Loops": 3,
                              "Inner Unique": false,
                              "Hash Cond": "((web_sales.ws_item_sk = web_returns.wr_item_sk) AND (web_sales.ws_order_number = web_returns.wr_order_number))",
                              "Plans": [
                                {
                                  "Node Type": "Seq Scan",
                                  "Parent Relationship": "Outer",
                                  "Parallel Aware": true,
                                  "Relation Name": "web_sales",
                                  "Alias": "web_sales",
                                  "Startup Cost": 0.00,
                                  "Total Cost": 21764.43,
                                  "Plan Rows": 299743,
                                  "Plan Width": 32,
                                  "Actual Startup Time": 0.024,
                                  "Actual Total Time": 69.617,
                                  "Actual Rows": 239795,
                                  "Actual Loops": 3
                                },
                                {
                                  "Node Type": "Hash",
                                  "Parent Relationship": "Inner",
                                  "Parallel Aware": true,
                                  "Startup Cost": 1749.14,
                                  "Total Cost": 1749.14,
                                  "Plan Rows": 42214,
                                  "Plan Width": 8,
                                  "Actual Startup Time": 19.584,
                                  "Actual Total Time": 19.585,
                                  "Actual Rows": 23921,
                                  "Actual Loops": 3,
                                  "Hash Buckets": 131072,
                                  "Original Hash Buckets": 131072,
                                  "Hash Batches": 1,
                                  "Original Hash Batches": 1,
                                  "Peak Memory Usage": 3872,
                                  "Plans": [
                                    {
                                      "Node Type": "Seq Scan",
                                      "Parent Relationship": "Outer",
                                      "Parallel Aware": true,
                                      "Relation Name": "web_returns",
                                      "Alias": "web_returns",
                                      "Startup Cost": 0.00,
                                      "Total Cost": 1749.14,
                                      "Plan Rows": 42214,
                                      "Plan Width": 8,
                                      "Actual Startup Time": 0.025,
                                      "Actual Total Time": 10.048,
                                      "Actual Rows": 23921,
                                      "Actual Loops": 3
                                    }
                                  ]
                                }
                              ]
                            },
                            {
                              "Node Type": "Hash",
                              "Parent Relationship": "Inner",
                              "Parallel Aware": true,
                              "Startup Cost": 1834.70,
                              "Total Cost": 1834.70,
                              "Plan Rows": 42970,
                              "Plan Width": 8,
                              "Actual Startup Time": 16.349,
                              "Actual Total Time": 16.349,
                              "Actual Rows": 24350,
                              "Actual Loops": 3,
                              "Hash Buckets": 131072,
                              "Original Hash Buckets": 131072,
                              "Hash Batches": 1,
                              "Original Hash Batches": 1,
                              "Peak Memory Usage": 3936,
                              "Plans": [
                                {
                                  "Node Type": "Seq Scan",
                                  "Parent Relationship": "Outer",
                                  "Parallel Aware": true,
                                  "Relation Name": "date_dim",
                                  "Alias": "date_dim",
                                  "Startup Cost": 0.00,
                                  "Total Cost": 1834.70,
                                  "Plan Rows": 42970,
                                  "Plan Width": 8,
                                  "Actual Startup Time": 0.017,
                                  "Actual Total Time": 8.281,
                                  "Actual Rows": 24350,
                                  "Actual Loops": 3
                                }
                              ]
                            }
                          ]
                        }
                      ]
                    }
                  ]
                }
              ]
            }
          ]
        },
        {
          "Node Type": "Aggregate",
          "Strategy": "Sorted",
          "Partial Mode": "Finalize",
          "Parent Relationship": "InitPlan",
          "Subplan Name": "CTE cs",
          "Parallel Aware": false,
          "Startup Cost": 81546.09,
          "Total Cost": 151452.77,
          "Plan Rows": 494404,
          "Plan Width": 84,
          "Actual Startup Time": 1381.266,
          "Actual Total Time": 6894.846,
          "Actual Rows": 1290853,
          "Actual Loops": 1,
          "Group Key": ["date_dim_1.d_year", "catalog_sales.cs_item_sk", "catalog_sales.cs_bill_customer_sk"],
          "Plans": [
            {
              "Node Type": "Gather Merge",
              "Parent Relationship": "Outer",
              "Parallel Aware": false,
              "Startup Cost": 81546.09,
              "Total Cost": 135796.63,
              "Plan Rows": 412004,
              "Plan Width": 84,
              "Actual Startup Time": 1381.255,
              "Actual Total Time": 3350.235,
              "Actual Rows": 1291007,
              "Actual Loops": 1,
              "Workers Planned": 2,
              "Workers Launched": 2,
              "Plans": [
                {
                  "Node Type": "Aggregate",
                  "Strategy": "Sorted",
                  "Partial Mode": "Partial",
                  "Parent Relationship": "Outer",
                  "Parallel Aware": false,
                  "Startup Cost": 80546.06,
                  "Total Cost": 87241.13,
                  "Plan Rows": 206002,
                  "Plan Width": 84,
                  "Actual Startup Time": 1372.610,
                  "Actual Total Time": 2671.566,
                  "Actual Rows": 430336,
                  "Actual Loops": 3,
                  "Group Key": ["date_dim_1.d_year", "catalog_sales.cs_item_sk", "catalog_sales.cs_bill_customer_sk"],
                  "Plans": [
                    {
                      "Node Type": "Sort",
                      "Parent Relationship": "Outer",
                      "Parallel Aware": false,
                      "Startup Cost": 80546.06,
                      "Total Cost": 81061.07,
                      "Plan Rows": 206002,
                      "Plan Width": 28,
                      "Actual Startup Time": 1372.567,
                      "Actual Total Time": 1567.707,
                      "Actual Rows": 430360,
                      "Actual Loops": 3,
                      "Sort Key": ["date_dim_1.d_year", "catalog_sales.cs_item_sk", "catalog_sales.cs_bill_customer_sk"],
                      "Sort Method": "external merge",
                      "Sort Space Used": 16912,
                      "Sort Space Type": "Disk",
                      "Workers": [
                        {
                          "Worker Number": 0,
                          "Sort Method": "external merge",
                          "Sort Space Used": 16760,
                          "Sort Space Type": "Disk"
                        },
                        {
                          "Worker Number": 1,
                          "Sort Method": "external merge",
                          "Sort Space Used": 16760,
                          "Sort Space Type": "Disk"
                        }
                      ],
                      "Plans": [
                        {
                          "Node Type": "Hash Join",
                          "Parent Relationship": "Outer",
                          "Parallel Aware": true,
                          "Join Type": "Inner",
                          "Startup Cost": 7367.45,
                          "Total Cost": 57432.52,
                          "Plan Rows": 206002,
                          "Plan Width": 28,
                          "Actual Startup Time": 60.167,
                          "Actual Total Time": 706.319,
                          "Actual Rows": 430360,
                          "Actual Loops": 3,
                          "Inner Unique": true,
                          "Hash Cond": "(catalog_sales.cs_sold_date_sk = date_dim_1.d_date_sk)",
                          "Plans": [
                            {
                              "Node Type": "Hash Join",
                              "Parent Relationship": "Outer",
                              "Parallel Aware": true,
                              "Join Type": "Anti",
                              "Startup Cost": 4995.63,
                              "Total Cost": 54517.28,
                              "Plan Rows": 207002,
                              "Plan Width": 28,
                              "Actual Startup Time": 43.070,
                              "Actual Total Time": 512.637,
                              "Actual Rows": 432494,
                              "Actual Loops": 3,
                              "Inner Unique": false,
                              "Hash Cond": "((catalog_sales.cs_item_sk = catalog_returns.cr_item_sk) AND (catalog_sales.cs_order_number = catalog_returns.cr_order_number))",
                              "Plans": [
                                {
                                  "Node Type": "Seq Scan",
                                  "Parent Relationship": "Outer",
                                  "Parallel Aware": true,
                                  "Relation Name": "catalog_sales",
                                  "Alias": "catalog_sales",
                                  "Startup Cost": 0.00,
                                  "Total Cost": 43412.07,
                                  "Plan Rows": 600708,
                                  "Plan Width": 32,
                                  "Actual Startup Time": 0.070,
                                  "Actual Total Time": 136.531,
                                  "Actual Rows": 480516,
                                  "Actual Loops": 3
                                },
                                {
                                  "Node Type": "Hash",
                                  "Parent Relationship": "Inner",
                                  "Parallel Aware": true,
                                  "Startup Cost": 3724.45,
                                  "Total Cost": 3724.45,
                                  "Plan Rows": 84745,
                                  "Plan Width": 8,
                                  "Actual Startup Time": 42.114,
                                  "Actual Total Time": 42.114,
                                  "Actual Rows": 48022,
                                  "Actual Loops": 3,
                                  "Hash Buckets": 262144,
                                  "Original Hash Buckets": 262144,
                                  "Hash Batches": 1,
                                  "Original Hash Batches": 1,
                                  "Peak Memory Usage": 7744,
                                  "Plans": [
                                    {
                                      "Node Type": "Seq Scan",
                                      "Parent Relationship": "Outer",
                                      "Parallel Aware": true,
                                      "Relation Name": "catalog_returns",
                                      "Alias": "catalog_returns",
                                      "Startup Cost": 0.00,
                                      "Total Cost": 3724.45,
                                      "Plan Rows": 84745,
                                      "Plan Width": 8,
                                      "Actual Startup Time": 0.013,
                                      "Actual Total Time": 21.945,
                                      "Actual Rows": 48022,
                                      "Actual Loops": 3
                                    }
                                  ]
                                }
                              ]
                            },
                            {
                              "Node Type": "Hash",
                              "Parent Relationship": "Inner",
                              "Parallel Aware": true,
                              "Startup Cost": 1834.70,
                              "Total Cost": 1834.70,
                              "Plan Rows": 42970,
                              "Plan Width": 8,
                              "Actual Startup Time": 16.542,
                              "Actual Total Time": 16.542,
                              "Actual Rows": 24350,
                              "Actual Loops": 3,
                              "Hash Buckets": 131072,
                              "Original Hash Buckets": 131072,
                              "Hash Batches": 1,
                              "Original Hash Batches": 1,
                              "Peak Memory Usage": 3936,
                              "Plans": [
                                {
                                  "Node Type": "Seq Scan",
                                  "Parent Relationship": "Outer",
                                  "Parallel Aware": true,
                                  "Relation Name": "date_dim",
                                  "Alias": "date_dim_1",
                                  "Startup Cost": 0.00,
                                  "Total Cost": 1834.70,
                                  "Plan Rows": 42970,
                                  "Plan Width": 8,
                                  "Actual Startup Time": 0.016,
                                  "Actual Total Time": 8.424,
                                  "Actual Rows": 24350,
                                  "Actual Loops": 3
                                }
                              ]
                            }
                          ]
                        }
                      ]
                    }
                  ]
                }
              ]
            }
          ]
        },
        {
          "Node Type": "Aggregate",
          "Strategy": "Sorted",
          "Partial Mode": "Finalize",
          "Parent Relationship": "InitPlan",
          "Subplan Name": "CTE ss",
          "Parallel Aware": false,
          "Startup Cost": 106858.68,
          "Total Cost": 128060.89,
          "Plan Rows": 149949,
          "Plan Width": 84,
          "Actual Startup Time": 3211.139,
          "Actual Total Time": 14055.060,
          "Actual Rows": 2449192,
          "Actual Loops": 1,
          "Group Key": ["date_dim_2.d_year", "store_sales.ss_item_sk", "store_sales.ss_customer_sk"],
          "Plans": [
            {
              "Node Type": "Gather Merge",
              "Parent Relationship": "Outer",
              "Parallel Aware": false,
              "Startup Cost": 106858.68,
              "Total Cost": 123312.50,
              "Plan Rows": 124958,
              "Plan Width": 84,
              "Actual Startup Time": 3211.125,
              "Actual Total Time": 7253.145,
              "Actual Rows": 2464647,
              "Actual Loops": 1,
              "Workers Planned": 2,
              "Workers Launched": 2,
              "Plans": [
                {
                  "Node Type": "Aggregate",
                  "Strategy": "Sorted",
                  "Partial Mode": "Partial",
                  "Parent Relationship": "Outer",
                  "Parallel Aware": false,
                  "Startup Cost": 105858.65,
                  "Total Cost": 107889.22,
                  "Plan Rows": 62479,
                  "Plan Width": 84,
                  "Actual Startup Time": 3205.320,
                  "Actual Total Time": 5946.884,
                  "Actual Rows": 821549,
                  "Actual Loops": 3,
                  "Group Key": ["date_dim_2.d_year", "store_sales.ss_item_sk", "store_sales.ss_customer_sk"],
                  "Plans": [
                    {
                      "Node Type": "Sort",
                      "Parent Relationship": "Outer",
                      "Parallel Aware": false,
                      "Startup Cost": 105858.65,
                      "Total Cost": 106014.85,
                      "Plan Rows": 62479,
                      "Plan Width": 28,
                      "Actual Startup Time": 3205.274,
                      "Actual Total Time": 3801.810,
                      "Actual Rows": 825254,
                      "Actual Loops": 3,
                      "Sort Key": ["date_dim_2.d_year", "store_sales.ss_item_sk", "store_sales.ss_customer_sk"],
                      "Sort Method": "external merge",
                      "Sort Space Used": 31848,
                      "Sort Space Type": "Disk",
                      "Workers": [
                        {
                          "Worker Number": 0,
                          "Sort Method": "external merge",
                          "Sort Space Used": 31928,
                          "Sort Space Type": "Disk"
                        },
                        {
                          "Worker Number": 1,
                          "Sort Method": "external merge",
                          "Sort Space Used": 31792,
                          "Sort Space Type": "Disk"
                        }
                      ],
                      "Plans": [
                        {
                          "Node Type": "Hash Join",
                          "Parent Relationship": "Outer",
                          "Parallel Aware": true,
                          "Join Type": "Inner",
                          "Startup Cost": 10625.77,
                          "Total Cost": 100881.86,
                          "Plan Rows": 62479,
                          "Plan Width": 28,
                          "Actual Startup Time": 1142.627,
                          "Actual Total Time": 1922.308,
                          "Actual Rows": 825254,
                          "Actual Loops": 3,
                          "Inner Unique": true,
                          "Hash Cond": "(store_sales.ss_sold_date_sk = date_dim_2.d_date_sk)",
                          "Plans": [
                            {
                              "Node Type": "Hash Join",
                              "Parent Relationship": "Outer",
                              "Parallel Aware": true,
                              "Join Type": "Anti",
                              "Startup Cost": 8253.94,
                              "Total Cost": 98338.28,
                              "Plan Rows": 65428,
                              "Plan Width": 28,
                              "Actual Startup Time": 1123.934,
                              "Actual Total Time": 1566.408,
                              "Actual Rows": 864297,
                              "Actual Loops": 3,
                              "Inner Unique": false,
                              "Hash Cond": "((store_sales.ss_item_sk = store_returns.sr_item_sk) AND (store_sales.ss_ticket_number = store_returns.sr_ticket_number))",
                              "Plans": [
                                {
                                  "Node Type": "Seq Scan",
                                  "Parent Relationship": "Outer",
                                  "Parallel Aware": true,
                                  "Relation Name": "store_sales",
                                  "Alias": "store_sales",
                                  "Startup Cost": 0.00,
                                  "Total Cost": 63697.87,
                                  "Plan Rows": 1200187,
                                  "Plan Width": 32,
                                  "Actual Startup Time": 0.186,
                                  "Actual Total Time": 432.217,
                                  "Actual Rows": 960135,
                                  "Actual Loops": 3
                                },
                                {
                                  "Node Type": "Hash",
                                  "Parent Relationship": "Inner",
                                  "Parallel Aware": true,
                                  "Startup Cost": 5988.98,
                                  "Total Cost": 5988.98,
                                  "Plan Rows": 119798,
                                  "Plan Width": 8,
                                  "Actual Startup Time": 75.304,
                                  "Actual Total Time": 75.304,
                                  "Actual Rows": 95838,
                                  "Actual Loops": 3,
                                  "Hash Buckets": 131072,
                                  "Original Hash Buckets": 131072,
                                  "Hash Batches": 4,
                                  "Original Hash Batches": 4,
                                  "Peak Memory Usage": 3904,
                                  "Plans": [
                                    {
                                      "Node Type": "Seq Scan",
                                      "Parent Relationship": "Outer",
                                      "Parallel Aware": true,
                                      "Relation Name": "store_returns",
                                      "Alias": "store_returns",
                                      "Startup Cost": 0.00,
                                      "Total Cost": 5988.98,
                                      "Plan Rows": 119798,
                                      "Plan Width": 8,
                                      "Actual Startup Time": 0.058,
                                      "Actual Total Time": 36.355,
                                      "Actual Rows": 95838,
                                      "Actual Loops": 3
                                    }
                                  ]
                                }
                              ]
                            },
                            {
                              "Node Type": "Hash",
                              "Parent Relationship": "Inner",
                              "Parallel Aware": true,
                              "Startup Cost": 1834.70,
                              "Total Cost": 1834.70,
                              "Plan Rows": 42970,
                              "Plan Width": 8,
                              "Actual Startup Time": 18.112,
                              "Actual Total Time": 18.112,
                              "Actual Rows": 24350,
                              "Actual Loops": 3,
                              "Hash Buckets": 131072,
                              "Original Hash Buckets": 131072,
                              "Hash Batches": 1,
                              "Original Hash Batches": 1,
                              "Peak Memory Usage": 3936,
                              "Plans": [
                                {
                                  "Node Type": "Seq Scan",
                                  "Parent Relationship": "Outer",
                                  "Parallel Aware": true,
                                  "Relation Name": "date_dim",
                                  "Alias": "date_dim_2",
                                  "Startup Cost": 0.00,
                                  "Total Cost": 1834.70,
                                  "Plan Rows": 42970,
                                  "Plan Width": 8,
                                  "Actual Startup Time": 0.017,
                                  "Actual Total Time": 9.251,
                                  "Actual Rows": 24350,
                                  "Actual Loops": 3
                                }
                              ]
                            }
                          ]
                        }
                      ]
                    }
                  ]
                }
              ]
            }
          ]
        },
        {
          "Node Type": "Sort",
          "Parent Relationship": "Outer",
          "Parallel Aware": false,
          "Startup Cost": 21750.41,
          "Total Cost": 21751.46,
          "Plan Rows": 417,
          "Plan Width": 188,
          "Actual Startup Time": 29633.270,
          "Actual Total Time": 29633.280,
          "Actual Rows": 100,
          "Actual Loops": 1,
          "Sort Key": ["ss.ss_item_sk", "ss.ss_customer_sk", "ss.ss_qty DESC", "ss.ss_wc DESC", "ss.ss_sp DESC", "((COALESCE(ws.ws_qty, '0'::bigint) + COALESCE(cs.cs_qty, '0'::bigint)))", "((COALESCE(ws.ws_wc, '0'::numeric) + COALESCE(cs.cs_wc, '0'::numeric)))", "((COALESCE(ws.ws_sp, '0'::numeric) + COALESCE(cs.cs_sp, '0'::numeric)))", "(round(((ss.ss_qty / (COALESCE(ws.ws_qty, '0'::bigint) + COALESCE(cs.cs_qty, '0'::bigint))))::numeric, 2))"],
          "Sort Method": "quicksort",
          "Sort Space Used": 50,
          "Sort Space Type": "Memory",
          "Plans": [
            {
              "Node Type": "Merge Join",
              "Parent Relationship": "Outer",
              "Parallel Aware": false,
              "Join Type": "Left",
              "Startup Cost": 21686.63,
              "Total Cost": 21734.48,
              "Plan Rows": 417,
              "Plan Width": 188,
              "Actual Startup Time": 29005.684,
              "Actual Total Time": 29633.017,
              "Actual Rows": 178,
              "Actual Loops": 1,
              "Inner Unique": false,
              "Merge Cond": "((ss.ss_item_sk = ws.ws_item_sk) AND (ss.ss_customer_sk = ws.ws_customer_sk))",
              "Join Filter": "(ws.ws_sold_year = ss.ss_sold_year)",
              "Rows Removed by Join Filter": 0,
              "Filter": "((COALESCE(ws.ws_qty, '0'::bigint) > 0) OR (COALESCE(cs.cs_qty, '0'::bigint) > 0))",
              "Rows Removed by Filter": 490259,
              "Plans": [
                {
                  "Node Type": "Merge Join",
                  "Parent Relationship": "Outer",
                  "Parallel Aware": false,
                  "Join Type": "Left",
                  "Startup Cost": 14673.07,
                  "Total Cost": 14697.81,
                  "Plan Rows": 750,
                  "Plan Width": 156,
                  "Actual Startup Time": 24855.585,
                  "Actual Total Time": 25308.125,
                  "Actual Rows": 490437,
                  "Actual Loops": 1,
                  "Inner Unique": false,
                  "Merge Cond": "((ss.ss_item_sk = cs.cs_item_sk) AND (ss.ss_customer_sk = cs.cs_customer_sk))",
                  "Join Filter": "(cs.cs_sold_year = ss.ss_sold_year)",
                  "Rows Removed by Join Filter": 0,
                  "Plans": [
                    {
                      "Node Type": "Sort",
                      "Parent Relationship": "Outer",
                      "Parallel Aware": false,
                      "Startup Cost": 3409.67,
                      "Total Cost": 3411.54,
                      "Plan Rows": 750,
                      "Plan Width": 84,
                      "Actual Startup Time": 16510.955,
                      "Actual Total Time": 16648.588,
                      "Actual Rows": 490437,
                      "Actual Loops": 1,
                      "Sort Key": ["ss.ss_item_sk", "ss.ss_customer_sk"],
                      "Sort Method": "external merge",
                      "Sort Space Used": 22768,
                      "Sort Space Type": "Disk",
                      "Plans": [
                        {
                          "Node Type": "CTE Scan",
                          "Parent Relationship": "Outer",
                          "Parallel Aware": false,
                          "CTE Name": "ss",
                          "Alias": "ss",
                          "Startup Cost": 0.00,
                          "Total Cost": 3373.85,
                          "Plan Rows": 750,
                          "Plan Width": 84,
                          "Actual Startup Time": 3211.143,
                          "Actual Total Time": 16319.384,
                          "Actual Rows": 490437,
                          "Actual Loops": 1,
                          "Filter": "(ss_sold_year = 1998)",
                          "Rows Removed by Filter": 1958755
                        }
                      ]
                    },
                    {
                      "Node Type": "Sort",
                      "Parent Relationship": "Inner",
                      "Parallel Aware": false,
                      "Startup Cost": 11263.41,
                      "Total Cost": 11269.59,
                      "Plan Rows": 2472,
                      "Plan Width": 84,
                      "Actual Startup Time": 8344.620,
                      "Actual Total Time": 8401.082,
                      "Actual Rows": 257020,
                      "Actual Loops": 1,
                      "Sort Key": ["cs.cs_item_sk", "cs.cs_customer_sk"],
                      "Sort Method": "external sort",
                      "Sort Space Used": 12536,
                      "Sort Space Type": "Disk",
                      "Plans": [
                        {
                          "Node Type": "CTE Scan",
                          "Parent Relationship": "Outer",
                          "Parallel Aware": false,
                          "CTE Name": "cs",
                          "Alias": "cs",
                          "Startup Cost": 0.00,
                          "Total Cost": 11124.09,
                          "Plan Rows": 2472,
                          "Plan Width": 84,
                          "Actual Startup Time": 1381.273,
                          "Actual Total Time": 8098.142,
                          "Actual Rows": 257020,
                          "Actual Loops": 1,
                          "Filter": "(cs_sold_year = 1998)",
                          "Rows Removed by Filter": 1033833
                        }
                      ]
                    }
                  ]
                },
                {
                  "Node Type": "Sort",
                  "Parent Relationship": "Inner",
                  "Parallel Aware": false,
                  "Startup Cost": 7013.56,
                  "Total Cost": 7017.41,
                  "Plan Rows": 1540,
                  "Plan Width": 84,
                  "Actual Startup Time": 4149.377,
                  "Actual Total Time": 4177.903,
                  "Actual Rows": 128881,
                  "Actual Loops": 1,
                  "Sort Key": ["ws.ws_item_sk", "ws.ws_customer_sk"],
                  "Sort Method": "external sort",
                  "Sort Space Used": 6288,
                  "Sort Space Type": "Disk",
                  "Plans": [
                    {
                      "Node Type": "CTE Scan",
                      "Parent Relationship": "Outer",
                      "Parallel Aware": false,
                      "CTE Name": "ws",
                      "Alias": "ws",
                      "Startup Cost": 0.00,
                      "Total Cost": 6932.02,
                      "Plan Rows": 1540,
                      "Plan Width": 84,
                      "Actual Startup Time": 676.056,
                      "Actual Total Time": 4032.911,
                      "Actual Rows": 128881,
                      "Actual Loops": 1,
                      "Filter": "(ws_sold_year = 1998)",
                      "Rows Removed by Filter": 518548
                    }
                  ]
                }
              ]
            }
          ]
        }
      ]
    },
    "Planning Time": 3.821,
    "Triggers": [
    ],
    "Execution Time": 29678.009
  }
]
