[
  {
    "Plan": {
      "Node Type": "Limit",
      "Parallel Aware": false,
      "Startup Cost": 217297.75,
      "Total Cost": 217343.82,
      "Plan Rows": 65,
      "Plan Width": 51,
      "Actual Startup Time": 5672.528,
      "Actual Total Time": 5673.940,
      "Actual Rows": 100,
      "Actual Loops": 1,
      "Plans": [
        {
          "Node Type": "Aggregate",
          "Strategy": "Sorted",
          "Partial Mode": "Simple",
          "Parent Relationship": "Outer",
          "Parallel Aware": false,
          "Startup Cost": 217297.75,
          "Total Cost": 217343.17,
          "Plan Rows": 65,
          "Plan Width": 51,
          "Actual Startup Time": 5672.527,
          "Actual Total Time": 5673.923,
          "Actual Rows": 100,
          "Actual Loops": 1,
          "Group Key": ["warehouse.w_warehouse_name", "item.i_item_id"],
          "Filter": "(((CASE WHEN (sum(CASE WHEN (date_dim.d_date < '1999-03-26'::date) THEN inventory.inv_quantity_on_hand ELSE 0 END) > 0) THEN (sum(CASE WHEN (date_dim.d_date >= '1999-03-26'::date) THEN inventory.inv_quantity_on_hand ELSE 0 END) / sum(CASE WHEN (date_dim.d_date < '1999-03-26'::date) THEN inventory.inv_quantity_on_hand ELSE 0 END)) ELSE NULL::bigint END)::numeric >= 0.66666666666666666667) AND ((CASE WHEN (sum(CASE WHEN (date_dim.d_date < '1999-03-26'::date) THEN inventory.inv_quantity_on_hand ELSE 0 END) > 0) THEN (sum(CASE WHEN (date_dim.d_date >= '1999-03-26'::date) THEN inventory.inv_quantity_on_hand ELSE 0 END) / sum(CASE WHEN (date_dim.d_date < '1999-03-26'::date) THEN inventory.inv_quantity_on_hand ELSE 0 END)) ELSE NULL::bigint END)::numeric <= 1.5000000000000000))",
          "Rows Removed by Filter": 212,
          "Plans": [
            {
              "Node Type": "Sort",
              "Parent Relationship": "Outer",
              "Parallel Aware": false,
              "Startup Cost": 217297.75,
              "Total Cost": 217299.22,
              "Plan Rows": 586,
              "Plan Width": 43,
              "Actual Startup Time": 5672.494,
              "Actual Total Time": 5672.698,
              "Actual Rows": 2809,
              "Actual Loops": 1,
              "Sort Key": ["warehouse.w_warehouse_name", "item.i_item_id"],
              "Sort Method": "quicksort",
              "Sort Space Used": 2702,
              "Sort Space Type": "Memory",
              "Plans": [
                {
                  "Node Type": "Hash Join",
                  "Parent Relationship": "Outer",
                  "Parallel Aware": false,
                  "Join Type": "Inner",
                  "Startup Cost": 2502.88,
                  "Total Cost": 217270.81,
                  "Plan Rows": 586,
                  "Plan Width": 43,
                  "Actual Startup Time": 935.541,
                  "Actual Total Time": 5469.689,
                  "Actual Rows": 24750,
                  "Actual Loops": 1,
                  "Inner Unique": true,
                  "Hash Cond": "(inventory.inv_warehouse_sk = warehouse.w_warehouse_sk)",
                  "Plans": [
                    {
                      "Node Type": "Nested Loop",
                      "Parent Relationship": "Outer",
                      "Parallel Aware": false,
                      "Join Type": "Inner",
                      "Startup Cost": 2501.77,
                      "Total Cost": 217266.86,
                      "Plan Rows": 586,
                      "Plan Width": 29,
                      "Actual Startup Time": 935.512,
                      "Actual Total Time": 5456.930,
                      "Actual Rows": 24750,
                      "Actual Loops": 1,
                      "Inner Unique": true,
                      "Plans": [
                        {
                          "Node Type": "Hash Join",
                          "Parent Relationship": "Outer",
                          "Parallel Aware": false,
                          "Join Type": "Inner",
                          "Startup Cost": 2501.48,
                          "Total Cost": 214272.10,
                          "Plan Rows": 9647,
                          "Plan Width": 16,
                          "Actual Startup Time": 935.486,
                          "Actual Total Time": 4167.255,
                          "Actual Rows": 405000,
                          "Actual Loops": 1,
                          "Inner Unique": true,
                          "Hash Cond": "(inventory.inv_date_sk = date_dim.d_date_sk)",
                          "Plans": [
                            {
                              "Node Type": "Seq Scan",
                              "Parent Relationship": "Outer",
                              "Parallel Aware": false,
                              "Relation Name": "inventory",
                              "Alias": "inventory",
                              "Startup Cost": 0.00,
                              "Total Cost": 180937.95,
                              "Plan Rows": 11745095,
                              "Plan Width": 16,
                              "Actual Startup Time": 0.009,
                              "Actual Total Time": 2233.642,
                              "Actual Rows": 11745000,
                              "Actual Loops": 1
                            },
                            {
                              "Node Type": "Hash",
                              "Parent Relationship": "Inner",
                              "Parallel Aware": false,
                              "Startup Cost": 2500.73,
                              "Total Cost": 2500.73,
                              "Plan Rows": 60,
                              "Plan Width": 8,
                              "Actual Startup Time": 12.694,
                              "Actual Total Time": 12.695,
                              "Actual Rows": 61,
                              "Actual Loops": 1,
                              "Hash Buckets": 1024,
                              "Original Hash Buckets": 1024,
                              "Hash Batches": 1,
                              "Original Hash Batches": 1,
                              "Peak Memory Usage": 11,
                              "Plans": [
                                {
                                  "Node Type": "Seq Scan",
                                  "Parent Relationship": "Outer",
                                  "Parallel Aware": false,
                                  "Relation Name": "date_dim",
                                  "Alias": "date_dim",
                                  "Startup Cost": 0.00,
                                  "Total Cost": 2500.73,
                                  "Plan Rows": 60,
                                  "Plan Width": 8,
                                  "Actual Startup Time": 6.164,
                                  "Actual Total Time": 12.670,
                                  "Actual Rows": 61,
                                  "Actual Loops": 1,
                                  "Filter": "((d_date >= '1999-02-24'::date) AND (d_date <= '1999-04-25'::date))",
                                  "Rows Removed by Filter": 72988
                                }
                              ]
                            }
                          ]
                        },
                        {
                          "Node Type": "Index Scan",
                          "Parent Relationship": "Inner",
                          "Parallel Aware": false,
                          "Scan Direction": "Forward",
                          "Index Name": "item_pkey",
                          "Relation Name": "item",
                          "Alias": "item",
                          "Startup Cost": 0.29,
                          "Total Cost": 0.31,
                          "Plan Rows": 1,
                          "Plan Width": 21,
                          "Actual Startup Time": 0.003,
                          "Actual Total Time": 0.003,
                          "Actual Rows": 0,
                          "Actual Loops": 405000,
                          "Index Cond": "(i_item_sk = inventory.inv_item_sk)",
                          "Rows Removed by Index Recheck": 0,
                          "Filter": "((i_current_price >= 0.99) AND (i_current_price <= 1.49))",
                          "Rows Removed by Filter": 1
                        }
                      ]
                    },
                    {
                      "Node Type": "Hash",
                      "Parent Relationship": "Inner",
                      "Parallel Aware": false,
                      "Startup Cost": 1.05,
                      "Total Cost": 1.05,
                      "Plan Rows": 5,
                      "Plan Width": 22,
                      "Actual Startup Time": 0.022,
                      "Actual Total Time": 0.022,
                      "Actual Rows": 5,
                      "Actual Loops": 1,
                      "Hash Buckets": 1024,
                      "Original Hash Buckets": 1024,
                      "Hash Batches": 1,
                      "Original Hash Batches": 1,
                      "Peak Memory Usage": 9,
                      "Plans": [
                        {
                          "Node Type": "Seq Scan",
                          "Parent Relationship": "Outer",
                          "Parallel Aware": false,
                          "Relation Name": "warehouse",
                          "Alias": "warehouse",
                          "Startup Cost": 0.00,
                          "Total Cost": 1.05,
                          "Plan Rows": 5,
                          "Plan Width": 22,
                          "Actual Startup Time": 0.014,
                          "Actual Total Time": 0.017,
                          "Actual Rows": 5,
                          "Actual Loops": 1
                        }
                      ]
                    }
                  ]
                }
              ]
            }
          ]
        }
      ]
    },
    "Planning Time": 7.494,
    "Triggers": [
    ],
    "Execution Time": 5674.069
  }
]
