[
  {
    "Plan": {
      "Node Type": "Limit",
      "Parallel Aware": false,
      "Startup Cost": 198017.97,
      "Total Cost": 198021.01,
      "Plan Rows": 100,
      "Plan Width": 160,
      "Plans": [
        {
          "Node Type": "Aggregate",
          "Strategy": "Sorted",
          "Partial Mode": "Finalize",
          "Parent Relationship": "InitPlan",
          "Subplan Name": "CTE ssr",
          "Parallel Aware": false,
          "Startup Cost": 82803.93,
          "Total Cost": 82806.07,
          "Plan Rows": 6,
          "Plan Width": 145,
          "Group Key": ["store.s_store_id"],
          "Plans": [
            {
              "Node Type": "Gather Merge",
              "Parent Relationship": "Outer",
              "Parallel Aware": false,
              "Startup Cost": 82803.93,
              "Total Cost": 82805.68,
              "Plan Rows": 12,
              "Plan Width": 145,
              "Workers Planned": 2,
              "Plans": [
                {
                  "Node Type": "Aggregate",
                  "Strategy": "Sorted",
                  "Partial Mode": "Partial",
                  "Parent Relationship": "Outer",
                  "Parallel Aware": false,
                  "Startup Cost": 81803.91,
                  "Total Cost": 81804.27,
                  "Plan Rows": 6,
                  "Plan Width": 145,
                  "Group Key": ["store.s_store_id"],
                  "Plans": [
                    {
                      "Node Type": "Sort",
                      "Parent Relationship": "Outer",
                      "Parallel Aware": false,
                      "Startup Cost": 81803.91,
                      "Total Cost": 81803.95,
                      "Plan Rows": 16,
                      "Plan Width": 57,
                      "Sort Key": ["store.s_store_id"],
                      "Plans": [
                        {
                          "Node Type": "Hash Join",
                          "Parent Relationship": "Outer",
                          "Parallel Aware": false,
                          "Join Type": "Inner",
                          "Startup Cost": 2050.93,
                          "Total Cost": 81803.59,
                          "Plan Rows": 16,
                          "Plan Width": 57,
                          "Inner Unique": true,
                          "Hash Cond": "(store_sales.ss_store_sk = store.s_store_sk)",
                          "Plans": [
                            {
                              "Node Type": "Hash Join",
                              "Parent Relationship": "Outer",
                              "Parallel Aware": true,
                              "Join Type": "Inner",
                              "Startup Cost": 2049.66,
                              "Total Cost": 81801.59,
                              "Plan Rows": 271,
                              "Plan Width": 44,
                              "Inner Unique": true,
                              "Hash Cond": "(store_sales.ss_sold_date_sk = date_dim.d_date_sk)",
                              "Plans": [
                                {
                                  "Node Type": "Append",
                                  "Parent Relationship": "Outer",
                                  "Parallel Aware": true,
                                  "Startup Cost": 0.00,
                                  "Total Cost": 76286.77,
                                  "Plan Rows": 1319985,
                                  "Plan Width": 48,
                                  "Plans": [
                                    {
                                      "Node Type": "Seq Scan",
                                      "Parent Relationship": "Member",
                                      "Parallel Aware": true,
                                      "Relation Name": "store_sales",
                                      "Alias": "store_sales",
                                      "Startup Cost": 0.00,
                                      "Total Cost": 63697.87,
                                      "Plan Rows": 1200187,
                                      "Plan Width": 48
                                    },
                                    {
                                      "Node Type": "Seq Scan",
                                      "Parent Relationship": "Member",
                                      "Parallel Aware": true,
                                      "Relation Name": "store_returns",
                                      "Alias": "store_returns",
                                      "Startup Cost": 0.00,
                                      "Total Cost": 5988.98,
                                      "Plan Rows": 119798,
                                      "Plan Width": 48
                                    }
                                  ]
                                },
                                {
                                  "Node Type": "Hash",
                                  "Parent Relationship": "Inner",
                                  "Parallel Aware": true,
                                  "Startup Cost": 2049.55,
                                  "Total Cost": 2049.55,
                                  "Plan Rows": 9,
                                  "Plan Width": 4,
                                  "Plans": [
                                    {
                                      "Node Type": "Seq Scan",
                                      "Parent Relationship": "Outer",
                                      "Parallel Aware": true,
                                      "Relation Name": "date_dim",
                                      "Alias": "date_dim",
                                      "Startup Cost": 0.00,
                                      "Total Cost": 2049.55,
                                      "Plan Rows": 9,
                                      "Plan Width": 4,
                                      "Filter": "((d_date >= '2001-08-15'::date) AND (d_date <= '2001-08-29'::date))"
                                    }
                                  ]
                                }
                              ]
                            },
                            {
                              "Node Type": "Hash",
                              "Parent Relationship": "Inner",
                              "Parallel Aware": false,
                              "Startup Cost": 1.12,
                              "Total Cost": 1.12,
                              "Plan Rows": 12,
                              "Plan Width": 21,
                              "Plans": [
                                {
                                  "Node Type": "Seq Scan",
                                  "Parent Relationship": "Outer",
                                  "Parallel Aware": false,
                                  "Relation Name": "store",
                                  "Alias": "store",
                                  "Startup Cost": 0.00,
                                  "Total Cost": 1.12,
                                  "Plan Rows": 12,
                                  "Plan Width": 21
                                }
                              ]
                            }
                          ]
                        }
                      ]
                    }
                  ]
                }
              ]
            }
          ]
        },
        {
          "Node Type": "Aggregate",
          "Strategy": "Sorted",
          "Partial Mode": "Finalize",
          "Parent Relationship": "InitPlan",
          "Subplan Name": "CTE csr",
          "Parallel Aware": false,
          "Startup Cost": 55270.48,
          "Total Cost": 55319.28,
          "Plan Rows": 326,
          "Plan Width": 145,
          "Group Key": ["catalog_page.cp_catalog_page_id"],
          "Plans": [
            {
              "Node Type": "Gather Merge",
              "Parent Relationship": "Outer",
              "Parallel Aware": false,
              "Startup Cost": 55270.48,
              "Total Cost": 55306.64,
              "Plan Rows": 272,
              "Plan Width": 145,
              "Workers Planned": 2,
              "Plans": [
                {
                  "Node Type": "Aggregate",
                  "Strategy": "Sorted",
                  "Partial Mode": "Partial",
                  "Parent Relationship": "Outer",
                  "Parallel Aware": false,
                  "Startup Cost": 54270.46,
                  "Total Cost": 54275.22,
                  "Plan Rows": 136,
                  "Plan Width": 145,
                  "Group Key": ["catalog_page.cp_catalog_page_id"],
                  "Plans": [
                    {
                      "Node Type": "Sort",
                      "Parent Relationship": "Outer",
                      "Parallel Aware": false,
                      "Startup Cost": 54270.46,
                      "Total Cost": 54270.80,
                      "Plan Rows": 136,
                      "Plan Width": 57,
                      "Sort Key": ["catalog_page.cp_catalog_page_id"],
                      "Plans": [
                        {
                          "Node Type": "Nested Loop",
                          "Parent Relationship": "Outer",
                          "Parallel Aware": false,
                          "Join Type": "Inner",
                          "Startup Cost": 2049.95,
                          "Total Cost": 54265.64,
                          "Plan Rows": 136,
                          "Plan Width": 57,
                          "Inner Unique": true,
                          "Plans": [
                            {
                              "Node Type": "Hash Join",
                              "Parent Relationship": "Outer",
                              "Parallel Aware": true,
                              "Join Type": "Inner",
                              "Startup Cost": 2049.66,
                              "Total Cost": 54224.40,
                              "Plan Rows": 136,
                              "Plan Width": 44,
                              "Inner Unique": true,
                              "Hash Cond": "(catalog_sales.cs_sold_date_sk = date_dim_1.d_date_sk)",
                              "Plans": [
                                {
                                  "Node Type": "Append",
                                  "Parent Relationship": "Outer",
                                  "Parallel Aware": true,
                                  "Startup Cost": 0.00,
                                  "Total Cost": 50440.21,
                                  "Plan Rows": 660736,
                                  "Plan Width": 48,
                                  "Plans": [
                                    {
                                      "Node Type": "Seq Scan",
                                      "Parent Relationship": "Member",
                                      "Parallel Aware": true,
                                      "Relation Name": "catalog_sales",
                                      "Alias": "catalog_sales",
                                      "Startup Cost": 0.00,
                                      "Total Cost": 43412.07,
                                      "Plan Rows": 600708,
                                      "Plan Width": 48
                                    },
                                    {
                                      "Node Type": "Seq Scan",
                                      "Parent Relationship": "Member",
                                      "Parallel Aware": true,
                                      "Relation Name": "catalog_returns",
                                      "Alias": "catalog_returns",
                                      "Startup Cost": 0.00,
                                      "Total Cost": 3724.45,
                                      "Plan Rows": 84745,
                                      "Plan Width": 48
                                    }
                                  ]
                                },
                                {
                                  "Node Type": "Hash",
                                  "Parent Relationship": "Inner",
                                  "Parallel Aware": true,
                                  "Startup Cost": 2049.55,
                                  "Total Cost": 2049.55,
                                  "Plan Rows": 9,
                                  "Plan Width": 4,
                                  "Plans": [
                                    {
                                      "Node Type": "Seq Scan",
                                      "Parent Relationship": "Outer",
                                      "Parallel Aware": true,
                                      "Relation Name": "date_dim",
                                      "Alias": "date_dim_1",
                                      "Startup Cost": 0.00,
                                      "Total Cost": 2049.55,
                                      "Plan Rows": 9,
                                      "Plan Width": 4,
                                      "Filter": "((d_date >= '2001-08-15'::date) AND (d_date <= '2001-08-29'::date))"
                                    }
                                  ]
                                }
                              ]
                            },
                            {
                              "Node Type": "Index Scan",
                              "Parent Relationship": "Inner",
                              "Parallel Aware": false,
                              "Scan Direction": "Forward",
                              "Index Name": "catalog_page_pkey",
                              "Relation Name": "catalog_page",
                              "Alias": "catalog_page",
                              "Startup Cost": 0.29,
                              "Total Cost": 0.30,
                              "Plan Rows": 1,
                              "Plan Width": 21,
                              "Index Cond": "(cp_catalog_page_sk = catalog_sales.cs_catalog_page_sk)"
                            }
                          ]
                        }
                      ]
                    }
                  ]
                }
              ]
            }
          ]
        },
        {
          "Node Type": "Aggregate",
          "Strategy": "Sorted",
          "Partial Mode": "Finalize",
          "Parent Relationship": "InitPlan",
          "Subplan Name": "CTE wsr",
          "Parallel Aware": false,
          "Startup Cost": 59863.30,
          "Total Cost": 59866.70,
          "Plan Rows": 15,
          "Plan Width": 145,
          "Group Key": ["web_site.web_site_id"],
          "Plans": [
            {
              "Node Type": "Gather Merge",
              "Parent Relationship": "Outer",
              "Parallel Aware": false,
              "Startup Cost": 59863.30,
              "Total Cost": 59865.95,
              "Plan Rows": 20,
              "Plan Width": 145,
              "Workers Planned": 2,
              "Plans": [
                {
                  "Node Type": "Aggregate",
                  "Strategy": "Sorted",
                  "Partial Mode": "Partial",
                  "Parent Relationship": "Outer",
                  "Parallel Aware": false,
                  "Startup Cost": 58863.27,
                  "Total Cost": 58863.62,
                  "Plan Rows": 10,
                  "Plan Width": 145,
                  "Group Key": ["web_site.web_site_id"],
                  "Plans": [
                    {
                      "Node Type": "Sort",
                      "Parent Relationship": "Outer",
                      "Parallel Aware": false,
                      "Startup Cost": 58863.27,
                      "Total Cost": 58863.30,
                      "Plan Rows": 10,
                      "Plan Width": 57,
                      "Sort Key": ["web_site.web_site_id"],
                      "Plans": [
                        {
                          "Node Type": "Hash Join",
                          "Parent Relationship": "Outer",
                          "Parallel Aware": false,
                          "Join Type": "Inner",
                          "Startup Cost": 2052.34,
                          "Total Cost": 58863.11,
                          "Plan Rows": 10,
                          "Plan Width": 57,
                          "Inner Unique": true,
                          "Hash Cond": "(\"*SELECT* 2\".wsr_web_site_sk = web_site.web_site_sk)",
                          "Plans": [
                            {
                              "Node Type": "Hash Join",
                              "Parent Relationship": "Outer",
                              "Parallel Aware": true,
                              "Join Type": "Inner",
                              "Startup Cost": 2049.66,
                              "Total Cost": 58860.25,
                              "Plan Rows": 68,
                              "Plan Width": 44,
                              "Inner Unique": true,
                              "Hash Cond": "(\"*SELECT* 2\".date_sk = date_dim_2.d_date_sk)",
                              "Plans": [
                                {
                                  "Node Type": "Append",
                                  "Parent Relationship": "Outer",
                                  "Parallel Aware": true,
                                  "Startup Cost": 0.00,
                                  "Total Cost": 55890.28,
                                  "Plan Rows": 350575,
                                  "Plan Width": 48,
                                  "Plans": [
                                    {
                                      "Node Type": "Subquery Scan",
                                      "Parent Relationship": "Member",
                                      "Parallel Aware": false,
                                      "Alias": "*SELECT* 2",
                                      "Startup Cost": 27724.58,
                                      "Total Cost": 32372.97,
                                      "Plan Rows": 71763,
                                      "Plan Width": 48,
                                      "Plans": [
                                        {
                                          "Node Type": "Hash Join",
                                          "Parent Relationship": "Subquery",
                                          "Parallel Aware": true,
                                          "Join Type": "Left",
                                          "Startup Cost": 27724.58,
                                          "Total Cost": 31655.34,
                                          "Plan Rows": 42214,
                                          "Plan Width": 48,
                                          "Inner Unique": true,
                                          "Hash Cond": "((web_returns.wr_item_sk = web_sales_1.ws_item_sk) AND (web_returns.wr_order_number = web_sales_1.ws_order_number))",
                                          "Plans": [
                                            {
                                              "Node Type": "Seq Scan",
                                              "Parent Relationship": "Outer",
                                              "Parallel Aware": true,
                                              "Relation Name": "web_returns",
                                              "Alias": "web_returns",
                                              "Startup Cost": 0.00,
                                              "Total Cost": 1749.14,
                                              "Plan Rows": 42214,
                                              "Plan Width": 24
                                            },
                                            {
                                              "Node Type": "Hash",
                                              "Parent Relationship": "Inner",
                                              "Parallel Aware": true,
                                              "Startup Cost": 21764.43,
                                              "Total Cost": 21764.43,
                                              "Plan Rows": 299743,
                                              "Plan Width": 12,
                                              "Plans": [
                                                {
                                                  "Node Type": "Seq Scan",
                                                  "Parent Relationship": "Outer",
                                                  "Parallel Aware": true,
                                                  "Relation Name": "web_sales",
                                                  "Alias": "web_sales_1",
                                                  "Startup Cost": 0.00,
                                                  "Total Cost": 21764.43,
                                                  "Plan Rows": 299743,
                                                  "Plan Width": 12
                                                }
                                              ]
                                            }
                                          ]
                                        }
                                      ]
                                    },
                                    {
                                      "Node Type": "Seq Scan",
                                      "Parent Relationship": "Member",
                                      "Parallel Aware": true,
                                      "Relation Name": "web_sales",
                                      "Alias": "web_sales",
                                      "Startup Cost": 0.00,
                                      "Total Cost": 21764.43,
                                      "Plan Rows": 299743,
                                      "Plan Width": 48
                                    }
                                  ]
                                },
                                {
                                  "Node Type": "Hash",
                                  "Parent Relationship": "Inner",
                                  "Parallel Aware": true,
                                  "Startup Cost": 2049.55,
                                  "Total Cost": 2049.55,
                                  "Plan Rows": 9,
                                  "Plan Width": 4,
                                  "Plans": [
                                    {
                                      "Node Type": "Seq Scan",
                                      "Parent Relationship": "Outer",
                                      "Parallel Aware": true,
                                      "Relation Name": "date_dim",
                                      "Alias": "date_dim_2",
                                      "Startup Cost": 0.00,
                                      "Total Cost": 2049.55,
                                      "Plan Rows": 9,
                                      "Plan Width": 4,
                                      "Filter": "((d_date >= '2001-08-15'::date) AND (d_date <= '2001-08-29'::date))"
                                    }
                                  ]
                                }
                              ]
                            },
                            {
                              "Node Type": "Hash",
                              "Parent Relationship": "Inner",
                              "Parallel Aware": false,
                              "Startup Cost": 2.30,
                              "Total Cost": 2.30,
                              "Plan Rows": 30,
                              "Plan Width": 21,
                              "Plans": [
                                {
                                  "Node Type": "Seq Scan",
                                  "Parent Relationship": "Outer",
                                  "Parallel Aware": false,
                                  "Relation Name": "web_site",
                                  "Alias": "web_site",
                                  "Startup Cost": 0.00,
                                  "Total Cost": 2.30,
                                  "Plan Rows": 30,
                                  "Plan Width": 21
                                }
                              ]
                            }
                          ]
                        }
                      ]
                    }
                  ]
                }
              ]
            }
          ]
        },
        {
          "Node Type": "Aggregate",
          "Strategy": "Sorted",
          "Partial Mode": "Simple",
          "Parent Relationship": "Outer",
          "Parallel Aware": false,
          "Startup Cost": 25.92,
          "Total Cost": 38.14,
          "Plan Rows": 401,
          "Plan Width": 160,
          "Grouping Sets": [
            {
              "Group Keys": [
                ["('store channel'::text)", "(('store'::text || (ssr.s_store_id)::text))"],
                ["('store channel'::text)"],
                []
              ]
            }
          ],
          "Plans": [
            {
              "Node Type": "Sort",
              "Parent Relationship": "Outer",
              "Parallel Aware": false,
              "Startup Cost": 25.92,
              "Total Cost": 26.79,
              "Plan Rows": 347,
              "Plan Width": 160,
              "Sort Key": ["('store channel'::text)", "(('store'::text || (ssr.s_store_id)::text))"],
              "Plans": [
                {
                  "Node Type": "Append",
                  "Parent Relationship": "Outer",
                  "Parallel Aware": false,
                  "Startup Cost": 0.00,
                  "Total Cost": 11.28,
                  "Plan Rows": 347,
                  "Plan Width": 160,
                  "Plans": [
                    {
                      "Node Type": "CTE Scan",
                      "Parent Relationship": "Member",
                      "Parallel Aware": false,
                      "CTE Name": "ssr",
                      "Alias": "ssr",
                      "Startup Cost": 0.00,
                      "Total Cost": 0.16,
                      "Plan Rows": 6,
                      "Plan Width": 160
                    },
                    {
                      "Node Type": "CTE Scan",
                      "Parent Relationship": "Member",
                      "Parallel Aware": false,
                      "CTE Name": "csr",
                      "Alias": "csr",
                      "Startup Cost": 0.00,
                      "Total Cost": 8.96,
                      "Plan Rows": 326,
                      "Plan Width": 160
                    },
                    {
                      "Node Type": "CTE Scan",
                      "Parent Relationship": "Member",
                      "Parallel Aware": false,
                      "CTE Name": "wsr",
                      "Alias": "wsr",
                      "Startup Cost": 0.00,
                      "Total Cost": 0.41,
                      "Plan Rows": 15,
                      "Plan Width": 160
                    }
                  ]
                }
              ]
            }
          ]
        }
      ]
    }
  }
]
