                                                                                                                                                   QUERY PLAN                                                                                                                                                    
-----------------------------------------------------------------------------------------------------------------------------------------------------------------------------------------------------------------------------------------------------------------------------------------------------------------
 [                                                                                                                                                                                                                                                                                                              +
   {                                                                                                                                                                                                                                                                                                            +
     "Plan": {                                                                                                                                                                                                                                                                                                  +
       "Node Type": "Limit",                                                                                                                                                                                                                                                                                    +
       "Parallel Aware": false,                                                                                                                                                                                                                                                                                 +
       "Startup Cost": 11686.18,                                                                                                                                                                                                                                                                                +
       "Total Cost": 11686.20,                                                                                                                                                                                                                                                                                  +
       "Plan Rows": 10,                                                                                                                                                                                                                                                                                         +
       "Plan Width": 36,                                                                                                                                                                                                                                                                                        +
       "Plans": [                                                                                                                                                                                                                                                                                               +
         {                                                                                                                                                                                                                                                                                                      +
           "Node Type": "Sort",                                                                                                                                                                                                                                                                                 +
           "Parent Relationship": "Outer",                                                                                                                                                                                                                                                                      +
           "Parallel Aware": false,                                                                                                                                                                                                                                                                             +
           "Startup Cost": 11686.18,                                                                                                                                                                                                                                                                            +
           "Total Cost": 11686.20,                                                                                                                                                                                                                                                                              +
           "Plan Rows": 10,                                                                                                                                                                                                                                                                                     +
           "Plan Width": 36,                                                                                                                                                                                                                                                                                    +
           "Sort Key": ["(sum(CASE WHEN (store_returns.sr_return_quantity IS NOT NULL) THEN (((store_sales.ss_quantity - store_returns.sr_return_quantity))::numeric * store_sales.ss_sales_price) ELSE ((store_sales.ss_quantity)::numeric * store_sales.ss_sales_price) END))", "store_sales.ss_customer_sk"],+
           "Plans": [                                                                                                                                                                                                                                                                                           +
             {                                                                                                                                                                                                                                                                                                  +
               "Node Type": "Aggregate",                                                                                                                                                                                                                                                                        +
               "Strategy": "Sorted",                                                                                                                                                                                                                                                                            +
               "Partial Mode": "Finalize",                                                                                                                                                                                                                                                                      +
               "Parent Relationship": "Outer",                                                                                                                                                                                                                                                                  +
               "Parallel Aware": false,                                                                                                                                                                                                                                                                         +
               "Startup Cost": 11684.77,                                                                                                                                                                                                                                                                        +
               "Total Cost": 11686.01,                                                                                                                                                                                                                                                                          +
               "Plan Rows": 10,                                                                                                                                                                                                                                                                                 +
               "Plan Width": 36,                                                                                                                                                                                                                                                                                +
               "Group Key": ["store_sales.ss_customer_sk"],                                                                                                                                                                                                                                                     +
               "Plans": [                                                                                                                                                                                                                                                                                       +
                 {                                                                                                                                                                                                                                                                                              +
                   "Node Type": "Gather Merge",                                                                                                                                                                                                                                                                 +
                   "Parent Relationship": "Outer",                                                                                                                                                                                                                                                              +
                   "Parallel Aware": false,                                                                                                                                                                                                                                                                     +
                   "Startup Cost": 11684.77,                                                                                                                                                                                                                                                                    +
                   "Total Cost": 11685.82,                                                                                                                                                                                                                                                                      +
                   "Plan Rows": 8,                                                                                                                                                                                                                                                                              +
                   "Plan Width": 36,                                                                                                                                                                                                                                                                            +
                   "Workers Planned": 2,                                                                                                                                                                                                                                                                        +
                   "Plans": [                                                                                                                                                                                                                                                                                   +
                     {                                                                                                                                                                                                                                                                                          +
                       "Node Type": "Aggregate",                                                                                                                                                                                                                                                                +
                       "Strategy": "Sorted",                                                                                                                                                                                                                                                                    +
                       "Partial Mode": "Partial",                                                                                                                                                                                                                                                               +
                       "Parent Relationship": "Outer",                                                                                                                                                                                                                                                          +
                       "Parallel Aware": false,                                                                                                                                                                                                                                                                 +
                       "Startup Cost": 10684.75,                                                                                                                                                                                                                                                                +
                       "Total Cost": 10684.88,                                                                                                                                                                                                                                                                  +
                       "Plan Rows": 4,                                                                                                                                                                                                                                                                          +
                       "Plan Width": 36,                                                                                                                                                                                                                                                                        +
                       "Group Key": ["store_sales.ss_customer_sk"],                                                                                                                                                                                                                                             +
                       "Plans": [                                                                                                                                                                                                                                                                               +
                         {                                                                                                                                                                                                                                                                                      +
                           "Node Type": "Sort",                                                                                                                                                                                                                                                                 +
                           "Parent Relationship": "Outer",                                                                                                                                                                                                                                                      +
                           "Parallel Aware": false,                                                                                                                                                                                                                                                             +
                           "Startup Cost": 10684.75,                                                                                                                                                                                                                                                            +
                           "Total Cost": 10684.76,                                                                                                                                                                                                                                                              +
                           "Plan Rows": 4,                                                                                                                                                                                                                                                                      +
                           "Plan Width": 18,                                                                                                                                                                                                                                                                    +
                           "Sort Key": ["store_sales.ss_customer_sk"],                                                                                                                                                                                                                                          +
                           "Plans": [                                                                                                                                                                                                                                                                           +
                             {                                                                                                                                                                                                                                                                                  +
                               "Node Type": "Nested Loop",                                                                                                                                                                                                                                                      +
                               "Parent Relationship": "Outer",                                                                                                                                                                                                                                                  +
                               "Parallel Aware": false,                                                                                                                                                                                                                                                         +
                               "Join Type": "Inner",                                                                                                                                                                                                                                                            +
                               "Startup Cost": 1.88,                                                                                                                                                                                                                                                            +
                               "Total Cost": 10684.71,                                                                                                                                                                                                                                                          +
                               "Plan Rows": 4,                                                                                                                                                                                                                                                                  +
                               "Plan Width": 18,                                                                                                                                                                                                                                                                +
                               "Inner Unique": true,                                                                                                                                                                                                                                                            +
                               "Plans": [                                                                                                                                                                                                                                                                       +
                                 {                                                                                                                                                                                                                                                                              +
                                   "Node Type": "Hash Join",                                                                                                                                                                                                                                                    +
                                   "Parent Relationship": "Outer",                                                                                                                                                                                                                                              +
                                   "Parallel Aware": false,                                                                                                                                                                                                                                                     +
                                   "Join Type": "Inner",                                                                                                                                                                                                                                                        +
                                   "Startup Cost": 1.45,                                                                                                                                                                                                                                                        +
                                   "Total Cost": 6341.66,                                                                                                                                                                                                                                                       +
                                   "Plan Rows": 3305,                                                                                                                                                                                                                                                           +
                                   "Plan Width": 12,                                                                                                                                                                                                                                                            +
                                   "Inner Unique": true,                                                                                                                                                                                                                                                        +
                                   "Hash Cond": "(store_returns.sr_reason_sk = reason.r_reason_sk)",                                                                                                                                                                                                            +
                                   "Plans": [                                                                                                                                                                                                                                                                   +
                                     {                                                                                                                                                                                                                                                                          +
                                       "Node Type": "Seq Scan",                                                                                                                                                                                                                                                 +
                                       "Parent Relationship": "Outer",                                                                                                                                                                                                                                          +
                                       "Parallel Aware": true,                                                                                                                                                                                                                                                  +
                                       "Relation Name": "store_returns",                                                                                                                                                                                                                                        +
                                       "Alias": "store_returns",                                                                                                                                                                                                                                                +
                                       "Startup Cost": 0.00,                                                                                                                                                                                                                                                    +
                                       "Total Cost": 5988.98,                                                                                                                                                                                                                                                   +
                                       "Plan Rows": 119798,                                                                                                                                                                                                                                                     +
                                       "Plan Width": 16                                                                                                                                                                                                                                                         +
                                     },                                                                                                                                                                                                                                                                         +
                                     {                                                                                                                                                                                                                                                                          +
                                       "Node Type": "Hash",                                                                                                                                                                                                                                                     +
                                       "Parent Relationship": "Inner",                                                                                                                                                                                                                                          +
                                       "Parallel Aware": false,                                                                                                                                                                                                                                                 +
                                       "Startup Cost": 1.44,                                                                                                                                                                                                                                                    +
                                       "Total Cost": 1.44,                                                                                                                                                                                                                                                      +
                                       "Plan Rows": 1,                                                                                                                                                                                                                                                          +
                                       "Plan Width": 4,                                                                                                                                                                                                                                                         +
                                       "Plans": [                                                                                                                                                                                                                                                               +
                                         {                                                                                                                                                                                                                                                                      +
                                           "Node Type": "Seq Scan",                                                                                                                                                                                                                                             +
                                           "Parent Relationship": "Outer",                                                                                                                                                                                                                                      +
                                           "Parallel Aware": false,                                                                                                                                                                                                                                             +
                                           "Relation Name": "reason",                                                                                                                                                                                                                                           +
                                           "Alias": "reason",                                                                                                                                                                                                                                                   +
                                           "Startup Cost": 0.00,                                                                                                                                                                                                                                                +
                                           "Total Cost": 1.44,                                                                                                                                                                                                                                                  +
                                           "Plan Rows": 1,                                                                                                                                                                                                                                                      +
                                           "Plan Width": 4,                                                                                                                                                                                                                                                     +
                                           "Filter": "(r_reason_desc = 'Not the product that was ordred'::bpchar)"                                                                                                                                                                                              +
                                         }                                                                                                                                                                                                                                                                      +
                                       ]                                                                                                                                                                                                                                                                        +
                                     }                                                                                                                                                                                                                                                                          +
                                   ]                                                                                                                                                                                                                                                                            +
                                 },                                                                                                                                                                                                                                                                             +
                                 {                                                                                                                                                                                                                                                                              +
                                   "Node Type": "Index Scan",                                                                                                                                                                                                                                                   +
                                   "Parent Relationship": "Inner",                                                                                                                                                                                                                                              +
                                   "Parallel Aware": false,                                                                                                                                                                                                                                                     +
                                   "Scan Direction": "Forward",                                                                                                                                                                                                                                                 +
                                   "Index Name": "store_sales_pkey",                                                                                                                                                                                                                                            +
                                   "Relation Name": "store_sales",                                                                                                                                                                                                                                              +
                                   "Alias": "store_sales",                                                                                                                                                                                                                                                      +
                                   "Startup Cost": 0.43,                                                                                                                                                                                                                                                        +
                                   "Total Cost": 1.31,                                                                                                                                                                                                                                                          +
                                   "Plan Rows": 1,                                                                                                                                                                                                                                                              +
                                   "Plan Width": 22,                                                                                                                                                                                                                                                            +
                                   "Index Cond": "((ss_item_sk = store_returns.sr_item_sk) AND (ss_ticket_number = store_returns.sr_ticket_number))"                                                                                                                                                            +
                                 }                                                                                                                                                                                                                                                                              +
                               ]                                                                                                                                                                                                                                                                                +
                             }                                                                                                                                                                                                                                                                                  +
                           ]                                                                                                                                                                                                                                                                                    +
                         }                                                                                                                                                                                                                                                                                      +
                       ]                                                                                                                                                                                                                                                                                        +
                     }                                                                                                                                                                                                                                                                                          +
                   ]                                                                                                                                                                                                                                                                                            +
                 }                                                                                                                                                                                                                                                                                              +
               ]                                                                                                                                                                                                                                                                                                +
             }                                                                                                                                                                                                                                                                                                  +
           ]                                                                                                                                                                                                                                                                                                    +
         }                                                                                                                                                                                                                                                                                                      +
       ]                                                                                                                                                                                                                                                                                                        +
     }                                                                                                                                                                                                                                                                                                          +
   }                                                                                                                                                                                                                                                                                                            +
 ]
(1 row)

