                                                     QUERY PLAN                                                      
---------------------------------------------------------------------------------------------------------------------
 [                                                                                                                  +
   {                                                                                                                +
     "Plan": {                                                                                                      +
       "Node Type": "Sort",                                                                                         +
       "Parallel Aware": false,                                                                                     +
       "Startup Cost": 142986.61,                                                                                   +
       "Total Cost": 142986.64,                                                                                     +
       "Plan Rows": 10,                                                                                             +
       "Plan Width": 95,                                                                                            +
       "Sort Key": ["(sum(\"*SELECT* 3\".ext_price)) DESC", "item.i_brand_id"],                                     +
       "Plans": [                                                                                                   +
         {                                                                                                          +
           "Node Type": "Aggregate",                                                                                +
           "Strategy": "Sorted",                                                                                    +
           "Partial Mode": "Finalize",                                                                              +
           "Parent Relationship": "Outer",                                                                          +
           "Parallel Aware": false,                                                                                 +
           "Startup Cost": 142985.17,                                                                               +
           "Total Cost": 142986.45,                                                                                 +
           "Plan Rows": 10,                                                                                         +
           "Plan Width": 95,                                                                                        +
           "Group Key": ["item.i_brand", "item.i_brand_id", "time_dim.t_hour", "time_dim.t_minute"],                +
           "Plans": [                                                                                               +
             {                                                                                                      +
               "Node Type": "Gather Merge",                                                                         +
               "Parent Relationship": "Outer",                                                                      +
               "Parallel Aware": false,                                                                             +
               "Startup Cost": 142985.17,                                                                           +
               "Total Cost": 142986.20,                                                                             +
               "Plan Rows": 8,                                                                                      +
               "Plan Width": 95,                                                                                    +
               "Workers Planned": 2,                                                                                +
               "Plans": [                                                                                           +
                 {                                                                                                  +
                   "Node Type": "Aggregate",                                                                        +
                   "Strategy": "Sorted",                                                                            +
                   "Partial Mode": "Partial",                                                                       +
                   "Parent Relationship": "Outer",                                                                  +
                   "Parallel Aware": false,                                                                         +
                   "Startup Cost": 141985.14,                                                                       +
                   "Total Cost": 141985.25,                                                                         +
                   "Plan Rows": 4,                                                                                  +
                   "Plan Width": 95,                                                                                +
                   "Group Key": ["item.i_brand", "item.i_brand_id", "time_dim.t_hour", "time_dim.t_minute"],        +
                   "Plans": [                                                                                       +
                     {                                                                                              +
                       "Node Type": "Sort",                                                                         +
                       "Parent Relationship": "Outer",                                                              +
                       "Parallel Aware": false,                                                                     +
                       "Startup Cost": 141985.14,                                                                   +
                       "Total Cost": 141985.15,                                                                     +
                       "Plan Rows": 4,                                                                              +
                       "Plan Width": 69,                                                                            +
                       "Sort Key": ["item.i_brand", "item.i_brand_id", "time_dim.t_hour", "time_dim.t_minute"],     +
                       "Plans": [                                                                                   +
                         {                                                                                          +
                           "Node Type": "Nested Loop",                                                              +
                           "Parent Relationship": "Outer",                                                          +
                           "Parallel Aware": false,                                                                 +
                           "Join Type": "Inner",                                                                    +
                           "Startup Cost": 3414.78,                                                                 +
                           "Total Cost": 141985.10,                                                                 +
                           "Plan Rows": 4,                                                                          +
                           "Plan Width": 69,                                                                        +
                           "Inner Unique": true,                                                                    +
                           "Plans": [                                                                               +
                             {                                                                                      +
                               "Node Type": "Hash Join",                                                            +
                               "Parent Relationship": "Outer",                                                      +
                               "Parallel Aware": true,                                                              +
                               "Join Type": "Inner",                                                                +
                               "Startup Cost": 3414.49,                                                             +
                               "Total Cost": 141938.40,                                                             +
                               "Plan Rows": 15,                                                                     +
                               "Plan Width": 65,                                                                    +
                               "Inner Unique": true,                                                                +
                               "Hash Cond": "(\"*SELECT* 3\".sold_item_sk = item.i_item_sk)",                       +
                               "Plans": [                                                                           +
                                 {                                                                                  +
                                   "Node Type": "Append",                                                           +
                                   "Parent Relationship": "Outer",                                                  +
                                   "Parallel Aware": true,                                                          +
                                   "Startup Cost": 2049.78,                                                         +
                                   "Total Cost": 140568.40,                                                         +
                                   "Plan Rows": 2014,                                                               +
                                   "Plan Width": 14,                                                                +
                                   "Plans": [                                                                       +
                                     {                                                                              +
                                       "Node Type": "Subquery Scan",                                                +
                                       "Parent Relationship": "Member",                                             +
                                       "Parallel Aware": false,                                                     +
                                       "Alias": "*SELECT* 3",                                                       +
                                       "Startup Cost": 2049.78,                                                     +
                                       "Total Cost": 68909.61,                                                      +
                                       "Plan Rows": 1130,                                                           +
                                       "Plan Width": 14,                                                            +
                                       "Plans": [                                                                   +
                                         {                                                                          +
                                           "Node Type": "Hash Join",                                                +
                                           "Parent Relationship": "Subquery",                                       +
                                           "Parallel Aware": true,                                                  +
                                           "Join Type": "Inner",                                                    +
                                           "Startup Cost": 2049.78,                                                 +
                                           "Total Cost": 68898.31,                                                  +
                                           "Plan Rows": 471,                                                        +
                                           "Plan Width": 18,                                                        +
                                           "Inner Unique": true,                                                    +
                                           "Hash Cond": "(store_sales.ss_sold_date_sk = date_dim.d_date_sk)",       +
                                           "Plans": [                                                               +
                                             {                                                                      +
                                               "Node Type": "Seq Scan",                                             +
                                               "Parent Relationship": "Outer",                                      +
                                               "Parallel Aware": true,                                              +
                                               "Relation Name": "store_sales",                                      +
                                               "Alias": "store_sales",                                              +
                                               "Startup Cost": 0.00,                                                +
                                               "Total Cost": 63697.87,                                              +
                                               "Plan Rows": 1200187,                                                +
                                               "Plan Width": 18                                                     +
                                             },                                                                     +
                                             {                                                                      +
                                               "Node Type": "Hash",                                                 +
                                               "Parent Relationship": "Inner",                                      +
                                               "Parallel Aware": true,                                              +
                                               "Startup Cost": 2049.55,                                             +
                                               "Total Cost": 2049.55,                                               +
                                               "Plan Rows": 18,                                                     +
                                               "Plan Width": 4,                                                     +
                                               "Plans": [                                                           +
                                                 {                                                                  +
                                                   "Node Type": "Seq Scan",                                         +
                                                   "Parent Relationship": "Outer",                                  +
                                                   "Parallel Aware": true,                                          +
                                                   "Relation Name": "date_dim",                                     +
                                                   "Alias": "date_dim",                                             +
                                                   "Startup Cost": 0.00,                                            +
                                                   "Total Cost": 2049.55,                                           +
                                                   "Plan Rows": 18,                                                 +
                                                   "Plan Width": 4,                                                 +
                                                   "Filter": "((d_moy = 11) AND (d_year = 2002))"                   +
                                                 }                                                                  +
                                               ]                                                                    +
                                             }                                                                      +
                                           ]                                                                        +
                                         }                                                                          +
                                       ]                                                                            +
                                     },                                                                             +
                                     {                                                                              +
                                       "Node Type": "Subquery Scan",                                                +
                                       "Parent Relationship": "Member",                                             +
                                       "Parallel Aware": false,                                                     +
                                       "Alias": "*SELECT* 2",                                                       +
                                       "Startup Cost": 2049.78,                                                     +
                                       "Total Cost": 47044.69,                                                      +
                                       "Plan Rows": 589,                                                            +
                                       "Plan Width": 14,                                                            +
                                       "Plans": [                                                                   +
                                         {                                                                          +
                                           "Node Type": "Hash Join",                                                +
                                           "Parent Relationship": "Subquery",                                       +
                                           "Parallel Aware": true,                                                  +
                                           "Join Type": "Inner",                                                    +
                                           "Startup Cost": 2049.78,                                                 +
                                           "Total Cost": 47038.80,                                                  +
                                           "Plan Rows": 245,                                                        +
                                           "Plan Width": 18,                                                        +
                                           "Inner Unique": true,                                                    +
                                           "Hash Cond": "(catalog_sales.cs_sold_date_sk = date_dim_1.d_date_sk)",   +
                                           "Plans": [                                                               +
                                             {                                                                      +
                                               "Node Type": "Seq Scan",                                             +
                                               "Parent Relationship": "Outer",                                      +
                                               "Parallel Aware": true,                                              +
                                               "Relation Name": "catalog_sales",                                    +
                                               "Alias": "catalog_sales",                                            +
                                               "Startup Cost": 0.00,                                                +
                                               "Total Cost": 43412.07,                                              +
                                               "Plan Rows": 600708,                                                 +
                                               "Plan Width": 18                                                     +
                                             },                                                                     +
                                             {                                                                      +
                                               "Node Type": "Hash",                                                 +
                                               "Parent Relationship": "Inner",                                      +
                                               "Parallel Aware": true,                                              +
                                               "Startup Cost": 2049.55,                                             +
                                               "Total Cost": 2049.55,                                               +
                                               "Plan Rows": 18,                                                     +
                                               "Plan Width": 4,                                                     +
                                               "Plans": [                                                           +
                                                 {                                                                  +
                                                   "Node Type": "Seq Scan",                                         +
                                                   "Parent Relationship": "Outer",                                  +
                                                   "Parallel Aware": true,                                          +
                                                   "Relation Name": "date_dim",                                     +
                                                   "Alias": "date_dim_1",                                           +
                                                   "Startup Cost": 0.00,                                            +
                                                   "Total Cost": 2049.55,                                           +
                                                   "Plan Rows": 18,                                                 +
                                                   "Plan Width": 4,                                                 +
                                                   "Filter": "((d_moy = 11) AND (d_year = 2002))"                   +
                                                 }                                                                  +
                                               ]                                                                    +
                                             }                                                                      +
                                           ]                                                                        +
                                         }                                                                          +
                                       ]                                                                            +
                                     },                                                                             +
                                     {                                                                              +
                                       "Node Type": "Subquery Scan",                                                +
                                       "Parent Relationship": "Member",                                             +
                                       "Parallel Aware": false,                                                     +
                                       "Alias": "*SELECT* 1",                                                       +
                                       "Startup Cost": 2049.78,                                                     +
                                       "Total Cost": 24604.03,                                                      +
                                       "Plan Rows": 295,                                                            +
                                       "Plan Width": 14,                                                            +
                                       "Plans": [                                                                   +
                                         {                                                                          +
                                           "Node Type": "Hash Join",                                                +
                                           "Parent Relationship": "Subquery",                                       +
                                           "Parallel Aware": true,                                                  +
                                           "Join Type": "Inner",                                                    +
                                           "Startup Cost": 2049.78,                                                 +
                                           "Total Cost": 24601.08,                                                  +
                                           "Plan Rows": 123,                                                        +
                                           "Plan Width": 18,                                                        +
                                           "Inner Unique": true,                                                    +
                                           "Hash Cond": "(web_sales.ws_sold_date_sk = date_dim_2.d_date_sk)",       +
                                           "Plans": [                                                               +
                                             {                                                                      +
                                               "Node Type": "Seq Scan",                                             +
                                               "Parent Relationship": "Outer",                                      +
                                               "Parallel Aware": true,                                              +
                                               "Relation Name": "web_sales",                                        +
                                               "Alias": "web_sales",                                                +
                                               "Startup Cost": 0.00,                                                +
                                               "Total Cost": 21764.43,                                              +
                                               "Plan Rows": 299743,                                                 +
                                               "Plan Width": 18                                                     +
                                             },                                                                     +
                                             {                                                                      +
                                               "Node Type": "Hash",                                                 +
                                               "Parent Relationship": "Inner",                                      +
                                               "Parallel Aware": true,                                              +
                                               "Startup Cost": 2049.55,                                             +
                                               "Total Cost": 2049.55,                                               +
                                               "Plan Rows": 18,                                                     +
                                               "Plan Width": 4,                                                     +
                                               "Plans": [                                                           +
                                                 {                                                                  +
                                                   "Node Type": "Seq Scan",                                         +
                                                   "Parent Relationship": "Outer",                                  +
                                                   "Parallel Aware": true,                                          +
                                                   "Relation Name": "date_dim",                                     +
                                                   "Alias": "date_dim_2",                                           +
                                                   "Startup Cost": 0.00,                                            +
                                                   "Total Cost": 2049.55,                                           +
                                                   "Plan Rows": 18,                                                 +
                                                   "Plan Width": 4,                                                 +
                                                   "Filter": "((d_moy = 11) AND (d_year = 2002))"                   +
                                                 }                                                                  +
                                               ]                                                                    +
                                             }                                                                      +
                                           ]                                                                        +
                                         }                                                                          +
                                       ]                                                                            +
                                     }                                                                              +
                                   ]                                                                                +
                                 },                                                                                 +
                                 {                                                                                  +
                                   "Node Type": "Hash",                                                             +
                                   "Parent Relationship": "Inner",                                                  +
                                   "Parallel Aware": true,                                                          +
                                   "Startup Cost": 1362.35,                                                         +
                                   "Total Cost": 1362.35,                                                           +
                                   "Plan Rows": 189,                                                                +
                                   "Plan Width": 59,                                                                +
                                   "Plans": [                                                                       +
                                     {                                                                              +
                                       "Node Type": "Seq Scan",                                                     +
                                       "Parent Relationship": "Outer",                                              +
                                       "Parallel Aware": true,                                                      +
                                       "Relation Name": "item",                                                     +
                                       "Alias": "item",                                                             +
                                       "Startup Cost": 0.00,                                                        +
                                       "Total Cost": 1362.35,                                                       +
                                       "Plan Rows": 189,                                                            +
                                       "Plan Width": 59,                                                            +
                                       "Filter": "(i_manager_id = 1)"                                               +
                                     }                                                                              +
                                   ]                                                                                +
                                 }                                                                                  +
                               ]                                                                                    +
                             },                                                                                     +
                             {                                                                                      +
                               "Node Type": "Index Scan",                                                           +
                               "Parent Relationship": "Inner",                                                      +
                               "Parallel Aware": false,                                                             +
                               "Scan Direction": "Forward",                                                         +
                               "Index Name": "time_dim_pkey",                                                       +
                               "Relation Name": "time_dim",                                                         +
                               "Alias": "time_dim",                                                                 +
                               "Startup Cost": 0.29,                                                                +
                               "Total Cost": 3.11,                                                                  +
                               "Plan Rows": 1,                                                                      +
                               "Plan Width": 12,                                                                    +
                               "Index Cond": "(t_time_sk = \"*SELECT* 3\".time_sk)",                                +
                               "Filter": "((t_meal_time = 'breakfast'::bpchar) OR (t_meal_time = 'dinner'::bpchar))"+
                             }                                                                                      +
                           ]                                                                                        +
                         }                                                                                          +
                       ]                                                                                            +
                     }                                                                                              +
                   ]                                                                                                +
                 }                                                                                                  +
               ]                                                                                                    +
             }                                                                                                      +
           ]                                                                                                        +
         }                                                                                                          +
       ]                                                                                                            +
     }                                                                                                              +
   }                                                                                                                +
 ]
(1 row)

