                                                                                                                                                                    QUERY PLAN                                                                                                                                                                     
---------------------------------------------------------------------------------------------------------------------------------------------------------------------------------------------------------------------------------------------------------------------------------------------------------------------------------------------------
 [                                                                                                                                                                                                                                                                                                                                                +
   {                                                                                                                                                                                                                                                                                                                                              +
     "Plan": {                                                                                                                                                                                                                                                                                                                                    +
       "Node Type": "Limit",                                                                                                                                                                                                                                                                                                                      +
       "Parallel Aware": false,                                                                                                                                                                                                                                                                                                                   +
       "Startup Cost": 1435607.70,                                                                                                                                                                                                                                                                                                                +
       "Total Cost": 1435607.71,                                                                                                                                                                                                                                                                                                                  +
       "Plan Rows": 1,                                                                                                                                                                                                                                                                                                                            +
       "Plan Width": 284,                                                                                                                                                                                                                                                                                                                         +
       "Plans": [                                                                                                                                                                                                                                                                                                                                 +
         {                                                                                                                                                                                                                                                                                                                                        +
           "Node Type": "Append",                                                                                                                                                                                                                                                                                                                 +
           "Parent Relationship": "InitPlan",                                                                                                                                                                                                                                                                                                     +
           "Subplan Name": "CTE year_total",                                                                                                                                                                                                                                                                                                      +
           "Parallel Aware": false,                                                                                                                                                                                                                                                                                                               +
           "Startup Cost": 420700.18,                                                                                                                                                                                                                                                                                                             +
           "Total Cost": 1084193.13,                                                                                                                                                                                                                                                                                                              +
           "Plan Rows": 3346528,                                                                                                                                                                                                                                                                                                                  +
           "Plan Width": 255,                                                                                                                                                                                                                                                                                                                     +
           "Plans": [                                                                                                                                                                                                                                                                                                                             +
             {                                                                                                                                                                                                                                                                                                                                    +
               "Node Type": "Aggregate",                                                                                                                                                                                                                                                                                                          +
               "Strategy": "Sorted",                                                                                                                                                                                                                                                                                                              +
               "Partial Mode": "Finalize",                                                                                                                                                                                                                                                                                                        +
               "Parent Relationship": "Member",                                                                                                                                                                                                                                                                                                   +
               "Parallel Aware": false,                                                                                                                                                                                                                                                                                                           +
               "Startup Cost": 420700.18,                                                                                                                                                                                                                                                                                                         +
               "Total Cost": 804793.87,                                                                                                                                                                                                                                                                                                           +
               "Plan Rows": 2627408,                                                                                                                                                                                                                                                                                                              +
               "Plan Width": 255,                                                                                                                                                                                                                                                                                                                 +
               "Group Key": ["customer.c_customer_id", "customer.c_first_name", "customer.c_last_name", "customer.c_preferred_cust_flag", "customer.c_birth_country", "customer.c_login", "customer.c_email_address", "date_dim.d_year"],                                                                                                         +
               "Plans": [                                                                                                                                                                                                                                                                                                                         +
                 {                                                                                                                                                                                                                                                                                                                                +
                   "Node Type": "Gather Merge",                                                                                                                                                                                                                                                                                                   +
                   "Parent Relationship": "Outer",                                                                                                                                                                                                                                                                                                +
                   "Parallel Aware": false,                                                                                                                                                                                                                                                                                                       +
                   "Startup Cost": 420700.18,                                                                                                                                                                                                                                                                                                     +
                   "Total Cost": 717213.62,                                                                                                                                                                                                                                                                                                       +
                   "Plan Rows": 2189506,                                                                                                                                                                                                                                                                                                          +
                   "Plan Width": 223,                                                                                                                                                                                                                                                                                                             +
                   "Workers Planned": 2,                                                                                                                                                                                                                                                                                                          +
                   "Plans": [                                                                                                                                                                                                                                                                                                                     +
                     {                                                                                                                                                                                                                                                                                                                            +
                       "Node Type": "Aggregate",                                                                                                                                                                                                                                                                                                  +
                       "Strategy": "Sorted",                                                                                                                                                                                                                                                                                                      +
                       "Partial Mode": "Partial",                                                                                                                                                                                                                                                                                                 +
                       "Parent Relationship": "Outer",                                                                                                                                                                                                                                                                                            +
                       "Parallel Aware": false,                                                                                                                                                                                                                                                                                                   +
                       "Startup Cost": 419700.16,                                                                                                                                                                                                                                                                                                 +
                       "Total Cost": 463490.28,                                                                                                                                                                                                                                                                                                   +
                       "Plan Rows": 1094753,                                                                                                                                                                                                                                                                                                      +
                       "Plan Width": 223,                                                                                                                                                                                                                                                                                                         +
                       "Group Key": ["customer.c_customer_id", "customer.c_first_name", "customer.c_last_name", "customer.c_preferred_cust_flag", "customer.c_birth_country", "customer.c_login", "customer.c_email_address", "date_dim.d_year"],                                                                                                 +
                       "Plans": [                                                                                                                                                                                                                                                                                                                 +
                         {                                                                                                                                                                                                                                                                                                                        +
                           "Node Type": "Sort",                                                                                                                                                                                                                                                                                                   +
                           "Parent Relationship": "Outer",                                                                                                                                                                                                                                                                                        +
                           "Parallel Aware": false,                                                                                                                                                                                                                                                                                               +
                           "Startup Cost": 419700.16,                                                                                                                                                                                                                                                                                             +
                           "Total Cost": 422437.04,                                                                                                                                                                                                                                                                                               +
                           "Plan Rows": 1094753,                                                                                                                                                                                                                                                                                                  +
                           "Plan Width": 201,                                                                                                                                                                                                                                                                                                     +
                           "Sort Key": ["customer.c_customer_id", "customer.c_first_name", "customer.c_last_name", "customer.c_preferred_cust_flag", "customer.c_birth_country", "customer.c_login", "customer.c_email_address", "date_dim.d_year"],                                                                                              +
                           "Plans": [                                                                                                                                                                                                                                                                                                             +
                             {                                                                                                                                                                                                                                                                                                                    +
                               "Node Type": "Hash Join",                                                                                                                                                                                                                                                                                          +
                               "Parent Relationship": "Outer",                                                                                                                                                                                                                                                                                    +
                               "Parallel Aware": true,                                                                                                                                                                                                                                                                                            +
                               "Join Type": "Inner",                                                                                                                                                                                                                                                                                              +
                               "Startup Cost": 8015.36,                                                                                                                                                                                                                                                                                           +
                               "Total Cost": 92856.53,                                                                                                                                                                                                                                                                                            +
                               "Plan Rows": 1094753,                                                                                                                                                                                                                                                                                              +
                               "Plan Width": 201,                                                                                                                                                                                                                                                                                                 +
                               "Inner Unique": true,                                                                                                                                                                                                                                                                                              +
                               "Hash Cond": "(store_sales.ss_customer_sk = customer.c_customer_sk)",                                                                                                                                                                                                                                              +
                               "Plans": [                                                                                                                                                                                                                                                                                                         +
                                 {                                                                                                                                                                                                                                                                                                                +
                                   "Node Type": "Hash Join",                                                                                                                                                                                                                                                                                      +
                                   "Parent Relationship": "Outer",                                                                                                                                                                                                                                                                                +
                                   "Parallel Aware": true,                                                                                                                                                                                                                                                                                        +
                                   "Join Type": "Inner",                                                                                                                                                                                                                                                                                          +
                                   "Startup Cost": 2371.82,                                                                                                                                                                                                                                                                                       +
                                   "Total Cost": 69220.36,                                                                                                                                                                                                                                                                                        +
                                   "Plan Rows": 1146099,                                                                                                                                                                                                                                                                                          +
                                   "Plan Width": 18,                                                                                                                                                                                                                                                                                              +
                                   "Inner Unique": true,                                                                                                                                                                                                                                                                                          +
                                   "Hash Cond": "(store_sales.ss_sold_date_sk = date_dim.d_date_sk)",                                                                                                                                                                                                                                             +
                                   "Plans": [                                                                                                                                                                                                                                                                                                     +
                                     {                                                                                                                                                                                                                                                                                                            +
                                       "Node Type": "Seq Scan",                                                                                                                                                                                                                                                                                   +
                                       "Parent Relationship": "Outer",                                                                                                                                                                                                                                                                            +
                                       "Parallel Aware": true,                                                                                                                                                                                                                                                                                    +
                                       "Relation Name": "store_sales",                                                                                                                                                                                                                                                                            +
                                       "Alias": "store_sales",                                                                                                                                                                                                                                                                                    +
                                       "Startup Cost": 0.00,                                                                                                                                                                                                                                                                                      +
                                       "Total Cost": 63697.87,                                                                                                                                                                                                                                                                                    +
                                       "Plan Rows": 1200187,                                                                                                                                                                                                                                                                                      +
                                       "Plan Width": 18                                                                                                                                                                                                                                                                                           +
                                     },                                                                                                                                                                                                                                                                                                           +
                                     {                                                                                                                                                                                                                                                                                                            +
                                       "Node Type": "Hash",                                                                                                                                                                                                                                                                                       +
                                       "Parent Relationship": "Inner",                                                                                                                                                                                                                                                                            +
                                       "Parallel Aware": true,                                                                                                                                                                                                                                                                                    +
                                       "Startup Cost": 1834.70,                                                                                                                                                                                                                                                                                   +
                                       "Total Cost": 1834.70,                                                                                                                                                                                                                                                                                     +
                                       "Plan Rows": 42970,                                                                                                                                                                                                                                                                                        +
                                       "Plan Width": 8,                                                                                                                                                                                                                                                                                           +
                                       "Plans": [                                                                                                                                                                                                                                                                                                 +
                                         {                                                                                                                                                                                                                                                                                                        +
                                           "Node Type": "Seq Scan",                                                                                                                                                                                                                                                                               +
                                           "Parent Relationship": "Outer",                                                                                                                                                                                                                                                                        +
                                           "Parallel Aware": true,                                                                                                                                                                                                                                                                                +
                                           "Relation Name": "date_dim",                                                                                                                                                                                                                                                                           +
                                           "Alias": "date_dim",                                                                                                                                                                                                                                                                                   +
                                           "Startup Cost": 0.00,                                                                                                                                                                                                                                                                                  +
                                           "Total Cost": 1834.70,                                                                                                                                                                                                                                                                                 +
                                           "Plan Rows": 42970,                                                                                                                                                                                                                                                                                    +
                                           "Plan Width": 8                                                                                                                                                                                                                                                                                        +
                                         }                                                                                                                                                                                                                                                                                                        +
                                       ]                                                                                                                                                                                                                                                                                                          +
                                     }                                                                                                                                                                                                                                                                                                            +
                                   ]                                                                                                                                                                                                                                                                                                              +
                                 },                                                                                                                                                                                                                                                                                                               +
                                 {                                                                                                                                                                                                                                                                                                                +
                                   "Node Type": "Hash",                                                                                                                                                                                                                                                                                           +
                                   "Parent Relationship": "Inner",                                                                                                                                                                                                                                                                                +
                                   "Parallel Aware": true,                                                                                                                                                                                                                                                                                        +
                                   "Startup Cost": 3356.24,                                                                                                                                                                                                                                                                                       +
                                   "Total Cost": 3356.24,                                                                                                                                                                                                                                                                                         +
                                   "Plan Rows": 58824,                                                                                                                                                                                                                                                                                            +
                                   "Plan Width": 191,                                                                                                                                                                                                                                                                                             +
                                   "Plans": [                                                                                                                                                                                                                                                                                                     +
                                     {                                                                                                                                                                                                                                                                                                            +
                                       "Node Type": "Seq Scan",                                                                                                                                                                                                                                                                                   +
                                       "Parent Relationship": "Outer",                                                                                                                                                                                                                                                                            +
                                       "Parallel Aware": true,                                                                                                                                                                                                                                                                                    +
                                       "Relation Name": "customer",                                                                                                                                                                                                                                                                               +
                                       "Alias": "customer",                                                                                                                                                                                                                                                                                       +
                                       "Startup Cost": 0.00,                                                                                                                                                                                                                                                                                      +
                                       "Total Cost": 3356.24,                                                                                                                                                                                                                                                                                     +
                                       "Plan Rows": 58824,                                                                                                                                                                                                                                                                                        +
                                       "Plan Width": 191                                                                                                                                                                                                                                                                                          +
                                     }                                                                                                                                                                                                                                                                                                            +
                                   ]                                                                                                                                                                                                                                                                                                              +
                                 }                                                                                                                                                                                                                                                                                                                +
                               ]                                                                                                                                                                                                                                                                                                                  +
                             }                                                                                                                                                                                                                                                                                                                    +
                           ]                                                                                                                                                                                                                                                                                                                      +
                         }                                                                                                                                                                                                                                                                                                                        +
                       ]                                                                                                                                                                                                                                                                                                                          +
                     }                                                                                                                                                                                                                                                                                                                            +
                   ]                                                                                                                                                                                                                                                                                                                              +
                 }                                                                                                                                                                                                                                                                                                                                +
               ]                                                                                                                                                                                                                                                                                                                                  +
             },                                                                                                                                                                                                                                                                                                                                   +
             {                                                                                                                                                                                                                                                                                                                                    +
               "Node Type": "Aggregate",                                                                                                                                                                                                                                                                                                          +
               "Strategy": "Sorted",                                                                                                                                                                                                                                                                                                              +
               "Partial Mode": "Finalize",                                                                                                                                                                                                                                                                                                        +
               "Parent Relationship": "Member",                                                                                                                                                                                                                                                                                                   +
               "Parallel Aware": false,                                                                                                                                                                                                                                                                                                           +
               "Startup Cost": 124075.21,                                                                                                                                                                                                                                                                                                         +
               "Total Cost": 229201.34,                                                                                                                                                                                                                                                                                                           +
               "Plan Rows": 719120,                                                                                                                                                                                                                                                                                                               +
               "Plan Width": 255,                                                                                                                                                                                                                                                                                                                 +
               "Group Key": ["customer_1.c_customer_id", "customer_1.c_first_name", "customer_1.c_last_name", "customer_1.c_preferred_cust_flag", "customer_1.c_birth_country", "customer_1.c_login", "customer_1.c_email_address", "date_dim_1.d_year"],                                                                                         +
               "Plans": [                                                                                                                                                                                                                                                                                                                         +
                 {                                                                                                                                                                                                                                                                                                                                +
                   "Node Type": "Gather Merge",                                                                                                                                                                                                                                                                                                   +
                   "Parent Relationship": "Outer",                                                                                                                                                                                                                                                                                                +
                   "Parallel Aware": false,                                                                                                                                                                                                                                                                                                       +
                   "Startup Cost": 124075.21,                                                                                                                                                                                                                                                                                                     +
                   "Total Cost": 205230.69,                                                                                                                                                                                                                                                                                                       +
                   "Plan Rows": 599266,                                                                                                                                                                                                                                                                                                           +
                   "Plan Width": 223,                                                                                                                                                                                                                                                                                                             +
                   "Workers Planned": 2,                                                                                                                                                                                                                                                                                                          +
                   "Plans": [                                                                                                                                                                                                                                                                                                                     +
                     {                                                                                                                                                                                                                                                                                                                            +
                       "Node Type": "Aggregate",                                                                                                                                                                                                                                                                                                  +
                       "Strategy": "Sorted",                                                                                                                                                                                                                                                                                                      +
                       "Partial Mode": "Partial",                                                                                                                                                                                                                                                                                                 +
                       "Parent Relationship": "Outer",                                                                                                                                                                                                                                                                                            +
                       "Parallel Aware": false,                                                                                                                                                                                                                                                                                                   +
                       "Startup Cost": 123075.18,                                                                                                                                                                                                                                                                                                 +
                       "Total Cost": 135060.50,                                                                                                                                                                                                                                                                                                   +
                       "Plan Rows": 299633,                                                                                                                                                                                                                                                                                                       +
                       "Plan Width": 223,                                                                                                                                                                                                                                                                                                         +
                       "Group Key": ["customer_1.c_customer_id", "customer_1.c_first_name", "customer_1.c_last_name", "customer_1.c_preferred_cust_flag", "customer_1.c_birth_country", "customer_1.c_login", "customer_1.c_email_address", "date_dim_1.d_year"],                                                                                 +
                       "Plans": [                                                                                                                                                                                                                                                                                                                 +
                         {                                                                                                                                                                                                                                                                                                                        +
                           "Node Type": "Sort",                                                                                                                                                                                                                                                                                                   +
                           "Parent Relationship": "Outer",                                                                                                                                                                                                                                                                                        +
                           "Parallel Aware": false,                                                                                                                                                                                                                                                                                               +
                           "Startup Cost": 123075.18,                                                                                                                                                                                                                                                                                             +
                           "Total Cost": 123824.27,                                                                                                                                                                                                                                                                                               +
                           "Plan Rows": 299633,                                                                                                                                                                                                                                                                                                   +
                           "Plan Width": 204,                                                                                                                                                                                                                                                                                                     +
                           "Sort Key": ["customer_1.c_customer_id", "customer_1.c_first_name", "customer_1.c_last_name", "customer_1.c_preferred_cust_flag", "customer_1.c_birth_country", "customer_1.c_login", "customer_1.c_email_address", "date_dim_1.d_year"],                                                                              +
                           "Plans": [                                                                                                                                                                                                                                                                                                             +
                             {                                                                                                                                                                                                                                                                                                                    +
                               "Node Type": "Hash Join",                                                                                                                                                                                                                                                                                          +
                               "Parent Relationship": "Outer",                                                                                                                                                                                                                                                                                    +
                               "Parallel Aware": true,                                                                                                                                                                                                                                                                                            +
                               "Join Type": "Inner",                                                                                                                                                                                                                                                                                              +
                               "Startup Cost": 8015.36,                                                                                                                                                                                                                                                                                           +
                               "Total Cost": 36417.31,                                                                                                                                                                                                                                                                                            +
                               "Plan Rows": 299633,                                                                                                                                                                                                                                                                                               +
                               "Plan Width": 204,                                                                                                                                                                                                                                                                                                 +
                               "Inner Unique": true,                                                                                                                                                                                                                                                                                              +
                               "Hash Cond": "(web_sales.ws_bill_customer_sk = customer_1.c_customer_sk)",                                                                                                                                                                                                                                         +
                               "Plans": [                                                                                                                                                                                                                                                                                                         +
                                 {                                                                                                                                                                                                                                                                                                                +
                                   "Node Type": "Hash Join",                                                                                                                                                                                                                                                                                      +
                                   "Parent Relationship": "Outer",                                                                                                                                                                                                                                                                                +
                                   "Parallel Aware": true,                                                                                                                                                                                                                                                                                        +
                                   "Join Type": "Inner",                                                                                                                                                                                                                                                                                          +
                                   "Startup Cost": 2371.82,                                                                                                                                                                                                                                                                                       +
                                   "Total Cost": 24923.13,                                                                                                                                                                                                                                                                                        +
                                   "Plan Rows": 299663,                                                                                                                                                                                                                                                                                           +
                                   "Plan Width": 21,                                                                                                                                                                                                                                                                                              +
                                   "Inner Unique": true,                                                                                                                                                                                                                                                                                          +
                                   "Hash Cond": "(web_sales.ws_sold_date_sk = date_dim_1.d_date_sk)",                                                                                                                                                                                                                                             +
                                   "Plans": [                                                                                                                                                                                                                                                                                                     +
                                     {                                                                                                                                                                                                                                                                                                            +
                                       "Node Type": "Seq Scan",                                                                                                                                                                                                                                                                                   +
                                       "Parent Relationship": "Outer",                                                                                                                                                                                                                                                                            +
                                       "Parallel Aware": true,                                                                                                                                                                                                                                                                                    +
                                       "Relation Name": "web_sales",                                                                                                                                                                                                                                                                              +
                                       "Alias": "web_sales",                                                                                                                                                                                                                                                                                      +
                                       "Startup Cost": 0.00,                                                                                                                                                                                                                                                                                      +
                                       "Total Cost": 21764.43,                                                                                                                                                                                                                                                                                    +
                                       "Plan Rows": 299743,                                                                                                                                                                                                                                                                                       +
                                       "Plan Width": 21                                                                                                                                                                                                                                                                                           +
                                     },                                                                                                                                                                                                                                                                                                           +
                                     {                                                                                                                                                                                                                                                                                                            +
                                       "Node Type": "Hash",                                                                                                                                                                                                                                                                                       +
                                       "Parent Relationship": "Inner",                                                                                                                                                                                                                                                                            +
                                       "Parallel Aware": true,                                                                                                                                                                                                                                                                                    +
                                       "Startup Cost": 1834.70,                                                                                                                                                                                                                                                                                   +
                                       "Total Cost": 1834.70,                                                                                                                                                                                                                                                                                     +
                                       "Plan Rows": 42970,                                                                                                                                                                                                                                                                                        +
                                       "Plan Width": 8,                                                                                                                                                                                                                                                                                           +
                                       "Plans": [                                                                                                                                                                                                                                                                                                 +
                                         {                                                                                                                                                                                                                                                                                                        +
                                           "Node Type": "Seq Scan",                                                                                                                                                                                                                                                                               +
                                           "Parent Relationship": "Outer",                                                                                                                                                                                                                                                                        +
                                           "Parallel Aware": true,                                                                                                                                                                                                                                                                                +
                                           "Relation Name": "date_dim",                                                                                                                                                                                                                                                                           +
                                           "Alias": "date_dim_1",                                                                                                                                                                                                                                                                                 +
                                           "Startup Cost": 0.00,                                                                                                                                                                                                                                                                                  +
                                           "Total Cost": 1834.70,                                                                                                                                                                                                                                                                                 +
                                           "Plan Rows": 42970,                                                                                                                                                                                                                                                                                    +
                                           "Plan Width": 8                                                                                                                                                                                                                                                                                        +
                                         }                                                                                                                                                                                                                                                                                                        +
                                       ]                                                                                                                                                                                                                                                                                                          +
                                     }                                                                                                                                                                                                                                                                                                            +
                                   ]                                                                                                                                                                                                                                                                                                              +
                                 },                                                                                                                                                                                                                                                                                                               +
                                 {                                                                                                                                                                                                                                                                                                                +
                                   "Node Type": "Hash",                                                                                                                                                                                                                                                                                           +
                                   "Parent Relationship": "Inner",                                                                                                                                                                                                                                                                                +
                                   "Parallel Aware": true,                                                                                                                                                                                                                                                                                        +
                                   "Startup Cost": 3356.24,                                                                                                                                                                                                                                                                                       +
                                   "Total Cost": 3356.24,                                                                                                                                                                                                                                                                                         +
                                   "Plan Rows": 58824,                                                                                                                                                                                                                                                                                            +
                                   "Plan Width": 191,                                                                                                                                                                                                                                                                                             +
                                   "Plans": [                                                                                                                                                                                                                                                                                                     +
                                     {                                                                                                                                                                                                                                                                                                            +
                                       "Node Type": "Seq Scan",                                                                                                                                                                                                                                                                                   +
                                       "Parent Relationship": "Outer",                                                                                                                                                                                                                                                                            +
                                       "Parallel Aware": true,                                                                                                                                                                                                                                                                                    +
                                       "Relation Name": "customer",                                                                                                                                                                                                                                                                               +
                                       "Alias": "customer_1",                                                                                                                                                                                                                                                                                     +
                                       "Startup Cost": 0.00,                                                                                                                                                                                                                                                                                      +
                                       "Total Cost": 3356.24,                                                                                                                                                                                                                                                                                     +
                                       "Plan Rows": 58824,                                                                                                                                                                                                                                                                                        +
                                       "Plan Width": 191                                                                                                                                                                                                                                                                                          +
                                     }                                                                                                                                                                                                                                                                                                            +
                                   ]                                                                                                                                                                                                                                                                                                              +
                                 }                                                                                                                                                                                                                                                                                                                +
                               ]                                                                                                                                                                                                                                                                                                                  +
                             }                                                                                                                                                                                                                                                                                                                    +
                           ]                                                                                                                                                                                                                                                                                                                      +
                         }                                                                                                                                                                                                                                                                                                                        +
                       ]                                                                                                                                                                                                                                                                                                                          +
                     }                                                                                                                                                                                                                                                                                                                            +
                   ]                                                                                                                                                                                                                                                                                                                              +
                 }                                                                                                                                                                                                                                                                                                                                +
               ]                                                                                                                                                                                                                                                                                                                                  +
             }                                                                                                                                                                                                                                                                                                                                    +
           ]                                                                                                                                                                                                                                                                                                                                      +
         },                                                                                                                                                                                                                                                                                                                                       +
         {                                                                                                                                                                                                                                                                                                                                        +
           "Node Type": "Sort",                                                                                                                                                                                                                                                                                                                   +
           "Parent Relationship": "Outer",                                                                                                                                                                                                                                                                                                        +
           "Parallel Aware": false,                                                                                                                                                                                                                                                                                                               +
           "Startup Cost": 351414.57,                                                                                                                                                                                                                                                                                                             +
           "Total Cost": 351414.58,                                                                                                                                                                                                                                                                                                               +
           "Plan Rows": 1,                                                                                                                                                                                                                                                                                                                        +
           "Plan Width": 284,                                                                                                                                                                                                                                                                                                                     +
           "Sort Key": ["t_s_secyear.customer_id", "t_s_secyear.customer_first_name", "t_s_secyear.customer_last_name", "t_s_secyear.customer_preferred_cust_flag"],                                                                                                                                                                              +
           "Plans": [                                                                                                                                                                                                                                                                                                                             +
             {                                                                                                                                                                                                                                                                                                                                    +
               "Node Type": "Nested Loop",                                                                                                                                                                                                                                                                                                        +
               "Parent Relationship": "Outer",                                                                                                                                                                                                                                                                                                    +
               "Parallel Aware": false,                                                                                                                                                                                                                                                                                                           +
               "Join Type": "Inner",                                                                                                                                                                                                                                                                                                              +
               "Startup Cost": 0.00,                                                                                                                                                                                                                                                                                                              +
               "Total Cost": 351414.56,                                                                                                                                                                                                                                                                                                           +
               "Plan Rows": 1,                                                                                                                                                                                                                                                                                                                    +
               "Plan Width": 284,                                                                                                                                                                                                                                                                                                                 +
               "Inner Unique": false,                                                                                                                                                                                                                                                                                                             +
               "Join Filter": "((t_s_secyear.customer_id = t_w_secyear.customer_id) AND (CASE WHEN (t_w_firstyear.year_total > '0'::numeric) THEN (t_w_secyear.year_total / t_w_firstyear.year_total) ELSE 0.0 END > CASE WHEN (t_s_firstyear.year_total > '0'::numeric) THEN (t_s_secyear.year_total / t_s_firstyear.year_total) ELSE 0.0 END))",+
               "Plans": [                                                                                                                                                                                                                                                                                                                         +
                 {                                                                                                                                                                                                                                                                                                                                +
                   "Node Type": "Nested Loop",                                                                                                                                                                                                                                                                                                    +
                   "Parent Relationship": "Outer",                                                                                                                                                                                                                                                                                                +
                   "Parallel Aware": false,                                                                                                                                                                                                                                                                                                       +
                   "Join Type": "Inner",                                                                                                                                                                                                                                                                                                          +
                   "Startup Cost": 0.00,                                                                                                                                                                                                                                                                                                          +
                   "Total Cost": 267746.32,                                                                                                                                                                                                                                                                                                       +
                   "Plan Rows": 2,                                                                                                                                                                                                                                                                                                                +
                   "Plan Width": 516,                                                                                                                                                                                                                                                                                                             +
                   "Inner Unique": false,                                                                                                                                                                                                                                                                                                         +
                   "Join Filter": "(t_s_firstyear.customer_id = t_s_secyear.customer_id)",                                                                                                                                                                                                                                                        +
                   "Plans": [                                                                                                                                                                                                                                                                                                                     +
                     {                                                                                                                                                                                                                                                                                                                            +
                       "Node Type": "Nested Loop",                                                                                                                                                                                                                                                                                                +
                       "Parent Relationship": "Outer",                                                                                                                                                                                                                                                                                            +
                       "Parallel Aware": false,                                                                                                                                                                                                                                                                                                   +
                       "Join Type": "Inner",                                                                                                                                                                                                                                                                                                      +
                       "Startup Cost": 0.00,                                                                                                                                                                                                                                                                                                      +
                       "Total Cost": 184076.40,                                                                                                                                                                                                                                                                                                   +
                       "Plan Rows": 4,                                                                                                                                                                                                                                                                                                            +
                       "Plan Width": 200,                                                                                                                                                                                                                                                                                                         +
                       "Inner Unique": false,                                                                                                                                                                                                                                                                                                     +
                       "Join Filter": "(t_s_firstyear.customer_id = t_w_firstyear.customer_id)",                                                                                                                                                                                                                                                  +
                       "Plans": [                                                                                                                                                                                                                                                                                                                 +
                         {                                                                                                                                                                                                                                                                                                                        +
                           "Node Type": "CTE Scan",                                                                                                                                                                                                                                                                                               +
                           "Parent Relationship": "Outer",                                                                                                                                                                                                                                                                                        +
                           "Parallel Aware": false,                                                                                                                                                                                                                                                                                               +
                           "CTE Name": "year_total",                                                                                                                                                                                                                                                                                              +
                           "Alias": "t_s_firstyear",                                                                                                                                                                                                                                                                                              +
                           "Startup Cost": 0.00,                                                                                                                                                                                                                                                                                                  +
                           "Total Cost": 92029.52,                                                                                                                                                                                                                                                                                                +
                           "Plan Rows": 28,                                                                                                                                                                                                                                                                                                       +
                           "Plan Width": 100,                                                                                                                                                                                                                                                                                                     +
                           "Filter": "((year_total > '0'::numeric) AND (sale_type = 's'::text) AND (dyear = 2001))"                                                                                                                                                                                                                               +
                         },                                                                                                                                                                                                                                                                                                                       +
                         {                                                                                                                                                                                                                                                                                                                        +
                           "Node Type": "CTE Scan",                                                                                                                                                                                                                                                                                               +
                           "Parent Relationship": "Inner",                                                                                                                                                                                                                                                                                        +
                           "Parallel Aware": false,                                                                                                                                                                                                                                                                                               +
                           "CTE Name": "year_total",                                                                                                                                                                                                                                                                                              +
                           "Alias": "t_w_firstyear",                                                                                                                                                                                                                                                                                              +
                           "Startup Cost": 0.00,                                                                                                                                                                                                                                                                                                  +
                           "Total Cost": 92029.52,                                                                                                                                                                                                                                                                                                +
                           "Plan Rows": 28,                                                                                                                                                                                                                                                                                                       +
                           "Plan Width": 100,                                                                                                                                                                                                                                                                                                     +
                           "Filter": "((year_total > '0'::numeric) AND (sale_type = 'w'::text) AND (dyear = 2001))"                                                                                                                                                                                                                               +
                         }                                                                                                                                                                                                                                                                                                                        +
                       ]                                                                                                                                                                                                                                                                                                                          +
                     },                                                                                                                                                                                                                                                                                                                           +
                     {                                                                                                                                                                                                                                                                                                                            +
                       "Node Type": "CTE Scan",                                                                                                                                                                                                                                                                                                   +
                       "Parent Relationship": "Inner",                                                                                                                                                                                                                                                                                            +
                       "Parallel Aware": false,                                                                                                                                                                                                                                                                                                   +
                       "CTE Name": "year_total",                                                                                                                                                                                                                                                                                                  +
                       "Alias": "t_s_secyear",                                                                                                                                                                                                                                                                                                    +
                       "Startup Cost": 0.00,                                                                                                                                                                                                                                                                                                      +
                       "Total Cost": 83663.20,                                                                                                                                                                                                                                                                                                    +
                       "Plan Rows": 84,                                                                                                                                                                                                                                                                                                           +
                       "Plan Width": 316,                                                                                                                                                                                                                                                                                                         +
                       "Filter": "((sale_type = 's'::text) AND (dyear = 2002))"                                                                                                                                                                                                                                                                   +
                     }                                                                                                                                                                                                                                                                                                                            +
                   ]                                                                                                                                                                                                                                                                                                                              +
                 },                                                                                                                                                                                                                                                                                                                               +
                 {                                                                                                                                                                                                                                                                                                                                +
                   "Node Type": "CTE Scan",                                                                                                                                                                                                                                                                                                       +
                   "Parent Relationship": "Inner",                                                                                                                                                                                                                                                                                                +
                   "Parallel Aware": false,                                                                                                                                                                                                                                                                                                       +
                   "CTE Name": "year_total",                                                                                                                                                                                                                                                                                                      +
                   "Alias": "t_w_secyear",                                                                                                                                                                                                                                                                                                        +
                   "Startup Cost": 0.00,                                                                                                                                                                                                                                                                                                          +
                   "Total Cost": 83663.20,                                                                                                                                                                                                                                                                                                        +
                   "Plan Rows": 84,                                                                                                                                                                                                                                                                                                               +
                   "Plan Width": 100,                                                                                                                                                                                                                                                                                                             +
                   "Filter": "((sale_type = 'w'::text) AND (dyear = 2002))"                                                                                                                                                                                                                                                                       +
                 }                                                                                                                                                                                                                                                                                                                                +
               ]                                                                                                                                                                                                                                                                                                                                  +
             }                                                                                                                                                                                                                                                                                                                                    +
           ]                                                                                                                                                                                                                                                                                                                                      +
         }                                                                                                                                                                                                                                                                                                                                        +
       ]                                                                                                                                                                                                                                                                                                                                          +
     }                                                                                                                                                                                                                                                                                                                                            +
   }                                                                                                                                                                                                                                                                                                                                              +
 ]
(1 row)

