[
  {
    "Plan": {
      "Node Type": "Limit",
      "Parallel Aware": false,
      "Startup Cost": 139831.51,
      "Total Cost": 139831.51,
      "Plan Rows": 1,
      "Plan Width": 96,
      "Plans": [
        {
          "Node Type": "Sort",
          "Parent Relationship": "Outer",
          "Parallel Aware": false,
          "Startup Cost": 139831.51,
          "Total Cost": 139831.51,
          "Plan Rows": 1,
          "Plan Width": 96,
          "Sort Key": ["(sum(store_sales.ss_ext_sales_price))", "(sum(store_sales_1.ss_ext_sales_price))"],
          "Plans": [
            {
              "Node Type": "Nested Loop",
              "Parent Relationship": "Outer",
              "Parallel Aware": false,
              "Join Type": "Inner",
              "Startup Cost": 139831.44,
              "Total Cost": 139831.50,
              "Plan Rows": 1,
              "Plan Width": 96,
              "Inner Unique": false,
              "Plans": [
                {
                  "Node Type": "Aggregate",
                  "Strategy": "Plain",
                  "Partial Mode": "Simple",
                  "Parent Relationship": "Outer",
                  "Parallel Aware": false,
                  "Startup Cost": 69915.39,
                  "Total Cost": 69915.40,
                  "Plan Rows": 1,
                  "Plan Width": 32,
                  "Plans": [
                    {
                      "Node Type": "Gather",
                      "Parent Relationship": "Outer",
                      "Parallel Aware": false,
                      "Startup Cost": 3051.95,
                      "Total Cost": 69915.39,
                      "Plan Rows": 1,
                      "Plan Width": 6,
                      "Workers Planned": 2,
                      "Single Copy": false,
                      "Plans": [
                        {
                          "Node Type": "Nested Loop",
                          "Parent Relationship": "Outer",
                          "Parallel Aware": false,
                          "Join Type": "Inner",
                          "Startup Cost": 2051.95,
                          "Total Cost": 68915.29,
                          "Plan Rows": 1,
                          "Plan Width": 6,
                          "Inner Unique": true,
                          "Plans": [
                            {
                              "Node Type": "Nested Loop",
                              "Parent Relationship": "Outer",
                              "Parallel Aware": false,
                              "Join Type": "Inner",
                              "Startup Cost": 2051.66,
                              "Total Cost": 68914.57,
                              "Plan Rows": 2,
                              "Plan Width": 10,
                              "Inner Unique": true,
                              "Plans": [
                                {
                                  "Node Type": "Nested Loop",
                                  "Parent Relationship": "Outer",
                                  "Parallel Aware": false,
                                  "Join Type": "Inner",
                                  "Startup Cost": 2051.37,
                                  "Total Cost": 68913.94,
                                  "Plan Rows": 2,
                                  "Plan Width": 10,
                                  "Inner Unique": true,
                                  "Plans": [
                                    {
                                      "Node Type": "Nested Loop",
                                      "Parent Relationship": "Outer",
                                      "Parallel Aware": false,
                                      "Join Type": "Inner",
                                      "Startup Cost": 2051.22,
                                      "Total Cost": 68913.25,
                                      "Plan Rows": 4,
                                      "Plan Width": 14,
                                      "Inner Unique": true,
                                      "Plans": [
                                        {
                                          "Node Type": "Hash Join",
                                          "Parent Relationship": "Outer",
                                          "Parallel Aware": false,
                                          "Join Type": "Inner",
                                          "Startup Cost": 2050.94,
                                          "Total Cost": 68901.19,
                                          "Plan Rows": 39,
                                          "Plan Width": 18,
                                          "Inner Unique": true,
                                          "Hash Cond": "(store_sales.ss_store_sk = store.s_store_sk)",
                                          "Plans": [
                                            {
                                              "Node Type": "Hash Join",
                                              "Parent Relationship": "Outer",
                                              "Parallel Aware": true,
                                              "Join Type": "Inner",
                                              "Startup Cost": 2049.78,
                                              "Total Cost": 68898.31,
                                              "Plan Rows": 486,
                                              "Plan Width": 22,
                                              "Inner Unique": true,
                                              "Hash Cond": "(store_sales.ss_sold_date_sk = date_dim.d_date_sk)",
                                              "Plans": [
                                                {
                                                  "Node Type": "Seq Scan",
                                                  "Parent Relationship": "Outer",
                                                  "Parallel Aware": true,
                                                  "Relation Name": "store_sales",
                                                  "Alias": "store_sales",
                                                  "Startup Cost": 0.00,
                                                  "Total Cost": 63697.87,
                                                  "Plan Rows": 1200187,
                                                  "Plan Width": 26
                                                },
                                                {
                                                  "Node Type": "Hash",
                                                  "Parent Relationship": "Inner",
                                                  "Parallel Aware": true,
                                                  "Startup Cost": 2049.55,
                                                  "Total Cost": 2049.55,
                                                  "Plan Rows": 18,
                                                  "Plan Width": 4,
                                                  "Plans": [
                                                    {
                                                      "Node Type": "Seq Scan",
                                                      "Parent Relationship": "Outer",
                                                      "Parallel Aware": true,
                                                      "Relation Name": "date_dim",
                                                      "Alias": "date_dim",
                                                      "Startup Cost": 0.00,
                                                      "Total Cost": 2049.55,
                                                      "Plan Rows": 18,
                                                      "Plan Width": 4,
                                                      "Filter": "((d_year = 2001) AND (d_moy = 12))"
                                                    }
                                                  ]
                                                }
                                              ]
                                            },
                                            {
                                              "Node Type": "Hash",
                                              "Parent Relationship": "Inner",
                                              "Parallel Aware": false,
                                              "Startup Cost": 1.15,
                                              "Total Cost": 1.15,
                                              "Plan Rows": 1,
                                              "Plan Width": 4,
                                              "Plans": [
                                                {
                                                  "Node Type": "Seq Scan",
                                                  "Parent Relationship": "Outer",
                                                  "Parallel Aware": false,
                                                  "Relation Name": "store",
                                                  "Alias": "store",
                                                  "Startup Cost": 0.00,
                                                  "Total Cost": 1.15,
                                                  "Plan Rows": 1,
                                                  "Plan Width": 4,
                                                  "Filter": "(s_gmt_offset = '-7'::numeric)"
                                                }
                                              ]
                                            }
                                          ]
                                        },
                                        {
                                          "Node Type": "Index Scan",
                                          "Parent Relationship": "Inner",
                                          "Parallel Aware": false,
                                          "Scan Direction": "Forward",
                                          "Index Name": "item_pkey",
                                          "Relation Name": "item",
                                          "Alias": "item",
                                          "Startup Cost": 0.29,
                                          "Total Cost": 0.31,
                                          "Plan Rows": 1,
                                          "Plan Width": 4,
                                          "Index Cond": "(i_item_sk = store_sales.ss_item_sk)",
                                          "Filter": "(i_category = 'Sports'::bpchar)"
                                        }
                                      ]
                                    },
                                    {
                                      "Node Type": "Index Scan",
                                      "Parent Relationship": "Inner",
                                      "Parallel Aware": false,
                                      "Scan Direction": "Forward",
                                      "Index Name": "promotion_pkey",
                                      "Relation Name": "promotion",
                                      "Alias": "promotion",
                                      "Startup Cost": 0.15,
                                      "Total Cost": 0.17,
                                      "Plan Rows": 1,
                                      "Plan Width": 4,
                                      "Index Cond": "(p_promo_sk = store_sales.ss_promo_sk)",
                                      "Filter": "((p_channel_dmail = 'Y'::bpchar) OR (p_channel_email = 'Y'::bpchar) OR (p_channel_tv = 'Y'::bpchar))"
                                    }
                                  ]
                                },
                                {
                                  "Node Type": "Index Scan",
                                  "Parent Relationship": "Inner",
                                  "Parallel Aware": false,
                                  "Scan Direction": "Forward",
                                  "Index Name": "customer_pkey",
                                  "Relation Name": "customer",
                                  "Alias": "customer",
                                  "Startup Cost": 0.29,
                                  "Total Cost": 0.31,
                                  "Plan Rows": 1,
                                  "Plan Width": 8,
                                  "Index Cond": "(c_customer_sk = store_sales.ss_customer_sk)"
                                }
                              ]
                            },
                            {
                              "Node Type": "Index Scan",
                              "Parent Relationship": "Inner",
                              "Parallel Aware": false,
                              "Scan Direction": "Forward",
                              "Index Name": "customer_address_pkey",
                              "Relation Name": "customer_address",
                              "Alias": "customer_address",
                              "Startup Cost": 0.29,
                              "Total Cost": 0.36,
                              "Plan Rows": 1,
                              "Plan Width": 4,
                              "Index Cond": "(ca_address_sk = customer.c_current_addr_sk)",
                              "Filter": "(ca_gmt_offset = '-7'::numeric)"
                            }
                          ]
                        }
                      ]
                    }
                  ]
                },
                {
                  "Node Type": "Aggregate",
                  "Strategy": "Plain",
                  "Partial Mode": "Simple",
                  "Parent Relationship": "Inner",
                  "Parallel Aware": false,
                  "Startup Cost": 69916.05,
                  "Total Cost": 69916.06,
                  "Plan Rows": 1,
                  "Plan Width": 32,
                  "Plans": [
                    {
                      "Node Type": "Gather",
                      "Parent Relationship": "Outer",
                      "Parallel Aware": false,
                      "Startup Cost": 3051.81,
                      "Total Cost": 69916.04,
                      "Plan Rows": 1,
                      "Plan Width": 6,
                      "Workers Planned": 2,
                      "Single Copy": false,
                      "Plans": [
                        {
                          "Node Type": "Nested Loop",
                          "Parent Relationship": "Outer",
                          "Parallel Aware": false,
                          "Join Type": "Inner",
                          "Startup Cost": 2051.81,
                          "Total Cost": 68915.94,
                          "Plan Rows": 1,
                          "Plan Width": 6,
                          "Inner Unique": true,
                          "Plans": [
                            {
                              "Node Type": "Nested Loop",
                              "Parent Relationship": "Outer",
                              "Parallel Aware": false,
                              "Join Type": "Inner",
                              "Startup Cost": 2051.52,
                              "Total Cost": 68914.51,
                              "Plan Rows": 4,
                              "Plan Width": 10,
                              "Inner Unique": true,
                              "Plans": [
                                {
                                  "Node Type": "Nested Loop",
                                  "Parent Relationship": "Outer",
                                  "Parallel Aware": false,
                                  "Join Type": "Inner",
                                  "Startup Cost": 2051.22,
                                  "Total Cost": 68913.25,
                                  "Plan Rows": 4,
                                  "Plan Width": 10,
                                  "Inner Unique": true,
                                  "Plans": [
                                    {
                                      "Node Type": "Hash Join",
                                      "Parent Relationship": "Outer",
                                      "Parallel Aware": false,
                                      "Join Type": "Inner",
                                      "Startup Cost": 2050.94,
                                      "Total Cost": 68901.19,
                                      "Plan Rows": 39,
                                      "Plan Width": 14,
                                      "Inner Unique": true,
                                      "Hash Cond": "(store_sales_1.ss_store_sk = store_1.s_store_sk)",
                                      "Plans": [
                                        {
                                          "Node Type": "Hash Join",
                                          "Parent Relationship": "Outer",
                                          "Parallel Aware": true,
                                          "Join Type": "Inner",
                                          "Startup Cost": 2049.78,
                                          "Total Cost": 68898.31,
                                          "Plan Rows": 486,
                                          "Plan Width": 18,
                                          "Inner Unique": true,
                                          "Hash Cond": "(store_sales_1.ss_sold_date_sk = date_dim_1.d_date_sk)",
                                          "Plans": [
                                            {
                                              "Node Type": "Seq Scan",
                                              "Parent Relationship": "Outer",
                                              "Parallel Aware": true,
                                              "Relation Name": "store_sales",
                                              "Alias": "store_sales_1",
                                              "Startup Cost": 0.00,
                                              "Total Cost": 63697.87,
                                              "Plan Rows": 1200187,
                                              "Plan Width": 22
                                            },
                                            {
                                              "Node Type": "Hash",
                                              "Parent Relationship": "Inner",
                                              "Parallel Aware": true,
                                              "Startup Cost": 2049.55,
                                              "Total Cost": 2049.55,
                                              "Plan Rows": 18,
                                              "Plan Width": 4,
                                              "Plans": [
                                                {
                                                  "Node Type": "Seq Scan",
                                                  "Parent Relationship": "Outer",
                                                  "Parallel Aware": true,
                                                  "Relation Name": "date_dim",
                                                  "Alias": "date_dim_1",
                                                  "Startup Cost": 0.00,
                                                  "Total Cost": 2049.55,
                                                  "Plan Rows": 18,
                                                  "Plan Width": 4,
                                                  "Filter": "((d_year = 2001) AND (d_moy = 12))"
                                                }
                                              ]
                                            }
                                          ]
                                        },
                                        {
                                          "Node Type": "Hash",
                                          "Parent Relationship": "Inner",
                                          "Parallel Aware": false,
                                          "Startup Cost": 1.15,
                                          "Total Cost": 1.15,
                                          "Plan Rows": 1,
                                          "Plan Width": 4,
                                          "Plans": [
                                            {
                                              "Node Type": "Seq Scan",
                                              "Parent Relationship": "Outer",
                                              "Parallel Aware": false,
                                              "Relation Name": "store",
                                              "Alias": "store_1",
                                              "Startup Cost": 0.00,
                                              "Total Cost": 1.15,
                                              "Plan Rows": 1,
                                              "Plan Width": 4,
                                              "Filter": "(s_gmt_offset = '-7'::numeric)"
                                            }
                                          ]
                                        }
                                      ]
                                    },
                                    {
                                      "Node Type": "Index Scan",
                                      "Parent Relationship": "Inner",
                                      "Parallel Aware": false,
                                      "Scan Direction": "Forward",
                                      "Index Name": "item_pkey",
                                      "Relation Name": "item",
                                      "Alias": "item_1",
                                      "Startup Cost": 0.29,
                                      "Total Cost": 0.31,
                                      "Plan Rows": 1,
                                      "Plan Width": 4,
                                      "Index Cond": "(i_item_sk = store_sales_1.ss_item_sk)",
                                      "Filter": "(i_category = 'Sports'::bpchar)"
                                    }
                                  ]
                                },
                                {
                                  "Node Type": "Index Scan",
                                  "Parent Relationship": "Inner",
                                  "Parallel Aware": false,
                                  "Scan Direction": "Forward",
                                  "Index Name": "customer_pkey",
                                  "Relation Name": "customer",
                                  "Alias": "customer_1",
                                  "Startup Cost": 0.29,
                                  "Total Cost": 0.31,
                                  "Plan Rows": 1,
                                  "Plan Width": 8,
                                  "Index Cond": "(c_customer_sk = store_sales_1.ss_customer_sk)"
                                }
                              ]
                            },
                            {
                              "Node Type": "Index Scan",
                              "Parent Relationship": "Inner",
                              "Parallel Aware": false,
                              "Scan Direction": "Forward",
                              "Index Name": "customer_address_pkey",
                              "Relation Name": "customer_address",
                              "Alias": "customer_address_1",
                              "Startup Cost": 0.29,
                              "Total Cost": 0.36,
                              "Plan Rows": 1,
                              "Plan Width": 4,
                              "Index Cond": "(ca_address_sk = customer_1.c_current_addr_sk)",
                              "Filter": "(ca_gmt_offset = '-7'::numeric)"
                            }
                          ]
                        }
                      ]
                    }
                  ]
                }
              ]
            }
          ]
        }
      ]
    }
  }
]
