[
  {
    "Plan": {
      "Node Type": "Limit",
      "Parallel Aware": false,
      "Startup Cost": 270810.61,
      "Total Cost": 270810.64,
      "Plan Rows": 1,
      "Plan Width": 110,
      "Plans": [
        {
          "Node Type": "Merge Join",
          "Parent Relationship": "Outer",
          "Parallel Aware": false,
          "Join Type": "Inner",
          "Startup Cost": 270810.61,
          "Total Cost": 270810.64,
          "Plan Rows": 1,
          "Plan Width": 110,
          "Inner Unique": false,
          "Merge Cond": "(v11.rnk = v21.rnk)",
          "Plans": [
            {
              "Node Type": "Sort",
              "Parent Relationship": "Outer",
              "Parallel Aware": false,
              "Startup Cost": 135405.31,
              "Total Cost": 135405.31,
              "Plan Rows": 1,
              "Plan Width": 59,
              "Sort Key": ["v11.rnk"],
              "Plans": [
                {
                  "Node Type": "Nested Loop",
                  "Parent Relationship": "Outer",
                  "Parallel Aware": false,
                  "Join Type": "Inner",
                  "Startup Cost": 135397.24,
                  "Total Cost": 135405.30,
                  "Plan Rows": 1,
                  "Plan Width": 59,
                  "Inner Unique": true,
                  "Plans": [
                    {
                      "Node Type": "Subquery Scan",
                      "Parent Relationship": "Outer",
                      "Parallel Aware": false,
                      "Alias": "v11",
                      "Startup Cost": 135396.96,
                      "Total Cost": 135396.99,
                      "Plan Rows": 1,
                      "Plan Width": 12,
                      "Filter": "(v11.rnk < 11)",
                      "Plans": [
                        {
                          "Node Type": "WindowAgg",
                          "Parent Relationship": "Subquery",
                          "Parallel Aware": false,
                          "Startup Cost": 135396.96,
                          "Total Cost": 135396.98,
                          "Plan Rows": 1,
                          "Plan Width": 44,
                          "Plans": [
                            {
                              "Node Type": "Sort",
                              "Parent Relationship": "Outer",
                              "Parallel Aware": false,
                              "Startup Cost": 135396.96,
                              "Total Cost": 135396.96,
                              "Plan Rows": 1,
                              "Plan Width": 36,
                              "Sort Key": ["v1.rank_col"],
                              "Plans": [
                                {
                                  "Node Type": "Subquery Scan",
                                  "Parent Relationship": "Outer",
                                  "Parallel Aware": false,
                                  "Alias": "v1",
                                  "Startup Cost": 135396.90,
                                  "Total Cost": 135396.95,
                                  "Plan Rows": 1,
                                  "Plan Width": 36,
                                  "Plans": [
                                    {
                                      "Node Type": "Aggregate",
                                      "Strategy": "Sorted",
                                      "Partial Mode": "Simple",
                                      "Parent Relationship": "Subquery",
                                      "Parallel Aware": false,
                                      "Startup Cost": 135396.90,
                                      "Total Cost": 135396.94,
                                      "Plan Rows": 1,
                                      "Plan Width": 36,
                                      "Group Key": ["ss1.ss_item_sk"],
                                      "Filter": "(avg(ss1.ss_net_profit) > (0.9 * $1))",
                                      "Plans": [
                                        {
                                          "Node Type": "Aggregate",
                                          "Strategy": "Sorted",
                                          "Partial Mode": "Simple",
                                          "Parent Relationship": "InitPlan",
                                          "Subplan Name": "InitPlan 1 (returns $1)",
                                          "Parallel Aware": false,
                                          "Startup Cost": 1000.00,
                                          "Total Cost": 67698.46,
                                          "Plan Rows": 1,
                                          "Plan Width": 36,
                                          "Group Key": ["store_sales.ss_store_sk"],
                                          "Plans": [
                                            {
                                              "Node Type": "Gather",
                                              "Parent Relationship": "Outer",
                                              "Parallel Aware": false,
                                              "Startup Cost": 1000.00,
                                              "Total Cost": 67698.44,
                                              "Plan Rows": 1,
                                              "Plan Width": 10,
                                              "Workers Planned": 2,
                                              "Single Copy": false,
                                              "Plans": [
                                                {
                                                  "Node Type": "Seq Scan",
                                                  "Parent Relationship": "Outer",
                                                  "Parallel Aware": true,
                                                  "Relation Name": "store_sales",
                                                  "Alias": "store_sales",
                                                  "Startup Cost": 0.00,
                                                  "Total Cost": 66698.34,
                                                  "Plan Rows": 1,
                                                  "Plan Width": 10,
                                                  "Filter": "((ss_promo_sk IS NULL) AND (ss_store_sk = 6))"
                                                }
                                              ]
                                            }
                                          ]
                                        },
                                        {
                                          "Node Type": "Sort",
                                          "Parent Relationship": "Outer",
                                          "Parallel Aware": false,
                                          "Startup Cost": 67698.45,
                                          "Total Cost": 67698.45,
                                          "Plan Rows": 1,
                                          "Plan Width": 10,
                                          "Sort Key": ["ss1.ss_item_sk"],
                                          "Plans": [
                                            {
                                              "Node Type": "Gather",
                                              "Parent Relationship": "Outer",
                                              "Parallel Aware": false,
                                              "Startup Cost": 1000.00,
                                              "Total Cost": 67698.44,
                                              "Plan Rows": 1,
                                              "Plan Width": 10,
                                              "Workers Planned": 2,
                                              "Single Copy": false,
                                              "Plans": [
                                                {
                                                  "Node Type": "Seq Scan",
                                                  "Parent Relationship": "Outer",
                                                  "Parallel Aware": true,
                                                  "Relation Name": "store_sales",
                                                  "Alias": "ss1",
                                                  "Startup Cost": 0.00,
                                                  "Total Cost": 66698.34,
                                                  "Plan Rows": 1,
                                                  "Plan Width": 10,
                                                  "Filter": "(ss_store_sk = 6)"
                                                }
                                              ]
                                            }
                                          ]
                                        }
                                      ]
                                    }
                                  ]
                                }
                              ]
                            }
                          ]
                        }
                      ]
                    },
                    {
                      "Node Type": "Index Scan",
                      "Parent Relationship": "Inner",
                      "Parallel Aware": false,
                      "Scan Direction": "Forward",
                      "Index Name": "item_pkey",
                      "Relation Name": "item",
                      "Alias": "i1",
                      "Startup Cost": 0.29,
                      "Total Cost": 8.30,
                      "Plan Rows": 1,
                      "Plan Width": 55,
                      "Index Cond": "(i_item_sk = v11.item_sk)"
                    }
                  ]
                }
              ]
            },
            {
              "Node Type": "Sort",
              "Parent Relationship": "Inner",
              "Parallel Aware": false,
              "Startup Cost": 135405.31,
              "Total Cost": 135405.31,
              "Plan Rows": 1,
              "Plan Width": 59,
              "Sort Key": ["v21.rnk"],
              "Plans": [
                {
                  "Node Type": "Nested Loop",
                  "Parent Relationship": "Outer",
                  "Parallel Aware": false,
                  "Join Type": "Inner",
                  "Startup Cost": 135397.24,
                  "Total Cost": 135405.30,
                  "Plan Rows": 1,
                  "Plan Width": 59,
                  "Inner Unique": true,
                  "Plans": [
                    {
                      "Node Type": "Subquery Scan",
                      "Parent Relationship": "Outer",
                      "Parallel Aware": false,
                      "Alias": "v21",
                      "Startup Cost": 135396.96,
                      "Total Cost": 135396.99,
                      "Plan Rows": 1,
                      "Plan Width": 12,
                      "Filter": "(v21.rnk < 11)",
                      "Plans": [
                        {
                          "Node Type": "WindowAgg",
                          "Parent Relationship": "Subquery",
                          "Parallel Aware": false,
                          "Startup Cost": 135396.96,
                          "Total Cost": 135396.98,
                          "Plan Rows": 1,
                          "Plan Width": 44,
                          "Plans": [
                            {
                              "Node Type": "Sort",
                              "Parent Relationship": "Outer",
                              "Parallel Aware": false,
                              "Startup Cost": 135396.96,
                              "Total Cost": 135396.96,
                              "Plan Rows": 1,
                              "Plan Width": 36,
                              "Sort Key": ["v2.rank_col DESC"],
                              "Plans": [
                                {
                                  "Node Type": "Subquery Scan",
                                  "Parent Relationship": "Outer",
                                  "Parallel Aware": false,
                                  "Alias": "v2",
                                  "Startup Cost": 135396.90,
                                  "Total Cost": 135396.95,
                                  "Plan Rows": 1,
                                  "Plan Width": 36,
                                  "Plans": [
                                    {
                                      "Node Type": "Aggregate",
                                      "Strategy": "Sorted",
                                      "Partial Mode": "Simple",
                                      "Parent Relationship": "Subquery",
                                      "Parallel Aware": false,
                                      "Startup Cost": 135396.90,
                                      "Total Cost": 135396.94,
                                      "Plan Rows": 1,
                                      "Plan Width": 36,
                                      "Group Key": ["ss1_1.ss_item_sk"],
                                      "Filter": "(avg(ss1_1.ss_net_profit) > (0.9 * $3))",
                                      "Plans": [
                                        {
                                          "Node Type": "Aggregate",
                                          "Strategy": "Sorted",
                                          "Partial Mode": "Simple",
                                          "Parent Relationship": "InitPlan",
                                          "Subplan Name": "InitPlan 2 (returns $3)",
                                          "Parallel Aware": false,
                                          "Startup Cost": 1000.00,
                                          "Total Cost": 67698.46,
                                          "Plan Rows": 1,
                                          "Plan Width": 36,
                                          "Group Key": ["store_sales_1.ss_store_sk"],
                                          "Plans": [
                                            {
                                              "Node Type": "Gather",
                                              "Parent Relationship": "Outer",
                                              "Parallel Aware": false,
                                              "Startup Cost": 1000.00,
                                              "Total Cost": 67698.44,
                                              "Plan Rows": 1,
                                              "Plan Width": 10,
                                              "Workers Planned": 2,
                                              "Single Copy": false,
                                              "Plans": [
                                                {
                                                  "Node Type": "Seq Scan",
                                                  "Parent Relationship": "Outer",
                                                  "Parallel Aware": true,
                                                  "Relation Name": "store_sales",
                                                  "Alias": "store_sales_1",
                                                  "Startup Cost": 0.00,
                                                  "Total Cost": 66698.34,
                                                  "Plan Rows": 1,
                                                  "Plan Width": 10,
                                                  "Filter": "((ss_promo_sk IS NULL) AND (ss_store_sk = 6))"
                                                }
                                              ]
                                            }
                                          ]
                                        },
                                        {
                                          "Node Type": "Sort",
                                          "Parent Relationship": "Outer",
                                          "Parallel Aware": false,
                                          "Startup Cost": 67698.45,
                                          "Total Cost": 67698.45,
                                          "Plan Rows": 1,
                                          "Plan Width": 10,
                                          "Sort Key": ["ss1_1.ss_item_sk"],
                                          "Plans": [
                                            {
                                              "Node Type": "Gather",
                                              "Parent Relationship": "Outer",
                                              "Parallel Aware": false,
                                              "Startup Cost": 1000.00,
                                              "Total Cost": 67698.44,
                                              "Plan Rows": 1,
                                              "Plan Width": 10,
                                              "Workers Planned": 2,
                                              "Single Copy": false,
                                              "Plans": [
                                                {
                                                  "Node Type": "Seq Scan",
                                                  "Parent Relationship": "Outer",
                                                  "Parallel Aware": true,
                                                  "Relation Name": "store_sales",
                                                  "Alias": "ss1_1",
                                                  "Startup Cost": 0.00,
                                                  "Total Cost": 66698.34,
                                                  "Plan Rows": 1,
                                                  "Plan Width": 10,
                                                  "Filter": "(ss_store_sk = 6)"
                                                }
                                              ]
                                            }
                                          ]
                                        }
                                      ]
                                    }
                                  ]
                                }
                              ]
                            }
                          ]
                        }
                      ]
                    },
                    {
                      "Node Type": "Index Scan",
                      "Parent Relationship": "Inner",
                      "Parallel Aware": false,
                      "Scan Direction": "Forward",
                      "Index Name": "item_pkey",
                      "Relation Name": "item",
                      "Alias": "i2",
                      "Startup Cost": 0.29,
                      "Total Cost": 8.30,
                      "Plan Rows": 1,
                      "Plan Width": 55,
                      "Index Cond": "(i_item_sk = v21.item_sk)"
                    }
                  ]
                }
              ]
            }
          ]
        }
      ]
    }
  }
]
