                                                              QUERY PLAN                                                               
---------------------------------------------------------------------------------------------------------------------------------------
 [                                                                                                                                    +
   {                                                                                                                                  +
     "Plan": {                                                                                                                        +
       "Node Type": "Limit",                                                                                                          +
       "Parallel Aware": false,                                                                                                       +
       "Startup Cost": 150857.67,                                                                                                     +
       "Total Cost": 150857.68,                                                                                                       +
       "Plan Rows": 1,                                                                                                                +
       "Plan Width": 8,                                                                                                               +
       "Plans": [                                                                                                                     +
         {                                                                                                                            +
           "Node Type": "Aggregate",                                                                                                  +
           "Strategy": "Plain",                                                                                                       +
           "Partial Mode": "Simple",                                                                                                  +
           "Parent Relationship": "Outer",                                                                                            +
           "Parallel Aware": false,                                                                                                   +
           "Startup Cost": 150857.67,                                                                                                 +
           "Total Cost": 150857.68,                                                                                                   +
           "Plan Rows": 1,                                                                                                            +
           "Plan Width": 8,                                                                                                           +
           "Plans": [                                                                                                                 +
             {                                                                                                                        +
               "Node Type": "Subquery Scan",                                                                                          +
               "Parent Relationship": "Outer",                                                                                        +
               "Parallel Aware": false,                                                                                               +
               "Alias": "hot_cust",                                                                                                   +
               "Startup Cost": 26655.66,                                                                                              +
               "Total Cost": 150848.76,                                                                                               +
               "Plan Rows": 3564,                                                                                                     +
               "Plan Width": 0,                                                                                                       +
               "Plans": [                                                                                                             +
                 {                                                                                                                    +
                   "Node Type": "SetOp",                                                                                              +
                   "Strategy": "Hashed",                                                                                              +
                   "Parent Relationship": "Subquery",                                                                                 +
                   "Parallel Aware": false,                                                                                           +
                   "Command": "Intersect",                                                                                            +
                   "Startup Cost": 26655.66,                                                                                          +
                   "Total Cost": 150813.12,                                                                                           +
                   "Plan Rows": 3564,                                                                                                 +
                   "Plan Width": 216,                                                                                                 +
                   "Plans": [                                                                                                         +
                     {                                                                                                                +
                       "Node Type": "Append",                                                                                         +
                       "Parent Relationship": "Outer",                                                                                +
                       "Parallel Aware": false,                                                                                       +
                       "Startup Cost": 26655.66,                                                                                      +
                       "Total Cost": 150733.33,                                                                                       +
                       "Plan Rows": 10638,                                                                                            +
                       "Plan Width": 216,                                                                                             +
                       "Plans": [                                                                                                     +
                         {                                                                                                            +
                           "Node Type": "Subquery Scan",                                                                              +
                           "Parent Relationship": "Member",                                                                           +
                           "Parallel Aware": false,                                                                                   +
                           "Alias": "*SELECT* 3",                                                                                     +
                           "Startup Cost": 26655.66,                                                                                  +
                           "Total Cost": 26726.94,                                                                                    +
                           "Plan Rows": 3564,                                                                                         +
                           "Plan Width": 60,                                                                                          +
                           "Plans": [                                                                                                 +
                             {                                                                                                        +
                               "Node Type": "Unique",                                                                                 +
                               "Parent Relationship": "Subquery",                                                                     +
                               "Parallel Aware": false,                                                                               +
                               "Startup Cost": 26655.66,                                                                              +
                               "Total Cost": 26691.30,                                                                                +
                               "Plan Rows": 3564,                                                                                     +
                               "Plan Width": 56,                                                                                      +
                               "Plans": [                                                                                             +
                                 {                                                                                                    +
                                   "Node Type": "Sort",                                                                               +
                                   "Parent Relationship": "Outer",                                                                    +
                                   "Parallel Aware": false,                                                                           +
                                   "Startup Cost": 26655.66,                                                                          +
                                   "Total Cost": 26664.57,                                                                            +
                                   "Plan Rows": 3564,                                                                                 +
                                   "Plan Width": 56,                                                                                  +
                                   "Sort Key": ["customer.c_last_name", "customer.c_first_name", "date_dim.d_date"],                  +
                                   "Plans": [                                                                                         +
                                     {                                                                                                +
                                       "Node Type": "Gather",                                                                         +
                                       "Parent Relationship": "Outer",                                                                +
                                       "Parallel Aware": false,                                                                       +
                                       "Startup Cost": 3052.51,                                                                       +
                                       "Total Cost": 26445.40,                                                                        +
                                       "Plan Rows": 3564,                                                                             +
                                       "Plan Width": 56,                                                                              +
                                       "Workers Planned": 2,                                                                          +
                                       "Single Copy": false,                                                                          +
                                       "Plans": [                                                                                     +
                                         {                                                                                            +
                                           "Node Type": "Nested Loop",                                                                +
                                           "Parent Relationship": "Outer",                                                            +
                                           "Parallel Aware": false,                                                                   +
                                           "Join Type": "Inner",                                                                      +
                                           "Startup Cost": 2052.51,                                                                   +
                                           "Total Cost": 25089.00,                                                                    +
                                           "Plan Rows": 1485,                                                                         +
                                           "Plan Width": 56,                                                                          +
                                           "Inner Unique": true,                                                                      +
                                           "Plans": [                                                                                 +
                                             {                                                                                        +
                                               "Node Type": "Hash Join",                                                              +
                                               "Parent Relationship": "Outer",                                                        +
                                               "Parallel Aware": true,                                                                +
                                               "Join Type": "Inner",                                                                  +
                                               "Startup Cost": 2052.21,                                                               +
                                               "Total Cost": 24603.52,                                                                +
                                               "Plan Rows": 1485,                                                                     +
                                               "Plan Width": 8,                                                                       +
                                               "Inner Unique": true,                                                                  +
                                               "Hash Cond": "(web_sales.ws_sold_date_sk = date_dim.d_date_sk)",                       +
                                               "Plans": [                                                                             +
                                                 {                                                                                    +
                                                   "Node Type": "Seq Scan",                                                           +
                                                   "Parent Relationship": "Outer",                                                    +
                                                   "Parallel Aware": true,                                                            +
                                                   "Relation Name": "web_sales",                                                      +
                                                   "Alias": "web_sales",                                                              +
                                                   "Startup Cost": 0.00,                                                              +
                                                   "Total Cost": 21764.43,                                                            +
                                                   "Plan Rows": 299743,                                                               +
                                                   "Plan Width": 8                                                                    +
                                                 },                                                                                   +
                                                 {                                                                                    +
                                                   "Node Type": "Hash",                                                               +
                                                   "Parent Relationship": "Inner",                                                    +
                                                   "Parallel Aware": true,                                                            +
                                                   "Startup Cost": 2049.55,                                                           +
                                                   "Total Cost": 2049.55,                                                             +
                                                   "Plan Rows": 213,                                                                  +
                                                   "Plan Width": 8,                                                                   +
                                                   "Plans": [                                                                         +
                                                     {                                                                                +
                                                       "Node Type": "Seq Scan",                                                       +
                                                       "Parent Relationship": "Outer",                                                +
                                                       "Parallel Aware": true,                                                        +
                                                       "Relation Name": "date_dim",                                                   +
                                                       "Alias": "date_dim",                                                           +
                                                       "Startup Cost": 0.00,                                                          +
                                                       "Total Cost": 2049.55,                                                         +
                                                       "Plan Rows": 213,                                                              +
                                                       "Plan Width": 8,                                                               +
                                                       "Filter": "((d_month_seq >= 1181) AND (d_month_seq <= 1192))"                  +
                                                     }                                                                                +
                                                   ]                                                                                  +
                                                 }                                                                                    +
                                               ]                                                                                      +
                                             },                                                                                       +
                                             {                                                                                        +
                                               "Node Type": "Index Scan",                                                             +
                                               "Parent Relationship": "Inner",                                                        +
                                               "Parallel Aware": false,                                                               +
                                               "Scan Direction": "Forward",                                                           +
                                               "Index Name": "customer_pkey",                                                         +
                                               "Relation Name": "customer",                                                           +
                                               "Alias": "customer",                                                                   +
                                               "Startup Cost": 0.29,                                                                  +
                                               "Total Cost": 0.33,                                                                    +
                                               "Plan Rows": 1,                                                                        +
                                               "Plan Width": 56,                                                                      +
                                               "Index Cond": "(c_customer_sk = web_sales.ws_bill_customer_sk)"                        +
                                             }                                                                                        +
                                           ]                                                                                          +
                                         }                                                                                            +
                                       ]                                                                                              +
                                     }                                                                                                +
                                   ]                                                                                                  +
                                 }                                                                                                    +
                               ]                                                                                                      +
                             }                                                                                                        +
                           ]                                                                                                          +
                         },                                                                                                           +
                         {                                                                                                            +
                           "Node Type": "Result",                                                                                     +
                           "Parent Relationship": "Member",                                                                           +
                           "Parallel Aware": false,                                                                                   +
                           "Startup Cost": 50144.19,                                                                                  +
                           "Total Cost": 123953.20,                                                                                   +
                           "Plan Rows": 7074,                                                                                         +
                           "Plan Width": 216,                                                                                         +
                           "Plans": [                                                                                                 +
                             {                                                                                                        +
                               "Node Type": "SetOp",                                                                                  +
                               "Strategy": "Hashed",                                                                                  +
                               "Parent Relationship": "Outer",                                                                        +
                               "Parallel Aware": false,                                                                               +
                               "Command": "Intersect",                                                                                +
                               "Startup Cost": 50144.19,                                                                              +
                               "Total Cost": 123882.46,                                                                               +
                               "Plan Rows": 7074,                                                                                     +
                               "Plan Width": 216,                                                                                     +
                               "Plans": [                                                                                             +
                                 {                                                                                                    +
                                   "Node Type": "Append",                                                                             +
                                   "Parent Relationship": "Outer",                                                                    +
                                   "Parallel Aware": false,                                                                           +
                                   "Startup Cost": 50144.19,                                                                          +
                                   "Total Cost": 123731.76,                                                                           +
                                   "Plan Rows": 20094,                                                                                +
                                   "Plan Width": 216,                                                                                 +
                                   "Plans": [                                                                                         +
                                     {                                                                                                +
                                       "Node Type": "Subquery Scan",                                                                  +
                                       "Parent Relationship": "Member",                                                               +
                                       "Parallel Aware": false,                                                                       +
                                       "Alias": "*SELECT* 2",                                                                         +
                                       "Startup Cost": 50144.19,                                                                      +
                                       "Total Cost": 50285.67,                                                                        +
                                       "Plan Rows": 7074,                                                                             +
                                       "Plan Width": 60,                                                                              +
                                       "Plans": [                                                                                     +
                                         {                                                                                            +
                                           "Node Type": "Unique",                                                                     +
                                           "Parent Relationship": "Subquery",                                                         +
                                           "Parallel Aware": false,                                                                   +
                                           "Startup Cost": 50144.19,                                                                  +
                                           "Total Cost": 50214.93,                                                                    +
                                           "Plan Rows": 7074,                                                                         +
                                           "Plan Width": 56,                                                                          +
                                           "Plans": [                                                                                 +
                                             {                                                                                        +
                                               "Node Type": "Sort",                                                                   +
                                               "Parent Relationship": "Outer",                                                        +
                                               "Parallel Aware": false,                                                               +
                                               "Startup Cost": 50144.19,                                                              +
                                               "Total Cost": 50161.88,                                                                +
                                               "Plan Rows": 7074,                                                                     +
                                               "Plan Width": 56,                                                                      +
                                               "Sort Key": ["customer_1.c_last_name", "customer_1.c_first_name", "date_dim_1.d_date"],+
                                               "Plans": [                                                                             +
                                                 {                                                                                    +
                                                   "Node Type": "Gather",                                                             +
                                                   "Parent Relationship": "Outer",                                                    +
                                                   "Parallel Aware": false,                                                           +
                                                   "Startup Cost": 3052.51,                                                           +
                                                   "Total Cost": 49691.87,                                                            +
                                                   "Plan Rows": 7074,                                                                 +
                                                   "Plan Width": 56,                                                                  +
                                                   "Workers Planned": 2,                                                              +
                                                   "Single Copy": false,                                                              +
                                                   "Plans": [                                                                         +
                                                     {                                                                                +
                                                       "Node Type": "Nested Loop",                                                    +
                                                       "Parent Relationship": "Outer",                                                +
                                                       "Parallel Aware": false,                                                       +
                                                       "Join Type": "Inner",                                                          +
                                                       "Startup Cost": 2052.51,                                                       +
                                                       "Total Cost": 47984.47,                                                        +
                                                       "Plan Rows": 2948,                                                             +
                                                       "Plan Width": 56,                                                              +
                                                       "Inner Unique": true,                                                          +
                                                       "Plans": [                                                                     +
                                                         {                                                                            +
                                                           "Node Type": "Hash Join",                                                  +
                                                           "Parent Relationship": "Outer",                                            +
                                                           "Parallel Aware": true,                                                    +
                                                           "Join Type": "Inner",                                                      +
                                                           "Startup Cost": 2052.21,                                                   +
                                                           "Total Cost": 47041.24,                                                    +
                                                           "Plan Rows": 2962,                                                         +
                                                           "Plan Width": 8,                                                           +
                                                           "Inner Unique": true,                                                      +
                                                           "Hash Cond": "(catalog_sales.cs_sold_date_sk = date_dim_1.d_date_sk)",     +
                                                           "Plans": [                                                                 +
                                                             {                                                                        +
                                                               "Node Type": "Seq Scan",                                               +
                                                               "Parent Relationship": "Outer",                                        +
                                                               "Parallel Aware": true,                                                +
                                                               "Relation Name": "catalog_sales",                                      +
                                                               "Alias": "catalog_sales",                                              +
                                                               "Startup Cost": 0.00,                                                  +
                                                               "Total Cost": 43412.07,                                                +
                                                               "Plan Rows": 600708,                                                   +
                                                               "Plan Width": 8                                                        +
                                                             },                                                                       +
                                                             {                                                                        +
                                                               "Node Type": "Hash",                                                   +
                                                               "Parent Relationship": "Inner",                                        +
                                                               "Parallel Aware": true,                                                +
                                                               "Startup Cost": 2049.55,                                               +
                                                               "Total Cost": 2049.55,                                                 +
                                                               "Plan Rows": 213,                                                      +
                                                               "Plan Width": 8,                                                       +
                                                               "Plans": [                                                             +
                                                                 {                                                                    +
                                                                   "Node Type": "Seq Scan",                                           +
                                                                   "Parent Relationship": "Outer",                                    +
                                                                   "Parallel Aware": true,                                            +
                                                                   "Relation Name": "date_dim",                                       +
                                                                   "Alias": "date_dim_1",                                             +
                                                                   "Startup Cost": 0.00,                                              +
                                                                   "Total Cost": 2049.55,                                             +
                                                                   "Plan Rows": 213,                                                  +
                                                                   "Plan Width": 8,                                                   +
                                                                   "Filter": "((d_month_seq >= 1181) AND (d_month_seq <= 1192))"      +
                                                                 }                                                                    +
                                                               ]                                                                      +
                                                             }                                                                        +
                                                           ]                                                                          +
                                                         },                                                                           +
                                                         {                                                                            +
                                                           "Node Type": "Index Scan",                                                 +
                                                           "Parent Relationship": "Inner",                                            +
                                                           "Parallel Aware": false,                                                   +
                                                           "Scan Direction": "Forward",                                               +
                                                           "Index Name": "customer_pkey",                                             +
                                                           "Relation Name": "customer",                                               +
                                                           "Alias": "customer_1",                                                     +
                                                           "Startup Cost": 0.29,                                                      +
                                                           "Total Cost": 0.32,                                                        +
                                                           "Plan Rows": 1,                                                            +
                                                           "Plan Width": 56,                                                          +
                                                           "Index Cond": "(c_customer_sk = catalog_sales.cs_bill_customer_sk)"        +
                                                         }                                                                            +
                                                       ]                                                                              +
                                                     }                                                                                +
                                                   ]                                                                                  +
                                                 }                                                                                    +
                                               ]                                                                                      +
                                             }                                                                                        +
                                           ]                                                                                          +
                                         }                                                                                            +
                                       ]                                                                                              +
                                     },                                                                                               +
                                     {                                                                                                +
                                       "Node Type": "Subquery Scan",                                                                  +
                                       "Parent Relationship": "Member",                                                               +
                                       "Parallel Aware": false,                                                                       +
                                       "Alias": "*SELECT* 1",                                                                         +
                                       "Startup Cost": 73085.21,                                                                      +
                                       "Total Cost": 73345.61,                                                                        +
                                       "Plan Rows": 13020,                                                                            +
                                       "Plan Width": 60,                                                                              +
                                       "Plans": [                                                                                     +
                                         {                                                                                            +
                                           "Node Type": "Aggregate",                                                                  +
                                           "Strategy": "Hashed",                                                                      +
                                           "Partial Mode": "Simple",                                                                  +
                                           "Parent Relationship": "Subquery",                                                         +
                                           "Parallel Aware": false,                                                                   +
                                           "Startup Cost": 73085.21,                                                                  +
                                           "Total Cost": 73215.41,                                                                    +
                                           "Plan Rows": 13020,                                                                        +
                                           "Plan Width": 56,                                                                          +
                                           "Group Key": ["customer_2.c_last_name", "customer_2.c_first_name", "date_dim_2.d_date"],   +
                                           "Plans": [                                                                                 +
                                             {                                                                                        +
                                               "Node Type": "Gather",                                                                 +
                                               "Parent Relationship": "Outer",                                                        +
                                               "Parallel Aware": false,                                                               +
                                               "Startup Cost": 3052.51,                                                               +
                                               "Total Cost": 72987.56,                                                                +
                                               "Plan Rows": 13020,                                                                    +
                                               "Plan Width": 56,                                                                      +
                                               "Workers Planned": 2,                                                                  +
                                               "Single Copy": false,                                                                  +
                                               "Plans": [                                                                             +
                                                 {                                                                                    +
                                                   "Node Type": "Nested Loop",                                                        +
                                                   "Parent Relationship": "Outer",                                                    +
                                                   "Parallel Aware": false,                                                           +
                                                   "Join Type": "Inner",                                                              +
                                                   "Startup Cost": 2052.51,                                                           +
                                                   "Total Cost": 70685.56,                                                            +
                                                   "Plan Rows": 5425,                                                                 +
                                                   "Plan Width": 56,                                                                  +
                                                   "Inner Unique": true,                                                              +
                                                   "Plans": [                                                                         +
                                                     {                                                                                +
                                                       "Node Type": "Hash Join",                                                      +
                                                       "Parent Relationship": "Outer",                                                +
                                                       "Parallel Aware": true,                                                        +
                                                       "Join Type": "Inner",                                                          +
                                                       "Startup Cost": 2052.21,                                                       +
                                                       "Total Cost": 68900.75,                                                        +
                                                       "Plan Rows": 5680,                                                             +
                                                       "Plan Width": 8,                                                               +
                                                       "Inner Unique": true,                                                          +
                                                       "Hash Cond": "(store_sales.ss_sold_date_sk = date_dim_2.d_date_sk)",           +
                                                       "Plans": [                                                                     +
                                                         {                                                                            +
                                                           "Node Type": "Seq Scan",                                                   +
                                                           "Parent Relationship": "Outer",                                            +
                                                           "Parallel Aware": true,                                                    +
                                                           "Relation Name": "store_sales",                                            +
                                                           "Alias": "store_sales",                                                    +
                                                           "Startup Cost": 0.00,                                                      +
                                                           "Total Cost": 63697.87,                                                    +
                                                           "Plan Rows": 1200187,                                                      +
                                                           "Plan Width": 8                                                            +
                                                         },                                                                           +
                                                         {                                                                            +
                                                           "Node Type": "Hash",                                                       +
                                                           "Parent Relationship": "Inner",                                            +
                                                           "Parallel Aware": true,                                                    +
                                                           "Startup Cost": 2049.55,                                                   +
                                                           "Total Cost": 2049.55,                                                     +
                                                           "Plan Rows": 213,                                                          +
                                                           "Plan Width": 8,                                                           +
                                                           "Plans": [                                                                 +
                                                             {                                                                        +
                                                               "Node Type": "Seq Scan",                                               +
                                                               "Parent Relationship": "Outer",                                        +
                                                               "Parallel Aware": true,                                                +
                                                               "Relation Name": "date_dim",                                           +
                                                               "Alias": "date_dim_2",                                                 +
                                                               "Startup Cost": 0.00,                                                  +
                                                               "Total Cost": 2049.55,                                                 +
                                                               "Plan Rows": 213,                                                      +
                                                               "Plan Width": 8,                                                       +
                                                               "Filter": "((d_month_seq >= 1181) AND (d_month_seq <= 1192))"          +
                                                             }                                                                        +
                                                           ]                                                                          +
                                                         }                                                                            +
                                                       ]                                                                              +
                                                     },                                                                               +
                                                     {                                                                                +
                                                       "Node Type": "Index Scan",                                                     +
                                                       "Parent Relationship": "Inner",                                                +
                                                       "Parallel Aware": false,                                                       +
                                                       "Scan Direction": "Forward",                                                   +
                                                       "Index Name": "customer_pkey",                                                 +
                                                       "Relation Name": "customer",                                                   +
                                                       "Alias": "customer_2",                                                         +
                                                       "Startup Cost": 0.29,                                                          +
                                                       "Total Cost": 0.31,                                                            +
                                                       "Plan Rows": 1,                                                                +
                                                       "Plan Width": 56,                                                              +
                                                       "Index Cond": "(c_customer_sk = store_sales.ss_customer_sk)"                   +
                                                     }                                                                                +
                                                   ]                                                                                  +
                                                 }                                                                                    +
                                               ]                                                                                      +
                                             }                                                                                        +
                                           ]                                                                                          +
                                         }                                                                                            +
                                       ]                                                                                              +
                                     }                                                                                                +
                                   ]                                                                                                  +
                                 }                                                                                                    +
                               ]                                                                                                      +
                             }                                                                                                        +
                           ]                                                                                                          +
                         }                                                                                                            +
                       ]                                                                                                              +
                     }                                                                                                                +
                   ]                                                                                                                  +
                 }                                                                                                                    +
               ]                                                                                                                      +
             }                                                                                                                        +
           ]                                                                                                                          +
         }                                                                                                                            +
       ]                                                                                                                              +
     }                                                                                                                                +
   }                                                                                                                                  +
 ]
(1 row)

