                                                                    QUERY PLAN                                                                     
---------------------------------------------------------------------------------------------------------------------------------------------------
 [                                                                                                                                                +
   {                                                                                                                                              +
     "Plan": {                                                                                                                                    +
       "Node Type": "Limit",                                                                                                                      +
       "Parallel Aware": false,                                                                                                                   +
       "Startup Cost": 70049.05,                                                                                                                  +
       "Total Cost": 70049.09,                                                                                                                    +
       "Plan Rows": 19,                                                                                                                           +
       "Plan Width": 142,                                                                                                                         +
       "Plans": [                                                                                                                                 +
         {                                                                                                                                        +
           "Node Type": "Sort",                                                                                                                   +
           "Parent Relationship": "Outer",                                                                                                        +
           "Parallel Aware": false,                                                                                                               +
           "Startup Cost": 70049.05,                                                                                                              +
           "Total Cost": 70049.09,                                                                                                                +
           "Plan Rows": 19,                                                                                                                       +
           "Plan Width": 142,                                                                                                                     +
           "Sort Key": ["(sum(store_sales.ss_ext_sales_price)) DESC", "item.i_brand", "item.i_brand_id", "item.i_manufact_id", "item.i_manufact"],+
           "Plans": [                                                                                                                             +
             {                                                                                                                                    +
               "Node Type": "Aggregate",                                                                                                          +
               "Strategy": "Sorted",                                                                                                              +
               "Partial Mode": "Finalize",                                                                                                        +
               "Parent Relationship": "Outer",                                                                                                    +
               "Parallel Aware": false,                                                                                                           +
               "Startup Cost": 70046.10,                                                                                                          +
               "Total Cost": 70048.64,                                                                                                            +
               "Plan Rows": 19,                                                                                                                   +
               "Plan Width": 142,                                                                                                                 +
               "Group Key": ["item.i_brand", "item.i_brand_id", "item.i_manufact_id", "item.i_manufact"],                                         +
               "Plans": [                                                                                                                         +
                 {                                                                                                                                +
                   "Node Type": "Gather Merge",                                                                                                   +
                   "Parent Relationship": "Outer",                                                                                                +
                   "Parallel Aware": false,                                                                                                       +
                   "Startup Cost": 70046.10,                                                                                                      +
                   "Total Cost": 70048.17,                                                                                                        +
                   "Plan Rows": 16,                                                                                                               +
                   "Plan Width": 142,                                                                                                             +
                   "Workers Planned": 2,                                                                                                          +
                   "Plans": [                                                                                                                     +
                     {                                                                                                                            +
                       "Node Type": "Aggregate",                                                                                                  +
                       "Strategy": "Sorted",                                                                                                      +
                       "Partial Mode": "Partial",                                                                                                 +
                       "Parent Relationship": "Outer",                                                                                            +
                       "Parallel Aware": false,                                                                                                   +
                       "Startup Cost": 69046.08,                                                                                                  +
                       "Total Cost": 69046.30,                                                                                                    +
                       "Plan Rows": 8,                                                                                                            +
                       "Plan Width": 142,                                                                                                         +
                       "Group Key": ["item.i_brand", "item.i_brand_id", "item.i_manufact_id", "item.i_manufact"],                                 +
                       "Plans": [                                                                                                                 +
                         {                                                                                                                        +
                           "Node Type": "Sort",                                                                                                   +
                           "Parent Relationship": "Outer",                                                                                        +
                           "Parallel Aware": false,                                                                                               +
                           "Startup Cost": 69046.08,                                                                                              +
                           "Total Cost": 69046.10,                                                                                                +
                           "Plan Rows": 8,                                                                                                        +
                           "Plan Width": 116,                                                                                                     +
                           "Sort Key": ["item.i_brand", "item.i_brand_id", "item.i_manufact_id", "item.i_manufact"],                              +
                           "Plans": [                                                                                                             +
                             {                                                                                                                    +
                               "Node Type": "Nested Loop",                                                                                        +
                               "Parent Relationship": "Outer",                                                                                    +
                               "Parallel Aware": false,                                                                                           +
                               "Join Type": "Inner",                                                                                              +
                               "Startup Cost": 2051.91,                                                                                           +
                               "Total Cost": 69045.96,                                                                                            +
                               "Plan Rows": 8,                                                                                                    +
                               "Plan Width": 116,                                                                                                 +
                               "Inner Unique": true,                                                                                              +
                               "Join Filter": "(substr((customer_address.ca_zip)::text, 1, 5) <> substr((store.s_zip)::text, 1, 5))",             +
                               "Plans": [                                                                                                         +
                                 {                                                                                                                +
                                   "Node Type": "Nested Loop",                                                                                    +
                                   "Parent Relationship": "Outer",                                                                                +
                                   "Parallel Aware": false,                                                                                       +
                                   "Join Type": "Inner",                                                                                          +
                                   "Startup Cost": 2051.62,                                                                                       +
                                   "Total Cost": 69042.92,                                                                                        +
                                   "Plan Rows": 8,                                                                                                +
                                   "Plan Width": 131,                                                                                             +
                                   "Inner Unique": true,                                                                                          +
                                   "Plans": [                                                                                                     +
                                     {                                                                                                            +
                                       "Node Type": "Nested Loop",                                                                                +
                                       "Parent Relationship": "Outer",                                                                            +
                                       "Parallel Aware": false,                                                                                   +
                                       "Join Type": "Inner",                                                                                      +
                                       "Startup Cost": 2051.33,                                                                                   +
                                       "Total Cost": 69040.41,                                                                                    +
                                       "Plan Rows": 8,                                                                                            +
                                       "Plan Width": 131,                                                                                         +
                                       "Inner Unique": true,                                                                                      +
                                       "Plans": [                                                                                                 +
                                         {                                                                                                        +
                                           "Node Type": "Hash Join",                                                                              +
                                           "Parent Relationship": "Outer",                                                                        +
                                           "Parallel Aware": false,                                                                               +
                                           "Join Type": "Inner",                                                                                  +
                                           "Startup Cost": 2051.05,                                                                               +
                                           "Total Cost": 68901.23,                                                                                +
                                           "Plan Rows": 450,                                                                                      +
                                           "Plan Width": 25,                                                                                      +
                                           "Inner Unique": true,                                                                                  +
                                           "Hash Cond": "(store_sales.ss_store_sk = store.s_store_sk)",                                           +
                                           "Plans": [                                                                                             +
                                             {                                                                                                    +
                                               "Node Type": "Hash Join",                                                                          +
                                               "Parent Relationship": "Outer",                                                                    +
                                               "Parallel Aware": true,                                                                            +
                                               "Join Type": "Inner",                                                                              +
                                               "Startup Cost": 2049.78,                                                                           +
                                               "Total Cost": 68898.31,                                                                            +
                                               "Plan Rows": 471,                                                                                  +
                                               "Plan Width": 18,                                                                                  +
                                               "Inner Unique": true,                                                                              +
                                               "Hash Cond": "(store_sales.ss_sold_date_sk = date_dim.d_date_sk)",                                 +
                                               "Plans": [                                                                                         +
                                                 {                                                                                                +
                                                   "Node Type": "Seq Scan",                                                                       +
                                                   "Parent Relationship": "Outer",                                                                +
                                                   "Parallel Aware": true,                                                                        +
                                                   "Relation Name": "store_sales",                                                                +
                                                   "Alias": "store_sales",                                                                        +
                                                   "Startup Cost": 0.00,                                                                          +
                                                   "Total Cost": 63697.87,                                                                        +
                                                   "Plan Rows": 1200187,                                                                          +
                                                   "Plan Width": 22                                                                               +
                                                 },                                                                                               +
                                                 {                                                                                                +
                                                   "Node Type": "Hash",                                                                           +
                                                   "Parent Relationship": "Inner",                                                                +
                                                   "Parallel Aware": true,                                                                        +
                                                   "Startup Cost": 2049.55,                                                                       +
                                                   "Total Cost": 2049.55,                                                                         +
                                                   "Plan Rows": 18,                                                                               +
                                                   "Plan Width": 4,                                                                               +
                                                   "Plans": [                                                                                     +
                                                     {                                                                                            +
                                                       "Node Type": "Seq Scan",                                                                   +
                                                       "Parent Relationship": "Outer",                                                            +
                                                       "Parallel Aware": true,                                                                    +
                                                       "Relation Name": "date_dim",                                                               +
                                                       "Alias": "date_dim",                                                                       +
                                                       "Startup Cost": 0.00,                                                                      +
                                                       "Total Cost": 2049.55,                                                                     +
                                                       "Plan Rows": 18,                                                                           +
                                                       "Plan Width": 4,                                                                           +
                                                       "Filter": "((d_moy = 11) AND (d_year = 2000))"                                             +
                                                     }                                                                                            +
                                                   ]                                                                                              +
                                                 }                                                                                                +
                                               ]                                                                                                  +
                                             },                                                                                                   +
                                             {                                                                                                    +
                                               "Node Type": "Hash",                                                                               +
                                               "Parent Relationship": "Inner",                                                                    +
                                               "Parallel Aware": false,                                                                           +
                                               "Startup Cost": 1.12,                                                                              +
                                               "Total Cost": 1.12,                                                                                +
                                               "Plan Rows": 12,                                                                                   +
                                               "Plan Width": 15,                                                                                  +
                                               "Plans": [                                                                                         +
                                                 {                                                                                                +
                                                   "Node Type": "Seq Scan",                                                                       +
                                                   "Parent Relationship": "Outer",                                                                +
                                                   "Parallel Aware": false,                                                                       +
                                                   "Relation Name": "store",                                                                      +
                                                   "Alias": "store",                                                                              +
                                                   "Startup Cost": 0.00,                                                                          +
                                                   "Total Cost": 1.12,                                                                            +
                                                   "Plan Rows": 12,                                                                               +
                                                   "Plan Width": 15                                                                               +
                                                 }                                                                                                +
                                               ]                                                                                                  +
                                             }                                                                                                    +
                                           ]                                                                                                      +
                                         },                                                                                                       +
                                         {                                                                                                        +
                                           "Node Type": "Index Scan",                                                                             +
                                           "Parent Relationship": "Inner",                                                                        +
                                           "Parallel Aware": false,                                                                               +
                                           "Scan Direction": "Forward",                                                                           +
                                           "Index Name": "item_pkey",                                                                             +
                                           "Relation Name": "item",                                                                               +
                                           "Alias": "item",                                                                                       +
                                           "Startup Cost": 0.29,                                                                                  +
                                           "Total Cost": 0.31,                                                                                    +
                                           "Plan Rows": 1,                                                                                        +
                                           "Plan Width": 114,                                                                                     +
                                           "Index Cond": "(i_item_sk = store_sales.ss_item_sk)",                                                  +
                                           "Filter": "(i_manager_id = 18)"                                                                        +
                                         }                                                                                                        +
                                       ]                                                                                                          +
                                     },                                                                                                           +
                                     {                                                                                                            +
                                       "Node Type": "Index Scan",                                                                                 +
                                       "Parent Relationship": "Inner",                                                                            +
                                       "Parallel Aware": false,                                                                                   +
                                       "Scan Direction": "Forward",                                                                               +
                                       "Index Name": "customer_pkey",                                                                             +
                                       "Relation Name": "customer",                                                                               +
                                       "Alias": "customer",                                                                                       +
                                       "Startup Cost": 0.29,                                                                                      +
                                       "Total Cost": 0.31,                                                                                        +
                                       "Plan Rows": 1,                                                                                            +
                                       "Plan Width": 8,                                                                                           +
                                       "Index Cond": "(c_customer_sk = store_sales.ss_customer_sk)"                                               +
                                     }                                                                                                            +
                                   ]                                                                                                              +
                                 },                                                                                                               +
                                 {                                                                                                                +
                                   "Node Type": "Index Scan",                                                                                     +
                                   "Parent Relationship": "Inner",                                                                                +
                                   "Parallel Aware": false,                                                                                       +
                                   "Scan Direction": "Forward",                                                                                   +
                                   "Index Name": "customer_address_pkey",                                                                         +
                                   "Relation Name": "customer_address",                                                                           +
                                   "Alias": "customer_address",                                                                                   +
                                   "Startup Cost": 0.29,                                                                                          +
                                   "Total Cost": 0.36,                                                                                            +
                                   "Plan Rows": 1,                                                                                                +
                                   "Plan Width": 15,                                                                                              +
                                   "Index Cond": "(ca_address_sk = customer.c_current_addr_sk)"                                                   +
                                 }                                                                                                                +
                               ]                                                                                                                  +
                             }                                                                                                                    +
                           ]                                                                                                                      +
                         }                                                                                                                        +
                       ]                                                                                                                          +
                     }                                                                                                                            +
                   ]                                                                                                                              +
                 }                                                                                                                                +
               ]                                                                                                                                  +
             }                                                                                                                                    +
           ]                                                                                                                                      +
         }                                                                                                                                        +
       ]                                                                                                                                          +
     }                                                                                                                                            +
   }                                                                                                                                              +
 ]
(1 row)

