                                                                              QUERY PLAN                                                                              
----------------------------------------------------------------------------------------------------------------------------------------------------------------------
 [                                                                                                                                                                   +
   {                                                                                                                                                                 +
     "Plan": {                                                                                                                                                       +
       "Node Type": "Limit",                                                                                                                                         +
       "Parallel Aware": false,                                                                                                                                      +
       "Startup Cost": 9877.79,                                                                                                                                      +
       "Total Cost": 9878.24,                                                                                                                                        +
       "Plan Rows": 1,                                                                                                                                               +
       "Plan Width": 434,                                                                                                                                            +
       "Plans": [                                                                                                                                                    +
         {                                                                                                                                                           +
           "Node Type": "Aggregate",                                                                                                                                 +
           "Strategy": "Sorted",                                                                                                                                     +
           "Partial Mode": "Finalize",                                                                                                                               +
           "Parent Relationship": "Outer",                                                                                                                           +
           "Parallel Aware": false,                                                                                                                                  +
           "Startup Cost": 9877.79,                                                                                                                                  +
           "Total Cost": 9878.24,                                                                                                                                    +
           "Plan Rows": 1,                                                                                                                                           +
           "Plan Width": 434,                                                                                                                                        +
           "Group Key": ["item.i_item_id", "item.i_item_desc", "store.s_state"],                                                                                     +
           "Plans": [                                                                                                                                                +
             {                                                                                                                                                       +
               "Node Type": "Gather Merge",                                                                                                                          +
               "Parent Relationship": "Outer",                                                                                                                       +
               "Parallel Aware": false,                                                                                                                              +
               "Startup Cost": 9877.79,                                                                                                                              +
               "Total Cost": 9878.07,                                                                                                                                +
               "Plan Rows": 2,                                                                                                                                       +
               "Plan Width": 338,                                                                                                                                    +
               "Workers Planned": 2,                                                                                                                                 +
               "Plans": [                                                                                                                                            +
                 {                                                                                                                                                   +
                   "Node Type": "Aggregate",                                                                                                                         +
                   "Strategy": "Sorted",                                                                                                                             +
                   "Partial Mode": "Partial",                                                                                                                        +
                   "Parent Relationship": "Outer",                                                                                                                   +
                   "Parallel Aware": false,                                                                                                                          +
                   "Startup Cost": 8877.76,                                                                                                                          +
                   "Total Cost": 8877.82,                                                                                                                            +
                   "Plan Rows": 1,                                                                                                                                   +
                   "Plan Width": 338,                                                                                                                                +
                   "Group Key": ["item.i_item_id", "item.i_item_desc", "store.s_state"],                                                                             +
                   "Plans": [                                                                                                                                        +
                     {                                                                                                                                               +
                       "Node Type": "Sort",                                                                                                                          +
                       "Parent Relationship": "Outer",                                                                                                               +
                       "Parallel Aware": false,                                                                                                                      +
                       "Startup Cost": 8877.76,                                                                                                                      +
                       "Total Cost": 8877.77,                                                                                                                        +
                       "Plan Rows": 1,                                                                                                                               +
                       "Plan Width": 134,                                                                                                                            +
                       "Sort Key": ["item.i_item_id", "item.i_item_desc", "store.s_state"],                                                                          +
                       "Plans": [                                                                                                                                    +
                         {                                                                                                                                           +
                           "Node Type": "Nested Loop",                                                                                                               +
                           "Parent Relationship": "Outer",                                                                                                           +
                           "Parallel Aware": false,                                                                                                                  +
                           "Join Type": "Inner",                                                                                                                     +
                           "Startup Cost": 1999.72,                                                                                                                  +
                           "Total Cost": 8877.75,                                                                                                                    +
                           "Plan Rows": 1,                                                                                                                           +
                           "Plan Width": 134,                                                                                                                        +
                           "Inner Unique": true,                                                                                                                     +
                           "Plans": [                                                                                                                                +
                             {                                                                                                                                       +
                               "Node Type": "Nested Loop",                                                                                                           +
                               "Parent Relationship": "Outer",                                                                                                       +
                               "Parallel Aware": false,                                                                                                              +
                               "Join Type": "Inner",                                                                                                                 +
                               "Startup Cost": 1999.43,                                                                                                              +
                               "Total Cost": 8877.45,                                                                                                                +
                               "Plan Rows": 1,                                                                                                                       +
                               "Plan Width": 27,                                                                                                                     +
                               "Inner Unique": true,                                                                                                                 +
                               "Plans": [                                                                                                                            +
                                 {                                                                                                                                   +
                                   "Node Type": "Nested Loop",                                                                                                       +
                                   "Parent Relationship": "Outer",                                                                                                   +
                                   "Parallel Aware": false,                                                                                                          +
                                   "Join Type": "Inner",                                                                                                             +
                                   "Startup Cost": 1999.29,                                                                                                          +
                                   "Total Cost": 8877.29,                                                                                                            +
                                   "Plan Rows": 1,                                                                                                                   +
                                   "Plan Width": 28,                                                                                                                 +
                                   "Inner Unique": true,                                                                                                             +
                                   "Plans": [                                                                                                                        +
                                     {                                                                                                                               +
                                       "Node Type": "Nested Loop",                                                                                                   +
                                       "Parent Relationship": "Outer",                                                                                               +
                                       "Parallel Aware": false,                                                                                                      +
                                       "Join Type": "Inner",                                                                                                         +
                                       "Startup Cost": 1999.00,                                                                                                      +
                                       "Total Cost": 8876.97,                                                                                                        +
                                       "Plan Rows": 1,                                                                                                               +
                                       "Plan Width": 32,                                                                                                             +
                                       "Inner Unique": true,                                                                                                         +
                                       "Plans": [                                                                                                                    +
                                         {                                                                                                                           +
                                           "Node Type": "Nested Loop",                                                                                               +
                                           "Parent Relationship": "Outer",                                                                                           +
                                           "Parallel Aware": false,                                                                                                  +
                                           "Join Type": "Inner",                                                                                                     +
                                           "Startup Cost": 1998.71,                                                                                                  +
                                           "Total Cost": 8876.66,                                                                                                    +
                                           "Plan Rows": 1,                                                                                                           +
                                           "Plan Width": 36,                                                                                                         +
                                           "Inner Unique": false,                                                                                                    +
                                           "Plans": [                                                                                                                +
                                             {                                                                                                                       +
                                               "Node Type": "Nested Loop",                                                                                           +
                                               "Parent Relationship": "Outer",                                                                                       +
                                               "Parallel Aware": false,                                                                                              +
                                               "Join Type": "Inner",                                                                                                 +
                                               "Startup Cost": 1998.28,                                                                                              +
                                               "Total Cost": 8874.40,                                                                                                +
                                               "Plan Rows": 1,                                                                                                       +
                                               "Plan Width": 32,                                                                                                     +
                                               "Inner Unique": true,                                                                                                 +
                                               "Plans": [                                                                                                            +
                                                 {                                                                                                                   +
                                                   "Node Type": "Hash Join",                                                                                         +
                                                   "Parent Relationship": "Outer",                                                                                   +
                                                   "Parallel Aware": true,                                                                                           +
                                                   "Join Type": "Inner",                                                                                             +
                                                   "Startup Cost": 1997.85,                                                                                          +
                                                   "Total Cost": 8301.32,                                                                                            +
                                                   "Plan Rows": 432,                                                                                                 +
                                                   "Plan Width": 16,                                                                                                 +
                                                   "Inner Unique": true,                                                                                             +
                                                   "Hash Cond": "(store_returns.sr_returned_date_sk = d2.d_date_sk)",                                                +
                                                   "Plans": [                                                                                                        +
                                                     {                                                                                                               +
                                                       "Node Type": "Seq Scan",                                                                                      +
                                                       "Parent Relationship": "Outer",                                                                               +
                                                       "Parallel Aware": true,                                                                                       +
                                                       "Relation Name": "store_returns",                                                                             +
                                                       "Alias": "store_returns",                                                                                     +
                                                       "Startup Cost": 0.00,                                                                                         +
                                                       "Total Cost": 5988.98,                                                                                        +
                                                       "Plan Rows": 119798,                                                                                          +
                                                       "Plan Width": 20                                                                                              +
                                                     },                                                                                                              +
                                                     {                                                                                                               +
                                                       "Node Type": "Hash",                                                                                          +
                                                       "Parent Relationship": "Inner",                                                                               +
                                                       "Parallel Aware": true,                                                                                       +
                                                       "Startup Cost": 1995.84,                                                                                      +
                                                       "Total Cost": 1995.84,                                                                                        +
                                                       "Plan Rows": 161,                                                                                             +
                                                       "Plan Width": 4,                                                                                              +
                                                       "Plans": [                                                                                                    +
                                                         {                                                                                                           +
                                                           "Node Type": "Seq Scan",                                                                                  +
                                                           "Parent Relationship": "Outer",                                                                           +
                                                           "Parallel Aware": true,                                                                                   +
                                                           "Relation Name": "date_dim",                                                                              +
                                                           "Alias": "d2",                                                                                            +
                                                           "Startup Cost": 0.00,                                                                                     +
                                                           "Total Cost": 1995.84,                                                                                    +
                                                           "Plan Rows": 161,                                                                                         +
                                                           "Plan Width": 4,                                                                                          +
                                                           "Filter": "(d_quarter_name = ANY ('{2000Q1,2000Q2,2000Q3}'::bpchar[]))"                                   +
                                                         }                                                                                                           +
                                                       ]                                                                                                             +
                                                     }                                                                                                               +
                                                   ]                                                                                                                 +
                                                 },                                                                                                                  +
                                                 {                                                                                                                   +
                                                   "Node Type": "Index Scan",                                                                                        +
                                                   "Parent Relationship": "Inner",                                                                                   +
                                                   "Parallel Aware": false,                                                                                          +
                                                   "Scan Direction": "Forward",                                                                                      +
                                                   "Index Name": "store_sales_pkey",                                                                                 +
                                                   "Relation Name": "store_sales",                                                                                   +
                                                   "Alias": "store_sales",                                                                                           +
                                                   "Startup Cost": 0.43,                                                                                             +
                                                   "Total Cost": 1.32,                                                                                               +
                                                   "Plan Rows": 1,                                                                                                   +
                                                   "Plan Width": 24,                                                                                                 +
                                                   "Index Cond": "((ss_item_sk = store_returns.sr_item_sk) AND (ss_ticket_number = store_returns.sr_ticket_number))",+
                                                   "Filter": "(store_returns.sr_customer_sk = ss_customer_sk)"                                                       +
                                                 }                                                                                                                   +
                                               ]                                                                                                                     +
                                             },                                                                                                                      +
                                             {                                                                                                                       +
                                               "Node Type": "Index Scan",                                                                                            +
                                               "Parent Relationship": "Inner",                                                                                       +
                                               "Parallel Aware": false,                                                                                              +
                                               "Scan Direction": "Forward",                                                                                          +
                                               "Index Name": "catalog_sales_pkey",                                                                                   +
                                               "Relation Name": "catalog_sales",                                                                                     +
                                               "Alias": "catalog_sales",                                                                                             +
                                               "Startup Cost": 0.43,                                                                                                 +
                                               "Total Cost": 2.25,                                                                                                   +
                                               "Plan Rows": 1,                                                                                                       +
                                               "Plan Width": 16,                                                                                                     +
                                               "Index Cond": "(cs_item_sk = store_sales.ss_item_sk)",                                                                +
                                               "Filter": "(store_sales.ss_customer_sk = cs_bill_customer_sk)"                                                        +
                                             }                                                                                                                       +
                                           ]                                                                                                                         +
                                         },                                                                                                                          +
                                         {                                                                                                                           +
                                           "Node Type": "Index Scan",                                                                                                +
                                           "Parent Relationship": "Inner",                                                                                           +
                                           "Parallel Aware": false,                                                                                                  +
                                           "Scan Direction": "Forward",                                                                                              +
                                           "Index Name": "date_dim_pkey",                                                                                            +
                                           "Relation Name": "date_dim",                                                                                              +
                                           "Alias": "d1",                                                                                                            +
                                           "Startup Cost": 0.29,                                                                                                     +
                                           "Total Cost": 0.31,                                                                                                       +
                                           "Plan Rows": 1,                                                                                                           +
                                           "Plan Width": 4,                                                                                                          +
                                           "Index Cond": "(d_date_sk = store_sales.ss_sold_date_sk)",                                                                +
                                           "Filter": "(d_quarter_name = '2000Q1'::bpchar)"                                                                           +
                                         }                                                                                                                           +
                                       ]                                                                                                                             +
                                     },                                                                                                                              +
                                     {                                                                                                                               +
                                       "Node Type": "Index Scan",                                                                                                    +
                                       "Parent Relationship": "Inner",                                                                                               +
                                       "Parallel Aware": false,                                                                                                      +
                                       "Scan Direction": "Forward",                                                                                                  +
                                       "Index Name": "date_dim_pkey",                                                                                                +
                                       "Relation Name": "date_dim",                                                                                                  +
                                       "Alias": "d3",                                                                                                                +
                                       "Startup Cost": 0.29,                                                                                                         +
                                       "Total Cost": 0.32,                                                                                                           +
                                       "Plan Rows": 1,                                                                                                               +
                                       "Plan Width": 4,                                                                                                              +
                                       "Index Cond": "(d_date_sk = catalog_sales.cs_sold_date_sk)",                                                                  +
                                       "Filter": "(d_quarter_name = ANY ('{2000Q1,2000Q2,2000Q3}'::bpchar[]))"                                                       +
                                     }                                                                                                                               +
                                   ]                                                                                                                                 +
                                 },                                                                                                                                  +
                                 {                                                                                                                                   +
                                   "Node Type": "Index Scan",                                                                                                        +
                                   "Parent Relationship": "Inner",                                                                                                   +
                                   "Parallel Aware": false,                                                                                                          +
                                   "Scan Direction": "Forward",                                                                                                      +
                                   "Index Name": "store_pkey",                                                                                                       +
                                   "Relation Name": "store",                                                                                                         +
                                   "Alias": "store",                                                                                                                 +
                                   "Startup Cost": 0.14,                                                                                                             +
                                   "Total Cost": 0.15,                                                                                                               +
                                   "Plan Rows": 1,                                                                                                                   +
                                   "Plan Width": 7,                                                                                                                  +
                                   "Index Cond": "(s_store_sk = store_sales.ss_store_sk)"                                                                            +
                                 }                                                                                                                                   +
                               ]                                                                                                                                     +
                             },                                                                                                                                      +
                             {                                                                                                                                       +
                               "Node Type": "Index Scan",                                                                                                            +
                               "Parent Relationship": "Inner",                                                                                                       +
                               "Parallel Aware": false,                                                                                                              +
                               "Scan Direction": "Forward",                                                                                                          +
                               "Index Name": "item_pkey",                                                                                                            +
                               "Relation Name": "item",                                                                                                              +
                               "Alias": "item",                                                                                                                      +
                               "Startup Cost": 0.29,                                                                                                                 +
                               "Total Cost": 0.31,                                                                                                                   +
                               "Plan Rows": 1,                                                                                                                       +
                               "Plan Width": 123,                                                                                                                    +
                               "Index Cond": "(i_item_sk = store_sales.ss_item_sk)"                                                                                  +
                             }                                                                                                                                       +
                           ]                                                                                                                                         +
                         }                                                                                                                                           +
                       ]                                                                                                                                             +
                     }                                                                                                                                               +
                   ]                                                                                                                                                 +
                 }                                                                                                                                                   +
               ]                                                                                                                                                     +
             }                                                                                                                                                       +
           ]                                                                                                                                                         +
         }                                                                                                                                                           +
       ]                                                                                                                                                             +
     }                                                                                                                                                               +
   }                                                                                                                                                                 +
 ]
(1 row)

