                                                      QUERY PLAN                                                       
-----------------------------------------------------------------------------------------------------------------------
 [                                                                                                                    +
   {                                                                                                                  +
     "Plan": {                                                                                                        +
       "Node Type": "Limit",                                                                                          +
       "Parallel Aware": false,                                                                                       +
       "Startup Cost": 664432.74,                                                                                     +
       "Total Cost": 664432.75,                                                                                       +
       "Plan Rows": 1,                                                                                                +
       "Plan Width": 72,                                                                                              +
       "Plans": [                                                                                                     +
         {                                                                                                            +
           "Node Type": "Hash Join",                                                                                  +
           "Parent Relationship": "InitPlan",                                                                         +
           "Subplan Name": "CTE ws_wh",                                                                               +
           "Parallel Aware": false,                                                                                   +
           "Join Type": "Inner",                                                                                      +
           "Startup Cost": 37764.14,                                                                                  +
           "Total Cost": 313065.86,                                                                                   +
           "Plan Rows": 7016206,                                                                                      +
           "Plan Width": 12,                                                                                          +
           "Inner Unique": false,                                                                                     +
           "Hash Cond": "(ws1_1.ws_order_number = ws2.ws_order_number)",                                              +
           "Join Filter": "(ws1_1.ws_warehouse_sk <> ws2.ws_warehouse_sk)",                                           +
           "Plans": [                                                                                                 +
             {                                                                                                        +
               "Node Type": "Seq Scan",                                                                               +
               "Parent Relationship": "Outer",                                                                        +
               "Parallel Aware": false,                                                                               +
               "Relation Name": "web_sales",                                                                          +
               "Alias": "ws1_1",                                                                                      +
               "Startup Cost": 0.00,                                                                                  +
               "Total Cost": 25960.84,                                                                                +
               "Plan Rows": 719384,                                                                                   +
               "Plan Width": 8                                                                                        +
             },                                                                                                       +
             {                                                                                                        +
               "Node Type": "Hash",                                                                                   +
               "Parent Relationship": "Inner",                                                                        +
               "Parallel Aware": false,                                                                               +
               "Startup Cost": 25960.84,                                                                              +
               "Total Cost": 25960.84,                                                                                +
               "Plan Rows": 719384,                                                                                   +
               "Plan Width": 8,                                                                                       +
               "Plans": [                                                                                             +
                 {                                                                                                    +
                   "Node Type": "Seq Scan",                                                                           +
                   "Parent Relationship": "Outer",                                                                    +
                   "Parallel Aware": false,                                                                           +
                   "Relation Name": "web_sales",                                                                      +
                   "Alias": "ws2",                                                                                    +
                   "Startup Cost": 0.00,                                                                              +
                   "Total Cost": 25960.84,                                                                            +
                   "Plan Rows": 719384,                                                                               +
                   "Plan Width": 8                                                                                    +
                 }                                                                                                    +
               ]                                                                                                      +
             }                                                                                                        +
           ]                                                                                                          +
         },                                                                                                           +
         {                                                                                                            +
           "Node Type": "Sort",                                                                                       +
           "Parent Relationship": "Outer",                                                                            +
           "Parallel Aware": false,                                                                                   +
           "Startup Cost": 351366.88,                                                                                 +
           "Total Cost": 351366.89,                                                                                   +
           "Plan Rows": 1,                                                                                            +
           "Plan Width": 72,                                                                                          +
           "Sort Key": ["(count(DISTINCT ws1.ws_order_number))"],                                                     +
           "Plans": [                                                                                                 +
             {                                                                                                        +
               "Node Type": "Aggregate",                                                                              +
               "Strategy": "Plain",                                                                                   +
               "Partial Mode": "Simple",                                                                              +
               "Parent Relationship": "Outer",                                                                        +
               "Parallel Aware": false,                                                                               +
               "Startup Cost": 351366.86,                                                                             +
               "Total Cost": 351366.87,                                                                               +
               "Plan Rows": 1,                                                                                        +
               "Plan Width": 72,                                                                                      +
               "Plans": [                                                                                             +
                 {                                                                                                    +
                   "Node Type": "Nested Loop",                                                                        +
                   "Parent Relationship": "Outer",                                                                    +
                   "Parallel Aware": false,                                                                           +
                   "Join Type": "Inner",                                                                              +
                   "Startup Cost": 160859.67,                                                                         +
                   "Total Cost": 351366.85,                                                                           +
                   "Plan Rows": 1,                                                                                    +
                   "Plan Width": 16,                                                                                  +
                   "Inner Unique": true,                                                                              +
                   "Join Filter": "(ws1.ws_order_number = ws_wh.ws_order_number)",                                    +
                   "Plans": [                                                                                         +
                     {                                                                                                +
                       "Node Type": "Nested Loop",                                                                    +
                       "Parent Relationship": "Outer",                                                                +
                       "Parallel Aware": false,                                                                       +
                       "Join Type": "Inner",                                                                          +
                       "Startup Cost": 2995.03,                                                                       +
                       "Total Cost": 193497.71,                                                                       +
                       "Plan Rows": 1,                                                                                +
                       "Plan Width": 24,                                                                              +
                       "Inner Unique": true,                                                                          +
                       "Join Filter": "(ws1.ws_web_site_sk = web_site.web_site_sk)",                                  +
                       "Plans": [                                                                                     +
                         {                                                                                            +
                           "Node Type": "Nested Loop",                                                                +
                           "Parent Relationship": "Outer",                                                            +
                           "Parallel Aware": false,                                                                   +
                           "Join Type": "Semi",                                                                       +
                           "Startup Cost": 2995.03,                                                                   +
                           "Total Cost": 193495.28,                                                                   +
                           "Plan Rows": 1,                                                                            +
                           "Plan Width": 28,                                                                          +
                           "Inner Unique": false,                                                                     +
                           "Plans": [                                                                                 +
                             {                                                                                        +
                               "Node Type": "Gather",                                                                 +
                               "Parent Relationship": "Outer",                                                        +
                               "Parallel Aware": false,                                                               +
                               "Startup Cost": 2456.46,                                                               +
                               "Total Cost": 25409.70,                                                                +
                               "Plan Rows": 2,                                                                        +
                               "Plan Width": 20,                                                                      +
                               "Workers Planned": 2,                                                                  +
                               "Single Copy": false,                                                                  +
                               "Plans": [                                                                             +
                                 {                                                                                    +
                                   "Node Type": "Nested Loop",                                                        +
                                   "Parent Relationship": "Outer",                                                    +
                                   "Parallel Aware": false,                                                           +
                                   "Join Type": "Inner",                                                              +
                                   "Startup Cost": 1456.46,                                                           +
                                   "Total Cost": 24409.50,                                                            +
                                   "Plan Rows": 1,                                                                    +
                                   "Plan Width": 20,                                                                  +
                                   "Inner Unique": true,                                                              +
                                   "Plans": [                                                                         +
                                     {                                                                                +
                                       "Node Type": "Hash Join",                                                      +
                                       "Parent Relationship": "Outer",                                                +
                                       "Parallel Aware": true,                                                        +
                                       "Join Type": "Inner",                                                          +
                                       "Startup Cost": 1456.17,                                                       +
                                       "Total Cost": 24007.50,                                                        +
                                       "Plan Rows": 1241,                                                             +
                                       "Plan Width": 24,                                                              +
                                       "Inner Unique": true,                                                          +
                                       "Hash Cond": "(ws1.ws_ship_addr_sk = customer_address.ca_address_sk)",         +
                                       "Plans": [                                                                     +
                                         {                                                                            +
                                           "Node Type": "Seq Scan",                                                   +
                                           "Parent Relationship": "Outer",                                            +
                                           "Parallel Aware": true,                                                    +
                                           "Relation Name": "web_sales",                                              +
                                           "Alias": "ws1",                                                            +
                                           "Startup Cost": 0.00,                                                      +
                                           "Total Cost": 21764.43,                                                    +
                                           "Plan Rows": 299743,                                                       +
                                           "Plan Width": 28                                                           +
                                         },                                                                           +
                                         {                                                                            +
                                           "Node Type": "Hash",                                                       +
                                           "Parent Relationship": "Inner",                                            +
                                           "Parallel Aware": true,                                                    +
                                           "Startup Cost": 1454.65,                                                   +
                                           "Total Cost": 1454.65,                                                     +
                                           "Plan Rows": 122,                                                          +
                                           "Plan Width": 4,                                                           +
                                           "Plans": [                                                                 +
                                             {                                                                        +
                                               "Node Type": "Seq Scan",                                               +
                                               "Parent Relationship": "Outer",                                        +
                                               "Parallel Aware": true,                                                +
                                               "Relation Name": "customer_address",                                   +
                                               "Alias": "customer_address",                                           +
                                               "Startup Cost": 0.00,                                                  +
                                               "Total Cost": 1454.65,                                                 +
                                               "Plan Rows": 122,                                                      +
                                               "Plan Width": 4,                                                       +
                                               "Filter": "(ca_state = 'VT'::bpchar)"                                  +
                                             }                                                                        +
                                           ]                                                                          +
                                         }                                                                            +
                                       ]                                                                              +
                                     },                                                                               +
                                     {                                                                                +
                                       "Node Type": "Index Scan",                                                     +
                                       "Parent Relationship": "Inner",                                                +
                                       "Parallel Aware": false,                                                       +
                                       "Scan Direction": "Forward",                                                   +
                                       "Index Name": "date_dim_pkey",                                                 +
                                       "Relation Name": "date_dim",                                                   +
                                       "Alias": "date_dim",                                                           +
                                       "Startup Cost": 0.29,                                                          +
                                       "Total Cost": 0.32,                                                            +
                                       "Plan Rows": 1,                                                                +
                                       "Plan Width": 4,                                                               +
                                       "Index Cond": "(d_date_sk = ws1.ws_ship_date_sk)",                             +
                                       "Filter": "((d_date >= '2002-04-01'::date) AND (d_date <= '2002-05-31'::date))"+
                                     }                                                                                +
                                   ]                                                                                  +
                                 }                                                                                    +
                               ]                                                                                      +
                             },                                                                                       +
                             {                                                                                        +
                               "Node Type": "Hash Join",                                                              +
                               "Parent Relationship": "Inner",                                                        +
                               "Parallel Aware": false,                                                               +
                               "Join Type": "Inner",                                                                  +
                               "Startup Cost": 538.57,                                                                +
                               "Total Cost": 167178.20,                                                               +
                               "Plan Rows": 379,                                                                      +
                               "Plan Width": 8,                                                                       +
                               "Inner Unique": false,                                                                 +
                               "Hash Cond": "(ws_wh_1.ws_order_number = web_returns.wr_order_number)",                +
                               "Join Filter": "(ws1.ws_order_number = ws_wh_1.ws_order_number)",                      +
                               "Plans": [                                                                             +
                                 {                                                                                    +
                                   "Node Type": "CTE Scan",                                                           +
                                   "Parent Relationship": "Outer",                                                    +
                                   "Parallel Aware": false,                                                           +
                                   "CTE Name": "ws_wh",                                                               +
                                   "Alias": "ws_wh_1",                                                                +
                                   "Startup Cost": 0.00,                                                              +
                                   "Total Cost": 140324.12,                                                           +
                                   "Plan Rows": 7016206,                                                              +
                                   "Plan Width": 4                                                                    +
                                 },                                                                                   +
                                 {                                                                                    +
                                   "Node Type": "Hash",                                                               +
                                   "Parent Relationship": "Inner",                                                    +
                                   "Parallel Aware": false,                                                           +
                                   "Startup Cost": 538.54,                                                            +
                                   "Total Cost": 538.54,                                                              +
                                   "Plan Rows": 2,                                                                    +
                                   "Plan Width": 4,                                                                   +
                                   "Plans": [                                                                         +
                                     {                                                                                +
                                       "Node Type": "Index Only Scan",                                                +
                                       "Parent Relationship": "Outer",                                                +
                                       "Parallel Aware": false,                                                       +
                                       "Scan Direction": "Forward",                                                   +
                                       "Index Name": "web_returns_pkey",                                              +
                                       "Relation Name": "web_returns",                                                +
                                       "Alias": "web_returns",                                                        +
                                       "Startup Cost": 0.29,                                                          +
                                       "Total Cost": 538.54,                                                          +
                                       "Plan Rows": 2,                                                                +
                                       "Plan Width": 4,                                                               +
                                       "Index Cond": "(wr_order_number = ws1.ws_order_number)"                        +
                                     }                                                                                +
                                   ]                                                                                  +
                                 }                                                                                    +
                               ]                                                                                      +
                             }                                                                                        +
                           ]                                                                                          +
                         },                                                                                           +
                         {                                                                                            +
                           "Node Type": "Seq Scan",                                                                   +
                           "Parent Relationship": "Inner",                                                            +
                           "Parallel Aware": false,                                                                   +
                           "Relation Name": "web_site",                                                               +
                           "Alias": "web_site",                                                                       +
                           "Startup Cost": 0.00,                                                                      +
                           "Total Cost": 2.38,                                                                        +
                           "Plan Rows": 5,                                                                            +
                           "Plan Width": 4,                                                                           +
                           "Filter": "(web_company_name = 'pri'::bpchar)"                                             +
                         }                                                                                            +
                       ]                                                                                              +
                     },                                                                                               +
                     {                                                                                                +
                       "Node Type": "Aggregate",                                                                      +
                       "Strategy": "Hashed",                                                                          +
                       "Partial Mode": "Simple",                                                                      +
                       "Parent Relationship": "Inner",                                                                +
                       "Parallel Aware": false,                                                                       +
                       "Startup Cost": 157864.64,                                                                     +
                       "Total Cost": 157866.64,                                                                       +
                       "Plan Rows": 200,                                                                              +
                       "Plan Width": 4,                                                                               +
                       "Group Key": ["ws_wh.ws_order_number"],                                                        +
                       "Plans": [                                                                                     +
                         {                                                                                            +
                           "Node Type": "CTE Scan",                                                                   +
                           "Parent Relationship": "Outer",                                                            +
                           "Parallel Aware": false,                                                                   +
                           "CTE Name": "ws_wh",                                                                       +
                           "Alias": "ws_wh",                                                                          +
                           "Startup Cost": 0.00,                                                                      +
                           "Total Cost": 140324.12,                                                                   +
                           "Plan Rows": 7016206,                                                                      +
                           "Plan Width": 4                                                                            +
                         }                                                                                            +
                       ]                                                                                              +
                     }                                                                                                +
                   ]                                                                                                  +
                 }                                                                                                    +
               ]                                                                                                      +
             }                                                                                                        +
           ]                                                                                                          +
         }                                                                                                            +
       ]                                                                                                              +
     }                                                                                                                +
   }                                                                                                                  +
 ]
(1 row)

