                                                                                                                                               QUERY PLAN                                                                                                                                               
--------------------------------------------------------------------------------------------------------------------------------------------------------------------------------------------------------------------------------------------------------------------------------------------------------
 [                                                                                                                                                                                                                                                                                                     +
   {                                                                                                                                                                                                                                                                                                   +
     "Plan": {                                                                                                                                                                                                                                                                                         +
       "Node Type": "Limit",                                                                                                                                                                                                                                                                           +
       "Parallel Aware": false,                                                                                                                                                                                                                                                                        +
       "Startup Cost": 313915.37,                                                                                                                                                                                                                                                                      +
       "Total Cost": 313915.37,                                                                                                                                                                                                                                                                        +
       "Plan Rows": 1,                                                                                                                                                                                                                                                                                 +
       "Plan Width": 80,                                                                                                                                                                                                                                                                               +
       "Plans": [                                                                                                                                                                                                                                                                                      +
         {                                                                                                                                                                                                                                                                                             +
           "Node Type": "Aggregate",                                                                                                                                                                                                                                                                   +
           "Strategy": "Sorted",                                                                                                                                                                                                                                                                       +
           "Partial Mode": "Simple",                                                                                                                                                                                                                                                                   +
           "Parent Relationship": "InitPlan",                                                                                                                                                                                                                                                          +
           "Subplan Name": "CTE all_sales",                                                                                                                                                                                                                                                            +
           "Parallel Aware": false,                                                                                                                                                                                                                                                                    +
           "Startup Cost": 287658.93,                                                                                                                                                                                                                                                                  +
           "Total Cost": 311661.58,                                                                                                                                                                                                                                                                    +
           "Plan Rows": 49236,                                                                                                                                                                                                                                                                         +
           "Plan Width": 60,                                                                                                                                                                                                                                                                           +
           "Group Key": ["date_dim.d_year", "item.i_brand_id", "item.i_class_id", "item.i_category_id", "item.i_manufact_id"],                                                                                                                                                                         +
           "Plans": [                                                                                                                                                                                                                                                                                  +
             {                                                                                                                                                                                                                                                                                         +
               "Node Type": "Unique",                                                                                                                                                                                                                                                                  +
               "Parent Relationship": "Outer",                                                                                                                                                                                                                                                         +
               "Parallel Aware": false,                                                                                                                                                                                                                                                                +
               "Startup Cost": 287658.93,                                                                                                                                                                                                                                                              +
               "Total Cost": 297506.17,                                                                                                                                                                                                                                                                +
               "Plan Rows": 492362,                                                                                                                                                                                                                                                                    +
               "Plan Width": 56,                                                                                                                                                                                                                                                                       +
               "Plans": [                                                                                                                                                                                                                                                                              +
                 {                                                                                                                                                                                                                                                                                     +
                   "Node Type": "Sort",                                                                                                                                                                                                                                                                +
                   "Parent Relationship": "Outer",                                                                                                                                                                                                                                                     +
                   "Parallel Aware": false,                                                                                                                                                                                                                                                            +
                   "Startup Cost": 287658.93,                                                                                                                                                                                                                                                          +
                   "Total Cost": 288889.84,                                                                                                                                                                                                                                                            +
                   "Plan Rows": 492362,                                                                                                                                                                                                                                                                +
                   "Plan Width": 56,                                                                                                                                                                                                                                                                   +
                   "Sort Key": ["date_dim.d_year", "item.i_brand_id", "item.i_class_id", "item.i_category_id", "item.i_manufact_id", "((store_sales.ss_quantity - COALESCE(store_returns.sr_return_quantity, 0)))", "((store_sales.ss_ext_sales_price - COALESCE(store_returns.sr_return_amt, 0.0)))"],+
                   "Plans": [                                                                                                                                                                                                                                                                          +
                     {                                                                                                                                                                                                                                                                                 +
                       "Node Type": "Gather",                                                                                                                                                                                                                                                          +
                       "Parent Relationship": "Outer",                                                                                                                                                                                                                                                 +
                       "Parallel Aware": false,                                                                                                                                                                                                                                                        +
                       "Startup Cost": 9743.09,                                                                                                                                                                                                                                                        +
                       "Total Cost": 224276.18,                                                                                                                                                                                                                                                        +
                       "Plan Rows": 492362,                                                                                                                                                                                                                                                            +
                       "Plan Width": 56,                                                                                                                                                                                                                                                               +
                       "Workers Planned": 2,                                                                                                                                                                                                                                                           +
                       "Single Copy": false,                                                                                                                                                                                                                                                           +
                       "Plans": [                                                                                                                                                                                                                                                                      +
                         {                                                                                                                                                                                                                                                                             +
                           "Node Type": "Append",                                                                                                                                                                                                                                                      +
                           "Parent Relationship": "Outer",                                                                                                                                                                                                                                             +
                           "Parallel Aware": true,                                                                                                                                                                                                                                                     +
                           "Startup Cost": 8743.09,                                                                                                                                                                                                                                                    +
                           "Total Cost": 174039.98,                                                                                                                                                                                                                                                    +
                           "Plan Rows": 492362,                                                                                                                                                                                                                                                        +
                           "Plan Width": 56,                                                                                                                                                                                                                                                           +
                           "Plans": [                                                                                                                                                                                                                                                                  +
                             {                                                                                                                                                                                                                                                                         +
                               "Node Type": "Hash Join",                                                                                                                                                                                                                                               +
                               "Parent Relationship": "Member",                                                                                                                                                                                                                                        +
                               "Parallel Aware": true,                                                                                                                                                                                                                                                 +
                               "Join Type": "Left",                                                                                                                                                                                                                                                    +
                               "Startup Cost": 12235.41,                                                                                                                                                                                                                                               +
                               "Total Cost": 83080.13,                                                                                                                                                                                                                                                 +
                               "Plan Rows": 115055,                                                                                                                                                                                                                                                    +
                               "Plan Width": 56,                                                                                                                                                                                                                                                       +
                               "Inner Unique": true,                                                                                                                                                                                                                                                   +
                               "Hash Cond": "((store_sales.ss_ticket_number = store_returns.sr_ticket_number) AND (store_sales.ss_item_sk = store_returns.sr_item_sk))",                                                                                                                               +
                               "Plans": [                                                                                                                                                                                                                                                              +
                                 {                                                                                                                                                                                                                                                                     +
                                   "Node Type": "Hash Join",                                                                                                                                                                                                                                           +
                                   "Parent Relationship": "Outer",                                                                                                                                                                                                                                     +
                                   "Parallel Aware": true,                                                                                                                                                                                                                                             +
                                   "Join Type": "Inner",                                                                                                                                                                                                                                               +
                                   "Startup Cost": 3747.47,                                                                                                                                                                                                                                            +
                                   "Total Cost": 70912.87,                                                                                                                                                                                                                                             +
                                   "Plan Rows": 115055,                                                                                                                                                                                                                                                +
                                   "Plan Width": 38,                                                                                                                                                                                                                                                   +
                                   "Inner Unique": true,                                                                                                                                                                                                                                               +
                                   "Hash Cond": "(store_sales.ss_sold_date_sk = date_dim.d_date_sk)",                                                                                                                                                                                                  +
                                   "Plans": [                                                                                                                                                                                                                                                          +
                                     {                                                                                                                                                                                                                                                                 +
                                       "Node Type": "Hash Join",                                                                                                                                                                                                                                       +
                                       "Parent Relationship": "Outer",                                                                                                                                                                                                                                 +
                                       "Parallel Aware": true,                                                                                                                                                                                                                                         +
                                       "Join Type": "Inner",                                                                                                                                                                                                                                           +
                                       "Startup Cost": 1375.64,                                                                                                                                                                                                                                        +
                                       "Total Cost": 68224.75,                                                                                                                                                                                                                                         +
                                       "Plan Rows": 120485,                                                                                                                                                                                                                                            +
                                       "Plan Width": 38,                                                                                                                                                                                                                                               +
                                       "Inner Unique": true,                                                                                                                                                                                                                                           +
                                       "Hash Cond": "(store_sales.ss_item_sk = item.i_item_sk)",                                                                                                                                                                                                       +
                                       "Plans": [                                                                                                                                                                                                                                                      +
                                         {                                                                                                                                                                                                                                                             +
                                           "Node Type": "Seq Scan",                                                                                                                                                                                                                                    +
                                           "Parent Relationship": "Outer",                                                                                                                                                                                                                             +
                                           "Parallel Aware": true,                                                                                                                                                                                                                                     +
                                           "Relation Name": "store_sales",                                                                                                                                                                                                                             +
                                           "Alias": "store_sales",                                                                                                                                                                                                                                     +
                                           "Startup Cost": 0.00,                                                                                                                                                                                                                                       +
                                           "Total Cost": 63697.87,                                                                                                                                                                                                                                     +
                                           "Plan Rows": 1200187,                                                                                                                                                                                                                                       +
                                           "Plan Width": 22                                                                                                                                                                                                                                            +
                                         },                                                                                                                                                                                                                                                            +
                                         {                                                                                                                                                                                                                                                             +
                                           "Node Type": "Hash",                                                                                                                                                                                                                                        +
                                           "Parent Relationship": "Inner",                                                                                                                                                                                                                             +
                                           "Parallel Aware": true,                                                                                                                                                                                                                                     +
                                           "Startup Cost": 1362.35,                                                                                                                                                                                                                                    +
                                           "Total Cost": 1362.35,                                                                                                                                                                                                                                      +
                                           "Plan Rows": 1063,                                                                                                                                                                                                                                          +
                                           "Plan Width": 20,                                                                                                                                                                                                                                           +
                                           "Plans": [                                                                                                                                                                                                                                                  +
                                             {                                                                                                                                                                                                                                                         +
                                               "Node Type": "Seq Scan",                                                                                                                                                                                                                                +
                                               "Parent Relationship": "Outer",                                                                                                                                                                                                                         +
                                               "Parallel Aware": true,                                                                                                                                                                                                                                 +
                                               "Relation Name": "item",                                                                                                                                                                                                                                +
                                               "Alias": "item",                                                                                                                                                                                                                                        +
                                               "Startup Cost": 0.00,                                                                                                                                                                                                                                   +
                                               "Total Cost": 1362.35,                                                                                                                                                                                                                                  +
                                               "Plan Rows": 1063,                                                                                                                                                                                                                                      +
                                               "Plan Width": 20,                                                                                                                                                                                                                                       +
                                               "Filter": "(i_category = 'Home'::bpchar)"                                                                                                                                                                                                               +
                                             }                                                                                                                                                                                                                                                         +
                                           ]                                                                                                                                                                                                                                                           +
                                         }                                                                                                                                                                                                                                                             +
                                       ]                                                                                                                                                                                                                                                               +
                                     },                                                                                                                                                                                                                                                                +
                                     {                                                                                                                                                                                                                                                                 +
                                       "Node Type": "Hash",                                                                                                                                                                                                                                            +
                                       "Parent Relationship": "Inner",                                                                                                                                                                                                                                 +
                                       "Parallel Aware": true,                                                                                                                                                                                                                                         +
                                       "Startup Cost": 1834.70,                                                                                                                                                                                                                                        +
                                       "Total Cost": 1834.70,                                                                                                                                                                                                                                          +
                                       "Plan Rows": 42970,                                                                                                                                                                                                                                             +
                                       "Plan Width": 8,                                                                                                                                                                                                                                                +
                                       "Plans": [                                                                                                                                                                                                                                                      +
                                         {                                                                                                                                                                                                                                                             +
                                           "Node Type": "Seq Scan",                                                                                                                                                                                                                                    +
                                           "Parent Relationship": "Outer",                                                                                                                                                                                                                             +
                                           "Parallel Aware": true,                                                                                                                                                                                                                                     +
                                           "Relation Name": "date_dim",                                                                                                                                                                                                                                +
                                           "Alias": "date_dim",                                                                                                                                                                                                                                        +
                                           "Startup Cost": 0.00,                                                                                                                                                                                                                                       +
                                           "Total Cost": 1834.70,                                                                                                                                                                                                                                      +
                                           "Plan Rows": 42970,                                                                                                                                                                                                                                         +
                                           "Plan Width": 8                                                                                                                                                                                                                                             +
                                         }                                                                                                                                                                                                                                                             +
                                       ]                                                                                                                                                                                                                                                               +
                                     }                                                                                                                                                                                                                                                                 +
                                   ]                                                                                                                                                                                                                                                                   +
                                 },                                                                                                                                                                                                                                                                    +
                                 {                                                                                                                                                                                                                                                                     +
                                   "Node Type": "Hash",                                                                                                                                                                                                                                                +
                                   "Parent Relationship": "Inner",                                                                                                                                                                                                                                     +
                                   "Parallel Aware": true,                                                                                                                                                                                                                                             +
                                   "Startup Cost": 5988.98,                                                                                                                                                                                                                                            +
                                   "Total Cost": 5988.98,                                                                                                                                                                                                                                              +
                                   "Plan Rows": 119798,                                                                                                                                                                                                                                                +
                                   "Plan Width": 18,                                                                                                                                                                                                                                                   +
                                   "Plans": [                                                                                                                                                                                                                                                          +
                                     {                                                                                                                                                                                                                                                                 +
                                       "Node Type": "Seq Scan",                                                                                                                                                                                                                                        +
                                       "Parent Relationship": "Outer",                                                                                                                                                                                                                                 +
                                       "Parallel Aware": true,                                                                                                                                                                                                                                         +
                                       "Relation Name": "store_returns",                                                                                                                                                                                                                               +
                                       "Alias": "store_returns",                                                                                                                                                                                                                                       +
                                       "Startup Cost": 0.00,                                                                                                                                                                                                                                           +
                                       "Total Cost": 5988.98,                                                                                                                                                                                                                                          +
                                       "Plan Rows": 119798,                                                                                                                                                                                                                                            +
                                       "Plan Width": 18                                                                                                                                                                                                                                                +
                                     }                                                                                                                                                                                                                                                                 +
                                   ]                                                                                                                                                                                                                                                                   +
                                 }                                                                                                                                                                                                                                                                     +
                               ]                                                                                                                                                                                                                                                                       +
                             },                                                                                                                                                                                                                                                                        +
                             {                                                                                                                                                                                                                                                                         +
                               "Node Type": "Hash Join",                                                                                                                                                                                                                                               +
                               "Parent Relationship": "Member",                                                                                                                                                                                                                                        +
                               "Parallel Aware": true,                                                                                                                                                                                                                                                 +
                               "Join Type": "Left",                                                                                                                                                                                                                                                    +
                               "Startup Cost": 8743.09,                                                                                                                                                                                                                                                +
                               "Total Cost": 54505.83,                                                                                                                                                                                                                                                 +
                               "Plan Rows": 60012,                                                                                                                                                                                                                                                     +
                               "Plan Width": 56,                                                                                                                                                                                                                                                       +
                               "Inner Unique": true,                                                                                                                                                                                                                                                   +
                               "Hash Cond": "((catalog_sales.cs_order_number = catalog_returns.cr_order_number) AND (catalog_sales.cs_item_sk = catalog_returns.cr_item_sk))",                                                                                                                         +
                               "Plans": [                                                                                                                                                                                                                                                              +
                                 {                                                                                                                                                                                                                                                                     +
                                   "Node Type": "Hash Join",                                                                                                                                                                                                                                           +
                                   "Parent Relationship": "Outer",                                                                                                                                                                                                                                     +
                                   "Parallel Aware": true,                                                                                                                                                                                                                                             +
                                   "Join Type": "Inner",                                                                                                                                                                                                                                               +
                                   "Startup Cost": 3747.47,                                                                                                                                                                                                                                            +
                                   "Total Cost": 48895.08,                                                                                                                                                                                                                                             +
                                   "Plan Rows": 60012,                                                                                                                                                                                                                                                 +
                                   "Plan Width": 38,                                                                                                                                                                                                                                                   +
                                   "Inner Unique": true,                                                                                                                                                                                                                                               +
                                   "Hash Cond": "(catalog_sales.cs_sold_date_sk = date_dim_1.d_date_sk)",                                                                                                                                                                                              +
                                   "Plans": [                                                                                                                                                                                                                                                          +
                                     {                                                                                                                                                                                                                                                                 +
                                       "Node Type": "Hash Join",                                                                                                                                                                                                                                       +
                                       "Parent Relationship": "Outer",                                                                                                                                                                                                                                 +
                                       "Parallel Aware": true,                                                                                                                                                                                                                                         +
                                       "Join Type": "Inner",                                                                                                                                                                                                                                           +
                                       "Startup Cost": 1375.64,                                                                                                                                                                                                                                        +
                                       "Total Cost": 46364.94,                                                                                                                                                                                                                                         +
                                       "Plan Rows": 60304,                                                                                                                                                                                                                                             +
                                       "Plan Width": 38,                                                                                                                                                                                                                                               +
                                       "Inner Unique": true,                                                                                                                                                                                                                                           +
                                       "Hash Cond": "(catalog_sales.cs_item_sk = item_1.i_item_sk)",                                                                                                                                                                                                   +
                                       "Plans": [                                                                                                                                                                                                                                                      +
                                         {                                                                                                                                                                                                                                                             +
                                           "Node Type": "Seq Scan",                                                                                                                                                                                                                                    +
                                           "Parent Relationship": "Outer",                                                                                                                                                                                                                             +
                                           "Parallel Aware": true,                                                                                                                                                                                                                                     +
                                           "Relation Name": "catalog_sales",                                                                                                                                                                                                                           +
                                           "Alias": "catalog_sales",                                                                                                                                                                                                                                   +
                                           "Startup Cost": 0.00,                                                                                                                                                                                                                                       +
                                           "Total Cost": 43412.07,                                                                                                                                                                                                                                     +
                                           "Plan Rows": 600708,                                                                                                                                                                                                                                        +
                                           "Plan Width": 22                                                                                                                                                                                                                                            +
                                         },                                                                                                                                                                                                                                                            +
                                         {                                                                                                                                                                                                                                                             +
                                           "Node Type": "Hash",                                                                                                                                                                                                                                        +
                                           "Parent Relationship": "Inner",                                                                                                                                                                                                                             +
                                           "Parallel Aware": true,                                                                                                                                                                                                                                     +
                                           "Startup Cost": 1362.35,                                                                                                                                                                                                                                    +
                                           "Total Cost": 1362.35,                                                                                                                                                                                                                                      +
                                           "Plan Rows": 1063,                                                                                                                                                                                                                                          +
                                           "Plan Width": 20,                                                                                                                                                                                                                                           +
                                           "Plans": [                                                                                                                                                                                                                                                  +
                                             {                                                                                                                                                                                                                                                         +
                                               "Node Type": "Seq Scan",                                                                                                                                                                                                                                +
                                               "Parent Relationship": "Outer",                                                                                                                                                                                                                         +
                                               "Parallel Aware": true,                                                                                                                                                                                                                                 +
                                               "Relation Name": "item",                                                                                                                                                                                                                                +
                                               "Alias": "item_1",                                                                                                                                                                                                                                      +
                                               "Startup Cost": 0.00,                                                                                                                                                                                                                                   +
                                               "Total Cost": 1362.35,                                                                                                                                                                                                                                  +
                                               "Plan Rows": 1063,                                                                                                                                                                                                                                      +
                                               "Plan Width": 20,                                                                                                                                                                                                                                       +
                                               "Filter": "(i_category = 'Home'::bpchar)"                                                                                                                                                                                                               +
                                             }                                                                                                                                                                                                                                                         +
                                           ]                                                                                                                                                                                                                                                           +
                                         }                                                                                                                                                                                                                                                             +
                                       ]                                                                                                                                                                                                                                                               +
                                     },                                                                                                                                                                                                                                                                +
                                     {                                                                                                                                                                                                                                                                 +
                                       "Node Type": "Hash",                                                                                                                                                                                                                                            +
                                       "Parent Relationship": "Inner",                                                                                                                                                                                                                                 +
                                       "Parallel Aware": true,                                                                                                                                                                                                                                         +
                                       "Startup Cost": 1834.70,                                                                                                                                                                                                                                        +
                                       "Total Cost": 1834.70,                                                                                                                                                                                                                                          +
                                       "Plan Rows": 42970,                                                                                                                                                                                                                                             +
                                       "Plan Width": 8,                                                                                                                                                                                                                                                +
                                       "Plans": [                                                                                                                                                                                                                                                      +
                                         {                                                                                                                                                                                                                                                             +
                                           "Node Type": "Seq Scan",                                                                                                                                                                                                                                    +
                                           "Parent Relationship": "Outer",                                                                                                                                                                                                                             +
                                           "Parallel Aware": true,                                                                                                                                                                                                                                     +
                                           "Relation Name": "date_dim",                                                                                                                                                                                                                                +
                                           "Alias": "date_dim_1",                                                                                                                                                                                                                                      +
                                           "Startup Cost": 0.00,                                                                                                                                                                                                                                       +
                                           "Total Cost": 1834.70,                                                                                                                                                                                                                                      +
                                           "Plan Rows": 42970,                                                                                                                                                                                                                                         +
                                           "Plan Width": 8                                                                                                                                                                                                                                             +
                                         }                                                                                                                                                                                                                                                             +
                                       ]                                                                                                                                                                                                                                                               +
                                     }                                                                                                                                                                                                                                                                 +
                                   ]                                                                                                                                                                                                                                                                   +
                                 },                                                                                                                                                                                                                                                                    +
                                 {                                                                                                                                                                                                                                                                     +
                                   "Node Type": "Hash",                                                                                                                                                                                                                                                +
                                   "Parent Relationship": "Inner",                                                                                                                                                                                                                                     +
                                   "Parallel Aware": true,                                                                                                                                                                                                                                             +
                                   "Startup Cost": 3724.45,                                                                                                                                                                                                                                            +
                                   "Total Cost": 3724.45,                                                                                                                                                                                                                                              +
                                   "Plan Rows": 84745,                                                                                                                                                                                                                                                 +
                                   "Plan Width": 18,                                                                                                                                                                                                                                                   +
                                   "Plans": [                                                                                                                                                                                                                                                          +
                                     {                                                                                                                                                                                                                                                                 +
                                       "Node Type": "Seq Scan",                                                                                                                                                                                                                                        +
                                       "Parent Relationship": "Outer",                                                                                                                                                                                                                                 +
                                       "Parallel Aware": true,                                                                                                                                                                                                                                         +
                                       "Relation Name": "catalog_returns",                                                                                                                                                                                                                             +
                                       "Alias": "catalog_returns",                                                                                                                                                                                                                                     +
                                       "Startup Cost": 0.00,                                                                                                                                                                                                                                           +
                                       "Total Cost": 3724.45,                                                                                                                                                                                                                                          +
                                       "Plan Rows": 84745,                                                                                                                                                                                                                                             +
                                       "Plan Width": 18                                                                                                                                                                                                                                                +
                                     }                                                                                                                                                                                                                                                                 +
                                   ]                                                                                                                                                                                                                                                                   +
                                 }                                                                                                                                                                                                                                                                     +
                               ]                                                                                                                                                                                                                                                                       +
                             },                                                                                                                                                                                                                                                                        +
                             {                                                                                                                                                                                                                                                                         +
                               "Node Type": "Hash Join",                                                                                                                                                                                                                                               +
                               "Parent Relationship": "Member",                                                                                                                                                                                                                                        +
                               "Parallel Aware": true,                                                                                                                                                                                                                                                 +
                               "Join Type": "Left",                                                                                                                                                                                                                                                    +
                               "Startup Cost": 6129.81,                                                                                                                                                                                                                                                +
                               "Total Cost": 29068.60,                                                                                                                                                                                                                                                 +
                               "Plan Rows": 30083,                                                                                                                                                                                                                                                     +
                               "Plan Width": 56,                                                                                                                                                                                                                                                       +
                               "Inner Unique": true,                                                                                                                                                                                                                                                   +
                               "Hash Cond": "((web_sales.ws_order_number = web_returns.wr_order_number) AND (web_sales.ws_item_sk = web_returns.wr_item_sk))",                                                                                                                                         +
                               "Plans": [                                                                                                                                                                                                                                                              +
                                 {                                                                                                                                                                                                                                                                     +
                                   "Node Type": "Hash Join",                                                                                                                                                                                                                                           +
                                   "Parent Relationship": "Outer",                                                                                                                                                                                                                                     +
                                   "Parallel Aware": true,                                                                                                                                                                                                                                             +
                                   "Join Type": "Inner",                                                                                                                                                                                                                                               +
                                   "Startup Cost": 3747.47,                                                                                                                                                                                                                                            +
                                   "Total Cost": 26377.90,                                                                                                                                                                                                                                             +
                                   "Plan Rows": 30083,                                                                                                                                                                                                                                                 +
                                   "Plan Width": 38,                                                                                                                                                                                                                                                   +
                                   "Inner Unique": true,                                                                                                                                                                                                                                               +
                                   "Hash Cond": "(web_sales.ws_sold_date_sk = date_dim_2.d_date_sk)",                                                                                                                                                                                                  +
                                   "Plans": [                                                                                                                                                                                                                                                          +
                                     {                                                                                                                                                                                                                                                                 +
                                       "Node Type": "Hash Join",                                                                                                                                                                                                                                       +
                                       "Parent Relationship": "Outer",                                                                                                                                                                                                                                 +
                                       "Parallel Aware": true,                                                                                                                                                                                                                                         +
                                       "Join Type": "Inner",                                                                                                                                                                                                                                           +
                                       "Startup Cost": 1375.64,                                                                                                                                                                                                                                        +
                                       "Total Cost": 23927.09,                                                                                                                                                                                                                                         +
                                       "Plan Rows": 30091,                                                                                                                                                                                                                                             +
                                       "Plan Width": 38,                                                                                                                                                                                                                                               +
                                       "Inner Unique": true,                                                                                                                                                                                                                                           +
                                       "Hash Cond": "(web_sales.ws_item_sk = item_2.i_item_sk)",                                                                                                                                                                                                       +
                                       "Plans": [                                                                                                                                                                                                                                                      +
                                         {                                                                                                                                                                                                                                                             +
                                           "Node Type": "Seq Scan",                                                                                                                                                                                                                                    +
                                           "Parent Relationship": "Outer",                                                                                                                                                                                                                             +
                                           "Parallel Aware": true,                                                                                                                                                                                                                                     +
                                           "Relation Name": "web_sales",                                                                                                                                                                                                                               +
                                           "Alias": "web_sales",                                                                                                                                                                                                                                       +
                                           "Startup Cost": 0.00,                                                                                                                                                                                                                                       +
                                           "Total Cost": 21764.43,                                                                                                                                                                                                                                     +
                                           "Plan Rows": 299743,                                                                                                                                                                                                                                        +
                                           "Plan Width": 22                                                                                                                                                                                                                                            +
                                         },                                                                                                                                                                                                                                                            +
                                         {                                                                                                                                                                                                                                                             +
                                           "Node Type": "Hash",                                                                                                                                                                                                                                        +
                                           "Parent Relationship": "Inner",                                                                                                                                                                                                                             +
                                           "Parallel Aware": true,                                                                                                                                                                                                                                     +
                                           "Startup Cost": 1362.35,                                                                                                                                                                                                                                    +
                                           "Total Cost": 1362.35,                                                                                                                                                                                                                                      +
                                           "Plan Rows": 1063,                                                                                                                                                                                                                                          +
                                           "Plan Width": 20,                                                                                                                                                                                                                                           +
                                           "Plans": [                                                                                                                                                                                                                                                  +
                                             {                                                                                                                                                                                                                                                         +
                                               "Node Type": "Seq Scan",                                                                                                                                                                                                                                +
                                               "Parent Relationship": "Outer",                                                                                                                                                                                                                         +
                                               "Parallel Aware": true,                                                                                                                                                                                                                                 +
                                               "Relation Name": "item",                                                                                                                                                                                                                                +
                                               "Alias": "item_2",                                                                                                                                                                                                                                      +
                                               "Startup Cost": 0.00,                                                                                                                                                                                                                                   +
                                               "Total Cost": 1362.35,                                                                                                                                                                                                                                  +
                                               "Plan Rows": 1063,                                                                                                                                                                                                                                      +
                                               "Plan Width": 20,                                                                                                                                                                                                                                       +
                                               "Filter": "(i_category = 'Home'::bpchar)"                                                                                                                                                                                                               +
                                             }                                                                                                                                                                                                                                                         +
                                           ]                                                                                                                                                                                                                                                           +
                                         }                                                                                                                                                                                                                                                             +
                                       ]                                                                                                                                                                                                                                                               +
                                     },                                                                                                                                                                                                                                                                +
                                     {                                                                                                                                                                                                                                                                 +
                                       "Node Type": "Hash",                                                                                                                                                                                                                                            +
                                       "Parent Relationship": "Inner",                                                                                                                                                                                                                                 +
                                       "Parallel Aware": true,                                                                                                                                                                                                                                         +
                                       "Startup Cost": 1834.70,                                                                                                                                                                                                                                        +
                                       "Total Cost": 1834.70,                                                                                                                                                                                                                                          +
                                       "Plan Rows": 42970,                                                                                                                                                                                                                                             +
                                       "Plan Width": 8,                                                                                                                                                                                                                                                +
                                       "Plans": [                                                                                                                                                                                                                                                      +
                                         {                                                                                                                                                                                                                                                             +
                                           "Node Type": "Seq Scan",                                                                                                                                                                                                                                    +
                                           "Parent Relationship": "Outer",                                                                                                                                                                                                                             +
                                           "Parallel Aware": true,                                                                                                                                                                                                                                     +
                                           "Relation Name": "date_dim",                                                                                                                                                                                                                                +
                                           "Alias": "date_dim_2",                                                                                                                                                                                                                                      +
                                           "Startup Cost": 0.00,                                                                                                                                                                                                                                       +
                                           "Total Cost": 1834.70,                                                                                                                                                                                                                                      +
                                           "Plan Rows": 42970,                                                                                                                                                                                                                                         +
                                           "Plan Width": 8                                                                                                                                                                                                                                             +
                                         }                                                                                                                                                                                                                                                             +
                                       ]                                                                                                                                                                                                                                                               +
                                     }                                                                                                                                                                                                                                                                 +
                                   ]                                                                                                                                                                                                                                                                   +
                                 },                                                                                                                                                                                                                                                                    +
                                 {                                                                                                                                                                                                                                                                     +
                                   "Node Type": "Hash",                                                                                                                                                                                                                                                +
                                   "Parent Relationship": "Inner",                                                                                                                                                                                                                                     +
                                   "Parallel Aware": true,                                                                                                                                                                                                                                             +
                                   "Startup Cost": 1749.14,                                                                                                                                                                                                                                            +
                                   "Total Cost": 1749.14,                                                                                                                                                                                                                                              +
                                   "Plan Rows": 42214,                                                                                                                                                                                                                                                 +
                                   "Plan Width": 18,                                                                                                                                                                                                                                                   +
                                   "Plans": [                                                                                                                                                                                                                                                          +
                                     {                                                                                                                                                                                                                                                                 +
                                       "Node Type": "Seq Scan",                                                                                                                                                                                                                                        +
                                       "Parent Relationship": "Outer",                                                                                                                                                                                                                                 +
                                       "Parallel Aware": true,                                                                                                                                                                                                                                         +
                                       "Relation Name": "web_returns",                                                                                                                                                                                                                                 +
                                       "Alias": "web_returns",                                                                                                                                                                                                                                         +
                                       "Startup Cost": 0.00,                                                                                                                                                                                                                                           +
                                       "Total Cost": 1749.14,                                                                                                                                                                                                                                          +
                                       "Plan Rows": 42214,                                                                                                                                                                                                                                             +
                                       "Plan Width": 18                                                                                                                                                                                                                                                +
                                     }                                                                                                                                                                                                                                                                 +
                                   ]                                                                                                                                                                                                                                                                   +
                                 }                                                                                                                                                                                                                                                                     +
                               ]                                                                                                                                                                                                                                                                       +
                             }                                                                                                                                                                                                                                                                         +
                           ]                                                                                                                                                                                                                                                                           +
                         }                                                                                                                                                                                                                                                                             +
                       ]                                                                                                                                                                                                                                                                               +
                     }                                                                                                                                                                                                                                                                                 +
                   ]                                                                                                                                                                                                                                                                                   +
                 }                                                                                                                                                                                                                                                                                     +
               ]                                                                                                                                                                                                                                                                                       +
             }                                                                                                                                                                                                                                                                                         +
           ]                                                                                                                                                                                                                                                                                           +
         },                                                                                                                                                                                                                                                                                            +
         {                                                                                                                                                                                                                                                                                             +
           "Node Type": "Sort",                                                                                                                                                                                                                                                                        +
           "Parent Relationship": "Outer",                                                                                                                                                                                                                                                             +
           "Parallel Aware": false,                                                                                                                                                                                                                                                                    +
           "Startup Cost": 2253.79,                                                                                                                                                                                                                                                                    +
           "Total Cost": 2253.80,                                                                                                                                                                                                                                                                      +
           "Plan Rows": 1,                                                                                                                                                                                                                                                                             +
           "Plan Width": 80,                                                                                                                                                                                                                                                                           +
           "Sort Key": ["((curr_yr.sales_cnt - prev_yr.sales_cnt))", "((curr_yr.sales_amt - prev_yr.sales_amt))"],                                                                                                                                                                                     +
           "Plans": [                                                                                                                                                                                                                                                                                  +
             {                                                                                                                                                                                                                                                                                         +
               "Node Type": "Hash Join",                                                                                                                                                                                                                                                               +
               "Parent Relationship": "Outer",                                                                                                                                                                                                                                                         +
               "Parallel Aware": false,                                                                                                                                                                                                                                                                +
               "Join Type": "Inner",                                                                                                                                                                                                                                                                   +
               "Startup Cost": 1112.73,                                                                                                                                                                                                                                                                +
               "Total Cost": 2253.78,                                                                                                                                                                                                                                                                  +
               "Plan Rows": 1,                                                                                                                                                                                                                                                                         +
               "Plan Width": 80,                                                                                                                                                                                                                                                                       +
               "Inner Unique": false,                                                                                                                                                                                                                                                                  +
               "Hash Cond": "((curr_yr.i_brand_id = prev_yr.i_brand_id) AND (curr_yr.i_class_id = prev_yr.i_class_id) AND (curr_yr.i_category_id = prev_yr.i_category_id) AND (curr_yr.i_manufact_id = prev_yr.i_manufact_id))",                                                                       +
               "Join Filter": "(((curr_yr.sales_cnt)::numeric(17,2) / (prev_yr.sales_cnt)::numeric(17,2)) < 0.9)",                                                                                                                                                                                     +
               "Plans": [                                                                                                                                                                                                                                                                              +
                 {                                                                                                                                                                                                                                                                                     +
                   "Node Type": "CTE Scan",                                                                                                                                                                                                                                                            +
                   "Parent Relationship": "Outer",                                                                                                                                                                                                                                                     +
                   "Parallel Aware": false,                                                                                                                                                                                                                                                            +
                   "CTE Name": "all_sales",                                                                                                                                                                                                                                                            +
                   "Alias": "curr_yr",                                                                                                                                                                                                                                                                 +
                   "Startup Cost": 0.00,                                                                                                                                                                                                                                                               +
                   "Total Cost": 1107.81,                                                                                                                                                                                                                                                              +
                   "Plan Rows": 246,                                                                                                                                                                                                                                                                   +
                   "Plan Width": 60,                                                                                                                                                                                                                                                                   +
                   "Filter": "(d_year = 2002)"                                                                                                                                                                                                                                                         +
                 },                                                                                                                                                                                                                                                                                    +
                 {                                                                                                                                                                                                                                                                                     +
                   "Node Type": "Hash",                                                                                                                                                                                                                                                                +
                   "Parent Relationship": "Inner",                                                                                                                                                                                                                                                     +
                   "Parallel Aware": false,                                                                                                                                                                                                                                                            +
                   "Startup Cost": 1107.81,                                                                                                                                                                                                                                                            +
                   "Total Cost": 1107.81,                                                                                                                                                                                                                                                              +
                   "Plan Rows": 246,                                                                                                                                                                                                                                                                   +
                   "Plan Width": 60,                                                                                                                                                                                                                                                                   +
                   "Plans": [                                                                                                                                                                                                                                                                          +
                     {                                                                                                                                                                                                                                                                                 +
                       "Node Type": "CTE Scan",                                                                                                                                                                                                                                                        +
                       "Parent Relationship": "Outer",                                                                                                                                                                                                                                                 +
                       "Parallel Aware": false,                                                                                                                                                                                                                                                        +
                       "CTE Name": "all_sales",                                                                                                                                                                                                                                                        +
                       "Alias": "prev_yr",                                                                                                                                                                                                                                                             +
                       "Startup Cost": 0.00,                                                                                                                                                                                                                                                           +
                       "Total Cost": 1107.81,                                                                                                                                                                                                                                                          +
                       "Plan Rows": 246,                                                                                                                                                                                                                                                               +
                       "Plan Width": 60,                                                                                                                                                                                                                                                               +
                       "Filter": "(d_year = 2001)"                                                                                                                                                                                                                                                     +
                     }                                                                                                                                                                                                                                                                                 +
                   ]                                                                                                                                                                                                                                                                                   +
                 }                                                                                                                                                                                                                                                                                     +
               ]                                                                                                                                                                                                                                                                                       +
             }                                                                                                                                                                                                                                                                                         +
           ]                                                                                                                                                                                                                                                                                           +
         }                                                                                                                                                                                                                                                                                             +
       ]                                                                                                                                                                                                                                                                                               +
     }                                                                                                                                                                                                                                                                                                 +
   }                                                                                                                                                                                                                                                                                                   +
 ]
(1 row)

