[
  {
    "Plan": {
      "Node Type": "Limit",
      "Parallel Aware": false,
      "Startup Cost": 108983.67,
      "Total Cost": 108983.68,
      "Plan Rows": 1,
      "Plan Width": 276,
      "Plans": [
        {
          "Node Type": "Append",
          "Parent Relationship": "InitPlan",
          "Subplan Name": "CTE year_total",
          "Parallel Aware": false,
          "Startup Cost": 74110.70,
          "Total Cost": 105486.48,
          "Plan Rows": 33306,
          "Plan Width": 137,
          "Plans": [
            {
              "Node Type": "Aggregate",
              "Strategy": "Sorted",
              "Partial Mode": "Finalize",
              "Parent Relationship": "Member",
              "Parallel Aware": false,
              "Startup Cost": 74110.70,
              "Total Cost": 77432.04,
              "Plan Rows": 26149,
              "Plan Width": 137,
              "Group Key": ["customer.c_customer_id", "customer.c_first_name", "customer.c_last_name", "date_dim.d_year"],
              "Plans": [
                {
                  "Node Type": "Gather Merge",
                  "Parent Relationship": "Outer",
                  "Parallel Aware": false,
                  "Startup Cost": 74110.70,
                  "Total Cost": 76898.18,
                  "Plan Rows": 21790,
                  "Plan Width": 105,
                  "Workers Planned": 2,
                  "Plans": [
                    {
                      "Node Type": "Aggregate",
                      "Strategy": "Sorted",
                      "Partial Mode": "Partial",
                      "Parent Relationship": "Outer",
                      "Parallel Aware": false,
                      "Startup Cost": 73110.67,
                      "Total Cost": 73383.05,
                      "Plan Rows": 10895,
                      "Plan Width": 105,
                      "Group Key": ["customer.c_customer_id", "customer.c_first_name", "customer.c_last_name", "date_dim.d_year"],
                      "Plans": [
                        {
                          "Node Type": "Sort",
                          "Parent Relationship": "Outer",
                          "Parallel Aware": false,
                          "Startup Cost": 73110.67,
                          "Total Cost": 73137.91,
                          "Plan Rows": 10895,
                          "Plan Width": 79,
                          "Sort Key": ["customer.c_customer_id", "customer.c_first_name", "customer.c_last_name", "date_dim.d_year"],
                          "Plans": [
                            {
                              "Node Type": "Nested Loop",
                              "Parent Relationship": "Outer",
                              "Parallel Aware": false,
                              "Join Type": "Inner",
                              "Startup Cost": 1947.77,
                              "Total Cost": 72380.09,
                              "Plan Rows": 10895,
                              "Plan Width": 79,
                              "Inner Unique": true,
                              "Plans": [
                                {
                                  "Node Type": "Hash Join",
                                  "Parent Relationship": "Outer",
                                  "Parallel Aware": true,
                                  "Join Type": "Inner",
                                  "Startup Cost": 1947.47,
                                  "Total Cost": 68796.01,
                                  "Plan Rows": 11406,
                                  "Plan Width": 14,
                                  "Inner Unique": true,
                                  "Hash Cond": "(store_sales.ss_sold_date_sk = date_dim.d_date_sk)",
                                  "Plans": [
                                    {
                                      "Node Type": "Seq Scan",
                                      "Parent Relationship": "Outer",
                                      "Parallel Aware": true,
                                      "Relation Name": "store_sales",
                                      "Alias": "store_sales",
                                      "Startup Cost": 0.00,
                                      "Total Cost": 63697.87,
                                      "Plan Rows": 1200187,
                                      "Plan Width": 14
                                    },
                                    {
                                      "Node Type": "Hash",
                                      "Parent Relationship": "Inner",
                                      "Parallel Aware": true,
                                      "Startup Cost": 1942.12,
                                      "Total Cost": 1942.12,
                                      "Plan Rows": 428,
                                      "Plan Width": 8,
                                      "Plans": [
                                        {
                                          "Node Type": "Seq Scan",
                                          "Parent Relationship": "Outer",
                                          "Parallel Aware": true,
                                          "Relation Name": "date_dim",
                                          "Alias": "date_dim",
                                          "Startup Cost": 0.00,
                                          "Total Cost": 1942.12,
                                          "Plan Rows": 428,
                                          "Plan Width": 8,
                                          "Filter": "(d_year = ANY ('{1998,1999}'::integer[]))"
                                        }
                                      ]
                                    }
                                  ]
                                },
                                {
                                  "Node Type": "Index Scan",
                                  "Parent Relationship": "Inner",
                                  "Parallel Aware": false,
                                  "Scan Direction": "Forward",
                                  "Index Name": "customer_pkey",
                                  "Relation Name": "customer",
                                  "Alias": "customer",
                                  "Startup Cost": 0.29,
                                  "Total Cost": 0.31,
                                  "Plan Rows": 1,
                                  "Plan Width": 73,
                                  "Index Cond": "(c_customer_sk = store_sales.ss_customer_sk)"
                                }
                              ]
                            }
                          ]
                        }
                      ]
                    }
                  ]
                }
              ]
            },
            {
              "Node Type": "Aggregate",
              "Strategy": "Sorted",
              "Partial Mode": "Finalize",
              "Parent Relationship": "Member",
              "Parallel Aware": false,
              "Startup Cost": 26645.79,
              "Total Cost": 27554.85,
              "Plan Rows": 7157,
              "Plan Width": 137,
              "Group Key": ["customer_1.c_customer_id", "customer_1.c_first_name", "customer_1.c_last_name", "date_dim_1.d_year"],
              "Plans": [
                {
                  "Node Type": "Gather Merge",
                  "Parent Relationship": "Outer",
                  "Parallel Aware": false,
                  "Startup Cost": 26645.79,
                  "Total Cost": 27408.73,
                  "Plan Rows": 5964,
                  "Plan Width": 105,
                  "Workers Planned": 2,
                  "Plans": [
                    {
                      "Node Type": "Aggregate",
                      "Strategy": "Sorted",
                      "Partial Mode": "Partial",
                      "Parent Relationship": "Outer",
                      "Parallel Aware": false,
                      "Startup Cost": 25645.76,
                      "Total Cost": 25720.31,
                      "Plan Rows": 2982,
                      "Plan Width": 105,
                      "Group Key": ["customer_1.c_customer_id", "customer_1.c_first_name", "customer_1.c_last_name", "date_dim_1.d_year"],
                      "Plans": [
                        {
                          "Node Type": "Sort",
                          "Parent Relationship": "Outer",
                          "Parallel Aware": false,
                          "Startup Cost": 25645.76,
                          "Total Cost": 25653.22,
                          "Plan Rows": 2982,
                          "Plan Width": 79,
                          "Sort Key": ["customer_1.c_customer_id", "customer_1.c_first_name", "customer_1.c_last_name", "date_dim_1.d_year"],
                          "Plans": [
                            {
                              "Node Type": "Nested Loop",
                              "Parent Relationship": "Outer",
                              "Parallel Aware": false,
                              "Join Type": "Inner",
                              "Startup Cost": 1947.77,
                              "Total Cost": 25473.67,
                              "Plan Rows": 2982,
                              "Plan Width": 79,
                              "Inner Unique": true,
                              "Plans": [
                                {
                                  "Node Type": "Hash Join",
                                  "Parent Relationship": "Outer",
                                  "Parallel Aware": true,
                                  "Join Type": "Inner",
                                  "Startup Cost": 1947.47,
                                  "Total Cost": 24498.78,
                                  "Plan Rows": 2982,
                                  "Plan Width": 14,
                                  "Inner Unique": true,
                                  "Hash Cond": "(web_sales.ws_sold_date_sk = date_dim_1.d_date_sk)",
                                  "Plans": [
                                    {
                                      "Node Type": "Seq Scan",
                                      "Parent Relationship": "Outer",
                                      "Parallel Aware": true,
                                      "Relation Name": "web_sales",
                                      "Alias": "web_sales",
                                      "Startup Cost": 0.00,
                                      "Total Cost": 21764.43,
                                      "Plan Rows": 299743,
                                      "Plan Width": 14
                                    },
                                    {
                                      "Node Type": "Hash",
                                      "Parent Relationship": "Inner",
                                      "Parallel Aware": true,
                                      "Startup Cost": 1942.12,
                                      "Total Cost": 1942.12,
                                      "Plan Rows": 428,
                                      "Plan Width": 8,
                                      "Plans": [
                                        {
                                          "Node Type": "Seq Scan",
                                          "Parent Relationship": "Outer",
                                          "Parallel Aware": true,
                                          "Relation Name": "date_dim",
                                          "Alias": "date_dim_1",
                                          "Startup Cost": 0.00,
                                          "Total Cost": 1942.12,
                                          "Plan Rows": 428,
                                          "Plan Width": 8,
                                          "Filter": "(d_year = ANY ('{1998,1999}'::integer[]))"
                                        }
                                      ]
                                    }
                                  ]
                                },
                                {
                                  "Node Type": "Index Scan",
                                  "Parent Relationship": "Inner",
                                  "Parallel Aware": false,
                                  "Scan Direction": "Forward",
                                  "Index Name": "customer_pkey",
                                  "Relation Name": "customer",
                                  "Alias": "customer_1",
                                  "Startup Cost": 0.29,
                                  "Total Cost": 0.33,
                                  "Plan Rows": 1,
                                  "Plan Width": 73,
                                  "Index Cond": "(c_customer_sk = web_sales.ws_bill_customer_sk)"
                                }
                              ]
                            }
                          ]
                        }
                      ]
                    }
                  ]
                }
              ]
            }
          ]
        },
        {
          "Node Type": "Sort",
          "Parent Relationship": "Outer",
          "Parallel Aware": false,
          "Startup Cost": 3497.19,
          "Total Cost": 3497.20,
          "Plan Rows": 1,
          "Plan Width": 276,
          "Sort Key": ["t_s_secyear.customer_id", "t_s_secyear.customer_last_name", "t_s_secyear.customer_first_name"],
          "Plans": [
            {
              "Node Type": "Nested Loop",
              "Parent Relationship": "Outer",
              "Parallel Aware": false,
              "Join Type": "Inner",
              "Startup Cost": 0.00,
              "Total Cost": 3497.18,
              "Plan Rows": 1,
              "Plan Width": 276,
              "Inner Unique": false,
              "Join Filter": "((t_s_secyear.customer_id = t_w_secyear.customer_id) AND (CASE WHEN (t_w_firstyear.year_total > '0'::numeric) THEN (t_w_secyear.year_total / t_w_firstyear.year_total) ELSE NULL::numeric END > CASE WHEN (t_s_firstyear.year_total > '0'::numeric) THEN (t_s_secyear.year_total / t_s_firstyear.year_total) ELSE NULL::numeric END))",
              "Plans": [
                {
                  "Node Type": "Nested Loop",
                  "Parent Relationship": "Outer",
                  "Parallel Aware": false,
                  "Join Type": "Inner",
                  "Startup Cost": 0.00,
                  "Total Cost": 2664.51,
                  "Plan Rows": 1,
                  "Plan Width": 508,
                  "Inner Unique": false,
                  "Join Filter": "(t_s_secyear.customer_id = t_w_firstyear.customer_id)",
                  "Plans": [
                    {
                      "Node Type": "Nested Loop",
                      "Parent Relationship": "Outer",
                      "Parallel Aware": false,
                      "Join Type": "Inner",
                      "Startup Cost": 0.00,
                      "Total Cost": 1748.58,
                      "Plan Rows": 1,
                      "Plan Width": 408,
                      "Inner Unique": false,
                      "Join Filter": "(t_s_firstyear.customer_id = t_s_secyear.customer_id)",
                      "Plans": [
                        {
                          "Node Type": "CTE Scan",
                          "Parent Relationship": "Outer",
                          "Parallel Aware": false,
                          "CTE Name": "year_total",
                          "Alias": "t_s_firstyear",
                          "Startup Cost": 0.00,
                          "Total Cost": 915.92,
                          "Plan Rows": 1,
                          "Plan Width": 100,
                          "Filter": "((year_total > '0'::numeric) AND (sale_type = 's'::text) AND (year = 1998))"
                        },
                        {
                          "Node Type": "CTE Scan",
                          "Parent Relationship": "Inner",
                          "Parallel Aware": false,
                          "CTE Name": "year_total",
                          "Alias": "t_s_secyear",
                          "Startup Cost": 0.00,
                          "Total Cost": 832.65,
                          "Plan Rows": 1,
                          "Plan Width": 308,
                          "Filter": "((sale_type = 's'::text) AND (year = 1999))"
                        }
                      ]
                    },
                    {
                      "Node Type": "CTE Scan",
                      "Parent Relationship": "Inner",
                      "Parallel Aware": false,
                      "CTE Name": "year_total",
                      "Alias": "t_w_firstyear",
                      "Startup Cost": 0.00,
                      "Total Cost": 915.92,
                      "Plan Rows": 1,
                      "Plan Width": 100,
                      "Filter": "((year_total > '0'::numeric) AND (sale_type = 'w'::text) AND (year = 1998))"
                    }
                  ]
                },
                {
                  "Node Type": "CTE Scan",
                  "Parent Relationship": "Inner",
                  "Parallel Aware": false,
                  "CTE Name": "year_total",
                  "Alias": "t_w_secyear",
                  "Startup Cost": 0.00,
                  "Total Cost": 832.65,
                  "Plan Rows": 1,
                  "Plan Width": 100,
                  "Filter": "((sale_type = 'w'::text) AND (year = 1999))"
                }
              ]
            }
          ]
        }
      ]
    }
  }
]
