                                              QUERY PLAN                                              
------------------------------------------------------------------------------------------------------
 [                                                                                                   +
   {                                                                                                 +
     "Plan": {                                                                                       +
       "Node Type": "Limit",                                                                         +
       "Parallel Aware": false,                                                                      +
       "Startup Cost": 103113.83,                                                                    +
       "Total Cost": 103114.08,                                                                      +
       "Plan Rows": 100,                                                                             +
       "Plan Width": 100,                                                                            +
       "Plans": [                                                                                    +
         {                                                                                           +
           "Node Type": "Aggregate",                                                                 +
           "Strategy": "Sorted",                                                                     +
           "Partial Mode": "Finalize",                                                               +
           "Parent Relationship": "InitPlan",                                                        +
           "Subplan Name": "CTE ss",                                                                 +
           "Parallel Aware": false,                                                                  +
           "Startup Cost": 48928.43,                                                                 +
           "Total Cost": 48936.33,                                                                   +
           "Plan Rows": 83,                                                                          +
           "Plan Width": 49,                                                                         +
           "Group Key": ["item.i_item_id"],                                                          +
           "Plans": [                                                                                +
             {                                                                                       +
               "Node Type": "Gather Merge",                                                          +
               "Parent Relationship": "Outer",                                                       +
               "Parallel Aware": false,                                                              +
               "Startup Cost": 48928.43,                                                             +
               "Total Cost": 48934.92,                                                               +
               "Plan Rows": 49,                                                                      +
               "Plan Width": 49,                                                                     +
               "Workers Planned": 1,                                                                 +
               "Plans": [                                                                            +
                 {                                                                                   +
                   "Node Type": "Aggregate",                                                         +
                   "Strategy": "Sorted",                                                             +
                   "Partial Mode": "Partial",                                                        +
                   "Parent Relationship": "Outer",                                                   +
                   "Parallel Aware": false,                                                          +
                   "Startup Cost": 47928.42,                                                         +
                   "Total Cost": 47929.40,                                                           +
                   "Plan Rows": 49,                                                                  +
                   "Plan Width": 49,                                                                 +
                   "Group Key": ["item.i_item_id"],                                                  +
                   "Plans": [                                                                        +
                     {                                                                               +
                       "Node Type": "Sort",                                                          +
                       "Parent Relationship": "Outer",                                               +
                       "Parallel Aware": false,                                                      +
                       "Startup Cost": 47928.42,                                                     +
                       "Total Cost": 47928.54,                                                       +
                       "Plan Rows": 49,                                                              +
                       "Plan Width": 23,                                                             +
                       "Sort Key": ["item.i_item_id"],                                               +
                       "Plans": [                                                                    +
                         {                                                                           +
                           "Node Type": "Nested Loop",                                               +
                           "Parent Relationship": "Outer",                                           +
                           "Parallel Aware": false,                                                  +
                           "Join Type": "Inner",                                                     +
                           "Startup Cost": 3426.52,                                                  +
                           "Total Cost": 47927.05,                                                   +
                           "Plan Rows": 49,                                                          +
                           "Plan Width": 23,                                                         +
                           "Inner Unique": true,                                                     +
                           "Plans": [                                                                +
                             {                                                                       +
                               "Node Type": "Hash Join",                                             +
                               "Parent Relationship": "Outer",                                       +
                               "Parallel Aware": true,                                               +
                               "Join Type": "Inner",                                                 +
                               "Startup Cost": 3426.23,                                              +
                               "Total Cost": 47883.10,                                               +
                               "Plan Rows": 141,                                                     +
                               "Plan Width": 27,                                                     +
                               "Inner Unique": true,                                                 +
                               "Hash Cond": "(store_sales.ss_sold_date_sk = date_dim.d_date_sk)",    +
                               "Plans": [                                                            +
                                 {                                                                   +
                                   "Node Type": "Nested Loop",                                       +
                                   "Parent Relationship": "Outer",                                   +
                                   "Parallel Aware": false,                                          +
                                   "Join Type": "Inner",                                             +
                                   "Startup Cost": 1376.46,                                          +
                                   "Total Cost": 44894.24,                                           +
                                   "Plan Rows": 357724,                                              +
                                   "Plan Width": 31,                                                 +
                                   "Inner Unique": false,                                            +
                                   "Plans": [                                                        +
                                     {                                                               +
                                       "Node Type": "Hash Join",                                     +
                                       "Parent Relationship": "Outer",                               +
                                       "Parallel Aware": true,                                       +
                                       "Join Type": "Semi",                                          +
                                       "Startup Cost": 1376.03,                                      +
                                       "Total Cost": 2767.36,                                        +
                                       "Plan Rows": 2235,                                            +
                                       "Plan Width": 21,                                             +
                                       "Inner Unique": false,                                        +
                                       "Hash Cond": "(item.i_item_id = item_1.i_item_id)",           +
                                       "Plans": [                                                    +
                                         {                                                           +
                                           "Node Type": "Seq Scan",                                  +
                                           "Parent Relationship": "Outer",                           +
                                           "Parallel Aware": true,                                   +
                                           "Relation Name": "item",                                  +
                                           "Alias": "item",                                          +
                                           "Startup Cost": 0.00,                                     +
                                           "Total Cost": 1335.88,                                    +
                                           "Plan Rows": 10588,                                       +
                                           "Plan Width": 21                                          +
                                         },                                                          +
                                         {                                                           +
                                           "Node Type": "Hash",                                      +
                                           "Parent Relationship": "Inner",                           +
                                           "Parallel Aware": true,                                   +
                                           "Startup Cost": 1362.35,                                  +
                                           "Total Cost": 1362.35,                                    +
                                           "Plan Rows": 1094,                                        +
                                           "Plan Width": 17,                                         +
                                           "Plans": [                                                +
                                             {                                                       +
                                               "Node Type": "Seq Scan",                              +
                                               "Parent Relationship": "Outer",                       +
                                               "Parallel Aware": true,                               +
                                               "Relation Name": "item",                              +
                                               "Alias": "item_1",                                    +
                                               "Startup Cost": 0.00,                                 +
                                               "Total Cost": 1362.35,                                +
                                               "Plan Rows": 1094,                                    +
                                               "Plan Width": 17,                                     +
                                               "Filter": "(i_category = 'Music'::bpchar)"            +
                                             }                                                       +
                                           ]                                                         +
                                         }                                                           +
                                       ]                                                             +
                                     },                                                              +
                                     {                                                               +
                                       "Node Type": "Index Scan",                                    +
                                       "Parent Relationship": "Inner",                               +
                                       "Parallel Aware": false,                                      +
                                       "Scan Direction": "Forward",                                  +
                                       "Index Name": "store_sales_pkey",                             +
                                       "Relation Name": "store_sales",                               +
                                       "Alias": "store_sales",                                       +
                                       "Startup Cost": 0.43,                                         +
                                       "Total Cost": 17.11,                                          +
                                       "Plan Rows": 174,                                             +
                                       "Plan Width": 18,                                             +
                                       "Index Cond": "(ss_item_sk = item.i_item_sk)"                 +
                                     }                                                               +
                                   ]                                                                 +
                                 },                                                                  +
                                 {                                                                   +
                                   "Node Type": "Hash",                                              +
                                   "Parent Relationship": "Inner",                                   +
                                   "Parallel Aware": true,                                           +
                                   "Startup Cost": 2049.55,                                          +
                                   "Total Cost": 2049.55,                                            +
                                   "Plan Rows": 18,                                                  +
                                   "Plan Width": 4,                                                  +
                                   "Plans": [                                                        +
                                     {                                                               +
                                       "Node Type": "Seq Scan",                                      +
                                       "Parent Relationship": "Outer",                               +
                                       "Parallel Aware": true,                                       +
                                       "Relation Name": "date_dim",                                  +
                                       "Alias": "date_dim",                                          +
                                       "Startup Cost": 0.00,                                         +
                                       "Total Cost": 2049.55,                                        +
                                       "Plan Rows": 18,                                              +
                                       "Plan Width": 4,                                              +
                                       "Filter": "((d_year = 1999) AND (d_moy = 8))"                 +
                                     }                                                               +
                                   ]                                                                 +
                                 }                                                                   +
                               ]                                                                     +
                             },                                                                      +
                             {                                                                       +
                               "Node Type": "Index Scan",                                            +
                               "Parent Relationship": "Inner",                                       +
                               "Parallel Aware": false,                                              +
                               "Scan Direction": "Forward",                                          +
                               "Index Name": "customer_address_pkey",                                +
                               "Relation Name": "customer_address",                                  +
                               "Alias": "customer_address",                                          +
                               "Startup Cost": 0.29,                                                 +
                               "Total Cost": 0.31,                                                   +
                               "Plan Rows": 1,                                                       +
                               "Plan Width": 4,                                                      +
                               "Index Cond": "(ca_address_sk = store_sales.ss_addr_sk)",             +
                               "Filter": "(ca_gmt_offset = '-5'::numeric)"                           +
                             }                                                                       +
                           ]                                                                         +
                         }                                                                           +
                       ]                                                                             +
                     }                                                                               +
                   ]                                                                                 +
                 }                                                                                   +
               ]                                                                                     +
             }                                                                                       +
           ]                                                                                         +
         },                                                                                          +
         {                                                                                           +
           "Node Type": "Aggregate",                                                                 +
           "Strategy": "Sorted",                                                                     +
           "Partial Mode": "Finalize",                                                               +
           "Parent Relationship": "InitPlan",                                                        +
           "Subplan Name": "CTE cs",                                                                 +
           "Parallel Aware": false,                                                                  +
           "Startup Cost": 33847.70,                                                                 +
           "Total Cost": 33851.90,                                                                   +
           "Plan Rows": 45,                                                                          +
           "Plan Width": 49,                                                                         +
           "Group Key": ["item_2.i_item_id"],                                                        +
           "Plans": [                                                                                +
             {                                                                                       +
               "Node Type": "Gather Merge",                                                          +
               "Parent Relationship": "Outer",                                                       +
               "Parallel Aware": false,                                                              +
               "Startup Cost": 33847.70,                                                             +
               "Total Cost": 33851.15,                                                               +
               "Plan Rows": 26,                                                                      +
               "Plan Width": 49,                                                                     +
               "Workers Planned": 1,                                                                 +
               "Plans": [                                                                            +
                 {                                                                                   +
                   "Node Type": "Aggregate",                                                         +
                   "Strategy": "Sorted",                                                             +
                   "Partial Mode": "Partial",                                                        +
                   "Parent Relationship": "Outer",                                                   +
                   "Parallel Aware": false,                                                          +
                   "Startup Cost": 32847.69,                                                         +
                   "Total Cost": 32848.21,                                                           +
                   "Plan Rows": 26,                                                                  +
                   "Plan Width": 49,                                                                 +
                   "Group Key": ["item_2.i_item_id"],                                                +
                   "Plans": [                                                                        +
                     {                                                                               +
                       "Node Type": "Sort",                                                          +
                       "Parent Relationship": "Outer",                                               +
                       "Parallel Aware": false,                                                      +
                       "Startup Cost": 32847.69,                                                     +
                       "Total Cost": 32847.76,                                                       +
                       "Plan Rows": 26,                                                              +
                       "Plan Width": 23,                                                             +
                       "Sort Key": ["item_2.i_item_id"],                                             +
                       "Plans": [                                                                    +
                         {                                                                           +
                           "Node Type": "Nested Loop",                                               +
                           "Parent Relationship": "Outer",                                           +
                           "Parallel Aware": false,                                                  +
                           "Join Type": "Inner",                                                     +
                           "Startup Cost": 3426.52,                                                  +
                           "Total Cost": 32847.08,                                                   +
                           "Plan Rows": 26,                                                          +
                           "Plan Width": 23,                                                         +
                           "Inner Unique": true,                                                     +
                           "Plans": [                                                                +
                             {                                                                       +
                               "Node Type": "Hash Join",                                             +
                               "Parent Relationship": "Outer",                                       +
                               "Parallel Aware": true,                                               +
                               "Join Type": "Inner",                                                 +
                               "Startup Cost": 3426.23,                                              +
                               "Total Cost": 32824.20,                                               +
                               "Plan Rows": 73,                                                      +
                               "Plan Width": 27,                                                     +
                               "Inner Unique": true,                                                 +
                               "Hash Cond": "(catalog_sales.cs_sold_date_sk = date_dim_1.d_date_sk)",+
                               "Plans": [                                                            +
                                 {                                                                   +
                                   "Node Type": "Nested Loop",                                       +
                                   "Parent Relationship": "Outer",                                   +
                                   "Parallel Aware": false,                                          +
                                   "Join Type": "Inner",                                             +
                                   "Startup Cost": 1376.46,                                          +
                                   "Total Cost": 30304.41,                                           +
                                   "Plan Rows": 179045,                                              +
                                   "Plan Width": 31,                                                 +
                                   "Inner Unique": false,                                            +
                                   "Plans": [                                                        +
                                     {                                                               +
                                       "Node Type": "Hash Join",                                     +
                                       "Parent Relationship": "Outer",                               +
                                       "Parallel Aware": true,                                       +
                                       "Join Type": "Semi",                                          +
                                       "Startup Cost": 1376.03,                                      +
                                       "Total Cost": 2767.36,                                        +
                                       "Plan Rows": 2235,                                            +
                                       "Plan Width": 21,                                             +
                                       "Inner Unique": false,                                        +
                                       "Hash Cond": "(item_2.i_item_id = item_3.i_item_id)",         +
                                       "Plans": [                                                    +
                                         {                                                           +
                                           "Node Type": "Seq Scan",                                  +
                                           "Parent Relationship": "Outer",                           +
                                           "Parallel Aware": true,                                   +
                                           "Relation Name": "item",                                  +
                                           "Alias": "item_2",                                        +
                                           "Startup Cost": 0.00,                                     +
                                           "Total Cost": 1335.88,                                    +
                                           "Plan Rows": 10588,                                       +
                                           "Plan Width": 21                                          +
                                         },                                                          +
                                         {                                                           +
                                           "Node Type": "Hash",                                      +
                                           "Parent Relationship": "Inner",                           +
                                           "Parallel Aware": true,                                   +
                                           "Startup Cost": 1362.35,                                  +
                                           "Total Cost": 1362.35,                                    +
                                           "Plan Rows": 1094,                                        +
                                           "Plan Width": 17,                                         +
                                           "Plans": [                                                +
                                             {                                                       +
                                               "Node Type": "Seq Scan",                              +
                                               "Parent Relationship": "Outer",                       +
                                               "Parallel Aware": true,                               +
                                               "Relation Name": "item",                              +
                                               "Alias": "item_3",                                    +
                                               "Startup Cost": 0.00,                                 +
                                               "Total Cost": 1362.35,                                +
                                               "Plan Rows": 1094,                                    +
                                               "Plan Width": 17,                                     +
                                               "Filter": "(i_category = 'Music'::bpchar)"            +
                                             }                                                       +
                                           ]                                                         +
                                         }                                                           +
                                       ]                                                             +
                                     },                                                              +
                                     {                                                               +
                                       "Node Type": "Index Scan",                                    +
                                       "Parent Relationship": "Inner",                               +
                                       "Parallel Aware": false,                                      +
                                       "Scan Direction": "Forward",                                  +
                                       "Index Name": "catalog_sales_pkey",                           +
                                       "Relation Name": "catalog_sales",                             +
                                       "Alias": "catalog_sales",                                     +
                                       "Startup Cost": 0.43,                                         +
                                       "Total Cost": 11.44,                                          +
                                       "Plan Rows": 88,                                              +
                                       "Plan Width": 18,                                             +
                                       "Index Cond": "(cs_item_sk = item_2.i_item_sk)"               +
                                     }                                                               +
                                   ]                                                                 +
                                 },                                                                  +
                                 {                                                                   +
                                   "Node Type": "Hash",                                              +
                                   "Parent Relationship": "Inner",                                   +
                                   "Parallel Aware": true,                                           +
                                   "Startup Cost": 2049.55,                                          +
                                   "Total Cost": 2049.55,                                            +
                                   "Plan Rows": 18,                                                  +
                                   "Plan Width": 4,                                                  +
                                   "Plans": [                                                        +
                                     {                                                               +
                                       "Node Type": "Seq Scan",                                      +
                                       "Parent Relationship": "Outer",                               +
                                       "Parallel Aware": true,                                       +
                                       "Relation Name": "date_dim",                                  +
                                       "Alias": "date_dim_1",                                        +
                                       "Startup Cost": 0.00,                                         +
                                       "Total Cost": 2049.55,                                        +
                                       "Plan Rows": 18,                                              +
                                       "Plan Width": 4,                                              +
                                       "Filter": "((d_year = 1999) AND (d_moy = 8))"                 +
                                     }                                                               +
                                   ]                                                                 +
                                 }                                                                   +
                               ]                                                                     +
                             },                                                                      +
                             {                                                                       +
                               "Node Type": "Index Scan",                                            +
                               "Parent Relationship": "Inner",                                       +
                               "Parallel Aware": false,                                              +
                               "Scan Direction": "Forward",                                          +
                               "Index Name": "customer_address_pkey",                                +
                               "Relation Name": "customer_address",                                  +
                               "Alias": "customer_address_1",                                        +
                               "Startup Cost": 0.29,                                                 +
                               "Total Cost": 0.31,                                                   +
                               "Plan Rows": 1,                                                       +
                               "Plan Width": 4,                                                      +
                               "Index Cond": "(ca_address_sk = catalog_sales.cs_bill_addr_sk)",      +
                               "Filter": "(ca_gmt_offset = '-5'::numeric)"                           +
                             }                                                                       +
                           ]                                                                         +
                         }                                                                           +
                       ]                                                                             +
                     }                                                                               +
                   ]                                                                                 +
                 }                                                                                   +
               ]                                                                                     +
             }                                                                                       +
           ]                                                                                         +
         },                                                                                          +
         {                                                                                           +
           "Node Type": "Aggregate",                                                                 +
           "Strategy": "Sorted",                                                                     +
           "Partial Mode": "Finalize",                                                               +
           "Parent Relationship": "InitPlan",                                                        +
           "Subplan Name": "CTE ws",                                                                 +
           "Parallel Aware": false,                                                                  +
           "Startup Cost": 20311.47,                                                                 +
           "Total Cost": 20313.72,                                                                   +
           "Plan Rows": 23,                                                                          +
           "Plan Width": 49,                                                                         +
           "Group Key": ["item_4.i_item_id"],                                                        +
           "Plans": [                                                                                +
             {                                                                                       +
               "Node Type": "Gather Merge",                                                          +
               "Parent Relationship": "Outer",                                                       +
               "Parallel Aware": false,                                                              +
               "Startup Cost": 20311.47,                                                             +
               "Total Cost": 20313.33,                                                               +
               "Plan Rows": 14,                                                                      +
               "Plan Width": 49,                                                                     +
               "Workers Planned": 1,                                                                 +
               "Plans": [                                                                            +
                 {                                                                                   +
                   "Node Type": "Aggregate",                                                         +
                   "Strategy": "Sorted",                                                             +
                   "Partial Mode": "Partial",                                                        +
                   "Parent Relationship": "Outer",                                                   +
                   "Parallel Aware": false,                                                          +
                   "Startup Cost": 19311.46,                                                         +
                   "Total Cost": 19311.74,                                                           +
                   "Plan Rows": 14,                                                                  +
                   "Plan Width": 49,                                                                 +
                   "Group Key": ["item_4.i_item_id"],                                                +
                   "Plans": [                                                                        +
                     {                                                                               +
                       "Node Type": "Sort",                                                          +
                       "Parent Relationship": "Outer",                                               +
                       "Parallel Aware": false,                                                      +
                       "Startup Cost": 19311.46,                                                     +
                       "Total Cost": 19311.50,                                                       +
                       "Plan Rows": 14,                                                              +
                       "Plan Width": 23,                                                             +
                       "Sort Key": ["item_4.i_item_id"],                                             +
                       "Plans": [                                                                    +
                         {                                                                           +
                           "Node Type": "Nested Loop",                                               +
                           "Parent Relationship": "Outer",                                           +
                           "Parallel Aware": false,                                                  +
                           "Join Type": "Inner",                                                     +
                           "Startup Cost": 3426.52,                                                  +
                           "Total Cost": 19311.19,                                                   +
                           "Plan Rows": 14,                                                          +
                           "Plan Width": 23,                                                         +
                           "Inner Unique": true,                                                     +
                           "Plans": [                                                                +
                             {                                                                       +
                               "Node Type": "Hash Join",                                             +
                               "Parent Relationship": "Outer",                                       +
                               "Parallel Aware": true,                                               +
                               "Join Type": "Inner",                                                 +
                               "Startup Cost": 3426.23,                                              +
                               "Total Cost": 19299.79,                                               +
                               "Plan Rows": 36,                                                      +
                               "Plan Width": 27,                                                     +
                               "Inner Unique": true,                                                 +
                               "Hash Cond": "(web_sales.ws_sold_date_sk = date_dim_2.d_date_sk)",    +
                               "Plans": [                                                            +
                                 {                                                                   +
                                   "Node Type": "Nested Loop",                                       +
                                   "Parent Relationship": "Outer",                                   +
                                   "Parallel Aware": false,                                          +
                                   "Join Type": "Inner",                                             +
                                   "Startup Cost": 1376.45,                                          +
                                   "Total Cost": 17015.48,                                           +
                                   "Plan Rows": 89341,                                               +
                                   "Plan Width": 31,                                                 +
                                   "Inner Unique": false,                                            +
                                   "Plans": [                                                        +
                                     {                                                               +
                                       "Node Type": "Hash Join",                                     +
                                       "Parent Relationship": "Outer",                               +
                                       "Parallel Aware": true,                                       +
                                       "Join Type": "Semi",                                          +
                                       "Startup Cost": 1376.03,                                      +
                                       "Total Cost": 2767.36,                                        +
                                       "Plan Rows": 2235,                                            +
                                       "Plan Width": 21,                                             +
                                       "Inner Unique": false,                                        +
                                       "Hash Cond": "(item_4.i_item_id = item_5.i_item_id)",         +
                                       "Plans": [                                                    +
                                         {                                                           +
                                           "Node Type": "Seq Scan",                                  +
                                           "Parent Relationship": "Outer",                           +
                                           "Parallel Aware": true,                                   +
                                           "Relation Name": "item",                                  +
                                           "Alias": "item_4",                                        +
                                           "Startup Cost": 0.00,                                     +
                                           "Total Cost": 1335.88,                                    +
                                           "Plan Rows": 10588,                                       +
                                           "Plan Width": 21                                          +
                                         },                                                          +
                                         {                                                           +
                                           "Node Type": "Hash",                                      +
                                           "Parent Relationship": "Inner",                           +
                                           "Parallel Aware": true,                                   +
                                           "Startup Cost": 1362.35,                                  +
                                           "Total Cost": 1362.35,                                    +
                                           "Plan Rows": 1094,                                        +
                                           "Plan Width": 17,                                         +
                                           "Plans": [                                                +
                                             {                                                       +
                                               "Node Type": "Seq Scan",                              +
                                               "Parent Relationship": "Outer",                       +
                                               "Parallel Aware": true,                               +
                                               "Relation Name": "item",                              +
                                               "Alias": "item_5",                                    +
                                               "Startup Cost": 0.00,                                 +
                                               "Total Cost": 1362.35,                                +
                                               "Plan Rows": 1094,                                    +
                                               "Plan Width": 17,                                     +
                                               "Filter": "(i_category = 'Music'::bpchar)"            +
                                             }                                                       +
                                           ]                                                         +
                                         }                                                           +
                                       ]                                                             +
                                     },                                                              +
                                     {                                                               +
                                       "Node Type": "Index Scan",                                    +
                                       "Parent Relationship": "Inner",                               +
                                       "Parallel Aware": false,                                      +
                                       "Scan Direction": "Forward",                                  +
                                       "Index Name": "web_sales_pkey",                               +
                                       "Relation Name": "web_sales",                                 +
                                       "Alias": "web_sales",                                         +
                                       "Startup Cost": 0.42,                                         +
                                       "Total Cost": 5.93,                                           +
                                       "Plan Rows": 44,                                              +
                                       "Plan Width": 18,                                             +
                                       "Index Cond": "(ws_item_sk = item_4.i_item_sk)"               +
                                     }                                                               +
                                   ]                                                                 +
                                 },                                                                  +
                                 {                                                                   +
                                   "Node Type": "Hash",                                              +
                                   "Parent Relationship": "Inner",                                   +
                                   "Parallel Aware": true,                                           +
                                   "Startup Cost": 2049.55,                                          +
                                   "Total Cost": 2049.55,                                            +
                                   "Plan Rows": 18,                                                  +
                                   "Plan Width": 4,                                                  +
                                   "Plans": [                                                        +
                                     {                                                               +
                                       "Node Type": "Seq Scan",                                      +
                                       "Parent Relationship": "Outer",                               +
                                       "Parallel Aware": true,                                       +
                                       "Relation Name": "date_dim",                                  +
                                       "Alias": "date_dim_2",                                        +
                                       "Startup Cost": 0.00,                                         +
                                       "Total Cost": 2049.55,                                        +
                                       "Plan Rows": 18,                                              +
                                       "Plan Width": 4,                                              +
                                       "Filter": "((d_year = 1999) AND (d_moy = 8))"                 +
                                     }                                                               +
                                   ]                                                                 +
                                 }                                                                   +
                               ]                                                                     +
                             },                                                                      +
                             {                                                                       +
                               "Node Type": "Index Scan",                                            +
                               "Parent Relationship": "Inner",                                       +
                               "Parallel Aware": false,                                              +
                               "Scan Direction": "Forward",                                          +
                               "Index Name": "customer_address_pkey",                                +
                               "Relation Name": "customer_address",                                  +
                               "Alias": "customer_address_2",                                        +
                               "Startup Cost": 0.29,                                                 +
                               "Total Cost": 0.32,                                                   +
                               "Plan Rows": 1,                                                       +
                               "Plan Width": 4,                                                      +
                               "Index Cond": "(ca_address_sk = web_sales.ws_bill_addr_sk)",          +
                               "Filter": "(ca_gmt_offset = '-5'::numeric)"                           +
                             }                                                                       +
                           ]                                                                         +
                         }                                                                           +
                       ]                                                                             +
                     }                                                                               +
                   ]                                                                                 +
                 }                                                                                   +
               ]                                                                                     +
             }                                                                                       +
           ]                                                                                         +
         },                                                                                          +
         {                                                                                           +
           "Node Type": "Sort",                                                                      +
           "Parent Relationship": "Outer",                                                           +
           "Parallel Aware": false,                                                                  +
           "Startup Cost": 11.88,                                                                    +
           "Total Cost": 12.26,                                                                      +
           "Plan Rows": 151,                                                                         +
           "Plan Width": 100,                                                                        +
           "Sort Key": ["ss.i_item_id", "(sum(ss.total_sales))"],                                    +
           "Plans": [                                                                                +
             {                                                                                       +
               "Node Type": "Aggregate",                                                             +
               "Strategy": "Hashed",                                                                 +
               "Partial Mode": "Simple",                                                             +
               "Parent Relationship": "Outer",                                                       +
               "Parallel Aware": false,                                                              +
               "Startup Cost": 4.53,                                                                 +
               "Total Cost": 6.42,                                                                   +
               "Plan Rows": 151,                                                                     +
               "Plan Width": 100,                                                                    +
               "Group Key": ["ss.i_item_id"],                                                        +
               "Plans": [                                                                            +
                 {                                                                                   +
                   "Node Type": "Append",                                                            +
                   "Parent Relationship": "Outer",                                                   +
                   "Parallel Aware": false,                                                          +
                   "Startup Cost": 0.00,                                                             +
                   "Total Cost": 3.77,                                                               +
                   "Plan Rows": 151,                                                                 +
                   "Plan Width": 100,                                                                +
                   "Plans": [                                                                        +
                     {                                                                               +
                       "Node Type": "CTE Scan",                                                      +
                       "Parent Relationship": "Member",                                              +
                       "Parallel Aware": false,                                                      +
                       "CTE Name": "ss",                                                             +
                       "Alias": "ss",                                                                +
                       "Startup Cost": 0.00,                                                         +
                       "Total Cost": 1.66,                                                           +
                       "Plan Rows": 83,                                                              +
                       "Plan Width": 100                                                             +
                     },                                                                              +
                     {                                                                               +
                       "Node Type": "CTE Scan",                                                      +
                       "Parent Relationship": "Member",                                              +
                       "Parallel Aware": false,                                                      +
                       "CTE Name": "cs",                                                             +
                       "Alias": "cs",                                                                +
                       "Startup Cost": 0.00,                                                         +
                       "Total Cost": 0.90,                                                           +
                       "Plan Rows": 45,                                                              +
                       "Plan Width": 100                                                             +
                     },                                                                              +
                     {                                                                               +
                       "Node Type": "CTE Scan",                                                      +
                       "Parent Relationship": "Member",                                              +
                       "Parallel Aware": false,                                                      +
                       "CTE Name": "ws",                                                             +
                       "Alias": "ws",                                                                +
                       "Startup Cost": 0.00,                                                         +
                       "Total Cost": 0.46,                                                           +
                       "Plan Rows": 23,                                                              +
                       "Plan Width": 100                                                             +
                     }                                                                               +
                   ]                                                                                 +
                 }                                                                                   +
               ]                                                                                     +
             }                                                                                       +
           ]                                                                                         +
         }                                                                                           +
       ]                                                                                             +
     }                                                                                               +
   }                                                                                                 +
 ]
(1 row)

