                                                                           QUERY PLAN                                                                            
-----------------------------------------------------------------------------------------------------------------------------------------------------------------
 [                                                                                                                                                              +
   {                                                                                                                                                            +
     "Plan": {                                                                                                                                                  +
       "Node Type": "Limit",                                                                                                                                    +
       "Parallel Aware": false,                                                                                                                                 +
       "Startup Cost": 72529.82,                                                                                                                                +
       "Total Cost": 72544.50,                                                                                                                                  +
       "Plan Rows": 100,                                                                                                                                        +
       "Plan Width": 145,                                                                                                                                       +
       "Plans": [                                                                                                                                               +
         {                                                                                                                                                      +
           "Node Type": "Aggregate",                                                                                                                            +
           "Strategy": "Sorted",                                                                                                                                +
           "Partial Mode": "Finalize",                                                                                                                          +
           "Parent Relationship": "Outer",                                                                                                                      +
           "Parallel Aware": false,                                                                                                                             +
           "Startup Cost": 72529.82,                                                                                                                            +
           "Total Cost": 72555.81,                                                                                                                              +
           "Plan Rows": 177,                                                                                                                                    +
           "Plan Width": 145,                                                                                                                                   +
           "Group Key": ["item.i_item_id"],                                                                                                                     +
           "Plans": [                                                                                                                                           +
             {                                                                                                                                                  +
               "Node Type": "Gather Merge",                                                                                                                     +
               "Parent Relationship": "Outer",                                                                                                                  +
               "Parallel Aware": false,                                                                                                                         +
               "Startup Cost": 72529.82,                                                                                                                        +
               "Total Cost": 72549.31,                                                                                                                          +
               "Plan Rows": 148,                                                                                                                                +
               "Plan Width": 145,                                                                                                                               +
               "Workers Planned": 2,                                                                                                                            +
               "Plans": [                                                                                                                                       +
                 {                                                                                                                                              +
                   "Node Type": "Aggregate",                                                                                                                    +
                   "Strategy": "Sorted",                                                                                                                        +
                   "Partial Mode": "Partial",                                                                                                                   +
                   "Parent Relationship": "Outer",                                                                                                              +
                   "Parallel Aware": false,                                                                                                                     +
                   "Startup Cost": 71529.80,                                                                                                                    +
                   "Total Cost": 71532.20,                                                                                                                      +
                   "Plan Rows": 74,                                                                                                                             +
                   "Plan Width": 145,                                                                                                                           +
                   "Group Key": ["item.i_item_id"],                                                                                                             +
                   "Plans": [                                                                                                                                   +
                     {                                                                                                                                          +
                       "Node Type": "Sort",                                                                                                                     +
                       "Parent Relationship": "Outer",                                                                                                          +
                       "Parallel Aware": false,                                                                                                                 +
                       "Startup Cost": 71529.80,                                                                                                                +
                       "Total Cost": 71529.98,                                                                                                                  +
                       "Plan Rows": 74,                                                                                                                         +
                       "Plan Width": 36,                                                                                                                        +
                       "Sort Key": ["item.i_item_id"],                                                                                                          +
                       "Plans": [                                                                                                                               +
                         {                                                                                                                                      +
                           "Node Type": "Nested Loop",                                                                                                          +
                           "Parent Relationship": "Outer",                                                                                                      +
                           "Parallel Aware": false,                                                                                                             +
                           "Join Type": "Inner",                                                                                                                +
                           "Startup Cost": 1961.76,                                                                                                             +
                           "Total Cost": 71527.50,                                                                                                              +
                           "Plan Rows": 74,                                                                                                                     +
                           "Plan Width": 36,                                                                                                                    +
                           "Inner Unique": true,                                                                                                                +
                           "Plans": [                                                                                                                           +
                             {                                                                                                                                  +
                               "Node Type": "Nested Loop",                                                                                                      +
                               "Parent Relationship": "Outer",                                                                                                  +
                               "Parallel Aware": false,                                                                                                         +
                               "Join Type": "Inner",                                                                                                            +
                               "Startup Cost": 1961.48,                                                                                                         +
                               "Total Cost": 71504.80,                                                                                                          +
                               "Plan Rows": 74,                                                                                                                 +
                               "Plan Width": 23,                                                                                                                +
                               "Inner Unique": true,                                                                                                            +
                               "Plans": [                                                                                                                       +
                                 {                                                                                                                              +
                                   "Node Type": "Hash Join",                                                                                                    +
                                   "Parent Relationship": "Outer",                                                                                              +
                                   "Parallel Aware": false,                                                                                                     +
                                   "Join Type": "Inner",                                                                                                        +
                                   "Startup Cost": 1961.05,                                                                                                     +
                                   "Total Cost": 68824.78,                                                                                                      +
                                   "Plan Rows": 5468,                                                                                                           +
                                   "Plan Width": 27,                                                                                                            +
                                   "Inner Unique": true,                                                                                                        +
                                   "Hash Cond": "(store_sales.ss_promo_sk = promotion.p_promo_sk)",                                                             +
                                   "Plans": [                                                                                                                   +
                                     {                                                                                                                          +
                                       "Node Type": "Hash Join",                                                                                                +
                                       "Parent Relationship": "Outer",                                                                                          +
                                       "Parallel Aware": true,                                                                                                  +
                                       "Join Type": "Inner",                                                                                                    +
                                       "Startup Cost": 1944.80,                                                                                                 +
                                       "Total Cost": 68793.34,                                                                                                  +
                                       "Plan Rows": 5711,                                                                                                       +
                                       "Plan Width": 31,                                                                                                        +
                                       "Inner Unique": true,                                                                                                    +
                                       "Hash Cond": "(store_sales.ss_sold_date_sk = date_dim.d_date_sk)",                                                       +
                                       "Plans": [                                                                                                               +
                                         {                                                                                                                      +
                                           "Node Type": "Seq Scan",                                                                                             +
                                           "Parent Relationship": "Outer",                                                                                      +
                                           "Parallel Aware": true,                                                                                              +
                                           "Relation Name": "store_sales",                                                                                      +
                                           "Alias": "store_sales",                                                                                              +
                                           "Startup Cost": 0.00,                                                                                                +
                                           "Total Cost": 63697.87,                                                                                              +
                                           "Plan Rows": 1200187,                                                                                                +
                                           "Plan Width": 35                                                                                                     +
                                         },                                                                                                                     +
                                         {                                                                                                                      +
                                           "Node Type": "Hash",                                                                                                 +
                                           "Parent Relationship": "Inner",                                                                                      +
                                           "Parallel Aware": true,                                                                                              +
                                           "Startup Cost": 1942.12,                                                                                             +
                                           "Total Cost": 1942.12,                                                                                               +
                                           "Plan Rows": 214,                                                                                                    +
                                           "Plan Width": 4,                                                                                                     +
                                           "Plans": [                                                                                                           +
                                             {                                                                                                                  +
                                               "Node Type": "Seq Scan",                                                                                         +
                                               "Parent Relationship": "Outer",                                                                                  +
                                               "Parallel Aware": true,                                                                                          +
                                               "Relation Name": "date_dim",                                                                                     +
                                               "Alias": "date_dim",                                                                                             +
                                               "Startup Cost": 0.00,                                                                                            +
                                               "Total Cost": 1942.12,                                                                                           +
                                               "Plan Rows": 214,                                                                                                +
                                               "Plan Width": 4,                                                                                                 +
                                               "Filter": "(d_year = 2001)"                                                                                      +
                                             }                                                                                                                  +
                                           ]                                                                                                                    +
                                         }                                                                                                                      +
                                       ]                                                                                                                        +
                                     },                                                                                                                         +
                                     {                                                                                                                          +
                                       "Node Type": "Hash",                                                                                                     +
                                       "Parent Relationship": "Inner",                                                                                          +
                                       "Parallel Aware": false,                                                                                                 +
                                       "Startup Cost": 12.50,                                                                                                   +
                                       "Total Cost": 12.50,                                                                                                     +
                                       "Plan Rows": 300,                                                                                                        +
                                       "Plan Width": 4,                                                                                                         +
                                       "Plans": [                                                                                                               +
                                         {                                                                                                                      +
                                           "Node Type": "Seq Scan",                                                                                             +
                                           "Parent Relationship": "Outer",                                                                                      +
                                           "Parallel Aware": false,                                                                                             +
                                           "Relation Name": "promotion",                                                                                        +
                                           "Alias": "promotion",                                                                                                +
                                           "Startup Cost": 0.00,                                                                                                +
                                           "Total Cost": 12.50,                                                                                                 +
                                           "Plan Rows": 300,                                                                                                    +
                                           "Plan Width": 4,                                                                                                     +
                                           "Filter": "((p_channel_email = 'N'::bpchar) OR (p_channel_event = 'N'::bpchar))"                                     +
                                         }                                                                                                                      +
                                       ]                                                                                                                        +
                                     }                                                                                                                          +
                                   ]                                                                                                                            +
                                 },                                                                                                                             +
                                 {                                                                                                                              +
                                   "Node Type": "Index Scan",                                                                                                   +
                                   "Parent Relationship": "Inner",                                                                                              +
                                   "Parallel Aware": false,                                                                                                     +
                                   "Scan Direction": "Forward",                                                                                                 +
                                   "Index Name": "customer_demographics_pkey",                                                                                  +
                                   "Relation Name": "customer_demographics",                                                                                    +
                                   "Alias": "customer_demographics",                                                                                            +
                                   "Startup Cost": 0.43,                                                                                                        +
                                   "Total Cost": 0.49,                                                                                                          +
                                   "Plan Rows": 1,                                                                                                              +
                                   "Plan Width": 4,                                                                                                             +
                                   "Index Cond": "(cd_demo_sk = store_sales.ss_cdemo_sk)",                                                                      +
                                   "Filter": "((cd_gender = 'M'::bpchar) AND (cd_marital_status = 'W'::bpchar) AND (cd_education_status = 'Secondary'::bpchar))"+
                                 }                                                                                                                              +
                               ]                                                                                                                                +
                             },                                                                                                                                 +
                             {                                                                                                                                  +
                               "Node Type": "Index Scan",                                                                                                       +
                               "Parent Relationship": "Inner",                                                                                                  +
                               "Parallel Aware": false,                                                                                                         +
                               "Scan Direction": "Forward",                                                                                                     +
                               "Index Name": "item_pkey",                                                                                                       +
                               "Relation Name": "item",                                                                                                         +
                               "Alias": "item",                                                                                                                 +
                               "Startup Cost": 0.29,                                                                                                            +
                               "Total Cost": 0.31,                                                                                                              +
                               "Plan Rows": 1,                                                                                                                  +
                               "Plan Width": 21,                                                                                                                +
                               "Index Cond": "(i_item_sk = store_sales.ss_item_sk)"                                                                             +
                             }                                                                                                                                  +
                           ]                                                                                                                                    +
                         }                                                                                                                                      +
                       ]                                                                                                                                        +
                     }                                                                                                                                          +
                   ]                                                                                                                                            +
                 }                                                                                                                                              +
               ]                                                                                                                                                +
             }                                                                                                                                                  +
           ]                                                                                                                                                    +
         }                                                                                                                                                      +
       ]                                                                                                                                                        +
     }                                                                                                                                                          +
   }                                                                                                                                                            +
 ]
(1 row)

