                                                               QUERY PLAN                                                               
----------------------------------------------------------------------------------------------------------------------------------------
 [                                                                                                                                     +
   {                                                                                                                                   +
     "Plan": {                                                                                                                         +
       "Node Type": "Limit",                                                                                                           +
       "Parallel Aware": false,                                                                                                        +
       "Startup Cost": 48257.12,                                                                                                       +
       "Total Cost": 48460.92,                                                                                                         +
       "Plan Rows": 72,                                                                                                                +
       "Plan Width": 115,                                                                                                              +
       "Plans": [                                                                                                                      +
         {                                                                                                                             +
           "Node Type": "Aggregate",                                                                                                   +
           "Strategy": "Sorted",                                                                                                       +
           "Partial Mode": "Finalize",                                                                                                 +
           "Parent Relationship": "Outer",                                                                                             +
           "Parallel Aware": false,                                                                                                    +
           "Startup Cost": 48257.12,                                                                                                   +
           "Total Cost": 48460.92,                                                                                                     +
           "Plan Rows": 72,                                                                                                            +
           "Plan Width": 115,                                                                                                          +
           "Group Key": ["(substr((warehouse.w_warehouse_name)::text, 1, 20))", "ship_mode.sm_type", "call_center.cc_name"],           +
           "Plans": [                                                                                                                  +
             {                                                                                                                         +
               "Node Type": "Gather Merge",                                                                                            +
               "Parent Relationship": "Outer",                                                                                         +
               "Parallel Aware": false,                                                                                                +
               "Startup Cost": 48257.12,                                                                                               +
               "Total Cost": 48457.14,                                                                                                 +
               "Plan Rows": 144,                                                                                                       +
               "Plan Width": 115,                                                                                                      +
               "Workers Planned": 2,                                                                                                   +
               "Plans": [                                                                                                              +
                 {                                                                                                                     +
                   "Node Type": "Aggregate",                                                                                           +
                   "Strategy": "Sorted",                                                                                               +
                   "Partial Mode": "Partial",                                                                                          +
                   "Parent Relationship": "Outer",                                                                                     +
                   "Parallel Aware": false,                                                                                            +
                   "Startup Cost": 47257.10,                                                                                           +
                   "Total Cost": 47440.50,                                                                                             +
                   "Plan Rows": 72,                                                                                                    +
                   "Plan Width": 115,                                                                                                  +
                   "Group Key": ["(substr((warehouse.w_warehouse_name)::text, 1, 20))", "ship_mode.sm_type", "call_center.cc_name"],   +
                   "Plans": [                                                                                                          +
                     {                                                                                                                 +
                       "Node Type": "Sort",                                                                                            +
                       "Parent Relationship": "Outer",                                                                                 +
                       "Parallel Aware": false,                                                                                        +
                       "Startup Cost": 47257.10,                                                                                       +
                       "Total Cost": 47264.40,                                                                                         +
                       "Plan Rows": 2920,                                                                                              +
                       "Plan Width": 83,                                                                                               +
                       "Sort Key": ["(substr((warehouse.w_warehouse_name)::text, 1, 20))", "ship_mode.sm_type", "call_center.cc_name"],+
                       "Plans": [                                                                                                      +
                         {                                                                                                             +
                           "Node Type": "Hash Join",                                                                                   +
                           "Parent Relationship": "Outer",                                                                             +
                           "Parallel Aware": false,                                                                                    +
                           "Join Type": "Inner",                                                                                       +
                           "Startup Cost": 2055.91,                                                                                    +
                           "Total Cost": 47089.03,                                                                                     +
                           "Plan Rows": 2920,                                                                                          +
                           "Plan Width": 83,                                                                                           +
                           "Inner Unique": true,                                                                                       +
                           "Hash Cond": "(catalog_sales.cs_warehouse_sk = warehouse.w_warehouse_sk)",                                  +
                           "Plans": [                                                                                                  +
                             {                                                                                                         +
                               "Node Type": "Hash Join",                                                                               +
                               "Parent Relationship": "Outer",                                                                         +
                               "Parallel Aware": false,                                                                                +
                               "Join Type": "Inner",                                                                                   +
                               "Startup Cost": 2054.80,                                                                                +
                               "Total Cost": 47066.42,                                                                                 +
                               "Plan Rows": 2934,                                                                                      +
                               "Plan Width": 55,                                                                                       +
                               "Inner Unique": true,                                                                                   +
                               "Hash Cond": "(catalog_sales.cs_call_center_sk = call_center.cc_call_center_sk)",                       +
                               "Plans": [                                                                                              +
                                 {                                                                                                     +
                                   "Node Type": "Hash Join",                                                                           +
                                   "Parent Relationship": "Outer",                                                                     +
                                   "Parallel Aware": false,                                                                            +
                                   "Join Type": "Inner",                                                                               +
                                   "Startup Cost": 2053.66,                                                                            +
                                   "Total Cost": 47052.10,                                                                             +
                                   "Plan Rows": 2949,                                                                                  +
                                   "Plan Width": 47,                                                                                   +
                                   "Inner Unique": true,                                                                               +
                                   "Hash Cond": "(catalog_sales.cs_ship_mode_sk = ship_mode.sm_ship_mode_sk)",                         +
                                   "Plans": [                                                                                          +
                                     {                                                                                                 +
                                       "Node Type": "Hash Join",                                                                       +
                                       "Parent Relationship": "Outer",                                                                 +
                                       "Parallel Aware": true,                                                                         +
                                       "Join Type": "Inner",                                                                           +
                                       "Startup Cost": 2052.21,                                                                        +
                                       "Total Cost": 47041.24,                                                                         +
                                       "Plan Rows": 2964,                                                                              +
                                       "Plan Width": 20,                                                                               +
                                       "Inner Unique": true,                                                                           +
                                       "Hash Cond": "(catalog_sales.cs_ship_date_sk = date_dim.d_date_sk)",                            +
                                       "Plans": [                                                                                      +
                                         {                                                                                             +
                                           "Node Type": "Seq Scan",                                                                    +
                                           "Parent Relationship": "Outer",                                                             +
                                           "Parallel Aware": true,                                                                     +
                                           "Relation Name": "catalog_sales",                                                           +
                                           "Alias": "catalog_sales",                                                                   +
                                           "Startup Cost": 0.00,                                                                       +
                                           "Total Cost": 43412.07,                                                                     +
                                           "Plan Rows": 600708,                                                                        +
                                           "Plan Width": 20                                                                            +
                                         },                                                                                            +
                                         {                                                                                             +
                                           "Node Type": "Hash",                                                                        +
                                           "Parent Relationship": "Inner",                                                             +
                                           "Parallel Aware": true,                                                                     +
                                           "Startup Cost": 2049.55,                                                                    +
                                           "Total Cost": 2049.55,                                                                      +
                                           "Plan Rows": 213,                                                                           +
                                           "Plan Width": 4,                                                                            +
                                           "Plans": [                                                                                  +
                                             {                                                                                         +
                                               "Node Type": "Seq Scan",                                                                +
                                               "Parent Relationship": "Outer",                                                         +
                                               "Parallel Aware": true,                                                                 +
                                               "Relation Name": "date_dim",                                                            +
                                               "Alias": "date_dim",                                                                    +
                                               "Startup Cost": 0.00,                                                                   +
                                               "Total Cost": 2049.55,                                                                  +
                                               "Plan Rows": 213,                                                                       +
                                               "Plan Width": 4,                                                                        +
                                               "Filter": "((d_month_seq >= 1200) AND (d_month_seq <= 1211))"                           +
                                             }                                                                                         +
                                           ]                                                                                           +
                                         }                                                                                             +
                                       ]                                                                                               +
                                     },                                                                                                +
                                     {                                                                                                 +
                                       "Node Type": "Hash",                                                                            +
                                       "Parent Relationship": "Inner",                                                                 +
                                       "Parallel Aware": false,                                                                        +
                                       "Startup Cost": 1.20,                                                                           +
                                       "Total Cost": 1.20,                                                                             +
                                       "Plan Rows": 20,                                                                                +
                                       "Plan Width": 35,                                                                               +
                                       "Plans": [                                                                                      +
                                         {                                                                                             +
                                           "Node Type": "Seq Scan",                                                                    +
                                           "Parent Relationship": "Outer",                                                             +
                                           "Parallel Aware": false,                                                                    +
                                           "Relation Name": "ship_mode",                                                               +
                                           "Alias": "ship_mode",                                                                       +
                                           "Startup Cost": 0.00,                                                                       +
                                           "Total Cost": 1.20,                                                                         +
                                           "Plan Rows": 20,                                                                            +
                                           "Plan Width": 35                                                                            +
                                         }                                                                                             +
                                       ]                                                                                               +
                                     }                                                                                                 +
                                   ]                                                                                                   +
                                 },                                                                                                    +
                                 {                                                                                                     +
                                   "Node Type": "Hash",                                                                                +
                                   "Parent Relationship": "Inner",                                                                     +
                                   "Parallel Aware": false,                                                                            +
                                   "Startup Cost": 1.06,                                                                               +
                                   "Total Cost": 1.06,                                                                                 +
                                   "Plan Rows": 6,                                                                                     +
                                   "Plan Width": 16,                                                                                   +
                                   "Plans": [                                                                                          +
                                     {                                                                                                 +
                                       "Node Type": "Seq Scan",                                                                        +
                                       "Parent Relationship": "Outer",                                                                 +
                                       "Parallel Aware": false,                                                                        +
                                       "Relation Name": "call_center",                                                                 +
                                       "Alias": "call_center",                                                                         +
                                       "Startup Cost": 0.00,                                                                           +
                                       "Total Cost": 1.06,                                                                             +
                                       "Plan Rows": 6,                                                                                 +
                                       "Plan Width": 16                                                                                +
                                     }                                                                                                 +
                                   ]                                                                                                   +
                                 }                                                                                                     +
                               ]                                                                                                       +
                             },                                                                                                        +
                             {                                                                                                         +
                               "Node Type": "Hash",                                                                                    +
                               "Parent Relationship": "Inner",                                                                         +
                               "Parallel Aware": false,                                                                                +
                               "Startup Cost": 1.05,                                                                                   +
                               "Total Cost": 1.05,                                                                                     +
                               "Plan Rows": 5,                                                                                         +
                               "Plan Width": 22,                                                                                       +
                               "Plans": [                                                                                              +
                                 {                                                                                                     +
                                   "Node Type": "Seq Scan",                                                                            +
                                   "Parent Relationship": "Outer",                                                                     +
                                   "Parallel Aware": false,                                                                            +
                                   "Relation Name": "warehouse",                                                                       +
                                   "Alias": "warehouse",                                                                               +
                                   "Startup Cost": 0.00,                                                                               +
                                   "Total Cost": 1.05,                                                                                 +
                                   "Plan Rows": 5,                                                                                     +
                                   "Plan Width": 22                                                                                    +
                                 }                                                                                                     +
                               ]                                                                                                       +
                             }                                                                                                         +
                           ]                                                                                                           +
                         }                                                                                                             +
                       ]                                                                                                               +
                     }                                                                                                                 +
                   ]                                                                                                                   +
                 }                                                                                                                     +
               ]                                                                                                                       +
             }                                                                                                                         +
           ]                                                                                                                           +
         }                                                                                                                             +
       ]                                                                                                                               +
     }                                                                                                                                 +
   }                                                                                                                                   +
 ]
(1 row)

