[
  {
    "Plan": {
      "Node Type": "Limit",
      "Parallel Aware": false,
      "Startup Cost": 9417.42,
      "Total Cost": 9417.83,
      "Plan Rows": 1,
      "Plan Width": 125,
      "Plans": [
        {
          "Node Type": "Aggregate",
          "Strategy": "Sorted",
          "Partial Mode": "Finalize",
          "Parent Relationship": "Outer",
          "Parallel Aware": false,
          "Startup Cost": 9417.42,
          "Total Cost": 9417.83,
          "Plan Rows": 1,
          "Plan Width": 125,
          "Group Key": ["store.s_store_name", "store.s_company_id", "store.s_street_number", "store.s_street_name", "store.s_street_type", "store.s_suite_number", "store.s_city", "store.s_county", "store.s_state", "store.s_zip"],
          "Plans": [
            {
              "Node Type": "Gather Merge",
              "Parent Relationship": "Outer",
              "Parallel Aware": false,
              "Startup Cost": 9417.42,
              "Total Cost": 9417.74,
              "Plan Rows": 2,
              "Plan Width": 125,
              "Workers Planned": 2,
              "Plans": [
                {
                  "Node Type": "Aggregate",
                  "Strategy": "Sorted",
                  "Partial Mode": "Partial",
                  "Parent Relationship": "Outer",
                  "Parallel Aware": false,
                  "Startup Cost": 8417.40,
                  "Total Cost": 8417.49,
                  "Plan Rows": 1,
                  "Plan Width": 125,
                  "Group Key": ["store.s_store_name", "store.s_company_id", "store.s_street_number", "store.s_street_name", "store.s_street_type", "store.s_suite_number", "store.s_city", "store.s_county", "store.s_state", "store.s_zip"],
                  "Plans": [
                    {
                      "Node Type": "Sort",
                      "Parent Relationship": "Outer",
                      "Parallel Aware": false,
                      "Startup Cost": 8417.40,
                      "Total Cost": 8417.40,
                      "Plan Rows": 1,
                      "Plan Width": 93,
                      "Sort Key": ["store.s_store_name", "store.s_company_id", "store.s_street_number", "store.s_street_name", "store.s_street_type", "store.s_suite_number", "store.s_city", "store.s_county", "store.s_state", "store.s_zip"],
                      "Plans": [
                        {
                          "Node Type": "Nested Loop",
                          "Parent Relationship": "Outer",
                          "Parallel Aware": false,
                          "Join Type": "Inner",
                          "Startup Cost": 2050.63,
                          "Total Cost": 8417.39,
                          "Plan Rows": 1,
                          "Plan Width": 93,
                          "Inner Unique": true,
                          "Plans": [
                            {
                              "Node Type": "Nested Loop",
                              "Parent Relationship": "Outer",
                              "Parallel Aware": false,
                              "Join Type": "Inner",
                              "Startup Cost": 2050.34,
                              "Total Cost": 8417.07,
                              "Plan Rows": 1,
                              "Plan Width": 93,
                              "Inner Unique": true,
                              "Plans": [
                                {
                                  "Node Type": "Nested Loop",
                                  "Parent Relationship": "Outer",
                                  "Parallel Aware": false,
                                  "Join Type": "Inner",
                                  "Startup Cost": 2050.20,
                                  "Total Cost": 8416.92,
                                  "Plan Rows": 1,
                                  "Plan Width": 12,
                                  "Inner Unique": true,
                                  "Plans": [
                                    {
                                      "Node Type": "Hash Join",
                                      "Parent Relationship": "Outer",
                                      "Parallel Aware": true,
                                      "Join Type": "Inner",
                                      "Startup Cost": 2049.78,
                                      "Total Cost": 8353.24,
                                      "Plan Rows": 48,
                                      "Plan Width": 16,
                                      "Inner Unique": true,
                                      "Hash Cond": "(store_returns.sr_returned_date_sk = d2.d_date_sk)",
                                      "Plans": [
                                        {
                                          "Node Type": "Seq Scan",
                                          "Parent Relationship": "Outer",
                                          "Parallel Aware": true,
                                          "Relation Name": "store_returns",
                                          "Alias": "store_returns",
                                          "Startup Cost": 0.00,
                                          "Total Cost": 5988.98,
                                          "Plan Rows": 119798,
                                          "Plan Width": 16
                                        },
                                        {
                                          "Node Type": "Hash",
                                          "Parent Relationship": "Inner",
                                          "Parallel Aware": true,
                                          "Startup Cost": 2049.55,
                                          "Total Cost": 2049.55,
                                          "Plan Rows": 18,
                                          "Plan Width": 4,
                                          "Plans": [
                                            {
                                              "Node Type": "Seq Scan",
                                              "Parent Relationship": "Outer",
                                              "Parallel Aware": true,
                                              "Relation Name": "date_dim",
                                              "Alias": "d2",
                                              "Startup Cost": 0.00,
                                              "Total Cost": 2049.55,
                                              "Plan Rows": 18,
                                              "Plan Width": 4,
                                              "Filter": "((d_year = 2000) AND (d_moy = 9))"
                                            }
                                          ]
                                        }
                                      ]
                                    },
                                    {
                                      "Node Type": "Index Scan",
                                      "Parent Relationship": "Inner",
                                      "Parallel Aware": false,
                                      "Scan Direction": "Forward",
                                      "Index Name": "store_sales_pkey",
                                      "Relation Name": "store_sales",
                                      "Alias": "store_sales",
                                      "Startup Cost": 0.43,
                                      "Total Cost": 1.32,
                                      "Plan Rows": 1,
                                      "Plan Width": 20,
                                      "Index Cond": "((ss_item_sk = store_returns.sr_item_sk) AND (ss_ticket_number = store_returns.sr_ticket_number))",
                                      "Filter": "(store_returns.sr_customer_sk = ss_customer_sk)"
                                    }
                                  ]
                                },
                                {
                                  "Node Type": "Index Scan",
                                  "Parent Relationship": "Inner",
                                  "Parallel Aware": false,
                                  "Scan Direction": "Forward",
                                  "Index Name": "store_pkey",
                                  "Relation Name": "store",
                                  "Alias": "store",
                                  "Startup Cost": 0.14,
                                  "Total Cost": 0.15,
                                  "Plan Rows": 1,
                                  "Plan Width": 89,
                                  "Index Cond": "(s_store_sk = store_sales.ss_store_sk)"
                                }
                              ]
                            },
                            {
                              "Node Type": "Index Only Scan",
                              "Parent Relationship": "Inner",
                              "Parallel Aware": false,
                              "Scan Direction": "Forward",
                              "Index Name": "date_dim_pkey",
                              "Relation Name": "date_dim",
                              "Alias": "d1",
                              "Startup Cost": 0.29,
                              "Total Cost": 0.31,
                              "Plan Rows": 1,
                              "Plan Width": 4,
                              "Index Cond": "(d_date_sk = store_sales.ss_sold_date_sk)"
                            }
                          ]
                        }
                      ]
                    }
                  ]
                }
              ]
            }
          ]
        }
      ]
    }
  }
]
