                                                                                                                                                          QUERY PLAN                                                                                                                                                          
------------------------------------------------------------------------------------------------------------------------------------------------------------------------------------------------------------------------------------------------------------------------------------------------------------------------------
 [                                                                                                                                                                                                                                                                                                                           +
   {                                                                                                                                                                                                                                                                                                                         +
     "Plan": {                                                                                                                                                                                                                                                                                                               +
       "Node Type": "Limit",                                                                                                                                                                                                                                                                                                 +
       "Parallel Aware": false,                                                                                                                                                                                                                                                                                              +
       "Startup Cost": 71424.45,                                                                                                                                                                                                                                                                                             +
       "Total Cost": 71424.70,                                                                                                                                                                                                                                                                                               +
       "Plan Rows": 100,                                                                                                                                                                                                                                                                                                     +
       "Plan Width": 266,                                                                                                                                                                                                                                                                                                    +
       "Plans": [                                                                                                                                                                                                                                                                                                            +
         {                                                                                                                                                                                                                                                                                                                   +
           "Node Type": "Sort",                                                                                                                                                                                                                                                                                              +
           "Parent Relationship": "Outer",                                                                                                                                                                                                                                                                                   +
           "Parallel Aware": false,                                                                                                                                                                                                                                                                                          +
           "Startup Cost": 71424.45,                                                                                                                                                                                                                                                                                         +
           "Total Cost": 71424.82,                                                                                                                                                                                                                                                                                           +
           "Plan Rows": 148,                                                                                                                                                                                                                                                                                                 +
           "Plan Width": 266,                                                                                                                                                                                                                                                                                                +
           "Sort Key": ["((tmp1.sum_sales - tmp1.avg_monthly_sales))", "tmp1.s_store_name"],                                                                                                                                                                                                                                 +
           "Plans": [                                                                                                                                                                                                                                                                                                        +
             {                                                                                                                                                                                                                                                                                                               +
               "Node Type": "Subquery Scan",                                                                                                                                                                                                                                                                                 +
               "Parent Relationship": "Outer",                                                                                                                                                                                                                                                                               +
               "Parallel Aware": false,                                                                                                                                                                                                                                                                                      +
               "Alias": "tmp1",                                                                                                                                                                                                                                                                                              +
               "Startup Cost": 71397.65,                                                                                                                                                                                                                                                                                     +
               "Total Cost": 71419.11,                                                                                                                                                                                                                                                                                       +
               "Plan Rows": 148,                                                                                                                                                                                                                                                                                             +
               "Plan Width": 266,                                                                                                                                                                                                                                                                                            +
               "Filter": "(CASE WHEN (tmp1.avg_monthly_sales <> '0'::numeric) THEN (abs((tmp1.sum_sales - tmp1.avg_monthly_sales)) / tmp1.avg_monthly_sales) ELSE NULL::numeric END > 0.1)",                                                                                                                                 +
               "Plans": [                                                                                                                                                                                                                                                                                                    +
                 {                                                                                                                                                                                                                                                                                                           +
                   "Node Type": "WindowAgg",                                                                                                                                                                                                                                                                                 +
                   "Parent Relationship": "Subquery",                                                                                                                                                                                                                                                                        +
                   "Parallel Aware": false,                                                                                                                                                                                                                                                                                  +
                   "Startup Cost": 71397.65,                                                                                                                                                                                                                                                                                 +
                   "Total Cost": 71408.75,                                                                                                                                                                                                                                                                                   +
                   "Plan Rows": 444,                                                                                                                                                                                                                                                                                         +
                   "Plan Width": 234,                                                                                                                                                                                                                                                                                        +
                   "Plans": [                                                                                                                                                                                                                                                                                                +
                     {                                                                                                                                                                                                                                                                                                       +
                       "Node Type": "Sort",                                                                                                                                                                                                                                                                                  +
                       "Parent Relationship": "Outer",                                                                                                                                                                                                                                                                       +
                       "Parallel Aware": false,                                                                                                                                                                                                                                                                              +
                       "Startup Cost": 71397.65,                                                                                                                                                                                                                                                                             +
                       "Total Cost": 71398.76,                                                                                                                                                                                                                                                                               +
                       "Plan Rows": 444,                                                                                                                                                                                                                                                                                     +
                       "Plan Width": 202,                                                                                                                                                                                                                                                                                    +
                       "Sort Key": ["item.i_category", "item.i_brand", "store.s_store_name", "store.s_company_name"],                                                                                                                                                                                                        +
                       "Plans": [                                                                                                                                                                                                                                                                                            +
                         {                                                                                                                                                                                                                                                                                                   +
                           "Node Type": "Aggregate",                                                                                                                                                                                                                                                                         +
                           "Strategy": "Sorted",                                                                                                                                                                                                                                                                             +
                           "Partial Mode": "Finalize",                                                                                                                                                                                                                                                                       +
                           "Parent Relationship": "Outer",                                                                                                                                                                                                                                                                   +
                           "Parallel Aware": false,                                                                                                                                                                                                                                                                          +
                           "Startup Cost": 71316.46,                                                                                                                                                                                                                                                                         +
                           "Total Cost": 71378.13,                                                                                                                                                                                                                                                                           +
                           "Plan Rows": 444,                                                                                                                                                                                                                                                                                 +
                           "Plan Width": 202,                                                                                                                                                                                                                                                                                +
                           "Group Key": ["item.i_category", "item.i_class", "item.i_brand", "store.s_store_name", "store.s_company_name", "date_dim.d_moy"],                                                                                                                                                                 +
                           "Plans": [                                                                                                                                                                                                                                                                                        +
                             {                                                                                                                                                                                                                                                                                               +
                               "Node Type": "Gather Merge",                                                                                                                                                                                                                                                                  +
                               "Parent Relationship": "Outer",                                                                                                                                                                                                                                                               +
                               "Parallel Aware": false,                                                                                                                                                                                                                                                                      +
                               "Startup Cost": 71316.46,                                                                                                                                                                                                                                                                     +
                               "Total Cost": 71365.18,                                                                                                                                                                                                                                                                       +
                               "Plan Rows": 370,                                                                                                                                                                                                                                                                             +
                               "Plan Width": 202,                                                                                                                                                                                                                                                                            +
                               "Workers Planned": 2,                                                                                                                                                                                                                                                                         +
                               "Plans": [                                                                                                                                                                                                                                                                                    +
                                 {                                                                                                                                                                                                                                                                                           +
                                   "Node Type": "Aggregate",                                                                                                                                                                                                                                                                 +
                                   "Strategy": "Sorted",                                                                                                                                                                                                                                                                     +
                                   "Partial Mode": "Partial",                                                                                                                                                                                                                                                                +
                                   "Parent Relationship": "Outer",                                                                                                                                                                                                                                                           +
                                   "Parallel Aware": false,                                                                                                                                                                                                                                                                  +
                                   "Startup Cost": 70316.44,                                                                                                                                                                                                                                                                 +
                                   "Total Cost": 70322.45,                                                                                                                                                                                                                                                                   +
                                   "Plan Rows": 185,                                                                                                                                                                                                                                                                         +
                                   "Plan Width": 202,                                                                                                                                                                                                                                                                        +
                                   "Group Key": ["item.i_category", "item.i_class", "item.i_brand", "store.s_store_name", "store.s_company_name", "date_dim.d_moy"],                                                                                                                                                         +
                                   "Plans": [                                                                                                                                                                                                                                                                                +
                                     {                                                                                                                                                                                                                                                                                       +
                                       "Node Type": "Sort",                                                                                                                                                                                                                                                                  +
                                       "Parent Relationship": "Outer",                                                                                                                                                                                                                                                       +
                                       "Parallel Aware": false,                                                                                                                                                                                                                                                              +
                                       "Startup Cost": 70316.44,                                                                                                                                                                                                                                                             +
                                       "Total Cost": 70316.90,                                                                                                                                                                                                                                                               +
                                       "Plan Rows": 185,                                                                                                                                                                                                                                                                     +
                                       "Plan Width": 176,                                                                                                                                                                                                                                                                    +
                                       "Sort Key": ["item.i_category", "item.i_class", "item.i_brand", "store.s_store_name", "store.s_company_name", "date_dim.d_moy"],                                                                                                                                                      +
                                       "Plans": [                                                                                                                                                                                                                                                                            +
                                         {                                                                                                                                                                                                                                                                                   +
                                           "Node Type": "Hash Join",                                                                                                                                                                                                                                                         +
                                           "Parent Relationship": "Outer",                                                                                                                                                                                                                                                   +
                                           "Parallel Aware": false,                                                                                                                                                                                                                                                          +
                                           "Join Type": "Inner",                                                                                                                                                                                                                                                             +
                                           "Startup Cost": 3445.26,                                                                                                                                                                                                                                                          +
                                           "Total Cost": 70309.47,                                                                                                                                                                                                                                                           +
                                           "Plan Rows": 185,                                                                                                                                                                                                                                                                 +
                                           "Plan Width": 176,                                                                                                                                                                                                                                                                +
                                           "Inner Unique": true,                                                                                                                                                                                                                                                             +
                                           "Hash Cond": "(store_sales.ss_store_sk = store.s_store_sk)",                                                                                                                                                                                                                      +
                                           "Plans": [                                                                                                                                                                                                                                                                        +
                                             {                                                                                                                                                                                                                                                                               +
                                               "Node Type": "Hash Join",                                                                                                                                                                                                                                                     +
                                               "Parent Relationship": "Outer",                                                                                                                                                                                                                                               +
                                               "Parallel Aware": true,                                                                                                                                                                                                                                                       +
                                               "Join Type": "Inner",                                                                                                                                                                                                                                                         +
                                               "Startup Cost": 3443.99,                                                                                                                                                                                                                                                      +
                                               "Total Cost": 70307.52,                                                                                                                                                                                                                                                       +
                                               "Plan Rows": 194,                                                                                                                                                                                                                                                             +
                                               "Plan Width": 167,                                                                                                                                                                                                                                                            +
                                               "Inner Unique": true,                                                                                                                                                                                                                                                         +
                                               "Hash Cond": "(store_sales.ss_item_sk = item.i_item_sk)",                                                                                                                                                                                                                     +
                                               "Plans": [                                                                                                                                                                                                                                                                    +
                                                 {                                                                                                                                                                                                                                                                           +
                                                   "Node Type": "Hash Join",                                                                                                                                                                                                                                                 +
                                                   "Parent Relationship": "Outer",                                                                                                                                                                                                                                           +
                                                   "Parallel Aware": true,                                                                                                                                                                                                                                                   +
                                                   "Join Type": "Inner",                                                                                                                                                                                                                                                     +
                                                   "Startup Cost": 1944.80,                                                                                                                                                                                                                                                  +
                                                   "Total Cost": 68793.34,                                                                                                                                                                                                                                                   +
                                                   "Plan Rows": 5711,                                                                                                                                                                                                                                                        +
                                                   "Plan Width": 18,                                                                                                                                                                                                                                                         +
                                                   "Inner Unique": true,                                                                                                                                                                                                                                                     +
                                                   "Hash Cond": "(store_sales.ss_sold_date_sk = date_dim.d_date_sk)",                                                                                                                                                                                                        +
                                                   "Plans": [                                                                                                                                                                                                                                                                +
                                                     {                                                                                                                                                                                                                                                                       +
                                                       "Node Type": "Seq Scan",                                                                                                                                                                                                                                              +
                                                       "Parent Relationship": "Outer",                                                                                                                                                                                                                                       +
                                                       "Parallel Aware": true,                                                                                                                                                                                                                                               +
                                                       "Relation Name": "store_sales",                                                                                                                                                                                                                                       +
                                                       "Alias": "store_sales",                                                                                                                                                                                                                                               +
                                                       "Startup Cost": 0.00,                                                                                                                                                                                                                                                 +
                                                       "Total Cost": 63697.87,                                                                                                                                                                                                                                               +
                                                       "Plan Rows": 1200187,                                                                                                                                                                                                                                                 +
                                                       "Plan Width": 18                                                                                                                                                                                                                                                      +
                                                     },                                                                                                                                                                                                                                                                      +
                                                     {                                                                                                                                                                                                                                                                       +
                                                       "Node Type": "Hash",                                                                                                                                                                                                                                                  +
                                                       "Parent Relationship": "Inner",                                                                                                                                                                                                                                       +
                                                       "Parallel Aware": true,                                                                                                                                                                                                                                               +
                                                       "Startup Cost": 1942.12,                                                                                                                                                                                                                                              +
                                                       "Total Cost": 1942.12,                                                                                                                                                                                                                                                +
                                                       "Plan Rows": 214,                                                                                                                                                                                                                                                     +
                                                       "Plan Width": 8,                                                                                                                                                                                                                                                      +
                                                       "Plans": [                                                                                                                                                                                                                                                            +
                                                         {                                                                                                                                                                                                                                                                   +
                                                           "Node Type": "Seq Scan",                                                                                                                                                                                                                                          +
                                                           "Parent Relationship": "Outer",                                                                                                                                                                                                                                   +
                                                           "Parallel Aware": true,                                                                                                                                                                                                                                           +
                                                           "Relation Name": "date_dim",                                                                                                                                                                                                                                      +
                                                           "Alias": "date_dim",                                                                                                                                                                                                                                              +
                                                           "Startup Cost": 0.00,                                                                                                                                                                                                                                             +
                                                           "Total Cost": 1942.12,                                                                                                                                                                                                                                            +
                                                           "Plan Rows": 214,                                                                                                                                                                                                                                                 +
                                                           "Plan Width": 8,                                                                                                                                                                                                                                                  +
                                                           "Filter": "(d_year = 2002)"                                                                                                                                                                                                                                       +
                                                         }                                                                                                                                                                                                                                                                   +
                                                       ]                                                                                                                                                                                                                                                                     +
                                                     }                                                                                                                                                                                                                                                                       +
                                                   ]                                                                                                                                                                                                                                                                         +
                                                 },                                                                                                                                                                                                                                                                          +
                                                 {                                                                                                                                                                                                                                                                           +
                                                   "Node Type": "Hash",                                                                                                                                                                                                                                                      +
                                                   "Parent Relationship": "Inner",                                                                                                                                                                                                                                           +
                                                   "Parallel Aware": true,                                                                                                                                                                                                                                                   +
                                                   "Startup Cost": 1494.71,                                                                                                                                                                                                                                                  +
                                                   "Total Cost": 1494.71,                                                                                                                                                                                                                                                    +
                                                   "Plan Rows": 359,                                                                                                                                                                                                                                                         +
                                                   "Plan Width": 157,                                                                                                                                                                                                                                                        +
                                                   "Plans": [                                                                                                                                                                                                                                                                +
                                                     {                                                                                                                                                                                                                                                                       +
                                                       "Node Type": "Seq Scan",                                                                                                                                                                                                                                              +
                                                       "Parent Relationship": "Outer",                                                                                                                                                                                                                                       +
                                                       "Parallel Aware": true,                                                                                                                                                                                                                                               +
                                                       "Relation Name": "item",                                                                                                                                                                                                                                              +
                                                       "Alias": "item",                                                                                                                                                                                                                                                      +
                                                       "Startup Cost": 0.00,                                                                                                                                                                                                                                                 +
                                                       "Total Cost": 1494.71,                                                                                                                                                                                                                                                +
                                                       "Plan Rows": 359,                                                                                                                                                                                                                                                     +
                                                       "Plan Width": 157,                                                                                                                                                                                                                                                    +
                                                       "Filter": "(((i_category = ANY ('{Men,Books,Home}'::bpchar[])) AND (i_class = ANY ('{accessories,entertainments,bedding}'::bpchar[]))) OR ((i_category = ANY ('{Women,Children,Music}'::bpchar[])) AND (i_class = ANY ('{maternity,toddlers,classical}'::bpchar[]))))"+
                                                     }                                                                                                                                                                                                                                                                       +
                                                   ]                                                                                                                                                                                                                                                                         +
                                                 }                                                                                                                                                                                                                                                                           +
                                               ]                                                                                                                                                                                                                                                                             +
                                             },                                                                                                                                                                                                                                                                              +
                                             {                                                                                                                                                                                                                                                                               +
                                               "Node Type": "Hash",                                                                                                                                                                                                                                                          +
                                               "Parent Relationship": "Inner",                                                                                                                                                                                                                                               +
                                               "Parallel Aware": false,                                                                                                                                                                                                                                                      +
                                               "Startup Cost": 1.12,                                                                                                                                                                                                                                                         +
                                               "Total Cost": 1.12,                                                                                                                                                                                                                                                           +
                                               "Plan Rows": 12,                                                                                                                                                                                                                                                              +
                                               "Plan Width": 17,                                                                                                                                                                                                                                                             +
                                               "Plans": [                                                                                                                                                                                                                                                                    +
                                                 {                                                                                                                                                                                                                                                                           +
                                                   "Node Type": "Seq Scan",                                                                                                                                                                                                                                                  +
                                                   "Parent Relationship": "Outer",                                                                                                                                                                                                                                           +
                                                   "Parallel Aware": false,                                                                                                                                                                                                                                                  +
                                                   "Relation Name": "store",                                                                                                                                                                                                                                                 +
                                                   "Alias": "store",                                                                                                                                                                                                                                                         +
                                                   "Startup Cost": 0.00,                                                                                                                                                                                                                                                     +
                                                   "Total Cost": 1.12,                                                                                                                                                                                                                                                       +
                                                   "Plan Rows": 12,                                                                                                                                                                                                                                                          +
                                                   "Plan Width": 17                                                                                                                                                                                                                                                          +
                                                 }                                                                                                                                                                                                                                                                           +
                                               ]                                                                                                                                                                                                                                                                             +
                                             }                                                                                                                                                                                                                                                                               +
                                           ]                                                                                                                                                                                                                                                                                 +
                                         }                                                                                                                                                                                                                                                                                   +
                                       ]                                                                                                                                                                                                                                                                                     +
                                     }                                                                                                                                                                                                                                                                                       +
                                   ]                                                                                                                                                                                                                                                                                         +
                                 }                                                                                                                                                                                                                                                                                           +
                               ]                                                                                                                                                                                                                                                                                             +
                             }                                                                                                                                                                                                                                                                                               +
                           ]                                                                                                                                                                                                                                                                                                 +
                         }                                                                                                                                                                                                                                                                                                   +
                       ]                                                                                                                                                                                                                                                                                                     +
                     }                                                                                                                                                                                                                                                                                                       +
                   ]                                                                                                                                                                                                                                                                                                         +
                 }                                                                                                                                                                                                                                                                                                           +
               ]                                                                                                                                                                                                                                                                                                             +
             }                                                                                                                                                                                                                                                                                                               +
           ]                                                                                                                                                                                                                                                                                                                 +
         }                                                                                                                                                                                                                                                                                                                   +
       ]                                                                                                                                                                                                                                                                                                                     +
     }                                                                                                                                                                                                                                                                                                                       +
   }                                                                                                                                                                                                                                                                                                                         +
 ]
(1 row)

