[
  {
    "Plan": {
      "Node Type": "Sort",
      "Parallel Aware": false,
      "Startup Cost": 849291.43,
      "Total Cost": 849291.43,
      "Plan Rows": 1,
      "Plan Width": 210,
      "Sort Key": ["((ss3.store_sales / ss2.store_sales))"],
      "Plans": [
        {
          "Node Type": "Aggregate",
          "Strategy": "Sorted",
          "Partial Mode": "Finalize",
          "Parent Relationship": "InitPlan",
          "Subplan Name": "CTE ss",
          "Parallel Aware": false,
          "Startup Cost": 210927.37,
          "Total Cost": 536719.71,
          "Plan Rows": 1476800,
          "Plan Width": 54,
          "Group Key": ["customer_address.ca_county", "date_dim.d_qoy", "date_dim.d_year"],
          "Plans": [
            {
              "Node Type": "Gather Merge",
              "Parent Relationship": "Outer",
              "Parallel Aware": false,
              "Startup Cost": 210927.37,
              "Total Cost": 490902.34,
              "Plan Rows": 2188590,
              "Plan Width": 54,
              "Workers Planned": 2,
              "Plans": [
                {
                  "Node Type": "Aggregate",
                  "Strategy": "Sorted",
                  "Partial Mode": "Partial",
                  "Parent Relationship": "Outer",
                  "Parallel Aware": false,
                  "Startup Cost": 209927.35,
                  "Total Cost": 237284.72,
                  "Plan Rows": 1094295,
                  "Plan Width": 54,
                  "Group Key": ["customer_address.ca_county", "date_dim.d_qoy", "date_dim.d_year"],
                  "Plans": [
                    {
                      "Node Type": "Sort",
                      "Parent Relationship": "Outer",
                      "Parallel Aware": false,
                      "Startup Cost": 209927.35,
                      "Total Cost": 212663.08,
                      "Plan Rows": 1094295,
                      "Plan Width": 28,
                      "Sort Key": ["customer_address.ca_county", "date_dim.d_qoy", "date_dim.d_year"],
                      "Plans": [
                        {
                          "Node Type": "Hash Join",
                          "Parent Relationship": "Outer",
                          "Parallel Aware": true,
                          "Join Type": "Inner",
                          "Startup Cost": 4120.59,
                          "Total Cost": 73977.47,
                          "Plan Rows": 1094295,
                          "Plan Width": 28,
                          "Inner Unique": true,
                          "Hash Cond": "(store_sales.ss_sold_date_sk = date_dim.d_date_sk)",
                          "Plans": [
                            {
                              "Node Type": "Hash Join",
                              "Parent Relationship": "Outer",
                              "Parallel Aware": true,
                              "Join Type": "Inner",
                              "Startup Cost": 1748.77,
                              "Total Cost": 68597.39,
                              "Plan Rows": 1145939,
                              "Plan Width": 24,
                              "Inner Unique": true,
                              "Hash Cond": "(store_sales.ss_addr_sk = customer_address.ca_address_sk)",
                              "Plans": [
                                {
                                  "Node Type": "Seq Scan",
                                  "Parent Relationship": "Outer",
                                  "Parallel Aware": true,
                                  "Relation Name": "store_sales",
                                  "Alias": "store_sales",
                                  "Startup Cost": 0.00,
                                  "Total Cost": 63697.87,
                                  "Plan Rows": 1200187,
                                  "Plan Width": 14
                                },
                                {
                                  "Node Type": "Hash",
                                  "Parent Relationship": "Inner",
                                  "Parallel Aware": true,
                                  "Startup Cost": 1381.12,
                                  "Total Cost": 1381.12,
                                  "Plan Rows": 29412,
                                  "Plan Width": 18,
                                  "Plans": [
                                    {
                                      "Node Type": "Seq Scan",
                                      "Parent Relationship": "Outer",
                                      "Parallel Aware": true,
                                      "Relation Name": "customer_address",
                                      "Alias": "customer_address",
                                      "Startup Cost": 0.00,
                                      "Total Cost": 1381.12,
                                      "Plan Rows": 29412,
                                      "Plan Width": 18
                                    }
                                  ]
                                }
                              ]
                            },
                            {
                              "Node Type": "Hash",
                              "Parent Relationship": "Inner",
                              "Parallel Aware": true,
                              "Startup Cost": 1834.70,
                              "Total Cost": 1834.70,
                              "Plan Rows": 42970,
                              "Plan Width": 12,
                              "Plans": [
                                {
                                  "Node Type": "Seq Scan",
                                  "Parent Relationship": "Outer",
                                  "Parallel Aware": true,
                                  "Relation Name": "date_dim",
                                  "Alias": "date_dim",
                                  "Startup Cost": 0.00,
                                  "Total Cost": 1834.70,
                                  "Plan Rows": 42970,
                                  "Plan Width": 12
                                }
                              ]
                            }
                          ]
                        }
                      ]
                    }
                  ]
                }
              ]
            }
          ]
        },
        {
          "Node Type": "Aggregate",
          "Strategy": "Sorted",
          "Partial Mode": "Simple",
          "Parent Relationship": "InitPlan",
          "Subplan Name": "CTE ws",
          "Parallel Aware": false,
          "Startup Cost": 129894.49,
          "Total Cost": 147871.29,
          "Plan Rows": 719072,
          "Plan Width": 54,
          "Group Key": ["customer_address_1.ca_county", "date_dim_1.d_qoy", "date_dim_1.d_year"],
          "Plans": [
            {
              "Node Type": "Sort",
              "Parent Relationship": "Outer",
              "Parallel Aware": false,
              "Startup Cost": 129894.49,
              "Total Cost": 131692.17,
              "Plan Rows": 719072,
              "Plan Width": 28,
              "Sort Key": ["customer_address_1.ca_county", "date_dim_1.d_qoy", "date_dim_1.d_year"],
              "Plans": [
                {
                  "Node Type": "Hash Join",
                  "Parent Relationship": "Outer",
                  "Parallel Aware": false,
                  "Join Type": "Inner",
                  "Startup Cost": 5617.60,
                  "Total Cost": 42737.97,
                  "Plan Rows": 719072,
                  "Plan Width": 28,
                  "Inner Unique": true,
                  "Hash Cond": "(web_sales.ws_bill_addr_sk = customer_address_1.ca_address_sk)",
                  "Plans": [
                    {
                      "Node Type": "Hash Join",
                      "Parent Relationship": "Outer",
                      "Parallel Aware": false,
                      "Join Type": "Inner",
                      "Startup Cost": 3405.60,
                      "Total Cost": 38637.94,
                      "Plan Rows": 719192,
                      "Plan Width": 18,
                      "Inner Unique": true,
                      "Hash Cond": "(web_sales.ws_sold_date_sk = date_dim_1.d_date_sk)",
                      "Plans": [
                        {
                          "Node Type": "Seq Scan",
                          "Parent Relationship": "Outer",
                          "Parallel Aware": false,
                          "Relation Name": "web_sales",
                          "Alias": "web_sales",
                          "Startup Cost": 0.00,
                          "Total Cost": 25960.84,
                          "Plan Rows": 719384,
                          "Plan Width": 14
                        },
                        {
                          "Node Type": "Hash",
                          "Parent Relationship": "Inner",
                          "Parallel Aware": false,
                          "Startup Cost": 2135.49,
                          "Total Cost": 2135.49,
                          "Plan Rows": 73049,
                          "Plan Width": 12,
                          "Plans": [
                            {
                              "Node Type": "Seq Scan",
                              "Parent Relationship": "Outer",
                              "Parallel Aware": false,
                              "Relation Name": "date_dim",
                              "Alias": "date_dim_1",
                              "Startup Cost": 0.00,
                              "Total Cost": 2135.49,
                              "Plan Rows": 73049,
                              "Plan Width": 12
                            }
                          ]
                        }
                      ]
                    },
                    {
                      "Node Type": "Hash",
                      "Parent Relationship": "Inner",
                      "Parallel Aware": false,
                      "Startup Cost": 1587.00,
                      "Total Cost": 1587.00,
                      "Plan Rows": 50000,
                      "Plan Width": 18,
                      "Plans": [
                        {
                          "Node Type": "Seq Scan",
                          "Parent Relationship": "Outer",
                          "Parallel Aware": false,
                          "Relation Name": "customer_address",
                          "Alias": "customer_address_1",
                          "Startup Cost": 0.00,
                          "Total Cost": 1587.00,
                          "Plan Rows": 50000,
                          "Plan Width": 18
                        }
                      ]
                    }
                  ]
                }
              ]
            }
          ]
        },
        {
          "Node Type": "Nested Loop",
          "Parent Relationship": "Outer",
          "Parallel Aware": false,
          "Join Type": "Inner",
          "Startup Cost": 0.00,
          "Total Cost": 164700.41,
          "Plan Rows": 1,
          "Plan Width": 210,
          "Inner Unique": false,
          "Join Filter": "(((ss1.ca_county)::text = (ws2.ca_county)::text) AND (CASE WHEN (ws1.web_sales > '0'::numeric) THEN (ws2.web_sales / ws1.web_sales) ELSE NULL::numeric END > CASE WHEN (ss1.store_sales > '0'::numeric) THEN (ss2.store_sales / ss1.store_sales) ELSE NULL::numeric END) AND (CASE WHEN (ws2.web_sales > '0'::numeric) THEN (ws3.web_sales / ws2.web_sales) ELSE NULL::numeric END > CASE WHEN (ss2.store_sales > '0'::numeric) THEN (ss3.store_sales / ss2.store_sales) ELSE NULL::numeric END))",
          "Plans": [
            {
              "Node Type": "Nested Loop",
              "Parent Relationship": "Outer",
              "Parallel Aware": false,
              "Join Type": "Inner",
              "Startup Cost": 0.00,
              "Total Cost": 146722.93,
              "Plan Rows": 1,
              "Plan Width": 554,
              "Inner Unique": false,
              "Join Filter": "((ss1.ca_county)::text = (ss3.ca_county)::text)",
              "Plans": [
                {
                  "Node Type": "Nested Loop",
                  "Parent Relationship": "Outer",
                  "Parallel Aware": false,
                  "Join Type": "Inner",
                  "Startup Cost": 0.00,
                  "Total Cost": 109802.47,
                  "Plan Rows": 1,
                  "Plan Width": 444,
                  "Inner Unique": false,
                  "Join Filter": "((ss1.ca_county)::text = (ss2.ca_county)::text)",
                  "Plans": [
                    {
                      "Node Type": "Nested Loop",
                      "Parent Relationship": "Outer",
                      "Parallel Aware": false,
                      "Join Type": "Inner",
                      "Startup Cost": 0.00,
                      "Total Cost": 72882.00,
                      "Plan Rows": 1,
                      "Plan Width": 334,
                      "Inner Unique": false,
                      "Join Filter": "((ws1.ca_county)::text = (ss1.ca_county)::text)",
                      "Plans": [
                        {
                          "Node Type": "Nested Loop",
                          "Parent Relationship": "Outer",
                          "Parallel Aware": false,
                          "Join Type": "Inner",
                          "Startup Cost": 0.00,
                          "Total Cost": 35960.71,
                          "Plan Rows": 2,
                          "Plan Width": 220,
                          "Inner Unique": false,
                          "Join Filter": "((ws1.ca_county)::text = (ws3.ca_county)::text)",
                          "Plans": [
                            {
                              "Node Type": "CTE Scan",
                              "Parent Relationship": "Outer",
                              "Parallel Aware": false,
                              "CTE Name": "ws",
                              "Alias": "ws1",
                              "Startup Cost": 0.00,
                              "Total Cost": 17976.80,
                              "Plan Rows": 18,
                              "Plan Width": 110,
                              "Filter": "((d_qoy = 1) AND (d_year = 1999))"
                            },
                            {
                              "Node Type": "CTE Scan",
                              "Parent Relationship": "Inner",
                              "Parallel Aware": false,
                              "CTE Name": "ws",
                              "Alias": "ws3",
                              "Startup Cost": 0.00,
                              "Total Cost": 17976.80,
                              "Plan Rows": 18,
                              "Plan Width": 110,
                              "Filter": "((d_year = 1999) AND (d_qoy = 3))"
                            }
                          ]
                        },
                        {
                          "Node Type": "CTE Scan",
                          "Parent Relationship": "Inner",
                          "Parallel Aware": false,
                          "CTE Name": "ss",
                          "Alias": "ss1",
                          "Startup Cost": 0.00,
                          "Total Cost": 36920.00,
                          "Plan Rows": 37,
                          "Plan Width": 114,
                          "Filter": "((d_qoy = 1) AND (d_year = 1999))"
                        }
                      ]
                    },
                    {
                      "Node Type": "CTE Scan",
                      "Parent Relationship": "Inner",
                      "Parallel Aware": false,
                      "CTE Name": "ss",
                      "Alias": "ss2",
                      "Startup Cost": 0.00,
                      "Total Cost": 36920.00,
                      "Plan Rows": 37,
                      "Plan Width": 110,
                      "Filter": "((d_year = 1999) AND (d_qoy = 2))"
                    }
                  ]
                },
                {
                  "Node Type": "CTE Scan",
                  "Parent Relationship": "Inner",
                  "Parallel Aware": false,
                  "CTE Name": "ss",
                  "Alias": "ss3",
                  "Startup Cost": 0.00,
                  "Total Cost": 36920.00,
                  "Plan Rows": 37,
                  "Plan Width": 110,
                  "Filter": "((d_year = 1999) AND (d_qoy = 3))"
                }
              ]
            },
            {
              "Node Type": "CTE Scan",
              "Parent Relationship": "Inner",
              "Parallel Aware": false,
              "CTE Name": "ws",
              "Alias": "ws2",
              "Startup Cost": 0.00,
              "Total Cost": 17976.80,
              "Plan Rows": 18,
              "Plan Width": 110,
              "Filter": "((d_year = 1999) AND (d_qoy = 2))"
            }
          ]
        }
      ]
    }
  }
]
