[
  {
    "Plan": {
      "Node Type": "Limit",
      "Parallel Aware": false,
      "Startup Cost": 70052.04,
      "Total Cost": 70052.10,
      "Plan Rows": 21,
      "Plan Width": 91,
      "Plans": [
        {
          "Node Type": "Sort",
          "Parent Relationship": "Outer",
          "Parallel Aware": false,
          "Startup Cost": 70052.04,
          "Total Cost": 70052.10,
          "Plan Rows": 21,
          "Plan Width": 91,
          "Sort Key": ["(sum(store_sales.ss_ext_sales_price)) DESC", "item.i_category_id", "item.i_category"],
          "Plans": [
            {
              "Node Type": "Aggregate",
              "Strategy": "Sorted",
              "Partial Mode": "Finalize",
              "Parent Relationship": "Outer",
              "Parallel Aware": false,
              "Startup Cost": 70048.79,
              "Total Cost": 70051.58,
              "Plan Rows": 21,
              "Plan Width": 91,
              "Group Key": ["dt.d_year", "item.i_category_id", "item.i_category"],
              "Plans": [
                {
                  "Node Type": "Gather Merge",
                  "Parent Relationship": "Outer",
                  "Parallel Aware": false,
                  "Startup Cost": 70048.79,
                  "Total Cost": 70051.09,
                  "Plan Rows": 18,
                  "Plan Width": 91,
                  "Workers Planned": 2,
                  "Plans": [
                    {
                      "Node Type": "Aggregate",
                      "Strategy": "Sorted",
                      "Partial Mode": "Partial",
                      "Parent Relationship": "Outer",
                      "Parallel Aware": false,
                      "Startup Cost": 69048.77,
                      "Total Cost": 69048.99,
                      "Plan Rows": 9,
                      "Plan Width": 91,
                      "Group Key": ["dt.d_year", "item.i_category_id", "item.i_category"],
                      "Plans": [
                        {
                          "Node Type": "Sort",
                          "Parent Relationship": "Outer",
                          "Parallel Aware": false,
                          "Startup Cost": 69048.77,
                          "Total Cost": 69048.79,
                          "Plan Rows": 9,
                          "Plan Width": 65,
                          "Sort Key": ["item.i_category_id", "item.i_category"],
                          "Plans": [
                            {
                              "Node Type": "Nested Loop",
                              "Parent Relationship": "Outer",
                              "Parallel Aware": false,
                              "Join Type": "Inner",
                              "Startup Cost": 2050.06,
                              "Total Cost": 69048.63,
                              "Plan Rows": 9,
                              "Plan Width": 65,
                              "Inner Unique": true,
                              "Plans": [
                                {
                                  "Node Type": "Hash Join",
                                  "Parent Relationship": "Outer",
                                  "Parallel Aware": true,
                                  "Join Type": "Inner",
                                  "Startup Cost": 2049.78,
                                  "Total Cost": 68898.31,
                                  "Plan Rows": 486,
                                  "Plan Width": 14,
                                  "Inner Unique": true,
                                  "Hash Cond": "(store_sales.ss_sold_date_sk = dt.d_date_sk)",
                                  "Plans": [
                                    {
                                      "Node Type": "Seq Scan",
                                      "Parent Relationship": "Outer",
                                      "Parallel Aware": true,
                                      "Relation Name": "store_sales",
                                      "Alias": "store_sales",
                                      "Startup Cost": 0.00,
                                      "Total Cost": 63697.87,
                                      "Plan Rows": 1200187,
                                      "Plan Width": 14
                                    },
                                    {
                                      "Node Type": "Hash",
                                      "Parent Relationship": "Inner",
                                      "Parallel Aware": true,
                                      "Startup Cost": 2049.55,
                                      "Total Cost": 2049.55,
                                      "Plan Rows": 18,
                                      "Plan Width": 8,
                                      "Plans": [
                                        {
                                          "Node Type": "Seq Scan",
                                          "Parent Relationship": "Outer",
                                          "Parallel Aware": true,
                                          "Relation Name": "date_dim",
                                          "Alias": "dt",
                                          "Startup Cost": 0.00,
                                          "Total Cost": 2049.55,
                                          "Plan Rows": 18,
                                          "Plan Width": 8,
                                          "Filter": "((d_moy = 12) AND (d_year = 2000))"
                                        }
                                      ]
                                    }
                                  ]
                                },
                                {
                                  "Node Type": "Index Scan",
                                  "Parent Relationship": "Inner",
                                  "Parallel Aware": false,
                                  "Scan Direction": "Forward",
                                  "Index Name": "item_pkey",
                                  "Relation Name": "item",
                                  "Alias": "item",
                                  "Startup Cost": 0.29,
                                  "Total Cost": 0.31,
                                  "Plan Rows": 1,
                                  "Plan Width": 59,
                                  "Index Cond": "(i_item_sk = store_sales.ss_item_sk)",
                                  "Filter": "(i_manager_id = 1)"
                                }
                              ]
                            }
                          ]
                        }
                      ]
                    }
                  ]
                }
              ]
            }
          ]
        }
      ]
    }
  }
]
