[
  {
    "Plan": {
      "Node Type": "Limit",
      "Parallel Aware": false,
      "Startup Cost": 88439.37,
      "Total Cost": 88439.38,
      "Plan Rows": 1,
      "Plan Width": 286,
      "Plans": [
        {
          "Node Type": "WindowAgg",
          "Parent Relationship": "InitPlan",
          "Subplan Name": "CTE v1",
          "Parallel Aware": false,
          "Startup Cost": 72135.64,
          "Total Cost": 75061.76,
          "Plan Rows": 15289,
          "Plan Width": 195,
          "Plans": [
            {
              "Node Type": "WindowAgg",
              "Parent Relationship": "Outer",
              "Parallel Aware": false,
              "Startup Cost": 72135.64,
              "Total Cost": 74641.31,
              "Plan Rows": 15289,
              "Plan Width": 187,
              "Plans": [
                {
                  "Node Type": "Aggregate",
                  "Strategy": "Sorted",
                  "Partial Mode": "Finalize",
                  "Parent Relationship": "Outer",
                  "Parallel Aware": false,
                  "Startup Cost": 72135.64,
                  "Total Cost": 74259.09,
                  "Plan Rows": 15289,
                  "Plan Width": 155,
                  "Group Key": ["item.i_category", "item.i_brand", "store.s_store_name", "store.s_company_name", "date_dim.d_year", "date_dim.d_moy"],
                  "Plans": [
                    {
                      "Node Type": "Gather Merge",
                      "Parent Relationship": "Outer",
                      "Parallel Aware": false,
                      "Startup Cost": 72135.64,
                      "Total Cost": 73813.18,
                      "Plan Rows": 12740,
                      "Plan Width": 155,
                      "Workers Planned": 2,
                      "Plans": [
                        {
                          "Node Type": "Aggregate",
                          "Strategy": "Sorted",
                          "Partial Mode": "Partial",
                          "Parent Relationship": "Outer",
                          "Parallel Aware": false,
                          "Startup Cost": 71135.62,
                          "Total Cost": 71342.64,
                          "Plan Rows": 6370,
                          "Plan Width": 155,
                          "Group Key": ["item.i_category", "item.i_brand", "store.s_store_name", "store.s_company_name", "date_dim.d_year", "date_dim.d_moy"],
                          "Plans": [
                            {
                              "Node Type": "Sort",
                              "Parent Relationship": "Outer",
                              "Parallel Aware": false,
                              "Startup Cost": 71135.62,
                              "Total Cost": 71151.54,
                              "Plan Rows": 6370,
                              "Plan Width": 129,
                              "Sort Key": ["item.i_category", "item.i_brand", "store.s_store_name", "store.s_company_name", "date_dim.d_year", "date_dim.d_moy"],
                              "Plans": [
                                {
                                  "Node Type": "Hash Join",
                                  "Parent Relationship": "Outer",
                                  "Parallel Aware": true,
                                  "Join Type": "Inner",
                                  "Startup Cost": 3844.45,
                                  "Total Cost": 70733.12,
                                  "Plan Rows": 6370,
                                  "Plan Width": 129,
                                  "Inner Unique": true,
                                  "Hash Cond": "(store_sales.ss_item_sk = item.i_item_sk)",
                                  "Plans": [
                                    {
                                      "Node Type": "Hash Join",
                                      "Parent Relationship": "Outer",
                                      "Parallel Aware": false,
                                      "Join Type": "Inner",
                                      "Startup Cost": 2376.22,
                                      "Total Cost": 69248.17,
                                      "Plan Rows": 6370,
                                      "Plan Width": 31,
                                      "Inner Unique": true,
                                      "Hash Cond": "(store_sales.ss_store_sk = store.s_store_sk)",
                                      "Plans": [
                                        {
                                          "Node Type": "Hash Join",
                                          "Parent Relationship": "Outer",
                                          "Parallel Aware": true,
                                          "Join Type": "Inner",
                                          "Startup Cost": 2374.95,
                                          "Total Cost": 69223.49,
                                          "Plan Rows": 6668,
                                          "Plan Width": 22,
                                          "Inner Unique": true,
                                          "Hash Cond": "(store_sales.ss_sold_date_sk = date_dim.d_date_sk)",
                                          "Plans": [
                                            {
                                              "Node Type": "Seq Scan",
                                              "Parent Relationship": "Outer",
                                              "Parallel Aware": true,
                                              "Relation Name": "store_sales",
                                              "Alias": "store_sales",
                                              "Startup Cost": 0.00,
                                              "Total Cost": 63697.87,
                                              "Plan Rows": 1200187,
                                              "Plan Width": 18
                                            },
                                            {
                                              "Node Type": "Hash",
                                              "Parent Relationship": "Inner",
                                              "Parallel Aware": true,
                                              "Startup Cost": 2371.82,
                                              "Total Cost": 2371.82,
                                              "Plan Rows": 250,
                                              "Plan Width": 12,
                                              "Plans": [
                                                {
                                                  "Node Type": "Seq Scan",
                                                  "Parent Relationship": "Outer",
                                                  "Parallel Aware": true,
                                                  "Relation Name": "date_dim",
                                                  "Alias": "date_dim",
                                                  "Startup Cost": 0.00,
                                                  "Total Cost": 2371.82,
                                                  "Plan Rows": 250,
                                                  "Plan Width": 12,
                                                  "Filter": "((d_year = 1999) OR ((d_year = 1998) AND (d_moy = 12)) OR ((d_year = 2000) AND (d_moy = 1)))"
                                                }
                                              ]
                                            }
                                          ]
                                        },
                                        {
                                          "Node Type": "Hash",
                                          "Parent Relationship": "Inner",
                                          "Parallel Aware": false,
                                          "Startup Cost": 1.12,
                                          "Total Cost": 1.12,
                                          "Plan Rows": 12,
                                          "Plan Width": 17,
                                          "Plans": [
                                            {
                                              "Node Type": "Seq Scan",
                                              "Parent Relationship": "Outer",
                                              "Parallel Aware": false,
                                              "Relation Name": "store",
                                              "Alias": "store",
                                              "Startup Cost": 0.00,
                                              "Total Cost": 1.12,
                                              "Plan Rows": 12,
                                              "Plan Width": 17
                                            }
                                          ]
                                        }
                                      ]
                                    },
                                    {
                                      "Node Type": "Hash",
                                      "Parent Relationship": "Inner",
                                      "Parallel Aware": true,
                                      "Startup Cost": 1335.88,
                                      "Total Cost": 1335.88,
                                      "Plan Rows": 10588,
                                      "Plan Width": 106,
                                      "Plans": [
                                        {
                                          "Node Type": "Seq Scan",
                                          "Parent Relationship": "Outer",
                                          "Parallel Aware": true,
                                          "Relation Name": "item",
                                          "Alias": "item",
                                          "Startup Cost": 0.00,
                                          "Total Cost": 1335.88,
                                          "Plan Rows": 10588,
                                          "Plan Width": 106
                                        }
                                      ]
                                    }
                                  ]
                                }
                              ]
                            }
                          ]
                        }
                      ]
                    }
                  ]
                }
              ]
            }
          ]
        },
        {
          "Node Type": "Nested Loop",
          "Parent Relationship": "InitPlan",
          "Subplan Name": "CTE v2",
          "Parallel Aware": false,
          "Join Type": "Inner",
          "Startup Cost": 12039.76,
          "Total Cost": 13377.56,
          "Plan Rows": 1,
          "Plan Width": 254,
          "Inner Unique": false,
          "Join Filter": "((v1_lag.i_category = v1.i_category) AND (v1_lag.i_brand = v1.i_brand) AND ((v1_lag.s_store_name)::text = (v1.s_store_name)::text) AND ((v1_lag.s_company_name)::text = (v1.s_company_name)::text) AND ((v1_lag.rn + 1) = v1.rn))",
          "Plans": [
            {
              "Node Type": "Merge Join",
              "Parent Relationship": "Outer",
              "Parallel Aware": false,
              "Join Type": "Inner",
              "Startup Cost": 12039.76,
              "Total Cost": 12689.56,
              "Plan Rows": 1,
              "Plan Width": 1368,
              "Inner Unique": false,
              "Merge Cond": "((v1_lag.i_category = v1_lead.i_category) AND (v1_lag.i_brand = v1_lead.i_brand) AND ((v1_lag.s_store_name)::text = (v1_lead.s_store_name)::text) AND ((v1_lag.s_company_name)::text = (v1_lead.s_company_name)::text) AND (((v1_lag.rn + 1)) = ((v1_lead.rn - 1))))",
              "Plans": [
                {
                  "Node Type": "Sort",
                  "Parent Relationship": "Outer",
                  "Parallel Aware": false,
                  "Startup Cost": 6019.88,
                  "Total Cost": 6058.10,
                  "Plan Rows": 15289,
                  "Plan Width": 684,
                  "Sort Key": ["v1_lag.i_category", "v1_lag.i_brand", "v1_lag.s_store_name", "v1_lag.s_company_name", "((v1_lag.rn + 1))"],
                  "Plans": [
                    {
                      "Node Type": "CTE Scan",
                      "Parent Relationship": "Outer",
                      "Parallel Aware": false,
                      "CTE Name": "v1",
                      "Alias": "v1_lag",
                      "Startup Cost": 0.00,
                      "Total Cost": 305.78,
                      "Plan Rows": 15289,
                      "Plan Width": 684
                    }
                  ]
                },
                {
                  "Node Type": "Materialize",
                  "Parent Relationship": "Inner",
                  "Parallel Aware": false,
                  "Startup Cost": 6019.88,
                  "Total Cost": 6096.33,
                  "Plan Rows": 15289,
                  "Plan Width": 684,
                  "Plans": [
                    {
                      "Node Type": "Sort",
                      "Parent Relationship": "Outer",
                      "Parallel Aware": false,
                      "Startup Cost": 6019.88,
                      "Total Cost": 6058.10,
                      "Plan Rows": 15289,
                      "Plan Width": 684,
                      "Sort Key": ["v1_lead.i_category", "v1_lead.i_brand", "v1_lead.s_store_name", "v1_lead.s_company_name", "((v1_lead.rn - 1))"],
                      "Plans": [
                        {
                          "Node Type": "CTE Scan",
                          "Parent Relationship": "Outer",
                          "Parallel Aware": false,
                          "CTE Name": "v1",
                          "Alias": "v1_lead",
                          "Startup Cost": 0.00,
                          "Total Cost": 305.78,
                          "Plan Rows": 15289,
                          "Plan Width": 684
                        }
                      ]
                    }
                  ]
                }
              ]
            },
            {
              "Node Type": "CTE Scan",
              "Parent Relationship": "Inner",
              "Parallel Aware": false,
              "CTE Name": "v1",
              "Alias": "v1",
              "Startup Cost": 0.00,
              "Total Cost": 305.78,
              "Plan Rows": 15289,
              "Plan Width": 724
            }
          ]
        },
        {
          "Node Type": "Sort",
          "Parent Relationship": "Outer",
          "Parallel Aware": false,
          "Startup Cost": 0.05,
          "Total Cost": 0.06,
          "Plan Rows": 1,
          "Plan Width": 286,
          "Sort Key": ["((v2.sum_sales - v2.avg_monthly_sales))", "v2.sum_sales"],
          "Plans": [
            {
              "Node Type": "CTE Scan",
              "Parent Relationship": "Outer",
              "Parallel Aware": false,
              "CTE Name": "v2",
              "Alias": "v2",
              "Startup Cost": 0.00,
              "Total Cost": 0.04,
              "Plan Rows": 1,
              "Plan Width": 286,
              "Filter": "((avg_monthly_sales > '0'::numeric) AND (d_year = 1999) AND (CASE WHEN (avg_monthly_sales > '0'::numeric) THEN (abs((sum_sales - avg_monthly_sales)) / avg_monthly_sales) ELSE NULL::numeric END > 0.1))"
            }
          ]
        }
      ]
    }
  }
]
