                                             QUERY PLAN                                             
----------------------------------------------------------------------------------------------------
 [                                                                                                 +
   {                                                                                               +
     "Plan": {                                                                                     +
       "Node Type": "Limit",                                                                       +
       "Parallel Aware": false,                                                                    +
       "Startup Cost": 52756.65,                                                                   +
       "Total Cost": 52756.72,                                                                     +
       "Plan Rows": 28,                                                                            +
       "Plan Width": 17,                                                                           +
       "Plans": [                                                                                  +
         {                                                                                         +
           "Node Type": "Aggregate",                                                               +
           "Strategy": "Sorted",                                                                   +
           "Partial Mode": "Finalize",                                                             +
           "Parent Relationship": "InitPlan",                                                      +
           "Subplan Name": "CTE customer_total_return",                                            +
           "Parallel Aware": false,                                                                +
           "Startup Cost": 9274.70,                                                                +
           "Total Cost": 9449.42,                                                                  +
           "Plan Rows": 1382,                                                                      +
           "Plan Width": 40,                                                                       +
           "Group Key": ["store_returns.sr_customer_sk", "store_returns.sr_store_sk"],             +
           "Plans": [                                                                              +
             {                                                                                     +
               "Node Type": "Gather Merge",                                                        +
               "Parent Relationship": "Outer",                                                     +
               "Parallel Aware": false,                                                            +
               "Startup Cost": 9274.70,                                                            +
               "Total Cost": 9420.63,                                                              +
               "Plan Rows": 1152,                                                                  +
               "Plan Width": 40,                                                                   +
               "Workers Planned": 2,                                                               +
               "Plans": [                                                                          +
                 {                                                                                 +
                   "Node Type": "Aggregate",                                                       +
                   "Strategy": "Sorted",                                                           +
                   "Partial Mode": "Partial",                                                      +
                   "Parent Relationship": "Outer",                                                 +
                   "Parallel Aware": false,                                                        +
                   "Startup Cost": 8274.68,                                                        +
                   "Total Cost": 8287.64,                                                          +
                   "Plan Rows": 576,                                                               +
                   "Plan Width": 40,                                                               +
                   "Group Key": ["store_returns.sr_customer_sk", "store_returns.sr_store_sk"],     +
                   "Plans": [                                                                      +
                     {                                                                             +
                       "Node Type": "Sort",                                                        +
                       "Parent Relationship": "Outer",                                             +
                       "Parallel Aware": false,                                                    +
                       "Startup Cost": 8274.68,                                                    +
                       "Total Cost": 8276.12,                                                      +
                       "Plan Rows": 576,                                                           +
                       "Plan Width": 14,                                                           +
                       "Sort Key": ["store_returns.sr_customer_sk", "store_returns.sr_store_sk"],  +
                       "Plans": [                                                                  +
                         {                                                                         +
                           "Node Type": "Hash Join",                                               +
                           "Parent Relationship": "Outer",                                         +
                           "Parallel Aware": true,                                                 +
                           "Join Type": "Inner",                                                   +
                           "Startup Cost": 1944.80,                                                +
                           "Total Cost": 8248.27,                                                  +
                           "Plan Rows": 576,                                                       +
                           "Plan Width": 14,                                                       +
                           "Inner Unique": true,                                                   +
                           "Hash Cond": "(store_returns.sr_returned_date_sk = date_dim.d_date_sk)",+
                           "Plans": [                                                              +
                             {                                                                     +
                               "Node Type": "Seq Scan",                                            +
                               "Parent Relationship": "Outer",                                     +
                               "Parallel Aware": true,                                             +
                               "Relation Name": "store_returns",                                   +
                               "Alias": "store_returns",                                           +
                               "Startup Cost": 0.00,                                               +
                               "Total Cost": 5988.98,                                              +
                               "Plan Rows": 119798,                                                +
                               "Plan Width": 18                                                    +
                             },                                                                    +
                             {                                                                     +
                               "Node Type": "Hash",                                                +
                               "Parent Relationship": "Inner",                                     +
                               "Parallel Aware": true,                                             +
                               "Startup Cost": 1942.12,                                            +
                               "Total Cost": 1942.12,                                              +
                               "Plan Rows": 214,                                                   +
                               "Plan Width": 4,                                                    +
                               "Plans": [                                                          +
                                 {                                                                 +
                                   "Node Type": "Seq Scan",                                        +
                                   "Parent Relationship": "Outer",                                 +
                                   "Parallel Aware": true,                                         +
                                   "Relation Name": "date_dim",                                    +
                                   "Alias": "date_dim",                                            +
                                   "Startup Cost": 0.00,                                           +
                                   "Total Cost": 1942.12,                                          +
                                   "Plan Rows": 214,                                               +
                                   "Plan Width": 4,                                                +
                                   "Filter": "(d_year = 2000)"                                     +
                                 }                                                                 +
                               ]                                                                   +
                             }                                                                     +
                           ]                                                                       +
                         }                                                                         +
                       ]                                                                           +
                     }                                                                             +
                   ]                                                                               +
                 }                                                                                 +
               ]                                                                                   +
             }                                                                                     +
           ]                                                                                       +
         },                                                                                        +
         {                                                                                         +
           "Node Type": "Sort",                                                                    +
           "Parent Relationship": "Outer",                                                         +
           "Parallel Aware": false,                                                                +
           "Startup Cost": 43307.23,                                                               +
           "Total Cost": 43307.30,                                                                 +
           "Plan Rows": 28,                                                                        +
           "Plan Width": 17,                                                                       +
           "Sort Key": ["customer.c_customer_id"],                                                 +
           "Plans": [                                                                              +
             {                                                                                     +
               "Node Type": "Nested Loop",                                                         +
               "Parent Relationship": "Outer",                                                     +
               "Parallel Aware": false,                                                            +
               "Join Type": "Inner",                                                               +
               "Startup Cost": 0.29,                                                               +
               "Total Cost": 43306.56,                                                             +
               "Plan Rows": 28,                                                                    +
               "Plan Width": 17,                                                                   +
               "Inner Unique": true,                                                               +
               "Plans": [                                                                          +
                 {                                                                                 +
                   "Node Type": "Nested Loop",                                                     +
                   "Parent Relationship": "Outer",                                                 +
                   "Parallel Aware": false,                                                        +
                   "Join Type": "Inner",                                                           +
                   "Startup Cost": 0.00,                                                           +
                   "Total Cost": 43133.16,                                                         +
                   "Plan Rows": 28,                                                                +
                   "Plan Width": 4,                                                                +
                   "Inner Unique": true,                                                           +
                   "Join Filter": "(ctr1.ctr_store_sk = store.s_store_sk)",                        +
                   "Plans": [                                                                      +
                     {                                                                             +
                       "Node Type": "CTE Scan",                                                    +
                       "Parent Relationship": "Outer",                                             +
                       "Parallel Aware": false,                                                    +
                       "CTE Name": "customer_total_return",                                        +
                       "Alias": "ctr1",                                                            +
                       "Startup Cost": 0.00,                                                       +
                       "Total Cost": 43049.30,                                                     +
                       "Plan Rows": 461,                                                           +
                       "Plan Width": 8,                                                            +
                       "Filter": "(ctr_total_return > (SubPlan 2))",                               +
                       "Plans": [                                                                  +
                         {                                                                         +
                           "Node Type": "Aggregate",                                               +
                           "Strategy": "Plain",                                                    +
                           "Partial Mode": "Simple",                                               +
                           "Parent Relationship": "SubPlan",                                       +
                           "Subplan Name": "SubPlan 2",                                            +
                           "Parallel Aware": false,                                                +
                           "Startup Cost": 31.11,                                                  +
                           "Total Cost": 31.13,                                                    +
                           "Plan Rows": 1,                                                         +
                           "Plan Width": 32,                                                       +
                           "Plans": [                                                              +
                             {                                                                     +
                               "Node Type": "CTE Scan",                                            +
                               "Parent Relationship": "Outer",                                     +
                               "Parallel Aware": false,                                            +
                               "CTE Name": "customer_total_return",                                +
                               "Alias": "ctr2",                                                    +
                               "Startup Cost": 0.00,                                               +
                               "Total Cost": 31.09,                                                +
                               "Plan Rows": 7,                                                     +
                               "Plan Width": 32,                                                   +
                               "Filter": "(ctr1.ctr_store_sk = ctr_store_sk)"                      +
                             }                                                                     +
                           ]                                                                       +
                         }                                                                         +
                       ]                                                                           +
                     },                                                                            +
                     {                                                                             +
                       "Node Type": "Materialize",                                                 +
                       "Parent Relationship": "Inner",                                             +
                       "Parallel Aware": false,                                                    +
                       "Startup Cost": 0.00,                                                       +
                       "Total Cost": 1.21,                                                         +
                       "Plan Rows": 12,                                                            +
                       "Plan Width": 4,                                                            +
                       "Plans": [                                                                  +
                         {                                                                         +
                           "Node Type": "Seq Scan",                                                +
                           "Parent Relationship": "Outer",                                         +
                           "Parallel Aware": false,                                                +
                           "Relation Name": "store",                                               +
                           "Alias": "store",                                                       +
                           "Startup Cost": 0.00,                                                   +
                           "Total Cost": 1.15,                                                     +
                           "Plan Rows": 12,                                                        +
                           "Plan Width": 4,                                                        +
                           "Filter": "(s_state = 'TN'::bpchar)"                                    +
                         }                                                                         +
                       ]                                                                           +
                     }                                                                             +
                   ]                                                                               +
                 },                                                                                +
                 {                                                                                 +
                   "Node Type": "Index Scan",                                                      +
                   "Parent Relationship": "Inner",                                                 +
                   "Parallel Aware": false,                                                        +
                   "Scan Direction": "Forward",                                                    +
                   "Index Name": "customer_pkey",                                                  +
                   "Relation Name": "customer",                                                    +
                   "Alias": "customer",                                                            +
                   "Startup Cost": 0.29,                                                           +
                   "Total Cost": 6.19,                                                             +
                   "Plan Rows": 1,                                                                 +
                   "Plan Width": 21,                                                               +
                   "Index Cond": "(c_customer_sk = ctr1.ctr_customer_sk)"                          +
                 }                                                                                 +
               ]                                                                                   +
             }                                                                                     +
           ]                                                                                       +
         }                                                                                         +
       ]                                                                                           +
     }                                                                                             +
   }                                                                                               +
 ]
(1 row)

