                                                             QUERY PLAN                                                              
-------------------------------------------------------------------------------------------------------------------------------------
 [                                                                                                                                  +
   {                                                                                                                                +
     "Plan": {                                                                                                                      +
       "Node Type": "Limit",                                                                                                        +
       "Parallel Aware": false,                                                                                                     +
       "Startup Cost": 489282.77,                                                                                                   +
       "Total Cost": 489282.78,                                                                                                     +
       "Plan Rows": 1,                                                                                                              +
       "Plan Width": 32,                                                                                                            +
       "Plans": [                                                                                                                   +
         {                                                                                                                          +
           "Node Type": "Aggregate",                                                                                                +
           "Strategy": "Sorted",                                                                                                    +
           "Partial Mode": "Finalize",                                                                                              +
           "Parent Relationship": "InitPlan",                                                                                       +
           "Subplan Name": "CTE frequent_ss_items",                                                                                 +
           "Parallel Aware": false,                                                                                                 +
           "Startup Cost": 73145.26,                                                                                                +
           "Total Cost": 80282.00,                                                                                                  +
           "Plan Rows": 18250,                                                                                                      +
           "Plan Width": 48,                                                                                                        +
           "Group Key": ["(substr((item.i_item_desc)::text, 1, 30))", "item.i_item_sk", "date_dim_2.d_date"],                       +
           "Filter": "(count(*) > 4)",                                                                                              +
           "Plans": [                                                                                                               +
             {                                                                                                                      +
               "Node Type": "Gather Merge",                                                                                         +
               "Parent Relationship": "Outer",                                                                                      +
               "Parallel Aware": false,                                                                                             +
               "Startup Cost": 73145.26,                                                                                            +
               "Total Cost": 78981.70,                                                                                              +
               "Plan Rows": 45624,                                                                                                  +
               "Plan Width": 48,                                                                                                    +
               "Workers Planned": 2,                                                                                                +
               "Plans": [                                                                                                           +
                 {                                                                                                                  +
                   "Node Type": "Aggregate",                                                                                        +
                   "Strategy": "Sorted",                                                                                            +
                   "Partial Mode": "Partial",                                                                                       +
                   "Parent Relationship": "Outer",                                                                                  +
                   "Parallel Aware": false,                                                                                         +
                   "Startup Cost": 72145.24,                                                                                        +
                   "Total Cost": 72715.54,                                                                                          +
                   "Plan Rows": 22812,                                                                                              +
                   "Plan Width": 48,                                                                                                +
                   "Group Key": ["(substr((item.i_item_desc)::text, 1, 30))", "item.i_item_sk", "date_dim_2.d_date"],               +
                   "Plans": [                                                                                                       +
                     {                                                                                                              +
                       "Node Type": "Sort",                                                                                         +
                       "Parent Relationship": "Outer",                                                                              +
                       "Parallel Aware": false,                                                                                     +
                       "Startup Cost": 72145.24,                                                                                    +
                       "Total Cost": 72202.27,                                                                                      +
                       "Plan Rows": 22812,                                                                                          +
                       "Plan Width": 40,                                                                                            +
                       "Sort Key": ["(substr((item.i_item_desc)::text, 1, 30))", "item.i_item_sk", "date_dim_2.d_date"],            +
                       "Plans": [                                                                                                   +
                         {                                                                                                          +
                           "Node Type": "Hash Join",                                                                                +
                           "Parent Relationship": "Outer",                                                                          +
                           "Parallel Aware": true,                                                                                  +
                           "Join Type": "Inner",                                                                                    +
                           "Startup Cost": 3528.47,                                                                                 +
                           "Total Cost": 70493.93,                                                                                  +
                           "Plan Rows": 22812,                                                                                      +
                           "Plan Width": 40,                                                                                        +
                           "Inner Unique": true,                                                                                    +
                           "Hash Cond": "(store_sales.ss_item_sk = item.i_item_sk)",                                                +
                           "Plans": [                                                                                               +
                             {                                                                                                      +
                               "Node Type": "Hash Join",                                                                            +
                               "Parent Relationship": "Outer",                                                                      +
                               "Parallel Aware": true,                                                                              +
                               "Join Type": "Inner",                                                                                +
                               "Startup Cost": 2060.24,                                                                             +
                               "Total Cost": 68908.78,                                                                              +
                               "Plan Rows": 22812,                                                                                  +
                               "Plan Width": 8,                                                                                     +
                               "Inner Unique": true,                                                                                +
                               "Hash Cond": "(store_sales.ss_sold_date_sk = date_dim_2.d_date_sk)",                                 +
                               "Plans": [                                                                                           +
                                 {                                                                                                  +
                                   "Node Type": "Seq Scan",                                                                         +
                                   "Parent Relationship": "Outer",                                                                  +
                                   "Parallel Aware": true,                                                                          +
                                   "Relation Name": "store_sales",                                                                  +
                                   "Alias": "store_sales",                                                                          +
                                   "Startup Cost": 0.00,                                                                            +
                                   "Total Cost": 63697.87,                                                                          +
                                   "Plan Rows": 1200187,                                                                            +
                                   "Plan Width": 8                                                                                  +
                                 },                                                                                                 +
                                 {                                                                                                  +
                                   "Node Type": "Hash",                                                                             +
                                   "Parent Relationship": "Inner",                                                                  +
                                   "Parallel Aware": true,                                                                          +
                                   "Startup Cost": 2049.55,                                                                         +
                                   "Total Cost": 2049.55,                                                                           +
                                   "Plan Rows": 855,                                                                                +
                                   "Plan Width": 8,                                                                                 +
                                   "Plans": [                                                                                       +
                                     {                                                                                              +
                                       "Node Type": "Seq Scan",                                                                     +
                                       "Parent Relationship": "Outer",                                                              +
                                       "Parallel Aware": true,                                                                      +
                                       "Relation Name": "date_dim",                                                                 +
                                       "Alias": "date_dim_2",                                                                       +
                                       "Startup Cost": 0.00,                                                                        +
                                       "Total Cost": 2049.55,                                                                       +
                                       "Plan Rows": 855,                                                                            +
                                       "Plan Width": 8,                                                                             +
                                       "Filter": "(d_year = ANY ('{1998,1999,2000,2001}'::integer[]))"                              +
                                     }                                                                                              +
                                   ]                                                                                                +
                                 }                                                                                                  +
                               ]                                                                                                    +
                             },                                                                                                     +
                             {                                                                                                      +
                               "Node Type": "Hash",                                                                                 +
                               "Parent Relationship": "Inner",                                                                      +
                               "Parallel Aware": true,                                                                              +
                               "Startup Cost": 1335.88,                                                                             +
                               "Total Cost": 1335.88,                                                                               +
                               "Plan Rows": 10588,                                                                                  +
                               "Plan Width": 106,                                                                                   +
                               "Plans": [                                                                                           +
                                 {                                                                                                  +
                                   "Node Type": "Seq Scan",                                                                         +
                                   "Parent Relationship": "Outer",                                                                  +
                                   "Parallel Aware": true,                                                                          +
                                   "Relation Name": "item",                                                                         +
                                   "Alias": "item",                                                                                 +
                                   "Startup Cost": 0.00,                                                                            +
                                   "Total Cost": 1335.88,                                                                           +
                                   "Plan Rows": 10588,                                                                              +
                                   "Plan Width": 106                                                                                +
                                 }                                                                                                  +
                               ]                                                                                                    +
                             }                                                                                                      +
                           ]                                                                                                        +
                         }                                                                                                          +
                       ]                                                                                                            +
                     }                                                                                                              +
                   ]                                                                                                                +
                 }                                                                                                                  +
               ]                                                                                                                    +
             }                                                                                                                      +
           ]                                                                                                                        +
         },                                                                                                                         +
         {                                                                                                                          +
           "Node Type": "Aggregate",                                                                                                +
           "Strategy": "Plain",                                                                                                     +
           "Partial Mode": "Simple",                                                                                                +
           "Parent Relationship": "InitPlan",                                                                                       +
           "Subplan Name": "CTE max_store_sales",                                                                                   +
           "Parallel Aware": false,                                                                                                 +
           "Startup Cost": 82839.58,                                                                                                +
           "Total Cost": 82839.59,                                                                                                  +
           "Plan Rows": 1,                                                                                                          +
           "Plan Width": 32,                                                                                                        +
           "Plans": [                                                                                                               +
             {                                                                                                                      +
               "Node Type": "Aggregate",                                                                                            +
               "Strategy": "Sorted",                                                                                                +
               "Partial Mode": "Finalize",                                                                                          +
               "Parent Relationship": "Outer",                                                                                      +
               "Parallel Aware": false,                                                                                             +
               "Startup Cost": 75630.34,                                                                                            +
               "Total Cost": 82185.86,                                                                                              +
               "Plan Rows": 52297,                                                                                                  +
               "Plan Width": 36,                                                                                                    +
               "Group Key": ["customer.c_customer_sk"],                                                                             +
               "Plans": [                                                                                                           +
                 {                                                                                                                  +
                   "Node Type": "Gather Merge",                                                                                     +
                   "Parent Relationship": "Outer",                                                                                  +
                   "Parallel Aware": false,                                                                                         +
                   "Startup Cost": 75630.34,                                                                                        +
                   "Total Cost": 81205.30,                                                                                          +
                   "Plan Rows": 43580,                                                                                              +
                   "Plan Width": 36,                                                                                                +
                   "Workers Planned": 2,                                                                                            +
                   "Plans": [                                                                                                       +
                     {                                                                                                              +
                       "Node Type": "Aggregate",                                                                                    +
                       "Strategy": "Sorted",                                                                                        +
                       "Partial Mode": "Partial",                                                                                   +
                       "Parent Relationship": "Outer",                                                                              +
                       "Parallel Aware": false,                                                                                     +
                       "Startup Cost": 74630.31,                                                                                    +
                       "Total Cost": 75175.06,                                                                                      +
                       "Plan Rows": 21790,                                                                                          +
                       "Plan Width": 36,                                                                                            +
                       "Group Key": ["customer.c_customer_sk"],                                                                     +
                       "Plans": [                                                                                                   +
                         {                                                                                                          +
                           "Node Type": "Sort",                                                                                     +
                           "Parent Relationship": "Outer",                                                                          +
                           "Parallel Aware": false,                                                                                 +
                           "Startup Cost": 74630.31,                                                                                +
                           "Total Cost": 74684.79,                                                                                  +
                           "Plan Rows": 21790,                                                                                      +
                           "Plan Width": 14,                                                                                        +
                           "Sort Key": ["customer.c_customer_sk"],                                                                  +
                           "Plans": [                                                                                               +
                             {                                                                                                      +
                               "Node Type": "Hash Join",                                                                            +
                               "Parent Relationship": "Outer",                                                                      +
                               "Parallel Aware": true,                                                                              +
                               "Join Type": "Inner",                                                                                +
                               "Startup Cost": 6151.77,                                                                             +
                               "Total Cost": 73060.19,                                                                              +
                               "Plan Rows": 21790,                                                                                  +
                               "Plan Width": 14,                                                                                    +
                               "Inner Unique": true,                                                                                +
                               "Hash Cond": "(store_sales_1.ss_customer_sk = customer.c_customer_sk)",                              +
                               "Plans": [                                                                                           +
                                 {                                                                                                  +
                                   "Node Type": "Hash Join",                                                                        +
                                   "Parent Relationship": "Outer",                                                                  +
                                   "Parallel Aware": true,                                                                          +
                                   "Join Type": "Inner",                                                                            +
                                   "Startup Cost": 2060.24,                                                                         +
                                   "Total Cost": 68908.78,                                                                          +
                                   "Plan Rows": 22812,                                                                              +
                                   "Plan Width": 14,                                                                                +
                                   "Inner Unique": true,                                                                            +
                                   "Hash Cond": "(store_sales_1.ss_sold_date_sk = date_dim_3.d_date_sk)",                           +
                                   "Plans": [                                                                                       +
                                     {                                                                                              +
                                       "Node Type": "Seq Scan",                                                                     +
                                       "Parent Relationship": "Outer",                                                              +
                                       "Parallel Aware": true,                                                                      +
                                       "Relation Name": "store_sales",                                                              +
                                       "Alias": "store_sales_1",                                                                    +
                                       "Startup Cost": 0.00,                                                                        +
                                       "Total Cost": 63697.87,                                                                      +
                                       "Plan Rows": 1200187,                                                                        +
                                       "Plan Width": 18                                                                             +
                                     },                                                                                             +
                                     {                                                                                              +
                                       "Node Type": "Hash",                                                                         +
                                       "Parent Relationship": "Inner",                                                              +
                                       "Parallel Aware": true,                                                                      +
                                       "Startup Cost": 2049.55,                                                                     +
                                       "Total Cost": 2049.55,                                                                       +
                                       "Plan Rows": 855,                                                                            +
                                       "Plan Width": 4,                                                                             +
                                       "Plans": [                                                                                   +
                                         {                                                                                          +
                                           "Node Type": "Seq Scan",                                                                 +
                                           "Parent Relationship": "Outer",                                                          +
                                           "Parallel Aware": true,                                                                  +
                                           "Relation Name": "date_dim",                                                             +
                                           "Alias": "date_dim_3",                                                                   +
                                           "Startup Cost": 0.00,                                                                    +
                                           "Total Cost": 2049.55,                                                                   +
                                           "Plan Rows": 855,                                                                        +
                                           "Plan Width": 4,                                                                         +
                                           "Filter": "(d_year = ANY ('{1998,1999,2000,2001}'::integer[]))"                          +
                                         }                                                                                          +
                                       ]                                                                                            +
                                     }                                                                                              +
                                   ]                                                                                                +
                                 },                                                                                                 +
                                 {                                                                                                  +
                                   "Node Type": "Hash",                                                                             +
                                   "Parent Relationship": "Inner",                                                                  +
                                   "Parallel Aware": true,                                                                          +
                                   "Startup Cost": 3356.24,                                                                         +
                                   "Total Cost": 3356.24,                                                                           +
                                   "Plan Rows": 58824,                                                                              +
                                   "Plan Width": 4,                                                                                 +
                                   "Plans": [                                                                                       +
                                     {                                                                                              +
                                       "Node Type": "Seq Scan",                                                                     +
                                       "Parent Relationship": "Outer",                                                              +
                                       "Parallel Aware": true,                                                                      +
                                       "Relation Name": "customer",                                                                 +
                                       "Alias": "customer",                                                                         +
                                       "Startup Cost": 0.00,                                                                        +
                                       "Total Cost": 3356.24,                                                                       +
                                       "Plan Rows": 58824,                                                                          +
                                       "Plan Width": 4                                                                              +
                                     }                                                                                              +
                                   ]                                                                                                +
                                 }                                                                                                  +
                               ]                                                                                                    +
                             }                                                                                                      +
                           ]                                                                                                        +
                         }                                                                                                          +
                       ]                                                                                                            +
                     }                                                                                                              +
                   ]                                                                                                                +
                 }                                                                                                                  +
               ]                                                                                                                    +
             }                                                                                                                      +
           ]                                                                                                                        +
         },                                                                                                                         +
         {                                                                                                                          +
           "Node Type": "Aggregate",                                                                                                +
           "Strategy": "Sorted",                                                                                                    +
           "Partial Mode": "Finalize",                                                                                              +
           "Parent Relationship": "InitPlan",                                                                                       +
           "Subplan Name": "CTE best_ss_customer",                                                                                  +
           "Parallel Aware": false,                                                                                                 +
           "Startup Cost": 206912.70,                                                                                               +
           "Total Cost": 250077.90,                                                                                                 +
           "Plan Rows": 33333,                                                                                                      +
           "Plan Width": 36,                                                                                                        +
           "Group Key": ["customer_1.c_customer_sk"],                                                                               +
           "Filter": "(sum(((store_sales_2.ss_quantity)::numeric * store_sales_2.ss_sales_price)) > (0.95000000000000000000 * $4))",+
           "Plans": [                                                                                                               +
             {                                                                                                                      +
               "Node Type": "CTE Scan",                                                                                             +
               "Parent Relationship": "InitPlan",                                                                                   +
               "Subplan Name": "InitPlan 3 (returns $4)",                                                                           +
               "Parallel Aware": false,                                                                                             +
               "CTE Name": "max_store_sales",                                                                                       +
               "Alias": "max_store_sales",                                                                                          +
               "Startup Cost": 0.00,                                                                                                +
               "Total Cost": 0.02,                                                                                                  +
               "Plan Rows": 1,                                                                                                      +
               "Plan Width": 32                                                                                                     +
             },                                                                                                                     +
             {                                                                                                                      +
               "Node Type": "Gather Merge",                                                                                         +
               "Parent Relationship": "Outer",                                                                                      +
               "Parallel Aware": false,                                                                                             +
               "Startup Cost": 206912.68,                                                                                           +
               "Total Cost": 245577.88,                                                                                             +
               "Plan Rows": 200000,                                                                                                 +
               "Plan Width": 36,                                                                                                    +
               "Workers Planned": 2,                                                                                                +
               "Plans": [                                                                                                           +
                 {                                                                                                                  +
                   "Node Type": "Aggregate",                                                                                        +
                   "Strategy": "Sorted",                                                                                            +
                   "Partial Mode": "Partial",                                                                                       +
                   "Parent Relationship": "Outer",                                                                                  +
                   "Parallel Aware": false,                                                                                         +
                   "Startup Cost": 205912.66,                                                                                       +
                   "Total Cost": 221492.89,                                                                                         +
                   "Plan Rows": 100000,                                                                                             +
                   "Plan Width": 36,                                                                                                +
                   "Group Key": ["customer_1.c_customer_sk"],                                                                       +
                   "Plans": [                                                                                                       +
                     {                                                                                                              +
                       "Node Type": "Sort",                                                                                         +
                       "Parent Relationship": "Outer",                                                                              +
                       "Parallel Aware": false,                                                                                     +
                       "Startup Cost": 205912.66,                                                                                   +
                       "Total Cost": 208778.70,                                                                                     +
                       "Plan Rows": 1146419,                                                                                        +
                       "Plan Width": 14,                                                                                            +
                       "Sort Key": ["customer_1.c_customer_sk"],                                                                    +
                       "Plans": [                                                                                                   +
                         {                                                                                                          +
                           "Node Type": "Hash Join",                                                                                +
                           "Parent Relationship": "Outer",                                                                          +
                           "Parallel Aware": true,                                                                                  +
                           "Join Type": "Inner",                                                                                    +
                           "Startup Cost": 4091.54,                                                                                 +
                           "Total Cost": 70940.02,                                                                                  +
                           "Plan Rows": 1146419,                                                                                    +
                           "Plan Width": 14,                                                                                        +
                           "Inner Unique": true,                                                                                    +
                           "Hash Cond": "(store_sales_2.ss_customer_sk = customer_1.c_customer_sk)",                                +
                           "Plans": [                                                                                               +
                             {                                                                                                      +
                               "Node Type": "Seq Scan",                                                                             +
                               "Parent Relationship": "Outer",                                                                      +
                               "Parallel Aware": true,                                                                              +
                               "Relation Name": "store_sales",                                                                      +
                               "Alias": "store_sales_2",                                                                            +
                               "Startup Cost": 0.00,                                                                                +
                               "Total Cost": 63697.87,                                                                              +
                               "Plan Rows": 1200187,                                                                                +
                               "Plan Width": 14                                                                                     +
                             },                                                                                                     +
                             {                                                                                                      +
                               "Node Type": "Hash",                                                                                 +
                               "Parent Relationship": "Inner",                                                                      +
                               "Parallel Aware": true,                                                                              +
                               "Startup Cost": 3356.24,                                                                             +
                               "Total Cost": 3356.24,                                                                               +
                               "Plan Rows": 58824,                                                                                  +
                               "Plan Width": 4,                                                                                     +
                               "Plans": [                                                                                           +
                                 {                                                                                                  +
                                   "Node Type": "Seq Scan",                                                                         +
                                   "Parent Relationship": "Outer",                                                                  +
                                   "Parallel Aware": true,                                                                          +
                                   "Relation Name": "customer",                                                                     +
                                   "Alias": "customer_1",                                                                           +
                                   "Startup Cost": 0.00,                                                                            +
                                   "Total Cost": 3356.24,                                                                           +
                                   "Plan Rows": 58824,                                                                              +
                                   "Plan Width": 4                                                                                  +
                                 }                                                                                                  +
                               ]                                                                                                    +
                             }                                                                                                      +
                           ]                                                                                                        +
                         }                                                                                                          +
                       ]                                                                                                            +
                     }                                                                                                              +
                   ]                                                                                                                +
                 }                                                                                                                  +
               ]                                                                                                                    +
             }                                                                                                                      +
           ]                                                                                                                        +
         },                                                                                                                         +
         {                                                                                                                          +
           "Node Type": "Aggregate",                                                                                                +
           "Strategy": "Plain",                                                                                                     +
           "Partial Mode": "Simple",                                                                                                +
           "Parent Relationship": "Outer",                                                                                          +
           "Parallel Aware": false,                                                                                                 +
           "Startup Cost": 76083.28,                                                                                                +
           "Total Cost": 76083.29,                                                                                                  +
           "Plan Rows": 1,                                                                                                          +
           "Plan Width": 32,                                                                                                        +
           "Plans": [                                                                                                               +
             {                                                                                                                      +
               "Node Type": "Append",                                                                                               +
               "Parent Relationship": "Outer",                                                                                      +
               "Parallel Aware": false,                                                                                             +
               "Startup Cost": 4219.39,                                                                                             +
               "Total Cost": 76082.73,                                                                                              +
               "Plan Rows": 220,                                                                                                    +
               "Plan Width": 32,                                                                                                    +
               "Plans": [                                                                                                           +
                 {                                                                                                                  +
                   "Node Type": "Hash Join",                                                                                        +
                   "Parent Relationship": "Member",                                                                                 +
                   "Parallel Aware": false,                                                                                         +
                   "Join Type": "Inner",                                                                                            +
                   "Startup Cost": 4219.39,                                                                                         +
                   "Total Cost": 49275.24,                                                                                          +
                   "Plan Rows": 146,                                                                                                +
                   "Plan Width": 32,                                                                                                +
                   "Inner Unique": true,                                                                                            +
                   "Hash Cond": "(catalog_sales.cs_item_sk = frequent_ss_items.item_sk)",                                           +
                   "Plans": [                                                                                                       +
                     {                                                                                                              +
                       "Node Type": "Hash Join",                                                                                    +
                       "Parent Relationship": "Outer",                                                                              +
                       "Parallel Aware": false,                                                                                     +
                       "Join Type": "Inner",                                                                                        +
                       "Startup Cost": 3804.27,                                                                                     +
                       "Total Cost": 48857.00,                                                                                      +
                       "Plan Rows": 293,                                                                                            +
                       "Plan Width": 14,                                                                                            +
                       "Inner Unique": true,                                                                                        +
                       "Hash Cond": "(catalog_sales.cs_bill_customer_sk = best_ss_customer.c_customer_sk)",                         +
                       "Plans": [                                                                                                   +
                         {                                                                                                          +
                           "Node Type": "Gather",                                                                                   +
                           "Parent Relationship": "Outer",                                                                          +
                           "Parallel Aware": false,                                                                                 +
                           "Startup Cost": 3049.78,                                                                                 +
                           "Total Cost": 48097.70,                                                                                  +
                           "Plan Rows": 589,                                                                                        +
                           "Plan Width": 18,                                                                                        +
                           "Workers Planned": 2,                                                                                    +
                           "Single Copy": false,                                                                                    +
                           "Plans": [                                                                                               +
                             {                                                                                                      +
                               "Node Type": "Hash Join",                                                                            +
                               "Parent Relationship": "Outer",                                                                      +
                               "Parallel Aware": true,                                                                              +
                               "Join Type": "Inner",                                                                                +
                               "Startup Cost": 2049.78,                                                                             +
                               "Total Cost": 47038.80,                                                                              +
                               "Plan Rows": 245,                                                                                    +
                               "Plan Width": 18,                                                                                    +
                               "Inner Unique": true,                                                                                +
                               "Hash Cond": "(catalog_sales.cs_sold_date_sk = date_dim.d_date_sk)",                                 +
                               "Plans": [                                                                                           +
                                 {                                                                                                  +
                                   "Node Type": "Seq Scan",                                                                         +
                                   "Parent Relationship": "Outer",                                                                  +
                                   "Parallel Aware": true,                                                                          +
                                   "Relation Name": "catalog_sales",                                                                +
                                   "Alias": "catalog_sales",                                                                        +
                                   "Startup Cost": 0.00,                                                                            +
                                   "Total Cost": 43412.07,                                                                          +
                                   "Plan Rows": 600708,                                                                             +
                                   "Plan Width": 22                                                                                 +
                                 },                                                                                                 +
                                 {                                                                                                  +
                                   "Node Type": "Hash",                                                                             +
                                   "Parent Relationship": "Inner",                                                                  +
                                   "Parallel Aware": true,                                                                          +
                                   "Startup Cost": 2049.55,                                                                         +
                                   "Total Cost": 2049.55,                                                                           +
                                   "Plan Rows": 18,                                                                                 +
                                   "Plan Width": 4,                                                                                 +
                                   "Plans": [                                                                                       +
                                     {                                                                                              +
                                       "Node Type": "Seq Scan",                                                                     +
                                       "Parent Relationship": "Outer",                                                              +
                                       "Parallel Aware": true,                                                                      +
                                       "Relation Name": "date_dim",                                                                 +
                                       "Alias": "date_dim",                                                                         +
                                       "Startup Cost": 0.00,                                                                        +
                                       "Total Cost": 2049.55,                                                                       +
                                       "Plan Rows": 18,                                                                             +
                                       "Plan Width": 4,                                                                             +
                                       "Filter": "((d_year = 1998) AND (d_moy = 4))"                                                +
                                     }                                                                                              +
                                   ]                                                                                                +
                                 }                                                                                                  +
                               ]                                                                                                    +
                             }                                                                                                      +
                           ]                                                                                                        +
                         },                                                                                                         +
                         {                                                                                                          +
                           "Node Type": "Hash",                                                                                     +
                           "Parent Relationship": "Inner",                                                                          +
                           "Parallel Aware": false,                                                                                 +
                           "Startup Cost": 751.99,                                                                                  +
                           "Total Cost": 751.99,                                                                                    +
                           "Plan Rows": 200,                                                                                        +
                           "Plan Width": 4,                                                                                         +
                           "Plans": [                                                                                               +
                             {                                                                                                      +
                               "Node Type": "Aggregate",                                                                            +
                               "Strategy": "Hashed",                                                                                +
                               "Partial Mode": "Simple",                                                                            +
                               "Parent Relationship": "Outer",                                                                      +
                               "Parallel Aware": false,                                                                             +
                               "Startup Cost": 749.99,                                                                              +
                               "Total Cost": 751.99,                                                                                +
                               "Plan Rows": 200,                                                                                    +
                               "Plan Width": 4,                                                                                     +
                               "Group Key": ["best_ss_customer.c_customer_sk"],                                                     +
                               "Plans": [                                                                                           +
                                 {                                                                                                  +
                                   "Node Type": "CTE Scan",                                                                         +
                                   "Parent Relationship": "Outer",                                                                  +
                                   "Parallel Aware": false,                                                                         +
                                   "CTE Name": "best_ss_customer",                                                                  +
                                   "Alias": "best_ss_customer",                                                                     +
                                   "Startup Cost": 0.00,                                                                            +
                                   "Total Cost": 666.66,                                                                            +
                                   "Plan Rows": 33333,                                                                              +
                                   "Plan Width": 4                                                                                  +
                                 }                                                                                                  +
                               ]                                                                                                    +
                             }                                                                                                      +
                           ]                                                                                                        +
                         }                                                                                                          +
                       ]                                                                                                            +
                     },                                                                                                             +
                     {                                                                                                              +
                       "Node Type": "Hash",                                                                                         +
                       "Parent Relationship": "Inner",                                                                              +
                       "Parallel Aware": false,                                                                                     +
                       "Startup Cost": 412.62,                                                                                      +
                       "Total Cost": 412.62,                                                                                        +
                       "Plan Rows": 200,                                                                                            +
                       "Plan Width": 4,                                                                                             +
                       "Plans": [                                                                                                   +
                         {                                                                                                          +
                           "Node Type": "Aggregate",                                                                                +
                           "Strategy": "Hashed",                                                                                    +
                           "Partial Mode": "Simple",                                                                                +
                           "Parent Relationship": "Outer",                                                                          +
                           "Parallel Aware": false,                                                                                 +
                           "Startup Cost": 410.62,                                                                                  +
                           "Total Cost": 412.62,                                                                                    +
                           "Plan Rows": 200,                                                                                        +
                           "Plan Width": 4,                                                                                         +
                           "Group Key": ["frequent_ss_items.item_sk"],                                                              +
                           "Plans": [                                                                                               +
                             {                                                                                                      +
                               "Node Type": "CTE Scan",                                                                             +
                               "Parent Relationship": "Outer",                                                                      +
                               "Parallel Aware": false,                                                                             +
                               "CTE Name": "frequent_ss_items",                                                                     +
                               "Alias": "frequent_ss_items",                                                                        +
                               "Startup Cost": 0.00,                                                                                +
                               "Total Cost": 365.00,                                                                                +
                               "Plan Rows": 18250,                                                                                  +
                               "Plan Width": 4                                                                                      +
                             }                                                                                                      +
                           ]                                                                                                        +
                         }                                                                                                          +
                       ]                                                                                                            +
                     }                                                                                                              +
                   ]                                                                                                                +
                 },                                                                                                                 +
                 {                                                                                                                  +
                   "Node Type": "Hash Join",                                                                                        +
                   "Parent Relationship": "Member",                                                                                 +
                   "Parallel Aware": false,                                                                                         +
                   "Join Type": "Inner",                                                                                            +
                   "Startup Cost": 4219.39,                                                                                         +
                   "Total Cost": 26804.18,                                                                                          +
                   "Plan Rows": 74,                                                                                                 +
                   "Plan Width": 32,                                                                                                +
                   "Inner Unique": true,                                                                                            +
                   "Hash Cond": "(web_sales.ws_item_sk = frequent_ss_items_1.item_sk)",                                             +
                   "Plans": [                                                                                                       +
                     {                                                                                                              +
                       "Node Type": "Hash Join",                                                                                    +
                       "Parent Relationship": "Outer",                                                                              +
                       "Parallel Aware": false,                                                                                     +
                       "Join Type": "Inner",                                                                                        +
                       "Startup Cost": 3804.27,                                                                                     +
                       "Total Cost": 26387.48,                                                                                      +
                       "Plan Rows": 147,                                                                                            +
                       "Plan Width": 14,                                                                                            +
                       "Inner Unique": true,                                                                                        +
                       "Hash Cond": "(web_sales.ws_bill_customer_sk = best_ss_customer_1.c_customer_sk)",                           +
                       "Plans": [                                                                                                   +
                         {                                                                                                          +
                           "Node Type": "Gather",                                                                                   +
                           "Parent Relationship": "Outer",                                                                          +
                           "Parallel Aware": false,                                                                                 +
                           "Startup Cost": 3049.78,                                                                                 +
                           "Total Cost": 25630.58,                                                                                  +
                           "Plan Rows": 295,                                                                                        +
                           "Plan Width": 18,                                                                                        +
                           "Workers Planned": 2,                                                                                    +
                           "Single Copy": false,                                                                                    +
                           "Plans": [                                                                                               +
                             {                                                                                                      +
                               "Node Type": "Hash Join",                                                                            +
                               "Parent Relationship": "Outer",                                                                      +
                               "Parallel Aware": true,                                                                              +
                               "Join Type": "Inner",                                                                                +
                               "Startup Cost": 2049.78,                                                                             +
                               "Total Cost": 24601.08,                                                                              +
                               "Plan Rows": 123,                                                                                    +
                               "Plan Width": 18,                                                                                    +
                               "Inner Unique": true,                                                                                +
                               "Hash Cond": "(web_sales.ws_sold_date_sk = date_dim_1.d_date_sk)",                                   +
                               "Plans": [                                                                                           +
                                 {                                                                                                  +
                                   "Node Type": "Seq Scan",                                                                         +
                                   "Parent Relationship": "Outer",                                                                  +
                                   "Parallel Aware": true,                                                                          +
                                   "Relation Name": "web_sales",                                                                    +
                                   "Alias": "web_sales",                                                                            +
                                   "Startup Cost": 0.00,                                                                            +
                                   "Total Cost": 21764.43,                                                                          +
                                   "Plan Rows": 299743,                                                                             +
                                   "Plan Width": 22                                                                                 +
                                 },                                                                                                 +
                                 {                                                                                                  +
                                   "Node Type": "Hash",                                                                             +
                                   "Parent Relationship": "Inner",                                                                  +
                                   "Parallel Aware": true,                                                                          +
                                   "Startup Cost": 2049.55,                                                                         +
                                   "Total Cost": 2049.55,                                                                           +
                                   "Plan Rows": 18,                                                                                 +
                                   "Plan Width": 4,                                                                                 +
                                   "Plans": [                                                                                       +
                                     {                                                                                              +
                                       "Node Type": "Seq Scan",                                                                     +
                                       "Parent Relationship": "Outer",                                                              +
                                       "Parallel Aware": true,                                                                      +
                                       "Relation Name": "date_dim",                                                                 +
                                       "Alias": "date_dim_1",                                                                       +
                                       "Startup Cost": 0.00,                                                                        +
                                       "Total Cost": 2049.55,                                                                       +
                                       "Plan Rows": 18,                                                                             +
                                       "Plan Width": 4,                                                                             +
                                       "Filter": "((d_year = 1998) AND (d_moy = 4))"                                                +
                                     }                                                                                              +
                                   ]                                                                                                +
                                 }                                                                                                  +
                               ]                                                                                                    +
                             }                                                                                                      +
                           ]                                                                                                        +
                         },                                                                                                         +
                         {                                                                                                          +
                           "Node Type": "Hash",                                                                                     +
                           "Parent Relationship": "Inner",                                                                          +
                           "Parallel Aware": false,                                                                                 +
                           "Startup Cost": 751.99,                                                                                  +
                           "Total Cost": 751.99,                                                                                    +
                           "Plan Rows": 200,                                                                                        +
                           "Plan Width": 4,                                                                                         +
                           "Plans": [                                                                                               +
                             {                                                                                                      +
                               "Node Type": "Aggregate",                                                                            +
                               "Strategy": "Hashed",                                                                                +
                               "Partial Mode": "Simple",                                                                            +
                               "Parent Relationship": "Outer",                                                                      +
                               "Parallel Aware": false,                                                                             +
                               "Startup Cost": 749.99,                                                                              +
                               "Total Cost": 751.99,                                                                                +
                               "Plan Rows": 200,                                                                                    +
                               "Plan Width": 4,                                                                                     +
                               "Group Key": ["best_ss_customer_1.c_customer_sk"],                                                   +
                               "Plans": [                                                                                           +
                                 {                                                                                                  +
                                   "Node Type": "CTE Scan",                                                                         +
                                   "Parent Relationship": "Outer",                                                                  +
                                   "Parallel Aware": false,                                                                         +
                                   "CTE Name": "best_ss_customer",                                                                  +
                                   "Alias": "best_ss_customer_1",                                                                   +
                                   "Startup Cost": 0.00,                                                                            +
                                   "Total Cost": 666.66,                                                                            +
                                   "Plan Rows": 33333,                                                                              +
                                   "Plan Width": 4                                                                                  +
                                 }                                                                                                  +
                               ]                                                                                                    +
                             }                                                                                                      +
                           ]                                                                                                        +
                         }                                                                                                          +
                       ]                                                                                                            +
                     },                                                                                                             +
                     {                                                                                                              +
                       "Node Type": "Hash",                                                                                         +
                       "Parent Relationship": "Inner",                                                                              +
                       "Parallel Aware": false,                                                                                     +
                       "Startup Cost": 412.62,                                                                                      +
                       "Total Cost": 412.62,                                                                                        +
                       "Plan Rows": 200,                                                                                            +
                       "Plan Width": 4,                                                                                             +
                       "Plans": [                                                                                                   +
                         {                                                                                                          +
                           "Node Type": "Aggregate",                                                                                +
                           "Strategy": "Hashed",                                                                                    +
                           "Partial Mode": "Simple",                                                                                +
                           "Parent Relationship": "Outer",                                                                          +
                           "Parallel Aware": false,                                                                                 +
                           "Startup Cost": 410.62,                                                                                  +
                           "Total Cost": 412.62,                                                                                    +
                           "Plan Rows": 200,                                                                                        +
                           "Plan Width": 4,                                                                                         +
                           "Group Key": ["frequent_ss_items_1.item_sk"],                                                            +
                           "Plans": [                                                                                               +
                             {                                                                                                      +
                               "Node Type": "CTE Scan",                                                                             +
                               "Parent Relationship": "Outer",                                                                      +
                               "Parallel Aware": false,                                                                             +
                               "CTE Name": "frequent_ss_items",                                                                     +
                               "Alias": "frequent_ss_items_1",                                                                      +
                               "Startup Cost": 0.00,                                                                                +
                               "Total Cost": 365.00,                                                                                +
                               "Plan Rows": 18250,                                                                                  +
                               "Plan Width": 4                                                                                      +
                             }                                                                                                      +
                           ]                                                                                                        +
                         }                                                                                                          +
                       ]                                                                                                            +
                     }                                                                                                              +
                   ]                                                                                                                +
                 }                                                                                                                  +
               ]                                                                                                                    +
             }                                                                                                                      +
           ]                                                                                                                        +
         }                                                                                                                          +
       ]                                                                                                                            +
     }                                                                                                                              +
   }                                                                                                                                +
 ]
(1 row)

 c_last_name | c_first_name | sales 
-------------+--------------+-------
(0 rows)

