[
  {
    "Plan": {
      "Node Type": "Sort",
      "Parallel Aware": false,
      "Startup Cost": 70477.17,
      "Total Cost": 70477.21,
      "Plan Rows": 18,
      "Plan Width": 77,
      "Sort Key": ["(count(*)) DESC", "customer.c_last_name"],
      "Plans": [
        {
          "Node Type": "Nested Loop",
          "Parent Relationship": "Outer",
          "Parallel Aware": false,
          "Join Type": "Inner",
          "Startup Cost": 70305.80,
          "Total Cost": 70476.79,
          "Plan Rows": 18,
          "Plan Width": 77,
          "Inner Unique": true,
          "Plans": [
            {
              "Node Type": "Aggregate",
              "Strategy": "Sorted",
              "Partial Mode": "Finalize",
              "Parent Relationship": "Outer",
              "Parallel Aware": false,
              "Startup Cost": 70305.51,
              "Total Cost": 70327.03,
              "Plan Rows": 18,
              "Plan Width": 16,
              "Group Key": ["store_sales.ss_ticket_number", "store_sales.ss_customer_sk"],
              "Filter": "((count(*) >= 1) AND (count(*) <= 5))",
              "Plans": [
                {
                  "Node Type": "Gather Merge",
                  "Parent Relationship": "Outer",
                  "Parallel Aware": false,
                  "Startup Cost": 70305.51,
                  "Total Cost": 70322.81,
                  "Plan Rows": 138,
                  "Plan Width": 16,
                  "Workers Planned": 2,
                  "Plans": [
                    {
                      "Node Type": "Aggregate",
                      "Strategy": "Sorted",
                      "Partial Mode": "Partial",
                      "Parent Relationship": "Outer",
                      "Parallel Aware": false,
                      "Startup Cost": 69305.48,
                      "Total Cost": 69306.86,
                      "Plan Rows": 69,
                      "Plan Width": 16,
                      "Group Key": ["store_sales.ss_ticket_number", "store_sales.ss_customer_sk"],
                      "Plans": [
                        {
                          "Node Type": "Sort",
                          "Parent Relationship": "Outer",
                          "Parallel Aware": false,
                          "Startup Cost": 69305.48,
                          "Total Cost": 69305.65,
                          "Plan Rows": 69,
                          "Plan Width": 8,
                          "Sort Key": ["store_sales.ss_ticket_number", "store_sales.ss_customer_sk"],
                          "Plans": [
                            {
                              "Node Type": "Hash Join",
                              "Parent Relationship": "Outer",
                              "Parallel Aware": false,
                              "Join Type": "Inner",
                              "Startup Cost": 2451.66,
                              "Total Cost": 69303.37,
                              "Plan Rows": 69,
                              "Plan Width": 8,
                              "Inner Unique": true,
                              "Hash Cond": "(store_sales.ss_store_sk = store.s_store_sk)",
                              "Plans": [
                                {
                                  "Node Type": "Hash Join",
                                  "Parent Relationship": "Outer",
                                  "Parallel Aware": false,
                                  "Join Type": "Inner",
                                  "Startup Cost": 2450.33,
                                  "Total Cost": 69301.79,
                                  "Plan Rows": 72,
                                  "Plan Width": 12,
                                  "Inner Unique": true,
                                  "Hash Cond": "(store_sales.ss_hdemo_sk = household_demographics.hd_demo_sk)",
                                  "Plans": [
                                    {
                                      "Node Type": "Hash Join",
                                      "Parent Relationship": "Outer",
                                      "Parallel Aware": true,
                                      "Join Type": "Inner",
                                      "Startup Cost": 2211.21,
                                      "Total Cost": 69059.75,
                                      "Plan Rows": 1114,
                                      "Plan Width": 16,
                                      "Inner Unique": true,
                                      "Hash Cond": "(store_sales.ss_sold_date_sk = date_dim.d_date_sk)",
                                      "Plans": [
                                        {
                                          "Node Type": "Seq Scan",
                                          "Parent Relationship": "Outer",
                                          "Parallel Aware": true,
                                          "Relation Name": "store_sales",
                                          "Alias": "store_sales",
                                          "Startup Cost": 0.00,
                                          "Total Cost": 63697.87,
                                          "Plan Rows": 1200187,
                                          "Plan Width": 20
                                        },
                                        {
                                          "Node Type": "Hash",
                                          "Parent Relationship": "Inner",
                                          "Parallel Aware": true,
                                          "Startup Cost": 2210.69,
                                          "Total Cost": 2210.69,
                                          "Plan Rows": 42,
                                          "Plan Width": 4,
                                          "Plans": [
                                            {
                                              "Node Type": "Seq Scan",
                                              "Parent Relationship": "Outer",
                                              "Parallel Aware": true,
                                              "Relation Name": "date_dim",
                                              "Alias": "date_dim",
                                              "Startup Cost": 0.00,
                                              "Total Cost": 2210.69,
                                              "Plan Rows": 42,
                                              "Plan Width": 4,
                                              "Filter": "((d_dom >= 1) AND (d_dom <= 2) AND (d_year = ANY ('{1998,1999,2000}'::integer[])))"
                                            }
                                          ]
                                        }
                                      ]
                                    },
                                    {
                                      "Node Type": "Hash",
                                      "Parent Relationship": "Inner",
                                      "Parallel Aware": false,
                                      "Startup Cost": 233.00,
                                      "Total Cost": 233.00,
                                      "Plan Rows": 489,
                                      "Plan Width": 4,
                                      "Plans": [
                                        {
                                          "Node Type": "Seq Scan",
                                          "Parent Relationship": "Outer",
                                          "Parallel Aware": false,
                                          "Relation Name": "household_demographics",
                                          "Alias": "household_demographics",
                                          "Startup Cost": 0.00,
                                          "Total Cost": 233.00,
                                          "Plan Rows": 489,
                                          "Plan Width": 4,
                                          "Filter": "((hd_vehicle_count > 0) AND ((hd_buy_potential = '1001-5000'::bpchar) OR (hd_buy_potential = '0-500'::bpchar)) AND (CASE WHEN (hd_vehicle_count > 0) THEN (hd_dep_count / hd_vehicle_count) ELSE NULL::integer END > 1))"
                                        }
                                      ]
                                    }
                                  ]
                                },
                                {
                                  "Node Type": "Hash",
                                  "Parent Relationship": "Inner",
                                  "Parallel Aware": false,
                                  "Startup Cost": 1.18,
                                  "Total Cost": 1.18,
                                  "Plan Rows": 12,
                                  "Plan Width": 4,
                                  "Plans": [
                                    {
                                      "Node Type": "Seq Scan",
                                      "Parent Relationship": "Outer",
                                      "Parallel Aware": false,
                                      "Relation Name": "store",
                                      "Alias": "store",
                                      "Startup Cost": 0.00,
                                      "Total Cost": 1.18,
                                      "Plan Rows": 12,
                                      "Plan Width": 4,
                                      "Filter": "((s_county)::text = ANY ('{\"Williamson County\",\"Williamson County\",\"Williamson County\",\"Williamson County\"}'::text[]))"
                                    }
                                  ]
                                }
                              ]
                            }
                          ]
                        }
                      ]
                    }
                  ]
                }
              ]
            },
            {
              "Node Type": "Index Scan",
              "Parent Relationship": "Inner",
              "Parallel Aware": false,
              "Scan Direction": "Forward",
              "Index Name": "customer_pkey",
              "Relation Name": "customer",
              "Alias": "customer",
              "Startup Cost": 0.29,
              "Total Cost": 8.31,
              "Plan Rows": 1,
              "Plan Width": 69,
              "Index Cond": "(c_customer_sk = store_sales.ss_customer_sk)"
            }
          ]
        }
      ]
    }
  }
]
