                                                                                                                                                                                QUERY PLAN                                                                                                                                                                                 
---------------------------------------------------------------------------------------------------------------------------------------------------------------------------------------------------------------------------------------------------------------------------------------------------------------------------------------------------------------------------
 [                                                                                                                                                                                                                                                                                                                                                                        +
   {                                                                                                                                                                                                                                                                                                                                                                      +
     "Plan": {                                                                                                                                                                                                                                                                                                                                                            +
       "Node Type": "Limit",                                                                                                                                                                                                                                                                                                                                              +
       "Parallel Aware": false,                                                                                                                                                                                                                                                                                                                                           +
       "Startup Cost": 2339594.50,                                                                                                                                                                                                                                                                                                                                        +
       "Total Cost": 2339594.50,                                                                                                                                                                                                                                                                                                                                          +
       "Plan Rows": 1,                                                                                                                                                                                                                                                                                                                                                    +
       "Plan Width": 334,                                                                                                                                                                                                                                                                                                                                                 +
       "Plans": [                                                                                                                                                                                                                                                                                                                                                         +
         {                                                                                                                                                                                                                                                                                                                                                                +
           "Node Type": "Append",                                                                                                                                                                                                                                                                                                                                         +
           "Parent Relationship": "InitPlan",                                                                                                                                                                                                                                                                                                                             +
           "Subplan Name": "CTE year_total",                                                                                                                                                                                                                                                                                                                              +
           "Parallel Aware": false,                                                                                                                                                                                                                                                                                                                                       +
           "Startup Cost": 430421.18,                                                                                                                                                                                                                                                                                                                                     +
           "Total Cost": 1587638.86,                                                                                                                                                                                                                                                                                                                                      +
           "Plan Rows": 4773988,                                                                                                                                                                                                                                                                                                                                          +
           "Plan Width": 255,                                                                                                                                                                                                                                                                                                                                             +
           "Plans": [                                                                                                                                                                                                                                                                                                                                                     +
             {                                                                                                                                                                                                                                                                                                                                                            +
               "Node Type": "Aggregate",                                                                                                                                                                                                                                                                                                                                  +
               "Strategy": "Sorted",                                                                                                                                                                                                                                                                                                                                      +
               "Partial Mode": "Finalize",                                                                                                                                                                                                                                                                                                                                +
               "Parent Relationship": "Member",                                                                                                                                                                                                                                                                                                                           +
               "Parallel Aware": false,                                                                                                                                                                                                                                                                                                                                   +
               "Startup Cost": 430421.18,                                                                                                                                                                                                                                                                                                                                 +
               "Total Cost": 822725.52,                                                                                                                                                                                                                                                                                                                                   +
               "Plan Rows": 2627408,                                                                                                                                                                                                                                                                                                                                      +
               "Plan Width": 255,                                                                                                                                                                                                                                                                                                                                         +
               "Group Key": ["customer.c_customer_id", "customer.c_first_name", "customer.c_last_name", "customer.c_preferred_cust_flag", "customer.c_birth_country", "customer.c_login", "customer.c_email_address", "date_dim.d_year"],                                                                                                                                 +
               "Plans": [                                                                                                                                                                                                                                                                                                                                                 +
                 {                                                                                                                                                                                                                                                                                                                                                        +
                   "Node Type": "Gather Merge",                                                                                                                                                                                                                                                                                                                           +
                   "Parent Relationship": "Outer",                                                                                                                                                                                                                                                                                                                        +
                   "Parallel Aware": false,                                                                                                                                                                                                                                                                                                                               +
                   "Startup Cost": 430421.18,                                                                                                                                                                                                                                                                                                                             +
                   "Total Cost": 735145.27,                                                                                                                                                                                                                                                                                                                               +
                   "Plan Rows": 2189506,                                                                                                                                                                                                                                                                                                                                  +
                   "Plan Width": 223,                                                                                                                                                                                                                                                                                                                                     +
                   "Workers Planned": 2,                                                                                                                                                                                                                                                                                                                                  +
                   "Plans": [                                                                                                                                                                                                                                                                                                                                             +
                     {                                                                                                                                                                                                                                                                                                                                                    +
                       "Node Type": "Aggregate",                                                                                                                                                                                                                                                                                                                          +
                       "Strategy": "Sorted",                                                                                                                                                                                                                                                                                                                              +
                       "Partial Mode": "Partial",                                                                                                                                                                                                                                                                                                                         +
                       "Parent Relationship": "Outer",                                                                                                                                                                                                                                                                                                                    +
                       "Parallel Aware": false,                                                                                                                                                                                                                                                                                                                           +
                       "Startup Cost": 429421.16,                                                                                                                                                                                                                                                                                                                         +
                       "Total Cost": 481421.93,                                                                                                                                                                                                                                                                                                                           +
                       "Plan Rows": 1094753,                                                                                                                                                                                                                                                                                                                              +
                       "Plan Width": 223,                                                                                                                                                                                                                                                                                                                                 +
                       "Group Key": ["customer.c_customer_id", "customer.c_first_name", "customer.c_last_name", "customer.c_preferred_cust_flag", "customer.c_birth_country", "customer.c_login", "customer.c_email_address", "date_dim.d_year"],                                                                                                                         +
                       "Plans": [                                                                                                                                                                                                                                                                                                                                         +
                         {                                                                                                                                                                                                                                                                                                                                                +
                           "Node Type": "Sort",                                                                                                                                                                                                                                                                                                                           +
                           "Parent Relationship": "Outer",                                                                                                                                                                                                                                                                                                                +
                           "Parallel Aware": false,                                                                                                                                                                                                                                                                                                                       +
                           "Startup Cost": 429421.16,                                                                                                                                                                                                                                                                                                                     +
                           "Total Cost": 432158.04,                                                                                                                                                                                                                                                                                                                       +
                           "Plan Rows": 1094753,                                                                                                                                                                                                                                                                                                                          +
                           "Plan Width": 213,                                                                                                                                                                                                                                                                                                                             +
                           "Sort Key": ["customer.c_customer_id", "customer.c_first_name", "customer.c_last_name", "customer.c_preferred_cust_flag", "customer.c_birth_country", "customer.c_login", "customer.c_email_address", "date_dim.d_year"],                                                                                                                      +
                           "Plans": [                                                                                                                                                                                                                                                                                                                                     +
                             {                                                                                                                                                                                                                                                                                                                                            +
                               "Node Type": "Hash Join",                                                                                                                                                                                                                                                                                                                  +
                               "Parent Relationship": "Outer",                                                                                                                                                                                                                                                                                                            +
                               "Parallel Aware": true,                                                                                                                                                                                                                                                                                                                    +
                               "Join Type": "Inner",                                                                                                                                                                                                                                                                                                                      +
                               "Startup Cost": 8015.36,                                                                                                                                                                                                                                                                                                                   +
                               "Total Cost": 95094.53,                                                                                                                                                                                                                                                                                                                    +
                               "Plan Rows": 1094753,                                                                                                                                                                                                                                                                                                                      +
                               "Plan Width": 213,                                                                                                                                                                                                                                                                                                                         +
                               "Inner Unique": true,                                                                                                                                                                                                                                                                                                                      +
                               "Hash Cond": "(store_sales.ss_customer_sk = customer.c_customer_sk)",                                                                                                                                                                                                                                                                      +
                               "Plans": [                                                                                                                                                                                                                                                                                                                                 +
                                 {                                                                                                                                                                                                                                                                                                                                        +
                                   "Node Type": "Hash Join",                                                                                                                                                                                                                                                                                                              +
                                   "Parent Relationship": "Outer",                                                                                                                                                                                                                                                                                                        +
                                   "Parallel Aware": true,                                                                                                                                                                                                                                                                                                                +
                                   "Join Type": "Inner",                                                                                                                                                                                                                                                                                                                  +
                                   "Startup Cost": 2371.82,                                                                                                                                                                                                                                                                                                               +
                                   "Total Cost": 69220.36,                                                                                                                                                                                                                                                                                                                +
                                   "Plan Rows": 1146099,                                                                                                                                                                                                                                                                                                                  +
                                   "Plan Width": 30,                                                                                                                                                                                                                                                                                                                      +
                                   "Inner Unique": true,                                                                                                                                                                                                                                                                                                                  +
                                   "Hash Cond": "(store_sales.ss_sold_date_sk = date_dim.d_date_sk)",                                                                                                                                                                                                                                                                     +
                                   "Plans": [                                                                                                                                                                                                                                                                                                                             +
                                     {                                                                                                                                                                                                                                                                                                                                    +
                                       "Node Type": "Seq Scan",                                                                                                                                                                                                                                                                                                           +
                                       "Parent Relationship": "Outer",                                                                                                                                                                                                                                                                                                    +
                                       "Parallel Aware": true,                                                                                                                                                                                                                                                                                                            +
                                       "Relation Name": "store_sales",                                                                                                                                                                                                                                                                                                    +
                                       "Alias": "store_sales",                                                                                                                                                                                                                                                                                                            +
                                       "Startup Cost": 0.00,                                                                                                                                                                                                                                                                                                              +
                                       "Total Cost": 63697.87,                                                                                                                                                                                                                                                                                                            +
                                       "Plan Rows": 1200187,                                                                                                                                                                                                                                                                                                              +
                                       "Plan Width": 30                                                                                                                                                                                                                                                                                                                   +
                                     },                                                                                                                                                                                                                                                                                                                                   +
                                     {                                                                                                                                                                                                                                                                                                                                    +
                                       "Node Type": "Hash",                                                                                                                                                                                                                                                                                                               +
                                       "Parent Relationship": "Inner",                                                                                                                                                                                                                                                                                                    +
                                       "Parallel Aware": true,                                                                                                                                                                                                                                                                                                            +
                                       "Startup Cost": 1834.70,                                                                                                                                                                                                                                                                                                           +
                                       "Total Cost": 1834.70,                                                                                                                                                                                                                                                                                                             +
                                       "Plan Rows": 42970,                                                                                                                                                                                                                                                                                                                +
                                       "Plan Width": 8,                                                                                                                                                                                                                                                                                                                   +
                                       "Plans": [                                                                                                                                                                                                                                                                                                                         +
                                         {                                                                                                                                                                                                                                                                                                                                +
                                           "Node Type": "Seq Scan",                                                                                                                                                                                                                                                                                                       +
                                           "Parent Relationship": "Outer",                                                                                                                                                                                                                                                                                                +
                                           "Parallel Aware": true,                                                                                                                                                                                                                                                                                                        +
                                           "Relation Name": "date_dim",                                                                                                                                                                                                                                                                                                   +
                                           "Alias": "date_dim",                                                                                                                                                                                                                                                                                                           +
                                           "Startup Cost": 0.00,                                                                                                                                                                                                                                                                                                          +
                                           "Total Cost": 1834.70,                                                                                                                                                                                                                                                                                                         +
                                           "Plan Rows": 42970,                                                                                                                                                                                                                                                                                                            +
                                           "Plan Width": 8                                                                                                                                                                                                                                                                                                                +
                                         }                                                                                                                                                                                                                                                                                                                                +
                                       ]                                                                                                                                                                                                                                                                                                                                  +
                                     }                                                                                                                                                                                                                                                                                                                                    +
                                   ]                                                                                                                                                                                                                                                                                                                                      +
                                 },                                                                                                                                                                                                                                                                                                                                       +
                                 {                                                                                                                                                                                                                                                                                                                                        +
                                   "Node Type": "Hash",                                                                                                                                                                                                                                                                                                                   +
                                   "Parent Relationship": "Inner",                                                                                                                                                                                                                                                                                                        +
                                   "Parallel Aware": true,                                                                                                                                                                                                                                                                                                                +
                                   "Startup Cost": 3356.24,                                                                                                                                                                                                                                                                                                               +
                                   "Total Cost": 3356.24,                                                                                                                                                                                                                                                                                                                 +
                                   "Plan Rows": 58824,                                                                                                                                                                                                                                                                                                                    +
                                   "Plan Width": 191,                                                                                                                                                                                                                                                                                                                     +
                                   "Plans": [                                                                                                                                                                                                                                                                                                                             +
                                     {                                                                                                                                                                                                                                                                                                                                    +
                                       "Node Type": "Seq Scan",                                                                                                                                                                                                                                                                                                           +
                                       "Parent Relationship": "Outer",                                                                                                                                                                                                                                                                                                    +
                                       "Parallel Aware": true,                                                                                                                                                                                                                                                                                                            +
                                       "Relation Name": "customer",                                                                                                                                                                                                                                                                                                       +
                                       "Alias": "customer",                                                                                                                                                                                                                                                                                                               +
                                       "Startup Cost": 0.00,                                                                                                                                                                                                                                                                                                              +
                                       "Total Cost": 3356.24,                                                                                                                                                                                                                                                                                                             +
                                       "Plan Rows": 58824,                                                                                                                                                                                                                                                                                                                +
                                       "Plan Width": 191                                                                                                                                                                                                                                                                                                                  +
                                     }                                                                                                                                                                                                                                                                                                                                    +
                                   ]                                                                                                                                                                                                                                                                                                                                      +
                                 }                                                                                                                                                                                                                                                                                                                                        +
                               ]                                                                                                                                                                                                                                                                                                                                          +
                             }                                                                                                                                                                                                                                                                                                                                            +
                           ]                                                                                                                                                                                                                                                                                                                                              +
                         }                                                                                                                                                                                                                                                                                                                                                +
                       ]                                                                                                                                                                                                                                                                                                                                                  +
                     }                                                                                                                                                                                                                                                                                                                                                    +
                   ]                                                                                                                                                                                                                                                                                                                                                      +
                 }                                                                                                                                                                                                                                                                                                                                                        +
               ]                                                                                                                                                                                                                                                                                                                                                          +
             },                                                                                                                                                                                                                                                                                                                                                           +
             {                                                                                                                                                                                                                                                                                                                                                            +
               "Node Type": "Aggregate",                                                                                                                                                                                                                                                                                                                                  +
               "Strategy": "Sorted",                                                                                                                                                                                                                                                                                                                                      +
               "Partial Mode": "Finalize",                                                                                                                                                                                                                                                                                                                                +
               "Parent Relationship": "Member",                                                                                                                                                                                                                                                                                                                           +
               "Parallel Aware": false,                                                                                                                                                                                                                                                                                                                                   +
               "Startup Cost": 245494.53,                                                                                                                                                                                                                                                                                                                                 +
               "Total Cost": 458631.93,                                                                                                                                                                                                                                                                                                                                   +
               "Plan Rows": 1427460,                                                                                                                                                                                                                                                                                                                                      +
               "Plan Width": 255,                                                                                                                                                                                                                                                                                                                                         +
               "Group Key": ["customer_1.c_customer_id", "customer_1.c_first_name", "customer_1.c_last_name", "customer_1.c_preferred_cust_flag", "customer_1.c_birth_country", "customer_1.c_login", "customer_1.c_email_address", "date_dim_1.d_year"],                                                                                                                 +
               "Plans": [                                                                                                                                                                                                                                                                                                                                                 +
                 {                                                                                                                                                                                                                                                                                                                                                        +
                   "Node Type": "Gather Merge",                                                                                                                                                                                                                                                                                                                           +
                   "Parent Relationship": "Outer",                                                                                                                                                                                                                                                                                                                        +
                   "Parallel Aware": false,                                                                                                                                                                                                                                                                                                                               +
                   "Startup Cost": 245494.53,                                                                                                                                                                                                                                                                                                                             +
                   "Total Cost": 411049.93,                                                                                                                                                                                                                                                                                                                               +
                   "Plan Rows": 1189550,                                                                                                                                                                                                                                                                                                                                  +
                   "Plan Width": 223,                                                                                                                                                                                                                                                                                                                                     +
                   "Workers Planned": 2,                                                                                                                                                                                                                                                                                                                                  +
                   "Plans": [                                                                                                                                                                                                                                                                                                                                             +
                     {                                                                                                                                                                                                                                                                                                                                                    +
                       "Node Type": "Aggregate",                                                                                                                                                                                                                                                                                                                          +
                       "Strategy": "Sorted",                                                                                                                                                                                                                                                                                                                              +
                       "Partial Mode": "Partial",                                                                                                                                                                                                                                                                                                                         +
                       "Parent Relationship": "Outer",                                                                                                                                                                                                                                                                                                                    +
                       "Parallel Aware": false,                                                                                                                                                                                                                                                                                                                           +
                       "Startup Cost": 244494.51,                                                                                                                                                                                                                                                                                                                         +
                       "Total Cost": 272746.32,                                                                                                                                                                                                                                                                                                                           +
                       "Plan Rows": 594775,                                                                                                                                                                                                                                                                                                                               +
                       "Plan Width": 223,                                                                                                                                                                                                                                                                                                                                 +
                       "Group Key": ["customer_1.c_customer_id", "customer_1.c_first_name", "customer_1.c_last_name", "customer_1.c_preferred_cust_flag", "customer_1.c_birth_country", "customer_1.c_login", "customer_1.c_email_address", "date_dim_1.d_year"],                                                                                                         +
                       "Plans": [                                                                                                                                                                                                                                                                                                                                         +
                         {                                                                                                                                                                                                                                                                                                                                                +
                           "Node Type": "Sort",                                                                                                                                                                                                                                                                                                                           +
                           "Parent Relationship": "Outer",                                                                                                                                                                                                                                                                                                                +
                           "Parallel Aware": false,                                                                                                                                                                                                                                                                                                                       +
                           "Startup Cost": 244494.51,                                                                                                                                                                                                                                                                                                                     +
                           "Total Cost": 245981.45,                                                                                                                                                                                                                                                                                                                       +
                           "Plan Rows": 594775,                                                                                                                                                                                                                                                                                                                           +
                           "Plan Width": 216,                                                                                                                                                                                                                                                                                                                             +
                           "Sort Key": ["customer_1.c_customer_id", "customer_1.c_first_name", "customer_1.c_last_name", "customer_1.c_preferred_cust_flag", "customer_1.c_birth_country", "customer_1.c_login", "customer_1.c_email_address", "date_dim_1.d_year"],                                                                                                      +
                           "Plans": [                                                                                                                                                                                                                                                                                                                                     +
                             {                                                                                                                                                                                                                                                                                                                                            +
                               "Node Type": "Hash Join",                                                                                                                                                                                                                                                                                                                  +
                               "Parent Relationship": "Outer",                                                                                                                                                                                                                                                                                                            +
                               "Parallel Aware": true,                                                                                                                                                                                                                                                                                                                    +
                               "Join Type": "Inner",                                                                                                                                                                                                                                                                                                                      +
                               "Startup Cost": 8015.36,                                                                                                                                                                                                                                                                                                                   +
                               "Total Cost": 65467.69,                                                                                                                                                                                                                                                                                                                    +
                               "Plan Rows": 594775,                                                                                                                                                                                                                                                                                                                       +
                               "Plan Width": 216,                                                                                                                                                                                                                                                                                                                         +
                               "Inner Unique": true,                                                                                                                                                                                                                                                                                                                      +
                               "Hash Cond": "(catalog_sales.cs_bill_customer_sk = customer_1.c_customer_sk)",                                                                                                                                                                                                                                                             +
                               "Plans": [                                                                                                                                                                                                                                                                                                                                 +
                                 {                                                                                                                                                                                                                                                                                                                                        +
                                   "Node Type": "Hash Join",                                                                                                                                                                                                                                                                                                              +
                                   "Parent Relationship": "Outer",                                                                                                                                                                                                                                                                                                        +
                                   "Parallel Aware": true,                                                                                                                                                                                                                                                                                                                +
                                   "Join Type": "Inner",                                                                                                                                                                                                                                                                                                                  +
                                   "Startup Cost": 2371.82,                                                                                                                                                                                                                                                                                                               +
                                   "Total Cost": 47360.85,                                                                                                                                                                                                                                                                                                                +
                                   "Plan Rows": 597804,                                                                                                                                                                                                                                                                                                                   +
                                   "Plan Width": 33,                                                                                                                                                                                                                                                                                                                      +
                                   "Inner Unique": true,                                                                                                                                                                                                                                                                                                                  +
                                   "Hash Cond": "(catalog_sales.cs_sold_date_sk = date_dim_1.d_date_sk)",                                                                                                                                                                                                                                                                 +
                                   "Plans": [                                                                                                                                                                                                                                                                                                                             +
                                     {                                                                                                                                                                                                                                                                                                                                    +
                                       "Node Type": "Seq Scan",                                                                                                                                                                                                                                                                                                           +
                                       "Parent Relationship": "Outer",                                                                                                                                                                                                                                                                                                    +
                                       "Parallel Aware": true,                                                                                                                                                                                                                                                                                                            +
                                       "Relation Name": "catalog_sales",                                                                                                                                                                                                                                                                                                  +
                                       "Alias": "catalog_sales",                                                                                                                                                                                                                                                                                                          +
                                       "Startup Cost": 0.00,                                                                                                                                                                                                                                                                                                              +
                                       "Total Cost": 43412.07,                                                                                                                                                                                                                                                                                                            +
                                       "Plan Rows": 600708,                                                                                                                                                                                                                                                                                                               +
                                       "Plan Width": 33                                                                                                                                                                                                                                                                                                                   +
                                     },                                                                                                                                                                                                                                                                                                                                   +
                                     {                                                                                                                                                                                                                                                                                                                                    +
                                       "Node Type": "Hash",                                                                                                                                                                                                                                                                                                               +
                                       "Parent Relationship": "Inner",                                                                                                                                                                                                                                                                                                    +
                                       "Parallel Aware": true,                                                                                                                                                                                                                                                                                                            +
                                       "Startup Cost": 1834.70,                                                                                                                                                                                                                                                                                                           +
                                       "Total Cost": 1834.70,                                                                                                                                                                                                                                                                                                             +
                                       "Plan Rows": 42970,                                                                                                                                                                                                                                                                                                                +
                                       "Plan Width": 8,                                                                                                                                                                                                                                                                                                                   +
                                       "Plans": [                                                                                                                                                                                                                                                                                                                         +
                                         {                                                                                                                                                                                                                                                                                                                                +
                                           "Node Type": "Seq Scan",                                                                                                                                                                                                                                                                                                       +
                                           "Parent Relationship": "Outer",                                                                                                                                                                                                                                                                                                +
                                           "Parallel Aware": true,                                                                                                                                                                                                                                                                                                        +
                                           "Relation Name": "date_dim",                                                                                                                                                                                                                                                                                                   +
                                           "Alias": "date_dim_1",                                                                                                                                                                                                                                                                                                         +
                                           "Startup Cost": 0.00,                                                                                                                                                                                                                                                                                                          +
                                           "Total Cost": 1834.70,                                                                                                                                                                                                                                                                                                         +
                                           "Plan Rows": 42970,                                                                                                                                                                                                                                                                                                            +
                                           "Plan Width": 8                                                                                                                                                                                                                                                                                                                +
                                         }                                                                                                                                                                                                                                                                                                                                +
                                       ]                                                                                                                                                                                                                                                                                                                                  +
                                     }                                                                                                                                                                                                                                                                                                                                    +
                                   ]                                                                                                                                                                                                                                                                                                                                      +
                                 },                                                                                                                                                                                                                                                                                                                                       +
                                 {                                                                                                                                                                                                                                                                                                                                        +
                                   "Node Type": "Hash",                                                                                                                                                                                                                                                                                                                   +
                                   "Parent Relationship": "Inner",                                                                                                                                                                                                                                                                                                        +
                                   "Parallel Aware": true,                                                                                                                                                                                                                                                                                                                +
                                   "Startup Cost": 3356.24,                                                                                                                                                                                                                                                                                                               +
                                   "Total Cost": 3356.24,                                                                                                                                                                                                                                                                                                                 +
                                   "Plan Rows": 58824,                                                                                                                                                                                                                                                                                                                    +
                                   "Plan Width": 191,                                                                                                                                                                                                                                                                                                                     +
                                   "Plans": [                                                                                                                                                                                                                                                                                                                             +
                                     {                                                                                                                                                                                                                                                                                                                                    +
                                       "Node Type": "Seq Scan",                                                                                                                                                                                                                                                                                                           +
                                       "Parent Relationship": "Outer",                                                                                                                                                                                                                                                                                                    +
                                       "Parallel Aware": true,                                                                                                                                                                                                                                                                                                            +
                                       "Relation Name": "customer",                                                                                                                                                                                                                                                                                                       +
                                       "Alias": "customer_1",                                                                                                                                                                                                                                                                                                             +
                                       "Startup Cost": 0.00,                                                                                                                                                                                                                                                                                                              +
                                       "Total Cost": 3356.24,                                                                                                                                                                                                                                                                                                             +
                                       "Plan Rows": 58824,                                                                                                                                                                                                                                                                                                                +
                                       "Plan Width": 191                                                                                                                                                                                                                                                                                                                  +
                                     }                                                                                                                                                                                                                                                                                                                                    +
                                   ]                                                                                                                                                                                                                                                                                                                                      +
                                 }                                                                                                                                                                                                                                                                                                                                        +
                               ]                                                                                                                                                                                                                                                                                                                                          +
                             }                                                                                                                                                                                                                                                                                                                                            +
                           ]                                                                                                                                                                                                                                                                                                                                              +
                         }                                                                                                                                                                                                                                                                                                                                                +
                       ]                                                                                                                                                                                                                                                                                                                                                  +
                     }                                                                                                                                                                                                                                                                                                                                                    +
                   ]                                                                                                                                                                                                                                                                                                                                                      +
                 }                                                                                                                                                                                                                                                                                                                                                        +
               ]                                                                                                                                                                                                                                                                                                                                                          +
             },                                                                                                                                                                                                                                                                                                                                                           +
             {                                                                                                                                                                                                                                                                                                                                                            +
               "Node Type": "Aggregate",                                                                                                                                                                                                                                                                                                                                  +
               "Strategy": "Sorted",                                                                                                                                                                                                                                                                                                                                      +
               "Partial Mode": "Finalize",                                                                                                                                                                                                                                                                                                                                +
               "Parent Relationship": "Member",                                                                                                                                                                                                                                                                                                                           +
               "Parallel Aware": false,                                                                                                                                                                                                                                                                                                                                   +
               "Startup Cost": 127298.21,                                                                                                                                                                                                                                                                                                                                 +
               "Total Cost": 234671.59,                                                                                                                                                                                                                                                                                                                                   +
               "Plan Rows": 719120,                                                                                                                                                                                                                                                                                                                                       +
               "Plan Width": 255,                                                                                                                                                                                                                                                                                                                                         +
               "Group Key": ["customer_2.c_customer_id", "customer_2.c_first_name", "customer_2.c_last_name", "customer_2.c_preferred_cust_flag", "customer_2.c_birth_country", "customer_2.c_login", "customer_2.c_email_address", "date_dim_2.d_year"],                                                                                                                 +
               "Plans": [                                                                                                                                                                                                                                                                                                                                                 +
                 {                                                                                                                                                                                                                                                                                                                                                        +
                   "Node Type": "Gather Merge",                                                                                                                                                                                                                                                                                                                           +
                   "Parent Relationship": "Outer",                                                                                                                                                                                                                                                                                                                        +
                   "Parallel Aware": false,                                                                                                                                                                                                                                                                                                                               +
                   "Startup Cost": 127298.21,                                                                                                                                                                                                                                                                                                                             +
                   "Total Cost": 210700.94,                                                                                                                                                                                                                                                                                                                               +
                   "Plan Rows": 599266,                                                                                                                                                                                                                                                                                                                                   +
                   "Plan Width": 223,                                                                                                                                                                                                                                                                                                                                     +
                   "Workers Planned": 2,                                                                                                                                                                                                                                                                                                                                  +
                   "Plans": [                                                                                                                                                                                                                                                                                                                                             +
                     {                                                                                                                                                                                                                                                                                                                                                    +
                       "Node Type": "Aggregate",                                                                                                                                                                                                                                                                                                                          +
                       "Strategy": "Sorted",                                                                                                                                                                                                                                                                                                                              +
                       "Partial Mode": "Partial",                                                                                                                                                                                                                                                                                                                         +
                       "Parent Relationship": "Outer",                                                                                                                                                                                                                                                                                                                    +
                       "Parallel Aware": false,                                                                                                                                                                                                                                                                                                                           +
                       "Startup Cost": 126298.18,                                                                                                                                                                                                                                                                                                                         +
                       "Total Cost": 140530.75,                                                                                                                                                                                                                                                                                                                           +
                       "Plan Rows": 299633,                                                                                                                                                                                                                                                                                                                               +
                       "Plan Width": 223,                                                                                                                                                                                                                                                                                                                                 +
                       "Group Key": ["customer_2.c_customer_id", "customer_2.c_first_name", "customer_2.c_last_name", "customer_2.c_preferred_cust_flag", "customer_2.c_birth_country", "customer_2.c_login", "customer_2.c_email_address", "date_dim_2.d_year"],                                                                                                         +
                       "Plans": [                                                                                                                                                                                                                                                                                                                                         +
                         {                                                                                                                                                                                                                                                                                                                                                +
                           "Node Type": "Sort",                                                                                                                                                                                                                                                                                                                           +
                           "Parent Relationship": "Outer",                                                                                                                                                                                                                                                                                                                +
                           "Parallel Aware": false,                                                                                                                                                                                                                                                                                                                       +
                           "Startup Cost": 126298.18,                                                                                                                                                                                                                                                                                                                     +
                           "Total Cost": 127047.27,                                                                                                                                                                                                                                                                                                                       +
                           "Plan Rows": 299633,                                                                                                                                                                                                                                                                                                                           +
                           "Plan Width": 216,                                                                                                                                                                                                                                                                                                                             +
                           "Sort Key": ["customer_2.c_customer_id", "customer_2.c_first_name", "customer_2.c_last_name", "customer_2.c_preferred_cust_flag", "customer_2.c_birth_country", "customer_2.c_login", "customer_2.c_email_address", "date_dim_2.d_year"],                                                                                                      +
                           "Plans": [                                                                                                                                                                                                                                                                                                                                     +
                             {                                                                                                                                                                                                                                                                                                                                            +
                               "Node Type": "Hash Join",                                                                                                                                                                                                                                                                                                                  +
                               "Parent Relationship": "Outer",                                                                                                                                                                                                                                                                                                            +
                               "Parallel Aware": true,                                                                                                                                                                                                                                                                                                                    +
                               "Join Type": "Inner",                                                                                                                                                                                                                                                                                                                      +
                               "Startup Cost": 8015.36,                                                                                                                                                                                                                                                                                                                   +
                               "Total Cost": 37589.31,                                                                                                                                                                                                                                                                                                                    +
                               "Plan Rows": 299633,                                                                                                                                                                                                                                                                                                                       +
                               "Plan Width": 216,                                                                                                                                                                                                                                                                                                                         +
                               "Inner Unique": true,                                                                                                                                                                                                                                                                                                                      +
                               "Hash Cond": "(web_sales.ws_bill_customer_sk = customer_2.c_customer_sk)",                                                                                                                                                                                                                                                                 +
                               "Plans": [                                                                                                                                                                                                                                                                                                                                 +
                                 {                                                                                                                                                                                                                                                                                                                                        +
                                   "Node Type": "Hash Join",                                                                                                                                                                                                                                                                                                              +
                                   "Parent Relationship": "Outer",                                                                                                                                                                                                                                                                                                        +
                                   "Parallel Aware": true,                                                                                                                                                                                                                                                                                                                +
                                   "Join Type": "Inner",                                                                                                                                                                                                                                                                                                                  +
                                   "Startup Cost": 2371.82,                                                                                                                                                                                                                                                                                                               +
                                   "Total Cost": 24923.13,                                                                                                                                                                                                                                                                                                                +
                                   "Plan Rows": 299663,                                                                                                                                                                                                                                                                                                                   +
                                   "Plan Width": 33,                                                                                                                                                                                                                                                                                                                      +
                                   "Inner Unique": true,                                                                                                                                                                                                                                                                                                                  +
                                   "Hash Cond": "(web_sales.ws_sold_date_sk = date_dim_2.d_date_sk)",                                                                                                                                                                                                                                                                     +
                                   "Plans": [                                                                                                                                                                                                                                                                                                                             +
                                     {                                                                                                                                                                                                                                                                                                                                    +
                                       "Node Type": "Seq Scan",                                                                                                                                                                                                                                                                                                           +
                                       "Parent Relationship": "Outer",                                                                                                                                                                                                                                                                                                    +
                                       "Parallel Aware": true,                                                                                                                                                                                                                                                                                                            +
                                       "Relation Name": "web_sales",                                                                                                                                                                                                                                                                                                      +
                                       "Alias": "web_sales",                                                                                                                                                                                                                                                                                                              +
                                       "Startup Cost": 0.00,                                                                                                                                                                                                                                                                                                              +
                                       "Total Cost": 21764.43,                                                                                                                                                                                                                                                                                                            +
                                       "Plan Rows": 299743,                                                                                                                                                                                                                                                                                                               +
                                       "Plan Width": 33                                                                                                                                                                                                                                                                                                                   +
                                     },                                                                                                                                                                                                                                                                                                                                   +
                                     {                                                                                                                                                                                                                                                                                                                                    +
                                       "Node Type": "Hash",                                                                                                                                                                                                                                                                                                               +
                                       "Parent Relationship": "Inner",                                                                                                                                                                                                                                                                                                    +
                                       "Parallel Aware": true,                                                                                                                                                                                                                                                                                                            +
                                       "Startup Cost": 1834.70,                                                                                                                                                                                                                                                                                                           +
                                       "Total Cost": 1834.70,                                                                                                                                                                                                                                                                                                             +
                                       "Plan Rows": 42970,                                                                                                                                                                                                                                                                                                                +
                                       "Plan Width": 8,                                                                                                                                                                                                                                                                                                                   +
                                       "Plans": [                                                                                                                                                                                                                                                                                                                         +
                                         {                                                                                                                                                                                                                                                                                                                                +
                                           "Node Type": "Seq Scan",                                                                                                                                                                                                                                                                                                       +
                                           "Parent Relationship": "Outer",                                                                                                                                                                                                                                                                                                +
                                           "Parallel Aware": true,                                                                                                                                                                                                                                                                                                        +
                                           "Relation Name": "date_dim",                                                                                                                                                                                                                                                                                                   +
                                           "Alias": "date_dim_2",                                                                                                                                                                                                                                                                                                         +
                                           "Startup Cost": 0.00,                                                                                                                                                                                                                                                                                                          +
                                           "Total Cost": 1834.70,                                                                                                                                                                                                                                                                                                         +
                                           "Plan Rows": 42970,                                                                                                                                                                                                                                                                                                            +
                                           "Plan Width": 8                                                                                                                                                                                                                                                                                                                +
                                         }                                                                                                                                                                                                                                                                                                                                +
                                       ]                                                                                                                                                                                                                                                                                                                                  +
                                     }                                                                                                                                                                                                                                                                                                                                    +
                                   ]                                                                                                                                                                                                                                                                                                                                      +
                                 },                                                                                                                                                                                                                                                                                                                                       +
                                 {                                                                                                                                                                                                                                                                                                                                        +
                                   "Node Type": "Hash",                                                                                                                                                                                                                                                                                                                   +
                                   "Parent Relationship": "Inner",                                                                                                                                                                                                                                                                                                        +
                                   "Parallel Aware": true,                                                                                                                                                                                                                                                                                                                +
                                   "Startup Cost": 3356.24,                                                                                                                                                                                                                                                                                                               +
                                   "Total Cost": 3356.24,                                                                                                                                                                                                                                                                                                                 +
                                   "Plan Rows": 58824,                                                                                                                                                                                                                                                                                                                    +
                                   "Plan Width": 191,                                                                                                                                                                                                                                                                                                                     +
                                   "Plans": [                                                                                                                                                                                                                                                                                                                             +
                                     {                                                                                                                                                                                                                                                                                                                                    +
                                       "Node Type": "Seq Scan",                                                                                                                                                                                                                                                                                                           +
                                       "Parent Relationship": "Outer",                                                                                                                                                                                                                                                                                                    +
                                       "Parallel Aware": true,                                                                                                                                                                                                                                                                                                            +
                                       "Relation Name": "customer",                                                                                                                                                                                                                                                                                                       +
                                       "Alias": "customer_2",                                                                                                                                                                                                                                                                                                             +
                                       "Startup Cost": 0.00,                                                                                                                                                                                                                                                                                                              +
                                       "Total Cost": 3356.24,                                                                                                                                                                                                                                                                                                             +
                                       "Plan Rows": 58824,                                                                                                                                                                                                                                                                                                                +
                                       "Plan Width": 191                                                                                                                                                                                                                                                                                                                  +
                                     }                                                                                                                                                                                                                                                                                                                                    +
                                   ]                                                                                                                                                                                                                                                                                                                                      +
                                 }                                                                                                                                                                                                                                                                                                                                        +
                               ]                                                                                                                                                                                                                                                                                                                                          +
                             }                                                                                                                                                                                                                                                                                                                                            +
                           ]                                                                                                                                                                                                                                                                                                                                              +
                         }                                                                                                                                                                                                                                                                                                                                                +
                       ]                                                                                                                                                                                                                                                                                                                                                  +
                     }                                                                                                                                                                                                                                                                                                                                                    +
                   ]                                                                                                                                                                                                                                                                                                                                                      +
                 }                                                                                                                                                                                                                                                                                                                                                        +
               ]                                                                                                                                                                                                                                                                                                                                                          +
             }                                                                                                                                                                                                                                                                                                                                                            +
           ]                                                                                                                                                                                                                                                                                                                                                              +
         },                                                                                                                                                                                                                                                                                                                                                               +
         {                                                                                                                                                                                                                                                                                                                                                                +
           "Node Type": "Sort",                                                                                                                                                                                                                                                                                                                                           +
           "Parent Relationship": "Outer",                                                                                                                                                                                                                                                                                                                                +
           "Parallel Aware": false,                                                                                                                                                                                                                                                                                                                                       +
           "Startup Cost": 751955.63,                                                                                                                                                                                                                                                                                                                                     +
           "Total Cost": 751955.64,                                                                                                                                                                                                                                                                                                                                       +
           "Plan Rows": 1,                                                                                                                                                                                                                                                                                                                                                +
           "Plan Width": 334,                                                                                                                                                                                                                                                                                                                                             +
           "Sort Key": ["t_s_secyear.customer_id", "t_s_secyear.customer_first_name", "t_s_secyear.customer_last_name", "t_s_secyear.customer_birth_country"],                                                                                                                                                                                                            +
           "Plans": [                                                                                                                                                                                                                                                                                                                                                     +
             {                                                                                                                                                                                                                                                                                                                                                            +
               "Node Type": "Nested Loop",                                                                                                                                                                                                                                                                                                                                +
               "Parent Relationship": "Outer",                                                                                                                                                                                                                                                                                                                            +
               "Parallel Aware": false,                                                                                                                                                                                                                                                                                                                                   +
               "Join Type": "Inner",                                                                                                                                                                                                                                                                                                                                      +
               "Startup Cost": 0.00,                                                                                                                                                                                                                                                                                                                                      +
               "Total Cost": 751955.62,                                                                                                                                                                                                                                                                                                                                   +
               "Plan Rows": 1,                                                                                                                                                                                                                                                                                                                                            +
               "Plan Width": 334,                                                                                                                                                                                                                                                                                                                                         +
               "Inner Unique": false,                                                                                                                                                                                                                                                                                                                                     +
               "Join Filter": "((t_s_secyear.customer_id = t_w_secyear.customer_id) AND (CASE WHEN (t_c_firstyear.year_total > '0'::numeric) THEN (t_c_secyear.year_total / t_c_firstyear.year_total) ELSE NULL::numeric END > CASE WHEN (t_w_firstyear.year_total > '0'::numeric) THEN (t_w_secyear.year_total / t_w_firstyear.year_total) ELSE NULL::numeric END))",    +
               "Plans": [                                                                                                                                                                                                                                                                                                                                                 +
                 {                                                                                                                                                                                                                                                                                                                                                        +
                   "Node Type": "Nested Loop",                                                                                                                                                                                                                                                                                                                            +
                   "Parent Relationship": "Outer",                                                                                                                                                                                                                                                                                                                        +
                   "Parallel Aware": false,                                                                                                                                                                                                                                                                                                                               +
                   "Join Type": "Inner",                                                                                                                                                                                                                                                                                                                                  +
                   "Startup Cost": 0.00,                                                                                                                                                                                                                                                                                                                                  +
                   "Total Cost": 632602.95,                                                                                                                                                                                                                                                                                                                               +
                   "Plan Rows": 1,                                                                                                                                                                                                                                                                                                                                        +
                   "Plan Width": 702,                                                                                                                                                                                                                                                                                                                                     +
                   "Inner Unique": false,                                                                                                                                                                                                                                                                                                                                 +
                   "Join Filter": "((t_s_secyear.customer_id = t_c_secyear.customer_id) AND (CASE WHEN (t_c_firstyear.year_total > '0'::numeric) THEN (t_c_secyear.year_total / t_c_firstyear.year_total) ELSE NULL::numeric END > CASE WHEN (t_s_firstyear.year_total > '0'::numeric) THEN (t_s_secyear.year_total / t_s_firstyear.year_total) ELSE NULL::numeric END))",+
                   "Plans": [                                                                                                                                                                                                                                                                                                                                             +
                     {                                                                                                                                                                                                                                                                                                                                                    +
                       "Node Type": "Nested Loop",                                                                                                                                                                                                                                                                                                                        +
                       "Parent Relationship": "Outer",                                                                                                                                                                                                                                                                                                                    +
                       "Parallel Aware": false,                                                                                                                                                                                                                                                                                                                           +
                       "Join Type": "Inner",                                                                                                                                                                                                                                                                                                                              +
                       "Startup Cost": 0.00,                                                                                                                                                                                                                                                                                                                              +
                       "Total Cost": 513250.27,                                                                                                                                                                                                                                                                                                                           +
                       "Plan Rows": 1,                                                                                                                                                                                                                                                                                                                                    +
                       "Plan Width": 666,                                                                                                                                                                                                                                                                                                                                 +
                       "Inner Unique": false,                                                                                                                                                                                                                                                                                                                             +
                       "Join Filter": "(t_s_firstyear.customer_id = t_s_secyear.customer_id)",                                                                                                                                                                                                                                                                            +
                       "Plans": [                                                                                                                                                                                                                                                                                                                                         +
                         {                                                                                                                                                                                                                                                                                                                                                +
                           "Node Type": "Nested Loop",                                                                                                                                                                                                                                                                                                                    +
                           "Parent Relationship": "Outer",                                                                                                                                                                                                                                                                                                                +
                           "Parallel Aware": false,                                                                                                                                                                                                                                                                                                                       +
                           "Join Type": "Inner",                                                                                                                                                                                                                                                                                                                          +
                           "Startup Cost": 0.00,                                                                                                                                                                                                                                                                                                                          +
                           "Total Cost": 393896.41,                                                                                                                                                                                                                                                                                                                       +
                           "Plan Rows": 2,                                                                                                                                                                                                                                                                                                                                +
                           "Plan Width": 300,                                                                                                                                                                                                                                                                                                                             +
                           "Inner Unique": false,                                                                                                                                                                                                                                                                                                                         +
                           "Join Filter": "(t_s_firstyear.customer_id = t_w_firstyear.customer_id)",                                                                                                                                                                                                                                                                      +
                           "Plans": [                                                                                                                                                                                                                                                                                                                                     +
                             {                                                                                                                                                                                                                                                                                                                                            +
                               "Node Type": "Nested Loop",                                                                                                                                                                                                                                                                                                                +
                               "Parent Relationship": "Outer",                                                                                                                                                                                                                                                                                                            +
                               "Parallel Aware": false,                                                                                                                                                                                                                                                                                                                   +
                               "Join Type": "Inner",                                                                                                                                                                                                                                                                                                                      +
                               "Startup Cost": 0.00,                                                                                                                                                                                                                                                                                                                      +
                               "Total Cost": 262604.94,                                                                                                                                                                                                                                                                                                                   +
                               "Plan Rows": 8,                                                                                                                                                                                                                                                                                                                            +
                               "Plan Width": 200,                                                                                                                                                                                                                                                                                                                         +
                               "Inner Unique": false,                                                                                                                                                                                                                                                                                                                     +
                               "Join Filter": "(t_s_firstyear.customer_id = t_c_firstyear.customer_id)",                                                                                                                                                                                                                                                                  +
                               "Plans": [                                                                                                                                                                                                                                                                                                                                 +
                                 {                                                                                                                                                                                                                                                                                                                                        +
                                   "Node Type": "CTE Scan",                                                                                                                                                                                                                                                                                                               +
                                   "Parent Relationship": "Outer",                                                                                                                                                                                                                                                                                                        +
                                   "Parallel Aware": false,                                                                                                                                                                                                                                                                                                               +
                                   "CTE Name": "year_total",                                                                                                                                                                                                                                                                                                              +
                                   "Alias": "t_s_firstyear",                                                                                                                                                                                                                                                                                                              +
                                   "Startup Cost": 0.00,                                                                                                                                                                                                                                                                                                                  +
                                   "Total Cost": 131284.67,                                                                                                                                                                                                                                                                                                               +
                                   "Plan Rows": 40,                                                                                                                                                                                                                                                                                                                       +
                                   "Plan Width": 100,                                                                                                                                                                                                                                                                                                                     +
                                   "Filter": "((year_total > '0'::numeric) AND (sale_type = 's'::text) AND (dyear = 1999))"                                                                                                                                                                                                                                               +
                                 },                                                                                                                                                                                                                                                                                                                                       +
                                 {                                                                                                                                                                                                                                                                                                                                        +
                                   "Node Type": "CTE Scan",                                                                                                                                                                                                                                                                                                               +
                                   "Parent Relationship": "Inner",                                                                                                                                                                                                                                                                                                        +
                                   "Parallel Aware": false,                                                                                                                                                                                                                                                                                                               +
                                   "CTE Name": "year_total",                                                                                                                                                                                                                                                                                                              +
                                   "Alias": "t_c_firstyear",                                                                                                                                                                                                                                                                                                              +
                                   "Startup Cost": 0.00,                                                                                                                                                                                                                                                                                                                  +
                                   "Total Cost": 131284.67,                                                                                                                                                                                                                                                                                                               +
                                   "Plan Rows": 40,                                                                                                                                                                                                                                                                                                                       +
                                   "Plan Width": 100,                                                                                                                                                                                                                                                                                                                     +
                                   "Filter": "((year_total > '0'::numeric) AND (sale_type = 'c'::text) AND (dyear = 1999))"                                                                                                                                                                                                                                               +
                                 }                                                                                                                                                                                                                                                                                                                                        +
                               ]                                                                                                                                                                                                                                                                                                                                          +
                             },                                                                                                                                                                                                                                                                                                                                           +
                             {                                                                                                                                                                                                                                                                                                                                            +
                               "Node Type": "CTE Scan",                                                                                                                                                                                                                                                                                                                   +
                               "Parent Relationship": "Inner",                                                                                                                                                                                                                                                                                                            +
                               "Parallel Aware": false,                                                                                                                                                                                                                                                                                                                   +
                               "CTE Name": "year_total",                                                                                                                                                                                                                                                                                                                  +
                               "Alias": "t_w_firstyear",                                                                                                                                                                                                                                                                                                                  +
                               "Startup Cost": 0.00,                                                                                                                                                                                                                                                                                                                      +
                               "Total Cost": 131284.67,                                                                                                                                                                                                                                                                                                                   +
                               "Plan Rows": 40,                                                                                                                                                                                                                                                                                                                           +
                               "Plan Width": 100,                                                                                                                                                                                                                                                                                                                         +
                               "Filter": "((year_total > '0'::numeric) AND (sale_type = 'w'::text) AND (dyear = 1999))"                                                                                                                                                                                                                                                   +
                             }                                                                                                                                                                                                                                                                                                                                            +
                           ]                                                                                                                                                                                                                                                                                                                                              +
                         },                                                                                                                                                                                                                                                                                                                                               +
                         {                                                                                                                                                                                                                                                                                                                                                +
                           "Node Type": "CTE Scan",                                                                                                                                                                                                                                                                                                                       +
                           "Parent Relationship": "Inner",                                                                                                                                                                                                                                                                                                                +
                           "Parallel Aware": false,                                                                                                                                                                                                                                                                                                                       +
                           "CTE Name": "year_total",                                                                                                                                                                                                                                                                                                                      +
                           "Alias": "t_s_secyear",                                                                                                                                                                                                                                                                                                                        +
                           "Startup Cost": 0.00,                                                                                                                                                                                                                                                                                                                          +
                           "Total Cost": 119349.70,                                                                                                                                                                                                                                                                                                                       +
                           "Plan Rows": 119,                                                                                                                                                                                                                                                                                                                              +
                           "Plan Width": 366,                                                                                                                                                                                                                                                                                                                             +
                           "Filter": "((sale_type = 's'::text) AND (dyear = 2000))"                                                                                                                                                                                                                                                                                       +
                         }                                                                                                                                                                                                                                                                                                                                                +
                       ]                                                                                                                                                                                                                                                                                                                                                  +
                     },                                                                                                                                                                                                                                                                                                                                                   +
                     {                                                                                                                                                                                                                                                                                                                                                    +
                       "Node Type": "CTE Scan",                                                                                                                                                                                                                                                                                                                           +
                       "Parent Relationship": "Inner",                                                                                                                                                                                                                                                                                                                    +
                       "Parallel Aware": false,                                                                                                                                                                                                                                                                                                                           +
                       "CTE Name": "year_total",                                                                                                                                                                                                                                                                                                                          +
                       "Alias": "t_c_secyear",                                                                                                                                                                                                                                                                                                                            +
                       "Startup Cost": 0.00,                                                                                                                                                                                                                                                                                                                              +
                       "Total Cost": 119349.70,                                                                                                                                                                                                                                                                                                                           +
                       "Plan Rows": 119,                                                                                                                                                                                                                                                                                                                                  +
                       "Plan Width": 100,                                                                                                                                                                                                                                                                                                                                 +
                       "Filter": "((sale_type = 'c'::text) AND (dyear = 2000))"                                                                                                                                                                                                                                                                                           +
                     }                                                                                                                                                                                                                                                                                                                                                    +
                   ]                                                                                                                                                                                                                                                                                                                                                      +
                 },                                                                                                                                                                                                                                                                                                                                                       +
                 {                                                                                                                                                                                                                                                                                                                                                        +
                   "Node Type": "CTE Scan",                                                                                                                                                                                                                                                                                                                               +
                   "Parent Relationship": "Inner",                                                                                                                                                                                                                                                                                                                        +
                   "Parallel Aware": false,                                                                                                                                                                                                                                                                                                                               +
                   "CTE Name": "year_total",                                                                                                                                                                                                                                                                                                                              +
                   "Alias": "t_w_secyear",                                                                                                                                                                                                                                                                                                                                +
                   "Startup Cost": 0.00,                                                                                                                                                                                                                                                                                                                                  +
                   "Total Cost": 119349.70,                                                                                                                                                                                                                                                                                                                               +
                   "Plan Rows": 119,                                                                                                                                                                                                                                                                                                                                      +
                   "Plan Width": 100,                                                                                                                                                                                                                                                                                                                                     +
                   "Filter": "((sale_type = 'w'::text) AND (dyear = 2000))"                                                                                                                                                                                                                                                                                               +
                 }                                                                                                                                                                                                                                                                                                                                                        +
               ]                                                                                                                                                                                                                                                                                                                                                          +
             }                                                                                                                                                                                                                                                                                                                                                            +
           ]                                                                                                                                                                                                                                                                                                                                                              +
         }                                                                                                                                                                                                                                                                                                                                                                +
       ]                                                                                                                                                                                                                                                                                                                                                                  +
     }                                                                                                                                                                                                                                                                                                                                                                    +
   }                                                                                                                                                                                                                                                                                                                                                                      +
 ]
(1 row)

