                                                           QUERY PLAN                                                            
---------------------------------------------------------------------------------------------------------------------------------
 [                                                                                                                              +
   {                                                                                                                            +
     "Plan": {                                                                                                                  +
       "Node Type": "Limit",                                                                                                    +
       "Parallel Aware": false,                                                                                                 +
       "Startup Cost": 33107.19,                                                                                                +
       "Total Cost": 33107.21,                                                                                                  +
       "Plan Rows": 10,                                                                                                         +
       "Plan Width": 220,                                                                                                       +
       "Plans": [                                                                                                               +
         {                                                                                                                      +
           "Node Type": "Aggregate",                                                                                            +
           "Strategy": "Sorted",                                                                                                +
           "Partial Mode": "Finalize",                                                                                          +
           "Parent Relationship": "InitPlan",                                                                                   +
           "Subplan Name": "CTE sr_items",                                                                                      +
           "Parallel Aware": false,                                                                                             +
           "Startup Cost": 13341.35,                                                                                            +
           "Total Cost": 13350.68,                                                                                              +
           "Plan Rows": 80,                                                                                                     +
           "Plan Width": 25,                                                                                                    +
           "Group Key": ["item.i_item_id"],                                                                                     +
           "Plans": [                                                                                                           +
             {                                                                                                                  +
               "Node Type": "Gather Merge",                                                                                     +
               "Parent Relationship": "Outer",                                                                                  +
               "Parallel Aware": false,                                                                                         +
               "Startup Cost": 13341.35,                                                                                        +
               "Total Cost": 13349.55,                                                                                          +
               "Plan Rows": 66,                                                                                                 +
               "Plan Width": 25,                                                                                                +
               "Workers Planned": 2,                                                                                            +
               "Plans": [                                                                                                       +
                 {                                                                                                              +
                   "Node Type": "Aggregate",                                                                                    +
                   "Strategy": "Sorted",                                                                                        +
                   "Partial Mode": "Partial",                                                                                   +
                   "Parent Relationship": "Outer",                                                                              +
                   "Parallel Aware": false,                                                                                     +
                   "Startup Cost": 12341.33,                                                                                    +
                   "Total Cost": 12341.91,                                                                                      +
                   "Plan Rows": 33,                                                                                             +
                   "Plan Width": 25,                                                                                            +
                   "Group Key": ["item.i_item_id"],                                                                             +
                   "Plans": [                                                                                                   +
                     {                                                                                                          +
                       "Node Type": "Sort",                                                                                     +
                       "Parent Relationship": "Outer",                                                                          +
                       "Parallel Aware": false,                                                                                 +
                       "Startup Cost": 12341.33,                                                                                +
                       "Total Cost": 12341.41,                                                                                  +
                       "Plan Rows": 33,                                                                                         +
                       "Plan Width": 21,                                                                                        +
                       "Sort Key": ["item.i_item_id"],                                                                          +
                       "Plans": [                                                                                               +
                         {                                                                                                      +
                           "Node Type": "Nested Loop",                                                                          +
                           "Parent Relationship": "Outer",                                                                      +
                           "Parallel Aware": false,                                                                             +
                           "Join Type": "Inner",                                                                                +
                           "Startup Cost": 5891.72,                                                                             +
                           "Total Cost": 12340.50,                                                                              +
                           "Plan Rows": 33,                                                                                     +
                           "Plan Width": 21,                                                                                    +
                           "Inner Unique": true,                                                                                +
                           "Plans": [                                                                                           +
                             {                                                                                                  +
                               "Node Type": "Hash Join",                                                                        +
                               "Parent Relationship": "Outer",                                                                  +
                               "Parallel Aware": true,                                                                          +
                               "Join Type": "Inner",                                                                            +
                               "Startup Cost": 5891.44,                                                                         +
                               "Total Cost": 12329.84,                                                                          +
                               "Plan Rows": 33,                                                                                 +
                               "Plan Width": 8,                                                                                 +
                               "Inner Unique": false,                                                                           +
                               "Hash Cond": "(store_returns.sr_returned_date_sk = date_dim.d_date_sk)",                         +
                               "Plans": [                                                                                       +
                                 {                                                                                              +
                                   "Node Type": "Seq Scan",                                                                     +
                                   "Parent Relationship": "Outer",                                                              +
                                   "Parallel Aware": true,                                                                      +
                                   "Relation Name": "store_returns",                                                            +
                                   "Alias": "store_returns",                                                                    +
                                   "Startup Cost": 0.00,                                                                        +
                                   "Total Cost": 5988.98,                                                                       +
                                   "Plan Rows": 119798,                                                                         +
                                   "Plan Width": 12                                                                             +
                                 },                                                                                             +
                                 {                                                                                              +
                                   "Node Type": "Hash",                                                                         +
                                   "Parent Relationship": "Inner",                                                              +
                                   "Parallel Aware": true,                                                                      +
                                   "Startup Cost": 5891.29,                                                                     +
                                   "Total Cost": 5891.29,                                                                       +
                                   "Plan Rows": 12,                                                                             +
                                   "Plan Width": 4,                                                                             +
                                   "Plans": [                                                                                   +
                                     {                                                                                          +
                                       "Node Type": "Hash Join",                                                                +
                                       "Parent Relationship": "Outer",                                                          +
                                       "Parallel Aware": true,                                                                  +
                                       "Join Type": "Semi",                                                                     +
                                       "Startup Cost": 3943.66,                                                                 +
                                       "Total Cost": 5891.29,                                                                   +
                                       "Plan Rows": 12,                                                                         +
                                       "Plan Width": 4,                                                                         +
                                       "Inner Unique": false,                                                                   +
                                       "Hash Cond": "(date_dim.d_date = date_dim_1.d_date)",                                    +
                                       "Plans": [                                                                               +
                                         {                                                                                      +
                                           "Node Type": "Seq Scan",                                                             +
                                           "Parent Relationship": "Outer",                                                      +
                                           "Parallel Aware": true,                                                              +
                                           "Relation Name": "date_dim",                                                         +
                                           "Alias": "date_dim",                                                                 +
                                           "Startup Cost": 0.00,                                                                +
                                           "Total Cost": 1834.70,                                                               +
                                           "Plan Rows": 42970,                                                                  +
                                           "Plan Width": 8                                                                      +
                                         },                                                                                     +
                                         {                                                                                      +
                                           "Node Type": "Hash",                                                                 +
                                           "Parent Relationship": "Inner",                                                      +
                                           "Parallel Aware": true,                                                              +
                                           "Startup Cost": 3943.51,                                                             +
                                           "Total Cost": 3943.51,                                                               +
                                           "Plan Rows": 12,                                                                     +
                                           "Plan Width": 4,                                                                     +
                                           "Plans": [                                                                           +
                                             {                                                                                  +
                                               "Node Type": "Hash Join",                                                        +
                                               "Parent Relationship": "Outer",                                                  +
                                               "Parallel Aware": true,                                                          +
                                               "Join Type": "Semi",                                                             +
                                               "Startup Cost": 1995.86,                                                         +
                                               "Total Cost": 3943.51,                                                           +
                                               "Plan Rows": 12,                                                                 +
                                               "Plan Width": 4,                                                                 +
                                               "Inner Unique": false,                                                           +
                                               "Hash Cond": "(date_dim_1.d_week_seq = date_dim_2.d_week_seq)",                  +
                                               "Plans": [                                                                       +
                                                 {                                                                              +
                                                   "Node Type": "Seq Scan",                                                     +
                                                   "Parent Relationship": "Outer",                                              +
                                                   "Parallel Aware": true,                                                      +
                                                   "Relation Name": "date_dim",                                                 +
                                                   "Alias": "date_dim_1",                                                       +
                                                   "Startup Cost": 0.00,                                                        +
                                                   "Total Cost": 1834.70,                                                       +
                                                   "Plan Rows": 42970,                                                          +
                                                   "Plan Width": 8                                                              +
                                                 },                                                                             +
                                                 {                                                                              +
                                                   "Node Type": "Hash",                                                         +
                                                   "Parent Relationship": "Inner",                                              +
                                                   "Parallel Aware": true,                                                      +
                                                   "Startup Cost": 1995.84,                                                     +
                                                   "Total Cost": 1995.84,                                                       +
                                                   "Plan Rows": 2,                                                              +
                                                   "Plan Width": 4,                                                             +
                                                   "Plans": [                                                                   +
                                                     {                                                                          +
                                                       "Node Type": "Seq Scan",                                                 +
                                                       "Parent Relationship": "Outer",                                          +
                                                       "Parallel Aware": true,                                                  +
                                                       "Relation Name": "date_dim",                                             +
                                                       "Alias": "date_dim_2",                                                   +
                                                       "Startup Cost": 0.00,                                                    +
                                                       "Total Cost": 1995.84,                                                   +
                                                       "Plan Rows": 2,                                                          +
                                                       "Plan Width": 4,                                                         +
                                                       "Filter": "(d_date = ANY ('{1999-05-24,1999-08-05,1999-11-02}'::date[]))"+
                                                     }                                                                          +
                                                   ]                                                                            +
                                                 }                                                                              +
                                               ]                                                                                +
                                             }                                                                                  +
                                           ]                                                                                    +
                                         }                                                                                      +
                                       ]                                                                                        +
                                     }                                                                                          +
                                   ]                                                                                            +
                                 }                                                                                              +
                               ]                                                                                                +
                             },                                                                                                 +
                             {                                                                                                  +
                               "Node Type": "Index Scan",                                                                       +
                               "Parent Relationship": "Inner",                                                                  +
                               "Parallel Aware": false,                                                                         +
                               "Scan Direction": "Forward",                                                                     +
                               "Index Name": "item_pkey",                                                                       +
                               "Relation Name": "item",                                                                         +
                               "Alias": "item",                                                                                 +
                               "Startup Cost": 0.29,                                                                            +
                               "Total Cost": 0.32,                                                                              +
                               "Plan Rows": 1,                                                                                  +
                               "Plan Width": 21,                                                                                +
                               "Index Cond": "(i_item_sk = store_returns.sr_item_sk)"                                           +
                             }                                                                                                  +
                           ]                                                                                                    +
                         }                                                                                                      +
                       ]                                                                                                        +
                     }                                                                                                          +
                   ]                                                                                                            +
                 }                                                                                                              +
               ]                                                                                                                +
             }                                                                                                                  +
           ]                                                                                                                    +
         },                                                                                                                     +
         {                                                                                                                      +
           "Node Type": "Aggregate",                                                                                            +
           "Strategy": "Sorted",                                                                                                +
           "Partial Mode": "Finalize",                                                                                          +
           "Parent Relationship": "InitPlan",                                                                                   +
           "Subplan Name": "CTE cr_items",                                                                                      +
           "Parallel Aware": false,                                                                                             +
           "Startup Cost": 10942.56,                                                                                            +
           "Total Cost": 10946.21,                                                                                              +
           "Plan Rows": 41,                                                                                                     +
           "Plan Width": 25,                                                                                                    +
           "Group Key": ["item_1.i_item_id"],                                                                                   +
           "Plans": [                                                                                                           +
             {                                                                                                                  +
               "Node Type": "Gather Merge",                                                                                     +
               "Parent Relationship": "Outer",                                                                                  +
               "Parallel Aware": false,                                                                                         +
               "Startup Cost": 10942.56,                                                                                        +
               "Total Cost": 10945.68,                                                                                          +
               "Plan Rows": 24,                                                                                                 +
               "Plan Width": 25,                                                                                                +
               "Workers Planned": 1,                                                                                            +
               "Plans": [                                                                                                       +
                 {                                                                                                              +
                   "Node Type": "Aggregate",                                                                                    +
                   "Strategy": "Sorted",                                                                                        +
                   "Partial Mode": "Partial",                                                                                   +
                   "Parent Relationship": "Outer",                                                                              +
                   "Parallel Aware": false,                                                                                     +
                   "Startup Cost": 9942.55,                                                                                     +
                   "Total Cost": 9942.97,                                                                                       +
                   "Plan Rows": 24,                                                                                             +
                   "Plan Width": 25,                                                                                            +
                   "Group Key": ["item_1.i_item_id"],                                                                           +
                   "Plans": [                                                                                                   +
                     {                                                                                                          +
                       "Node Type": "Sort",                                                                                     +
                       "Parent Relationship": "Outer",                                                                          +
                       "Parallel Aware": false,                                                                                 +
                       "Startup Cost": 9942.55,                                                                                 +
                       "Total Cost": 9942.61,                                                                                   +
                       "Plan Rows": 24,                                                                                         +
                       "Plan Width": 21,                                                                                        +
                       "Sort Key": ["item_1.i_item_id"],                                                                        +
                       "Plans": [                                                                                               +
                         {                                                                                                      +
                           "Node Type": "Nested Loop",                                                                          +
                           "Parent Relationship": "Outer",                                                                      +
                           "Parallel Aware": false,                                                                             +
                           "Join Type": "Inner",                                                                                +
                           "Startup Cost": 5891.72,                                                                             +
                           "Total Cost": 9942.00,                                                                               +
                           "Plan Rows": 24,                                                                                     +
                           "Plan Width": 21,                                                                                    +
                           "Inner Unique": true,                                                                                +
                           "Plans": [                                                                                           +
                             {                                                                                                  +
                               "Node Type": "Hash Join",                                                                        +
                               "Parent Relationship": "Outer",                                                                  +
                               "Parallel Aware": true,                                                                          +
                               "Join Type": "Inner",                                                                            +
                               "Startup Cost": 5891.44,                                                                         +
                               "Total Cost": 9933.82,                                                                           +
                               "Plan Rows": 24,                                                                                 +
                               "Plan Width": 8,                                                                                 +
                               "Inner Unique": false,                                                                           +
                               "Hash Cond": "(catalog_returns.cr_returned_date_sk = date_dim_3.d_date_sk)",                     +
                               "Plans": [                                                                                       +
                                 {                                                                                              +
                                   "Node Type": "Seq Scan",                                                                     +
                                   "Parent Relationship": "Outer",                                                              +
                                   "Parallel Aware": true,                                                                      +
                                   "Relation Name": "catalog_returns",                                                          +
                                   "Alias": "catalog_returns",                                                                  +
                                   "Startup Cost": 0.00,                                                                        +
                                   "Total Cost": 3724.45,                                                                       +
                                   "Plan Rows": 84745,                                                                          +
                                   "Plan Width": 12                                                                             +
                                 },                                                                                             +
                                 {                                                                                              +
                                   "Node Type": "Hash",                                                                         +
                                   "Parent Relationship": "Inner",                                                              +
                                   "Parallel Aware": true,                                                                      +
                                   "Startup Cost": 5891.29,                                                                     +
                                   "Total Cost": 5891.29,                                                                       +
                                   "Plan Rows": 12,                                                                             +
                                   "Plan Width": 4,                                                                             +
                                   "Plans": [                                                                                   +
                                     {                                                                                          +
                                       "Node Type": "Hash Join",                                                                +
                                       "Parent Relationship": "Outer",                                                          +
                                       "Parallel Aware": true,                                                                  +
                                       "Join Type": "Semi",                                                                     +
                                       "Startup Cost": 3943.66,                                                                 +
                                       "Total Cost": 5891.29,                                                                   +
                                       "Plan Rows": 12,                                                                         +
                                       "Plan Width": 4,                                                                         +
                                       "Inner Unique": false,                                                                   +
                                       "Hash Cond": "(date_dim_3.d_date = date_dim_4.d_date)",                                  +
                                       "Plans": [                                                                               +
                                         {                                                                                      +
                                           "Node Type": "Seq Scan",                                                             +
                                           "Parent Relationship": "Outer",                                                      +
                                           "Parallel Aware": true,                                                              +
                                           "Relation Name": "date_dim",                                                         +
                                           "Alias": "date_dim_3",                                                               +
                                           "Startup Cost": 0.00,                                                                +
                                           "Total Cost": 1834.70,                                                               +
                                           "Plan Rows": 42970,                                                                  +
                                           "Plan Width": 8                                                                      +
                                         },                                                                                     +
                                         {                                                                                      +
                                           "Node Type": "Hash",                                                                 +
                                           "Parent Relationship": "Inner",                                                      +
                                           "Parallel Aware": true,                                                              +
                                           "Startup Cost": 3943.51,                                                             +
                                           "Total Cost": 3943.51,                                                               +
                                           "Plan Rows": 12,                                                                     +
                                           "Plan Width": 4,                                                                     +
                                           "Plans": [                                                                           +
                                             {                                                                                  +
                                               "Node Type": "Hash Join",                                                        +
                                               "Parent Relationship": "Outer",                                                  +
                                               "Parallel Aware": true,                                                          +
                                               "Join Type": "Semi",                                                             +
                                               "Startup Cost": 1995.86,                                                         +
                                               "Total Cost": 3943.51,                                                           +
                                               "Plan Rows": 12,                                                                 +
                                               "Plan Width": 4,                                                                 +
                                               "Inner Unique": false,                                                           +
                                               "Hash Cond": "(date_dim_4.d_week_seq = date_dim_5.d_week_seq)",                  +
                                               "Plans": [                                                                       +
                                                 {                                                                              +
                                                   "Node Type": "Seq Scan",                                                     +
                                                   "Parent Relationship": "Outer",                                              +
                                                   "Parallel Aware": true,                                                      +
                                                   "Relation Name": "date_dim",                                                 +
                                                   "Alias": "date_dim_4",                                                       +
                                                   "Startup Cost": 0.00,                                                        +
                                                   "Total Cost": 1834.70,                                                       +
                                                   "Plan Rows": 42970,                                                          +
                                                   "Plan Width": 8                                                              +
                                                 },                                                                             +
                                                 {                                                                              +
                                                   "Node Type": "Hash",                                                         +
                                                   "Parent Relationship": "Inner",                                              +
                                                   "Parallel Aware": true,                                                      +
                                                   "Startup Cost": 1995.84,                                                     +
                                                   "Total Cost": 1995.84,                                                       +
                                                   "Plan Rows": 2,                                                              +
                                                   "Plan Width": 4,                                                             +
                                                   "Plans": [                                                                   +
                                                     {                                                                          +
                                                       "Node Type": "Seq Scan",                                                 +
                                                       "Parent Relationship": "Outer",                                          +
                                                       "Parallel Aware": true,                                                  +
                                                       "Relation Name": "date_dim",                                             +
                                                       "Alias": "date_dim_5",                                                   +
                                                       "Startup Cost": 0.00,                                                    +
                                                       "Total Cost": 1995.84,                                                   +
                                                       "Plan Rows": 2,                                                          +
                                                       "Plan Width": 4,                                                         +
                                                       "Filter": "(d_date = ANY ('{1999-05-24,1999-08-05,1999-11-02}'::date[]))"+
                                                     }                                                                          +
                                                   ]                                                                            +
                                                 }                                                                              +
                                               ]                                                                                +
                                             }                                                                                  +
                                           ]                                                                                    +
                                         }                                                                                      +
                                       ]                                                                                        +
                                     }                                                                                          +
                                   ]                                                                                            +
                                 }                                                                                              +
                               ]                                                                                                +
                             },                                                                                                 +
                             {                                                                                                  +
                               "Node Type": "Index Scan",                                                                       +
                               "Parent Relationship": "Inner",                                                                  +
                               "Parallel Aware": false,                                                                         +
                               "Scan Direction": "Forward",                                                                     +
                               "Index Name": "item_pkey",                                                                       +
                               "Relation Name": "item",                                                                         +
                               "Alias": "item_1",                                                                               +
                               "Startup Cost": 0.29,                                                                            +
                               "Total Cost": 0.34,                                                                              +
                               "Plan Rows": 1,                                                                                  +
                               "Plan Width": 21,                                                                                +
                               "Index Cond": "(i_item_sk = catalog_returns.cr_item_sk)"                                         +
                             }                                                                                                  +
                           ]                                                                                                    +
                         }                                                                                                      +
                       ]                                                                                                        +
                     }                                                                                                          +
                   ]                                                                                                            +
                 }                                                                                                              +
               ]                                                                                                                +
             }                                                                                                                  +
           ]                                                                                                                    +
         },                                                                                                                     +
         {                                                                                                                      +
           "Node Type": "Aggregate",                                                                                            +
           "Strategy": "Sorted",                                                                                                +
           "Partial Mode": "Finalize",                                                                                          +
           "Parent Relationship": "InitPlan",                                                                                   +
           "Subplan Name": "CTE wr_items",                                                                                      +
           "Parallel Aware": false,                                                                                             +
           "Startup Cost": 8803.69,                                                                                             +
           "Total Cost": 8805.51,                                                                                               +
           "Plan Rows": 20,                                                                                                     +
           "Plan Width": 25,                                                                                                    +
           "Group Key": ["item_2.i_item_id"],                                                                                   +
           "Plans": [                                                                                                           +
             {                                                                                                                  +
               "Node Type": "Gather Merge",                                                                                     +
               "Parent Relationship": "Outer",                                                                                  +
               "Parallel Aware": false,                                                                                         +
               "Startup Cost": 8803.69,                                                                                         +
               "Total Cost": 8805.25,                                                                                           +
               "Plan Rows": 12,                                                                                                 +
               "Plan Width": 25,                                                                                                +
               "Workers Planned": 1,                                                                                            +
               "Plans": [                                                                                                       +
                 {                                                                                                              +
                   "Node Type": "Aggregate",                                                                                    +
                   "Strategy": "Sorted",                                                                                        +
                   "Partial Mode": "Partial",                                                                                   +
                   "Parent Relationship": "Outer",                                                                              +
                   "Parallel Aware": false,                                                                                     +
                   "Startup Cost": 7803.68,                                                                                     +
                   "Total Cost": 7803.89,                                                                                       +
                   "Plan Rows": 12,                                                                                             +
                   "Plan Width": 25,                                                                                            +
                   "Group Key": ["item_2.i_item_id"],                                                                           +
                   "Plans": [                                                                                                   +
                     {                                                                                                          +
                       "Node Type": "Sort",                                                                                     +
                       "Parent Relationship": "Outer",                                                                          +
                       "Parallel Aware": false,                                                                                 +
                       "Startup Cost": 7803.68,                                                                                 +
                       "Total Cost": 7803.71,                                                                                   +
                       "Plan Rows": 12,                                                                                         +
                       "Plan Width": 21,                                                                                        +
                       "Sort Key": ["item_2.i_item_id"],                                                                        +
                       "Plans": [                                                                                               +
                         {                                                                                                      +
                           "Node Type": "Nested Loop",                                                                          +
                           "Parent Relationship": "Outer",                                                                      +
                           "Parallel Aware": false,                                                                             +
                           "Join Type": "Inner",                                                                                +
                           "Startup Cost": 5891.72,                                                                             +
                           "Total Cost": 7803.46,                                                                               +
                           "Plan Rows": 12,                                                                                     +
                           "Plan Width": 21,                                                                                    +
                           "Inner Unique": true,                                                                                +
                           "Plans": [                                                                                           +
                             {                                                                                                  +
                               "Node Type": "Hash Join",                                                                        +
                               "Parent Relationship": "Outer",                                                                  +
                               "Parallel Aware": true,                                                                          +
                               "Join Type": "Inner",                                                                            +
                               "Startup Cost": 5891.44,                                                                         +
                               "Total Cost": 7798.94,                                                                           +
                               "Plan Rows": 12,                                                                                 +
                               "Plan Width": 8,                                                                                 +
                               "Inner Unique": false,                                                                           +
                               "Hash Cond": "(web_returns.wr_returned_date_sk = date_dim_6.d_date_sk)",                         +
                               "Plans": [                                                                                       +
                                 {                                                                                              +
                                   "Node Type": "Seq Scan",                                                                     +
                                   "Parent Relationship": "Outer",                                                              +
                                   "Parallel Aware": true,                                                                      +
                                   "Relation Name": "web_returns",                                                              +
                                   "Alias": "web_returns",                                                                      +
                                   "Startup Cost": 0.00,                                                                        +
                                   "Total Cost": 1749.14,                                                                       +
                                   "Plan Rows": 42214,                                                                          +
                                   "Plan Width": 12                                                                             +
                                 },                                                                                             +
                                 {                                                                                              +
                                   "Node Type": "Hash",                                                                         +
                                   "Parent Relationship": "Inner",                                                              +
                                   "Parallel Aware": true,                                                                      +
                                   "Startup Cost": 5891.29,                                                                     +
                                   "Total Cost": 5891.29,                                                                       +
                                   "Plan Rows": 12,                                                                             +
                                   "Plan Width": 4,                                                                             +
                                   "Plans": [                                                                                   +
                                     {                                                                                          +
                                       "Node Type": "Hash Join",                                                                +
                                       "Parent Relationship": "Outer",                                                          +
                                       "Parallel Aware": true,                                                                  +
                                       "Join Type": "Semi",                                                                     +
                                       "Startup Cost": 3943.66,                                                                 +
                                       "Total Cost": 5891.29,                                                                   +
                                       "Plan Rows": 12,                                                                         +
                                       "Plan Width": 4,                                                                         +
                                       "Inner Unique": false,                                                                   +
                                       "Hash Cond": "(date_dim_6.d_date = date_dim_7.d_date)",                                  +
                                       "Plans": [                                                                               +
                                         {                                                                                      +
                                           "Node Type": "Seq Scan",                                                             +
                                           "Parent Relationship": "Outer",                                                      +
                                           "Parallel Aware": true,                                                              +
                                           "Relation Name": "date_dim",                                                         +
                                           "Alias": "date_dim_6",                                                               +
                                           "Startup Cost": 0.00,                                                                +
                                           "Total Cost": 1834.70,                                                               +
                                           "Plan Rows": 42970,                                                                  +
                                           "Plan Width": 8                                                                      +
                                         },                                                                                     +
                                         {                                                                                      +
                                           "Node Type": "Hash",                                                                 +
                                           "Parent Relationship": "Inner",                                                      +
                                           "Parallel Aware": true,                                                              +
                                           "Startup Cost": 3943.51,                                                             +
                                           "Total Cost": 3943.51,                                                               +
                                           "Plan Rows": 12,                                                                     +
                                           "Plan Width": 4,                                                                     +
                                           "Plans": [                                                                           +
                                             {                                                                                  +
                                               "Node Type": "Hash Join",                                                        +
                                               "Parent Relationship": "Outer",                                                  +
                                               "Parallel Aware": true,                                                          +
                                               "Join Type": "Semi",                                                             +
                                               "Startup Cost": 1995.86,                                                         +
                                               "Total Cost": 3943.51,                                                           +
                                               "Plan Rows": 12,                                                                 +
                                               "Plan Width": 4,                                                                 +
                                               "Inner Unique": false,                                                           +
                                               "Hash Cond": "(date_dim_7.d_week_seq = date_dim_8.d_week_seq)",                  +
                                               "Plans": [                                                                       +
                                                 {                                                                              +
                                                   "Node Type": "Seq Scan",                                                     +
                                                   "Parent Relationship": "Outer",                                              +
                                                   "Parallel Aware": true,                                                      +
                                                   "Relation Name": "date_dim",                                                 +
                                                   "Alias": "date_dim_7",                                                       +
                                                   "Startup Cost": 0.00,                                                        +
                                                   "Total Cost": 1834.70,                                                       +
                                                   "Plan Rows": 42970,                                                          +
                                                   "Plan Width": 8                                                              +
                                                 },                                                                             +
                                                 {                                                                              +
                                                   "Node Type": "Hash",                                                         +
                                                   "Parent Relationship": "Inner",                                              +
                                                   "Parallel Aware": true,                                                      +
                                                   "Startup Cost": 1995.84,                                                     +
                                                   "Total Cost": 1995.84,                                                       +
                                                   "Plan Rows": 2,                                                              +
                                                   "Plan Width": 4,                                                             +
                                                   "Plans": [                                                                   +
                                                     {                                                                          +
                                                       "Node Type": "Seq Scan",                                                 +
                                                       "Parent Relationship": "Outer",                                          +
                                                       "Parallel Aware": true,                                                  +
                                                       "Relation Name": "date_dim",                                             +
                                                       "Alias": "date_dim_8",                                                   +
                                                       "Startup Cost": 0.00,                                                    +
                                                       "Total Cost": 1995.84,                                                   +
                                                       "Plan Rows": 2,                                                          +
                                                       "Plan Width": 4,                                                         +
                                                       "Filter": "(d_date = ANY ('{1999-05-24,1999-08-05,1999-11-02}'::date[]))"+
                                                     }                                                                          +
                                                   ]                                                                            +
                                                 }                                                                              +
                                               ]                                                                                +
                                             }                                                                                  +
                                           ]                                                                                    +
                                         }                                                                                      +
                                       ]                                                                                        +
                                     }                                                                                          +
                                   ]                                                                                            +
                                 }                                                                                              +
                               ]                                                                                                +
                             },                                                                                                 +
                             {                                                                                                  +
                               "Node Type": "Index Scan",                                                                       +
                               "Parent Relationship": "Inner",                                                                  +
                               "Parallel Aware": false,                                                                         +
                               "Scan Direction": "Forward",                                                                     +
                               "Index Name": "item_pkey",                                                                       +
                               "Relation Name": "item",                                                                         +
                               "Alias": "item_2",                                                                               +
                               "Startup Cost": 0.29,                                                                            +
                               "Total Cost": 0.38,                                                                              +
                               "Plan Rows": 1,                                                                                  +
                               "Plan Width": 21,                                                                                +
                               "Index Cond": "(i_item_sk = web_returns.wr_item_sk)"                                             +
                             }                                                                                                  +
                           ]                                                                                                    +
                         }                                                                                                      +
                       ]                                                                                                        +
                     }                                                                                                          +
                   ]                                                                                                            +
                 }                                                                                                              +
               ]                                                                                                                +
             }                                                                                                                  +
           ]                                                                                                                    +
         },                                                                                                                     +
         {                                                                                                                      +
           "Node Type": "Sort",                                                                                                 +
           "Parent Relationship": "Outer",                                                                                      +
           "Parallel Aware": false,                                                                                             +
           "Startup Cost": 4.79,                                                                                                +
           "Total Cost": 4.81,                                                                                                  +
           "Plan Rows": 10,                                                                                                     +
           "Plan Width": 220,                                                                                                   +
           "Sort Key": ["sr_items.item_id", "sr_items.sr_item_qty"],                                                            +
           "Plans": [                                                                                                           +
             {                                                                                                                  +
               "Node Type": "Hash Join",                                                                                        +
               "Parent Relationship": "Outer",                                                                                  +
               "Parallel Aware": false,                                                                                         +
               "Join Type": "Inner",                                                                                            +
               "Startup Cost": 3.00,                                                                                            +
               "Total Cost": 4.62,                                                                                              +
               "Plan Rows": 10,                                                                                                 +
               "Plan Width": 220,                                                                                               +
               "Inner Unique": false,                                                                                           +
               "Hash Cond": "(cr_items.item_id = sr_items.item_id)",                                                            +
               "Plans": [                                                                                                       +
                 {                                                                                                              +
                   "Node Type": "CTE Scan",                                                                                     +
                   "Parent Relationship": "Outer",                                                                              +
                   "Parallel Aware": false,                                                                                     +
                   "CTE Name": "cr_items",                                                                                      +
                   "Alias": "cr_items",                                                                                         +
                   "Startup Cost": 0.00,                                                                                        +
                   "Total Cost": 0.82,                                                                                          +
                   "Plan Rows": 41,                                                                                             +
                   "Plan Width": 76                                                                                             +
                 },                                                                                                             +
                 {                                                                                                              +
                   "Node Type": "Hash",                                                                                         +
                   "Parent Relationship": "Inner",                                                                              +
                   "Parallel Aware": false,                                                                                     +
                   "Startup Cost": 2.75,                                                                                        +
                   "Total Cost": 2.75,                                                                                          +
                   "Plan Rows": 20,                                                                                             +
                   "Plan Width": 152,                                                                                           +
                   "Plans": [                                                                                                   +
                     {                                                                                                          +
                       "Node Type": "Hash Join",                                                                                +
                       "Parent Relationship": "Outer",                                                                          +
                       "Parallel Aware": false,                                                                                 +
                       "Join Type": "Inner",                                                                                    +
                       "Startup Cost": 0.65,                                                                                    +
                       "Total Cost": 2.75,                                                                                      +
                       "Plan Rows": 20,                                                                                         +
                       "Plan Width": 152,                                                                                       +
                       "Inner Unique": false,                                                                                   +
                       "Hash Cond": "(sr_items.item_id = wr_items.item_id)",                                                    +
                       "Plans": [                                                                                               +
                         {                                                                                                      +
                           "Node Type": "CTE Scan",                                                                             +
                           "Parent Relationship": "Outer",                                                                      +
                           "Parallel Aware": false,                                                                             +
                           "CTE Name": "sr_items",                                                                              +
                           "Alias": "sr_items",                                                                                 +
                           "Startup Cost": 0.00,                                                                                +
                           "Total Cost": 1.60,                                                                                  +
                           "Plan Rows": 80,                                                                                     +
                           "Plan Width": 76                                                                                     +
                         },                                                                                                     +
                         {                                                                                                      +
                           "Node Type": "Hash",                                                                                 +
                           "Parent Relationship": "Inner",                                                                      +
                           "Parallel Aware": false,                                                                             +
                           "Startup Cost": 0.40,                                                                                +
                           "Total Cost": 0.40,                                                                                  +
                           "Plan Rows": 20,                                                                                     +
                           "Plan Width": 76,                                                                                    +
                           "Plans": [                                                                                           +
                             {                                                                                                  +
                               "Node Type": "CTE Scan",                                                                         +
                               "Parent Relationship": "Outer",                                                                  +
                               "Parallel Aware": false,                                                                         +
                               "CTE Name": "wr_items",                                                                          +
                               "Alias": "wr_items",                                                                             +
                               "Startup Cost": 0.00,                                                                            +
                               "Total Cost": 0.40,                                                                              +
                               "Plan Rows": 20,                                                                                 +
                               "Plan Width": 76                                                                                 +
                             }                                                                                                  +
                           ]                                                                                                    +
                         }                                                                                                      +
                       ]                                                                                                        +
                     }                                                                                                          +
                   ]                                                                                                            +
                 }                                                                                                              +
               ]                                                                                                                +
             }                                                                                                                  +
           ]                                                                                                                    +
         }                                                                                                                      +
       ]                                                                                                                        +
     }                                                                                                                          +
   }                                                                                                                            +
 ]
(1 row)

