[
  {
    "Plan": {
      "Node Type": "Limit",
      "Parallel Aware": false,
      "Startup Cost": 30890.57,
      "Total Cost": 30890.58,
      "Plan Rows": 1,
      "Plan Width": 72,
      "Plans": [
        {
          "Node Type": "Sort",
          "Parent Relationship": "Outer",
          "Parallel Aware": false,
          "Startup Cost": 30890.57,
          "Total Cost": 30890.58,
          "Plan Rows": 1,
          "Plan Width": 72,
          "Sort Key": ["(count(DISTINCT ws1.ws_order_number))"],
          "Plans": [
            {
              "Node Type": "Aggregate",
              "Strategy": "Plain",
              "Partial Mode": "Simple",
              "Parent Relationship": "Outer",
              "Parallel Aware": false,
              "Startup Cost": 30890.55,
              "Total Cost": 30890.56,
              "Plan Rows": 1,
              "Plan Width": 72,
              "Plans": [
                {
                  "Node Type": "Nested Loop",
                  "Parent Relationship": "Outer",
                  "Parallel Aware": false,
                  "Join Type": "Anti",
                  "Startup Cost": 2460.61,
                  "Total Cost": 30890.54,
                  "Plan Rows": 1,
                  "Plan Width": 16,
                  "Inner Unique": false,
                  "Plans": [
                    {
                      "Node Type": "Nested Loop",
                      "Parent Relationship": "Outer",
                      "Parallel Aware": false,
                      "Join Type": "Semi",
                      "Startup Cost": 2460.31,
                      "Total Cost": 30524.04,
                      "Plan Rows": 1,
                      "Plan Width": 16,
                      "Inner Unique": false,
                      "Plans": [
                        {
                          "Node Type": "Gather",
                          "Parent Relationship": "Outer",
                          "Parallel Aware": false,
                          "Startup Cost": 2459.89,
                          "Total Cost": 25127.95,
                          "Plan Rows": 1,
                          "Plan Width": 20,
                          "Workers Planned": 2,
                          "Single Copy": false,
                          "Plans": [
                            {
                              "Node Type": "Nested Loop",
                              "Parent Relationship": "Outer",
                              "Parallel Aware": false,
                              "Join Type": "Inner",
                              "Startup Cost": 1459.89,
                              "Total Cost": 24127.85,
                              "Plan Rows": 1,
                              "Plan Width": 20,
                              "Inner Unique": true,
                              "Plans": [
                                {
                                  "Node Type": "Hash Join",
                                  "Parent Relationship": "Outer",
                                  "Parallel Aware": false,
                                  "Join Type": "Inner",
                                  "Startup Cost": 1459.60,
                                  "Total Cost": 24017.06,
                                  "Plan Rows": 342,
                                  "Plan Width": 24,
                                  "Inner Unique": true,
                                  "Hash Cond": "(ws1.ws_web_site_sk = web_site.web_site_sk)",
                                  "Plans": [
                                    {
                                      "Node Type": "Hash Join",
                                      "Parent Relationship": "Outer",
                                      "Parallel Aware": true,
                                      "Join Type": "Inner",
                                      "Startup Cost": 1457.16,
                                      "Total Cost": 24008.49,
                                      "Plan Rows": 2050,
                                      "Plan Width": 28,
                                      "Inner Unique": true,
                                      "Hash Cond": "(ws1.ws_ship_addr_sk = customer_address.ca_address_sk)",
                                      "Plans": [
                                        {
                                          "Node Type": "Seq Scan",
                                          "Parent Relationship": "Outer",
                                          "Parallel Aware": true,
                                          "Relation Name": "web_sales",
                                          "Alias": "ws1",
                                          "Startup Cost": 0.00,
                                          "Total Cost": 21764.43,
                                          "Plan Rows": 299743,
                                          "Plan Width": 32
                                        },
                                        {
                                          "Node Type": "Hash",
                                          "Parent Relationship": "Inner",
                                          "Parallel Aware": true,
                                          "Startup Cost": 1454.65,
                                          "Total Cost": 1454.65,
                                          "Plan Rows": 201,
                                          "Plan Width": 4,
                                          "Plans": [
                                            {
                                              "Node Type": "Seq Scan",
                                              "Parent Relationship": "Outer",
                                              "Parallel Aware": true,
                                              "Relation Name": "customer_address",
                                              "Alias": "customer_address",
                                              "Startup Cost": 0.00,
                                              "Total Cost": 1454.65,
                                              "Plan Rows": 201,
                                              "Plan Width": 4,
                                              "Filter": "(ca_state = 'WY'::bpchar)"
                                            }
                                          ]
                                        }
                                      ]
                                    },
                                    {
                                      "Node Type": "Hash",
                                      "Parent Relationship": "Inner",
                                      "Parallel Aware": false,
                                      "Startup Cost": 2.38,
                                      "Total Cost": 2.38,
                                      "Plan Rows": 5,
                                      "Plan Width": 4,
                                      "Plans": [
                                        {
                                          "Node Type": "Seq Scan",
                                          "Parent Relationship": "Outer",
                                          "Parallel Aware": false,
                                          "Relation Name": "web_site",
                                          "Alias": "web_site",
                                          "Startup Cost": 0.00,
                                          "Total Cost": 2.38,
                                          "Plan Rows": 5,
                                          "Plan Width": 4,
                                          "Filter": "(web_company_name = 'pri'::bpchar)"
                                        }
                                      ]
                                    }
                                  ]
                                },
                                {
                                  "Node Type": "Index Scan",
                                  "Parent Relationship": "Inner",
                                  "Parallel Aware": false,
                                  "Scan Direction": "Forward",
                                  "Index Name": "date_dim_pkey",
                                  "Relation Name": "date_dim",
                                  "Alias": "date_dim",
                                  "Startup Cost": 0.29,
                                  "Total Cost": 0.32,
                                  "Plan Rows": 1,
                                  "Plan Width": 4,
                                  "Index Cond": "(d_date_sk = ws1.ws_ship_date_sk)",
                                  "Filter": "((d_date >= '1999-03-01'::date) AND (d_date <= '1999-04-30'::date))"
                                }
                              ]
                            }
                          ]
                        },
                        {
                          "Node Type": "Index Scan",
                          "Parent Relationship": "Inner",
                          "Parallel Aware": false,
                          "Scan Direction": "Forward",
                          "Index Name": "web_sales_pkey",
                          "Relation Name": "web_sales",
                          "Alias": "ws2",
                          "Startup Cost": 0.42,
                          "Total Cost": 5396.07,
                          "Plan Rows": 10,
                          "Plan Width": 8,
                          "Index Cond": "(ws_order_number = ws1.ws_order_number)",
                          "Filter": "(ws1.ws_warehouse_sk <> ws_warehouse_sk)"
                        }
                      ]
                    },
                    {
                      "Node Type": "Index Only Scan",
                      "Parent Relationship": "Inner",
                      "Parallel Aware": false,
                      "Scan Direction": "Forward",
                      "Index Name": "web_returns_pkey",
                      "Relation Name": "web_returns",
                      "Alias": "wr1",
                      "Startup Cost": 0.29,
                      "Total Cost": 538.54,
                      "Plan Rows": 2,
                      "Plan Width": 4,
                      "Index Cond": "(wr_order_number = ws1.ws_order_number)"
                    }
                  ]
                }
              ]
            }
          ]
        }
      ]
    }
  }
]
