                                                                                                     QUERY PLAN                                                                                                     
--------------------------------------------------------------------------------------------------------------------------------------------------------------------------------------------------------------------
 [                                                                                                                                                                                                                 +
   {                                                                                                                                                                                                               +
     "Plan": {                                                                                                                                                                                                     +
       "Node Type": "Sort",                                                                                                                                                                                        +
       "Parallel Aware": false,                                                                                                                                                                                    +
       "Startup Cost": 70131.70,                                                                                                                                                                                   +
       "Total Cost": 70132.55,                                                                                                                                                                                     +
       "Plan Rows": 339,                                                                                                                                                                                           +
       "Plan Width": 291,                                                                                                                                                                                          +
       "Sort Key": ["item.i_category", "item.i_class", "item.i_item_id", "item.i_item_desc", "((((sum(store_sales.ss_ext_sales_price)) * '100'::numeric) / sum((sum(store_sales.ss_ext_sales_price))) OVER (?)))"],+
       "Plans": [                                                                                                                                                                                                  +
         {                                                                                                                                                                                                         +
           "Node Type": "WindowAgg",                                                                                                                                                                               +
           "Parent Relationship": "Outer",                                                                                                                                                                         +
           "Parallel Aware": false,                                                                                                                                                                                +
           "Startup Cost": 70109.83,                                                                                                                                                                               +
           "Total Cost": 70117.46,                                                                                                                                                                                 +
           "Plan Rows": 339,                                                                                                                                                                                       +
           "Plan Width": 291,                                                                                                                                                                                      +
           "Plans": [                                                                                                                                                                                              +
             {                                                                                                                                                                                                     +
               "Node Type": "Sort",                                                                                                                                                                                +
               "Parent Relationship": "Outer",                                                                                                                                                                     +
               "Parallel Aware": false,                                                                                                                                                                            +
               "Startup Cost": 70109.83,                                                                                                                                                                           +
               "Total Cost": 70110.68,                                                                                                                                                                             +
               "Plan Rows": 339,                                                                                                                                                                                   +
               "Plan Width": 259,                                                                                                                                                                                  +
               "Sort Key": ["item.i_class"],                                                                                                                                                                       +
               "Plans": [                                                                                                                                                                                          +
                 {                                                                                                                                                                                                 +
                   "Node Type": "Aggregate",                                                                                                                                                                       +
                   "Strategy": "Sorted",                                                                                                                                                                           +
                   "Partial Mode": "Finalize",                                                                                                                                                                     +
                   "Parent Relationship": "Outer",                                                                                                                                                                 +
                   "Parallel Aware": false,                                                                                                                                                                        +
                   "Startup Cost": 70049.63,                                                                                                                                                                       +
                   "Total Cost": 70095.58,                                                                                                                                                                         +
                   "Plan Rows": 339,                                                                                                                                                                               +
                   "Plan Width": 259,                                                                                                                                                                              +
                   "Group Key": ["item.i_item_id", "item.i_item_desc", "item.i_category", "item.i_class", "item.i_current_price"],                                                                                 +
                   "Plans": [                                                                                                                                                                                      +
                     {                                                                                                                                                                                             +
                       "Node Type": "Gather Merge",                                                                                                                                                                +
                       "Parent Relationship": "Outer",                                                                                                                                                             +
                       "Parallel Aware": false,                                                                                                                                                                    +
                       "Startup Cost": 70049.63,                                                                                                                                                                   +
                       "Total Cost": 70086.41,                                                                                                                                                                     +
                       "Plan Rows": 282,                                                                                                                                                                           +
                       "Plan Width": 259,                                                                                                                                                                          +
                       "Workers Planned": 2,                                                                                                                                                                       +
                       "Plans": [                                                                                                                                                                                  +
                         {                                                                                                                                                                                         +
                           "Node Type": "Aggregate",                                                                                                                                                               +
                           "Strategy": "Sorted",                                                                                                                                                                   +
                           "Partial Mode": "Partial",                                                                                                                                                              +
                           "Parent Relationship": "Outer",                                                                                                                                                         +
                           "Parallel Aware": false,                                                                                                                                                                +
                           "Startup Cost": 69049.61,                                                                                                                                                               +
                           "Total Cost": 69053.84,                                                                                                                                                                 +
                           "Plan Rows": 141,                                                                                                                                                                       +
                           "Plan Width": 259,                                                                                                                                                                      +
                           "Group Key": ["item.i_item_id", "item.i_item_desc", "item.i_category", "item.i_class", "item.i_current_price"],                                                                         +
                           "Plans": [                                                                                                                                                                              +
                             {                                                                                                                                                                                     +
                               "Node Type": "Sort",                                                                                                                                                                +
                               "Parent Relationship": "Outer",                                                                                                                                                     +
                               "Parallel Aware": false,                                                                                                                                                            +
                               "Startup Cost": 69049.61,                                                                                                                                                           +
                               "Total Cost": 69049.96,                                                                                                                                                             +
                               "Plan Rows": 141,                                                                                                                                                                   +
                               "Plan Width": 233,                                                                                                                                                                  +
                               "Sort Key": ["item.i_item_id", "item.i_item_desc", "item.i_category", "item.i_class", "item.i_current_price"],                                                                      +
                               "Plans": [                                                                                                                                                                          +
                                 {                                                                                                                                                                                 +
                                   "Node Type": "Nested Loop",                                                                                                                                                     +
                                   "Parent Relationship": "Outer",                                                                                                                                                 +
                                   "Parallel Aware": false,                                                                                                                                                        +
                                   "Join Type": "Inner",                                                                                                                                                           +
                                   "Startup Cost": 2050.06,                                                                                                                                                        +
                                   "Total Cost": 69044.57,                                                                                                                                                         +
                                   "Plan Rows": 141,                                                                                                                                                               +
                                   "Plan Width": 233,                                                                                                                                                              +
                                   "Inner Unique": true,                                                                                                                                                           +
                                   "Plans": [                                                                                                                                                                      +
                                     {                                                                                                                                                                             +
                                       "Node Type": "Hash Join",                                                                                                                                                   +
                                       "Parent Relationship": "Outer",                                                                                                                                             +
                                       "Parallel Aware": true,                                                                                                                                                     +
                                       "Join Type": "Inner",                                                                                                                                                       +
                                       "Startup Cost": 2049.78,                                                                                                                                                    +
                                       "Total Cost": 68898.31,                                                                                                                                                     +
                                       "Plan Rows": 471,                                                                                                                                                           +
                                       "Plan Width": 10,                                                                                                                                                           +
                                       "Inner Unique": true,                                                                                                                                                       +
                                       "Hash Cond": "(store_sales.ss_sold_date_sk = date_dim.d_date_sk)",                                                                                                          +
                                       "Plans": [                                                                                                                                                                  +
                                         {                                                                                                                                                                         +
                                           "Node Type": "Seq Scan",                                                                                                                                                +
                                           "Parent Relationship": "Outer",                                                                                                                                         +
                                           "Parallel Aware": true,                                                                                                                                                 +
                                           "Relation Name": "store_sales",                                                                                                                                         +
                                           "Alias": "store_sales",                                                                                                                                                 +
                                           "Startup Cost": 0.00,                                                                                                                                                   +
                                           "Total Cost": 63697.87,                                                                                                                                                 +
                                           "Plan Rows": 1200187,                                                                                                                                                   +
                                           "Plan Width": 14                                                                                                                                                        +
                                         },                                                                                                                                                                        +
                                         {                                                                                                                                                                         +
                                           "Node Type": "Hash",                                                                                                                                                    +
                                           "Parent Relationship": "Inner",                                                                                                                                         +
                                           "Parallel Aware": true,                                                                                                                                                 +
                                           "Startup Cost": 2049.55,                                                                                                                                                +
                                           "Total Cost": 2049.55,                                                                                                                                                  +
                                           "Plan Rows": 18,                                                                                                                                                        +
                                           "Plan Width": 4,                                                                                                                                                        +
                                           "Plans": [                                                                                                                                                              +
                                             {                                                                                                                                                                     +
                                               "Node Type": "Seq Scan",                                                                                                                                            +
                                               "Parent Relationship": "Outer",                                                                                                                                     +
                                               "Parallel Aware": true,                                                                                                                                             +
                                               "Relation Name": "date_dim",                                                                                                                                        +
                                               "Alias": "date_dim",                                                                                                                                                +
                                               "Startup Cost": 0.00,                                                                                                                                               +
                                               "Total Cost": 2049.55,                                                                                                                                              +
                                               "Plan Rows": 18,                                                                                                                                                    +
                                               "Plan Width": 4,                                                                                                                                                    +
                                               "Filter": "((d_date >= '2000-01-30'::date) AND (d_date <= '2000-02-29'::date))"                                                                                     +
                                             }                                                                                                                                                                     +
                                           ]                                                                                                                                                                       +
                                         }                                                                                                                                                                         +
                                       ]                                                                                                                                                                           +
                                     },                                                                                                                                                                            +
                                     {                                                                                                                                                                             +
                                       "Node Type": "Index Scan",                                                                                                                                                  +
                                       "Parent Relationship": "Inner",                                                                                                                                             +
                                       "Parallel Aware": false,                                                                                                                                                    +
                                       "Scan Direction": "Forward",                                                                                                                                                +
                                       "Index Name": "item_pkey",                                                                                                                                                  +
                                       "Relation Name": "item",                                                                                                                                                    +
                                       "Alias": "item",                                                                                                                                                            +
                                       "Startup Cost": 0.29,                                                                                                                                                       +
                                       "Total Cost": 0.31,                                                                                                                                                         +
                                       "Plan Rows": 1,                                                                                                                                                             +
                                       "Plan Width": 231,                                                                                                                                                          +
                                       "Index Cond": "(i_item_sk = store_sales.ss_item_sk)",                                                                                                                       +
                                       "Filter": "(i_category = ANY ('{Home,Music,Jewelry}'::bpchar[]))"                                                                                                           +
                                     }                                                                                                                                                                             +
                                   ]                                                                                                                                                                               +
                                 }                                                                                                                                                                                 +
                               ]                                                                                                                                                                                   +
                             }                                                                                                                                                                                     +
                           ]                                                                                                                                                                                       +
                         }                                                                                                                                                                                         +
                       ]                                                                                                                                                                                           +
                     }                                                                                                                                                                                             +
                   ]                                                                                                                                                                                               +
                 }                                                                                                                                                                                                 +
               ]                                                                                                                                                                                                   +
             }                                                                                                                                                                                                     +
           ]                                                                                                                                                                                                       +
         }                                                                                                                                                                                                         +
       ]                                                                                                                                                                                                           +
     }                                                                                                                                                                                                             +
   }                                                                                                                                                                                                               +
 ]
(1 row)

