                                                  QUERY PLAN                                                  
--------------------------------------------------------------------------------------------------------------
 [                                                                                                           +
   {                                                                                                         +
     "Plan": {                                                                                               +
       "Node Type": "Limit",                                                                                 +
       "Parallel Aware": false,                                                                              +
       "Startup Cost": 41012.63,                                                                             +
       "Total Cost": 41012.75,                                                                               +
       "Plan Rows": 51,                                                                                      +
       "Plan Width": 100,                                                                                    +
       "Plans": [                                                                                            +
         {                                                                                                   +
           "Node Type": "Aggregate",                                                                         +
           "Strategy": "Sorted",                                                                             +
           "Partial Mode": "Finalize",                                                                       +
           "Parent Relationship": "InitPlan",                                                                +
           "Subplan Name": "CTE ss",                                                                         +
           "Parallel Aware": false,                                                                          +
           "Startup Cost": 17682.68,                                                                         +
           "Total Cost": 17685.27,                                                                           +
           "Plan Rows": 28,                                                                                  +
           "Plan Width": 49,                                                                                 +
           "Group Key": ["item.i_item_id"],                                                                  +
           "Plans": [                                                                                        +
             {                                                                                               +
               "Node Type": "Gather Merge",                                                                  +
               "Parent Relationship": "Outer",                                                               +
               "Parallel Aware": false,                                                                      +
               "Startup Cost": 17682.68,                                                                     +
               "Total Cost": 17684.80,                                                                       +
               "Plan Rows": 16,                                                                              +
               "Plan Width": 49,                                                                             +
               "Workers Planned": 1,                                                                         +
               "Plans": [                                                                                    +
                 {                                                                                           +
                   "Node Type": "Aggregate",                                                                 +
                   "Strategy": "Sorted",                                                                     +
                   "Partial Mode": "Partial",                                                                +
                   "Parent Relationship": "Outer",                                                           +
                   "Parallel Aware": false,                                                                  +
                   "Startup Cost": 16682.67,                                                                 +
                   "Total Cost": 16682.99,                                                                   +
                   "Plan Rows": 16,                                                                          +
                   "Plan Width": 49,                                                                         +
                   "Group Key": ["item.i_item_id"],                                                          +
                   "Plans": [                                                                                +
                     {                                                                                       +
                       "Node Type": "Sort",                                                                  +
                       "Parent Relationship": "Outer",                                                       +
                       "Parallel Aware": false,                                                              +
                       "Startup Cost": 16682.67,                                                             +
                       "Total Cost": 16682.71,                                                               +
                       "Plan Rows": 16,                                                                      +
                       "Plan Width": 23,                                                                     +
                       "Sort Key": ["item.i_item_id"],                                                       +
                       "Plans": [                                                                            +
                         {                                                                                   +
                           "Node Type": "Nested Loop",                                                       +
                           "Parent Relationship": "Outer",                                                   +
                           "Parallel Aware": false,                                                          +
                           "Join Type": "Inner",                                                             +
                           "Startup Cost": 3429.58,                                                          +
                           "Total Cost": 16682.35,                                                           +
                           "Plan Rows": 16,                                                                  +
                           "Plan Width": 23,                                                                 +
                           "Inner Unique": true,                                                             +
                           "Plans": [                                                                        +
                             {                                                                               +
                               "Node Type": "Hash Join",                                                     +
                               "Parent Relationship": "Outer",                                               +
                               "Parallel Aware": true,                                                       +
                               "Join Type": "Inner",                                                         +
                               "Startup Cost": 3429.29,                                                      +
                               "Total Cost": 16669.88,                                                       +
                               "Plan Rows": 40,                                                              +
                               "Plan Width": 27,                                                             +
                               "Inner Unique": true,                                                         +
                               "Hash Cond": "(store_sales.ss_sold_date_sk = date_dim.d_date_sk)",            +
                               "Plans": [                                                                    +
                                 {                                                                           +
                                   "Node Type": "Nested Loop",                                               +
                                   "Parent Relationship": "Outer",                                           +
                                   "Parallel Aware": false,                                                  +
                                   "Join Type": "Inner",                                                     +
                                   "Startup Cost": 1379.52,                                                  +
                                   "Total Cost": 14361.20,                                                   +
                                   "Plan Rows": 98629,                                                       +
                                   "Plan Width": 31,                                                         +
                                   "Inner Unique": false,                                                    +
                                   "Plans": [                                                                +
                                     {                                                                       +
                                       "Node Type": "Hash Join",                                             +
                                       "Parent Relationship": "Outer",                                       +
                                       "Parallel Aware": true,                                               +
                                       "Join Type": "Semi",                                                  +
                                       "Startup Cost": 1379.09,                                              +
                                       "Total Cost": 2750.39,                                                +
                                       "Plan Rows": 616,                                                     +
                                       "Plan Width": 21,                                                     +
                                       "Inner Unique": false,                                                +
                                       "Hash Cond": "(item.i_item_id = item_1.i_item_id)",                   +
                                       "Plans": [                                                            +
                                         {                                                                   +
                                           "Node Type": "Seq Scan",                                          +
                                           "Parent Relationship": "Outer",                                   +
                                           "Parallel Aware": true,                                           +
                                           "Relation Name": "item",                                          +
                                           "Alias": "item",                                                  +
                                           "Startup Cost": 0.00,                                             +
                                           "Total Cost": 1335.88,                                            +
                                           "Plan Rows": 10588,                                               +
                                           "Plan Width": 21                                                  +
                                         },                                                                  +
                                         {                                                                   +
                                           "Node Type": "Hash",                                              +
                                           "Parent Relationship": "Inner",                                   +
                                           "Parallel Aware": true,                                           +
                                           "Startup Cost": 1375.59,                                          +
                                           "Total Cost": 1375.59,                                            +
                                           "Plan Rows": 280,                                                 +
                                           "Plan Width": 17,                                                 +
                                           "Plans": [                                                        +
                                             {                                                               +
                                               "Node Type": "Seq Scan",                                      +
                                               "Parent Relationship": "Outer",                               +
                                               "Parallel Aware": true,                                       +
                                               "Relation Name": "item",                                      +
                                               "Alias": "item_1",                                            +
                                               "Startup Cost": 0.00,                                         +
                                               "Total Cost": 1375.59,                                        +
                                               "Plan Rows": 280,                                             +
                                               "Plan Width": 17,                                             +
                                               "Filter": "(i_color = ANY ('{cornsilk,sky,azure}'::bpchar[]))"+
                                             }                                                               +
                                           ]                                                                 +
                                         }                                                                   +
                                       ]                                                                     +
                                     },                                                                      +
                                     {                                                                       +
                                       "Node Type": "Index Scan",                                            +
                                       "Parent Relationship": "Inner",                                       +
                                       "Parallel Aware": false,                                              +
                                       "Scan Direction": "Forward",                                          +
                                       "Index Name": "store_sales_pkey",                                     +
                                       "Relation Name": "store_sales",                                       +
                                       "Alias": "store_sales",                                               +
                                       "Startup Cost": 0.43,                                                 +
                                       "Total Cost": 17.11,                                                  +
                                       "Plan Rows": 174,                                                     +
                                       "Plan Width": 18,                                                     +
                                       "Index Cond": "(ss_item_sk = item.i_item_sk)"                         +
                                     }                                                                       +
                                   ]                                                                         +
                                 },                                                                          +
                                 {                                                                           +
                                   "Node Type": "Hash",                                                      +
                                   "Parent Relationship": "Inner",                                           +
                                   "Parallel Aware": true,                                                   +
                                   "Startup Cost": 2049.55,                                                  +
                                   "Total Cost": 2049.55,                                                    +
                                   "Plan Rows": 18,                                                          +
                                   "Plan Width": 4,                                                          +
                                   "Plans": [                                                                +
                                     {                                                                       +
                                       "Node Type": "Seq Scan",                                              +
                                       "Parent Relationship": "Outer",                                       +
                                       "Parallel Aware": true,                                               +
                                       "Relation Name": "date_dim",                                          +
                                       "Alias": "date_dim",                                                  +
                                       "Startup Cost": 0.00,                                                 +
                                       "Total Cost": 2049.55,                                                +
                                       "Plan Rows": 18,                                                      +
                                       "Plan Width": 4,                                                      +
                                       "Filter": "((d_year = 1999) AND (d_moy = 7))"                         +
                                     }                                                                       +
                                   ]                                                                         +
                                 }                                                                           +
                               ]                                                                             +
                             },                                                                              +
                             {                                                                               +
                               "Node Type": "Index Scan",                                                    +
                               "Parent Relationship": "Inner",                                               +
                               "Parallel Aware": false,                                                      +
                               "Scan Direction": "Forward",                                                  +
                               "Index Name": "customer_address_pkey",                                        +
                               "Relation Name": "customer_address",                                          +
                               "Alias": "customer_address",                                                  +
                               "Startup Cost": 0.29,                                                         +
                               "Total Cost": 0.31,                                                           +
                               "Plan Rows": 1,                                                               +
                               "Plan Width": 4,                                                              +
                               "Index Cond": "(ca_address_sk = store_sales.ss_addr_sk)",                     +
                               "Filter": "(ca_gmt_offset = '-6'::numeric)"                                   +
                             }                                                                               +
                           ]                                                                                 +
                         }                                                                                   +
                       ]                                                                                     +
                     }                                                                                       +
                   ]                                                                                         +
                 }                                                                                           +
               ]                                                                                             +
             }                                                                                               +
           ]                                                                                                 +
         },                                                                                                  +
         {                                                                                                   +
           "Node Type": "Aggregate",                                                                         +
           "Strategy": "Sorted",                                                                             +
           "Partial Mode": "Finalize",                                                                       +
           "Parent Relationship": "InitPlan",                                                                +
           "Subplan Name": "CTE cs",                                                                         +
           "Parallel Aware": false,                                                                          +
           "Startup Cost": 13526.12,                                                                         +
           "Total Cost": 13527.57,                                                                           +
           "Plan Rows": 15,                                                                                  +
           "Plan Width": 49,                                                                                 +
           "Group Key": ["item_2.i_item_id"],                                                                +
           "Plans": [                                                                                        +
             {                                                                                               +
               "Node Type": "Gather Merge",                                                                  +
               "Parent Relationship": "Outer",                                                               +
               "Parallel Aware": false,                                                                      +
               "Startup Cost": 13526.12,                                                                     +
               "Total Cost": 13527.31,                                                                       +
               "Plan Rows": 9,                                                                               +
               "Plan Width": 49,                                                                             +
               "Workers Planned": 1,                                                                         +
               "Plans": [                                                                                    +
                 {                                                                                           +
                   "Node Type": "Aggregate",                                                                 +
                   "Strategy": "Sorted",                                                                     +
                   "Partial Mode": "Partial",                                                                +
                   "Parent Relationship": "Outer",                                                           +
                   "Parallel Aware": false,                                                                  +
                   "Startup Cost": 12526.11,                                                                 +
                   "Total Cost": 12526.29,                                                                   +
                   "Plan Rows": 9,                                                                           +
                   "Plan Width": 49,                                                                         +
                   "Group Key": ["item_2.i_item_id"],                                                        +
                   "Plans": [                                                                                +
                     {                                                                                       +
                       "Node Type": "Sort",                                                                  +
                       "Parent Relationship": "Outer",                                                       +
                       "Parallel Aware": false,                                                              +
                       "Startup Cost": 12526.11,                                                             +
                       "Total Cost": 12526.13,                                                               +
                       "Plan Rows": 9,                                                                       +
                       "Plan Width": 23,                                                                     +
                       "Sort Key": ["item_2.i_item_id"],                                                     +
                       "Plans": [                                                                            +
                         {                                                                                   +
                           "Node Type": "Nested Loop",                                                       +
                           "Parent Relationship": "Outer",                                                   +
                           "Parallel Aware": false,                                                          +
                           "Join Type": "Inner",                                                             +
                           "Startup Cost": 3429.58,                                                          +
                           "Total Cost": 12525.97,                                                           +
                           "Plan Rows": 9,                                                                   +
                           "Plan Width": 23,                                                                 +
                           "Inner Unique": true,                                                             +
                           "Plans": [                                                                        +
                             {                                                                               +
                               "Node Type": "Hash Join",                                                     +
                               "Parent Relationship": "Outer",                                               +
                               "Parallel Aware": true,                                                       +
                               "Join Type": "Inner",                                                         +
                               "Startup Cost": 3429.29,                                                      +
                               "Total Cost": 12519.39,                                                       +
                               "Plan Rows": 21,                                                              +
                               "Plan Width": 27,                                                             +
                               "Inner Unique": true,                                                         +
                               "Hash Cond": "(catalog_sales.cs_sold_date_sk = date_dim_1.d_date_sk)",        +
                               "Plans": [                                                                    +
                                 {                                                                           +
                                   "Node Type": "Nested Loop",                                               +
                                   "Parent Relationship": "Outer",                                           +
                                   "Parallel Aware": false,                                                  +
                                   "Join Type": "Inner",                                                     +
                                   "Startup Cost": 1379.52,                                                  +
                                   "Total Cost": 10340.02,                                                   +
                                   "Plan Rows": 49365,                                                       +
                                   "Plan Width": 31,                                                         +
                                   "Inner Unique": false,                                                    +
                                   "Plans": [                                                                +
                                     {                                                                       +
                                       "Node Type": "Hash Join",                                             +
                                       "Parent Relationship": "Outer",                                       +
                                       "Parallel Aware": true,                                               +
                                       "Join Type": "Semi",                                                  +
                                       "Startup Cost": 1379.09,                                              +
                                       "Total Cost": 2750.39,                                                +
                                       "Plan Rows": 616,                                                     +
                                       "Plan Width": 21,                                                     +
                                       "Inner Unique": false,                                                +
                                       "Hash Cond": "(item_2.i_item_id = item_3.i_item_id)",                 +
                                       "Plans": [                                                            +
                                         {                                                                   +
                                           "Node Type": "Seq Scan",                                          +
                                           "Parent Relationship": "Outer",                                   +
                                           "Parallel Aware": true,                                           +
                                           "Relation Name": "item",                                          +
                                           "Alias": "item_2",                                                +
                                           "Startup Cost": 0.00,                                             +
                                           "Total Cost": 1335.88,                                            +
                                           "Plan Rows": 10588,                                               +
                                           "Plan Width": 21                                                  +
                                         },                                                                  +
                                         {                                                                   +
                                           "Node Type": "Hash",                                              +
                                           "Parent Relationship": "Inner",                                   +
                                           "Parallel Aware": true,                                           +
                                           "Startup Cost": 1375.59,                                          +
                                           "Total Cost": 1375.59,                                            +
                                           "Plan Rows": 280,                                                 +
                                           "Plan Width": 17,                                                 +
                                           "Plans": [                                                        +
                                             {                                                               +
                                               "Node Type": "Seq Scan",                                      +
                                               "Parent Relationship": "Outer",                               +
                                               "Parallel Aware": true,                                       +
                                               "Relation Name": "item",                                      +
                                               "Alias": "item_3",                                            +
                                               "Startup Cost": 0.00,                                         +
                                               "Total Cost": 1375.59,                                        +
                                               "Plan Rows": 280,                                             +
                                               "Plan Width": 17,                                             +
                                               "Filter": "(i_color = ANY ('{cornsilk,sky,azure}'::bpchar[]))"+
                                             }                                                               +
                                           ]                                                                 +
                                         }                                                                   +
                                       ]                                                                     +
                                     },                                                                      +
                                     {                                                                       +
                                       "Node Type": "Index Scan",                                            +
                                       "Parent Relationship": "Inner",                                       +
                                       "Parallel Aware": false,                                              +
                                       "Scan Direction": "Forward",                                          +
                                       "Index Name": "catalog_sales_pkey",                                   +
                                       "Relation Name": "catalog_sales",                                     +
                                       "Alias": "catalog_sales",                                             +
                                       "Startup Cost": 0.43,                                                 +
                                       "Total Cost": 11.44,                                                  +
                                       "Plan Rows": 88,                                                      +
                                       "Plan Width": 18,                                                     +
                                       "Index Cond": "(cs_item_sk = item_2.i_item_sk)"                       +
                                     }                                                                       +
                                   ]                                                                         +
                                 },                                                                          +
                                 {                                                                           +
                                   "Node Type": "Hash",                                                      +
                                   "Parent Relationship": "Inner",                                           +
                                   "Parallel Aware": true,                                                   +
                                   "Startup Cost": 2049.55,                                                  +
                                   "Total Cost": 2049.55,                                                    +
                                   "Plan Rows": 18,                                                          +
                                   "Plan Width": 4,                                                          +
                                   "Plans": [                                                                +
                                     {                                                                       +
                                       "Node Type": "Seq Scan",                                              +
                                       "Parent Relationship": "Outer",                                       +
                                       "Parallel Aware": true,                                               +
                                       "Relation Name": "date_dim",                                          +
                                       "Alias": "date_dim_1",                                                +
                                       "Startup Cost": 0.00,                                                 +
                                       "Total Cost": 2049.55,                                                +
                                       "Plan Rows": 18,                                                      +
                                       "Plan Width": 4,                                                      +
                                       "Filter": "((d_year = 1999) AND (d_moy = 7))"                         +
                                     }                                                                       +
                                   ]                                                                         +
                                 }                                                                           +
                               ]                                                                             +
                             },                                                                              +
                             {                                                                               +
                               "Node Type": "Index Scan",                                                    +
                               "Parent Relationship": "Inner",                                               +
                               "Parallel Aware": false,                                                      +
                               "Scan Direction": "Forward",                                                  +
                               "Index Name": "customer_address_pkey",                                        +
                               "Relation Name": "customer_address",                                          +
                               "Alias": "customer_address_1",                                                +
                               "Startup Cost": 0.29,                                                         +
                               "Total Cost": 0.31,                                                           +
                               "Plan Rows": 1,                                                               +
                               "Plan Width": 4,                                                              +
                               "Index Cond": "(ca_address_sk = catalog_sales.cs_bill_addr_sk)",              +
                               "Filter": "(ca_gmt_offset = '-6'::numeric)"                                   +
                             }                                                                               +
                           ]                                                                                 +
                         }                                                                                   +
                       ]                                                                                     +
                     }                                                                                       +
                   ]                                                                                         +
                 }                                                                                           +
               ]                                                                                             +
             }                                                                                               +
           ]                                                                                                 +
         },                                                                                                  +
         {                                                                                                   +
           "Node Type": "Aggregate",                                                                         +
           "Strategy": "Sorted",                                                                             +
           "Partial Mode": "Finalize",                                                                       +
           "Parent Relationship": "InitPlan",                                                                +
           "Subplan Name": "CTE ws",                                                                         +
           "Parallel Aware": false,                                                                          +
           "Startup Cost": 9795.37,                                                                          +
           "Total Cost": 9796.17,                                                                            +
           "Plan Rows": 8,                                                                                   +
           "Plan Width": 49,                                                                                 +
           "Group Key": ["item_4.i_item_id"],                                                                +
           "Plans": [                                                                                        +
             {                                                                                               +
               "Node Type": "Gather Merge",                                                                  +
               "Parent Relationship": "Outer",                                                               +
               "Parallel Aware": false,                                                                      +
               "Startup Cost": 9795.37,                                                                      +
               "Total Cost": 9796.04,                                                                        +
               "Plan Rows": 5,                                                                               +
               "Plan Width": 49,                                                                             +
               "Workers Planned": 1,                                                                         +
               "Plans": [                                                                                    +
                 {                                                                                           +
                   "Node Type": "Aggregate",                                                                 +
                   "Strategy": "Sorted",                                                                     +
                   "Partial Mode": "Partial",                                                                +
                   "Parent Relationship": "Outer",                                                           +
                   "Parallel Aware": false,                                                                  +
                   "Startup Cost": 8795.36,                                                                  +
                   "Total Cost": 8795.46,                                                                    +
                   "Plan Rows": 5,                                                                           +
                   "Plan Width": 49,                                                                         +
                   "Group Key": ["item_4.i_item_id"],                                                        +
                   "Plans": [                                                                                +
                     {                                                                                       +
                       "Node Type": "Sort",                                                                  +
                       "Parent Relationship": "Outer",                                                       +
                       "Parallel Aware": false,                                                              +
                       "Startup Cost": 8795.36,                                                              +
                       "Total Cost": 8795.38,                                                                +
                       "Plan Rows": 5,                                                                       +
                       "Plan Width": 23,                                                                     +
                       "Sort Key": ["item_4.i_item_id"],                                                     +
                       "Plans": [                                                                            +
                         {                                                                                   +
                           "Node Type": "Nested Loop",                                                       +
                           "Parent Relationship": "Outer",                                                   +
                           "Parallel Aware": false,                                                          +
                           "Join Type": "Inner",                                                             +
                           "Startup Cost": 3429.58,                                                          +
                           "Total Cost": 8795.30,                                                            +
                           "Plan Rows": 5,                                                                   +
                           "Plan Width": 23,                                                                 +
                           "Inner Unique": true,                                                             +
                           "Plans": [                                                                        +
                             {                                                                               +
                               "Node Type": "Hash Join",                                                     +
                               "Parent Relationship": "Outer",                                               +
                               "Parallel Aware": true,                                                       +
                               "Join Type": "Inner",                                                         +
                               "Startup Cost": 3429.29,                                                      +
                               "Total Cost": 8791.82,                                                        +
                               "Plan Rows": 11,                                                              +
                               "Plan Width": 27,                                                             +
                               "Inner Unique": true,                                                         +
                               "Hash Cond": "(web_sales.ws_sold_date_sk = date_dim_2.d_date_sk)",            +
                               "Plans": [                                                                    +
                                 {                                                                           +
                                   "Node Type": "Nested Loop",                                               +
                                   "Parent Relationship": "Outer",                                           +
                                   "Parallel Aware": false,                                                  +
                                   "Join Type": "Inner",                                                     +
                                   "Startup Cost": 1379.51,                                                  +
                                   "Total Cost": 6677.39,                                                    +
                                   "Plan Rows": 24632,                                                       +
                                   "Plan Width": 31,                                                         +
                                   "Inner Unique": false,                                                    +
                                   "Plans": [                                                                +
                                     {                                                                       +
                                       "Node Type": "Hash Join",                                             +
                                       "Parent Relationship": "Outer",                                       +
                                       "Parallel Aware": true,                                               +
                                       "Join Type": "Semi",                                                  +
                                       "Startup Cost": 1379.09,                                              +
                                       "Total Cost": 2750.39,                                                +
                                       "Plan Rows": 616,                                                     +
                                       "Plan Width": 21,                                                     +
                                       "Inner Unique": false,                                                +
                                       "Hash Cond": "(item_4.i_item_id = item_5.i_item_id)",                 +
                                       "Plans": [                                                            +
                                         {                                                                   +
                                           "Node Type": "Seq Scan",                                          +
                                           "Parent Relationship": "Outer",                                   +
                                           "Parallel Aware": true,                                           +
                                           "Relation Name": "item",                                          +
                                           "Alias": "item_4",                                                +
                                           "Startup Cost": 0.00,                                             +
                                           "Total Cost": 1335.88,                                            +
                                           "Plan Rows": 10588,                                               +
                                           "Plan Width": 21                                                  +
                                         },                                                                  +
                                         {                                                                   +
                                           "Node Type": "Hash",                                              +
                                           "Parent Relationship": "Inner",                                   +
                                           "Parallel Aware": true,                                           +
                                           "Startup Cost": 1375.59,                                          +
                                           "Total Cost": 1375.59,                                            +
                                           "Plan Rows": 280,                                                 +
                                           "Plan Width": 17,                                                 +
                                           "Plans": [                                                        +
                                             {                                                               +
                                               "Node Type": "Seq Scan",                                      +
                                               "Parent Relationship": "Outer",                               +
                                               "Parallel Aware": true,                                       +
                                               "Relation Name": "item",                                      +
                                               "Alias": "item_5",                                            +
                                               "Startup Cost": 0.00,                                         +
                                               "Total Cost": 1375.59,                                        +
                                               "Plan Rows": 280,                                             +
                                               "Plan Width": 17,                                             +
                                               "Filter": "(i_color = ANY ('{cornsilk,sky,azure}'::bpchar[]))"+
                                             }                                                               +
                                           ]                                                                 +
                                         }                                                                   +
                                       ]                                                                     +
                                     },                                                                      +
                                     {                                                                       +
                                       "Node Type": "Index Scan",                                            +
                                       "Parent Relationship": "Inner",                                       +
                                       "Parallel Aware": false,                                              +
                                       "Scan Direction": "Forward",                                          +
                                       "Index Name": "web_sales_pkey",                                       +
                                       "Relation Name": "web_sales",                                         +
                                       "Alias": "web_sales",                                                 +
                                       "Startup Cost": 0.42,                                                 +
                                       "Total Cost": 5.93,                                                   +
                                       "Plan Rows": 44,                                                      +
                                       "Plan Width": 18,                                                     +
                                       "Index Cond": "(ws_item_sk = item_4.i_item_sk)"                       +
                                     }                                                                       +
                                   ]                                                                         +
                                 },                                                                          +
                                 {                                                                           +
                                   "Node Type": "Hash",                                                      +
                                   "Parent Relationship": "Inner",                                           +
                                   "Parallel Aware": true,                                                   +
                                   "Startup Cost": 2049.55,                                                  +
                                   "Total Cost": 2049.55,                                                    +
                                   "Plan Rows": 18,                                                          +
                                   "Plan Width": 4,                                                          +
                                   "Plans": [                                                                +
                                     {                                                                       +
                                       "Node Type": "Seq Scan",                                              +
                                       "Parent Relationship": "Outer",                                       +
                                       "Parallel Aware": true,                                               +
                                       "Relation Name": "date_dim",                                          +
                                       "Alias": "date_dim_2",                                                +
                                       "Startup Cost": 0.00,                                                 +
                                       "Total Cost": 2049.55,                                                +
                                       "Plan Rows": 18,                                                      +
                                       "Plan Width": 4,                                                      +
                                       "Filter": "((d_year = 1999) AND (d_moy = 7))"                         +
                                     }                                                                       +
                                   ]                                                                         +
                                 }                                                                           +
                               ]                                                                             +
                             },                                                                              +
                             {                                                                               +
                               "Node Type": "Index Scan",                                                    +
                               "Parent Relationship": "Inner",                                               +
                               "Parallel Aware": false,                                                      +
                               "Scan Direction": "Forward",                                                  +
                               "Index Name": "customer_address_pkey",                                        +
                               "Relation Name": "customer_address",                                          +
                               "Alias": "customer_address_2",                                                +
                               "Startup Cost": 0.29,                                                         +
                               "Total Cost": 0.32,                                                           +
                               "Plan Rows": 1,                                                               +
                               "Plan Width": 4,                                                              +
                               "Index Cond": "(ca_address_sk = web_sales.ws_bill_addr_sk)",                  +
                               "Filter": "(ca_gmt_offset = '-6'::numeric)"                                   +
                             }                                                                               +
                           ]                                                                                 +
                         }                                                                                   +
                       ]                                                                                     +
                     }                                                                                       +
                   ]                                                                                         +
                 }                                                                                           +
               ]                                                                                             +
             }                                                                                               +
           ]                                                                                                 +
         },                                                                                                  +
         {                                                                                                   +
           "Node Type": "Sort",                                                                              +
           "Parent Relationship": "Outer",                                                                   +
           "Parallel Aware": false,                                                                          +
           "Startup Cost": 3.61,                                                                             +
           "Total Cost": 3.74,                                                                               +
           "Plan Rows": 51,                                                                                  +
           "Plan Width": 100,                                                                                +
           "Sort Key": ["(sum(ss.total_sales))", "ss.i_item_id"],                                            +
           "Plans": [                                                                                        +
             {                                                                                               +
               "Node Type": "Aggregate",                                                                     +
               "Strategy": "Hashed",                                                                         +
               "Partial Mode": "Simple",                                                                     +
               "Parent Relationship": "Outer",                                                               +
               "Parallel Aware": false,                                                                      +
               "Startup Cost": 1.53,                                                                         +
               "Total Cost": 2.17,                                                                           +
               "Plan Rows": 51,                                                                              +
               "Plan Width": 100,                                                                            +
               "Group Key": ["ss.i_item_id"],                                                                +
               "Plans": [                                                                                    +
                 {                                                                                           +
                   "Node Type": "Append",                                                                    +
                   "Parent Relationship": "Outer",                                                           +
                   "Parallel Aware": false,                                                                  +
                   "Startup Cost": 0.00,                                                                     +
                   "Total Cost": 1.27,                                                                       +
                   "Plan Rows": 51,                                                                          +
                   "Plan Width": 100,                                                                        +
                   "Plans": [                                                                                +
                     {                                                                                       +
                       "Node Type": "CTE Scan",                                                              +
                       "Parent Relationship": "Member",                                                      +
                       "Parallel Aware": false,                                                              +
                       "CTE Name": "ss",                                                                     +
                       "Alias": "ss",                                                                        +
                       "Startup Cost": 0.00,                                                                 +
                       "Total Cost": 0.56,                                                                   +
                       "Plan Rows": 28,                                                                      +
                       "Plan Width": 100                                                                     +
                     },                                                                                      +
                     {                                                                                       +
                       "Node Type": "CTE Scan",                                                              +
                       "Parent Relationship": "Member",                                                      +
                       "Parallel Aware": false,                                                              +
                       "CTE Name": "cs",                                                                     +
                       "Alias": "cs",                                                                        +
                       "Startup Cost": 0.00,                                                                 +
                       "Total Cost": 0.30,                                                                   +
                       "Plan Rows": 15,                                                                      +
                       "Plan Width": 100                                                                     +
                     },                                                                                      +
                     {                                                                                       +
                       "Node Type": "CTE Scan",                                                              +
                       "Parent Relationship": "Member",                                                      +
                       "Parallel Aware": false,                                                              +
                       "CTE Name": "ws",                                                                     +
                       "Alias": "ws",                                                                        +
                       "Startup Cost": 0.00,                                                                 +
                       "Total Cost": 0.16,                                                                   +
                       "Plan Rows": 8,                                                                       +
                       "Plan Width": 100                                                                     +
                     }                                                                                       +
                   ]                                                                                         +
                 }                                                                                           +
               ]                                                                                             +
             }                                                                                               +
           ]                                                                                                 +
         }                                                                                                   +
       ]                                                                                                     +
     }                                                                                                       +
   }                                                                                                         +
 ]
(1 row)

