                                    QUERY PLAN                                    
----------------------------------------------------------------------------------
 [                                                                               +
   {                                                                             +
     "Plan": {                                                                   +
       "Node Type": "Seq Scan",                                                  +
       "Parallel Aware": false,                                                  +
       "Relation Name": "reason",                                                +
       "Alias": "reason",                                                        +
       "Startup Cost": 1069088.50,                                               +
       "Total Cost": 1069089.95,                                                 +
       "Plan Rows": 1,                                                           +
       "Plan Width": 160,                                                        +
       "Filter": "(r_reason_sk = 1)",                                            +
       "Plans": [                                                                +
         {                                                                       +
           "Node Type": "Aggregate",                                             +
           "Strategy": "Plain",                                                  +
           "Partial Mode": "Finalize",                                           +
           "Parent Relationship": "InitPlan",                                    +
           "Subplan Name": "InitPlan 1 (returns $1)",                            +
           "Parallel Aware": false,                                              +
           "Startup Cost": 71274.01,                                             +
           "Total Cost": 71274.02,                                               +
           "Plan Rows": 1,                                                       +
           "Plan Width": 8,                                                      +
           "Plans": [                                                            +
             {                                                                   +
               "Node Type": "Gather",                                            +
               "Parent Relationship": "Outer",                                   +
               "Parallel Aware": false,                                          +
               "Startup Cost": 71273.80,                                         +
               "Total Cost": 71274.01,                                           +
               "Plan Rows": 2,                                                   +
               "Plan Width": 8,                                                  +
               "Workers Planned": 2,                                             +
               "Single Copy": false,                                             +
               "Plans": [                                                        +
                 {                                                               +
                   "Node Type": "Aggregate",                                     +
                   "Strategy": "Plain",                                          +
                   "Partial Mode": "Partial",                                    +
                   "Parent Relationship": "Outer",                               +
                   "Parallel Aware": false,                                      +
                   "Startup Cost": 70273.80,                                     +
                   "Total Cost": 70273.81,                                       +
                   "Plan Rows": 1,                                               +
                   "Plan Width": 8,                                              +
                   "Plans": [                                                    +
                     {                                                           +
                       "Node Type": "Seq Scan",                                  +
                       "Parent Relationship": "Outer",                           +
                       "Parallel Aware": true,                                   +
                       "Relation Name": "store_sales",                           +
                       "Alias": "store_sales",                                   +
                       "Startup Cost": 0.00,                                     +
                       "Total Cost": 69698.81,                                   +
                       "Plan Rows": 229996,                                      +
                       "Plan Width": 0,                                          +
                       "Filter": "((ss_quantity >= 1) AND (ss_quantity <= 20))"  +
                     }                                                           +
                   ]                                                             +
                 }                                                               +
               ]                                                                 +
             }                                                                   +
           ]                                                                     +
         },                                                                      +
         {                                                                       +
           "Node Type": "Aggregate",                                             +
           "Strategy": "Plain",                                                  +
           "Partial Mode": "Finalize",                                           +
           "Parent Relationship": "InitPlan",                                    +
           "Subplan Name": "InitPlan 2 (returns $3)",                            +
           "Parallel Aware": false,                                              +
           "Startup Cost": 71274.02,                                             +
           "Total Cost": 71274.03,                                               +
           "Plan Rows": 1,                                                       +
           "Plan Width": 32,                                                     +
           "Plans": [                                                            +
             {                                                                   +
               "Node Type": "Gather",                                            +
               "Parent Relationship": "Outer",                                   +
               "Parallel Aware": false,                                          +
               "Startup Cost": 71273.80,                                         +
               "Total Cost": 71274.01,                                           +
               "Plan Rows": 2,                                                   +
               "Plan Width": 32,                                                 +
               "Workers Planned": 2,                                             +
               "Single Copy": false,                                             +
               "Plans": [                                                        +
                 {                                                               +
                   "Node Type": "Aggregate",                                     +
                   "Strategy": "Plain",                                          +
                   "Partial Mode": "Partial",                                    +
                   "Parent Relationship": "Outer",                               +
                   "Parallel Aware": false,                                      +
                   "Startup Cost": 70273.80,                                     +
                   "Total Cost": 70273.81,                                       +
                   "Plan Rows": 1,                                               +
                   "Plan Width": 32,                                             +
                   "Plans": [                                                    +
                     {                                                           +
                       "Node Type": "Seq Scan",                                  +
                       "Parent Relationship": "Outer",                           +
                       "Parallel Aware": true,                                   +
                       "Relation Name": "store_sales",                           +
                       "Alias": "store_sales_1",                                 +
                       "Startup Cost": 0.00,                                     +
                       "Total Cost": 69698.81,                                   +
                       "Plan Rows": 229996,                                      +
                       "Plan Width": 7,                                          +
                       "Filter": "((ss_quantity >= 1) AND (ss_quantity <= 20))"  +
                     }                                                           +
                   ]                                                             +
                 }                                                               +
               ]                                                                 +
             }                                                                   +
           ]                                                                     +
         },                                                                      +
         {                                                                       +
           "Node Type": "Aggregate",                                             +
           "Strategy": "Plain",                                                  +
           "Partial Mode": "Finalize",                                           +
           "Parent Relationship": "InitPlan",                                    +
           "Subplan Name": "InitPlan 3 (returns $5)",                            +
           "Parallel Aware": false,                                              +
           "Startup Cost": 71274.02,                                             +
           "Total Cost": 71274.03,                                               +
           "Plan Rows": 1,                                                       +
           "Plan Width": 32,                                                     +
           "Plans": [                                                            +
             {                                                                   +
               "Node Type": "Gather",                                            +
               "Parent Relationship": "Outer",                                   +
               "Parallel Aware": false,                                          +
               "Startup Cost": 71273.80,                                         +
               "Total Cost": 71274.01,                                           +
               "Plan Rows": 2,                                                   +
               "Plan Width": 32,                                                 +
               "Workers Planned": 2,                                             +
               "Single Copy": false,                                             +
               "Plans": [                                                        +
                 {                                                               +
                   "Node Type": "Aggregate",                                     +
                   "Strategy": "Plain",                                          +
                   "Partial Mode": "Partial",                                    +
                   "Parent Relationship": "Outer",                               +
                   "Parallel Aware": false,                                      +
                   "Startup Cost": 70273.80,                                     +
                   "Total Cost": 70273.81,                                       +
                   "Plan Rows": 1,                                               +
                   "Plan Width": 32,                                             +
                   "Plans": [                                                    +
                     {                                                           +
                       "Node Type": "Seq Scan",                                  +
                       "Parent Relationship": "Outer",                           +
                       "Parallel Aware": true,                                   +
                       "Relation Name": "store_sales",                           +
                       "Alias": "store_sales_2",                                 +
                       "Startup Cost": 0.00,                                     +
                       "Total Cost": 69698.81,                                   +
                       "Plan Rows": 229996,                                      +
                       "Plan Width": 6,                                          +
                       "Filter": "((ss_quantity >= 1) AND (ss_quantity <= 20))"  +
                     }                                                           +
                   ]                                                             +
                 }                                                               +
               ]                                                                 +
             }                                                                   +
           ]                                                                     +
         },                                                                      +
         {                                                                       +
           "Node Type": "Aggregate",                                             +
           "Strategy": "Plain",                                                  +
           "Partial Mode": "Finalize",                                           +
           "Parent Relationship": "InitPlan",                                    +
           "Subplan Name": "InitPlan 4 (returns $7)",                            +
           "Parallel Aware": false,                                              +
           "Startup Cost": 71279.71,                                             +
           "Total Cost": 71279.72,                                               +
           "Plan Rows": 1,                                                       +
           "Plan Width": 8,                                                      +
           "Plans": [                                                            +
             {                                                                   +
               "Node Type": "Gather",                                            +
               "Parent Relationship": "Outer",                                   +
               "Parallel Aware": false,                                          +
               "Startup Cost": 71279.50,                                         +
               "Total Cost": 71279.71,                                           +
               "Plan Rows": 2,                                                   +
               "Plan Width": 8,                                                  +
               "Workers Planned": 2,                                             +
               "Single Copy": false,                                             +
               "Plans": [                                                        +
                 {                                                               +
                   "Node Type": "Aggregate",                                     +
                   "Strategy": "Plain",                                          +
                   "Partial Mode": "Partial",                                    +
                   "Parent Relationship": "Outer",                               +
                   "Parallel Aware": false,                                      +
                   "Startup Cost": 70279.50,                                     +
                   "Total Cost": 70279.51,                                       +
                   "Plan Rows": 1,                                               +
                   "Plan Width": 8,                                              +
                   "Plans": [                                                    +
                     {                                                           +
                       "Node Type": "Seq Scan",                                  +
                       "Parent Relationship": "Outer",                           +
                       "Parallel Aware": true,                                   +
                       "Relation Name": "store_sales",                           +
                       "Alias": "store_sales_3",                                 +
                       "Startup Cost": 0.00,                                     +
                       "Total Cost": 69698.81,                                   +
                       "Plan Rows": 232276,                                      +
                       "Plan Width": 0,                                          +
                       "Filter": "((ss_quantity >= 21) AND (ss_quantity <= 40))" +
                     }                                                           +
                   ]                                                             +
                 }                                                               +
               ]                                                                 +
             }                                                                   +
           ]                                                                     +
         },                                                                      +
         {                                                                       +
           "Node Type": "Aggregate",                                             +
           "Strategy": "Plain",                                                  +
           "Partial Mode": "Finalize",                                           +
           "Parent Relationship": "InitPlan",                                    +
           "Subplan Name": "InitPlan 5 (returns $9)",                            +
           "Parallel Aware": false,                                              +
           "Startup Cost": 71279.72,                                             +
           "Total Cost": 71279.73,                                               +
           "Plan Rows": 1,                                                       +
           "Plan Width": 32,                                                     +
           "Plans": [                                                            +
             {                                                                   +
               "Node Type": "Gather",                                            +
               "Parent Relationship": "Outer",                                   +
               "Parallel Aware": false,                                          +
               "Startup Cost": 71279.50,                                         +
               "Total Cost": 71279.71,                                           +
               "Plan Rows": 2,                                                   +
               "Plan Width": 32,                                                 +
               "Workers Planned": 2,                                             +
               "Single Copy": false,                                             +
               "Plans": [                                                        +
                 {                                                               +
                   "Node Type": "Aggregate",                                     +
                   "Strategy": "Plain",                                          +
                   "Partial Mode": "Partial",                                    +
                   "Parent Relationship": "Outer",                               +
                   "Parallel Aware": false,                                      +
                   "Startup Cost": 70279.50,                                     +
                   "Total Cost": 70279.51,                                       +
                   "Plan Rows": 1,                                               +
                   "Plan Width": 32,                                             +
                   "Plans": [                                                    +
                     {                                                           +
                       "Node Type": "Seq Scan",                                  +
                       "Parent Relationship": "Outer",                           +
                       "Parallel Aware": true,                                   +
                       "Relation Name": "store_sales",                           +
                       "Alias": "store_sales_4",                                 +
                       "Startup Cost": 0.00,                                     +
                       "Total Cost": 69698.81,                                   +
                       "Plan Rows": 232276,                                      +
                       "Plan Width": 7,                                          +
                       "Filter": "((ss_quantity >= 21) AND (ss_quantity <= 40))" +
                     }                                                           +
                   ]                                                             +
                 }                                                               +
               ]                                                                 +
             }                                                                   +
           ]                                                                     +
         },                                                                      +
         {                                                                       +
           "Node Type": "Aggregate",                                             +
           "Strategy": "Plain",                                                  +
           "Partial Mode": "Finalize",                                           +
           "Parent Relationship": "InitPlan",                                    +
           "Subplan Name": "InitPlan 6 (returns $11)",                           +
           "Parallel Aware": false,                                              +
           "Startup Cost": 71279.72,                                             +
           "Total Cost": 71279.73,                                               +
           "Plan Rows": 1,                                                       +
           "Plan Width": 32,                                                     +
           "Plans": [                                                            +
             {                                                                   +
               "Node Type": "Gather",                                            +
               "Parent Relationship": "Outer",                                   +
               "Parallel Aware": false,                                          +
               "Startup Cost": 71279.50,                                         +
               "Total Cost": 71279.71,                                           +
               "Plan Rows": 2,                                                   +
               "Plan Width": 32,                                                 +
               "Workers Planned": 2,                                             +
               "Single Copy": false,                                             +
               "Plans": [                                                        +
                 {                                                               +
                   "Node Type": "Aggregate",                                     +
                   "Strategy": "Plain",                                          +
                   "Partial Mode": "Partial",                                    +
                   "Parent Relationship": "Outer",                               +
                   "Parallel Aware": false,                                      +
                   "Startup Cost": 70279.50,                                     +
                   "Total Cost": 70279.51,                                       +
                   "Plan Rows": 1,                                               +
                   "Plan Width": 32,                                             +
                   "Plans": [                                                    +
                     {                                                           +
                       "Node Type": "Seq Scan",                                  +
                       "Parent Relationship": "Outer",                           +
                       "Parallel Aware": true,                                   +
                       "Relation Name": "store_sales",                           +
                       "Alias": "store_sales_5",                                 +
                       "Startup Cost": 0.00,                                     +
                       "Total Cost": 69698.81,                                   +
                       "Plan Rows": 232276,                                      +
                       "Plan Width": 6,                                          +
                       "Filter": "((ss_quantity >= 21) AND (ss_quantity <= 40))" +
                     }                                                           +
                   ]                                                             +
                 }                                                               +
               ]                                                                 +
             }                                                                   +
           ]                                                                     +
         },                                                                      +
         {                                                                       +
           "Node Type": "Aggregate",                                             +
           "Strategy": "Plain",                                                  +
           "Partial Mode": "Finalize",                                           +
           "Parent Relationship": "InitPlan",                                    +
           "Subplan Name": "InitPlan 7 (returns $13)",                           +
           "Parallel Aware": false,                                              +
           "Startup Cost": 71262.31,                                             +
           "Total Cost": 71262.32,                                               +
           "Plan Rows": 1,                                                       +
           "Plan Width": 8,                                                      +
           "Plans": [                                                            +
             {                                                                   +
               "Node Type": "Gather",                                            +
               "Parent Relationship": "Outer",                                   +
               "Parallel Aware": false,                                          +
               "Startup Cost": 71262.09,                                         +
               "Total Cost": 71262.30,                                           +
               "Plan Rows": 2,                                                   +
               "Plan Width": 8,                                                  +
               "Workers Planned": 2,                                             +
               "Single Copy": false,                                             +
               "Plans": [                                                        +
                 {                                                               +
                   "Node Type": "Aggregate",                                     +
                   "Strategy": "Plain",                                          +
                   "Partial Mode": "Partial",                                    +
                   "Parent Relationship": "Outer",                               +
                   "Parallel Aware": false,                                      +
                   "Startup Cost": 70262.09,                                     +
                   "Total Cost": 70262.10,                                       +
                   "Plan Rows": 1,                                               +
                   "Plan Width": 8,                                              +
                   "Plans": [                                                    +
                     {                                                           +
                       "Node Type": "Seq Scan",                                  +
                       "Parent Relationship": "Outer",                           +
                       "Parallel Aware": true,                                   +
                       "Relation Name": "store_sales",                           +
                       "Alias": "store_sales_6",                                 +
                       "Startup Cost": 0.00,                                     +
                       "Total Cost": 69698.81,                                   +
                       "Plan Rows": 225315,                                      +
                       "Plan Width": 0,                                          +
                       "Filter": "((ss_quantity >= 41) AND (ss_quantity <= 60))" +
                     }                                                           +
                   ]                                                             +
                 }                                                               +
               ]                                                                 +
             }                                                                   +
           ]                                                                     +
         },                                                                      +
         {                                                                       +
           "Node Type": "Aggregate",                                             +
           "Strategy": "Plain",                                                  +
           "Partial Mode": "Finalize",                                           +
           "Parent Relationship": "InitPlan",                                    +
           "Subplan Name": "InitPlan 8 (returns $15)",                           +
           "Parallel Aware": false,                                              +
           "Startup Cost": 71262.32,                                             +
           "Total Cost": 71262.33,                                               +
           "Plan Rows": 1,                                                       +
           "Plan Width": 32,                                                     +
           "Plans": [                                                            +
             {                                                                   +
               "Node Type": "Gather",                                            +
               "Parent Relationship": "Outer",                                   +
               "Parallel Aware": false,                                          +
               "Startup Cost": 71262.10,                                         +
               "Total Cost": 71262.31,                                           +
               "Plan Rows": 2,                                                   +
               "Plan Width": 32,                                                 +
               "Workers Planned": 2,                                             +
               "Single Copy": false,                                             +
               "Plans": [                                                        +
                 {                                                               +
                   "Node Type": "Aggregate",                                     +
                   "Strategy": "Plain",                                          +
                   "Partial Mode": "Partial",                                    +
                   "Parent Relationship": "Outer",                               +
                   "Parallel Aware": false,                                      +
                   "Startup Cost": 70262.10,                                     +
                   "Total Cost": 70262.11,                                       +
                   "Plan Rows": 1,                                               +
                   "Plan Width": 32,                                             +
                   "Plans": [                                                    +
                     {                                                           +
                       "Node Type": "Seq Scan",                                  +
                       "Parent Relationship": "Outer",                           +
                       "Parallel Aware": true,                                   +
                       "Relation Name": "store_sales",                           +
                       "Alias": "store_sales_7",                                 +
                       "Startup Cost": 0.00,                                     +
                       "Total Cost": 69698.81,                                   +
                       "Plan Rows": 225315,                                      +
                       "Plan Width": 7,                                          +
                       "Filter": "((ss_quantity >= 41) AND (ss_quantity <= 60))" +
                     }                                                           +
                   ]                                                             +
                 }                                                               +
               ]                                                                 +
             }                                                                   +
           ]                                                                     +
         },                                                                      +
         {                                                                       +
           "Node Type": "Aggregate",                                             +
           "Strategy": "Plain",                                                  +
           "Partial Mode": "Finalize",                                           +
           "Parent Relationship": "InitPlan",                                    +
           "Subplan Name": "InitPlan 9 (returns $17)",                           +
           "Parallel Aware": false,                                              +
           "Startup Cost": 71262.32,                                             +
           "Total Cost": 71262.33,                                               +
           "Plan Rows": 1,                                                       +
           "Plan Width": 32,                                                     +
           "Plans": [                                                            +
             {                                                                   +
               "Node Type": "Gather",                                            +
               "Parent Relationship": "Outer",                                   +
               "Parallel Aware": false,                                          +
               "Startup Cost": 71262.10,                                         +
               "Total Cost": 71262.31,                                           +
               "Plan Rows": 2,                                                   +
               "Plan Width": 32,                                                 +
               "Workers Planned": 2,                                             +
               "Single Copy": false,                                             +
               "Plans": [                                                        +
                 {                                                               +
                   "Node Type": "Aggregate",                                     +
                   "Strategy": "Plain",                                          +
                   "Partial Mode": "Partial",                                    +
                   "Parent Relationship": "Outer",                               +
                   "Parallel Aware": false,                                      +
                   "Startup Cost": 70262.10,                                     +
                   "Total Cost": 70262.11,                                       +
                   "Plan Rows": 1,                                               +
                   "Plan Width": 32,                                             +
                   "Plans": [                                                    +
                     {                                                           +
                       "Node Type": "Seq Scan",                                  +
                       "Parent Relationship": "Outer",                           +
                       "Parallel Aware": true,                                   +
                       "Relation Name": "store_sales",                           +
                       "Alias": "store_sales_8",                                 +
                       "Startup Cost": 0.00,                                     +
                       "Total Cost": 69698.81,                                   +
                       "Plan Rows": 225315,                                      +
                       "Plan Width": 6,                                          +
                       "Filter": "((ss_quantity >= 41) AND (ss_quantity <= 60))" +
                     }                                                           +
                   ]                                                             +
                 }                                                               +
               ]                                                                 +
             }                                                                   +
           ]                                                                     +
         },                                                                      +
         {                                                                       +
           "Node Type": "Aggregate",                                             +
           "Strategy": "Plain",                                                  +
           "Partial Mode": "Finalize",                                           +
           "Parent Relationship": "InitPlan",                                    +
           "Subplan Name": "InitPlan 10 (returns $19)",                          +
           "Parallel Aware": false,                                              +
           "Startup Cost": 71278.71,                                             +
           "Total Cost": 71278.72,                                               +
           "Plan Rows": 1,                                                       +
           "Plan Width": 8,                                                      +
           "Plans": [                                                            +
             {                                                                   +
               "Node Type": "Gather",                                            +
               "Parent Relationship": "Outer",                                   +
               "Parallel Aware": false,                                          +
               "Startup Cost": 71278.50,                                         +
               "Total Cost": 71278.71,                                           +
               "Plan Rows": 2,                                                   +
               "Plan Width": 8,                                                  +
               "Workers Planned": 2,                                             +
               "Single Copy": false,                                             +
               "Plans": [                                                        +
                 {                                                               +
                   "Node Type": "Aggregate",                                     +
                   "Strategy": "Plain",                                          +
                   "Partial Mode": "Partial",                                    +
                   "Parent Relationship": "Outer",                               +
                   "Parallel Aware": false,                                      +
                   "Startup Cost": 70278.50,                                     +
                   "Total Cost": 70278.51,                                       +
                   "Plan Rows": 1,                                               +
                   "Plan Width": 8,                                              +
                   "Plans": [                                                    +
                     {                                                           +
                       "Node Type": "Seq Scan",                                  +
                       "Parent Relationship": "Outer",                           +
                       "Parallel Aware": true,                                   +
                       "Relation Name": "store_sales",                           +
                       "Alias": "store_sales_9",                                 +
                       "Startup Cost": 0.00,                                     +
                       "Total Cost": 69698.81,                                   +
                       "Plan Rows": 231876,                                      +
                       "Plan Width": 0,                                          +
                       "Filter": "((ss_quantity >= 61) AND (ss_quantity <= 80))" +
                     }                                                           +
                   ]                                                             +
                 }                                                               +
               ]                                                                 +
             }                                                                   +
           ]                                                                     +
         },                                                                      +
         {                                                                       +
           "Node Type": "Aggregate",                                             +
           "Strategy": "Plain",                                                  +
           "Partial Mode": "Finalize",                                           +
           "Parent Relationship": "InitPlan",                                    +
           "Subplan Name": "InitPlan 11 (returns $21)",                          +
           "Parallel Aware": false,                                              +
           "Startup Cost": 71278.72,                                             +
           "Total Cost": 71278.73,                                               +
           "Plan Rows": 1,                                                       +
           "Plan Width": 32,                                                     +
           "Plans": [                                                            +
             {                                                                   +
               "Node Type": "Gather",                                            +
               "Parent Relationship": "Outer",                                   +
               "Parallel Aware": false,                                          +
               "Startup Cost": 71278.50,                                         +
               "Total Cost": 71278.71,                                           +
               "Plan Rows": 2,                                                   +
               "Plan Width": 32,                                                 +
               "Workers Planned": 2,                                             +
               "Single Copy": false,                                             +
               "Plans": [                                                        +
                 {                                                               +
                   "Node Type": "Aggregate",                                     +
                   "Strategy": "Plain",                                          +
                   "Partial Mode": "Partial",                                    +
                   "Parent Relationship": "Outer",                               +
                   "Parallel Aware": false,                                      +
                   "Startup Cost": 70278.50,                                     +
                   "Total Cost": 70278.51,                                       +
                   "Plan Rows": 1,                                               +
                   "Plan Width": 32,                                             +
                   "Plans": [                                                    +
                     {                                                           +
                       "Node Type": "Seq Scan",                                  +
                       "Parent Relationship": "Outer",                           +
                       "Parallel Aware": true,                                   +
                       "Relation Name": "store_sales",                           +
                       "Alias": "store_sales_10",                                +
                       "Startup Cost": 0.00,                                     +
                       "Total Cost": 69698.81,                                   +
                       "Plan Rows": 231876,                                      +
                       "Plan Width": 7,                                          +
                       "Filter": "((ss_quantity >= 61) AND (ss_quantity <= 80))" +
                     }                                                           +
                   ]                                                             +
                 }                                                               +
               ]                                                                 +
             }                                                                   +
           ]                                                                     +
         },                                                                      +
         {                                                                       +
           "Node Type": "Aggregate",                                             +
           "Strategy": "Plain",                                                  +
           "Partial Mode": "Finalize",                                           +
           "Parent Relationship": "InitPlan",                                    +
           "Subplan Name": "InitPlan 12 (returns $23)",                          +
           "Parallel Aware": false,                                              +
           "Startup Cost": 71278.72,                                             +
           "Total Cost": 71278.73,                                               +
           "Plan Rows": 1,                                                       +
           "Plan Width": 32,                                                     +
           "Plans": [                                                            +
             {                                                                   +
               "Node Type": "Gather",                                            +
               "Parent Relationship": "Outer",                                   +
               "Parallel Aware": false,                                          +
               "Startup Cost": 71278.50,                                         +
               "Total Cost": 71278.71,                                           +
               "Plan Rows": 2,                                                   +
               "Plan Width": 32,                                                 +
               "Workers Planned": 2,                                             +
               "Single Copy": false,                                             +
               "Plans": [                                                        +
                 {                                                               +
                   "Node Type": "Aggregate",                                     +
                   "Strategy": "Plain",                                          +
                   "Partial Mode": "Partial",                                    +
                   "Parent Relationship": "Outer",                               +
                   "Parallel Aware": false,                                      +
                   "Startup Cost": 70278.50,                                     +
                   "Total Cost": 70278.51,                                       +
                   "Plan Rows": 1,                                               +
                   "Plan Width": 32,                                             +
                   "Plans": [                                                    +
                     {                                                           +
                       "Node Type": "Seq Scan",                                  +
                       "Parent Relationship": "Outer",                           +
                       "Parallel Aware": true,                                   +
                       "Relation Name": "store_sales",                           +
                       "Alias": "store_sales_11",                                +
                       "Startup Cost": 0.00,                                     +
                       "Total Cost": 69698.81,                                   +
                       "Plan Rows": 231876,                                      +
                       "Plan Width": 6,                                          +
                       "Filter": "((ss_quantity >= 61) AND (ss_quantity <= 80))" +
                     }                                                           +
                   ]                                                             +
                 }                                                               +
               ]                                                                 +
             }                                                                   +
           ]                                                                     +
         },                                                                      +
         {                                                                       +
           "Node Type": "Aggregate",                                             +
           "Strategy": "Plain",                                                  +
           "Partial Mode": "Finalize",                                           +
           "Parent Relationship": "InitPlan",                                    +
           "Subplan Name": "InitPlan 13 (returns $25)",                          +
           "Parallel Aware": false,                                              +
           "Startup Cost": 71268.01,                                             +
           "Total Cost": 71268.02,                                               +
           "Plan Rows": 1,                                                       +
           "Plan Width": 8,                                                      +
           "Plans": [                                                            +
             {                                                                   +
               "Node Type": "Gather",                                            +
               "Parent Relationship": "Outer",                                   +
               "Parallel Aware": false,                                          +
               "Startup Cost": 71267.79,                                         +
               "Total Cost": 71268.00,                                           +
               "Plan Rows": 2,                                                   +
               "Plan Width": 8,                                                  +
               "Workers Planned": 2,                                             +
               "Single Copy": false,                                             +
               "Plans": [                                                        +
                 {                                                               +
                   "Node Type": "Aggregate",                                     +
                   "Strategy": "Plain",                                          +
                   "Partial Mode": "Partial",                                    +
                   "Parent Relationship": "Outer",                               +
                   "Parallel Aware": false,                                      +
                   "Startup Cost": 70267.79,                                     +
                   "Total Cost": 70267.80,                                       +
                   "Plan Rows": 1,                                               +
                   "Plan Width": 8,                                              +
                   "Plans": [                                                    +
                     {                                                           +
                       "Node Type": "Seq Scan",                                  +
                       "Parent Relationship": "Outer",                           +
                       "Parallel Aware": true,                                   +
                       "Relation Name": "store_sales",                           +
                       "Alias": "store_sales_12",                                +
                       "Startup Cost": 0.00,                                     +
                       "Total Cost": 69698.81,                                   +
                       "Plan Rows": 227595,                                      +
                       "Plan Width": 0,                                          +
                       "Filter": "((ss_quantity >= 81) AND (ss_quantity <= 100))"+
                     }                                                           +
                   ]                                                             +
                 }                                                               +
               ]                                                                 +
             }                                                                   +
           ]                                                                     +
         },                                                                      +
         {                                                                       +
           "Node Type": "Aggregate",                                             +
           "Strategy": "Plain",                                                  +
           "Partial Mode": "Finalize",                                           +
           "Parent Relationship": "InitPlan",                                    +
           "Subplan Name": "InitPlan 14 (returns $27)",                          +
           "Parallel Aware": false,                                              +
           "Startup Cost": 71268.02,                                             +
           "Total Cost": 71268.03,                                               +
           "Plan Rows": 1,                                                       +
           "Plan Width": 32,                                                     +
           "Plans": [                                                            +
             {                                                                   +
               "Node Type": "Gather",                                            +
               "Parent Relationship": "Outer",                                   +
               "Parallel Aware": false,                                          +
               "Startup Cost": 71267.80,                                         +
               "Total Cost": 71268.01,                                           +
               "Plan Rows": 2,                                                   +
               "Plan Width": 32,                                                 +
               "Workers Planned": 2,                                             +
               "Single Copy": false,                                             +
               "Plans": [                                                        +
                 {                                                               +
                   "Node Type": "Aggregate",                                     +
                   "Strategy": "Plain",                                          +
                   "Partial Mode": "Partial",                                    +
                   "Parent Relationship": "Outer",                               +
                   "Parallel Aware": false,                                      +
                   "Startup Cost": 70267.80,                                     +
                   "Total Cost": 70267.81,                                       +
                   "Plan Rows": 1,                                               +
                   "Plan Width": 32,                                             +
                   "Plans": [                                                    +
                     {                                                           +
                       "Node Type": "Seq Scan",                                  +
                       "Parent Relationship": "Outer",                           +
                       "Parallel Aware": true,                                   +
                       "Relation Name": "store_sales",                           +
                       "Alias": "store_sales_13",                                +
                       "Startup Cost": 0.00,                                     +
                       "Total Cost": 69698.81,                                   +
                       "Plan Rows": 227595,                                      +
                       "Plan Width": 7,                                          +
                       "Filter": "((ss_quantity >= 81) AND (ss_quantity <= 100))"+
                     }                                                           +
                   ]                                                             +
                 }                                                               +
               ]                                                                 +
             }                                                                   +
           ]                                                                     +
         },                                                                      +
         {                                                                       +
           "Node Type": "Aggregate",                                             +
           "Strategy": "Plain",                                                  +
           "Partial Mode": "Finalize",                                           +
           "Parent Relationship": "InitPlan",                                    +
           "Subplan Name": "InitPlan 15 (returns $29)",                          +
           "Parallel Aware": false,                                              +
           "Startup Cost": 71268.02,                                             +
           "Total Cost": 71268.03,                                               +
           "Plan Rows": 1,                                                       +
           "Plan Width": 32,                                                     +
           "Plans": [                                                            +
             {                                                                   +
               "Node Type": "Gather",                                            +
               "Parent Relationship": "Outer",                                   +
               "Parallel Aware": false,                                          +
               "Startup Cost": 71267.80,                                         +
               "Total Cost": 71268.01,                                           +
               "Plan Rows": 2,                                                   +
               "Plan Width": 32,                                                 +
               "Workers Planned": 2,                                             +
               "Single Copy": false,                                             +
               "Plans": [                                                        +
                 {                                                               +
                   "Node Type": "Aggregate",                                     +
                   "Strategy": "Plain",                                          +
                   "Partial Mode": "Partial",                                    +
                   "Parent Relationship": "Outer",                               +
                   "Parallel Aware": false,                                      +
                   "Startup Cost": 70267.80,                                     +
                   "Total Cost": 70267.81,                                       +
                   "Plan Rows": 1,                                               +
                   "Plan Width": 32,                                             +
                   "Plans": [                                                    +
                     {                                                           +
                       "Node Type": "Seq Scan",                                  +
                       "Parent Relationship": "Outer",                           +
                       "Parallel Aware": true,                                   +
                       "Relation Name": "store_sales",                           +
                       "Alias": "store_sales_14",                                +
                       "Startup Cost": 0.00,                                     +
                       "Total Cost": 69698.81,                                   +
                       "Plan Rows": 227595,                                      +
                       "Plan Width": 6,                                          +
                       "Filter": "((ss_quantity >= 81) AND (ss_quantity <= 100))"+
                     }                                                           +
                   ]                                                             +
                 }                                                               +
               ]                                                                 +
             }                                                                   +
           ]                                                                     +
         }                                                                       +
       ]                                                                         +
     }                                                                           +
   }                                                                             +
 ]
(1 row)

