                                                     QUERY PLAN                                                      
---------------------------------------------------------------------------------------------------------------------
 [                                                                                                                  +
   {                                                                                                                +
     "Plan": {                                                                                                      +
       "Node Type": "Limit",                                                                                        +
       "Parallel Aware": false,                                                                                     +
       "Startup Cost": 12593.19,                                                                                    +
       "Total Cost": 12595.53,                                                                                      +
       "Plan Rows": 20,                                                                                             +
       "Plan Width": 49,                                                                                            +
       "Plans": [                                                                                                   +
         {                                                                                                          +
           "Node Type": "Gather Merge",                                                                             +
           "Parent Relationship": "Outer",                                                                          +
           "Parallel Aware": false,                                                                                 +
           "Startup Cost": 12593.19,                                                                                +
           "Total Cost": 12595.53,                                                                                  +
           "Plan Rows": 20,                                                                                         +
           "Plan Width": 49,                                                                                        +
           "Workers Planned": 2,                                                                                    +
           "Plans": [                                                                                               +
             {                                                                                                      +
               "Node Type": "Sort",                                                                                 +
               "Parent Relationship": "Outer",                                                                      +
               "Parallel Aware": false,                                                                             +
               "Startup Cost": 11593.17,                                                                            +
               "Total Cost": 11593.19,                                                                              +
               "Plan Rows": 10,                                                                                     +
               "Plan Width": 49,                                                                                    +
               "Sort Key": ["customer.c_customer_id"],                                                              +
               "Plans": [                                                                                           +
                 {                                                                                                  +
                   "Node Type": "Nested Loop",                                                                      +
                   "Parent Relationship": "Outer",                                                                  +
                   "Parallel Aware": false,                                                                         +
                   "Join Type": "Inner",                                                                            +
                   "Startup Cost": 4976.57,                                                                         +
                   "Total Cost": 11593.00,                                                                          +
                   "Plan Rows": 10,                                                                                 +
                   "Plan Width": 49,                                                                                +
                   "Inner Unique": true,                                                                            +
                   "Join Filter": "(customer.c_current_cdemo_sk = customer_demographics.cd_demo_sk)",               +
                   "Plans": [                                                                                       +
                     {                                                                                              +
                       "Node Type": "Hash Join",                                                                    +
                       "Parent Relationship": "Outer",                                                              +
                       "Parallel Aware": false,                                                                     +
                       "Join Type": "Inner",                                                                        +
                       "Startup Cost": 4976.14,                                                                     +
                       "Total Cost": 11531.99,                                                                      +
                       "Plan Rows": 73,                                                                             +
                       "Plan Width": 77,                                                                            +
                       "Inner Unique": true,                                                                        +
                       "Hash Cond": "(household_demographics.hd_income_band_sk = income_band.ib_income_band_sk)",   +
                       "Plans": [                                                                                   +
                         {                                                                                          +
                           "Node Type": "Nested Loop",                                                              +
                           "Parent Relationship": "Outer",                                                          +
                           "Parallel Aware": false,                                                                 +
                           "Join Type": "Inner",                                                                    +
                           "Startup Cost": 4974.79,                                                                 +
                           "Total Cost": 11529.48,                                                                  +
                           "Plan Rows": 365,                                                                        +
                           "Plan Width": 81,                                                                        +
                           "Inner Unique": true,                                                                    +
                           "Plans": [                                                                               +
                             {                                                                                      +
                               "Node Type": "Hash Join",                                                            +
                               "Parent Relationship": "Outer",                                                      +
                               "Parallel Aware": true,                                                              +
                               "Join Type": "Inner",                                                                +
                               "Startup Cost": 4974.51,                                                             +
                               "Total Cost": 11414.94,                                                              +
                               "Plan Rows": 378,                                                                    +
                               "Plan Width": 81,                                                                    +
                               "Inner Unique": false,                                                               +
                               "Hash Cond": "(store_returns.sr_cdemo_sk = customer.c_current_cdemo_sk)",            +
                               "Plans": [                                                                           +
                                 {                                                                                  +
                                   "Node Type": "Seq Scan",                                                         +
                                   "Parent Relationship": "Outer",                                                  +
                                   "Parallel Aware": true,                                                          +
                                   "Relation Name": "store_returns",                                                +
                                   "Alias": "store_returns",                                                        +
                                   "Startup Cost": 0.00,                                                            +
                                   "Total Cost": 5988.98,                                                           +
                                   "Plan Rows": 119798,                                                             +
                                   "Plan Width": 4                                                                  +
                                 },                                                                                 +
                                 {                                                                                  +
                                   "Node Type": "Hash",                                                             +
                                   "Parent Relationship": "Inner",                                                  +
                                   "Parallel Aware": true,                                                          +
                                   "Startup Cost": 4968.37,                                                         +
                                   "Total Cost": 4968.37,                                                           +
                                   "Plan Rows": 491,                                                                +
                                   "Plan Width": 77,                                                                +
                                   "Plans": [                                                                       +
                                     {                                                                              +
                                       "Node Type": "Hash Join",                                                    +
                                       "Parent Relationship": "Outer",                                              +
                                       "Parallel Aware": true,                                                      +
                                       "Join Type": "Inner",                                                        +
                                       "Startup Cost": 1457.71,                                                     +
                                       "Total Cost": 4968.37,                                                       +
                                       "Plan Rows": 491,                                                            +
                                       "Plan Width": 77,                                                            +
                                       "Inner Unique": true,                                                        +
                                       "Hash Cond": "(customer.c_current_addr_sk = customer_address.ca_address_sk)",+
                                       "Plans": [                                                                   +
                                         {                                                                          +
                                           "Node Type": "Seq Scan",                                                 +
                                           "Parent Relationship": "Outer",                                          +
                                           "Parallel Aware": true,                                                  +
                                           "Relation Name": "customer",                                             +
                                           "Alias": "customer",                                                     +
                                           "Startup Cost": 0.00,                                                    +
                                           "Total Cost": 3356.24,                                                   +
                                           "Plan Rows": 58824,                                                      +
                                           "Plan Width": 81                                                         +
                                         },                                                                         +
                                         {                                                                          +
                                           "Node Type": "Hash",                                                     +
                                           "Parent Relationship": "Inner",                                          +
                                           "Parallel Aware": true,                                                  +
                                           "Startup Cost": 1454.65,                                                 +
                                           "Total Cost": 1454.65,                                                   +
                                           "Plan Rows": 245,                                                        +
                                           "Plan Width": 4,                                                         +
                                           "Plans": [                                                               +
                                             {                                                                      +
                                               "Node Type": "Seq Scan",                                             +
                                               "Parent Relationship": "Outer",                                      +
                                               "Parallel Aware": true,                                              +
                                               "Relation Name": "customer_address",                                 +
                                               "Alias": "customer_address",                                         +
                                               "Startup Cost": 0.00,                                                +
                                               "Total Cost": 1454.65,                                               +
                                               "Plan Rows": 245,                                                    +
                                               "Plan Width": 4,                                                     +
                                               "Filter": "((ca_city)::text = 'Crossroads'::text)"                   +
                                             }                                                                      +
                                           ]                                                                        +
                                         }                                                                          +
                                       ]                                                                            +
                                     }                                                                              +
                                   ]                                                                                +
                                 }                                                                                  +
                               ]                                                                                    +
                             },                                                                                     +
                             {                                                                                      +
                               "Node Type": "Index Scan",                                                           +
                               "Parent Relationship": "Inner",                                                      +
                               "Parallel Aware": false,                                                             +
                               "Scan Direction": "Forward",                                                         +
                               "Index Name": "household_demographics_pkey",                                         +
                               "Relation Name": "household_demographics",                                           +
                               "Alias": "household_demographics",                                                   +
                               "Startup Cost": 0.28,                                                                +
                               "Total Cost": 0.30,                                                                  +
                               "Plan Rows": 1,                                                                      +
                               "Plan Width": 8,                                                                     +
                               "Index Cond": "(hd_demo_sk = customer.c_current_hdemo_sk)"                           +
                             }                                                                                      +
                           ]                                                                                        +
                         },                                                                                         +
                         {                                                                                          +
                           "Node Type": "Hash",                                                                     +
                           "Parent Relationship": "Inner",                                                          +
                           "Parallel Aware": false,                                                                 +
                           "Startup Cost": 1.30,                                                                    +
                           "Total Cost": 1.30,                                                                      +
                           "Plan Rows": 4,                                                                          +
                           "Plan Width": 4,                                                                         +
                           "Plans": [                                                                               +
                             {                                                                                      +
                               "Node Type": "Seq Scan",                                                             +
                               "Parent Relationship": "Outer",                                                      +
                               "Parallel Aware": false,                                                             +
                               "Relation Name": "income_band",                                                      +
                               "Alias": "income_band",                                                              +
                               "Startup Cost": 0.00,                                                                +
                               "Total Cost": 1.30,                                                                  +
                               "Plan Rows": 4,                                                                      +
                               "Plan Width": 4,                                                                     +
                               "Filter": "((ib_lower_bound >= 875) AND (ib_upper_bound <= 50875))"                  +
                             }                                                                                      +
                           ]                                                                                        +
                         }                                                                                          +
                       ]                                                                                            +
                     },                                                                                             +
                     {                                                                                              +
                       "Node Type": "Index Only Scan",                                                              +
                       "Parent Relationship": "Inner",                                                              +
                       "Parallel Aware": false,                                                                     +
                       "Scan Direction": "Forward",                                                                 +
                       "Index Name": "customer_demographics_pkey",                                                  +
                       "Relation Name": "customer_demographics",                                                    +
                       "Alias": "customer_demographics",                                                            +
                       "Startup Cost": 0.43,                                                                        +
                       "Total Cost": 0.82,                                                                          +
                       "Plan Rows": 1,                                                                              +
                       "Plan Width": 4,                                                                             +
                       "Index Cond": "(cd_demo_sk = store_returns.sr_cdemo_sk)"                                     +
                     }                                                                                              +
                   ]                                                                                                +
                 }                                                                                                  +
               ]                                                                                                    +
             }                                                                                                      +
           ]                                                                                                        +
         }                                                                                                          +
       ]                                                                                                            +
     }                                                                                                              +
   }                                                                                                                +
 ]
(1 row)

