[
  {
    "Plan": {
      "Node Type": "Limit",
      "Parallel Aware": false,
      "Startup Cost": 77789.02,
      "Total Cost": 77789.27,
      "Plan Rows": 100,
      "Plan Width": 138,
      "Plans": [
        {
          "Node Type": "Sort",
          "Parent Relationship": "Outer",
          "Parallel Aware": false,
          "Startup Cost": 77789.02,
          "Total Cost": 77795.39,
          "Plan Rows": 2548,
          "Plan Width": 138,
          "Sort Key": ["customer.c_last_name", "customer.c_first_name", "current_addr.ca_city", "dn.bought_city", "dn.ss_ticket_number"],
          "Plans": [
            {
              "Node Type": "Nested Loop",
              "Parent Relationship": "Outer",
              "Parallel Aware": false,
              "Join Type": "Inner",
              "Startup Cost": 71085.02,
              "Total Cost": 77691.64,
              "Plan Rows": 2548,
              "Plan Width": 138,
              "Inner Unique": true,
              "Join Filter": "((current_addr.ca_city)::text <> (dn.bought_city)::text)",
              "Plans": [
                {
                  "Node Type": "Merge Join",
                  "Parent Relationship": "Outer",
                  "Parallel Aware": false,
                  "Join Type": "Inner",
                  "Startup Cost": 71084.73,
                  "Total Cost": 76749.85,
                  "Plan Rows": 2552,
                  "Plan Width": 133,
                  "Inner Unique": false,
                  "Merge Cond": "(customer.c_customer_sk = dn.ss_customer_sk)",
                  "Plans": [
                    {
                      "Node Type": "Index Scan",
                      "Parent Relationship": "Outer",
                      "Parallel Aware": false,
                      "Scan Direction": "Forward",
                      "Index Name": "customer_pkey",
                      "Relation Name": "customer",
                      "Alias": "customer",
                      "Startup Cost": 0.29,
                      "Total Cost": 5377.13,
                      "Plan Rows": 100000,
                      "Plan Width": 60
                    },
                    {
                      "Node Type": "Sort",
                      "Parent Relationship": "Inner",
                      "Parallel Aware": false,
                      "Startup Cost": 71084.43,
                      "Total Cost": 71090.81,
                      "Plan Rows": 2552,
                      "Plan Width": 81,
                      "Sort Key": ["dn.ss_customer_sk"],
                      "Plans": [
                        {
                          "Node Type": "Subquery Scan",
                          "Parent Relationship": "Outer",
                          "Parallel Aware": false,
                          "Alias": "dn",
                          "Startup Cost": 70553.76,
                          "Total Cost": 70940.02,
                          "Plan Rows": 2552,
                          "Plan Width": 81,
                          "Plans": [
                            {
                              "Node Type": "Aggregate",
                              "Strategy": "Sorted",
                              "Partial Mode": "Finalize",
                              "Parent Relationship": "Subquery",
                              "Parallel Aware": false,
                              "Startup Cost": 70553.76,
                              "Total Cost": 70914.50,
                              "Plan Rows": 2552,
                              "Plan Width": 85,
                              "Group Key": ["store_sales.ss_ticket_number", "store_sales.ss_customer_sk", "store_sales.ss_addr_sk", "customer_address.ca_city"],
                              "Plans": [
                                {
                                  "Node Type": "Gather Merge",
                                  "Parent Relationship": "Outer",
                                  "Parallel Aware": false,
                                  "Startup Cost": 70553.76,
                                  "Total Cost": 70833.70,
                                  "Plan Rows": 2126,
                                  "Plan Width": 85,
                                  "Workers Planned": 2,
                                  "Plans": [
                                    {
                                      "Node Type": "Aggregate",
                                      "Strategy": "Sorted",
                                      "Partial Mode": "Partial",
                                      "Parent Relationship": "Outer",
                                      "Parallel Aware": false,
                                      "Startup Cost": 69553.74,
                                      "Total Cost": 69588.29,
                                      "Plan Rows": 1063,
                                      "Plan Width": 85,
                                      "Group Key": ["store_sales.ss_ticket_number", "store_sales.ss_customer_sk", "store_sales.ss_addr_sk", "customer_address.ca_city"],
                                      "Plans": [
                                        {
                                          "Node Type": "Sort",
                                          "Parent Relationship": "Outer",
                                          "Parallel Aware": false,
                                          "Startup Cost": 69553.74,
                                          "Total Cost": 69556.40,
                                          "Plan Rows": 1063,
                                          "Plan Width": 30,
                                          "Sort Key": ["store_sales.ss_ticket_number", "store_sales.ss_customer_sk", "store_sales.ss_addr_sk", "customer_address.ca_city"],
                                          "Plans": [
                                            {
                                              "Node Type": "Nested Loop",
                                              "Parent Relationship": "Outer",
                                              "Parallel Aware": false,
                                              "Join Type": "Inner",
                                              "Startup Cost": 2290.68,
                                              "Total Cost": 69500.30,
                                              "Plan Rows": 1063,
                                              "Plan Width": 30,
                                              "Inner Unique": true,
                                              "Plans": [
                                                {
                                                  "Node Type": "Hash Join",
                                                  "Parent Relationship": "Outer",
                                                  "Parallel Aware": false,
                                                  "Join Type": "Inner",
                                                  "Startup Cost": 2290.39,
                                                  "Total Cost": 69155.85,
                                                  "Plan Rows": 1114,
                                                  "Plan Width": 21,
                                                  "Inner Unique": true,
                                                  "Hash Cond": "(store_sales.ss_store_sk = store.s_store_sk)",
                                                  "Plans": [
                                                    {
                                                      "Node Type": "Hash Join",
                                                      "Parent Relationship": "Outer",
                                                      "Parallel Aware": false,
                                                      "Join Type": "Inner",
                                                      "Startup Cost": 2289.05,
                                                      "Total Cost": 69150.41,
                                                      "Plan Rows": 1166,
                                                      "Plan Width": 25,
                                                      "Inner Unique": true,
                                                      "Hash Cond": "(store_sales.ss_hdemo_sk = household_demographics.hd_demo_sk)",
                                                      "Plans": [
                                                        {
                                                          "Node Type": "Hash Join",
                                                          "Parent Relationship": "Outer",
                                                          "Parallel Aware": true,
                                                          "Join Type": "Inner",
                                                          "Startup Cost": 2105.55,
                                                          "Total Cost": 68954.09,
                                                          "Plan Rows": 4880,
                                                          "Plan Width": 29,
                                                          "Inner Unique": true,
                                                          "Hash Cond": "(store_sales.ss_sold_date_sk = date_dim.d_date_sk)",
                                                          "Plans": [
                                                            {
                                                              "Node Type": "Seq Scan",
                                                              "Parent Relationship": "Outer",
                                                              "Parallel Aware": true,
                                                              "Relation Name": "store_sales",
                                                              "Alias": "store_sales",
                                                              "Startup Cost": 0.00,
                                                              "Total Cost": 63697.87,
                                                              "Plan Rows": 1200187,
                                                              "Plan Width": 33
                                                            },
                                                            {
                                                              "Node Type": "Hash",
                                                              "Parent Relationship": "Inner",
                                                              "Parallel Aware": true,
                                                              "Startup Cost": 2103.26,
                                                              "Total Cost": 2103.26,
                                                              "Plan Rows": 183,
                                                              "Plan Width": 4,
                                                              "Plans": [
                                                                {
                                                                  "Node Type": "Seq Scan",
                                                                  "Parent Relationship": "Outer",
                                                                  "Parallel Aware": true,
                                                                  "Relation Name": "date_dim",
                                                                  "Alias": "date_dim",
                                                                  "Startup Cost": 0.00,
                                                                  "Total Cost": 2103.26,
                                                                  "Plan Rows": 183,
                                                                  "Plan Width": 4,
                                                                  "Filter": "((d_dow = ANY ('{6,0}'::integer[])) AND (d_year = ANY ('{1999,2000,2001}'::integer[])))"
                                                                }
                                                              ]
                                                            }
                                                          ]
                                                        },
                                                        {
                                                          "Node Type": "Hash",
                                                          "Parent Relationship": "Inner",
                                                          "Parallel Aware": false,
                                                          "Startup Cost": 161.00,
                                                          "Total Cost": 161.00,
                                                          "Plan Rows": 1800,
                                                          "Plan Width": 4,
                                                          "Plans": [
                                                            {
                                                              "Node Type": "Seq Scan",
                                                              "Parent Relationship": "Outer",
                                                              "Parallel Aware": false,
                                                              "Relation Name": "household_demographics",
                                                              "Alias": "household_demographics",
                                                              "Startup Cost": 0.00,
                                                              "Total Cost": 161.00,
                                                              "Plan Rows": 1800,
                                                              "Plan Width": 4,
                                                              "Filter": "((hd_dep_count = 3) OR (hd_vehicle_count = 4))"
                                                            }
                                                          ]
                                                        }
                                                      ]
                                                    },
                                                    {
                                                      "Node Type": "Hash",
                                                      "Parent Relationship": "Inner",
                                                      "Parallel Aware": false,
                                                      "Startup Cost": 1.20,
                                                      "Total Cost": 1.20,
                                                      "Plan Rows": 12,
                                                      "Plan Width": 4,
                                                      "Plans": [
                                                        {
                                                          "Node Type": "Seq Scan",
                                                          "Parent Relationship": "Outer",
                                                          "Parallel Aware": false,
                                                          "Relation Name": "store",
                                                          "Alias": "store",
                                                          "Startup Cost": 0.00,
                                                          "Total Cost": 1.20,
                                                          "Plan Rows": 12,
                                                          "Plan Width": 4,
                                                          "Filter": "((s_city)::text = ANY ('{Fairview,Midway,Midway,Fairview,Fairview}'::text[]))"
                                                        }
                                                      ]
                                                    }
                                                  ]
                                                },
                                                {
                                                  "Node Type": "Index Scan",
                                                  "Parent Relationship": "Inner",
                                                  "Parallel Aware": false,
                                                  "Scan Direction": "Forward",
                                                  "Index Name": "customer_address_pkey",
                                                  "Relation Name": "customer_address",
                                                  "Alias": "customer_address",
                                                  "Startup Cost": 0.29,
                                                  "Total Cost": 0.31,
                                                  "Plan Rows": 1,
                                                  "Plan Width": 13,
                                                  "Index Cond": "(ca_address_sk = store_sales.ss_addr_sk)"
                                                }
                                              ]
                                            }
                                          ]
                                        }
                                      ]
                                    }
                                  ]
                                }
                              ]
                            }
                          ]
                        }
                      ]
                    }
                  ]
                },
                {
                  "Node Type": "Index Scan",
                  "Parent Relationship": "Inner",
                  "Parallel Aware": false,
                  "Scan Direction": "Forward",
                  "Index Name": "customer_address_pkey",
                  "Relation Name": "customer_address",
                  "Alias": "current_addr",
                  "Startup Cost": 0.29,
                  "Total Cost": 0.36,
                  "Plan Rows": 1,
                  "Plan Width": 13,
                  "Index Cond": "(ca_address_sk = customer.c_current_addr_sk)"
                }
              ]
            }
          ]
        }
      ]
    }
  }
]
