                                                                                                             QUERY PLAN                                                                                                             
------------------------------------------------------------------------------------------------------------------------------------------------------------------------------------------------------------------------------------
 [                                                                                                                                                                                                                                 +
   {                                                                                                                                                                                                                               +
     "Plan": {                                                                                                                                                                                                                     +
       "Node Type": "Limit",                                                                                                                                                                                                       +
       "Parallel Aware": false,                                                                                                                                                                                                    +
       "Startup Cost": 57458.24,                                                                                                                                                                                                   +
       "Total Cost": 57458.25,                                                                                                                                                                                                     +
       "Plan Rows": 1,                                                                                                                                                                                                             +
       "Plan Width": 286,                                                                                                                                                                                                          +
       "Plans": [                                                                                                                                                                                                                  +
         {                                                                                                                                                                                                                         +
           "Node Type": "WindowAgg",                                                                                                                                                                                               +
           "Parent Relationship": "InitPlan",                                                                                                                                                                                      +
           "Subplan Name": "CTE v1",                                                                                                                                                                                               +
           "Parallel Aware": false,                                                                                                                                                                                                +
           "Startup Cost": 49651.68,                                                                                                                                                                                               +
           "Total Cost": 51173.56,                                                                                                                                                                                                 +
           "Plan Rows": 8304,                                                                                                                                                                                                      +
           "Plan Width": 194,                                                                                                                                                                                                      +
           "Plans": [                                                                                                                                                                                                              +
             {                                                                                                                                                                                                                     +
               "Node Type": "WindowAgg",                                                                                                                                                                                           +
               "Parent Relationship": "Outer",                                                                                                                                                                                     +
               "Parallel Aware": false,                                                                                                                                                                                            +
               "Startup Cost": 49651.68,                                                                                                                                                                                           +
               "Total Cost": 50965.96,                                                                                                                                                                                             +
               "Plan Rows": 8304,                                                                                                                                                                                                  +
               "Plan Width": 186,                                                                                                                                                                                                  +
               "Plans": [                                                                                                                                                                                                          +
                 {                                                                                                                                                                                                                 +
                   "Node Type": "Aggregate",                                                                                                                                                                                       +
                   "Strategy": "Sorted",                                                                                                                                                                                           +
                   "Partial Mode": "Finalize",                                                                                                                                                                                     +
                   "Parent Relationship": "Outer",                                                                                                                                                                                 +
                   "Parallel Aware": false,                                                                                                                                                                                        +
                   "Startup Cost": 49651.68,                                                                                                                                                                                       +
                   "Total Cost": 50779.12,                                                                                                                                                                                         +
                   "Plan Rows": 8304,                                                                                                                                                                                              +
                   "Plan Width": 154,                                                                                                                                                                                              +
                   "Group Key": ["item.i_category", "item.i_brand", "call_center.cc_name", "date_dim.d_year", "date_dim.d_moy"],                                                                                                   +
                   "Plans": [                                                                                                                                                                                                      +
                     {                                                                                                                                                                                                             +
                       "Node Type": "Gather Merge",                                                                                                                                                                                +
                       "Parent Relationship": "Outer",                                                                                                                                                                             +
                       "Parallel Aware": false,                                                                                                                                                                                    +
                       "Startup Cost": 49651.68,                                                                                                                                                                                   +
                       "Total Cost": 50554.22,                                                                                                                                                                                     +
                       "Plan Rows": 6920,                                                                                                                                                                                          +
                       "Plan Width": 154,                                                                                                                                                                                          +
                       "Workers Planned": 2,                                                                                                                                                                                       +
                       "Plans": [                                                                                                                                                                                                  +
                         {                                                                                                                                                                                                         +
                           "Node Type": "Aggregate",                                                                                                                                                                               +
                           "Strategy": "Sorted",                                                                                                                                                                                   +
                           "Partial Mode": "Partial",                                                                                                                                                                              +
                           "Parent Relationship": "Outer",                                                                                                                                                                         +
                           "Parallel Aware": false,                                                                                                                                                                                +
                           "Startup Cost": 48651.65,                                                                                                                                                                               +
                           "Total Cost": 48755.45,                                                                                                                                                                                 +
                           "Plan Rows": 3460,                                                                                                                                                                                      +
                           "Plan Width": 154,                                                                                                                                                                                      +
                           "Group Key": ["item.i_category", "item.i_brand", "call_center.cc_name", "date_dim.d_year", "date_dim.d_moy"],                                                                                           +
                           "Plans": [                                                                                                                                                                                              +
                             {                                                                                                                                                                                                     +
                               "Node Type": "Sort",                                                                                                                                                                                +
                               "Parent Relationship": "Outer",                                                                                                                                                                     +
                               "Parallel Aware": false,                                                                                                                                                                            +
                               "Startup Cost": 48651.65,                                                                                                                                                                           +
                               "Total Cost": 48660.30,                                                                                                                                                                             +
                               "Plan Rows": 3460,                                                                                                                                                                                  +
                               "Plan Width": 128,                                                                                                                                                                                  +
                               "Sort Key": ["item.i_category", "item.i_brand", "call_center.cc_name", "date_dim.d_year", "date_dim.d_moy"],                                                                                        +
                               "Plans": [                                                                                                                                                                                          +
                                 {                                                                                                                                                                                                 +
                                   "Node Type": "Nested Loop",                                                                                                                                                                     +
                                   "Parent Relationship": "Outer",                                                                                                                                                                 +
                                   "Parallel Aware": false,                                                                                                                                                                        +
                                   "Join Type": "Inner",                                                                                                                                                                           +
                                   "Startup Cost": 2376.37,                                                                                                                                                                        +
                                   "Total Cost": 48448.26,                                                                                                                                                                         +
                                   "Plan Rows": 3460,                                                                                                                                                                              +
                                   "Plan Width": 128,                                                                                                                                                                              +
                                   "Inner Unique": true,                                                                                                                                                                           +
                                   "Plans": [                                                                                                                                                                                      +
                                     {                                                                                                                                                                                             +
                                       "Node Type": "Hash Join",                                                                                                                                                                   +
                                       "Parent Relationship": "Outer",                                                                                                                                                             +
                                       "Parallel Aware": false,                                                                                                                                                                    +
                                       "Join Type": "Inner",                                                                                                                                                                       +
                                       "Startup Cost": 2376.08,                                                                                                                                                                    +
                                       "Total Cost": 47380.66,                                                                                                                                                                     +
                                       "Plan Rows": 3460,                                                                                                                                                                          +
                                       "Plan Width": 30,                                                                                                                                                                           +
                                       "Inner Unique": true,                                                                                                                                                                       +
                                       "Hash Cond": "(catalog_sales.cs_call_center_sk = call_center.cc_call_center_sk)",                                                                                                           +
                                       "Plans": [                                                                                                                                                                                  +
                                         {                                                                                                                                                                                         +
                                           "Node Type": "Hash Join",                                                                                                                                                               +
                                           "Parent Relationship": "Outer",                                                                                                                                                         +
                                           "Parallel Aware": true,                                                                                                                                                                 +
                                           "Join Type": "Inner",                                                                                                                                                                   +
                                           "Startup Cost": 2374.95,                                                                                                                                                                +
                                           "Total Cost": 47363.97,                                                                                                                                                                 +
                                           "Plan Rows": 3478,                                                                                                                                                                      +
                                           "Plan Width": 22,                                                                                                                                                                       +
                                           "Inner Unique": true,                                                                                                                                                                   +
                                           "Hash Cond": "(catalog_sales.cs_sold_date_sk = date_dim.d_date_sk)",                                                                                                                    +
                                           "Plans": [                                                                                                                                                                              +
                                             {                                                                                                                                                                                     +
                                               "Node Type": "Seq Scan",                                                                                                                                                            +
                                               "Parent Relationship": "Outer",                                                                                                                                                     +
                                               "Parallel Aware": true,                                                                                                                                                             +
                                               "Relation Name": "catalog_sales",                                                                                                                                                   +
                                               "Alias": "catalog_sales",                                                                                                                                                           +
                                               "Startup Cost": 0.00,                                                                                                                                                               +
                                               "Total Cost": 43412.07,                                                                                                                                                             +
                                               "Plan Rows": 600708,                                                                                                                                                                +
                                               "Plan Width": 18                                                                                                                                                                    +
                                             },                                                                                                                                                                                    +
                                             {                                                                                                                                                                                     +
                                               "Node Type": "Hash",                                                                                                                                                                +
                                               "Parent Relationship": "Inner",                                                                                                                                                     +
                                               "Parallel Aware": true,                                                                                                                                                             +
                                               "Startup Cost": 2371.82,                                                                                                                                                            +
                                               "Total Cost": 2371.82,                                                                                                                                                              +
                                               "Plan Rows": 250,                                                                                                                                                                   +
                                               "Plan Width": 12,                                                                                                                                                                   +
                                               "Plans": [                                                                                                                                                                          +
                                                 {                                                                                                                                                                                 +
                                                   "Node Type": "Seq Scan",                                                                                                                                                        +
                                                   "Parent Relationship": "Outer",                                                                                                                                                 +
                                                   "Parallel Aware": true,                                                                                                                                                         +
                                                   "Relation Name": "date_dim",                                                                                                                                                    +
                                                   "Alias": "date_dim",                                                                                                                                                            +
                                                   "Startup Cost": 0.00,                                                                                                                                                           +
                                                   "Total Cost": 2371.82,                                                                                                                                                          +
                                                   "Plan Rows": 250,                                                                                                                                                               +
                                                   "Plan Width": 12,                                                                                                                                                               +
                                                   "Filter": "((d_year = 2001) OR ((d_year = 2000) AND (d_moy = 12)) OR ((d_year = 2002) AND (d_moy = 1)))"                                                                        +
                                                 }                                                                                                                                                                                 +
                                               ]                                                                                                                                                                                   +
                                             }                                                                                                                                                                                     +
                                           ]                                                                                                                                                                                       +
                                         },                                                                                                                                                                                        +
                                         {                                                                                                                                                                                         +
                                           "Node Type": "Hash",                                                                                                                                                                    +
                                           "Parent Relationship": "Inner",                                                                                                                                                         +
                                           "Parallel Aware": false,                                                                                                                                                                +
                                           "Startup Cost": 1.06,                                                                                                                                                                   +
                                           "Total Cost": 1.06,                                                                                                                                                                     +
                                           "Plan Rows": 6,                                                                                                                                                                         +
                                           "Plan Width": 16,                                                                                                                                                                       +
                                           "Plans": [                                                                                                                                                                              +
                                             {                                                                                                                                                                                     +
                                               "Node Type": "Seq Scan",                                                                                                                                                            +
                                               "Parent Relationship": "Outer",                                                                                                                                                     +
                                               "Parallel Aware": false,                                                                                                                                                            +
                                               "Relation Name": "call_center",                                                                                                                                                     +
                                               "Alias": "call_center",                                                                                                                                                             +
                                               "Startup Cost": 0.00,                                                                                                                                                               +
                                               "Total Cost": 1.06,                                                                                                                                                                 +
                                               "Plan Rows": 6,                                                                                                                                                                     +
                                               "Plan Width": 16                                                                                                                                                                    +
                                             }                                                                                                                                                                                     +
                                           ]                                                                                                                                                                                       +
                                         }                                                                                                                                                                                         +
                                       ]                                                                                                                                                                                           +
                                     },                                                                                                                                                                                            +
                                     {                                                                                                                                                                                             +
                                       "Node Type": "Index Scan",                                                                                                                                                                  +
                                       "Parent Relationship": "Inner",                                                                                                                                                             +
                                       "Parallel Aware": false,                                                                                                                                                                    +
                                       "Scan Direction": "Forward",                                                                                                                                                                +
                                       "Index Name": "item_pkey",                                                                                                                                                                  +
                                       "Relation Name": "item",                                                                                                                                                                    +
                                       "Alias": "item",                                                                                                                                                                            +
                                       "Startup Cost": 0.29,                                                                                                                                                                       +
                                       "Total Cost": 0.31,                                                                                                                                                                         +
                                       "Plan Rows": 1,                                                                                                                                                                             +
                                       "Plan Width": 106,                                                                                                                                                                          +
                                       "Index Cond": "(i_item_sk = catalog_sales.cs_item_sk)"                                                                                                                                      +
                                     }                                                                                                                                                                                             +
                                   ]                                                                                                                                                                                               +
                                 }                                                                                                                                                                                                 +
                               ]                                                                                                                                                                                                   +
                             }                                                                                                                                                                                                     +
                           ]                                                                                                                                                                                                       +
                         }                                                                                                                                                                                                         +
                       ]                                                                                                                                                                                                           +
                     }                                                                                                                                                                                                             +
                   ]                                                                                                                                                                                                               +
                 }                                                                                                                                                                                                                 +
               ]                                                                                                                                                                                                                   +
             }                                                                                                                                                                                                                     +
           ]                                                                                                                                                                                                                       +
         },                                                                                                                                                                                                                        +
         {                                                                                                                                                                                                                         +
           "Node Type": "Nested Loop",                                                                                                                                                                                             +
           "Parent Relationship": "InitPlan",                                                                                                                                                                                      +
           "Subplan Name": "CTE v2",                                                                                                                                                                                               +
           "Parallel Aware": false,                                                                                                                                                                                                +
           "Join Type": "Inner",                                                                                                                                                                                                   +
           "Startup Cost": 5620.31,                                                                                                                                                                                                +
           "Total Cost": 6284.64,                                                                                                                                                                                                  +
           "Plan Rows": 1,                                                                                                                                                                                                         +
           "Plan Width": 254,                                                                                                                                                                                                      +
           "Inner Unique": false,                                                                                                                                                                                                  +
           "Join Filter": "((v1_lag.i_category = v1.i_category) AND (v1_lag.i_brand = v1.i_brand) AND ((v1_lag.cc_name)::text = (v1.cc_name)::text) AND ((v1_lag.rn + 1) = v1.rn))",                                               +
           "Plans": [                                                                                                                                                                                                              +
             {                                                                                                                                                                                                                     +
               "Node Type": "Merge Join",                                                                                                                                                                                          +
               "Parent Relationship": "Outer",                                                                                                                                                                                     +
               "Parallel Aware": false,                                                                                                                                                                                            +
               "Join Type": "Inner",                                                                                                                                                                                               +
               "Startup Cost": 5620.31,                                                                                                                                                                                            +
               "Total Cost": 5931.72,                                                                                                                                                                                              +
               "Plan Rows": 1,                                                                                                                                                                                                     +
               "Plan Width": 1132,                                                                                                                                                                                                 +
               "Inner Unique": false,                                                                                                                                                                                              +
               "Merge Cond": "((v1_lag.i_category = v1_lead.i_category) AND (v1_lag.i_brand = v1_lead.i_brand) AND ((v1_lag.cc_name)::text = (v1_lead.cc_name)::text) AND (((v1_lag.rn + 1)) = ((v1_lead.rn - 1))))",              +
               "Plans": [                                                                                                                                                                                                          +
                 {                                                                                                                                                                                                                 +
                   "Node Type": "Sort",                                                                                                                                                                                            +
                   "Parent Relationship": "Outer",                                                                                                                                                                                 +
                   "Parallel Aware": false,                                                                                                                                                                                        +
                   "Startup Cost": 2810.15,                                                                                                                                                                                        +
                   "Total Cost": 2830.91,                                                                                                                                                                                          +
                   "Plan Rows": 8304,                                                                                                                                                                                              +
                   "Plan Width": 566,                                                                                                                                                                                              +
                   "Sort Key": ["v1_lag.i_category", "v1_lag.i_brand", "v1_lag.cc_name", "((v1_lag.rn + 1))"],                                                                                                                     +
                   "Plans": [                                                                                                                                                                                                      +
                     {                                                                                                                                                                                                             +
                       "Node Type": "CTE Scan",                                                                                                                                                                                    +
                       "Parent Relationship": "Outer",                                                                                                                                                                             +
                       "Parallel Aware": false,                                                                                                                                                                                    +
                       "CTE Name": "v1",                                                                                                                                                                                           +
                       "Alias": "v1_lag",                                                                                                                                                                                          +
                       "Startup Cost": 0.00,                                                                                                                                                                                       +
                       "Total Cost": 166.08,                                                                                                                                                                                       +
                       "Plan Rows": 8304,                                                                                                                                                                                          +
                       "Plan Width": 566                                                                                                                                                                                           +
                     }                                                                                                                                                                                                             +
                   ]                                                                                                                                                                                                               +
                 },                                                                                                                                                                                                                +
                 {                                                                                                                                                                                                                 +
                   "Node Type": "Materialize",                                                                                                                                                                                     +
                   "Parent Relationship": "Inner",                                                                                                                                                                                 +
                   "Parallel Aware": false,                                                                                                                                                                                        +
                   "Startup Cost": 2810.15,                                                                                                                                                                                        +
                   "Total Cost": 2851.67,                                                                                                                                                                                          +
                   "Plan Rows": 8304,                                                                                                                                                                                              +
                   "Plan Width": 566,                                                                                                                                                                                              +
                   "Plans": [                                                                                                                                                                                                      +
                     {                                                                                                                                                                                                             +
                       "Node Type": "Sort",                                                                                                                                                                                        +
                       "Parent Relationship": "Outer",                                                                                                                                                                             +
                       "Parallel Aware": false,                                                                                                                                                                                    +
                       "Startup Cost": 2810.15,                                                                                                                                                                                    +
                       "Total Cost": 2830.91,                                                                                                                                                                                      +
                       "Plan Rows": 8304,                                                                                                                                                                                          +
                       "Plan Width": 566,                                                                                                                                                                                          +
                       "Sort Key": ["v1_lead.i_category", "v1_lead.i_brand", "v1_lead.cc_name", "((v1_lead.rn - 1))"],                                                                                                             +
                       "Plans": [                                                                                                                                                                                                  +
                         {                                                                                                                                                                                                         +
                           "Node Type": "CTE Scan",                                                                                                                                                                                +
                           "Parent Relationship": "Outer",                                                                                                                                                                         +
                           "Parallel Aware": false,                                                                                                                                                                                +
                           "CTE Name": "v1",                                                                                                                                                                                       +
                           "Alias": "v1_lead",                                                                                                                                                                                     +
                           "Startup Cost": 0.00,                                                                                                                                                                                   +
                           "Total Cost": 166.08,                                                                                                                                                                                   +
                           "Plan Rows": 8304,                                                                                                                                                                                      +
                           "Plan Width": 566                                                                                                                                                                                       +
                         }                                                                                                                                                                                                         +
                       ]                                                                                                                                                                                                           +
                     }                                                                                                                                                                                                             +
                   ]                                                                                                                                                                                                               +
                 }                                                                                                                                                                                                                 +
               ]                                                                                                                                                                                                                   +
             },                                                                                                                                                                                                                    +
             {                                                                                                                                                                                                                     +
               "Node Type": "CTE Scan",                                                                                                                                                                                            +
               "Parent Relationship": "Inner",                                                                                                                                                                                     +
               "Parallel Aware": false,                                                                                                                                                                                            +
               "CTE Name": "v1",                                                                                                                                                                                                   +
               "Alias": "v1",                                                                                                                                                                                                      +
               "Startup Cost": 0.00,                                                                                                                                                                                               +
               "Total Cost": 166.08,                                                                                                                                                                                               +
               "Plan Rows": 8304,                                                                                                                                                                                                  +
               "Plan Width": 606                                                                                                                                                                                                   +
             }                                                                                                                                                                                                                     +
           ]                                                                                                                                                                                                                       +
         },                                                                                                                                                                                                                        +
         {                                                                                                                                                                                                                         +
           "Node Type": "Sort",                                                                                                                                                                                                    +
           "Parent Relationship": "Outer",                                                                                                                                                                                         +
           "Parallel Aware": false,                                                                                                                                                                                                +
           "Startup Cost": 0.05,                                                                                                                                                                                                   +
           "Total Cost": 0.06,                                                                                                                                                                                                     +
           "Plan Rows": 1,                                                                                                                                                                                                         +
           "Plan Width": 286,                                                                                                                                                                                                      +
           "Sort Key": ["((v2.sum_sales - v2.avg_monthly_sales))", "v2.avg_monthly_sales"],                                                                                                                                        +
           "Plans": [                                                                                                                                                                                                              +
             {                                                                                                                                                                                                                     +
               "Node Type": "CTE Scan",                                                                                                                                                                                            +
               "Parent Relationship": "Outer",                                                                                                                                                                                     +
               "Parallel Aware": false,                                                                                                                                                                                            +
               "CTE Name": "v2",                                                                                                                                                                                                   +
               "Alias": "v2",                                                                                                                                                                                                      +
               "Startup Cost": 0.00,                                                                                                                                                                                               +
               "Total Cost": 0.04,                                                                                                                                                                                                 +
               "Plan Rows": 1,                                                                                                                                                                                                     +
               "Plan Width": 286,                                                                                                                                                                                                  +
               "Filter": "((avg_monthly_sales > '0'::numeric) AND (d_year = 2001) AND (CASE WHEN (avg_monthly_sales > '0'::numeric) THEN (abs((sum_sales - avg_monthly_sales)) / avg_monthly_sales) ELSE NULL::numeric END > 0.1))"+
             }                                                                                                                                                                                                                     +
           ]                                                                                                                                                                                                                       +
         }                                                                                                                                                                                                                         +
       ]                                                                                                                                                                                                                           +
     }                                                                                                                                                                                                                             +
   }                                                                                                                                                                                                                               +
 ]
(1 row)

