                                                          QUERY PLAN                                                          
------------------------------------------------------------------------------------------------------------------------------
 [                                                                                                                           +
   {                                                                                                                         +
     "Plan": {                                                                                                               +
       "Node Type": "Limit",                                                                                                 +
       "Parallel Aware": false,                                                                                              +
       "Startup Cost": 288642.00,                                                                                            +
       "Total Cost": 288642.01,                                                                                              +
       "Plan Rows": 1,                                                                                                       +
       "Plan Width": 250,                                                                                                    +
       "Plans": [                                                                                                            +
         {                                                                                                                   +
           "Node Type": "Aggregate",                                                                                         +
           "Strategy": "Sorted",                                                                                             +
           "Partial Mode": "Finalize",                                                                                       +
           "Parent Relationship": "InitPlan",                                                                                +
           "Subplan Name": "CTE wss",                                                                                        +
           "Parallel Aware": false,                                                                                          +
           "Startup Cost": 209071.51,                                                                                        +
           "Total Cost": 280655.83,                                                                                          +
           "Plan Rows": 62526,                                                                                               +
           "Plan Width": 232,                                                                                                +
           "Group Key": ["date_dim.d_week_seq", "store_sales.ss_store_sk"],                                                  +
           "Plans": [                                                                                                        +
             {                                                                                                               +
               "Node Type": "Gather Merge",                                                                                  +
               "Parent Relationship": "Outer",                                                                               +
               "Parallel Aware": false,                                                                                      +
               "Startup Cost": 209071.51,                                                                                    +
               "Total Cost": 273934.29,                                                                                      +
               "Plan Rows": 125052,                                                                                          +
               "Plan Width": 232,                                                                                            +
               "Workers Planned": 2,                                                                                         +
               "Plans": [                                                                                                    +
                 {                                                                                                           +
                   "Node Type": "Aggregate",                                                                                 +
                   "Strategy": "Sorted",                                                                                     +
                   "Partial Mode": "Partial",                                                                                +
                   "Parent Relationship": "Outer",                                                                           +
                   "Parallel Aware": false,                                                                                  +
                   "Startup Cost": 208071.49,                                                                                +
                   "Total Cost": 258500.16,                                                                                  +
                   "Plan Rows": 62526,                                                                                       +
                   "Plan Width": 232,                                                                                        +
                   "Group Key": ["date_dim.d_week_seq", "store_sales.ss_store_sk"],                                          +
                   "Plans": [                                                                                                +
                     {                                                                                                       +
                       "Node Type": "Sort",                                                                                  +
                       "Parent Relationship": "Outer",                                                                       +
                       "Parallel Aware": false,                                                                              +
                       "Startup Cost": 208071.49,                                                                            +
                       "Total Cost": 210936.74,                                                                              +
                       "Plan Rows": 1146099,                                                                                 +
                       "Plan Width": 24,                                                                                     +
                       "Sort Key": ["date_dim.d_week_seq", "store_sales.ss_store_sk"],                                       +
                       "Plans": [                                                                                            +
                         {                                                                                                   +
                           "Node Type": "Hash Join",                                                                         +
                           "Parent Relationship": "Outer",                                                                   +
                           "Parallel Aware": true,                                                                           +
                           "Join Type": "Inner",                                                                             +
                           "Startup Cost": 2371.82,                                                                          +
                           "Total Cost": 69220.36,                                                                           +
                           "Plan Rows": 1146099,                                                                             +
                           "Plan Width": 24,                                                                                 +
                           "Inner Unique": true,                                                                             +
                           "Hash Cond": "(store_sales.ss_sold_date_sk = date_dim.d_date_sk)",                                +
                           "Plans": [                                                                                        +
                             {                                                                                               +
                               "Node Type": "Seq Scan",                                                                      +
                               "Parent Relationship": "Outer",                                                               +
                               "Parallel Aware": true,                                                                       +
                               "Relation Name": "store_sales",                                                               +
                               "Alias": "store_sales",                                                                       +
                               "Startup Cost": 0.00,                                                                         +
                               "Total Cost": 63697.87,                                                                       +
                               "Plan Rows": 1200187,                                                                         +
                               "Plan Width": 14                                                                              +
                             },                                                                                              +
                             {                                                                                               +
                               "Node Type": "Hash",                                                                          +
                               "Parent Relationship": "Inner",                                                               +
                               "Parallel Aware": true,                                                                       +
                               "Startup Cost": 1834.70,                                                                      +
                               "Total Cost": 1834.70,                                                                        +
                               "Plan Rows": 42970,                                                                           +
                               "Plan Width": 18,                                                                             +
                               "Plans": [                                                                                    +
                                 {                                                                                           +
                                   "Node Type": "Seq Scan",                                                                  +
                                   "Parent Relationship": "Outer",                                                           +
                                   "Parallel Aware": true,                                                                   +
                                   "Relation Name": "date_dim",                                                              +
                                   "Alias": "date_dim",                                                                      +
                                   "Startup Cost": 0.00,                                                                     +
                                   "Total Cost": 1834.70,                                                                    +
                                   "Plan Rows": 42970,                                                                       +
                                   "Plan Width": 18                                                                          +
                                 }                                                                                           +
                               ]                                                                                             +
                             }                                                                                               +
                           ]                                                                                                 +
                         }                                                                                                   +
                       ]                                                                                                     +
                     }                                                                                                       +
                   ]                                                                                                         +
                 }                                                                                                           +
               ]                                                                                                             +
             }                                                                                                               +
           ]                                                                                                                 +
         },                                                                                                                  +
         {                                                                                                                   +
           "Node Type": "Sort",                                                                                              +
           "Parent Relationship": "Outer",                                                                                   +
           "Parallel Aware": false,                                                                                          +
           "Startup Cost": 7986.17,                                                                                          +
           "Total Cost": 7986.18,                                                                                            +
           "Plan Rows": 1,                                                                                                   +
           "Plan Width": 250,                                                                                                +
           "Sort Key": ["store.s_store_name", "store.s_store_id", "wss.d_week_seq"],                                         +
           "Plans": [                                                                                                        +
             {                                                                                                               +
               "Node Type": "Nested Loop",                                                                                   +
               "Parent Relationship": "Outer",                                                                               +
               "Parallel Aware": false,                                                                                      +
               "Join Type": "Inner",                                                                                         +
               "Startup Cost": 3971.39,                                                                                      +
               "Total Cost": 7986.16,                                                                                        +
               "Plan Rows": 1,                                                                                               +
               "Plan Width": 250,                                                                                            +
               "Inner Unique": false,                                                                                        +
               "Join Filter": "(wss_1.d_week_seq = d_1.d_week_seq)",                                                         +
               "Plans": [                                                                                                    +
                 {                                                                                                           +
                   "Node Type": "Seq Scan",                                                                                  +
                   "Parent Relationship": "Outer",                                                                           +
                   "Parallel Aware": false,                                                                                  +
                   "Relation Name": "date_dim",                                                                              +
                   "Alias": "d_1",                                                                                           +
                   "Startup Cost": 0.00,                                                                                     +
                   "Total Cost": 2500.73,                                                                                    +
                   "Plan Rows": 362,                                                                                         +
                   "Plan Width": 4,                                                                                          +
                   "Filter": "((d_month_seq >= 1200) AND (d_month_seq <= 1211))"                                             +
                 },                                                                                                          +
                 {                                                                                                           +
                   "Node Type": "Materialize",                                                                               +
                   "Parent Relationship": "Inner",                                                                           +
                   "Parallel Aware": false,                                                                                  +
                   "Startup Cost": 3971.39,                                                                                  +
                   "Total Cost": 5436.56,                                                                                    +
                   "Plan Rows": 9,                                                                                           +
                   "Plan Width": 478,                                                                                        +
                   "Plans": [                                                                                                +
                     {                                                                                                       +
                       "Node Type": "Hash Join",                                                                             +
                       "Parent Relationship": "Outer",                                                                       +
                       "Parallel Aware": false,                                                                              +
                       "Join Type": "Inner",                                                                                 +
                       "Startup Cost": 3971.39,                                                                              +
                       "Total Cost": 5436.52,                                                                                +
                       "Plan Rows": 9,                                                                                       +
                       "Plan Width": 478,                                                                                    +
                       "Inner Unique": false,                                                                                +
                       "Hash Cond": "(((wss_1.d_week_seq - 52) = d.d_week_seq) AND (store_1.s_store_id = store.s_store_id))",+
                       "Plans": [                                                                                            +
                         {                                                                                                   +
                           "Node Type": "Hash Join",                                                                         +
                           "Parent Relationship": "Outer",                                                                   +
                           "Parallel Aware": false,                                                                          +
                           "Join Type": "Inner",                                                                             +
                           "Startup Cost": 1.27,                                                                             +
                           "Total Cost": 1419.40,                                                                            +
                           "Plan Rows": 3752,                                                                                +
                           "Plan Width": 245,                                                                                +
                           "Inner Unique": true,                                                                             +
                           "Hash Cond": "(wss_1.ss_store_sk = store_1.s_store_sk)",                                          +
                           "Plans": [                                                                                        +
                             {                                                                                               +
                               "Node Type": "CTE Scan",                                                                      +
                               "Parent Relationship": "Outer",                                                               +
                               "Parallel Aware": false,                                                                      +
                               "CTE Name": "wss",                                                                            +
                               "Alias": "wss_1",                                                                             +
                               "Startup Cost": 0.00,                                                                         +
                               "Total Cost": 1250.52,                                                                        +
                               "Plan Rows": 62526,                                                                           +
                               "Plan Width": 232                                                                             +
                             },                                                                                              +
                             {                                                                                               +
                               "Node Type": "Hash",                                                                          +
                               "Parent Relationship": "Inner",                                                               +
                               "Parallel Aware": false,                                                                      +
                               "Startup Cost": 1.12,                                                                         +
                               "Total Cost": 1.12,                                                                           +
                               "Plan Rows": 12,                                                                              +
                               "Plan Width": 21,                                                                             +
                               "Plans": [                                                                                    +
                                 {                                                                                           +
                                   "Node Type": "Seq Scan",                                                                  +
                                   "Parent Relationship": "Outer",                                                           +
                                   "Parallel Aware": false,                                                                  +
                                   "Relation Name": "store",                                                                 +
                                   "Alias": "store_1",                                                                       +
                                   "Startup Cost": 0.00,                                                                     +
                                   "Total Cost": 1.12,                                                                       +
                                   "Plan Rows": 12,                                                                          +
                                   "Plan Width": 21                                                                          +
                                 }                                                                                           +
                               ]                                                                                             +
                             }                                                                                               +
                           ]                                                                                                 +
                         },                                                                                                  +
                         {                                                                                                   +
                           "Node Type": "Hash",                                                                              +
                           "Parent Relationship": "Inner",                                                                   +
                           "Parallel Aware": false,                                                                          +
                           "Startup Cost": 3968.17,                                                                          +
                           "Total Cost": 3968.17,                                                                            +
                           "Plan Rows": 130,                                                                                 +
                           "Plan Width": 254,                                                                                +
                           "Plans": [                                                                                        +
                             {                                                                                               +
                               "Node Type": "Hash Join",                                                                     +
                               "Parent Relationship": "Outer",                                                               +
                               "Parallel Aware": false,                                                                      +
                               "Join Type": "Inner",                                                                         +
                               "Startup Cost": 2506.53,                                                                      +
                               "Total Cost": 3968.17,                                                                        +
                               "Plan Rows": 130,                                                                             +
                               "Plan Width": 254,                                                                            +
                               "Inner Unique": false,                                                                        +
                               "Hash Cond": "(wss.d_week_seq = d.d_week_seq)",                                               +
                               "Plans": [                                                                                    +
                                 {                                                                                           +
                                   "Node Type": "Hash Join",                                                                 +
                                   "Parent Relationship": "Outer",                                                           +
                                   "Parallel Aware": false,                                                                  +
                                   "Join Type": "Inner",                                                                     +
                                   "Startup Cost": 1.27,                                                                     +
                                   "Total Cost": 1419.40,                                                                    +
                                   "Plan Rows": 3752,                                                                        +
                                   "Plan Width": 250,                                                                        +
                                   "Inner Unique": true,                                                                     +
                                   "Hash Cond": "(wss.ss_store_sk = store.s_store_sk)",                                      +
                                   "Plans": [                                                                                +
                                     {                                                                                       +
                                       "Node Type": "CTE Scan",                                                              +
                                       "Parent Relationship": "Outer",                                                       +
                                       "Parallel Aware": false,                                                              +
                                       "CTE Name": "wss",                                                                    +
                                       "Alias": "wss",                                                                       +
                                       "Startup Cost": 0.00,                                                                 +
                                       "Total Cost": 1250.52,                                                                +
                                       "Plan Rows": 62526,                                                                   +
                                       "Plan Width": 232                                                                     +
                                     },                                                                                      +
                                     {                                                                                       +
                                       "Node Type": "Hash",                                                                  +
                                       "Parent Relationship": "Inner",                                                       +
                                       "Parallel Aware": false,                                                              +
                                       "Startup Cost": 1.12,                                                                 +
                                       "Total Cost": 1.12,                                                                   +
                                       "Plan Rows": 12,                                                                      +
                                       "Plan Width": 26,                                                                     +
                                       "Plans": [                                                                            +
                                         {                                                                                   +
                                           "Node Type": "Seq Scan",                                                          +
                                           "Parent Relationship": "Outer",                                                   +
                                           "Parallel Aware": false,                                                          +
                                           "Relation Name": "store",                                                         +
                                           "Alias": "store",                                                                 +
                                           "Startup Cost": 0.00,                                                             +
                                           "Total Cost": 1.12,                                                               +
                                           "Plan Rows": 12,                                                                  +
                                           "Plan Width": 26                                                                  +
                                         }                                                                                   +
                                       ]                                                                                     +
                                     }                                                                                       +
                                   ]                                                                                         +
                                 },                                                                                          +
                                 {                                                                                           +
                                   "Node Type": "Hash",                                                                      +
                                   "Parent Relationship": "Inner",                                                           +
                                   "Parallel Aware": false,                                                                  +
                                   "Startup Cost": 2500.73,                                                                  +
                                   "Total Cost": 2500.73,                                                                    +
                                   "Plan Rows": 362,                                                                         +
                                   "Plan Width": 4,                                                                          +
                                   "Plans": [                                                                                +
                                     {                                                                                       +
                                       "Node Type": "Seq Scan",                                                              +
                                       "Parent Relationship": "Outer",                                                       +
                                       "Parallel Aware": false,                                                              +
                                       "Relation Name": "date_dim",                                                          +
                                       "Alias": "d",                                                                         +
                                       "Startup Cost": 0.00,                                                                 +
                                       "Total Cost": 2500.73,                                                                +
                                       "Plan Rows": 362,                                                                     +
                                       "Plan Width": 4,                                                                      +
                                       "Filter": "((d_month_seq >= 1188) AND (d_month_seq <= 1199))"                         +
                                     }                                                                                       +
                                   ]                                                                                         +
                                 }                                                                                           +
                               ]                                                                                             +
                             }                                                                                               +
                           ]                                                                                                 +
                         }                                                                                                   +
                       ]                                                                                                     +
                     }                                                                                                       +
                   ]                                                                                                         +
                 }                                                                                                           +
               ]                                                                                                             +
             }                                                                                                               +
           ]                                                                                                                 +
         }                                                                                                                   +
       ]                                                                                                                     +
     }                                                                                                                       +
   }                                                                                                                         +
 ]
(1 row)

