                                                                                                             QUERY PLAN                                                                                                             
------------------------------------------------------------------------------------------------------------------------------------------------------------------------------------------------------------------------------------
 [                                                                                                                                                                                                                                 +
   {                                                                                                                                                                                                                               +
     "Plan": {                                                                                                                                                                                                                     +
       "Node Type": "Limit",                                                                                                                                                                                                       +
       "Parallel Aware": false,                                                                                                                                                                                                    +
       "Startup Cost": 26615.08,                                                                                                                                                                                                   +
       "Total Cost": 26615.33,                                                                                                                                                                                                     +
       "Plan Rows": 100,                                                                                                                                                                                                           +
       "Plan Width": 210,                                                                                                                                                                                                          +
       "Plans": [                                                                                                                                                                                                                  +
         {                                                                                                                                                                                                                         +
           "Node Type": "Sort",                                                                                                                                                                                                    +
           "Parent Relationship": "Outer",                                                                                                                                                                                         +
           "Parallel Aware": false,                                                                                                                                                                                                +
           "Startup Cost": 26615.08,                                                                                                                                                                                               +
           "Total Cost": 26617.58,                                                                                                                                                                                                 +
           "Plan Rows": 1001,                                                                                                                                                                                                      +
           "Plan Width": 210,                                                                                                                                                                                                      +
           "Sort Key": ["((GROUPING(item.i_category) + GROUPING(item.i_class))) DESC", "(CASE WHEN (((GROUPING(item.i_category) + GROUPING(item.i_class))) = 0) THEN item.i_category ELSE NULL::bpchar END)", "(rank() OVER (?))"],+
           "Plans": [                                                                                                                                                                                                              +
             {                                                                                                                                                                                                                     +
               "Node Type": "WindowAgg",                                                                                                                                                                                           +
               "Parent Relationship": "Outer",                                                                                                                                                                                     +
               "Parallel Aware": false,                                                                                                                                                                                            +
               "Startup Cost": 26544.29,                                                                                                                                                                                           +
               "Total Cost": 26576.82,                                                                                                                                                                                             +
               "Plan Rows": 1001,                                                                                                                                                                                                  +
               "Plan Width": 210,                                                                                                                                                                                                  +
               "Plans": [                                                                                                                                                                                                          +
                 {                                                                                                                                                                                                                 +
                   "Node Type": "Sort",                                                                                                                                                                                            +
                   "Parent Relationship": "Outer",                                                                                                                                                                                 +
                   "Parallel Aware": false,                                                                                                                                                                                        +
                   "Startup Cost": 26544.29,                                                                                                                                                                                       +
                   "Total Cost": 26546.79,                                                                                                                                                                                         +
                   "Plan Rows": 1001,                                                                                                                                                                                              +
                   "Plan Width": 178,                                                                                                                                                                                              +
                   "Sort Key": ["((GROUPING(item.i_category) + GROUPING(item.i_class)))", "(CASE WHEN (GROUPING(item.i_class) = 0) THEN item.i_category ELSE NULL::bpchar END)", "(sum(web_sales.ws_net_paid)) DESC"],             +
                   "Plans": [                                                                                                                                                                                                      +
                     {                                                                                                                                                                                                             +
                       "Node Type": "Aggregate",                                                                                                                                                                                   +
                       "Strategy": "Mixed",                                                                                                                                                                                        +
                       "Partial Mode": "Simple",                                                                                                                                                                                   +
                       "Parent Relationship": "Outer",                                                                                                                                                                             +
                       "Parallel Aware": false,                                                                                                                                                                                    +
                       "Startup Cost": 3052.50,                                                                                                                                                                                    +
                       "Total Cost": 26494.40,                                                                                                                                                                                     +
                       "Plan Rows": 1001,                                                                                                                                                                                          +
                       "Plan Width": 178,                                                                                                                                                                                          +
                       "Grouping Sets": [                                                                                                                                                                                          +
                         {                                                                                                                                                                                                         +
                           "Hash Keys": [                                                                                                                                                                                          +
                             ["item.i_category", "item.i_class"]                                                                                                                                                                   +
                           ]                                                                                                                                                                                                       +
                         },                                                                                                                                                                                                        +
                         {                                                                                                                                                                                                         +
                           "Hash Keys": [                                                                                                                                                                                          +
                             ["item.i_category"]                                                                                                                                                                                   +
                           ]                                                                                                                                                                                                       +
                         },                                                                                                                                                                                                        +
                         {                                                                                                                                                                                                         +
                           "Group Keys": [                                                                                                                                                                                         +
                             []                                                                                                                                                                                                    +
                           ]                                                                                                                                                                                                       +
                         }                                                                                                                                                                                                         +
                       ],                                                                                                                                                                                                          +
                       "Plans": [                                                                                                                                                                                                  +
                         {                                                                                                                                                                                                         +
                           "Node Type": "Gather",                                                                                                                                                                                  +
                           "Parent Relationship": "Outer",                                                                                                                                                                         +
                           "Parallel Aware": false,                                                                                                                                                                                +
                           "Startup Cost": 3052.50,                                                                                                                                                                                +
                           "Total Cost": 26423.43,                                                                                                                                                                                 +
                           "Plan Rows": 3564,                                                                                                                                                                                      +
                           "Plan Width": 108,                                                                                                                                                                                      +
                           "Workers Planned": 2,                                                                                                                                                                                   +
                           "Single Copy": false,                                                                                                                                                                                   +
                           "Plans": [                                                                                                                                                                                              +
                             {                                                                                                                                                                                                     +
                               "Node Type": "Nested Loop",                                                                                                                                                                         +
                               "Parent Relationship": "Outer",                                                                                                                                                                     +
                               "Parallel Aware": false,                                                                                                                                                                            +
                               "Join Type": "Inner",                                                                                                                                                                               +
                               "Startup Cost": 2052.50,                                                                                                                                                                            +
                               "Total Cost": 25067.03,                                                                                                                                                                             +
                               "Plan Rows": 1485,                                                                                                                                                                                  +
                               "Plan Width": 108,                                                                                                                                                                                  +
                               "Inner Unique": true,                                                                                                                                                                               +
                               "Plans": [                                                                                                                                                                                          +
                                 {                                                                                                                                                                                                 +
                                   "Node Type": "Hash Join",                                                                                                                                                                       +
                                   "Parent Relationship": "Outer",                                                                                                                                                                 +
                                   "Parallel Aware": true,                                                                                                                                                                         +
                                   "Join Type": "Inner",                                                                                                                                                                           +
                                   "Startup Cost": 2052.21,                                                                                                                                                                        +
                                   "Total Cost": 24603.52,                                                                                                                                                                         +
                                   "Plan Rows": 1485,                                                                                                                                                                              +
                                   "Plan Width": 10,                                                                                                                                                                               +
                                   "Inner Unique": true,                                                                                                                                                                           +
                                   "Hash Cond": "(web_sales.ws_sold_date_sk = d1.d_date_sk)",                                                                                                                                      +
                                   "Plans": [                                                                                                                                                                                      +
                                     {                                                                                                                                                                                             +
                                       "Node Type": "Seq Scan",                                                                                                                                                                    +
                                       "Parent Relationship": "Outer",                                                                                                                                                             +
                                       "Parallel Aware": true,                                                                                                                                                                     +
                                       "Relation Name": "web_sales",                                                                                                                                                               +
                                       "Alias": "web_sales",                                                                                                                                                                       +
                                       "Startup Cost": 0.00,                                                                                                                                                                       +
                                       "Total Cost": 21764.43,                                                                                                                                                                     +
                                       "Plan Rows": 299743,                                                                                                                                                                        +
                                       "Plan Width": 14                                                                                                                                                                            +
                                     },                                                                                                                                                                                            +
                                     {                                                                                                                                                                                             +
                                       "Node Type": "Hash",                                                                                                                                                                        +
                                       "Parent Relationship": "Inner",                                                                                                                                                             +
                                       "Parallel Aware": true,                                                                                                                                                                     +
                                       "Startup Cost": 2049.55,                                                                                                                                                                    +
                                       "Total Cost": 2049.55,                                                                                                                                                                      +
                                       "Plan Rows": 213,                                                                                                                                                                           +
                                       "Plan Width": 4,                                                                                                                                                                            +
                                       "Plans": [                                                                                                                                                                                  +
                                         {                                                                                                                                                                                         +
                                           "Node Type": "Seq Scan",                                                                                                                                                                +
                                           "Parent Relationship": "Outer",                                                                                                                                                         +
                                           "Parallel Aware": true,                                                                                                                                                                 +
                                           "Relation Name": "date_dim",                                                                                                                                                            +
                                           "Alias": "d1",                                                                                                                                                                          +
                                           "Startup Cost": 0.00,                                                                                                                                                                   +
                                           "Total Cost": 2049.55,                                                                                                                                                                  +
                                           "Plan Rows": 213,                                                                                                                                                                       +
                                           "Plan Width": 4,                                                                                                                                                                        +
                                           "Filter": "((d_month_seq >= 1186) AND (d_month_seq <= 1197))"                                                                                                                           +
                                         }                                                                                                                                                                                         +
                                       ]                                                                                                                                                                                           +
                                     }                                                                                                                                                                                             +
                                   ]                                                                                                                                                                                               +
                                 },                                                                                                                                                                                                +
                                 {                                                                                                                                                                                                 +
                                   "Node Type": "Index Scan",                                                                                                                                                                      +
                                   "Parent Relationship": "Inner",                                                                                                                                                                 +
                                   "Parallel Aware": false,                                                                                                                                                                        +
                                   "Scan Direction": "Forward",                                                                                                                                                                    +
                                   "Index Name": "item_pkey",                                                                                                                                                                      +
                                   "Relation Name": "item",                                                                                                                                                                        +
                                   "Alias": "item",                                                                                                                                                                                +
                                   "Startup Cost": 0.29,                                                                                                                                                                           +
                                   "Total Cost": 0.31,                                                                                                                                                                             +
                                   "Plan Rows": 1,                                                                                                                                                                                 +
                                   "Plan Width": 106,                                                                                                                                                                              +
                                   "Index Cond": "(i_item_sk = web_sales.ws_item_sk)"                                                                                                                                              +
                                 }                                                                                                                                                                                                 +
                               ]                                                                                                                                                                                                   +
                             }                                                                                                                                                                                                     +
                           ]                                                                                                                                                                                                       +
                         }                                                                                                                                                                                                         +
                       ]                                                                                                                                                                                                           +
                     }                                                                                                                                                                                                             +
                   ]                                                                                                                                                                                                               +
                 }                                                                                                                                                                                                                 +
               ]                                                                                                                                                                                                                   +
             }                                                                                                                                                                                                                     +
           ]                                                                                                                                                                                                                       +
         }                                                                                                                                                                                                                         +
       ]                                                                                                                                                                                                                           +
     }                                                                                                                                                                                                                             +
   }                                                                                                                                                                                                                               +
 ]
(1 row)

