[
  {
    "Plan": {
      "Node Type": "Limit",
      "Parallel Aware": false,
      "Startup Cost": 48567.75,
      "Total Cost": 48580.10,
      "Plan Rows": 100,
      "Plan Width": 43,
      "Plans": [
        {
          "Node Type": "Aggregate",
          "Strategy": "Sorted",
          "Partial Mode": "Finalize",
          "Parent Relationship": "Outer",
          "Parallel Aware": false,
          "Startup Cost": 48567.75,
          "Total Cost": 48594.67,
          "Plan Rows": 218,
          "Plan Width": 43,
          "Group Key": ["customer_address.ca_zip"],
          "Plans": [
            {
              "Node Type": "Gather Merge",
              "Parent Relationship": "Outer",
              "Parallel Aware": false,
              "Startup Cost": 48567.75,
              "Total Cost": 48590.58,
              "Plan Rows": 182,
              "Plan Width": 43,
              "Workers Planned": 2,
              "Plans": [
                {
                  "Node Type": "Aggregate",
                  "Strategy": "Sorted",
                  "Partial Mode": "Partial",
                  "Parent Relationship": "Outer",
                  "Parallel Aware": false,
                  "Startup Cost": 47567.73,
                  "Total Cost": 47569.55,
                  "Plan Rows": 91,
                  "Plan Width": 43,
                  "Group Key": ["customer_address.ca_zip"],
                  "Plans": [
                    {
                      "Node Type": "Sort",
                      "Parent Relationship": "Outer",
                      "Parallel Aware": false,
                      "Startup Cost": 47567.73,
                      "Total Cost": 47567.96,
                      "Plan Rows": 91,
                      "Plan Width": 17,
                      "Sort Key": ["customer_address.ca_zip"],
                      "Plans": [
                        {
                          "Node Type": "Nested Loop",
                          "Parent Relationship": "Outer",
                          "Parallel Aware": false,
                          "Join Type": "Inner",
                          "Startup Cost": 2050.81,
                          "Total Cost": 47564.77,
                          "Plan Rows": 91,
                          "Plan Width": 17,
                          "Inner Unique": true,
                          "Join Filter": "((substr((customer_address.ca_zip)::text, 1, 5) = ANY ('{85669,86197,88274,83405,86475,85392,85460,80348,81792}'::text[])) OR (customer_address.ca_state = ANY ('{CA,WA,GA}'::bpchar[])) OR (catalog_sales.cs_sales_price > '500'::numeric))",
                          "Plans": [
                            {
                              "Node Type": "Nested Loop",
                              "Parent Relationship": "Outer",
                              "Parallel Aware": false,
                              "Join Type": "Inner",
                              "Startup Cost": 2050.52,
                              "Total Cost": 47276.49,
                              "Plan Rows": 741,
                              "Plan Width": 10,
                              "Inner Unique": true,
                              "Plans": [
                                {
                                  "Node Type": "Hash Join",
                                  "Parent Relationship": "Outer",
                                  "Parallel Aware": true,
                                  "Join Type": "Inner",
                                  "Startup Cost": 2050.23,
                                  "Total Cost": 47039.25,
                                  "Plan Rows": 745,
                                  "Plan Width": 10,
                                  "Inner Unique": true,
                                  "Hash Cond": "(catalog_sales.cs_sold_date_sk = date_dim.d_date_sk)",
                                  "Plans": [
                                    {
                                      "Node Type": "Seq Scan",
                                      "Parent Relationship": "Outer",
                                      "Parallel Aware": true,
                                      "Relation Name": "catalog_sales",
                                      "Alias": "catalog_sales",
                                      "Startup Cost": 0.00,
                                      "Total Cost": 43412.07,
                                      "Plan Rows": 600708,
                                      "Plan Width": 14
                                    },
                                    {
                                      "Node Type": "Hash",
                                      "Parent Relationship": "Inner",
                                      "Parallel Aware": true,
                                      "Startup Cost": 2049.55,
                                      "Total Cost": 2049.55,
                                      "Plan Rows": 54,
                                      "Plan Width": 4,
                                      "Plans": [
                                        {
                                          "Node Type": "Seq Scan",
                                          "Parent Relationship": "Outer",
                                          "Parallel Aware": true,
                                          "Relation Name": "date_dim",
                                          "Alias": "date_dim",
                                          "Startup Cost": 0.00,
                                          "Total Cost": 2049.55,
                                          "Plan Rows": 54,
                                          "Plan Width": 4,
                                          "Filter": "((d_qoy = 1) AND (d_year = 1999))"
                                        }
                                      ]
                                    }
                                  ]
                                },
                                {
                                  "Node Type": "Index Scan",
                                  "Parent Relationship": "Inner",
                                  "Parallel Aware": false,
                                  "Scan Direction": "Forward",
                                  "Index Name": "customer_pkey",
                                  "Relation Name": "customer",
                                  "Alias": "customer",
                                  "Startup Cost": 0.29,
                                  "Total Cost": 0.32,
                                  "Plan Rows": 1,
                                  "Plan Width": 8,
                                  "Index Cond": "(c_customer_sk = catalog_sales.cs_bill_customer_sk)"
                                }
                              ]
                            },
                            {
                              "Node Type": "Index Scan",
                              "Parent Relationship": "Inner",
                              "Parallel Aware": false,
                              "Scan Direction": "Forward",
                              "Index Name": "customer_address_pkey",
                              "Relation Name": "customer_address",
                              "Alias": "customer_address",
                              "Startup Cost": 0.29,
                              "Total Cost": 0.36,
                              "Plan Rows": 1,
                              "Plan Width": 18,
                              "Index Cond": "(ca_address_sk = customer.c_current_addr_sk)"
                            }
                          ]
                        }
                      ]
                    }
                  ]
                }
              ]
            }
          ]
        }
      ]
    }
  }
]
