                                                                     QUERY PLAN                                                                     
----------------------------------------------------------------------------------------------------------------------------------------------------
 [                                                                                                                                                 +
   {                                                                                                                                               +
     "Plan": {                                                                                                                                     +
       "Node Type": "Limit",                                                                                                                       +
       "Parallel Aware": false,                                                                                                                    +
       "Startup Cost": 56273.79,                                                                                                                   +
       "Total Cost": 56273.79,                                                                                                                     +
       "Plan Rows": 2,                                                                                                                             +
       "Plan Width": 148,                                                                                                                          +
       "Plans": [                                                                                                                                  +
         {                                                                                                                                         +
           "Node Type": "Sort",                                                                                                                    +
           "Parent Relationship": "Outer",                                                                                                         +
           "Parallel Aware": false,                                                                                                                +
           "Startup Cost": 56273.79,                                                                                                               +
           "Total Cost": 56273.79,                                                                                                                 +
           "Plan Rows": 2,                                                                                                                         +
           "Plan Width": 148,                                                                                                                      +
           "Sort Key": ["(count(*)) DESC", "item.i_item_desc", "warehouse.w_warehouse_name", "d1.d_week_seq"],                                     +
           "Plans": [                                                                                                                              +
             {                                                                                                                                     +
               "Node Type": "Aggregate",                                                                                                           +
               "Strategy": "Sorted",                                                                                                               +
               "Partial Mode": "Finalize",                                                                                                         +
               "Parent Relationship": "Outer",                                                                                                     +
               "Parallel Aware": false,                                                                                                            +
               "Startup Cost": 56273.60,                                                                                                           +
               "Total Cost": 56273.78,                                                                                                             +
               "Plan Rows": 2,                                                                                                                     +
               "Plan Width": 148,                                                                                                                  +
               "Group Key": ["item.i_item_desc", "warehouse.w_warehouse_name", "d1.d_week_seq"],                                                   +
               "Plans": [                                                                                                                          +
                 {                                                                                                                                 +
                   "Node Type": "Gather Merge",                                                                                                    +
                   "Parent Relationship": "Outer",                                                                                                 +
                   "Parallel Aware": false,                                                                                                        +
                   "Startup Cost": 56273.60,                                                                                                       +
                   "Total Cost": 56273.74,                                                                                                         +
                   "Plan Rows": 1,                                                                                                                 +
                   "Plan Width": 148,                                                                                                              +
                   "Workers Planned": 1,                                                                                                           +
                   "Plans": [                                                                                                                      +
                     {                                                                                                                             +
                       "Node Type": "Aggregate",                                                                                                   +
                       "Strategy": "Sorted",                                                                                                       +
                       "Partial Mode": "Partial",                                                                                                  +
                       "Parent Relationship": "Outer",                                                                                             +
                       "Parallel Aware": false,                                                                                                    +
                       "Startup Cost": 55273.59,                                                                                                   +
                       "Total Cost": 55273.62,                                                                                                     +
                       "Plan Rows": 1,                                                                                                             +
                       "Plan Width": 148,                                                                                                          +
                       "Group Key": ["item.i_item_desc", "warehouse.w_warehouse_name", "d1.d_week_seq"],                                           +
                       "Plans": [                                                                                                                  +
                         {                                                                                                                         +
                           "Node Type": "Sort",                                                                                                    +
                           "Parent Relationship": "Outer",                                                                                         +
                           "Parallel Aware": false,                                                                                                +
                           "Startup Cost": 55273.59,                                                                                               +
                           "Total Cost": 55273.60,                                                                                                 +
                           "Plan Rows": 1,                                                                                                         +
                           "Plan Width": 128,                                                                                                      +
                           "Sort Key": ["item.i_item_desc", "warehouse.w_warehouse_name", "d1.d_week_seq"],                                        +
                           "Plans": [                                                                                                              +
                             {                                                                                                                     +
                               "Node Type": "Nested Loop",                                                                                         +
                               "Parent Relationship": "Outer",                                                                                     +
                               "Parallel Aware": false,                                                                                            +
                               "Join Type": "Left",                                                                                                +
                               "Startup Cost": 47360.38,                                                                                           +
                               "Total Cost": 55273.58,                                                                                             +
                               "Plan Rows": 1,                                                                                                     +
                               "Plan Width": 128,                                                                                                  +
                               "Inner Unique": true,                                                                                               +
                               "Plans": [                                                                                                          +
                                 {                                                                                                                 +
                                   "Node Type": "Nested Loop",                                                                                     +
                                   "Parent Relationship": "Outer",                                                                                 +
                                   "Parallel Aware": false,                                                                                        +
                                   "Join Type": "Inner",                                                                                           +
                                   "Startup Cost": 47360.23,                                                                                       +
                                   "Total Cost": 55273.42,                                                                                         +
                                   "Plan Rows": 1,                                                                                                 +
                                   "Plan Width": 128,                                                                                              +
                                   "Inner Unique": true,                                                                                           +
                                   "Join Filter": "(d3.d_date > (d1.d_date + 5))",                                                                 +
                                   "Plans": [                                                                                                      +
                                     {                                                                                                             +
                                       "Node Type": "Nested Loop",                                                                                 +
                                       "Parent Relationship": "Outer",                                                                             +
                                       "Parallel Aware": false,                                                                                    +
                                       "Join Type": "Inner",                                                                                       +
                                       "Startup Cost": 47359.94,                                                                                   +
                                       "Total Cost": 55272.43,                                                                                     +
                                       "Plan Rows": 3,                                                                                             +
                                       "Plan Width": 136,                                                                                          +
                                       "Inner Unique": true,                                                                                       +
                                       "Plans": [                                                                                                  +
                                         {                                                                                                         +
                                           "Node Type": "Nested Loop",                                                                             +
                                           "Parent Relationship": "Outer",                                                                         +
                                           "Parallel Aware": false,                                                                                +
                                           "Join Type": "Inner",                                                                                   +
                                           "Startup Cost": 47359.65,                                                                               +
                                           "Total Cost": 55271.50,                                                                                 +
                                           "Plan Rows": 3,                                                                                         +
                                           "Plan Width": 42,                                                                                       +
                                           "Inner Unique": true,                                                                                   +
                                           "Plans": [                                                                                              +
                                             {                                                                                                     +
                                               "Node Type": "Nested Loop",                                                                         +
                                               "Parent Relationship": "Outer",                                                                     +
                                               "Parallel Aware": false,                                                                            +
                                               "Join Type": "Inner",                                                                               +
                                               "Startup Cost": 47359.52,                                                                           +
                                               "Total Cost": 55271.06,                                                                             +
                                               "Plan Rows": 3,                                                                                     +
                                               "Plan Width": 28,                                                                                   +
                                               "Inner Unique": false,                                                                              +
                                               "Plans": [                                                                                          +
                                                 {                                                                                                 +
                                                   "Node Type": "Hash Join",                                                                       +
                                                   "Parent Relationship": "Outer",                                                                 +
                                                   "Parallel Aware": true,                                                                         +
                                                   "Join Type": "Inner",                                                                           +
                                                   "Startup Cost": 47359.08,                                                                       +
                                                   "Total Cost": 49412.71,                                                                         +
                                                   "Plan Rows": 977,                                                                               +
                                                   "Plan Width": 28,                                                                               +
                                                   "Inner Unique": false,                                                                          +
                                                   "Hash Cond": "(d2.d_week_seq = d1.d_week_seq)",                                                 +
                                                   "Plans": [                                                                                      +
                                                     {                                                                                             +
                                                       "Node Type": "Seq Scan",                                                                    +
                                                       "Parent Relationship": "Outer",                                                             +
                                                       "Parallel Aware": true,                                                                     +
                                                       "Relation Name": "date_dim",                                                                +
                                                       "Alias": "d2",                                                                              +
                                                       "Startup Cost": 0.00,                                                                       +
                                                       "Total Cost": 1834.70,                                                                      +
                                                       "Plan Rows": 42970,                                                                         +
                                                       "Plan Width": 8                                                                             +
                                                     },                                                                                            +
                                                     {                                                                                             +
                                                       "Node Type": "Hash",                                                                        +
                                                       "Parent Relationship": "Inner",                                                             +
                                                       "Parallel Aware": true,                                                                     +
                                                       "Startup Cost": 47357.85,                                                                   +
                                                       "Total Cost": 47357.85,                                                                     +
                                                       "Plan Rows": 99,                                                                            +
                                                       "Plan Width": 24,                                                                           +
                                                       "Plans": [                                                                                  +
                                                         {                                                                                         +
                                                           "Node Type": "Nested Loop",                                                             +
                                                           "Parent Relationship": "Outer",                                                         +
                                                           "Parallel Aware": false,                                                                +
                                                           "Join Type": "Inner",                                                                   +
                                                           "Startup Cost": 2103.23,                                                                +
                                                           "Total Cost": 47357.85,                                                                 +
                                                           "Plan Rows": 99,                                                                        +
                                                           "Plan Width": 24,                                                                       +
                                                           "Inner Unique": true,                                                                   +
                                                           "Plans": [                                                                              +
                                                             {                                                                                     +
                                                               "Node Type": "Hash Join",                                                           +
                                                               "Parent Relationship": "Outer",                                                     +
                                                               "Parallel Aware": false,                                                            +
                                                               "Join Type": "Inner",                                                               +
                                                               "Startup Cost": 2102.80,                                                            +
                                                               "Total Cost": 47099.64,                                                             +
                                                               "Plan Rows": 494,                                                                   +
                                                               "Plan Width": 28,                                                                   +
                                                               "Inner Unique": true,                                                               +
                                                               "Hash Cond": "(catalog_sales.cs_bill_hdemo_sk = household_demographics.hd_demo_sk)",+
                                                               "Plans": [                                                                          +
                                                                 {                                                                                 +
                                                                   "Node Type": "Hash Join",                                                       +
                                                                   "Parent Relationship": "Outer",                                                 +
                                                                   "Parallel Aware": true,                                                         +
                                                                   "Join Type": "Inner",                                                           +
                                                                   "Startup Cost": 1944.80,                                                        +
                                                                   "Total Cost": 46933.82,                                                         +
                                                                   "Plan Rows": 2979,                                                              +
                                                                   "Plan Width": 32,                                                               +
                                                                   "Inner Unique": true,                                                           +
                                                                   "Hash Cond": "(catalog_sales.cs_sold_date_sk = d1.d_date_sk)",                  +
                                                                   "Plans": [                                                                      +
                                                                     {                                                                             +
                                                                       "Node Type": "Seq Scan",                                                    +
                                                                       "Parent Relationship": "Outer",                                             +
                                                                       "Parallel Aware": true,                                                     +
                                                                       "Relation Name": "catalog_sales",                                           +
                                                                       "Alias": "catalog_sales",                                                   +
                                                                       "Startup Cost": 0.00,                                                       +
                                                                       "Total Cost": 43412.07,                                                     +
                                                                       "Plan Rows": 600708,                                                        +
                                                                       "Plan Width": 32                                                            +
                                                                     },                                                                            +
                                                                     {                                                                             +
                                                                       "Node Type": "Hash",                                                        +
                                                                       "Parent Relationship": "Inner",                                             +
                                                                       "Parallel Aware": true,                                                     +
                                                                       "Startup Cost": 1942.12,                                                    +
                                                                       "Total Cost": 1942.12,                                                      +
                                                                       "Plan Rows": 214,                                                           +
                                                                       "Plan Width": 12,                                                           +
                                                                       "Plans": [                                                                  +
                                                                         {                                                                         +
                                                                           "Node Type": "Seq Scan",                                                +
                                                                           "Parent Relationship": "Outer",                                         +
                                                                           "Parallel Aware": true,                                                 +
                                                                           "Relation Name": "date_dim",                                            +
                                                                           "Alias": "d1",                                                          +
                                                                           "Startup Cost": 0.00,                                                   +
                                                                           "Total Cost": 1942.12,                                                  +
                                                                           "Plan Rows": 214,                                                       +
                                                                           "Plan Width": 12,                                                       +
                                                                           "Filter": "(d_year = 1999)"                                             +
                                                                         }                                                                         +
                                                                       ]                                                                           +
                                                                     }                                                                             +
                                                                   ]                                                                               +
                                                                 },                                                                                +
                                                                 {                                                                                 +
                                                                   "Node Type": "Hash",                                                            +
                                                                   "Parent Relationship": "Inner",                                                 +
                                                                   "Parallel Aware": false,                                                        +
                                                                   "Startup Cost": 143.00,                                                         +
                                                                   "Total Cost": 143.00,                                                           +
                                                                   "Plan Rows": 1200,                                                              +
                                                                   "Plan Width": 4,                                                                +
                                                                   "Plans": [                                                                      +
                                                                     {                                                                             +
                                                                       "Node Type": "Seq Scan",                                                    +
                                                                       "Parent Relationship": "Outer",                                             +
                                                                       "Parallel Aware": false,                                                    +
                                                                       "Relation Name": "household_demographics",                                  +
                                                                       "Alias": "household_demographics",                                          +
                                                                       "Startup Cost": 0.00,                                                       +
                                                                       "Total Cost": 143.00,                                                       +
                                                                       "Plan Rows": 1200,                                                          +
                                                                       "Plan Width": 4,                                                            +
                                                                       "Filter": "(hd_buy_potential = '1001-5000'::bpchar)"                        +
                                                                     }                                                                             +
                                                                   ]                                                                               +
                                                                 }                                                                                 +
                                                               ]                                                                                   +
                                                             },                                                                                    +
                                                             {                                                                                     +
                                                               "Node Type": "Index Scan",                                                          +
                                                               "Parent Relationship": "Inner",                                                     +
                                                               "Parallel Aware": false,                                                            +
                                                               "Scan Direction": "Forward",                                                        +
                                                               "Index Name": "customer_demographics_pkey",                                         +
                                                               "Relation Name": "customer_demographics",                                           +
                                                               "Alias": "customer_demographics",                                                   +
                                                               "Startup Cost": 0.43,                                                               +
                                                               "Total Cost": 0.52,                                                                 +
                                                               "Plan Rows": 1,                                                                     +
                                                               "Plan Width": 4,                                                                    +
                                                               "Index Cond": "(cd_demo_sk = catalog_sales.cs_bill_cdemo_sk)",                      +
                                                               "Filter": "(cd_marital_status = 'U'::bpchar)"                                       +
                                                             }                                                                                     +
                                                           ]                                                                                       +
                                                         }                                                                                         +
                                                       ]                                                                                           +
                                                     }                                                                                             +
                                                   ]                                                                                               +
                                                 },                                                                                                +
                                                 {                                                                                                 +
                                                   "Node Type": "Index Scan",                                                                      +
                                                   "Parent Relationship": "Inner",                                                                 +
                                                   "Parallel Aware": false,                                                                        +
                                                   "Scan Direction": "Forward",                                                                    +
                                                   "Index Name": "inventory_pkey",                                                                 +
                                                   "Relation Name": "inventory",                                                                   +
                                                   "Alias": "inventory",                                                                           +
                                                   "Startup Cost": 0.43,                                                                           +
                                                   "Total Cost": 5.99,                                                                             +
                                                   "Plan Rows": 1,                                                                                 +
                                                   "Plan Width": 16,                                                                               +
                                                   "Index Cond": "((inv_date_sk = d2.d_date_sk) AND (inv_item_sk = catalog_sales.cs_item_sk))",    +
                                                   "Filter": "(inv_quantity_on_hand < catalog_sales.cs_quantity)"                                  +
                                                 }                                                                                                 +
                                               ]                                                                                                   +
                                             },                                                                                                    +
                                             {                                                                                                     +
                                               "Node Type": "Index Scan",                                                                          +
                                               "Parent Relationship": "Inner",                                                                     +
                                               "Parallel Aware": false,                                                                            +
                                               "Scan Direction": "Forward",                                                                        +
                                               "Index Name": "warehouse_pkey",                                                                     +
                                               "Relation Name": "warehouse",                                                                       +
                                               "Alias": "warehouse",                                                                               +
                                               "Startup Cost": 0.13,                                                                               +
                                               "Total Cost": 0.15,                                                                                 +
                                               "Plan Rows": 1,                                                                                     +
                                               "Plan Width": 22,                                                                                   +
                                               "Index Cond": "(w_warehouse_sk = inventory.inv_warehouse_sk)"                                       +
                                             }                                                                                                     +
                                           ]                                                                                                       +
                                         },                                                                                                        +
                                         {                                                                                                         +
                                           "Node Type": "Index Scan",                                                                              +
                                           "Parent Relationship": "Inner",                                                                         +
                                           "Parallel Aware": false,                                                                                +
                                           "Scan Direction": "Forward",                                                                            +
                                           "Index Name": "item_pkey",                                                                              +
                                           "Relation Name": "item",                                                                                +
                                           "Alias": "item",                                                                                        +
                                           "Startup Cost": 0.29,                                                                                   +
                                           "Total Cost": 0.31,                                                                                     +
                                           "Plan Rows": 1,                                                                                         +
                                           "Plan Width": 106,                                                                                      +
                                           "Index Cond": "(i_item_sk = catalog_sales.cs_item_sk)"                                                  +
                                         }                                                                                                         +
                                       ]                                                                                                           +
                                     },                                                                                                            +
                                     {                                                                                                             +
                                       "Node Type": "Index Scan",                                                                                  +
                                       "Parent Relationship": "Inner",                                                                             +
                                       "Parallel Aware": false,                                                                                    +
                                       "Scan Direction": "Forward",                                                                                +
                                       "Index Name": "date_dim_pkey",                                                                              +
                                       "Relation Name": "date_dim",                                                                                +
                                       "Alias": "d3",                                                                                              +
                                       "Startup Cost": 0.29,                                                                                       +
                                       "Total Cost": 0.31,                                                                                         +
                                       "Plan Rows": 1,                                                                                             +
                                       "Plan Width": 8,                                                                                            +
                                       "Index Cond": "(d_date_sk = catalog_sales.cs_ship_date_sk)"                                                 +
                                     }                                                                                                             +
                                   ]                                                                                                               +
                                 },                                                                                                                +
                                 {                                                                                                                 +
                                   "Node Type": "Index Only Scan",                                                                                 +
                                   "Parent Relationship": "Inner",                                                                                 +
                                   "Parallel Aware": false,                                                                                        +
                                   "Scan Direction": "Forward",                                                                                    +
                                   "Index Name": "promotion_pkey",                                                                                 +
                                   "Relation Name": "promotion",                                                                                   +
                                   "Alias": "promotion",                                                                                           +
                                   "Startup Cost": 0.15,                                                                                           +
                                   "Total Cost": 0.17,                                                                                             +
                                   "Plan Rows": 1,                                                                                                 +
                                   "Plan Width": 4,                                                                                                +
                                   "Index Cond": "(p_promo_sk = catalog_sales.cs_promo_sk)"                                                        +
                                 }                                                                                                                 +
                               ]                                                                                                                   +
                             }                                                                                                                     +
                           ]                                                                                                                       +
                         }                                                                                                                         +
                       ]                                                                                                                           +
                     }                                                                                                                             +
                   ]                                                                                                                               +
                 }                                                                                                                                 +
               ]                                                                                                                                   +
             }                                                                                                                                     +
           ]                                                                                                                                       +
         }                                                                                                                                         +
       ]                                                                                                                                           +
     }                                                                                                                                             +
   }                                                                                                                                               +
 ]
(1 row)

