                                                       QUERY PLAN                                                       
------------------------------------------------------------------------------------------------------------------------
 [                                                                                                                     +
   {                                                                                                                   +
     "Plan": {                                                                                                         +
       "Node Type": "Limit",                                                                                           +
       "Parallel Aware": false,                                                                                        +
       "Startup Cost": 48224.40,                                                                                       +
       "Total Cost": 48224.40,                                                                                         +
       "Plan Rows": 1,                                                                                                 +
       "Plan Width": 32,                                                                                               +
       "Plans": [                                                                                                      +
         {                                                                                                             +
           "Node Type": "Sort",                                                                                        +
           "Parent Relationship": "Outer",                                                                             +
           "Parallel Aware": false,                                                                                    +
           "Startup Cost": 48224.40,                                                                                   +
           "Total Cost": 48224.40,                                                                                     +
           "Plan Rows": 1,                                                                                             +
           "Plan Width": 32,                                                                                           +
           "Sort Key": ["((((count(*)))::numeric(15,4) / ((count(*)))::numeric(15,4)))"],                              +
           "Plans": [                                                                                                  +
             {                                                                                                         +
               "Node Type": "Nested Loop",                                                                             +
               "Parent Relationship": "Outer",                                                                         +
               "Parallel Aware": false,                                                                                +
               "Join Type": "Inner",                                                                                   +
               "Startup Cost": 48224.32,                                                                               +
               "Total Cost": 48224.39,                                                                                 +
               "Plan Rows": 1,                                                                                         +
               "Plan Width": 32,                                                                                       +
               "Inner Unique": false,                                                                                  +
               "Plans": [                                                                                              +
                 {                                                                                                     +
                   "Node Type": "Aggregate",                                                                           +
                   "Strategy": "Plain",                                                                                +
                   "Partial Mode": "Finalize",                                                                         +
                   "Parent Relationship": "Outer",                                                                     +
                   "Parallel Aware": false,                                                                            +
                   "Startup Cost": 24112.16,                                                                           +
                   "Total Cost": 24112.17,                                                                             +
                   "Plan Rows": 1,                                                                                     +
                   "Plan Width": 8,                                                                                    +
                   "Plans": [                                                                                          +
                     {                                                                                                 +
                       "Node Type": "Gather",                                                                          +
                       "Parent Relationship": "Outer",                                                                 +
                       "Parallel Aware": false,                                                                        +
                       "Startup Cost": 24111.95,                                                                       +
                       "Total Cost": 24112.16,                                                                         +
                       "Plan Rows": 2,                                                                                 +
                       "Plan Width": 8,                                                                                +
                       "Workers Planned": 2,                                                                           +
                       "Single Copy": false,                                                                           +
                       "Plans": [                                                                                      +
                         {                                                                                             +
                           "Node Type": "Aggregate",                                                                   +
                           "Strategy": "Plain",                                                                        +
                           "Partial Mode": "Partial",                                                                  +
                           "Parent Relationship": "Outer",                                                             +
                           "Parallel Aware": false,                                                                    +
                           "Startup Cost": 23111.95,                                                                   +
                           "Total Cost": 23111.96,                                                                     +
                           "Plan Rows": 1,                                                                             +
                           "Plan Width": 8,                                                                            +
                           "Plans": [                                                                                  +
                             {                                                                                         +
                               "Node Type": "Nested Loop",                                                             +
                               "Parent Relationship": "Outer",                                                         +
                               "Parallel Aware": false,                                                                +
                               "Join Type": "Inner",                                                                   +
                               "Startup Cost": 155.22,                                                                 +
                               "Total Cost": 23111.74,                                                                 +
                               "Plan Rows": 82,                                                                        +
                               "Plan Width": 0,                                                                        +
                               "Inner Unique": true,                                                                   +
                               "Plans": [                                                                              +
                                 {                                                                                     +
                                   "Node Type": "Hash Join",                                                           +
                                   "Parent Relationship": "Outer",                                                     +
                                   "Parallel Aware": false,                                                            +
                                   "Join Type": "Inner",                                                               +
                                   "Startup Cost": 154.93,                                                             +
                                   "Total Cost": 22787.97,                                                             +
                                   "Plan Rows": 999,                                                                   +
                                   "Plan Width": 4,                                                                    +
                                   "Inner Unique": true,                                                               +
                                   "Hash Cond": "(web_sales.ws_ship_hdemo_sk = household_demographics.hd_demo_sk)",    +
                                   "Plans": [                                                                          +
                                     {                                                                                 +
                                       "Node Type": "Hash Join",                                                       +
                                       "Parent Relationship": "Outer",                                                 +
                                       "Parallel Aware": false,                                                        +
                                       "Join Type": "Inner",                                                           +
                                       "Startup Cost": 2.92,                                                           +
                                       "Total Cost": 22609.74,                                                         +
                                       "Plan Rows": 9989,                                                              +
                                       "Plan Width": 8,                                                                +
                                       "Inner Unique": true,                                                           +
                                       "Hash Cond": "(web_sales.ws_web_page_sk = web_page.wp_web_page_sk)",            +
                                       "Plans": [                                                                      +
                                         {                                                                             +
                                           "Node Type": "Seq Scan",                                                    +
                                           "Parent Relationship": "Outer",                                             +
                                           "Parallel Aware": true,                                                     +
                                           "Relation Name": "web_sales",                                               +
                                           "Alias": "web_sales",                                                       +
                                           "Startup Cost": 0.00,                                                       +
                                           "Total Cost": 21764.43,                                                     +
                                           "Plan Rows": 299743,                                                        +
                                           "Plan Width": 12                                                            +
                                         },                                                                            +
                                         {                                                                             +
                                           "Node Type": "Hash",                                                        +
                                           "Parent Relationship": "Inner",                                             +
                                           "Parallel Aware": false,                                                    +
                                           "Startup Cost": 2.90,                                                       +
                                           "Total Cost": 2.90,                                                         +
                                           "Plan Rows": 2,                                                             +
                                           "Plan Width": 4,                                                            +
                                           "Plans": [                                                                  +
                                             {                                                                         +
                                               "Node Type": "Seq Scan",                                                +
                                               "Parent Relationship": "Outer",                                         +
                                               "Parallel Aware": false,                                                +
                                               "Relation Name": "web_page",                                            +
                                               "Alias": "web_page",                                                    +
                                               "Startup Cost": 0.00,                                                   +
                                               "Total Cost": 2.90,                                                     +
                                               "Plan Rows": 2,                                                         +
                                               "Plan Width": 4,                                                        +
                                               "Filter": "((wp_char_count >= 5000) AND (wp_char_count <= 5200))"       +
                                             }                                                                         +
                                           ]                                                                           +
                                         }                                                                             +
                                       ]                                                                               +
                                     },                                                                                +
                                     {                                                                                 +
                                       "Node Type": "Hash",                                                            +
                                       "Parent Relationship": "Inner",                                                 +
                                       "Parallel Aware": false,                                                        +
                                       "Startup Cost": 143.00,                                                         +
                                       "Total Cost": 143.00,                                                           +
                                       "Plan Rows": 720,                                                               +
                                       "Plan Width": 4,                                                                +
                                       "Plans": [                                                                      +
                                         {                                                                             +
                                           "Node Type": "Seq Scan",                                                    +
                                           "Parent Relationship": "Outer",                                             +
                                           "Parallel Aware": false,                                                    +
                                           "Relation Name": "household_demographics",                                  +
                                           "Alias": "household_demographics",                                          +
                                           "Startup Cost": 0.00,                                                       +
                                           "Total Cost": 143.00,                                                       +
                                           "Plan Rows": 720,                                                           +
                                           "Plan Width": 4,                                                            +
                                           "Filter": "(hd_dep_count = 3)"                                              +
                                         }                                                                             +
                                       ]                                                                               +
                                     }                                                                                 +
                                   ]                                                                                   +
                                 },                                                                                    +
                                 {                                                                                     +
                                   "Node Type": "Index Scan",                                                          +
                                   "Parent Relationship": "Inner",                                                     +
                                   "Parallel Aware": false,                                                            +
                                   "Scan Direction": "Forward",                                                        +
                                   "Index Name": "time_dim_pkey",                                                      +
                                   "Relation Name": "time_dim",                                                        +
                                   "Alias": "time_dim",                                                                +
                                   "Startup Cost": 0.29,                                                               +
                                   "Total Cost": 0.32,                                                                 +
                                   "Plan Rows": 1,                                                                     +
                                   "Plan Width": 4,                                                                    +
                                   "Index Cond": "(t_time_sk = web_sales.ws_sold_time_sk)",                            +
                                   "Filter": "((t_hour >= 8) AND (t_hour <= 9))"                                       +
                                 }                                                                                     +
                               ]                                                                                       +
                             }                                                                                         +
                           ]                                                                                           +
                         }                                                                                             +
                       ]                                                                                               +
                     }                                                                                                 +
                   ]                                                                                                   +
                 },                                                                                                    +
                 {                                                                                                     +
                   "Node Type": "Aggregate",                                                                           +
                   "Strategy": "Plain",                                                                                +
                   "Partial Mode": "Finalize",                                                                         +
                   "Parent Relationship": "Inner",                                                                     +
                   "Parallel Aware": false,                                                                            +
                   "Startup Cost": 24112.16,                                                                           +
                   "Total Cost": 24112.17,                                                                             +
                   "Plan Rows": 1,                                                                                     +
                   "Plan Width": 8,                                                                                    +
                   "Plans": [                                                                                          +
                     {                                                                                                 +
                       "Node Type": "Gather",                                                                          +
                       "Parent Relationship": "Outer",                                                                 +
                       "Parallel Aware": false,                                                                        +
                       "Startup Cost": 24111.95,                                                                       +
                       "Total Cost": 24112.16,                                                                         +
                       "Plan Rows": 2,                                                                                 +
                       "Plan Width": 8,                                                                                +
                       "Workers Planned": 2,                                                                           +
                       "Single Copy": false,                                                                           +
                       "Plans": [                                                                                      +
                         {                                                                                             +
                           "Node Type": "Aggregate",                                                                   +
                           "Strategy": "Plain",                                                                        +
                           "Partial Mode": "Partial",                                                                  +
                           "Parent Relationship": "Outer",                                                             +
                           "Parallel Aware": false,                                                                    +
                           "Startup Cost": 23111.95,                                                                   +
                           "Total Cost": 23111.96,                                                                     +
                           "Plan Rows": 1,                                                                             +
                           "Plan Width": 8,                                                                            +
                           "Plans": [                                                                                  +
                             {                                                                                         +
                               "Node Type": "Nested Loop",                                                             +
                               "Parent Relationship": "Outer",                                                         +
                               "Parallel Aware": false,                                                                +
                               "Join Type": "Inner",                                                                   +
                               "Startup Cost": 155.22,                                                                 +
                               "Total Cost": 23111.74,                                                                 +
                               "Plan Rows": 83,                                                                        +
                               "Plan Width": 0,                                                                        +
                               "Inner Unique": true,                                                                   +
                               "Plans": [                                                                              +
                                 {                                                                                     +
                                   "Node Type": "Hash Join",                                                           +
                                   "Parent Relationship": "Outer",                                                     +
                                   "Parallel Aware": false,                                                            +
                                   "Join Type": "Inner",                                                               +
                                   "Startup Cost": 154.93,                                                             +
                                   "Total Cost": 22787.97,                                                             +
                                   "Plan Rows": 999,                                                                   +
                                   "Plan Width": 4,                                                                    +
                                   "Inner Unique": true,                                                               +
                                   "Hash Cond": "(web_sales_1.ws_ship_hdemo_sk = household_demographics_1.hd_demo_sk)",+
                                   "Plans": [                                                                          +
                                     {                                                                                 +
                                       "Node Type": "Hash Join",                                                       +
                                       "Parent Relationship": "Outer",                                                 +
                                       "Parallel Aware": false,                                                        +
                                       "Join Type": "Inner",                                                           +
                                       "Startup Cost": 2.92,                                                           +
                                       "Total Cost": 22609.74,                                                         +
                                       "Plan Rows": 9989,                                                              +
                                       "Plan Width": 8,                                                                +
                                       "Inner Unique": true,                                                           +
                                       "Hash Cond": "(web_sales_1.ws_web_page_sk = web_page_1.wp_web_page_sk)",        +
                                       "Plans": [                                                                      +
                                         {                                                                             +
                                           "Node Type": "Seq Scan",                                                    +
                                           "Parent Relationship": "Outer",                                             +
                                           "Parallel Aware": true,                                                     +
                                           "Relation Name": "web_sales",                                               +
                                           "Alias": "web_sales_1",                                                     +
                                           "Startup Cost": 0.00,                                                       +
                                           "Total Cost": 21764.43,                                                     +
                                           "Plan Rows": 299743,                                                        +
                                           "Plan Width": 12                                                            +
                                         },                                                                            +
                                         {                                                                             +
                                           "Node Type": "Hash",                                                        +
                                           "Parent Relationship": "Inner",                                             +
                                           "Parallel Aware": false,                                                    +
                                           "Startup Cost": 2.90,                                                       +
                                           "Total Cost": 2.90,                                                         +
                                           "Plan Rows": 2,                                                             +
                                           "Plan Width": 4,                                                            +
                                           "Plans": [                                                                  +
                                             {                                                                         +
                                               "Node Type": "Seq Scan",                                                +
                                               "Parent Relationship": "Outer",                                         +
                                               "Parallel Aware": false,                                                +
                                               "Relation Name": "web_page",                                            +
                                               "Alias": "web_page_1",                                                  +
                                               "Startup Cost": 0.00,                                                   +
                                               "Total Cost": 2.90,                                                     +
                                               "Plan Rows": 2,                                                         +
                                               "Plan Width": 4,                                                        +
                                               "Filter": "((wp_char_count >= 5000) AND (wp_char_count <= 5200))"       +
                                             }                                                                         +
                                           ]                                                                           +
                                         }                                                                             +
                                       ]                                                                               +
                                     },                                                                                +
                                     {                                                                                 +
                                       "Node Type": "Hash",                                                            +
                                       "Parent Relationship": "Inner",                                                 +
                                       "Parallel Aware": false,                                                        +
                                       "Startup Cost": 143.00,                                                         +
                                       "Total Cost": 143.00,                                                           +
                                       "Plan Rows": 720,                                                               +
                                       "Plan Width": 4,                                                                +
                                       "Plans": [                                                                      +
                                         {                                                                             +
                                           "Node Type": "Seq Scan",                                                    +
                                           "Parent Relationship": "Outer",                                             +
                                           "Parallel Aware": false,                                                    +
                                           "Relation Name": "household_demographics",                                  +
                                           "Alias": "household_demographics_1",                                        +
                                           "Startup Cost": 0.00,                                                       +
                                           "Total Cost": 143.00,                                                       +
                                           "Plan Rows": 720,                                                           +
                                           "Plan Width": 4,                                                            +
                                           "Filter": "(hd_dep_count = 3)"                                              +
                                         }                                                                             +
                                       ]                                                                               +
                                     }                                                                                 +
                                   ]                                                                                   +
                                 },                                                                                    +
                                 {                                                                                     +
                                   "Node Type": "Index Scan",                                                          +
                                   "Parent Relationship": "Inner",                                                     +
                                   "Parallel Aware": false,                                                            +
                                   "Scan Direction": "Forward",                                                        +
                                   "Index Name": "time_dim_pkey",                                                      +
                                   "Relation Name": "time_dim",                                                        +
                                   "Alias": "time_dim_1",                                                              +
                                   "Startup Cost": 0.29,                                                               +
                                   "Total Cost": 0.32,                                                                 +
                                   "Plan Rows": 1,                                                                     +
                                   "Plan Width": 4,                                                                    +
                                   "Index Cond": "(t_time_sk = web_sales_1.ws_sold_time_sk)",                          +
                                   "Filter": "((t_hour >= 20) AND (t_hour <= 21))"                                     +
                                 }                                                                                     +
                               ]                                                                                       +
                             }                                                                                         +
                           ]                                                                                           +
                         }                                                                                             +
                       ]                                                                                               +
                     }                                                                                                 +
                   ]                                                                                                   +
                 }                                                                                                     +
               ]                                                                                                       +
             }                                                                                                         +
           ]                                                                                                           +
         }                                                                                                             +
       ]                                                                                                               +
     }                                                                                                                 +
   }                                                                                                                   +
 ]
(1 row)

