[
  {
    "Plan": {
      "Node Type": "Nested Loop",
      "Parallel Aware": false,
      "Join Type": "Inner",
      "Startup Cost": 562857.49,
      "Total Cost": 562857.72,
      "Plan Rows": 1,
      "Plan Width": 64,
      "Inner Unique": false,
      "Plans": [
        {
          "Node Type": "Nested Loop",
          "Parent Relationship": "Outer",
          "Parallel Aware": false,
          "Join Type": "Inner",
          "Startup Cost": 492498.24,
          "Total Cost": 492498.44,
          "Plan Rows": 1,
          "Plan Width": 56,
          "Inner Unique": false,
          "Plans": [
            {
              "Node Type": "Nested Loop",
              "Parent Relationship": "Outer",
              "Parallel Aware": false,
              "Join Type": "Inner",
              "Startup Cost": 422139.63,
              "Total Cost": 422139.80,
              "Plan Rows": 1,
              "Plan Width": 48,
              "Inner Unique": false,
              "Plans": [
                {
                  "Node Type": "Nested Loop",
                  "Parent Relationship": "Outer",
                  "Parallel Aware": false,
                  "Join Type": "Inner",
                  "Startup Cost": 351780.34,
                  "Total Cost": 351780.48,
                  "Plan Rows": 1,
                  "Plan Width": 40,
                  "Inner Unique": false,
                  "Plans": [
                    {
                      "Node Type": "Nested Loop",
                      "Parent Relationship": "Outer",
                      "Parallel Aware": false,
                      "Join Type": "Inner",
                      "Startup Cost": 281426.66,
                      "Total Cost": 281426.77,
                      "Plan Rows": 1,
                      "Plan Width": 32,
                      "Inner Unique": false,
                      "Plans": [
                        {
                          "Node Type": "Nested Loop",
                          "Parent Relationship": "Outer",
                          "Parallel Aware": false,
                          "Join Type": "Inner",
                          "Startup Cost": 211072.35,
                          "Total Cost": 211072.43,
                          "Plan Rows": 1,
                          "Plan Width": 24,
                          "Inner Unique": false,
                          "Plans": [
                            {
                              "Node Type": "Nested Loop",
                              "Parent Relationship": "Outer",
                              "Parallel Aware": false,
                              "Join Type": "Inner",
                              "Startup Cost": 140714.26,
                              "Total Cost": 140714.31,
                              "Plan Rows": 1,
                              "Plan Width": 16,
                              "Inner Unique": false,
                              "Plans": [
                                {
                                  "Node Type": "Aggregate",
                                  "Strategy": "Plain",
                                  "Partial Mode": "Finalize",
                                  "Parent Relationship": "Outer",
                                  "Parallel Aware": false,
                                  "Startup Cost": 70355.48,
                                  "Total Cost": 70355.49,
                                  "Plan Rows": 1,
                                  "Plan Width": 8,
                                  "Plans": [
                                    {
                                      "Node Type": "Gather",
                                      "Parent Relationship": "Outer",
                                      "Parallel Aware": false,
                                      "Startup Cost": 70355.26,
                                      "Total Cost": 70355.47,
                                      "Plan Rows": 2,
                                      "Plan Width": 8,
                                      "Workers Planned": 2,
                                      "Single Copy": false,
                                      "Plans": [
                                        {
                                          "Node Type": "Aggregate",
                                          "Strategy": "Plain",
                                          "Partial Mode": "Partial",
                                          "Parent Relationship": "Outer",
                                          "Parallel Aware": false,
                                          "Startup Cost": 69355.26,
                                          "Total Cost": 69355.27,
                                          "Plan Rows": 1,
                                          "Plan Width": 8,
                                          "Plans": [
                                            {
                                              "Node Type": "Hash Join",
                                              "Parent Relationship": "Outer",
                                              "Parallel Aware": false,
                                              "Join Type": "Inner",
                                              "Startup Cost": 2427.05,
                                              "Total Cost": 69354.25,
                                              "Plan Rows": 405,
                                              "Plan Width": 0,
                                              "Inner Unique": true,
                                              "Hash Cond": "(store_sales.ss_store_sk = store.s_store_sk)",
                                              "Plans": [
                                                {
                                                  "Node Type": "Hash Join",
                                                  "Parent Relationship": "Outer",
                                                  "Parallel Aware": false,
                                                  "Join Type": "Inner",
                                                  "Startup Cost": 2425.89,
                                                  "Total Cost": 69335.22,
                                                  "Plan Rows": 5091,
                                                  "Plan Width": 4,
                                                  "Inner Unique": true,
                                                  "Hash Cond": "(store_sales.ss_hdemo_sk = household_demographics.hd_demo_sk)",
                                                  "Plans": [
                                                    {
                                                      "Node Type": "Hash Join",
                                                      "Parent Relationship": "Outer",
                                                      "Parallel Aware": true,
                                                      "Join Type": "Inner",
                                                      "Startup Cost": 2172.19,
                                                      "Total Cost": 69020.70,
                                                      "Plan Rows": 23158,
                                                      "Plan Width": 8,
                                                      "Inner Unique": true,
                                                      "Hash Cond": "(store_sales.ss_sold_time_sk = time_dim.t_time_sk)",
                                                      "Plans": [
                                                        {
                                                          "Node Type": "Seq Scan",
                                                          "Parent Relationship": "Outer",
                                                          "Parallel Aware": true,
                                                          "Relation Name": "store_sales",
                                                          "Alias": "store_sales",
                                                          "Startup Cost": 0.00,
                                                          "Total Cost": 63697.87,
                                                          "Plan Rows": 1200187,
                                                          "Plan Width": 12
                                                        },
                                                        {
                                                          "Node Type": "Hash",
                                                          "Parent Relationship": "Inner",
                                                          "Parallel Aware": true,
                                                          "Startup Cost": 2159.35,
                                                          "Total Cost": 2159.35,
                                                          "Plan Rows": 1027,
                                                          "Plan Width": 4,
                                                          "Plans": [
                                                            {
                                                              "Node Type": "Seq Scan",
                                                              "Parent Relationship": "Outer",
                                                              "Parallel Aware": true,
                                                              "Relation Name": "time_dim",
                                                              "Alias": "time_dim",
                                                              "Startup Cost": 0.00,
                                                              "Total Cost": 2159.35,
                                                              "Plan Rows": 1027,
                                                              "Plan Width": 4,
                                                              "Filter": "((t_minute >= 30) AND (t_hour = 8))"
                                                            }
                                                          ]
                                                        }
                                                      ]
                                                    },
                                                    {
                                                      "Node Type": "Hash",
                                                      "Parent Relationship": "Inner",
                                                      "Parallel Aware": false,
                                                      "Startup Cost": 233.00,
                                                      "Total Cost": 233.00,
                                                      "Plan Rows": 1656,
                                                      "Plan Width": 4,
                                                      "Plans": [
                                                        {
                                                          "Node Type": "Seq Scan",
                                                          "Parent Relationship": "Outer",
                                                          "Parallel Aware": false,
                                                          "Relation Name": "household_demographics",
                                                          "Alias": "household_demographics",
                                                          "Startup Cost": 0.00,
                                                          "Total Cost": 233.00,
                                                          "Plan Rows": 1656,
                                                          "Plan Width": 4,
                                                          "Filter": "(((hd_dep_count = 1) AND (hd_vehicle_count <= 3)) OR ((hd_dep_count = 0) AND (hd_vehicle_count <= 2)) OR ((hd_dep_count = 3) AND (hd_vehicle_count <= 5)))"
                                                        }
                                                      ]
                                                    }
                                                  ]
                                                },
                                                {
                                                  "Node Type": "Hash",
                                                  "Parent Relationship": "Inner",
                                                  "Parallel Aware": false,
                                                  "Startup Cost": 1.15,
                                                  "Total Cost": 1.15,
                                                  "Plan Rows": 1,
                                                  "Plan Width": 4,
                                                  "Plans": [
                                                    {
                                                      "Node Type": "Seq Scan",
                                                      "Parent Relationship": "Outer",
                                                      "Parallel Aware": false,
                                                      "Relation Name": "store",
                                                      "Alias": "store",
                                                      "Startup Cost": 0.00,
                                                      "Total Cost": 1.15,
                                                      "Plan Rows": 1,
                                                      "Plan Width": 4,
                                                      "Filter": "((s_store_name)::text = 'ese'::text)"
                                                    }
                                                  ]
                                                }
                                              ]
                                            }
                                          ]
                                        }
                                      ]
                                    }
                                  ]
                                },
                                {
                                  "Node Type": "Aggregate",
                                  "Strategy": "Plain",
                                  "Partial Mode": "Finalize",
                                  "Parent Relationship": "Inner",
                                  "Parallel Aware": false,
                                  "Startup Cost": 70358.78,
                                  "Total Cost": 70358.79,
                                  "Plan Rows": 1,
                                  "Plan Width": 8,
                                  "Plans": [
                                    {
                                      "Node Type": "Gather",
                                      "Parent Relationship": "Outer",
                                      "Parallel Aware": false,
                                      "Startup Cost": 70358.56,
                                      "Total Cost": 70358.77,
                                      "Plan Rows": 2,
                                      "Plan Width": 8,
                                      "Workers Planned": 2,
                                      "Single Copy": false,
                                      "Plans": [
                                        {
                                          "Node Type": "Aggregate",
                                          "Strategy": "Plain",
                                          "Partial Mode": "Partial",
                                          "Parent Relationship": "Outer",
                                          "Parallel Aware": false,
                                          "Startup Cost": 69358.56,
                                          "Total Cost": 69358.57,
                                          "Plan Rows": 1,
                                          "Plan Width": 8,
                                          "Plans": [
                                            {
                                              "Node Type": "Hash Join",
                                              "Parent Relationship": "Outer",
                                              "Parallel Aware": false,
                                              "Join Type": "Inner",
                                              "Startup Cost": 2427.52,
                                              "Total Cost": 69357.51,
                                              "Plan Rows": 420,
                                              "Plan Width": 0,
                                              "Inner Unique": true,
                                              "Hash Cond": "(store_sales_1.ss_store_sk = store_1.s_store_sk)",
                                              "Plans": [
                                                {
                                                  "Node Type": "Hash Join",
                                                  "Parent Relationship": "Outer",
                                                  "Parallel Aware": false,
                                                  "Join Type": "Inner",
                                                  "Startup Cost": 2426.35,
                                                  "Total Cost": 69337.84,
                                                  "Plan Rows": 5272,
                                                  "Plan Width": 4,
                                                  "Inner Unique": true,
                                                  "Hash Cond": "(store_sales_1.ss_hdemo_sk = household_demographics_1.hd_demo_sk)",
                                                  "Plans": [
                                                    {
                                                      "Node Type": "Hash Join",
                                                      "Parent Relationship": "Outer",
                                                      "Parallel Aware": true,
                                                      "Join Type": "Inner",
                                                      "Startup Cost": 2172.65,
                                                      "Total Cost": 69021.16,
                                                      "Plan Rows": 23980,
                                                      "Plan Width": 8,
                                                      "Inner Unique": true,
                                                      "Hash Cond": "(store_sales_1.ss_sold_time_sk = time_dim_1.t_time_sk)",
                                                      "Plans": [
                                                        {
                                                          "Node Type": "Seq Scan",
                                                          "Parent Relationship": "Outer",
                                                          "Parallel Aware": true,
                                                          "Relation Name": "store_sales",
                                                          "Alias": "store_sales_1",
                                                          "Startup Cost": 0.00,
                                                          "Total Cost": 63697.87,
                                                          "Plan Rows": 1200187,
                                                          "Plan Width": 12
                                                        },
                                                        {
                                                          "Node Type": "Hash",
                                                          "Parent Relationship": "Inner",
                                                          "Parallel Aware": true,
                                                          "Startup Cost": 2159.35,
                                                          "Total Cost": 2159.35,
                                                          "Plan Rows": 1064,
                                                          "Plan Width": 4,
                                                          "Plans": [
                                                            {
                                                              "Node Type": "Seq Scan",
                                                              "Parent Relationship": "Outer",
                                                              "Parallel Aware": true,
                                                              "Relation Name": "time_dim",
                                                              "Alias": "time_dim_1",
                                                              "Startup Cost": 0.00,
                                                              "Total Cost": 2159.35,
                                                              "Plan Rows": 1064,
                                                              "Plan Width": 4,
                                                              "Filter": "((t_minute < 30) AND (t_hour = 9))"
                                                            }
                                                          ]
                                                        }
                                                      ]
                                                    },
                                                    {
                                                      "Node Type": "Hash",
                                                      "Parent Relationship": "Inner",
                                                      "Parallel Aware": false,
                                                      "Startup Cost": 233.00,
                                                      "Total Cost": 233.00,
                                                      "Plan Rows": 1656,
                                                      "Plan Width": 4,
                                                      "Plans": [
                                                        {
                                                          "Node Type": "Seq Scan",
                                                          "Parent Relationship": "Outer",
                                                          "Parallel Aware": false,
                                                          "Relation Name": "household_demographics",
                                                          "Alias": "household_demographics_1",
                                                          "Startup Cost": 0.00,
                                                          "Total Cost": 233.00,
                                                          "Plan Rows": 1656,
                                                          "Plan Width": 4,
                                                          "Filter": "(((hd_dep_count = 1) AND (hd_vehicle_count <= 3)) OR ((hd_dep_count = 0) AND (hd_vehicle_count <= 2)) OR ((hd_dep_count = 3) AND (hd_vehicle_count <= 5)))"
                                                        }
                                                      ]
                                                    }
                                                  ]
                                                },
                                                {
                                                  "Node Type": "Hash",
                                                  "Parent Relationship": "Inner",
                                                  "Parallel Aware": false,
                                                  "Startup Cost": 1.15,
                                                  "Total Cost": 1.15,
                                                  "Plan Rows": 1,
                                                  "Plan Width": 4,
                                                  "Plans": [
                                                    {
                                                      "Node Type": "Seq Scan",
                                                      "Parent Relationship": "Outer",
                                                      "Parallel Aware": false,
                                                      "Relation Name": "store",
                                                      "Alias": "store_1",
                                                      "Startup Cost": 0.00,
                                                      "Total Cost": 1.15,
                                                      "Plan Rows": 1,
                                                      "Plan Width": 4,
                                                      "Filter": "((s_store_name)::text = 'ese'::text)"
                                                    }
                                                  ]
                                                }
                                              ]
                                            }
                                          ]
                                        }
                                      ]
                                    }
                                  ]
                                }
                              ]
                            },
                            {
                              "Node Type": "Aggregate",
                              "Strategy": "Plain",
                              "Partial Mode": "Finalize",
                              "Parent Relationship": "Inner",
                              "Parallel Aware": false,
                              "Startup Cost": 70358.09,
                              "Total Cost": 70358.10,
                              "Plan Rows": 1,
                              "Plan Width": 8,
                              "Plans": [
                                {
                                  "Node Type": "Gather",
                                  "Parent Relationship": "Outer",
                                  "Parallel Aware": false,
                                  "Startup Cost": 70357.87,
                                  "Total Cost": 70358.08,
                                  "Plan Rows": 2,
                                  "Plan Width": 8,
                                  "Workers Planned": 2,
                                  "Single Copy": false,
                                  "Plans": [
                                    {
                                      "Node Type": "Aggregate",
                                      "Strategy": "Plain",
                                      "Partial Mode": "Partial",
                                      "Parent Relationship": "Outer",
                                      "Parallel Aware": false,
                                      "Startup Cost": 69357.87,
                                      "Total Cost": 69357.88,
                                      "Plan Rows": 1,
                                      "Plan Width": 8,
                                      "Plans": [
                                        {
                                          "Node Type": "Hash Join",
                                          "Parent Relationship": "Outer",
                                          "Parallel Aware": false,
                                          "Join Type": "Inner",
                                          "Startup Cost": 2427.42,
                                          "Total Cost": 69356.83,
                                          "Plan Rows": 417,
                                          "Plan Width": 0,
                                          "Inner Unique": true,
                                          "Hash Cond": "(store_sales_2.ss_store_sk = store_2.s_store_sk)",
                                          "Plans": [
                                            {
                                              "Node Type": "Hash Join",
                                              "Parent Relationship": "Outer",
                                              "Parallel Aware": false,
                                              "Join Type": "Inner",
                                              "Startup Cost": 2426.25,
                                              "Total Cost": 69337.29,
                                              "Plan Rows": 5234,
                                              "Plan Width": 4,
                                              "Inner Unique": true,
                                              "Hash Cond": "(store_sales_2.ss_hdemo_sk = household_demographics_2.hd_demo_sk)",
                                              "Plans": [
                                                {
                                                  "Node Type": "Hash Join",
                                                  "Parent Relationship": "Outer",
                                                  "Parallel Aware": true,
                                                  "Join Type": "Inner",
                                                  "Startup Cost": 2172.55,
                                                  "Total Cost": 69021.06,
                                                  "Plan Rows": 23808,
                                                  "Plan Width": 8,
                                                  "Inner Unique": true,
                                                  "Hash Cond": "(store_sales_2.ss_sold_time_sk = time_dim_2.t_time_sk)",
                                                  "Plans": [
                                                    {
                                                      "Node Type": "Seq Scan",
                                                      "Parent Relationship": "Outer",
                                                      "Parallel Aware": true,
                                                      "Relation Name": "store_sales",
                                                      "Alias": "store_sales_2",
                                                      "Startup Cost": 0.00,
                                                      "Total Cost": 63697.87,
                                                      "Plan Rows": 1200187,
                                                      "Plan Width": 12
                                                    },
                                                    {
                                                      "Node Type": "Hash",
                                                      "Parent Relationship": "Inner",
                                                      "Parallel Aware": true,
                                                      "Startup Cost": 2159.35,
                                                      "Total Cost": 2159.35,
                                                      "Plan Rows": 1056,
                                                      "Plan Width": 4,
                                                      "Plans": [
                                                        {
                                                          "Node Type": "Seq Scan",
                                                          "Parent Relationship": "Outer",
                                                          "Parallel Aware": true,
                                                          "Relation Name": "time_dim",
                                                          "Alias": "time_dim_2",
                                                          "Startup Cost": 0.00,
                                                          "Total Cost": 2159.35,
                                                          "Plan Rows": 1056,
                                                          "Plan Width": 4,
                                                          "Filter": "((t_minute >= 30) AND (t_hour = 9))"
                                                        }
                                                      ]
                                                    }
                                                  ]
                                                },
                                                {
                                                  "Node Type": "Hash",
                                                  "Parent Relationship": "Inner",
                                                  "Parallel Aware": false,
                                                  "Startup Cost": 233.00,
                                                  "Total Cost": 233.00,
                                                  "Plan Rows": 1656,
                                                  "Plan Width": 4,
                                                  "Plans": [
                                                    {
                                                      "Node Type": "Seq Scan",
                                                      "Parent Relationship": "Outer",
                                                      "Parallel Aware": false,
                                                      "Relation Name": "household_demographics",
                                                      "Alias": "household_demographics_2",
                                                      "Startup Cost": 0.00,
                                                      "Total Cost": 233.00,
                                                      "Plan Rows": 1656,
                                                      "Plan Width": 4,
                                                      "Filter": "(((hd_dep_count = 1) AND (hd_vehicle_count <= 3)) OR ((hd_dep_count = 0) AND (hd_vehicle_count <= 2)) OR ((hd_dep_count = 3) AND (hd_vehicle_count <= 5)))"
                                                    }
                                                  ]
                                                }
                                              ]
                                            },
                                            {
                                              "Node Type": "Hash",
                                              "Parent Relationship": "Inner",
                                              "Parallel Aware": false,
                                              "Startup Cost": 1.15,
                                              "Total Cost": 1.15,
                                              "Plan Rows": 1,
                                              "Plan Width": 4,
                                              "Plans": [
                                                {
                                                  "Node Type": "Seq Scan",
                                                  "Parent Relationship": "Outer",
                                                  "Parallel Aware": false,
                                                  "Relation Name": "store",
                                                  "Alias": "store_2",
                                                  "Startup Cost": 0.00,
                                                  "Total Cost": 1.15,
                                                  "Plan Rows": 1,
                                                  "Plan Width": 4,
                                                  "Filter": "((s_store_name)::text = 'ese'::text)"
                                                }
                                              ]
                                            }
                                          ]
                                        }
                                      ]
                                    }
                                  ]
                                }
                              ]
                            }
                          ]
                        },
                        {
                          "Node Type": "Aggregate",
                          "Strategy": "Plain",
                          "Partial Mode": "Finalize",
                          "Parent Relationship": "Inner",
                          "Parallel Aware": false,
                          "Startup Cost": 70354.31,
                          "Total Cost": 70354.32,
                          "Plan Rows": 1,
                          "Plan Width": 8,
                          "Plans": [
                            {
                              "Node Type": "Gather",
                              "Parent Relationship": "Outer",
                              "Parallel Aware": false,
                              "Startup Cost": 70354.10,
                              "Total Cost": 70354.31,
                              "Plan Rows": 2,
                              "Plan Width": 8,
                              "Workers Planned": 2,
                              "Single Copy": false,
                              "Plans": [
                                {
                                  "Node Type": "Aggregate",
                                  "Strategy": "Plain",
                                  "Partial Mode": "Partial",
                                  "Parent Relationship": "Outer",
                                  "Parallel Aware": false,
                                  "Startup Cost": 69354.10,
                                  "Total Cost": 69354.11,
                                  "Plan Rows": 1,
                                  "Plan Width": 8,
                                  "Plans": [
                                    {
                                      "Node Type": "Hash Join",
                                      "Parent Relationship": "Outer",
                                      "Parallel Aware": false,
                                      "Join Type": "Inner",
                                      "Startup Cost": 2426.89,
                                      "Total Cost": 69353.10,
                                      "Plan Rows": 400,
                                      "Plan Width": 0,
                                      "Inner Unique": true,
                                      "Hash Cond": "(store_sales_3.ss_store_sk = store_3.s_store_sk)",
                                      "Plans": [
                                        {
                                          "Node Type": "Hash Join",
                                          "Parent Relationship": "Outer",
                                          "Parallel Aware": false,
                                          "Join Type": "Inner",
                                          "Startup Cost": 2425.73,
                                          "Total Cost": 69334.29,
                                          "Plan Rows": 5027,
                                          "Plan Width": 4,
                                          "Inner Unique": true,
                                          "Hash Cond": "(store_sales_3.ss_hdemo_sk = household_demographics_3.hd_demo_sk)",
                                          "Plans": [
                                            {
                                              "Node Type": "Hash Join",
                                              "Parent Relationship": "Outer",
                                              "Parallel Aware": true,
                                              "Join Type": "Inner",
                                              "Startup Cost": 2172.03,
                                              "Total Cost": 69020.53,
                                              "Plan Rows": 22866,
                                              "Plan Width": 8,
                                              "Inner Unique": true,
                                              "Hash Cond": "(store_sales_3.ss_sold_time_sk = time_dim_3.t_time_sk)",
                                              "Plans": [
                                                {
                                                  "Node Type": "Seq Scan",
                                                  "Parent Relationship": "Outer",
                                                  "Parallel Aware": true,
                                                  "Relation Name": "store_sales",
                                                  "Alias": "store_sales_3",
                                                  "Startup Cost": 0.00,
                                                  "Total Cost": 63697.87,
                                                  "Plan Rows": 1200187,
                                                  "Plan Width": 12
                                                },
                                                {
                                                  "Node Type": "Hash",
                                                  "Parent Relationship": "Inner",
                                                  "Parallel Aware": true,
                                                  "Startup Cost": 2159.35,
                                                  "Total Cost": 2159.35,
                                                  "Plan Rows": 1014,
                                                  "Plan Width": 4,
                                                  "Plans": [
                                                    {
                                                      "Node Type": "Seq Scan",
                                                      "Parent Relationship": "Outer",
                                                      "Parallel Aware": true,
                                                      "Relation Name": "time_dim",
                                                      "Alias": "time_dim_3",
                                                      "Startup Cost": 0.00,
                                                      "Total Cost": 2159.35,
                                                      "Plan Rows": 1014,
                                                      "Plan Width": 4,
                                                      "Filter": "((t_minute < 30) AND (t_hour = 10))"
                                                    }
                                                  ]
                                                }
                                              ]
                                            },
                                            {
                                              "Node Type": "Hash",
                                              "Parent Relationship": "Inner",
                                              "Parallel Aware": false,
                                              "Startup Cost": 233.00,
                                              "Total Cost": 233.00,
                                              "Plan Rows": 1656,
                                              "Plan Width": 4,
                                              "Plans": [
                                                {
                                                  "Node Type": "Seq Scan",
                                                  "Parent Relationship": "Outer",
                                                  "Parallel Aware": false,
                                                  "Relation Name": "household_demographics",
                                                  "Alias": "household_demographics_3",
                                                  "Startup Cost": 0.00,
                                                  "Total Cost": 233.00,
                                                  "Plan Rows": 1656,
                                                  "Plan Width": 4,
                                                  "Filter": "(((hd_dep_count = 1) AND (hd_vehicle_count <= 3)) OR ((hd_dep_count = 0) AND (hd_vehicle_count <= 2)) OR ((hd_dep_count = 3) AND (hd_vehicle_count <= 5)))"
                                                }
                                              ]
                                            }
                                          ]
                                        },
                                        {
                                          "Node Type": "Hash",
                                          "Parent Relationship": "Inner",
                                          "Parallel Aware": false,
                                          "Startup Cost": 1.15,
                                          "Total Cost": 1.15,
                                          "Plan Rows": 1,
                                          "Plan Width": 4,
                                          "Plans": [
                                            {
                                              "Node Type": "Seq Scan",
                                              "Parent Relationship": "Outer",
                                              "Parallel Aware": false,
                                              "Relation Name": "store",
                                              "Alias": "store_3",
                                              "Startup Cost": 0.00,
                                              "Total Cost": 1.15,
                                              "Plan Rows": 1,
                                              "Plan Width": 4,
                                              "Filter": "((s_store_name)::text = 'ese'::text)"
                                            }
                                          ]
                                        }
                                      ]
                                    }
                                  ]
                                }
                              ]
                            }
                          ]
                        }
                      ]
                    },
                    {
                      "Node Type": "Aggregate",
                      "Strategy": "Plain",
                      "Partial Mode": "Finalize",
                      "Parent Relationship": "Inner",
                      "Parallel Aware": false,
                      "Startup Cost": 70353.68,
                      "Total Cost": 70353.69,
                      "Plan Rows": 1,
                      "Plan Width": 8,
                      "Plans": [
                        {
                          "Node Type": "Gather",
                          "Parent Relationship": "Outer",
                          "Parallel Aware": false,
                          "Startup Cost": 70353.46,
                          "Total Cost": 70353.67,
                          "Plan Rows": 2,
                          "Plan Width": 8,
                          "Workers Planned": 2,
                          "Single Copy": false,
                          "Plans": [
                            {
                              "Node Type": "Aggregate",
                              "Strategy": "Plain",
                              "Partial Mode": "Partial",
                              "Parent Relationship": "Outer",
                              "Parallel Aware": false,
                              "Startup Cost": 69353.46,
                              "Total Cost": 69353.47,
                              "Plan Rows": 1,
                              "Plan Width": 8,
                              "Plans": [
                                {
                                  "Node Type": "Hash Join",
                                  "Parent Relationship": "Outer",
                                  "Parallel Aware": false,
                                  "Join Type": "Inner",
                                  "Startup Cost": 2426.80,
                                  "Total Cost": 69352.47,
                                  "Plan Rows": 398,
                                  "Plan Width": 0,
                                  "Inner Unique": true,
                                  "Hash Cond": "(store_sales_4.ss_store_sk = store_4.s_store_sk)",
                                  "Plans": [
                                    {
                                      "Node Type": "Hash Join",
                                      "Parent Relationship": "Outer",
                                      "Parallel Aware": false,
                                      "Join Type": "Inner",
                                      "Startup Cost": 2425.64,
                                      "Total Cost": 69333.79,
                                      "Plan Rows": 4992,
                                      "Plan Width": 4,
                                      "Inner Unique": true,
                                      "Hash Cond": "(store_sales_4.ss_hdemo_sk = household_demographics_4.hd_demo_sk)",
                                      "Plans": [
                                        {
                                          "Node Type": "Hash Join",
                                          "Parent Relationship": "Outer",
                                          "Parallel Aware": true,
                                          "Join Type": "Inner",
                                          "Startup Cost": 2171.94,
                                          "Total Cost": 69020.45,
                                          "Plan Rows": 22707,
                                          "Plan Width": 8,
                                          "Inner Unique": true,
                                          "Hash Cond": "(store_sales_4.ss_sold_time_sk = time_dim_4.t_time_sk)",
                                          "Plans": [
                                            {
                                              "Node Type": "Seq Scan",
                                              "Parent Relationship": "Outer",
                                              "Parallel Aware": true,
                                              "Relation Name": "store_sales",
                                              "Alias": "store_sales_4",
                                              "Startup Cost": 0.00,
                                              "Total Cost": 63697.87,
                                              "Plan Rows": 1200187,
                                              "Plan Width": 12
                                            },
                                            {
                                              "Node Type": "Hash",
                                              "Parent Relationship": "Inner",
                                              "Parallel Aware": true,
                                              "Startup Cost": 2159.35,
                                              "Total Cost": 2159.35,
                                              "Plan Rows": 1007,
                                              "Plan Width": 4,
                                              "Plans": [
                                                {
                                                  "Node Type": "Seq Scan",
                                                  "Parent Relationship": "Outer",
                                                  "Parallel Aware": true,
                                                  "Relation Name": "time_dim",
                                                  "Alias": "time_dim_4",
                                                  "Startup Cost": 0.00,
                                                  "Total Cost": 2159.35,
                                                  "Plan Rows": 1007,
                                                  "Plan Width": 4,
                                                  "Filter": "((t_minute >= 30) AND (t_hour = 10))"
                                                }
                                              ]
                                            }
                                          ]
                                        },
                                        {
                                          "Node Type": "Hash",
                                          "Parent Relationship": "Inner",
                                          "Parallel Aware": false,
                                          "Startup Cost": 233.00,
                                          "Total Cost": 233.00,
                                          "Plan Rows": 1656,
                                          "Plan Width": 4,
                                          "Plans": [
                                            {
                                              "Node Type": "Seq Scan",
                                              "Parent Relationship": "Outer",
                                              "Parallel Aware": false,
                                              "Relation Name": "household_demographics",
                                              "Alias": "household_demographics_4",
                                              "Startup Cost": 0.00,
                                              "Total Cost": 233.00,
                                              "Plan Rows": 1656,
                                              "Plan Width": 4,
                                              "Filter": "(((hd_dep_count = 1) AND (hd_vehicle_count <= 3)) OR ((hd_dep_count = 0) AND (hd_vehicle_count <= 2)) OR ((hd_dep_count = 3) AND (hd_vehicle_count <= 5)))"
                                            }
                                          ]
                                        }
                                      ]
                                    },
                                    {
                                      "Node Type": "Hash",
                                      "Parent Relationship": "Inner",
                                      "Parallel Aware": false,
                                      "Startup Cost": 1.15,
                                      "Total Cost": 1.15,
                                      "Plan Rows": 1,
                                      "Plan Width": 4,
                                      "Plans": [
                                        {
                                          "Node Type": "Seq Scan",
                                          "Parent Relationship": "Outer",
                                          "Parallel Aware": false,
                                          "Relation Name": "store",
                                          "Alias": "store_4",
                                          "Startup Cost": 0.00,
                                          "Total Cost": 1.15,
                                          "Plan Rows": 1,
                                          "Plan Width": 4,
                                          "Filter": "((s_store_name)::text = 'ese'::text)"
                                        }
                                      ]
                                    }
                                  ]
                                }
                              ]
                            }
                          ]
                        }
                      ]
                    }
                  ]
                },
                {
                  "Node Type": "Aggregate",
                  "Strategy": "Plain",
                  "Partial Mode": "Finalize",
                  "Parent Relationship": "Inner",
                  "Parallel Aware": false,
                  "Startup Cost": 70359.29,
                  "Total Cost": 70359.30,
                  "Plan Rows": 1,
                  "Plan Width": 8,
                  "Plans": [
                    {
                      "Node Type": "Gather",
                      "Parent Relationship": "Outer",
                      "Parallel Aware": false,
                      "Startup Cost": 70359.08,
                      "Total Cost": 70359.29,
                      "Plan Rows": 2,
                      "Plan Width": 8,
                      "Workers Planned": 2,
                      "Single Copy": false,
                      "Plans": [
                        {
                          "Node Type": "Aggregate",
                          "Strategy": "Plain",
                          "Partial Mode": "Partial",
                          "Parent Relationship": "Outer",
                          "Parallel Aware": false,
                          "Startup Cost": 69359.08,
                          "Total Cost": 69359.09,
                          "Plan Rows": 1,
                          "Plan Width": 8,
                          "Plans": [
                            {
                              "Node Type": "Hash Join",
                              "Parent Relationship": "Outer",
                              "Parallel Aware": false,
                              "Join Type": "Inner",
                              "Startup Cost": 2427.58,
                              "Total Cost": 69358.02,
                              "Plan Rows": 422,
                              "Plan Width": 0,
                              "Inner Unique": true,
                              "Hash Cond": "(store_sales_5.ss_store_sk = store_5.s_store_sk)",
                              "Plans": [
                                {
                                  "Node Type": "Hash Join",
                                  "Parent Relationship": "Outer",
                                  "Parallel Aware": false,
                                  "Join Type": "Inner",
                                  "Startup Cost": 2426.42,
                                  "Total Cost": 69338.25,
                                  "Plan Rows": 5301,
                                  "Plan Width": 4,
                                  "Inner Unique": true,
                                  "Hash Cond": "(store_sales_5.ss_hdemo_sk = household_demographics_5.hd_demo_sk)",
                                  "Plans": [
                                    {
                                      "Node Type": "Hash Join",
                                      "Parent Relationship": "Outer",
                                      "Parallel Aware": true,
                                      "Join Type": "Inner",
                                      "Startup Cost": 2172.72,
                                      "Total Cost": 69021.22,
                                      "Plan Rows": 24112,
                                      "Plan Width": 8,
                                      "Inner Unique": true,
                                      "Hash Cond": "(store_sales_5.ss_sold_time_sk = time_dim_5.t_time_sk)",
                                      "Plans": [
                                        {
                                          "Node Type": "Seq Scan",
                                          "Parent Relationship": "Outer",
                                          "Parallel Aware": true,
                                          "Relation Name": "store_sales",
                                          "Alias": "store_sales_5",
                                          "Startup Cost": 0.00,
                                          "Total Cost": 63697.87,
                                          "Plan Rows": 1200187,
                                          "Plan Width": 12
                                        },
                                        {
                                          "Node Type": "Hash",
                                          "Parent Relationship": "Inner",
                                          "Parallel Aware": true,
                                          "Startup Cost": 2159.35,
                                          "Total Cost": 2159.35,
                                          "Plan Rows": 1069,
                                          "Plan Width": 4,
                                          "Plans": [
                                            {
                                              "Node Type": "Seq Scan",
                                              "Parent Relationship": "Outer",
                                              "Parallel Aware": true,
                                              "Relation Name": "time_dim",
                                              "Alias": "time_dim_5",
                                              "Startup Cost": 0.00,
                                              "Total Cost": 2159.35,
                                              "Plan Rows": 1069,
                                              "Plan Width": 4,
                                              "Filter": "((t_minute < 30) AND (t_hour = 11))"
                                            }
                                          ]
                                        }
                                      ]
                                    },
                                    {
                                      "Node Type": "Hash",
                                      "Parent Relationship": "Inner",
                                      "Parallel Aware": false,
                                      "Startup Cost": 233.00,
                                      "Total Cost": 233.00,
                                      "Plan Rows": 1656,
                                      "Plan Width": 4,
                                      "Plans": [
                                        {
                                          "Node Type": "Seq Scan",
                                          "Parent Relationship": "Outer",
                                          "Parallel Aware": false,
                                          "Relation Name": "household_demographics",
                                          "Alias": "household_demographics_5",
                                          "Startup Cost": 0.00,
                                          "Total Cost": 233.00,
                                          "Plan Rows": 1656,
                                          "Plan Width": 4,
                                          "Filter": "(((hd_dep_count = 1) AND (hd_vehicle_count <= 3)) OR ((hd_dep_count = 0) AND (hd_vehicle_count <= 2)) OR ((hd_dep_count = 3) AND (hd_vehicle_count <= 5)))"
                                        }
                                      ]
                                    }
                                  ]
                                },
                                {
                                  "Node Type": "Hash",
                                  "Parent Relationship": "Inner",
                                  "Parallel Aware": false,
                                  "Startup Cost": 1.15,
                                  "Total Cost": 1.15,
                                  "Plan Rows": 1,
                                  "Plan Width": 4,
                                  "Plans": [
                                    {
                                      "Node Type": "Seq Scan",
                                      "Parent Relationship": "Outer",
                                      "Parallel Aware": false,
                                      "Relation Name": "store",
                                      "Alias": "store_5",
                                      "Startup Cost": 0.00,
                                      "Total Cost": 1.15,
                                      "Plan Rows": 1,
                                      "Plan Width": 4,
                                      "Filter": "((s_store_name)::text = 'ese'::text)"
                                    }
                                  ]
                                }
                              ]
                            }
                          ]
                        }
                      ]
                    }
                  ]
                }
              ]
            },
            {
              "Node Type": "Aggregate",
              "Strategy": "Plain",
              "Partial Mode": "Finalize",
              "Parent Relationship": "Inner",
              "Parallel Aware": false,
              "Startup Cost": 70358.61,
              "Total Cost": 70358.62,
              "Plan Rows": 1,
              "Plan Width": 8,
              "Plans": [
                {
                  "Node Type": "Gather",
                  "Parent Relationship": "Outer",
                  "Parallel Aware": false,
                  "Startup Cost": 70358.40,
                  "Total Cost": 70358.61,
                  "Plan Rows": 2,
                  "Plan Width": 8,
                  "Workers Planned": 2,
                  "Single Copy": false,
                  "Plans": [
                    {
                      "Node Type": "Aggregate",
                      "Strategy": "Plain",
                      "Partial Mode": "Partial",
                      "Parent Relationship": "Outer",
                      "Parallel Aware": false,
                      "Startup Cost": 69358.40,
                      "Total Cost": 69358.41,
                      "Plan Rows": 1,
                      "Plan Width": 8,
                      "Plans": [
                        {
                          "Node Type": "Hash Join",
                          "Parent Relationship": "Outer",
                          "Parallel Aware": false,
                          "Join Type": "Inner",
                          "Startup Cost": 2427.49,
                          "Total Cost": 69357.35,
                          "Plan Rows": 419,
                          "Plan Width": 0,
                          "Inner Unique": true,
                          "Hash Cond": "(store_sales_6.ss_store_sk = store_6.s_store_sk)",
                          "Plans": [
                            {
                              "Node Type": "Hash Join",
                              "Parent Relationship": "Outer",
                              "Parallel Aware": false,
                              "Join Type": "Inner",
                              "Startup Cost": 2426.33,
                              "Total Cost": 69337.71,
                              "Plan Rows": 5263,
                              "Plan Width": 4,
                              "Inner Unique": true,
                              "Hash Cond": "(store_sales_6.ss_hdemo_sk = household_demographics_6.hd_demo_sk)",
                              "Plans": [
                                {
                                  "Node Type": "Hash Join",
                                  "Parent Relationship": "Outer",
                                  "Parallel Aware": true,
                                  "Join Type": "Inner",
                                  "Startup Cost": 2172.63,
                                  "Total Cost": 69021.13,
                                  "Plan Rows": 23940,
                                  "Plan Width": 8,
                                  "Inner Unique": true,
                                  "Hash Cond": "(store_sales_6.ss_sold_time_sk = time_dim_6.t_time_sk)",
                                  "Plans": [
                                    {
                                      "Node Type": "Seq Scan",
                                      "Parent Relationship": "Outer",
                                      "Parallel Aware": true,
                                      "Relation Name": "store_sales",
                                      "Alias": "store_sales_6",
                                      "Startup Cost": 0.00,
                                      "Total Cost": 63697.87,
                                      "Plan Rows": 1200187,
                                      "Plan Width": 12
                                    },
                                    {
                                      "Node Type": "Hash",
                                      "Parent Relationship": "Inner",
                                      "Parallel Aware": true,
                                      "Startup Cost": 2159.35,
                                      "Total Cost": 2159.35,
                                      "Plan Rows": 1062,
                                      "Plan Width": 4,
                                      "Plans": [
                                        {
                                          "Node Type": "Seq Scan",
                                          "Parent Relationship": "Outer",
                                          "Parallel Aware": true,
                                          "Relation Name": "time_dim",
                                          "Alias": "time_dim_6",
                                          "Startup Cost": 0.00,
                                          "Total Cost": 2159.35,
                                          "Plan Rows": 1062,
                                          "Plan Width": 4,
                                          "Filter": "((t_minute >= 30) AND (t_hour = 11))"
                                        }
                                      ]
                                    }
                                  ]
                                },
                                {
                                  "Node Type": "Hash",
                                  "Parent Relationship": "Inner",
                                  "Parallel Aware": false,
                                  "Startup Cost": 233.00,
                                  "Total Cost": 233.00,
                                  "Plan Rows": 1656,
                                  "Plan Width": 4,
                                  "Plans": [
                                    {
                                      "Node Type": "Seq Scan",
                                      "Parent Relationship": "Outer",
                                      "Parallel Aware": false,
                                      "Relation Name": "household_demographics",
                                      "Alias": "household_demographics_6",
                                      "Startup Cost": 0.00,
                                      "Total Cost": 233.00,
                                      "Plan Rows": 1656,
                                      "Plan Width": 4,
                                      "Filter": "(((hd_dep_count = 1) AND (hd_vehicle_count <= 3)) OR ((hd_dep_count = 0) AND (hd_vehicle_count <= 2)) OR ((hd_dep_count = 3) AND (hd_vehicle_count <= 5)))"
                                    }
                                  ]
                                }
                              ]
                            },
                            {
                              "Node Type": "Hash",
                              "Parent Relationship": "Inner",
                              "Parallel Aware": false,
                              "Startup Cost": 1.15,
                              "Total Cost": 1.15,
                              "Plan Rows": 1,
                              "Plan Width": 4,
                              "Plans": [
                                {
                                  "Node Type": "Seq Scan",
                                  "Parent Relationship": "Outer",
                                  "Parallel Aware": false,
                                  "Relation Name": "store",
                                  "Alias": "store_6",
                                  "Startup Cost": 0.00,
                                  "Total Cost": 1.15,
                                  "Plan Rows": 1,
                                  "Plan Width": 4,
                                  "Filter": "((s_store_name)::text = 'ese'::text)"
                                }
                              ]
                            }
                          ]
                        }
                      ]
                    }
                  ]
                }
              ]
            }
          ]
        },
        {
          "Node Type": "Aggregate",
          "Strategy": "Plain",
          "Partial Mode": "Finalize",
          "Parent Relationship": "Inner",
          "Parallel Aware": false,
          "Startup Cost": 70359.25,
          "Total Cost": 70359.26,
          "Plan Rows": 1,
          "Plan Width": 8,
          "Plans": [
            {
              "Node Type": "Gather",
              "Parent Relationship": "Outer",
              "Parallel Aware": false,
              "Startup Cost": 70359.03,
              "Total Cost": 70359.24,
              "Plan Rows": 2,
              "Plan Width": 8,
              "Workers Planned": 2,
              "Single Copy": false,
              "Plans": [
                {
                  "Node Type": "Aggregate",
                  "Strategy": "Plain",
                  "Partial Mode": "Partial",
                  "Parent Relationship": "Outer",
                  "Parallel Aware": false,
                  "Startup Cost": 69359.03,
                  "Total Cost": 69359.04,
                  "Plan Rows": 1,
                  "Plan Width": 8,
                  "Plans": [
                    {
                      "Node Type": "Hash Join",
                      "Parent Relationship": "Outer",
                      "Parallel Aware": false,
                      "Join Type": "Inner",
                      "Startup Cost": 2427.58,
                      "Total Cost": 69357.98,
                      "Plan Rows": 422,
                      "Plan Width": 0,
                      "Inner Unique": true,
                      "Hash Cond": "(store_sales_7.ss_store_sk = store_7.s_store_sk)",
                      "Plans": [
                        {
                          "Node Type": "Hash Join",
                          "Parent Relationship": "Outer",
                          "Parallel Aware": false,
                          "Join Type": "Inner",
                          "Startup Cost": 2426.42,
                          "Total Cost": 69338.22,
                          "Plan Rows": 5298,
                          "Plan Width": 4,
                          "Inner Unique": true,
                          "Hash Cond": "(store_sales_7.ss_hdemo_sk = household_demographics_7.hd_demo_sk)",
                          "Plans": [
                            {
                              "Node Type": "Hash Join",
                              "Parent Relationship": "Outer",
                              "Parallel Aware": true,
                              "Join Type": "Inner",
                              "Startup Cost": 2172.72,
                              "Total Cost": 69021.22,
                              "Plan Rows": 24099,
                              "Plan Width": 8,
                              "Inner Unique": true,
                              "Hash Cond": "(store_sales_7.ss_sold_time_sk = time_dim_7.t_time_sk)",
                              "Plans": [
                                {
                                  "Node Type": "Seq Scan",
                                  "Parent Relationship": "Outer",
                                  "Parallel Aware": true,
                                  "Relation Name": "store_sales",
                                  "Alias": "store_sales_7",
                                  "Startup Cost": 0.00,
                                  "Total Cost": 63697.87,
                                  "Plan Rows": 1200187,
                                  "Plan Width": 12
                                },
                                {
                                  "Node Type": "Hash",
                                  "Parent Relationship": "Inner",
                                  "Parallel Aware": true,
                                  "Startup Cost": 2159.35,
                                  "Total Cost": 2159.35,
                                  "Plan Rows": 1069,
                                  "Plan Width": 4,
                                  "Plans": [
                                    {
                                      "Node Type": "Seq Scan",
                                      "Parent Relationship": "Outer",
                                      "Parallel Aware": true,
                                      "Relation Name": "time_dim",
                                      "Alias": "time_dim_7",
                                      "Startup Cost": 0.00,
                                      "Total Cost": 2159.35,
                                      "Plan Rows": 1069,
                                      "Plan Width": 4,
                                      "Filter": "((t_minute < 30) AND (t_hour = 12))"
                                    }
                                  ]
                                }
                              ]
                            },
                            {
                              "Node Type": "Hash",
                              "Parent Relationship": "Inner",
                              "Parallel Aware": false,
                              "Startup Cost": 233.00,
                              "Total Cost": 233.00,
                              "Plan Rows": 1656,
                              "Plan Width": 4,
                              "Plans": [
                                {
                                  "Node Type": "Seq Scan",
                                  "Parent Relationship": "Outer",
                                  "Parallel Aware": false,
                                  "Relation Name": "household_demographics",
                                  "Alias": "household_demographics_7",
                                  "Startup Cost": 0.00,
                                  "Total Cost": 233.00,
                                  "Plan Rows": 1656,
                                  "Plan Width": 4,
                                  "Filter": "(((hd_dep_count = 1) AND (hd_vehicle_count <= 3)) OR ((hd_dep_count = 0) AND (hd_vehicle_count <= 2)) OR ((hd_dep_count = 3) AND (hd_vehicle_count <= 5)))"
                                }
                              ]
                            }
                          ]
                        },
                        {
                          "Node Type": "Hash",
                          "Parent Relationship": "Inner",
                          "Parallel Aware": false,
                          "Startup Cost": 1.15,
                          "Total Cost": 1.15,
                          "Plan Rows": 1,
                          "Plan Width": 4,
                          "Plans": [
                            {
                              "Node Type": "Seq Scan",
                              "Parent Relationship": "Outer",
                              "Parallel Aware": false,
                              "Relation Name": "store",
                              "Alias": "store_7",
                              "Startup Cost": 0.00,
                              "Total Cost": 1.15,
                              "Plan Rows": 1,
                              "Plan Width": 4,
                              "Filter": "((s_store_name)::text = 'ese'::text)"
                            }
                          ]
                        }
                      ]
                    }
                  ]
                }
              ]
            }
          ]
        }
      ]
    }
  }
]
