                                                            QUERY PLAN                                                             
-----------------------------------------------------------------------------------------------------------------------------------
 [                                                                                                                                +
   {                                                                                                                              +
     "Plan": {                                                                                                                    +
       "Node Type": "Aggregate",                                                                                                  +
       "Strategy": "Plain",                                                                                                       +
       "Partial Mode": "Simple",                                                                                                  +
       "Parallel Aware": false,                                                                                                   +
       "Startup Cost": 150982.53,                                                                                                 +
       "Total Cost": 150982.54,                                                                                                   +
       "Plan Rows": 1,                                                                                                            +
       "Plan Width": 8,                                                                                                           +
       "Plans": [                                                                                                                 +
         {                                                                                                                        +
           "Node Type": "Subquery Scan",                                                                                          +
           "Parent Relationship": "Outer",                                                                                        +
           "Parallel Aware": false,                                                                                               +
           "Alias": "cool_cust",                                                                                                  +
           "Startup Cost": 73032.09,                                                                                              +
           "Total Cost": 150950.52,                                                                                               +
           "Plan Rows": 12804,                                                                                                    +
           "Plan Width": 0,                                                                                                       +
           "Plans": [                                                                                                             +
             {                                                                                                                    +
               "Node Type": "SetOp",                                                                                              +
               "Strategy": "Hashed",                                                                                              +
               "Parent Relationship": "Subquery",                                                                                 +
               "Parallel Aware": false,                                                                                           +
               "Command": "Except",                                                                                               +
               "Startup Cost": 73032.09,                                                                                          +
               "Total Cost": 150822.48,                                                                                           +
               "Plan Rows": 12804,                                                                                                +
               "Plan Width": 216,                                                                                                 +
               "Plans": [                                                                                                         +
                 {                                                                                                                +
                   "Node Type": "Append",                                                                                         +
                   "Parent Relationship": "Outer",                                                                                +
                   "Parallel Aware": false,                                                                                       +
                   "Startup Cost": 73032.09,                                                                                      +
                   "Total Cost": 150700.17,                                                                                       +
                   "Plan Rows": 16309,                                                                                            +
                   "Plan Width": 216,                                                                                             +
                   "Plans": [                                                                                                     +
                     {                                                                                                            +
                       "Node Type": "Result",                                                                                     +
                       "Parent Relationship": "Member",                                                                           +
                       "Parallel Aware": false,                                                                                   +
                       "Startup Cost": 73032.09,                                                                                  +
                       "Total Cost": 123910.88,                                                                                   +
                       "Plan Rows": 12804,                                                                                        +
                       "Plan Width": 216,                                                                                         +
                       "Plans": [                                                                                                 +
                         {                                                                                                        +
                           "Node Type": "SetOp",                                                                                  +
                           "Strategy": "Hashed",                                                                                  +
                           "Parent Relationship": "Outer",                                                                        +
                           "Parallel Aware": false,                                                                               +
                           "Command": "Except",                                                                                   +
                           "Startup Cost": 73032.09,                                                                              +
                           "Total Cost": 123782.84,                                                                               +
                           "Plan Rows": 12804,                                                                                    +
                           "Plan Width": 216,                                                                                     +
                           "Plans": [                                                                                             +
                             {                                                                                                    +
                               "Node Type": "Append",                                                                             +
                               "Parent Relationship": "Outer",                                                                    +
                               "Parallel Aware": false,                                                                           +
                               "Startup Cost": 73032.09,                                                                          +
                               "Total Cost": 123634.64,                                                                           +
                               "Plan Rows": 19761,                                                                                +
                               "Plan Width": 216,                                                                                 +
                               "Plans": [                                                                                         +
                                 {                                                                                                +
                                   "Node Type": "Subquery Scan",                                                                  +
                                   "Parent Relationship": "Member",                                                               +
                                   "Parallel Aware": false,                                                                       +
                                   "Alias": "*SELECT* 1",                                                                         +
                                   "Startup Cost": 73032.09,                                                                      +
                                   "Total Cost": 73288.17,                                                                        +
                                   "Plan Rows": 12804,                                                                            +
                                   "Plan Width": 60,                                                                              +
                                   "Plans": [                                                                                     +
                                     {                                                                                            +
                                       "Node Type": "Aggregate",                                                                  +
                                       "Strategy": "Hashed",                                                                      +
                                       "Partial Mode": "Simple",                                                                  +
                                       "Parent Relationship": "Subquery",                                                         +
                                       "Parallel Aware": false,                                                                   +
                                       "Startup Cost": 73032.09,                                                                  +
                                       "Total Cost": 73160.13,                                                                    +
                                       "Plan Rows": 12804,                                                                        +
                                       "Plan Width": 56,                                                                          +
                                       "Group Key": ["customer.c_last_name", "customer.c_first_name", "date_dim.d_date"],         +
                                       "Plans": [                                                                                 +
                                         {                                                                                        +
                                           "Node Type": "Gather",                                                                 +
                                           "Parent Relationship": "Outer",                                                        +
                                           "Parallel Aware": false,                                                               +
                                           "Startup Cost": 3052.46,                                                               +
                                           "Total Cost": 72936.06,                                                                +
                                           "Plan Rows": 12804,                                                                    +
                                           "Plan Width": 56,                                                                      +
                                           "Workers Planned": 2,                                                                  +
                                           "Single Copy": false,                                                                  +
                                           "Plans": [                                                                             +
                                             {                                                                                    +
                                               "Node Type": "Nested Loop",                                                        +
                                               "Parent Relationship": "Outer",                                                    +
                                               "Parallel Aware": false,                                                           +
                                               "Join Type": "Inner",                                                              +
                                               "Startup Cost": 2052.46,                                                           +
                                               "Total Cost": 70655.66,                                                            +
                                               "Plan Rows": 5335,                                                                 +
                                               "Plan Width": 56,                                                                  +
                                               "Inner Unique": true,                                                              +
                                               "Plans": [                                                                         +
                                                 {                                                                                +
                                                   "Node Type": "Hash Join",                                                      +
                                                   "Parent Relationship": "Outer",                                                +
                                                   "Parallel Aware": true,                                                        +
                                                   "Join Type": "Inner",                                                          +
                                                   "Startup Cost": 2052.16,                                                       +
                                                   "Total Cost": 68900.70,                                                        +
                                                   "Plan Rows": 5585,                                                             +
                                                   "Plan Width": 8,                                                               +
                                                   "Inner Unique": true,                                                          +
                                                   "Hash Cond": "(store_sales.ss_sold_date_sk = date_dim.d_date_sk)",             +
                                                   "Plans": [                                                                     +
                                                     {                                                                            +
                                                       "Node Type": "Seq Scan",                                                   +
                                                       "Parent Relationship": "Outer",                                            +
                                                       "Parallel Aware": true,                                                    +
                                                       "Relation Name": "store_sales",                                            +
                                                       "Alias": "store_sales",                                                    +
                                                       "Startup Cost": 0.00,                                                      +
                                                       "Total Cost": 63697.87,                                                    +
                                                       "Plan Rows": 1200187,                                                      +
                                                       "Plan Width": 8                                                            +
                                                     },                                                                           +
                                                     {                                                                            +
                                                       "Node Type": "Hash",                                                       +
                                                       "Parent Relationship": "Inner",                                            +
                                                       "Parallel Aware": true,                                                    +
                                                       "Startup Cost": 2049.55,                                                   +
                                                       "Total Cost": 2049.55,                                                     +
                                                       "Plan Rows": 209,                                                          +
                                                       "Plan Width": 8,                                                           +
                                                       "Plans": [                                                                 +
                                                         {                                                                        +
                                                           "Node Type": "Seq Scan",                                               +
                                                           "Parent Relationship": "Outer",                                        +
                                                           "Parallel Aware": true,                                                +
                                                           "Relation Name": "date_dim",                                           +
                                                           "Alias": "date_dim",                                                   +
                                                           "Startup Cost": 0.00,                                                  +
                                                           "Total Cost": 2049.55,                                                 +
                                                           "Plan Rows": 209,                                                      +
                                                           "Plan Width": 8,                                                       +
                                                           "Filter": "((d_month_seq >= 1220) AND (d_month_seq <= 1231))"          +
                                                         }                                                                        +
                                                       ]                                                                          +
                                                     }                                                                            +
                                                   ]                                                                              +
                                                 },                                                                               +
                                                 {                                                                                +
                                                   "Node Type": "Index Scan",                                                     +
                                                   "Parent Relationship": "Inner",                                                +
                                                   "Parallel Aware": false,                                                       +
                                                   "Scan Direction": "Forward",                                                   +
                                                   "Index Name": "customer_pkey",                                                 +
                                                   "Relation Name": "customer",                                                   +
                                                   "Alias": "customer",                                                           +
                                                   "Startup Cost": 0.29,                                                          +
                                                   "Total Cost": 0.31,                                                            +
                                                   "Plan Rows": 1,                                                                +
                                                   "Plan Width": 56,                                                              +
                                                   "Index Cond": "(c_customer_sk = store_sales.ss_customer_sk)"                   +
                                                 }                                                                                +
                                               ]                                                                                  +
                                             }                                                                                    +
                                           ]                                                                                      +
                                         }                                                                                        +
                                       ]                                                                                          +
                                     }                                                                                            +
                                   ]                                                                                              +
                                 },                                                                                               +
                                 {                                                                                                +
                                   "Node Type": "Subquery Scan",                                                                  +
                                   "Parent Relationship": "Member",                                                               +
                                   "Parallel Aware": false,                                                                       +
                                   "Alias": "*SELECT* 2",                                                                         +
                                   "Startup Cost": 50108.52,                                                                      +
                                   "Total Cost": 50247.66,                                                                        +
                                   "Plan Rows": 6957,                                                                             +
                                   "Plan Width": 60,                                                                              +
                                   "Plans": [                                                                                     +
                                     {                                                                                            +
                                       "Node Type": "Unique",                                                                     +
                                       "Parent Relationship": "Subquery",                                                         +
                                       "Parallel Aware": false,                                                                   +
                                       "Startup Cost": 50108.52,                                                                  +
                                       "Total Cost": 50178.09,                                                                    +
                                       "Plan Rows": 6957,                                                                         +
                                       "Plan Width": 56,                                                                          +
                                       "Plans": [                                                                                 +
                                         {                                                                                        +
                                           "Node Type": "Sort",                                                                   +
                                           "Parent Relationship": "Outer",                                                        +
                                           "Parallel Aware": false,                                                               +
                                           "Startup Cost": 50108.52,                                                              +
                                           "Total Cost": 50125.91,                                                                +
                                           "Plan Rows": 6957,                                                                     +
                                           "Plan Width": 56,                                                                      +
                                           "Sort Key": ["customer_1.c_last_name", "customer_1.c_first_name", "date_dim_1.d_date"],+
                                           "Plans": [                                                                             +
                                             {                                                                                    +
                                               "Node Type": "Gather",                                                             +
                                               "Parent Relationship": "Outer",                                                    +
                                               "Parallel Aware": false,                                                           +
                                               "Startup Cost": 3052.46,                                                           +
                                               "Total Cost": 49664.52,                                                            +
                                               "Plan Rows": 6957,                                                                 +
                                               "Plan Width": 56,                                                                  +
                                               "Workers Planned": 2,                                                              +
                                               "Single Copy": false,                                                              +
                                               "Plans": [                                                                         +
                                                 {                                                                                +
                                                   "Node Type": "Nested Loop",                                                    +
                                                   "Parent Relationship": "Outer",                                                +
                                                   "Parallel Aware": false,                                                       +
                                                   "Join Type": "Inner",                                                          +
                                                   "Startup Cost": 2052.46,                                                       +
                                                   "Total Cost": 47968.82,                                                        +
                                                   "Plan Rows": 2899,                                                             +
                                                   "Plan Width": 56,                                                              +
                                                   "Inner Unique": true,                                                          +
                                                   "Plans": [                                                                     +
                                                     {                                                                            +
                                                       "Node Type": "Hash Join",                                                  +
                                                       "Parent Relationship": "Outer",                                            +
                                                       "Parallel Aware": true,                                                    +
                                                       "Join Type": "Inner",                                                      +
                                                       "Startup Cost": 2052.16,                                                   +
                                                       "Total Cost": 47041.18,                                                    +
                                                       "Plan Rows": 2913,                                                         +
                                                       "Plan Width": 8,                                                           +
                                                       "Inner Unique": true,                                                      +
                                                       "Hash Cond": "(catalog_sales.cs_sold_date_sk = date_dim_1.d_date_sk)",     +
                                                       "Plans": [                                                                 +
                                                         {                                                                        +
                                                           "Node Type": "Seq Scan",                                               +
                                                           "Parent Relationship": "Outer",                                        +
                                                           "Parallel Aware": true,                                                +
                                                           "Relation Name": "catalog_sales",                                      +
                                                           "Alias": "catalog_sales",                                              +
                                                           "Startup Cost": 0.00,                                                  +
                                                           "Total Cost": 43412.07,                                                +
                                                           "Plan Rows": 600708,                                                   +
                                                           "Plan Width": 8                                                        +
                                                         },                                                                       +
                                                         {                                                                        +
                                                           "Node Type": "Hash",                                                   +
                                                           "Parent Relationship": "Inner",                                        +
                                                           "Parallel Aware": true,                                                +
                                                           "Startup Cost": 2049.55,                                               +
                                                           "Total Cost": 2049.55,                                                 +
                                                           "Plan Rows": 209,                                                      +
                                                           "Plan Width": 8,                                                       +
                                                           "Plans": [                                                             +
                                                             {                                                                    +
                                                               "Node Type": "Seq Scan",                                           +
                                                               "Parent Relationship": "Outer",                                    +
                                                               "Parallel Aware": true,                                            +
                                                               "Relation Name": "date_dim",                                       +
                                                               "Alias": "date_dim_1",                                             +
                                                               "Startup Cost": 0.00,                                              +
                                                               "Total Cost": 2049.55,                                             +
                                                               "Plan Rows": 209,                                                  +
                                                               "Plan Width": 8,                                                   +
                                                               "Filter": "((d_month_seq >= 1220) AND (d_month_seq <= 1231))"      +
                                                             }                                                                    +
                                                           ]                                                                      +
                                                         }                                                                        +
                                                       ]                                                                          +
                                                     },                                                                           +
                                                     {                                                                            +
                                                       "Node Type": "Index Scan",                                                 +
                                                       "Parent Relationship": "Inner",                                            +
                                                       "Parallel Aware": false,                                                   +
                                                       "Scan Direction": "Forward",                                               +
                                                       "Index Name": "customer_pkey",                                             +
                                                       "Relation Name": "customer",                                               +
                                                       "Alias": "customer_1",                                                     +
                                                       "Startup Cost": 0.29,                                                      +
                                                       "Total Cost": 0.32,                                                        +
                                                       "Plan Rows": 1,                                                            +
                                                       "Plan Width": 56,                                                          +
                                                       "Index Cond": "(c_customer_sk = catalog_sales.cs_bill_customer_sk)"        +
                                                     }                                                                            +
                                                   ]                                                                              +
                                                 }                                                                                +
                                               ]                                                                                  +
                                             }                                                                                    +
                                           ]                                                                                      +
                                         }                                                                                        +
                                       ]                                                                                          +
                                     }                                                                                            +
                                   ]                                                                                              +
                                 }                                                                                                +
                               ]                                                                                                  +
                             }                                                                                                    +
                           ]                                                                                                      +
                         }                                                                                                        +
                       ]                                                                                                          +
                     },                                                                                                           +
                     {                                                                                                            +
                       "Node Type": "Subquery Scan",                                                                              +
                       "Parent Relationship": "Member",                                                                           +
                       "Parallel Aware": false,                                                                                   +
                       "Alias": "*SELECT* 3",                                                                                     +
                       "Startup Cost": 26637.64,                                                                                  +
                       "Total Cost": 26707.74,                                                                                    +
                       "Plan Rows": 3505,                                                                                         +
                       "Plan Width": 60,                                                                                          +
                       "Plans": [                                                                                                 +
                         {                                                                                                        +
                           "Node Type": "Unique",                                                                                 +
                           "Parent Relationship": "Subquery",                                                                     +
                           "Parallel Aware": false,                                                                               +
                           "Startup Cost": 26637.64,                                                                              +
                           "Total Cost": 26672.69,                                                                                +
                           "Plan Rows": 3505,                                                                                     +
                           "Plan Width": 56,                                                                                      +
                           "Plans": [                                                                                             +
                             {                                                                                                    +
                               "Node Type": "Sort",                                                                               +
                               "Parent Relationship": "Outer",                                                                    +
                               "Parallel Aware": false,                                                                           +
                               "Startup Cost": 26637.64,                                                                          +
                               "Total Cost": 26646.40,                                                                            +
                               "Plan Rows": 3505,                                                                                 +
                               "Plan Width": 56,                                                                                  +
                               "Sort Key": ["customer_2.c_last_name", "customer_2.c_first_name", "date_dim_2.d_date"],            +
                               "Plans": [                                                                                         +
                                 {                                                                                                +
                                   "Node Type": "Gather",                                                                         +
                                   "Parent Relationship": "Outer",                                                                +
                                   "Parallel Aware": false,                                                                       +
                                   "Startup Cost": 3052.46,                                                                       +
                                   "Total Cost": 26431.28,                                                                        +
                                   "Plan Rows": 3505,                                                                             +
                                   "Plan Width": 56,                                                                              +
                                   "Workers Planned": 2,                                                                          +
                                   "Single Copy": false,                                                                          +
                                   "Plans": [                                                                                     +
                                     {                                                                                            +
                                       "Node Type": "Nested Loop",                                                                +
                                       "Parent Relationship": "Outer",                                                            +
                                       "Parallel Aware": false,                                                                   +
                                       "Join Type": "Inner",                                                                      +
                                       "Startup Cost": 2052.46,                                                                   +
                                       "Total Cost": 25080.78,                                                                    +
                                       "Plan Rows": 1460,                                                                         +
                                       "Plan Width": 56,                                                                          +
                                       "Inner Unique": true,                                                                      +
                                       "Plans": [                                                                                 +
                                         {                                                                                        +
                                           "Node Type": "Hash Join",                                                              +
                                           "Parent Relationship": "Outer",                                                        +
                                           "Parallel Aware": true,                                                                +
                                           "Join Type": "Inner",                                                                  +
                                           "Startup Cost": 2052.16,                                                               +
                                           "Total Cost": 24603.47,                                                                +
                                           "Plan Rows": 1460,                                                                     +
                                           "Plan Width": 8,                                                                       +
                                           "Inner Unique": true,                                                                  +
                                           "Hash Cond": "(web_sales.ws_sold_date_sk = date_dim_2.d_date_sk)",                     +
                                           "Plans": [                                                                             +
                                             {                                                                                    +
                                               "Node Type": "Seq Scan",                                                           +
                                               "Parent Relationship": "Outer",                                                    +
                                               "Parallel Aware": true,                                                            +
                                               "Relation Name": "web_sales",                                                      +
                                               "Alias": "web_sales",                                                              +
                                               "Startup Cost": 0.00,                                                              +
                                               "Total Cost": 21764.43,                                                            +
                                               "Plan Rows": 299743,                                                               +
                                               "Plan Width": 8                                                                    +
                                             },                                                                                   +
                                             {                                                                                    +
                                               "Node Type": "Hash",                                                               +
                                               "Parent Relationship": "Inner",                                                    +
                                               "Parallel Aware": true,                                                            +
                                               "Startup Cost": 2049.55,                                                           +
                                               "Total Cost": 2049.55,                                                             +
                                               "Plan Rows": 209,                                                                  +
                                               "Plan Width": 8,                                                                   +
                                               "Plans": [                                                                         +
                                                 {                                                                                +
                                                   "Node Type": "Seq Scan",                                                       +
                                                   "Parent Relationship": "Outer",                                                +
                                                   "Parallel Aware": true,                                                        +
                                                   "Relation Name": "date_dim",                                                   +
                                                   "Alias": "date_dim_2",                                                         +
                                                   "Startup Cost": 0.00,                                                          +
                                                   "Total Cost": 2049.55,                                                         +
                                                   "Plan Rows": 209,                                                              +
                                                   "Plan Width": 8,                                                               +
                                                   "Filter": "((d_month_seq >= 1220) AND (d_month_seq <= 1231))"                  +
                                                 }                                                                                +
                                               ]                                                                                  +
                                             }                                                                                    +
                                           ]                                                                                      +
                                         },                                                                                       +
                                         {                                                                                        +
                                           "Node Type": "Index Scan",                                                             +
                                           "Parent Relationship": "Inner",                                                        +
                                           "Parallel Aware": false,                                                               +
                                           "Scan Direction": "Forward",                                                           +
                                           "Index Name": "customer_pkey",                                                         +
                                           "Relation Name": "customer",                                                           +
                                           "Alias": "customer_2",                                                                 +
                                           "Startup Cost": 0.29,                                                                  +
                                           "Total Cost": 0.33,                                                                    +
                                           "Plan Rows": 1,                                                                        +
                                           "Plan Width": 56,                                                                      +
                                           "Index Cond": "(c_customer_sk = web_sales.ws_bill_customer_sk)"                        +
                                         }                                                                                        +
                                       ]                                                                                          +
                                     }                                                                                            +
                                   ]                                                                                              +
                                 }                                                                                                +
                               ]                                                                                                  +
                             }                                                                                                    +
                           ]                                                                                                      +
                         }                                                                                                        +
                       ]                                                                                                          +
                     }                                                                                                            +
                   ]                                                                                                              +
                 }                                                                                                                +
               ]                                                                                                                  +
             }                                                                                                                    +
           ]                                                                                                                      +
         }                                                                                                                        +
       ]                                                                                                                          +
     }                                                                                                                            +
   }                                                                                                                              +
 ]
(1 row)

