                                                                                                         QUERY PLAN                                                                                                         
----------------------------------------------------------------------------------------------------------------------------------------------------------------------------------------------------------------------------
 [                                                                                                                                                                                                                         +
   {                                                                                                                                                                                                                       +
     "Plan": {                                                                                                                                                                                                             +
       "Node Type": "Sort",                                                                                                                                                                                                +
       "Parallel Aware": false,                                                                                                                                                                                            +
       "Startup Cost": 7027.13,                                                                                                                                                                                            +
       "Total Cost": 7027.13,                                                                                                                                                                                              +
       "Plan Rows": 1,                                                                                                                                                                                                     +
       "Plan Width": 97,                                                                                                                                                                                                   +
       "Sort Key": ["(sum(catalog_returns.cr_net_loss)) DESC"],                                                                                                                                                            +
       "Plans": [                                                                                                                                                                                                          +
         {                                                                                                                                                                                                                 +
           "Node Type": "Aggregate",                                                                                                                                                                                       +
           "Strategy": "Sorted",                                                                                                                                                                                           +
           "Partial Mode": "Simple",                                                                                                                                                                                       +
           "Parent Relationship": "Outer",                                                                                                                                                                                 +
           "Parallel Aware": false,                                                                                                                                                                                        +
           "Startup Cost": 7027.09,                                                                                                                                                                                        +
           "Total Cost": 7027.12,                                                                                                                                                                                          +
           "Plan Rows": 1,                                                                                                                                                                                                 +
           "Plan Width": 97,                                                                                                                                                                                               +
           "Group Key": ["call_center.cc_call_center_id", "call_center.cc_name", "call_center.cc_manager", "customer_demographics.cd_marital_status", "customer_demographics.cd_education_status"],                        +
           "Plans": [                                                                                                                                                                                                      +
             {                                                                                                                                                                                                             +
               "Node Type": "Sort",                                                                                                                                                                                        +
               "Parent Relationship": "Outer",                                                                                                                                                                             +
               "Parallel Aware": false,                                                                                                                                                                                    +
               "Startup Cost": 7027.09,                                                                                                                                                                                    +
               "Total Cost": 7027.09,                                                                                                                                                                                      +
               "Plan Rows": 1,                                                                                                                                                                                             +
               "Plan Width": 71,                                                                                                                                                                                           +
               "Sort Key": ["call_center.cc_call_center_id", "call_center.cc_name", "call_center.cc_manager", "customer_demographics.cd_marital_status", "customer_demographics.cd_education_status"],                     +
               "Plans": [                                                                                                                                                                                                  +
                 {                                                                                                                                                                                                         +
                   "Node Type": "Nested Loop",                                                                                                                                                                             +
                   "Parent Relationship": "Outer",                                                                                                                                                                         +
                   "Parallel Aware": false,                                                                                                                                                                                +
                   "Join Type": "Inner",                                                                                                                                                                                   +
                   "Startup Cost": 3051.20,                                                                                                                                                                                +
                   "Total Cost": 7027.08,                                                                                                                                                                                  +
                   "Plan Rows": 1,                                                                                                                                                                                         +
                   "Plan Width": 71,                                                                                                                                                                                       +
                   "Inner Unique": true,                                                                                                                                                                                   +
                   "Plans": [                                                                                                                                                                                              +
                     {                                                                                                                                                                                                     +
                       "Node Type": "Gather",                                                                                                                                                                              +
                       "Parent Relationship": "Outer",                                                                                                                                                                     +
                       "Parallel Aware": false,                                                                                                                                                                            +
                       "Startup Cost": 3051.07,                                                                                                                                                                            +
                       "Total Cost": 7026.92,                                                                                                                                                                              +
                       "Plan Rows": 1,                                                                                                                                                                                     +
                       "Plan Width": 33,                                                                                                                                                                                   +
                       "Workers Planned": 1,                                                                                                                                                                               +
                       "Single Copy": false,                                                                                                                                                                               +
                       "Plans": [                                                                                                                                                                                          +
                         {                                                                                                                                                                                                 +
                           "Node Type": "Nested Loop",                                                                                                                                                                     +
                           "Parent Relationship": "Outer",                                                                                                                                                                 +
                           "Parallel Aware": false,                                                                                                                                                                        +
                           "Join Type": "Inner",                                                                                                                                                                           +
                           "Startup Cost": 2051.07,                                                                                                                                                                        +
                           "Total Cost": 6026.82,                                                                                                                                                                          +
                           "Plan Rows": 1,                                                                                                                                                                                 +
                           "Plan Width": 33,                                                                                                                                                                               +
                           "Inner Unique": true,                                                                                                                                                                           +
                           "Plans": [                                                                                                                                                                                      +
                             {                                                                                                                                                                                             +
                               "Node Type": "Nested Loop",                                                                                                                                                                 +
                               "Parent Relationship": "Outer",                                                                                                                                                             +
                               "Parallel Aware": false,                                                                                                                                                                    +
                               "Join Type": "Inner",                                                                                                                                                                       +
                               "Startup Cost": 2050.64,                                                                                                                                                                    +
                               "Total Cost": 6023.74,                                                                                                                                                                      +
                               "Plan Rows": 2,                                                                                                                                                                             +
                               "Plan Width": 14,                                                                                                                                                                           +
                               "Inner Unique": true,                                                                                                                                                                       +
                               "Plans": [                                                                                                                                                                                  +
                                 {                                                                                                                                                                                         +
                                   "Node Type": "Nested Loop",                                                                                                                                                             +
                                   "Parent Relationship": "Outer",                                                                                                                                                         +
                                   "Parallel Aware": false,                                                                                                                                                                +
                                   "Join Type": "Inner",                                                                                                                                                                   +
                                   "Startup Cost": 2050.35,                                                                                                                                                                +
                                   "Total Cost": 6021.59,                                                                                                                                                                  +
                                   "Plan Rows": 6,                                                                                                                                                                         +
                                   "Plan Width": 18,                                                                                                                                                                       +
                                   "Inner Unique": true,                                                                                                                                                                   +
                                   "Plans": [                                                                                                                                                                              +
                                     {                                                                                                                                                                                     +
                                       "Node Type": "Nested Loop",                                                                                                                                                         +
                                       "Parent Relationship": "Outer",                                                                                                                                                     +
                                       "Parallel Aware": false,                                                                                                                                                            +
                                       "Join Type": "Inner",                                                                                                                                                               +
                                       "Startup Cost": 2050.07,                                                                                                                                                            +
                                       "Total Cost": 6010.90,                                                                                                                                                              +
                                       "Plan Rows": 35,                                                                                                                                                                    +
                                       "Plan Width": 22,                                                                                                                                                                   +
                                       "Inner Unique": true,                                                                                                                                                               +
                                       "Plans": [                                                                                                                                                                          +
                                         {                                                                                                                                                                                 +
                                           "Node Type": "Hash Join",                                                                                                                                                       +
                                           "Parent Relationship": "Outer",                                                                                                                                                 +
                                           "Parallel Aware": true,                                                                                                                                                         +
                                           "Join Type": "Inner",                                                                                                                                                           +
                                           "Startup Cost": 2049.78,                                                                                                                                                        +
                                           "Total Cost": 5996.69,                                                                                                                                                          +
                                           "Plan Rows": 36,                                                                                                                                                                +
                                           "Plan Width": 14,                                                                                                                                                               +
                                           "Inner Unique": true,                                                                                                                                                           +
                                           "Hash Cond": "(catalog_returns.cr_returned_date_sk = date_dim.d_date_sk)",                                                                                                      +
                                           "Plans": [                                                                                                                                                                      +
                                             {                                                                                                                                                                             +
                                               "Node Type": "Seq Scan",                                                                                                                                                    +
                                               "Parent Relationship": "Outer",                                                                                                                                             +
                                               "Parallel Aware": true,                                                                                                                                                     +
                                               "Relation Name": "catalog_returns",                                                                                                                                         +
                                               "Alias": "catalog_returns",                                                                                                                                                 +
                                               "Startup Cost": 0.00,                                                                                                                                                       +
                                               "Total Cost": 3724.45,                                                                                                                                                      +
                                               "Plan Rows": 84745,                                                                                                                                                         +
                                               "Plan Width": 18                                                                                                                                                            +
                                             },                                                                                                                                                                            +
                                             {                                                                                                                                                                             +
                                               "Node Type": "Hash",                                                                                                                                                        +
                                               "Parent Relationship": "Inner",                                                                                                                                             +
                                               "Parallel Aware": true,                                                                                                                                                     +
                                               "Startup Cost": 2049.55,                                                                                                                                                    +
                                               "Total Cost": 2049.55,                                                                                                                                                      +
                                               "Plan Rows": 18,                                                                                                                                                            +
                                               "Plan Width": 4,                                                                                                                                                            +
                                               "Plans": [                                                                                                                                                                  +
                                                 {                                                                                                                                                                         +
                                                   "Node Type": "Seq Scan",                                                                                                                                                +
                                                   "Parent Relationship": "Outer",                                                                                                                                         +
                                                   "Parallel Aware": true,                                                                                                                                                 +
                                                   "Relation Name": "date_dim",                                                                                                                                            +
                                                   "Alias": "date_dim",                                                                                                                                                    +
                                                   "Startup Cost": 0.00,                                                                                                                                                   +
                                                   "Total Cost": 2049.55,                                                                                                                                                  +
                                                   "Plan Rows": 18,                                                                                                                                                        +
                                                   "Plan Width": 4,                                                                                                                                                        +
                                                   "Filter": "((d_year = 1998) AND (d_moy = 12))"                                                                                                                          +
                                                 }                                                                                                                                                                         +
                                               ]                                                                                                                                                                           +
                                             }                                                                                                                                                                             +
                                           ]                                                                                                                                                                               +
                                         },                                                                                                                                                                                +
                                         {                                                                                                                                                                                 +
                                           "Node Type": "Index Scan",                                                                                                                                                      +
                                           "Parent Relationship": "Inner",                                                                                                                                                 +
                                           "Parallel Aware": false,                                                                                                                                                        +
                                           "Scan Direction": "Forward",                                                                                                                                                    +
                                           "Index Name": "customer_pkey",                                                                                                                                                  +
                                           "Relation Name": "customer",                                                                                                                                                    +
                                           "Alias": "customer",                                                                                                                                                            +
                                           "Startup Cost": 0.29,                                                                                                                                                           +
                                           "Total Cost": 0.39,                                                                                                                                                             +
                                           "Plan Rows": 1,                                                                                                                                                                 +
                                           "Plan Width": 16,                                                                                                                                                               +
                                           "Index Cond": "(c_customer_sk = catalog_returns.cr_returning_customer_sk)"                                                                                                      +
                                         }                                                                                                                                                                                 +
                                       ]                                                                                                                                                                                   +
                                     },                                                                                                                                                                                    +
                                     {                                                                                                                                                                                     +
                                       "Node Type": "Index Scan",                                                                                                                                                          +
                                       "Parent Relationship": "Inner",                                                                                                                                                     +
                                       "Parallel Aware": false,                                                                                                                                                            +
                                       "Scan Direction": "Forward",                                                                                                                                                        +
                                       "Index Name": "household_demographics_pkey",                                                                                                                                        +
                                       "Relation Name": "household_demographics",                                                                                                                                          +
                                       "Alias": "household_demographics",                                                                                                                                                  +
                                       "Startup Cost": 0.28,                                                                                                                                                               +
                                       "Total Cost": 0.31,                                                                                                                                                                 +
                                       "Plan Rows": 1,                                                                                                                                                                     +
                                       "Plan Width": 4,                                                                                                                                                                    +
                                       "Index Cond": "(hd_demo_sk = customer.c_current_hdemo_sk)",                                                                                                                         +
                                       "Filter": "(hd_buy_potential ~~ '1001-5000%'::text)"                                                                                                                                +
                                     }                                                                                                                                                                                     +
                                   ]                                                                                                                                                                                       +
                                 },                                                                                                                                                                                        +
                                 {                                                                                                                                                                                         +
                                   "Node Type": "Index Scan",                                                                                                                                                              +
                                   "Parent Relationship": "Inner",                                                                                                                                                         +
                                   "Parallel Aware": false,                                                                                                                                                                +
                                   "Scan Direction": "Forward",                                                                                                                                                            +
                                   "Index Name": "customer_address_pkey",                                                                                                                                                  +
                                   "Relation Name": "customer_address",                                                                                                                                                    +
                                   "Alias": "customer_address",                                                                                                                                                            +
                                   "Startup Cost": 0.29,                                                                                                                                                                   +
                                   "Total Cost": 0.36,                                                                                                                                                                     +
                                   "Plan Rows": 1,                                                                                                                                                                         +
                                   "Plan Width": 4,                                                                                                                                                                        +
                                   "Index Cond": "(ca_address_sk = customer.c_current_addr_sk)",                                                                                                                           +
                                   "Filter": "(ca_gmt_offset = '-6'::numeric)"                                                                                                                                             +
                                 }                                                                                                                                                                                         +
                               ]                                                                                                                                                                                           +
                             },                                                                                                                                                                                            +
                             {                                                                                                                                                                                             +
                               "Node Type": "Index Scan",                                                                                                                                                                  +
                               "Parent Relationship": "Inner",                                                                                                                                                             +
                               "Parallel Aware": false,                                                                                                                                                                    +
                               "Scan Direction": "Forward",                                                                                                                                                                +
                               "Index Name": "customer_demographics_pkey",                                                                                                                                                 +
                               "Relation Name": "customer_demographics",                                                                                                                                                   +
                               "Alias": "customer_demographics",                                                                                                                                                           +
                               "Startup Cost": 0.43,                                                                                                                                                                       +
                               "Total Cost": 1.54,                                                                                                                                                                         +
                               "Plan Rows": 1,                                                                                                                                                                             +
                               "Plan Width": 27,                                                                                                                                                                           +
                               "Index Cond": "(cd_demo_sk = customer.c_current_cdemo_sk)",                                                                                                                                 +
                               "Filter": "(((cd_marital_status = 'M'::bpchar) AND (cd_education_status = 'Unknown'::bpchar)) OR ((cd_marital_status = 'W'::bpchar) AND (cd_education_status = 'Advanced Degree'::bpchar)))"+
                             }                                                                                                                                                                                             +
                           ]                                                                                                                                                                                               +
                         }                                                                                                                                                                                                 +
                       ]                                                                                                                                                                                                   +
                     },                                                                                                                                                                                                    +
                     {                                                                                                                                                                                                     +
                       "Node Type": "Index Scan",                                                                                                                                                                          +
                       "Parent Relationship": "Inner",                                                                                                                                                                     +
                       "Parallel Aware": false,                                                                                                                                                                            +
                       "Scan Direction": "Forward",                                                                                                                                                                        +
                       "Index Name": "call_center_pkey",                                                                                                                                                                   +
                       "Relation Name": "call_center",                                                                                                                                                                     +
                       "Alias": "call_center",                                                                                                                                                                             +
                       "Startup Cost": 0.13,                                                                                                                                                                               +
                       "Total Cost": 0.15,                                                                                                                                                                                 +
                       "Plan Rows": 1,                                                                                                                                                                                     +
                       "Plan Width": 46,                                                                                                                                                                                   +
                       "Index Cond": "(cc_call_center_sk = catalog_returns.cr_call_center_sk)"                                                                                                                             +
                     }                                                                                                                                                                                                     +
                   ]                                                                                                                                                                                                       +
                 }                                                                                                                                                                                                         +
               ]                                                                                                                                                                                                           +
             }                                                                                                                                                                                                             +
           ]                                                                                                                                                                                                               +
         }                                                                                                                                                                                                                 +
       ]                                                                                                                                                                                                                   +
     }                                                                                                                                                                                                                     +
   }                                                                                                                                                                                                                       +
 ]
(1 row)

