[
  {
    "Plan": {
      "Node Type": "Limit",
      "Parallel Aware": false,
      "Startup Cost": 48208.47,
      "Total Cost": 48218.48,
      "Plan Rows": 71,
      "Plan Width": 84,
      "Plans": [
        {
          "Node Type": "Aggregate",
          "Strategy": "Sorted",
          "Partial Mode": "Finalize",
          "Parent Relationship": "Outer",
          "Parallel Aware": false,
          "Startup Cost": 48208.47,
          "Total Cost": 48218.48,
          "Plan Rows": 71,
          "Plan Width": 84,
          "Group Key": ["warehouse.w_state", "item.i_item_id"],
          "Plans": [
            {
              "Node Type": "Gather Merge",
              "Parent Relationship": "Outer",
              "Parallel Aware": false,
              "Startup Cost": 48208.47,
              "Total Cost": 48216.52,
              "Plan Rows": 60,
              "Plan Width": 84,
              "Workers Planned": 2,
              "Plans": [
                {
                  "Node Type": "Aggregate",
                  "Strategy": "Sorted",
                  "Partial Mode": "Partial",
                  "Parent Relationship": "Outer",
                  "Parallel Aware": false,
                  "Startup Cost": 47208.44,
                  "Total Cost": 47209.57,
                  "Plan Rows": 30,
                  "Plan Width": 84,
                  "Group Key": ["warehouse.w_state", "item.i_item_id"],
                  "Plans": [
                    {
                      "Node Type": "Sort",
                      "Parent Relationship": "Outer",
                      "Parallel Aware": false,
                      "Startup Cost": 47208.44,
                      "Total Cost": 47208.52,
                      "Plan Rows": 30,
                      "Plan Width": 36,
                      "Sort Key": ["warehouse.w_state", "item.i_item_id"],
                      "Plans": [
                        {
                          "Node Type": "Hash Join",
                          "Parent Relationship": "Outer",
                          "Parallel Aware": false,
                          "Join Type": "Inner",
                          "Startup Cost": 2051.81,
                          "Total Cost": 47207.71,
                          "Plan Rows": 30,
                          "Plan Width": 36,
                          "Inner Unique": true,
                          "Hash Cond": "(catalog_sales.cs_warehouse_sk = warehouse.w_warehouse_sk)",
                          "Plans": [
                            {
                              "Node Type": "Nested Loop",
                              "Parent Relationship": "Outer",
                              "Parallel Aware": false,
                              "Join Type": "Left",
                              "Startup Cost": 2050.70,
                              "Total Cost": 47206.45,
                              "Plan Rows": 30,
                              "Plan Width": 37,
                              "Inner Unique": true,
                              "Plans": [
                                {
                                  "Node Type": "Nested Loop",
                                  "Parent Relationship": "Outer",
                                  "Parallel Aware": false,
                                  "Join Type": "Inner",
                                  "Startup Cost": 2050.28,
                                  "Total Cost": 47192.97,
                                  "Plan Rows": 30,
                                  "Plan Width": 39,
                                  "Inner Unique": true,
                                  "Plans": [
                                    {
                                      "Node Type": "Hash Join",
                                      "Parent Relationship": "Outer",
                                      "Parallel Aware": true,
                                      "Join Type": "Inner",
                                      "Startup Cost": 2049.99,
                                      "Total Cost": 47039.01,
                                      "Plan Rows": 491,
                                      "Plan Width": 22,
                                      "Inner Unique": true,
                                      "Hash Cond": "(catalog_sales.cs_sold_date_sk = date_dim.d_date_sk)",
                                      "Plans": [
                                        {
                                          "Node Type": "Seq Scan",
                                          "Parent Relationship": "Outer",
                                          "Parallel Aware": true,
                                          "Relation Name": "catalog_sales",
                                          "Alias": "catalog_sales",
                                          "Startup Cost": 0.00,
                                          "Total Cost": 43412.07,
                                          "Plan Rows": 600708,
                                          "Plan Width": 22
                                        },
                                        {
                                          "Node Type": "Hash",
                                          "Parent Relationship": "Inner",
                                          "Parallel Aware": true,
                                          "Startup Cost": 2049.55,
                                          "Total Cost": 2049.55,
                                          "Plan Rows": 35,
                                          "Plan Width": 8,
                                          "Plans": [
                                            {
                                              "Node Type": "Seq Scan",
                                              "Parent Relationship": "Outer",
                                              "Parallel Aware": true,
                                              "Relation Name": "date_dim",
                                              "Alias": "date_dim",
                                              "Startup Cost": 0.00,
                                              "Total Cost": 2049.55,
                                              "Plan Rows": 35,
                                              "Plan Width": 8,
                                              "Filter": "((d_date >= '2001-02-01'::date) AND (d_date <= '2001-04-02'::date))"
                                            }
                                          ]
                                        }
                                      ]
                                    },
                                    {
                                      "Node Type": "Index Scan",
                                      "Parent Relationship": "Inner",
                                      "Parallel Aware": false,
                                      "Scan Direction": "Forward",
                                      "Index Name": "item_pkey",
                                      "Relation Name": "item",
                                      "Alias": "item",
                                      "Startup Cost": 0.29,
                                      "Total Cost": 0.31,
                                      "Plan Rows": 1,
                                      "Plan Width": 21,
                                      "Index Cond": "(i_item_sk = catalog_sales.cs_item_sk)",
                                      "Filter": "((i_current_price >= 0.99) AND (i_current_price <= 1.49))"
                                    }
                                  ]
                                },
                                {
                                  "Node Type": "Index Scan",
                                  "Parent Relationship": "Inner",
                                  "Parallel Aware": false,
                                  "Scan Direction": "Forward",
                                  "Index Name": "catalog_returns_pkey",
                                  "Relation Name": "catalog_returns",
                                  "Alias": "catalog_returns",
                                  "Startup Cost": 0.42,
                                  "Total Cost": 0.45,
                                  "Plan Rows": 1,
                                  "Plan Width": 14,
                                  "Index Cond": "((catalog_sales.cs_item_sk = cr_item_sk) AND (catalog_sales.cs_order_number = cr_order_number))"
                                }
                              ]
                            },
                            {
                              "Node Type": "Hash",
                              "Parent Relationship": "Inner",
                              "Parallel Aware": false,
                              "Startup Cost": 1.05,
                              "Total Cost": 1.05,
                              "Plan Rows": 5,
                              "Plan Width": 7,
                              "Plans": [
                                {
                                  "Node Type": "Seq Scan",
                                  "Parent Relationship": "Outer",
                                  "Parallel Aware": false,
                                  "Relation Name": "warehouse",
                                  "Alias": "warehouse",
                                  "Startup Cost": 0.00,
                                  "Total Cost": 1.05,
                                  "Plan Rows": 5,
                                  "Plan Width": 7
                                }
                              ]
                            }
                          ]
                        }
                      ]
                    }
                  ]
                }
              ]
            }
          ]
        }
      ]
    }
  }
]
