[
  {
    "Plan": {
      "Node Type": "Limit",
      "Parallel Aware": false,
      "Startup Cost": 73047.05,
      "Total Cost": 73047.30,
      "Plan Rows": 100,
      "Plan Width": 210,
      "Plans": [
        {
          "Node Type": "Sort",
          "Parent Relationship": "Outer",
          "Parallel Aware": false,
          "Startup Cost": 73047.05,
          "Total Cost": 73049.56,
          "Plan Rows": 1001,
          "Plan Width": 210,
          "Sort Key": ["((GROUPING(item.i_category) + GROUPING(item.i_class))) DESC", "(CASE WHEN (((GROUPING(item.i_category) + GROUPING(item.i_class))) = 0) THEN item.i_category ELSE NULL::bpchar END)", "(rank() OVER (?))"],
          "Plans": [
            {
              "Node Type": "WindowAgg",
              "Parent Relationship": "Outer",
              "Parallel Aware": false,
              "Startup Cost": 72973.76,
              "Total Cost": 73008.80,
              "Plan Rows": 1001,
              "Plan Width": 210,
              "Plans": [
                {
                  "Node Type": "Sort",
                  "Parent Relationship": "Outer",
                  "Parallel Aware": false,
                  "Startup Cost": 72973.76,
                  "Total Cost": 72976.26,
                  "Plan Rows": 1001,
                  "Plan Width": 178,
                  "Sort Key": ["((GROUPING(item.i_category) + GROUPING(item.i_class)))", "(CASE WHEN (GROUPING(item.i_class) = 0) THEN item.i_category ELSE NULL::bpchar END)", "((sum(store_sales.ss_net_profit) / sum(store_sales.ss_ext_sales_price)))"],
                  "Plans": [
                    {
                      "Node Type": "Aggregate",
                      "Strategy": "Mixed",
                      "Partial Mode": "Simple",
                      "Parent Relationship": "Outer",
                      "Parallel Aware": false,
                      "Startup Cost": 4414.42,
                      "Total Cost": 72923.87,
                      "Plan Rows": 1001,
                      "Plan Width": 178,
                      "Grouping Sets": [
                        {
                          "Hash Keys": [
                            ["item.i_category", "item.i_class"]
                          ]
                        },
                        {
                          "Hash Keys": [
                            ["item.i_category"]
                          ]
                        },
                        {
                          "Group Keys": [
                            []
                          ]
                        }
                      ],
                      "Plans": [
                        {
                          "Node Type": "Gather",
                          "Parent Relationship": "Outer",
                          "Parallel Aware": false,
                          "Startup Cost": 4414.42,
                          "Total Cost": 72606.74,
                          "Plan Rows": 13094,
                          "Plan Width": 114,
                          "Workers Planned": 2,
                          "Single Copy": false,
                          "Plans": [
                            {
                              "Node Type": "Hash Join",
                              "Parent Relationship": "Outer",
                              "Parallel Aware": true,
                              "Join Type": "Inner",
                              "Startup Cost": 3414.42,
                              "Total Cost": 70297.34,
                              "Plan Rows": 5456,
                              "Plan Width": 114,
                              "Inner Unique": true,
                              "Hash Cond": "(store_sales.ss_item_sk = item.i_item_sk)",
                              "Plans": [
                                {
                                  "Node Type": "Hash Join",
                                  "Parent Relationship": "Outer",
                                  "Parallel Aware": false,
                                  "Join Type": "Inner",
                                  "Startup Cost": 1946.19,
                                  "Total Cost": 68814.78,
                                  "Plan Rows": 5456,
                                  "Plan Width": 16,
                                  "Inner Unique": true,
                                  "Hash Cond": "(store_sales.ss_store_sk = store.s_store_sk)",
                                  "Plans": [
                                    {
                                      "Node Type": "Hash Join",
                                      "Parent Relationship": "Outer",
                                      "Parallel Aware": true,
                                      "Join Type": "Inner",
                                      "Startup Cost": 1944.80,
                                      "Total Cost": 68793.34,
                                      "Plan Rows": 5711,
                                      "Plan Width": 20,
                                      "Inner Unique": true,
                                      "Hash Cond": "(store_sales.ss_sold_date_sk = d1.d_date_sk)",
                                      "Plans": [
                                        {
                                          "Node Type": "Seq Scan",
                                          "Parent Relationship": "Outer",
                                          "Parallel Aware": true,
                                          "Relation Name": "store_sales",
                                          "Alias": "store_sales",
                                          "Startup Cost": 0.00,
                                          "Total Cost": 63697.87,
                                          "Plan Rows": 1200187,
                                          "Plan Width": 24
                                        },
                                        {
                                          "Node Type": "Hash",
                                          "Parent Relationship": "Inner",
                                          "Parallel Aware": true,
                                          "Startup Cost": 1942.12,
                                          "Total Cost": 1942.12,
                                          "Plan Rows": 214,
                                          "Plan Width": 4,
                                          "Plans": [
                                            {
                                              "Node Type": "Seq Scan",
                                              "Parent Relationship": "Outer",
                                              "Parallel Aware": true,
                                              "Relation Name": "date_dim",
                                              "Alias": "d1",
                                              "Startup Cost": 0.00,
                                              "Total Cost": 1942.12,
                                              "Plan Rows": 214,
                                              "Plan Width": 4,
                                              "Filter": "(d_year = 1998)"
                                            }
                                          ]
                                        }
                                      ]
                                    },
                                    {
                                      "Node Type": "Hash",
                                      "Parent Relationship": "Inner",
                                      "Parallel Aware": false,
                                      "Startup Cost": 1.24,
                                      "Total Cost": 1.24,
                                      "Plan Rows": 12,
                                      "Plan Width": 4,
                                      "Plans": [
                                        {
                                          "Node Type": "Seq Scan",
                                          "Parent Relationship": "Outer",
                                          "Parallel Aware": false,
                                          "Relation Name": "store",
                                          "Alias": "store",
                                          "Startup Cost": 0.00,
                                          "Total Cost": 1.24,
                                          "Plan Rows": 12,
                                          "Plan Width": 4,
                                          "Filter": "(s_state = ANY ('{TN,TN,TN,TN,TN,TN,TN,TN}'::bpchar[]))"
                                        }
                                      ]
                                    }
                                  ]
                                },
                                {
                                  "Node Type": "Hash",
                                  "Parent Relationship": "Inner",
                                  "Parallel Aware": true,
                                  "Startup Cost": 1335.88,
                                  "Total Cost": 1335.88,
                                  "Plan Rows": 10588,
                                  "Plan Width": 106,
                                  "Plans": [
                                    {
                                      "Node Type": "Seq Scan",
                                      "Parent Relationship": "Outer",
                                      "Parallel Aware": true,
                                      "Relation Name": "item",
                                      "Alias": "item",
                                      "Startup Cost": 0.00,
                                      "Total Cost": 1335.88,
                                      "Plan Rows": 10588,
                                      "Plan Width": 106
                                    }
                                  ]
                                }
                              ]
                            }
                          ]
                        }
                      ]
                    }
                  ]
                }
              ]
            }
          ]
        }
      ]
    }
  }
]
