[
  {
    "Plan": {
      "Node Type": "Limit",
      "Parallel Aware": false,
      "Startup Cost": 160438.80,
      "Total Cost": 160488.38,
      "Plan Rows": 100,
      "Plan Width": 163,
      "Plans": [
        {
          "Node Type": "Aggregate",
          "Strategy": "Sorted",
          "Partial Mode": "Finalize",
          "Parent Relationship": "Outer",
          "Parallel Aware": false,
          "Startup Cost": 160438.80,
          "Total Cost": 166818.42,
          "Plan Rows": 12866,
          "Plan Width": 163,
          "Group Key": ["('store'::text)", "('ss_hdemo_sk'::text)", "date_dim.d_year", "date_dim.d_qoy", "item.i_category"],
          "Plans": [
            {
              "Node Type": "Gather Merge",
              "Parent Relationship": "Outer",
              "Parallel Aware": false,
              "Startup Cost": 160438.80,
              "Total Cost": 166142.95,
              "Plan Rows": 25732,
              "Plan Width": 163,
              "Workers Planned": 2,
              "Plans": [
                {
                  "Node Type": "Aggregate",
                  "Strategy": "Sorted",
                  "Partial Mode": "Partial",
                  "Parent Relationship": "Outer",
                  "Parallel Aware": false,
                  "Startup Cost": 159438.77,
                  "Total Cost": 162172.82,
                  "Plan Rows": 12866,
                  "Plan Width": 163,
                  "Group Key": ["('store'::text)", "('ss_hdemo_sk'::text)", "date_dim.d_year", "date_dim.d_qoy", "item.i_category"],
                  "Plans": [
                    {
                      "Node Type": "Sort",
                      "Parent Relationship": "Outer",
                      "Parallel Aware": false,
                      "Startup Cost": 159438.77,
                      "Total Cost": 159760.43,
                      "Plan Rows": 128661,
                      "Plan Width": 129,
                      "Sort Key": ["('store'::text)", "('ss_hdemo_sk'::text)", "date_dim.d_year", "date_dim.d_qoy", "item.i_category"],
                      "Plans": [
                        {
                          "Node Type": "Append",
                          "Parent Relationship": "Outer",
                          "Parallel Aware": true,
                          "Startup Cost": 3840.06,
                          "Total Cost": 139724.32,
                          "Plan Rows": 128661,
                          "Plan Width": 129,
                          "Plans": [
                            {
                              "Node Type": "Hash Join",
                              "Parent Relationship": "Member",
                              "Parallel Aware": true,
                              "Join Type": "Inner",
                              "Startup Cost": 3840.06,
                              "Total Cost": 67810.00,
                              "Plan Rows": 50620,
                              "Plan Width": 129,
                              "Inner Unique": true,
                              "Hash Cond": "(store_sales.ss_item_sk = item.i_item_sk)",
                              "Plans": [
                                {
                                  "Node Type": "Hash Join",
                                  "Parent Relationship": "Outer",
                                  "Parallel Aware": true,
                                  "Join Type": "Inner",
                                  "Startup Cost": 2371.82,
                                  "Total Cost": 66208.85,
                                  "Plan Rows": 50620,
                                  "Plan Width": 18,
                                  "Inner Unique": true,
                                  "Hash Cond": "(store_sales.ss_sold_date_sk = date_dim.d_date_sk)",
                                  "Plans": [
                                    {
                                      "Node Type": "Seq Scan",
                                      "Parent Relationship": "Outer",
                                      "Parallel Aware": true,
                                      "Relation Name": "store_sales",
                                      "Alias": "store_sales",
                                      "Startup Cost": 0.00,
                                      "Total Cost": 63697.87,
                                      "Plan Rows": 53008,
                                      "Plan Width": 14,
                                      "Filter": "(ss_hdemo_sk IS NULL)"
                                    },
                                    {
                                      "Node Type": "Hash",
                                      "Parent Relationship": "Inner",
                                      "Parallel Aware": true,
                                      "Startup Cost": 1834.70,
                                      "Total Cost": 1834.70,
                                      "Plan Rows": 42970,
                                      "Plan Width": 12,
                                      "Plans": [
                                        {
                                          "Node Type": "Seq Scan",
                                          "Parent Relationship": "Outer",
                                          "Parallel Aware": true,
                                          "Relation Name": "date_dim",
                                          "Alias": "date_dim",
                                          "Startup Cost": 0.00,
                                          "Total Cost": 1834.70,
                                          "Plan Rows": 42970,
                                          "Plan Width": 12
                                        }
                                      ]
                                    }
                                  ]
                                },
                                {
                                  "Node Type": "Hash",
                                  "Parent Relationship": "Inner",
                                  "Parallel Aware": true,
                                  "Startup Cost": 1335.88,
                                  "Total Cost": 1335.88,
                                  "Plan Rows": 10588,
                                  "Plan Width": 55,
                                  "Plans": [
                                    {
                                      "Node Type": "Seq Scan",
                                      "Parent Relationship": "Outer",
                                      "Parallel Aware": true,
                                      "Relation Name": "item",
                                      "Alias": "item",
                                      "Startup Cost": 0.00,
                                      "Total Cost": 1335.88,
                                      "Plan Rows": 10588,
                                      "Plan Width": 55
                                    }
                                  ]
                                }
                              ]
                            },
                            {
                              "Node Type": "Hash Join",
                              "Parent Relationship": "Member",
                              "Parallel Aware": true,
                              "Join Type": "Inner",
                              "Startup Cost": 3840.06,
                              "Total Cost": 47267.44,
                              "Plan Rows": 2909,
                              "Plan Width": 129,
                              "Inner Unique": true,
                              "Hash Cond": "(catalog_sales.cs_item_sk = item_1.i_item_sk)",
                              "Plans": [
                                {
                                  "Node Type": "Hash Join",
                                  "Parent Relationship": "Outer",
                                  "Parallel Aware": true,
                                  "Join Type": "Inner",
                                  "Startup Cost": 2371.82,
                                  "Total Cost": 45791.57,
                                  "Plan Rows": 2909,
                                  "Plan Width": 18,
                                  "Inner Unique": true,
                                  "Hash Cond": "(catalog_sales.cs_sold_date_sk = date_dim_1.d_date_sk)",
                                  "Plans": [
                                    {
                                      "Node Type": "Seq Scan",
                                      "Parent Relationship": "Outer",
                                      "Parallel Aware": true,
                                      "Relation Name": "catalog_sales",
                                      "Alias": "catalog_sales",
                                      "Startup Cost": 0.00,
                                      "Total Cost": 43412.07,
                                      "Plan Rows": 2923,
                                      "Plan Width": 14,
                                      "Filter": "(cs_ship_mode_sk IS NULL)"
                                    },
                                    {
                                      "Node Type": "Hash",
                                      "Parent Relationship": "Inner",
                                      "Parallel Aware": true,
                                      "Startup Cost": 1834.70,
                                      "Total Cost": 1834.70,
                                      "Plan Rows": 42970,
                                      "Plan Width": 12,
                                      "Plans": [
                                        {
                                          "Node Type": "Seq Scan",
                                          "Parent Relationship": "Outer",
                                          "Parallel Aware": true,
                                          "Relation Name": "date_dim",
                                          "Alias": "date_dim_1",
                                          "Startup Cost": 0.00,
                                          "Total Cost": 1834.70,
                                          "Plan Rows": 42970,
                                          "Plan Width": 12
                                        }
                                      ]
                                    }
                                  ]
                                },
                                {
                                  "Node Type": "Hash",
                                  "Parent Relationship": "Inner",
                                  "Parallel Aware": true,
                                  "Startup Cost": 1335.88,
                                  "Total Cost": 1335.88,
                                  "Plan Rows": 10588,
                                  "Plan Width": 55,
                                  "Plans": [
                                    {
                                      "Node Type": "Seq Scan",
                                      "Parent Relationship": "Outer",
                                      "Parallel Aware": true,
                                      "Relation Name": "item",
                                      "Alias": "item_1",
                                      "Startup Cost": 0.00,
                                      "Total Cost": 1335.88,
                                      "Plan Rows": 10588,
                                      "Plan Width": 55
                                    }
                                  ]
                                }
                              ]
                            },
                            {
                              "Node Type": "Nested Loop",
                              "Parent Relationship": "Member",
                              "Parallel Aware": false,
                              "Join Type": "Inner",
                              "Startup Cost": 0.58,
                              "Total Cost": 22716.97,
                              "Plan Rows": 80,
                              "Plan Width": 129,
                              "Inner Unique": true,
                              "Plans": [
                                {
                                  "Node Type": "Nested Loop",
                                  "Parent Relationship": "Outer",
                                  "Parallel Aware": false,
                                  "Join Type": "Inner",
                                  "Startup Cost": 0.29,
                                  "Total Cost": 22173.83,
                                  "Plan Rows": 80,
                                  "Plan Width": 61,
                                  "Inner Unique": true,
                                  "Plans": [
                                    {
                                      "Node Type": "Seq Scan",
                                      "Parent Relationship": "Outer",
                                      "Parallel Aware": true,
                                      "Relation Name": "web_sales",
                                      "Alias": "web_sales",
                                      "Startup Cost": 0.00,
                                      "Total Cost": 21764.43,
                                      "Plan Rows": 80,
                                      "Plan Width": 14,
                                      "Filter": "(ws_bill_hdemo_sk IS NULL)"
                                    },
                                    {
                                      "Node Type": "Index Scan",
                                      "Parent Relationship": "Inner",
                                      "Parallel Aware": false,
                                      "Scan Direction": "Forward",
                                      "Index Name": "item_pkey",
                                      "Relation Name": "item",
                                      "Alias": "item_2",
                                      "Startup Cost": 0.29,
                                      "Total Cost": 5.12,
                                      "Plan Rows": 1,
                                      "Plan Width": 55,
                                      "Index Cond": "(i_item_sk = web_sales.ws_item_sk)"
                                    }
                                  ]
                                },
                                {
                                  "Node Type": "Index Scan",
                                  "Parent Relationship": "Inner",
                                  "Parallel Aware": false,
                                  "Scan Direction": "Forward",
                                  "Index Name": "date_dim_pkey",
                                  "Relation Name": "date_dim",
                                  "Alias": "date_dim_2",
                                  "Startup Cost": 0.29,
                                  "Total Cost": 6.79,
                                  "Plan Rows": 1,
                                  "Plan Width": 12,
                                  "Index Cond": "(d_date_sk = web_sales.ws_sold_date_sk)"
                                }
                              ]
                            }
                          ]
                        }
                      ]
                    }
                  ]
                }
              ]
            }
          ]
        }
      ]
    }
  }
]
