[
  {
    "Plan": {
      "Node Type": "Limit",
      "Parallel Aware": false,
      "Startup Cost": 146486.51,
      "Total Cost": 146496.94,
      "Plan Rows": 100,
      "Plan Width": 64,
      "Plans": [
        {
          "Node Type": "Aggregate",
          "Strategy": "Sorted",
          "Partial Mode": "Finalize",
          "Parent Relationship": "Outer",
          "Parallel Aware": false,
          "Startup Cost": 146486.51,
          "Total Cost": 146519.78,
          "Plan Rows": 319,
          "Plan Width": 64,
          "Group Key": ["customer_demographics.cd_gender", "customer_demographics.cd_marital_status", "customer_demographics.cd_education_status", "customer_demographics.cd_purchase_estimate", "customer_demographics.cd_credit_rating"],
          "Plans": [
            {
              "Node Type": "Gather Merge",
              "Parent Relationship": "Outer",
              "Parallel Aware": false,
              "Startup Cost": 146486.51,
              "Total Cost": 146512.83,
              "Plan Rows": 188,
              "Plan Width": 48,
              "Workers Planned": 1,
              "Plans": [
                {
                  "Node Type": "Aggregate",
                  "Strategy": "Sorted",
                  "Partial Mode": "Partial",
                  "Parent Relationship": "Outer",
                  "Parallel Aware": false,
                  "Startup Cost": 145486.50,
                  "Total Cost": 145491.67,
                  "Plan Rows": 188,
                  "Plan Width": 48,
                  "Group Key": ["customer_demographics.cd_gender", "customer_demographics.cd_marital_status", "customer_demographics.cd_education_status", "customer_demographics.cd_purchase_estimate", "customer_demographics.cd_credit_rating"],
                  "Plans": [
                    {
                      "Node Type": "Sort",
                      "Parent Relationship": "Outer",
                      "Parallel Aware": false,
                      "Startup Cost": 145486.50,
                      "Total Cost": 145486.97,
                      "Plan Rows": 188,
                      "Plan Width": 40,
                      "Sort Key": ["customer_demographics.cd_gender", "customer_demographics.cd_marital_status", "customer_demographics.cd_education_status", "customer_demographics.cd_purchase_estimate", "customer_demographics.cd_credit_rating"],
                      "Plans": [
                        {
                          "Node Type": "Hash Join",
                          "Parent Relationship": "Outer",
                          "Parallel Aware": true,
                          "Join Type": "Anti",
                          "Startup Cost": 140894.71,
                          "Total Cost": 145479.39,
                          "Plan Rows": 188,
                          "Plan Width": 40,
                          "Inner Unique": false,
                          "Hash Cond": "(c.c_customer_sk = catalog_sales.cs_ship_customer_sk)",
                          "Plans": [
                            {
                              "Node Type": "Nested Loop",
                              "Parent Relationship": "Outer",
                              "Parallel Aware": false,
                              "Join Type": "Inner",
                              "Startup Cost": 93738.62,
                              "Total Cost": 98320.91,
                              "Plan Rows": 191,
                              "Plan Width": 44,
                              "Inner Unique": true,
                              "Plans": [
                                {
                                  "Node Type": "Hash Join",
                                  "Parent Relationship": "Outer",
                                  "Parallel Aware": true,
                                  "Join Type": "Anti",
                                  "Startup Cost": 93738.20,
                                  "Total Cost": 98018.20,
                                  "Plan Rows": 198,
                                  "Plan Width": 8,
                                  "Inner Unique": false,
                                  "Hash Cond": "(c.c_customer_sk = web_sales.ws_bill_customer_sk)",
                                  "Plans": [
                                    {
                                      "Node Type": "Nested Loop",
                                      "Parent Relationship": "Outer",
                                      "Parallel Aware": false,
                                      "Join Type": "Inner",
                                      "Startup Cost": 69024.52,
                                      "Total Cost": 73302.01,
                                      "Plan Rows": 200,
                                      "Plan Width": 8,
                                      "Inner Unique": true,
                                      "Plans": [
                                        {
                                          "Node Type": "Hash Join",
                                          "Parent Relationship": "Outer",
                                          "Parallel Aware": true,
                                          "Join Type": "Semi",
                                          "Startup Cost": 69024.23,
                                          "Total Cost": 72567.74,
                                          "Plan Rows": 2038,
                                          "Plan Width": 12,
                                          "Inner Unique": false,
                                          "Hash Cond": "(c.c_customer_sk = store_sales.ss_customer_sk)",
                                          "Plans": [
                                            {
                                              "Node Type": "Seq Scan",
                                              "Parent Relationship": "Outer",
                                              "Parallel Aware": true,
                                              "Relation Name": "customer",
                                              "Alias": "c",
                                              "Startup Cost": 0.00,
                                              "Total Cost": 3356.24,
                                              "Plan Rows": 58824,
                                              "Plan Width": 12
                                            },
                                            {
                                              "Node Type": "Hash",
                                              "Parent Relationship": "Inner",
                                              "Parallel Aware": true,
                                              "Startup Cost": 69006.19,
                                              "Total Cost": 69006.19,
                                              "Plan Rows": 1443,
                                              "Plan Width": 4,
                                              "Plans": [
                                                {
                                                  "Node Type": "Hash Join",
                                                  "Parent Relationship": "Outer",
                                                  "Parallel Aware": true,
                                                  "Join Type": "Inner",
                                                  "Startup Cost": 2157.65,
                                                  "Total Cost": 69006.19,
                                                  "Plan Rows": 1443,
                                                  "Plan Width": 4,
                                                  "Inner Unique": true,
                                                  "Hash Cond": "(store_sales.ss_sold_date_sk = date_dim.d_date_sk)",
                                                  "Plans": [
                                                    {
                                                      "Node Type": "Seq Scan",
                                                      "Parent Relationship": "Outer",
                                                      "Parallel Aware": true,
                                                      "Relation Name": "store_sales",
                                                      "Alias": "store_sales",
                                                      "Startup Cost": 0.00,
                                                      "Total Cost": 63697.87,
                                                      "Plan Rows": 1200187,
                                                      "Plan Width": 8
                                                    },
                                                    {
                                                      "Node Type": "Hash",
                                                      "Parent Relationship": "Inner",
                                                      "Parallel Aware": true,
                                                      "Startup Cost": 2156.97,
                                                      "Total Cost": 2156.97,
                                                      "Plan Rows": 54,
                                                      "Plan Width": 4,
                                                      "Plans": [
                                                        {
                                                          "Node Type": "Seq Scan",
                                                          "Parent Relationship": "Outer",
                                                          "Parallel Aware": true,
                                                          "Relation Name": "date_dim",
                                                          "Alias": "date_dim",
                                                          "Startup Cost": 0.00,
                                                          "Total Cost": 2156.97,
                                                          "Plan Rows": 54,
                                                          "Plan Width": 4,
                                                          "Filter": "((d_moy >= 4) AND (d_moy <= 6) AND (d_year = 2002))"
                                                        }
                                                      ]
                                                    }
                                                  ]
                                                }
                                              ]
                                            }
                                          ]
                                        },
                                        {
                                          "Node Type": "Index Scan",
                                          "Parent Relationship": "Inner",
                                          "Parallel Aware": false,
                                          "Scan Direction": "Forward",
                                          "Index Name": "customer_address_pkey",
                                          "Relation Name": "customer_address",
                                          "Alias": "ca",
                                          "Startup Cost": 0.29,
                                          "Total Cost": 0.36,
                                          "Plan Rows": 1,
                                          "Plan Width": 4,
                                          "Index Cond": "(ca_address_sk = c.c_current_addr_sk)",
                                          "Filter": "(ca_state = ANY ('{OH,AR,GA}'::bpchar[]))"
                                        }
                                      ]
                                    },
                                    {
                                      "Node Type": "Hash",
                                      "Parent Relationship": "Inner",
                                      "Parallel Aware": true,
                                      "Startup Cost": 24708.95,
                                      "Total Cost": 24708.95,
                                      "Plan Rows": 378,
                                      "Plan Width": 4,
                                      "Plans": [
                                        {
                                          "Node Type": "Hash Join",
                                          "Parent Relationship": "Outer",
                                          "Parallel Aware": true,
                                          "Join Type": "Inner",
                                          "Startup Cost": 2157.65,
                                          "Total Cost": 24708.95,
                                          "Plan Rows": 378,
                                          "Plan Width": 4,
                                          "Inner Unique": true,
                                          "Hash Cond": "(web_sales.ws_sold_date_sk = date_dim_1.d_date_sk)",
                                          "Plans": [
                                            {
                                              "Node Type": "Seq Scan",
                                              "Parent Relationship": "Outer",
                                              "Parallel Aware": true,
                                              "Relation Name": "web_sales",
                                              "Alias": "web_sales",
                                              "Startup Cost": 0.00,
                                              "Total Cost": 21764.43,
                                              "Plan Rows": 299743,
                                              "Plan Width": 8
                                            },
                                            {
                                              "Node Type": "Hash",
                                              "Parent Relationship": "Inner",
                                              "Parallel Aware": true,
                                              "Startup Cost": 2156.97,
                                              "Total Cost": 2156.97,
                                              "Plan Rows": 54,
                                              "Plan Width": 4,
                                              "Plans": [
                                                {
                                                  "Node Type": "Seq Scan",
                                                  "Parent Relationship": "Outer",
                                                  "Parallel Aware": true,
                                                  "Relation Name": "date_dim",
                                                  "Alias": "date_dim_1",
                                                  "Startup Cost": 0.00,
                                                  "Total Cost": 2156.97,
                                                  "Plan Rows": 54,
                                                  "Plan Width": 4,
                                                  "Filter": "((d_moy >= 4) AND (d_moy <= 6) AND (d_year = 2002))"
                                                }
                                              ]
                                            }
                                          ]
                                        }
                                      ]
                                    }
                                  ]
                                },
                                {
                                  "Node Type": "Index Scan",
                                  "Parent Relationship": "Inner",
                                  "Parallel Aware": false,
                                  "Scan Direction": "Forward",
                                  "Index Name": "customer_demographics_pkey",
                                  "Relation Name": "customer_demographics",
                                  "Alias": "customer_demographics",
                                  "Startup Cost": 0.43,
                                  "Total Cost": 1.53,
                                  "Plan Rows": 1,
                                  "Plan Width": 44,
                                  "Index Cond": "(cd_demo_sk = c.c_current_cdemo_sk)"
                                }
                              ]
                            },
                            {
                              "Node Type": "Hash",
                              "Parent Relationship": "Inner",
                              "Parallel Aware": true,
                              "Startup Cost": 47146.67,
                              "Total Cost": 47146.67,
                              "Plan Rows": 753,
                              "Plan Width": 4,
                              "Plans": [
                                {
                                  "Node Type": "Hash Join",
                                  "Parent Relationship": "Outer",
                                  "Parallel Aware": true,
                                  "Join Type": "Inner",
                                  "Startup Cost": 2157.65,
                                  "Total Cost": 47146.67,
                                  "Plan Rows": 753,
                                  "Plan Width": 4,
                                  "Inner Unique": true,
                                  "Hash Cond": "(catalog_sales.cs_sold_date_sk = date_dim_2.d_date_sk)",
                                  "Plans": [
                                    {
                                      "Node Type": "Seq Scan",
                                      "Parent Relationship": "Outer",
                                      "Parallel Aware": true,
                                      "Relation Name": "catalog_sales",
                                      "Alias": "catalog_sales",
                                      "Startup Cost": 0.00,
                                      "Total Cost": 43412.07,
                                      "Plan Rows": 600708,
                                      "Plan Width": 8
                                    },
                                    {
                                      "Node Type": "Hash",
                                      "Parent Relationship": "Inner",
                                      "Parallel Aware": true,
                                      "Startup Cost": 2156.97,
                                      "Total Cost": 2156.97,
                                      "Plan Rows": 54,
                                      "Plan Width": 4,
                                      "Plans": [
                                        {
                                          "Node Type": "Seq Scan",
                                          "Parent Relationship": "Outer",
                                          "Parallel Aware": true,
                                          "Relation Name": "date_dim",
                                          "Alias": "date_dim_2",
                                          "Startup Cost": 0.00,
                                          "Total Cost": 2156.97,
                                          "Plan Rows": 54,
                                          "Plan Width": 4,
                                          "Filter": "((d_moy >= 4) AND (d_moy <= 6) AND (d_year = 2002))"
                                        }
                                      ]
                                    }
                                  ]
                                }
                              ]
                            }
                          ]
                        }
                      ]
                    }
                  ]
                }
              ]
            }
          ]
        }
      ]
    }
  }
]
