[
  {
    "Plan": {
      "Node Type": "Limit",
      "Parallel Aware": false,
      "Startup Cost": 49673.82,
      "Total Cost": 49673.83,
      "Plan Rows": 1,
      "Plan Width": 32,
      "Plans": [
        {
          "Node Type": "Aggregate",
          "Strategy": "Plain",
          "Partial Mode": "Simple",
          "Parent Relationship": "Outer",
          "Parallel Aware": false,
          "Startup Cost": 49673.82,
          "Total Cost": 49673.83,
          "Plan Rows": 1,
          "Plan Width": 32,
          "Plans": [
            {
              "Node Type": "Hash Join",
              "Parent Relationship": "Outer",
              "Parallel Aware": false,
              "Join Type": "Inner",
              "Startup Cost": 4505.40,
              "Total Cost": 49673.81,
              "Plan Rows": 1,
              "Plan Width": 6,
              "Inner Unique": true,
              "Hash Cond": "(catalog_sales.cs_item_sk = item.i_item_sk)",
              "Join Filter": "(catalog_sales.cs_ext_discount_amt > (SubPlan 1))",
              "Plans": [
                {
                  "Node Type": "Gather",
                  "Parent Relationship": "Outer",
                  "Parallel Aware": false,
                  "Startup Cost": 3050.20,
                  "Total Cost": 48214.02,
                  "Plan Rows": 1748,
                  "Plan Width": 10,
                  "Workers Planned": 2,
                  "Single Copy": false,
                  "Plans": [
                    {
                      "Node Type": "Hash Join",
                      "Parent Relationship": "Outer",
                      "Parallel Aware": true,
                      "Join Type": "Inner",
                      "Startup Cost": 2050.20,
                      "Total Cost": 47039.22,
                      "Plan Rows": 728,
                      "Plan Width": 10,
                      "Inner Unique": true,
                      "Hash Cond": "(catalog_sales.cs_sold_date_sk = date_dim.d_date_sk)",
                      "Plans": [
                        {
                          "Node Type": "Seq Scan",
                          "Parent Relationship": "Outer",
                          "Parallel Aware": true,
                          "Relation Name": "catalog_sales",
                          "Alias": "catalog_sales",
                          "Startup Cost": 0.00,
                          "Total Cost": 43412.07,
                          "Plan Rows": 600708,
                          "Plan Width": 14
                        },
                        {
                          "Node Type": "Hash",
                          "Parent Relationship": "Inner",
                          "Parallel Aware": true,
                          "Startup Cost": 2049.55,
                          "Total Cost": 2049.55,
                          "Plan Rows": 52,
                          "Plan Width": 4,
                          "Plans": [
                            {
                              "Node Type": "Seq Scan",
                              "Parent Relationship": "Outer",
                              "Parallel Aware": true,
                              "Relation Name": "date_dim",
                              "Alias": "date_dim",
                              "Startup Cost": 0.00,
                              "Total Cost": 2049.55,
                              "Plan Rows": 52,
                              "Plan Width": 4,
                              "Filter": "((d_date >= '1998-02-25'::date) AND (d_date <= '1998-05-26'::date))"
                            }
                          ]
                        }
                      ]
                    }
                  ]
                },
                {
                  "Node Type": "Hash",
                  "Parent Relationship": "Inner",
                  "Parallel Aware": false,
                  "Startup Cost": 1455.00,
                  "Total Cost": 1455.00,
                  "Plan Rows": 16,
                  "Plan Width": 4,
                  "Plans": [
                    {
                      "Node Type": "Seq Scan",
                      "Parent Relationship": "Outer",
                      "Parallel Aware": false,
                      "Relation Name": "item",
                      "Alias": "item",
                      "Startup Cost": 0.00,
                      "Total Cost": 1455.00,
                      "Plan Rows": 16,
                      "Plan Width": 4,
                      "Filter": "(i_manufact_id = 434)"
                    }
                  ]
                },
                {
                  "Node Type": "Aggregate",
                  "Strategy": "Plain",
                  "Partial Mode": "Simple",
                  "Parent Relationship": "SubPlan",
                  "Subplan Name": "SubPlan 1",
                  "Parallel Aware": false,
                  "Startup Cost": 1009.29,
                  "Total Cost": 1009.30,
                  "Plan Rows": 1,
                  "Plan Width": 32,
                  "Plans": [
                    {
                      "Node Type": "Nested Loop",
                      "Parent Relationship": "Outer",
                      "Parallel Aware": false,
                      "Join Type": "Inner",
                      "Startup Cost": 5.40,
                      "Total Cost": 1009.29,
                      "Plan Rows": 1,
                      "Plan Width": 6,
                      "Inner Unique": true,
                      "Plans": [
                        {
                          "Node Type": "Bitmap Heap Scan",
                          "Parent Relationship": "Outer",
                          "Parallel Aware": false,
                          "Relation Name": "catalog_sales",
                          "Alias": "catalog_sales_1",
                          "Startup Cost": 5.11,
                          "Total Cost": 345.40,
                          "Plan Rows": 88,
                          "Plan Width": 10,
                          "Recheck Cond": "(cs_item_sk = item.i_item_sk)",
                          "Plans": [
                            {
                              "Node Type": "Bitmap Index Scan",
                              "Parent Relationship": "Outer",
                              "Parallel Aware": false,
                              "Index Name": "catalog_sales_pkey",
                              "Startup Cost": 0.00,
                              "Total Cost": 5.09,
                              "Plan Rows": 88,
                              "Plan Width": 0,
                              "Index Cond": "(cs_item_sk = item.i_item_sk)"
                            }
                          ]
                        },
                        {
                          "Node Type": "Index Scan",
                          "Parent Relationship": "Inner",
                          "Parallel Aware": false,
                          "Scan Direction": "Forward",
                          "Index Name": "date_dim_pkey",
                          "Relation Name": "date_dim",
                          "Alias": "date_dim_1",
                          "Startup Cost": 0.29,
                          "Total Cost": 7.54,
                          "Plan Rows": 1,
                          "Plan Width": 4,
                          "Index Cond": "(d_date_sk = catalog_sales_1.cs_sold_date_sk)",
                          "Filter": "((d_date >= '1998-02-25'::date) AND (d_date <= '1998-05-26'::date))"
                        }
                      ]
                    }
                  ]
                }
              ]
            }
          ]
        }
      ]
    }
  }
]
