[
  {
    "Plan": {
      "Node Type": "Limit",
      "Parallel Aware": false,
      "Startup Cost": 70388.29,
      "Total Cost": 70388.31,
      "Plan Rows": 8,
      "Plan Width": 246,
      "Plans": [
        {
          "Node Type": "Sort",
          "Parent Relationship": "Outer",
          "Parallel Aware": false,
          "Startup Cost": 70388.29,
          "Total Cost": 70388.31,
          "Plan Rows": 8,
          "Plan Width": 246,
          "Sort Key": ["store.s_store_name", "store.s_store_id", "(sum(CASE WHEN (date_dim.d_day_name = 'Sunday'::bpchar) THEN store_sales.ss_sales_price ELSE NULL::numeric END))", "(sum(CASE WHEN (date_dim.d_day_name = 'Monday'::bpchar) THEN store_sales.ss_sales_price ELSE NULL::numeric END))", "(sum(CASE WHEN (date_dim.d_day_name = 'Tuesday'::bpchar) THEN store_sales.ss_sales_price ELSE NULL::numeric END))", "(sum(CASE WHEN (date_dim.d_day_name = 'Wednesday'::bpchar) THEN store_sales.ss_sales_price ELSE NULL::numeric END))", "(sum(CASE WHEN (date_dim.d_day_name = 'Thursday'::bpchar) THEN store_sales.ss_sales_price ELSE NULL::numeric END))", "(sum(CASE WHEN (date_dim.d_day_name = 'Friday'::bpchar) THEN store_sales.ss_sales_price ELSE NULL::numeric END))", "(sum(CASE WHEN (date_dim.d_day_name = 'Saturday'::bpchar) THEN store_sales.ss_sales_price ELSE NULL::numeric END))"],
          "Plans": [
            {
              "Node Type": "Aggregate",
              "Strategy": "Sorted",
              "Partial Mode": "Finalize",
              "Parent Relationship": "Outer",
              "Parallel Aware": false,
              "Startup Cost": 70153.36,
              "Total Cost": 70388.17,
              "Plan Rows": 8,
              "Plan Width": 246,
              "Group Key": ["store.s_store_name", "store.s_store_id"],
              "Plans": [
                {
                  "Node Type": "Gather Merge",
                  "Parent Relationship": "Outer",
                  "Parallel Aware": false,
                  "Startup Cost": 70153.36,
                  "Total Cost": 70387.31,
                  "Plan Rows": 16,
                  "Plan Width": 246,
                  "Workers Planned": 2,
                  "Plans": [
                    {
                      "Node Type": "Aggregate",
                      "Strategy": "Sorted",
                      "Partial Mode": "Partial",
                      "Parent Relationship": "Outer",
                      "Parallel Aware": false,
                      "Startup Cost": 69153.34,
                      "Total Cost": 69385.44,
                      "Plan Rows": 8,
                      "Plan Width": 246,
                      "Group Key": ["store.s_store_name", "store.s_store_id"],
                      "Plans": [
                        {
                          "Node Type": "Sort",
                          "Parent Relationship": "Outer",
                          "Parallel Aware": false,
                          "Startup Cost": 69153.34,
                          "Total Cost": 69166.98,
                          "Plan Rows": 5456,
                          "Plan Width": 38,
                          "Sort Key": ["store.s_store_name", "store.s_store_id"],
                          "Plans": [
                            {
                              "Node Type": "Hash Join",
                              "Parent Relationship": "Outer",
                              "Parallel Aware": false,
                              "Join Type": "Inner",
                              "Startup Cost": 1946.10,
                              "Total Cost": 68814.69,
                              "Plan Rows": 5456,
                              "Plan Width": 38,
                              "Inner Unique": true,
                              "Hash Cond": "(store_sales.ss_store_sk = store.s_store_sk)",
                              "Plans": [
                                {
                                  "Node Type": "Hash Join",
                                  "Parent Relationship": "Outer",
                                  "Parallel Aware": true,
                                  "Join Type": "Inner",
                                  "Startup Cost": 1944.80,
                                  "Total Cost": 68793.34,
                                  "Plan Rows": 5711,
                                  "Plan Width": 20,
                                  "Inner Unique": true,
                                  "Hash Cond": "(store_sales.ss_sold_date_sk = date_dim.d_date_sk)",
                                  "Plans": [
                                    {
                                      "Node Type": "Seq Scan",
                                      "Parent Relationship": "Outer",
                                      "Parallel Aware": true,
                                      "Relation Name": "store_sales",
                                      "Alias": "store_sales",
                                      "Startup Cost": 0.00,
                                      "Total Cost": 63697.87,
                                      "Plan Rows": 1200187,
                                      "Plan Width": 14
                                    },
                                    {
                                      "Node Type": "Hash",
                                      "Parent Relationship": "Inner",
                                      "Parallel Aware": true,
                                      "Startup Cost": 1942.12,
                                      "Total Cost": 1942.12,
                                      "Plan Rows": 214,
                                      "Plan Width": 14,
                                      "Plans": [
                                        {
                                          "Node Type": "Seq Scan",
                                          "Parent Relationship": "Outer",
                                          "Parallel Aware": true,
                                          "Relation Name": "date_dim",
                                          "Alias": "date_dim",
                                          "Startup Cost": 0.00,
                                          "Total Cost": 1942.12,
                                          "Plan Rows": 214,
                                          "Plan Width": 14,
                                          "Filter": "(d_year = 2000)"
                                        }
                                      ]
                                    }
                                  ]
                                },
                                {
                                  "Node Type": "Hash",
                                  "Parent Relationship": "Inner",
                                  "Parallel Aware": false,
                                  "Startup Cost": 1.15,
                                  "Total Cost": 1.15,
                                  "Plan Rows": 12,
                                  "Plan Width": 26,
                                  "Plans": [
                                    {
                                      "Node Type": "Seq Scan",
                                      "Parent Relationship": "Outer",
                                      "Parallel Aware": false,
                                      "Relation Name": "store",
                                      "Alias": "store",
                                      "Startup Cost": 0.00,
                                      "Total Cost": 1.15,
                                      "Plan Rows": 12,
                                      "Plan Width": 26,
                                      "Filter": "(s_gmt_offset = '-5'::numeric)"
                                    }
                                  ]
                                }
                              ]
                            }
                          ]
                        }
                      ]
                    }
                  ]
                }
              ]
            }
          ]
        }
      ]
    }
  }
]
