[
  {
    "Plan": {
      "Node Type": "Limit",
      "Parallel Aware": false,
      "Startup Cost": 8009.20,
      "Total Cost": 8009.20,
      "Plan Rows": 1,
      "Plan Width": 246,
      "Plans": [
        {
          "Node Type": "Aggregate",
          "Strategy": "Sorted",
          "Partial Mode": "Simple",
          "Parent Relationship": "InitPlan",
          "Subplan Name": "CTE customer_total_return",
          "Parallel Aware": false,
          "Startup Cost": 4698.30,
          "Total Cost": 4705.68,
          "Plan Rows": 328,
          "Plan Width": 39,
          "Group Key": ["web_returns.wr_returning_customer_sk", "customer_address_1.ca_state"],
          "Plans": [
            {
              "Node Type": "Sort",
              "Parent Relationship": "Outer",
              "Parallel Aware": false,
              "Startup Cost": 4698.30,
              "Total Cost": 4699.12,
              "Plan Rows": 328,
              "Plan Width": 13,
              "Sort Key": ["web_returns.wr_returning_customer_sk", "customer_address_1.ca_state"],
              "Plans": [
                {
                  "Node Type": "Nested Loop",
                  "Parent Relationship": "Outer",
                  "Parallel Aware": false,
                  "Join Type": "Inner",
                  "Startup Cost": 2322.95,
                  "Total Cost": 4684.59,
                  "Plan Rows": 328,
                  "Plan Width": 13,
                  "Inner Unique": true,
                  "Plans": [
                    {
                      "Node Type": "Hash Join",
                      "Parent Relationship": "Outer",
                      "Parallel Aware": false,
                      "Join Type": "Inner",
                      "Startup Cost": 2322.66,
                      "Total Cost": 4555.68,
                      "Plan Rows": 343,
                      "Plan Width": 14,
                      "Inner Unique": true,
                      "Hash Cond": "(web_returns.wr_returned_date_sk = date_dim.d_date_sk)",
                      "Plans": [
                        {
                          "Node Type": "Seq Scan",
                          "Parent Relationship": "Outer",
                          "Parallel Aware": false,
                          "Relation Name": "web_returns",
                          "Alias": "web_returns",
                          "Startup Cost": 0.00,
                          "Total Cost": 2044.63,
                          "Plan Rows": 71763,
                          "Plan Width": 18
                        },
                        {
                          "Node Type": "Hash",
                          "Parent Relationship": "Inner",
                          "Parallel Aware": false,
                          "Startup Cost": 2318.11,
                          "Total Cost": 2318.11,
                          "Plan Rows": 364,
                          "Plan Width": 4,
                          "Plans": [
                            {
                              "Node Type": "Seq Scan",
                              "Parent Relationship": "Outer",
                              "Parallel Aware": false,
                              "Relation Name": "date_dim",
                              "Alias": "date_dim",
                              "Startup Cost": 0.00,
                              "Total Cost": 2318.11,
                              "Plan Rows": 364,
                              "Plan Width": 4,
                              "Filter": "(d_year = 2002)"
                            }
                          ]
                        }
                      ]
                    },
                    {
                      "Node Type": "Index Scan",
                      "Parent Relationship": "Inner",
                      "Parallel Aware": false,
                      "Scan Direction": "Forward",
                      "Index Name": "customer_address_pkey",
                      "Relation Name": "customer_address",
                      "Alias": "customer_address_1",
                      "Startup Cost": 0.29,
                      "Total Cost": 0.38,
                      "Plan Rows": 1,
                      "Plan Width": 7,
                      "Index Cond": "(ca_address_sk = web_returns.wr_returning_addr_sk)"
                    }
                  ]
                }
              ]
            }
          ]
        },
        {
          "Node Type": "Sort",
          "Parent Relationship": "Outer",
          "Parallel Aware": false,
          "Startup Cost": 3303.52,
          "Total Cost": 3303.52,
          "Plan Rows": 1,
          "Plan Width": 246,
          "Sort Key": ["customer.c_customer_id", "customer.c_salutation", "customer.c_first_name", "customer.c_last_name", "customer.c_preferred_cust_flag", "customer.c_birth_day", "customer.c_birth_month", "customer.c_birth_year", "customer.c_birth_country", "customer.c_login", "customer.c_email_address", "customer.c_last_review_date_sk", "ctr1.ctr_total_return"],
          "Plans": [
            {
              "Node Type": "Nested Loop",
              "Parent Relationship": "Outer",
              "Parallel Aware": false,
              "Join Type": "Inner",
              "Startup Cost": 0.58,
              "Total Cost": 3303.51,
              "Plan Rows": 1,
              "Plan Width": 246,
              "Inner Unique": true,
              "Plans": [
                {
                  "Node Type": "Nested Loop",
                  "Parent Relationship": "Outer",
                  "Parallel Aware": false,
                  "Join Type": "Inner",
                  "Startup Cost": 0.29,
                  "Total Cost": 3264.37,
                  "Plan Rows": 109,
                  "Plan Width": 250,
                  "Inner Unique": true,
                  "Plans": [
                    {
                      "Node Type": "CTE Scan",
                      "Parent Relationship": "Outer",
                      "Parallel Aware": false,
                      "CTE Name": "customer_total_return",
                      "Alias": "ctr1",
                      "Startup Cost": 0.00,
                      "Total Cost": 2434.58,
                      "Plan Rows": 109,
                      "Plan Width": 36,
                      "Filter": "(ctr_total_return > (SubPlan 2))",
                      "Plans": [
                        {
                          "Node Type": "Aggregate",
                          "Strategy": "Plain",
                          "Partial Mode": "Simple",
                          "Parent Relationship": "SubPlan",
                          "Subplan Name": "SubPlan 2",
                          "Parallel Aware": false,
                          "Startup Cost": 7.39,
                          "Total Cost": 7.40,
                          "Plan Rows": 1,
                          "Plan Width": 32,
                          "Plans": [
                            {
                              "Node Type": "CTE Scan",
                              "Parent Relationship": "Outer",
                              "Parallel Aware": false,
                              "CTE Name": "customer_total_return",
                              "Alias": "ctr2",
                              "Startup Cost": 0.00,
                              "Total Cost": 7.38,
                              "Plan Rows": 2,
                              "Plan Width": 32,
                              "Filter": "(ctr1.ctr_state = ctr_state)"
                            }
                          ]
                        }
                      ]
                    },
                    {
                      "Node Type": "Index Scan",
                      "Parent Relationship": "Inner",
                      "Parallel Aware": false,
                      "Scan Direction": "Forward",
                      "Index Name": "customer_pkey",
                      "Relation Name": "customer",
                      "Alias": "customer",
                      "Startup Cost": 0.29,
                      "Total Cost": 7.61,
                      "Plan Rows": 1,
                      "Plan Width": 222,
                      "Index Cond": "(c_customer_sk = ctr1.ctr_customer_sk)"
                    }
                  ]
                },
                {
                  "Node Type": "Index Scan",
                  "Parent Relationship": "Inner",
                  "Parallel Aware": false,
                  "Scan Direction": "Forward",
                  "Index Name": "customer_address_pkey",
                  "Relation Name": "customer_address",
                  "Alias": "customer_address",
                  "Startup Cost": 0.29,
                  "Total Cost": 0.36,
                  "Plan Rows": 1,
                  "Plan Width": 4,
                  "Index Cond": "(ca_address_sk = customer.c_current_addr_sk)",
                  "Filter": "(ca_state = 'ID'::bpchar)"
                }
              ]
            }
          ]
        }
      ]
    }
  }
]
