[
  {
    "Plan": {
      "Node Type": "Limit",
      "Parallel Aware": false,
      "Startup Cost": 301704.00,
      "Total Cost": 301704.25,
      "Plan Rows": 13,
      "Plan Width": 108,
      "Plans": [
        {
          "Node Type": "Hash Join",
          "Parent Relationship": "InitPlan",
          "Subplan Name": "CTE cross_items",
          "Parallel Aware": false,
          "Join Type": "Inner",
          "Startup Cost": 156815.57,
          "Total Cost": 158367.32,
          "Plan Rows": 1,
          "Plan Width": 4,
          "Inner Unique": true,
          "Hash Cond": "((item_3.i_brand_id = temp.brand_id) AND (item_3.i_class_id = temp.class_id) AND (item_3.i_category_id = temp.category_id))",
          "Plans": [
            {
              "Node Type": "Seq Scan",
              "Parent Relationship": "Outer",
              "Parallel Aware": false,
              "Relation Name": "item",
              "Alias": "item_3",
              "Startup Cost": 0.00,
              "Total Cost": 1410.00,
              "Plan Rows": 18000,
              "Plan Width": 16
            },
            {
              "Node Type": "Hash",
              "Parent Relationship": "Inner",
              "Parallel Aware": false,
              "Startup Cost": 156784.07,
              "Total Cost": 156784.07,
              "Plan Rows": 1800,
              "Plan Width": 12,
              "Plans": [
                {
                  "Node Type": "Subquery Scan",
                  "Parent Relationship": "Outer",
                  "Parallel Aware": false,
                  "Alias": "temp",
                  "Startup Cost": 4525.64,
                  "Total Cost": 156784.07,
                  "Plan Rows": 1800,
                  "Plan Width": 12,
                  "Plans": [
                    {
                      "Node Type": "SetOp",
                      "Strategy": "Hashed",
                      "Parent Relationship": "Subquery",
                      "Parallel Aware": false,
                      "Command": "Intersect",
                      "Startup Cost": 4525.64,
                      "Total Cost": 156766.07,
                      "Plan Rows": 1800,
                      "Plan Width": 16,
                      "Plans": [
                        {
                          "Node Type": "Append",
                          "Parent Relationship": "Outer",
                          "Parallel Aware": false,
                          "Startup Cost": 4525.64,
                          "Total Cost": 156673.63,
                          "Plan Rows": 12325,
                          "Plan Width": 16,
                          "Plans": [
                            {
                              "Node Type": "Result",
                              "Parent Relationship": "Member",
                              "Parallel Aware": false,
                              "Startup Cost": 4525.64,
                              "Total Cost": 128476.86,
                              "Plan Rows": 1800,
                              "Plan Width": 16,
                              "Plans": [
                                {
                                  "Node Type": "SetOp",
                                  "Strategy": "Hashed",
                                  "Parent Relationship": "Outer",
                                  "Parallel Aware": false,
                                  "Command": "Intersect",
                                  "Startup Cost": 4525.64,
                                  "Total Cost": 128458.86,
                                  "Plan Rows": 1800,
                                  "Plan Width": 16,
                                  "Plans": [
                                    {
                                      "Node Type": "Append",
                                      "Parent Relationship": "Outer",
                                      "Parallel Aware": false,
                                      "Startup Cost": 4525.64,
                                      "Total Cost": 127999.49,
                                      "Plan Rows": 61249,
                                      "Plan Width": 16,
                                      "Plans": [
                                        {
                                          "Node Type": "Subquery Scan",
                                          "Parent Relationship": "Member",
                                          "Parallel Aware": false,
                                          "Alias": "*SELECT* 1",
                                          "Startup Cost": 4525.64,
                                          "Total Cost": 75846.05,
                                          "Plan Rows": 40253,
                                          "Plan Width": 16,
                                          "Plans": [
                                            {
                                              "Node Type": "Gather",
                                              "Parent Relationship": "Subquery",
                                              "Parallel Aware": false,
                                              "Startup Cost": 4525.64,
                                              "Total Cost": 75443.52,
                                              "Plan Rows": 40253,
                                              "Plan Width": 12,
                                              "Workers Planned": 2,
                                              "Single Copy": false,
                                              "Plans": [
                                                {
                                                  "Node Type": "Hash Join",
                                                  "Parent Relationship": "Outer",
                                                  "Parallel Aware": true,
                                                  "Join Type": "Inner",
                                                  "Startup Cost": 3525.64,
                                                  "Total Cost": 70418.22,
                                                  "Plan Rows": 16772,
                                                  "Plan Width": 12,
                                                  "Inner Unique": true,
                                                  "Hash Cond": "(store_sales_1.ss_item_sk = iss.i_item_sk)",
                                                  "Plans": [
                                                    {
                                                      "Node Type": "Hash Join",
                                                      "Parent Relationship": "Outer",
                                                      "Parallel Aware": true,
                                                      "Join Type": "Inner",
                                                      "Startup Cost": 2057.41,
                                                      "Total Cost": 68905.95,
                                                      "Plan Rows": 16772,
                                                      "Plan Width": 4,
                                                      "Inner Unique": true,
                                                      "Hash Cond": "(store_sales_1.ss_sold_date_sk = d1.d_date_sk)",
                                                      "Plans": [
                                                        {
                                                          "Node Type": "Seq Scan",
                                                          "Parent Relationship": "Outer",
                                                          "Parallel Aware": true,
                                                          "Relation Name": "store_sales",
                                                          "Alias": "store_sales_1",
                                                          "Startup Cost": 0.00,
                                                          "Total Cost": 63697.87,
                                                          "Plan Rows": 1200187,
                                                          "Plan Width": 8
                                                        },
                                                        {
                                                          "Node Type": "Hash",
                                                          "Parent Relationship": "Inner",
                                                          "Parallel Aware": true,
                                                          "Startup Cost": 2049.55,
                                                          "Total Cost": 2049.55,
                                                          "Plan Rows": 629,
                                                          "Plan Width": 4,
                                                          "Plans": [
                                                            {
                                                              "Node Type": "Seq Scan",
                                                              "Parent Relationship": "Outer",
                                                              "Parallel Aware": true,
                                                              "Relation Name": "date_dim",
                                                              "Alias": "d1",
                                                              "Startup Cost": 0.00,
                                                              "Total Cost": 2049.55,
                                                              "Plan Rows": 629,
                                                              "Plan Width": 4,
                                                              "Filter": "((d_year >= 2000) AND (d_year <= 2002))"
                                                            }
                                                          ]
                                                        }
                                                      ]
                                                    },
                                                    {
                                                      "Node Type": "Hash",
                                                      "Parent Relationship": "Inner",
                                                      "Parallel Aware": true,
                                                      "Startup Cost": 1335.88,
                                                      "Total Cost": 1335.88,
                                                      "Plan Rows": 10588,
                                                      "Plan Width": 16,
                                                      "Plans": [
                                                        {
                                                          "Node Type": "Seq Scan",
                                                          "Parent Relationship": "Outer",
                                                          "Parallel Aware": true,
                                                          "Relation Name": "item",
                                                          "Alias": "iss",
                                                          "Startup Cost": 0.00,
                                                          "Total Cost": 1335.88,
                                                          "Plan Rows": 10588,
                                                          "Plan Width": 16
                                                        }
                                                      ]
                                                    }
                                                  ]
                                                }
                                              ]
                                            }
                                          ]
                                        },
                                        {
                                          "Node Type": "Subquery Scan",
                                          "Parent Relationship": "Member",
                                          "Parallel Aware": false,
                                          "Alias": "*SELECT* 2",
                                          "Startup Cost": 4525.64,
                                          "Total Cost": 51847.19,
                                          "Plan Rows": 20996,
                                          "Plan Width": 16,
                                          "Plans": [
                                            {
                                              "Node Type": "Gather",
                                              "Parent Relationship": "Subquery",
                                              "Parallel Aware": false,
                                              "Startup Cost": 4525.64,
                                              "Total Cost": 51637.23,
                                              "Plan Rows": 20996,
                                              "Plan Width": 12,
                                              "Workers Planned": 2,
                                              "Single Copy": false,
                                              "Plans": [
                                                {
                                                  "Node Type": "Hash Join",
                                                  "Parent Relationship": "Outer",
                                                  "Parallel Aware": true,
                                                  "Join Type": "Inner",
                                                  "Startup Cost": 3525.64,
                                                  "Total Cost": 48537.63,
                                                  "Plan Rows": 8748,
                                                  "Plan Width": 12,
                                                  "Inner Unique": true,
                                                  "Hash Cond": "(catalog_sales_1.cs_item_sk = ics.i_item_sk)",
                                                  "Plans": [
                                                    {
                                                      "Node Type": "Hash Join",
                                                      "Parent Relationship": "Outer",
                                                      "Parallel Aware": true,
                                                      "Join Type": "Inner",
                                                      "Startup Cost": 2057.41,
                                                      "Total Cost": 47046.43,
                                                      "Plan Rows": 8748,
                                                      "Plan Width": 4,
                                                      "Inner Unique": true,
                                                      "Hash Cond": "(catalog_sales_1.cs_sold_date_sk = d2.d_date_sk)",
                                                      "Plans": [
                                                        {
                                                          "Node Type": "Seq Scan",
                                                          "Parent Relationship": "Outer",
                                                          "Parallel Aware": true,
                                                          "Relation Name": "catalog_sales",
                                                          "Alias": "catalog_sales_1",
                                                          "Startup Cost": 0.00,
                                                          "Total Cost": 43412.07,
                                                          "Plan Rows": 600708,
                                                          "Plan Width": 8
                                                        },
                                                        {
                                                          "Node Type": "Hash",
                                                          "Parent Relationship": "Inner",
                                                          "Parallel Aware": true,
                                                          "Startup Cost": 2049.55,
                                                          "Total Cost": 2049.55,
                                                          "Plan Rows": 629,
                                                          "Plan Width": 4,
                                                          "Plans": [
                                                            {
                                                              "Node Type": "Seq Scan",
                                                              "Parent Relationship": "Outer",
                                                              "Parallel Aware": true,
                                                              "Relation Name": "date_dim",
                                                              "Alias": "d2",
                                                              "Startup Cost": 0.00,
                                                              "Total Cost": 2049.55,
                                                              "Plan Rows": 629,
                                                              "Plan Width": 4,
                                                              "Filter": "((d_year >= 2000) AND (d_year <= 2002))"
                                                            }
                                                          ]
                                                        }
                                                      ]
                                                    },
                                                    {
                                                      "Node Type": "Hash",
                                                      "Parent Relationship": "Inner",
                                                      "Parallel Aware": true,
                                                      "Startup Cost": 1335.88,
                                                      "Total Cost": 1335.88,
                                                      "Plan Rows": 10588,
                                                      "Plan Width": 16,
                                                      "Plans": [
                                                        {
                                                          "Node Type": "Seq Scan",
                                                          "Parent Relationship": "Outer",
                                                          "Parallel Aware": true,
                                                          "Relation Name": "item",
                                                          "Alias": "ics",
                                                          "Startup Cost": 0.00,
                                                          "Total Cost": 1335.88,
                                                          "Plan Rows": 10588,
                                                          "Plan Width": 16
                                                        }
                                                      ]
                                                    }
                                                  ]
                                                }
                                              ]
                                            }
                                          ]
                                        }
                                      ]
                                    }
                                  ]
                                }
                              ]
                            },
                            {
                              "Node Type": "Subquery Scan",
                              "Parent Relationship": "Member",
                              "Parallel Aware": false,
                              "Alias": "*SELECT* 3",
                              "Startup Cost": 3057.70,
                              "Total Cost": 28135.15,
                              "Plan Rows": 10525,
                              "Plan Width": 16,
                              "Plans": [
                                {
                                  "Node Type": "Gather",
                                  "Parent Relationship": "Subquery",
                                  "Parallel Aware": false,
                                  "Startup Cost": 3057.70,
                                  "Total Cost": 28029.90,
                                  "Plan Rows": 10525,
                                  "Plan Width": 12,
                                  "Workers Planned": 2,
                                  "Single Copy": false,
                                  "Plans": [
                                    {
                                      "Node Type": "Nested Loop",
                                      "Parent Relationship": "Outer",
                                      "Parallel Aware": false,
                                      "Join Type": "Inner",
                                      "Startup Cost": 2057.70,
                                      "Total Cost": 25977.40,
                                      "Plan Rows": 4385,
                                      "Plan Width": 12,
                                      "Inner Unique": true,
                                      "Plans": [
                                        {
                                          "Node Type": "Hash Join",
                                          "Parent Relationship": "Outer",
                                          "Parallel Aware": true,
                                          "Join Type": "Inner",
                                          "Startup Cost": 2057.41,
                                          "Total Cost": 24608.72,
                                          "Plan Rows": 4385,
                                          "Plan Width": 4,
                                          "Inner Unique": true,
                                          "Hash Cond": "(web_sales_1.ws_sold_date_sk = d3.d_date_sk)",
                                          "Plans": [
                                            {
                                              "Node Type": "Seq Scan",
                                              "Parent Relationship": "Outer",
                                              "Parallel Aware": true,
                                              "Relation Name": "web_sales",
                                              "Alias": "web_sales_1",
                                              "Startup Cost": 0.00,
                                              "Total Cost": 21764.43,
                                              "Plan Rows": 299743,
                                              "Plan Width": 8
                                            },
                                            {
                                              "Node Type": "Hash",
                                              "Parent Relationship": "Inner",
                                              "Parallel Aware": true,
                                              "Startup Cost": 2049.55,
                                              "Total Cost": 2049.55,
                                              "Plan Rows": 629,
                                              "Plan Width": 4,
                                              "Plans": [
                                                {
                                                  "Node Type": "Seq Scan",
                                                  "Parent Relationship": "Outer",
                                                  "Parallel Aware": true,
                                                  "Relation Name": "date_dim",
                                                  "Alias": "d3",
                                                  "Startup Cost": 0.00,
                                                  "Total Cost": 2049.55,
                                                  "Plan Rows": 629,
                                                  "Plan Width": 4,
                                                  "Filter": "((d_year >= 2000) AND (d_year <= 2002))"
                                                }
                                              ]
                                            }
                                          ]
                                        },
                                        {
                                          "Node Type": "Index Scan",
                                          "Parent Relationship": "Inner",
                                          "Parallel Aware": false,
                                          "Scan Direction": "Forward",
                                          "Index Name": "item_pkey",
                                          "Relation Name": "item",
                                          "Alias": "iws",
                                          "Startup Cost": 0.29,
                                          "Total Cost": 0.31,
                                          "Plan Rows": 1,
                                          "Plan Width": 16,
                                          "Index Cond": "(i_item_sk = web_sales_1.ws_item_sk)"
                                        }
                                      ]
                                    }
                                  ]
                                }
                              ]
                            }
                          ]
                        }
                      ]
                    }
                  ]
                }
              ]
            }
          ]
        },
        {
          "Node Type": "Aggregate",
          "Strategy": "Plain",
          "Partial Mode": "Finalize",
          "Parent Relationship": "InitPlan",
          "Subplan Name": "CTE avg_sales",
          "Parallel Aware": false,
          "Startup Cost": 143176.24,
          "Total Cost": 143176.25,
          "Plan Rows": 1,
          "Plan Width": 32,
          "Plans": [
            {
              "Node Type": "Gather",
              "Parent Relationship": "Outer",
              "Parallel Aware": false,
              "Startup Cost": 143176.02,
              "Total Cost": 143176.23,
              "Plan Rows": 2,
              "Plan Width": 32,
              "Workers Planned": 2,
              "Single Copy": false,
              "Plans": [
                {
                  "Node Type": "Aggregate",
                  "Strategy": "Plain",
                  "Partial Mode": "Partial",
                  "Parent Relationship": "Outer",
                  "Parallel Aware": false,
                  "Startup Cost": 142176.02,
                  "Total Cost": 142176.03,
                  "Plan Rows": 1,
                  "Plan Width": 32,
                  "Plans": [
                    {
                      "Node Type": "Append",
                      "Parent Relationship": "Outer",
                      "Parallel Aware": true,
                      "Startup Cost": 2057.41,
                      "Total Cost": 141637.71,
                      "Plan Rows": 71774,
                      "Plan Width": 10,
                      "Plans": [
                        {
                          "Node Type": "Hash Join",
                          "Parent Relationship": "Member",
                          "Parallel Aware": true,
                          "Join Type": "Inner",
                          "Startup Cost": 2057.41,
                          "Total Cost": 68905.95,
                          "Plan Rows": 16772,
                          "Plan Width": 10,
                          "Inner Unique": true,
                          "Hash Cond": "(store_sales_2.ss_sold_date_sk = date_dim_3.d_date_sk)",
                          "Plans": [
                            {
                              "Node Type": "Seq Scan",
                              "Parent Relationship": "Outer",
                              "Parallel Aware": true,
                              "Relation Name": "store_sales",
                              "Alias": "store_sales_2",
                              "Startup Cost": 0.00,
                              "Total Cost": 63697.87,
                              "Plan Rows": 1200187,
                              "Plan Width": 14
                            },
                            {
                              "Node Type": "Hash",
                              "Parent Relationship": "Inner",
                              "Parallel Aware": true,
                              "Startup Cost": 2049.55,
                              "Total Cost": 2049.55,
                              "Plan Rows": 629,
                              "Plan Width": 4,
                              "Plans": [
                                {
                                  "Node Type": "Seq Scan",
                                  "Parent Relationship": "Outer",
                                  "Parallel Aware": true,
                                  "Relation Name": "date_dim",
                                  "Alias": "date_dim_3",
                                  "Startup Cost": 0.00,
                                  "Total Cost": 2049.55,
                                  "Plan Rows": 629,
                                  "Plan Width": 4,
                                  "Filter": "((d_year >= 2000) AND (d_year <= 2002))"
                                }
                              ]
                            }
                          ]
                        },
                        {
                          "Node Type": "Hash Join",
                          "Parent Relationship": "Member",
                          "Parallel Aware": true,
                          "Join Type": "Inner",
                          "Startup Cost": 2057.41,
                          "Total Cost": 47046.43,
                          "Plan Rows": 8748,
                          "Plan Width": 10,
                          "Inner Unique": true,
                          "Hash Cond": "(catalog_sales_2.cs_sold_date_sk = date_dim_4.d_date_sk)",
                          "Plans": [
                            {
                              "Node Type": "Seq Scan",
                              "Parent Relationship": "Outer",
                              "Parallel Aware": true,
                              "Relation Name": "catalog_sales",
                              "Alias": "catalog_sales_2",
                              "Startup Cost": 0.00,
                              "Total Cost": 43412.07,
                              "Plan Rows": 600708,
                              "Plan Width": 14
                            },
                            {
                              "Node Type": "Hash",
                              "Parent Relationship": "Inner",
                              "Parallel Aware": true,
                              "Startup Cost": 2049.55,
                              "Total Cost": 2049.55,
                              "Plan Rows": 629,
                              "Plan Width": 4,
                              "Plans": [
                                {
                                  "Node Type": "Seq Scan",
                                  "Parent Relationship": "Outer",
                                  "Parallel Aware": true,
                                  "Relation Name": "date_dim",
                                  "Alias": "date_dim_4",
                                  "Startup Cost": 0.00,
                                  "Total Cost": 2049.55,
                                  "Plan Rows": 629,
                                  "Plan Width": 4,
                                  "Filter": "((d_year >= 2000) AND (d_year <= 2002))"
                                }
                              ]
                            }
                          ]
                        },
                        {
                          "Node Type": "Hash Join",
                          "Parent Relationship": "Member",
                          "Parallel Aware": true,
                          "Join Type": "Inner",
                          "Startup Cost": 2057.41,
                          "Total Cost": 24608.72,
                          "Plan Rows": 4385,
                          "Plan Width": 10,
                          "Inner Unique": true,
                          "Hash Cond": "(web_sales_2.ws_sold_date_sk = date_dim_5.d_date_sk)",
                          "Plans": [
                            {
                              "Node Type": "Seq Scan",
                              "Parent Relationship": "Outer",
                              "Parallel Aware": true,
                              "Relation Name": "web_sales",
                              "Alias": "web_sales_2",
                              "Startup Cost": 0.00,
                              "Total Cost": 21764.43,
                              "Plan Rows": 299743,
                              "Plan Width": 14
                            },
                            {
                              "Node Type": "Hash",
                              "Parent Relationship": "Inner",
                              "Parallel Aware": true,
                              "Startup Cost": 2049.55,
                              "Total Cost": 2049.55,
                              "Plan Rows": 629,
                              "Plan Width": 4,
                              "Plans": [
                                {
                                  "Node Type": "Seq Scan",
                                  "Parent Relationship": "Outer",
                                  "Parallel Aware": true,
                                  "Relation Name": "date_dim",
                                  "Alias": "date_dim_5",
                                  "Startup Cost": 0.00,
                                  "Total Cost": 2049.55,
                                  "Plan Rows": 629,
                                  "Plan Width": 4,
                                  "Filter": "((d_year >= 2000) AND (d_year <= 2002))"
                                }
                              ]
                            }
                          ]
                        }
                      ]
                    }
                  ]
                }
              ]
            }
          ]
        },
        {
          "Node Type": "Aggregate",
          "Strategy": "Sorted",
          "Partial Mode": "Simple",
          "Parent Relationship": "Outer",
          "Parallel Aware": false,
          "Startup Cost": 160.43,
          "Total Cost": 160.68,
          "Plan Rows": 13,
          "Plan Width": 108,
          "Grouping Sets": [
            {
              "Group Keys": [
                ["('store'::text)", "item.i_brand_id", "item.i_class_id", "item.i_category_id"],
                ["('store'::text)", "item.i_brand_id", "item.i_class_id"],
                ["('store'::text)", "item.i_brand_id"],
                ["('store'::text)"],
                []
              ]
            }
          ],
          "Plans": [
            {
              "Node Type": "Sort",
              "Parent Relationship": "Outer",
              "Parallel Aware": false,
              "Startup Cost": 160.43,
              "Total Cost": 160.44,
              "Plan Rows": 3,
              "Plan Width": 84,
              "Sort Key": ["('store'::text)", "item.i_brand_id", "item.i_class_id", "item.i_category_id"],
              "Plans": [
                {
                  "Node Type": "Append",
                  "Parent Relationship": "Outer",
                  "Parallel Aware": false,
                  "Startup Cost": 82.42,
                  "Total Cost": 160.41,
                  "Plan Rows": 3,
                  "Plan Width": 84,
                  "Plans": [
                    {
                      "Node Type": "Aggregate",
                      "Strategy": "Sorted",
                      "Partial Mode": "Simple",
                      "Parent Relationship": "Member",
                      "Parallel Aware": false,
                      "Startup Cost": 82.42,
                      "Total Cost": 82.46,
                      "Plan Rows": 1,
                      "Plan Width": 84,
                      "Group Key": ["item.i_brand_id", "item.i_class_id", "item.i_category_id"],
                      "Filter": "(sum(((store_sales.ss_quantity)::numeric * store_sales.ss_list_price)) > $7)",
                      "Plans": [
                        {
                          "Node Type": "CTE Scan",
                          "Parent Relationship": "InitPlan",
                          "Subplan Name": "InitPlan 3 (returns $7)",
                          "Parallel Aware": false,
                          "CTE Name": "avg_sales",
                          "Alias": "avg_sales",
                          "Startup Cost": 0.00,
                          "Total Cost": 0.02,
                          "Plan Rows": 1,
                          "Plan Width": 32
                        },
                        {
                          "Node Type": "Sort",
                          "Parent Relationship": "Outer",
                          "Parallel Aware": false,
                          "Startup Cost": 82.40,
                          "Total Cost": 82.40,
                          "Plan Rows": 1,
                          "Plan Width": 22,
                          "Sort Key": ["item.i_brand_id", "item.i_class_id", "item.i_category_id"],
                          "Plans": [
                            {
                              "Node Type": "Nested Loop",
                              "Parent Relationship": "Outer",
                              "Parallel Aware": false,
                              "Join Type": "Inner",
                              "Startup Cost": 1.03,
                              "Total Cost": 82.39,
                              "Plan Rows": 1,
                              "Plan Width": 22,
                              "Inner Unique": true,
                              "Plans": [
                                {
                                  "Node Type": "Nested Loop",
                                  "Parent Relationship": "Outer",
                                  "Parallel Aware": false,
                                  "Join Type": "Inner",
                                  "Startup Cost": 0.74,
                                  "Total Cost": 27.19,
                                  "Plan Rows": 174,
                                  "Plan Width": 26,
                                  "Inner Unique": false,
                                  "Plans": [
                                    {
                                      "Node Type": "Nested Loop",
                                      "Parent Relationship": "Outer",
                                      "Parallel Aware": false,
                                      "Join Type": "Inner",
                                      "Startup Cost": 0.31,
                                      "Total Cost": 8.34,
                                      "Plan Rows": 1,
                                      "Plan Width": 20,
                                      "Inner Unique": true,
                                      "Plans": [
                                        {
                                          "Node Type": "Aggregate",
                                          "Strategy": "Hashed",
                                          "Partial Mode": "Simple",
                                          "Parent Relationship": "Outer",
                                          "Parallel Aware": false,
                                          "Startup Cost": 0.02,
                                          "Total Cost": 0.03,
                                          "Plan Rows": 1,
                                          "Plan Width": 4,
                                          "Group Key": ["cross_items.ss_item_sk"],
                                          "Plans": [
                                            {
                                              "Node Type": "CTE Scan",
                                              "Parent Relationship": "Outer",
                                              "Parallel Aware": false,
                                              "CTE Name": "cross_items",
                                              "Alias": "cross_items",
                                              "Startup Cost": 0.00,
                                              "Total Cost": 0.02,
                                              "Plan Rows": 1,
                                              "Plan Width": 4
                                            }
                                          ]
                                        },
                                        {
                                          "Node Type": "Index Scan",
                                          "Parent Relationship": "Inner",
                                          "Parallel Aware": false,
                                          "Scan Direction": "Forward",
                                          "Index Name": "item_pkey",
                                          "Relation Name": "item",
                                          "Alias": "item",
                                          "Startup Cost": 0.29,
                                          "Total Cost": 8.30,
                                          "Plan Rows": 1,
                                          "Plan Width": 16,
                                          "Index Cond": "(i_item_sk = cross_items.ss_item_sk)"
                                        }
                                      ]
                                    },
                                    {
                                      "Node Type": "Index Scan",
                                      "Parent Relationship": "Inner",
                                      "Parallel Aware": false,
                                      "Scan Direction": "Forward",
                                      "Index Name": "store_sales_pkey",
                                      "Relation Name": "store_sales",
                                      "Alias": "store_sales",
                                      "Startup Cost": 0.43,
                                      "Total Cost": 17.11,
                                      "Plan Rows": 174,
                                      "Plan Width": 18,
                                      "Index Cond": "(ss_item_sk = item.i_item_sk)"
                                    }
                                  ]
                                },
                                {
                                  "Node Type": "Index Scan",
                                  "Parent Relationship": "Inner",
                                  "Parallel Aware": false,
                                  "Scan Direction": "Forward",
                                  "Index Name": "date_dim_pkey",
                                  "Relation Name": "date_dim",
                                  "Alias": "date_dim",
                                  "Startup Cost": 0.29,
                                  "Total Cost": 0.32,
                                  "Plan Rows": 1,
                                  "Plan Width": 4,
                                  "Index Cond": "(d_date_sk = store_sales.ss_sold_date_sk)",
                                  "Filter": "((d_year = 2002) AND (d_moy = 11))"
                                }
                              ]
                            }
                          ]
                        }
                      ]
                    },
                    {
                      "Node Type": "Aggregate",
                      "Strategy": "Sorted",
                      "Partial Mode": "Simple",
                      "Parent Relationship": "Member",
                      "Parallel Aware": false,
                      "Startup Cost": 48.80,
                      "Total Cost": 48.85,
                      "Plan Rows": 1,
                      "Plan Width": 84,
                      "Group Key": ["item_1.i_brand_id", "item_1.i_class_id", "item_1.i_category_id"],
                      "Filter": "(sum(((catalog_sales.cs_quantity)::numeric * catalog_sales.cs_list_price)) > $8)",
                      "Plans": [
                        {
                          "Node Type": "CTE Scan",
                          "Parent Relationship": "InitPlan",
                          "Subplan Name": "InitPlan 4 (returns $8)",
                          "Parallel Aware": false,
                          "CTE Name": "avg_sales",
                          "Alias": "avg_sales_1",
                          "Startup Cost": 0.00,
                          "Total Cost": 0.02,
                          "Plan Rows": 1,
                          "Plan Width": 32
                        },
                        {
                          "Node Type": "Sort",
                          "Parent Relationship": "Outer",
                          "Parallel Aware": false,
                          "Startup Cost": 48.78,
                          "Total Cost": 48.79,
                          "Plan Rows": 1,
                          "Plan Width": 22,
                          "Sort Key": ["item_1.i_brand_id", "item_1.i_class_id", "item_1.i_category_id"],
                          "Plans": [
                            {
                              "Node Type": "Nested Loop",
                              "Parent Relationship": "Outer",
                              "Parallel Aware": false,
                              "Join Type": "Inner",
                              "Startup Cost": 1.03,
                              "Total Cost": 48.77,
                              "Plan Rows": 1,
                              "Plan Width": 22,
                              "Inner Unique": true,
                              "Plans": [
                                {
                                  "Node Type": "Nested Loop",
                                  "Parent Relationship": "Outer",
                                  "Parallel Aware": false,
                                  "Join Type": "Inner",
                                  "Startup Cost": 0.74,
                                  "Total Cost": 20.66,
                                  "Plan Rows": 88,
                                  "Plan Width": 26,
                                  "Inner Unique": false,
                                  "Plans": [
                                    {
                                      "Node Type": "Nested Loop",
                                      "Parent Relationship": "Outer",
                                      "Parallel Aware": false,
                                      "Join Type": "Inner",
                                      "Startup Cost": 0.31,
                                      "Total Cost": 8.34,
                                      "Plan Rows": 1,
                                      "Plan Width": 20,
                                      "Inner Unique": true,
                                      "Plans": [
                                        {
                                          "Node Type": "Aggregate",
                                          "Strategy": "Hashed",
                                          "Partial Mode": "Simple",
                                          "Parent Relationship": "Outer",
                                          "Parallel Aware": false,
                                          "Startup Cost": 0.02,
                                          "Total Cost": 0.03,
                                          "Plan Rows": 1,
                                          "Plan Width": 4,
                                          "Group Key": ["cross_items_1.ss_item_sk"],
                                          "Plans": [
                                            {
                                              "Node Type": "CTE Scan",
                                              "Parent Relationship": "Outer",
                                              "Parallel Aware": false,
                                              "CTE Name": "cross_items",
                                              "Alias": "cross_items_1",
                                              "Startup Cost": 0.00,
                                              "Total Cost": 0.02,
                                              "Plan Rows": 1,
                                              "Plan Width": 4
                                            }
                                          ]
                                        },
                                        {
                                          "Node Type": "Index Scan",
                                          "Parent Relationship": "Inner",
                                          "Parallel Aware": false,
                                          "Scan Direction": "Forward",
                                          "Index Name": "item_pkey",
                                          "Relation Name": "item",
                                          "Alias": "item_1",
                                          "Startup Cost": 0.29,
                                          "Total Cost": 8.30,
                                          "Plan Rows": 1,
                                          "Plan Width": 16,
                                          "Index Cond": "(i_item_sk = cross_items_1.ss_item_sk)"
                                        }
                                      ]
                                    },
                                    {
                                      "Node Type": "Index Scan",
                                      "Parent Relationship": "Inner",
                                      "Parallel Aware": false,
                                      "Scan Direction": "Forward",
                                      "Index Name": "catalog_sales_pkey",
                                      "Relation Name": "catalog_sales",
                                      "Alias": "catalog_sales",
                                      "Startup Cost": 0.43,
                                      "Total Cost": 11.44,
                                      "Plan Rows": 88,
                                      "Plan Width": 18,
                                      "Index Cond": "(cs_item_sk = item_1.i_item_sk)"
                                    }
                                  ]
                                },
                                {
                                  "Node Type": "Index Scan",
                                  "Parent Relationship": "Inner",
                                  "Parallel Aware": false,
                                  "Scan Direction": "Forward",
                                  "Index Name": "date_dim_pkey",
                                  "Relation Name": "date_dim",
                                  "Alias": "date_dim_1",
                                  "Startup Cost": 0.29,
                                  "Total Cost": 0.32,
                                  "Plan Rows": 1,
                                  "Plan Width": 4,
                                  "Index Cond": "(d_date_sk = catalog_sales.cs_sold_date_sk)",
                                  "Filter": "((d_year = 2002) AND (d_moy = 11))"
                                }
                              ]
                            }
                          ]
                        }
                      ]
                    },
                    {
                      "Node Type": "Aggregate",
                      "Strategy": "Sorted",
                      "Partial Mode": "Simple",
                      "Parent Relationship": "Member",
                      "Parallel Aware": false,
                      "Startup Cost": 29.00,
                      "Total Cost": 29.05,
                      "Plan Rows": 1,
                      "Plan Width": 84,
                      "Group Key": ["item_2.i_brand_id", "item_2.i_class_id", "item_2.i_category_id"],
                      "Filter": "(sum(((web_sales.ws_quantity)::numeric * web_sales.ws_list_price)) > $9)",
                      "Plans": [
                        {
                          "Node Type": "CTE Scan",
                          "Parent Relationship": "InitPlan",
                          "Subplan Name": "InitPlan 5 (returns $9)",
                          "Parallel Aware": false,
                          "CTE Name": "avg_sales",
                          "Alias": "avg_sales_2",
                          "Startup Cost": 0.00,
                          "Total Cost": 0.02,
                          "Plan Rows": 1,
                          "Plan Width": 32
                        },
                        {
                          "Node Type": "Sort",
                          "Parent Relationship": "Outer",
                          "Parallel Aware": false,
                          "Startup Cost": 28.98,
                          "Total Cost": 28.98,
                          "Plan Rows": 1,
                          "Plan Width": 22,
                          "Sort Key": ["item_2.i_brand_id", "item_2.i_class_id", "item_2.i_category_id"],
                          "Plans": [
                            {
                              "Node Type": "Nested Loop",
                              "Parent Relationship": "Outer",
                              "Parallel Aware": false,
                              "Join Type": "Inner",
                              "Startup Cost": 1.03,
                              "Total Cost": 28.97,
                              "Plan Rows": 1,
                              "Plan Width": 22,
                              "Inner Unique": true,
                              "Plans": [
                                {
                                  "Node Type": "Nested Loop",
                                  "Parent Relationship": "Outer",
                                  "Parallel Aware": false,
                                  "Join Type": "Inner",
                                  "Startup Cost": 0.73,
                                  "Total Cost": 14.71,
                                  "Plan Rows": 44,
                                  "Plan Width": 26,
                                  "Inner Unique": false,
                                  "Plans": [
                                    {
                                      "Node Type": "Nested Loop",
                                      "Parent Relationship": "Outer",
                                      "Parallel Aware": false,
                                      "Join Type": "Inner",
                                      "Startup Cost": 0.31,
                                      "Total Cost": 8.34,
                                      "Plan Rows": 1,
                                      "Plan Width": 20,
                                      "Inner Unique": true,
                                      "Plans": [
                                        {
                                          "Node Type": "Aggregate",
                                          "Strategy": "Hashed",
                                          "Partial Mode": "Simple",
                                          "Parent Relationship": "Outer",
                                          "Parallel Aware": false,
                                          "Startup Cost": 0.02,
                                          "Total Cost": 0.03,
                                          "Plan Rows": 1,
                                          "Plan Width": 4,
                                          "Group Key": ["cross_items_2.ss_item_sk"],
                                          "Plans": [
                                            {
                                              "Node Type": "CTE Scan",
                                              "Parent Relationship": "Outer",
                                              "Parallel Aware": false,
                                              "CTE Name": "cross_items",
                                              "Alias": "cross_items_2",
                                              "Startup Cost": 0.00,
                                              "Total Cost": 0.02,
                                              "Plan Rows": 1,
                                              "Plan Width": 4
                                            }
                                          ]
                                        },
                                        {
                                          "Node Type": "Index Scan",
                                          "Parent Relationship": "Inner",
                                          "Parallel Aware": false,
                                          "Scan Direction": "Forward",
                                          "Index Name": "item_pkey",
                                          "Relation Name": "item",
                                          "Alias": "item_2",
                                          "Startup Cost": 0.29,
                                          "Total Cost": 8.30,
                                          "Plan Rows": 1,
                                          "Plan Width": 16,
                                          "Index Cond": "(i_item_sk = cross_items_2.ss_item_sk)"
                                        }
                                      ]
                                    },
                                    {
                                      "Node Type": "Index Scan",
                                      "Parent Relationship": "Inner",
                                      "Parallel Aware": false,
                                      "Scan Direction": "Forward",
                                      "Index Name": "web_sales_pkey",
                                      "Relation Name": "web_sales",
                                      "Alias": "web_sales",
                                      "Startup Cost": 0.42,
                                      "Total Cost": 5.93,
                                      "Plan Rows": 44,
                                      "Plan Width": 18,
                                      "Index Cond": "(ws_item_sk = item_2.i_item_sk)"
                                    }
                                  ]
                                },
                                {
                                  "Node Type": "Index Scan",
                                  "Parent Relationship": "Inner",
                                  "Parallel Aware": false,
                                  "Scan Direction": "Forward",
                                  "Index Name": "date_dim_pkey",
                                  "Relation Name": "date_dim",
                                  "Alias": "date_dim_2",
                                  "Startup Cost": 0.29,
                                  "Total Cost": 0.32,
                                  "Plan Rows": 1,
                                  "Plan Width": 4,
                                  "Index Cond": "(d_date_sk = web_sales.ws_sold_date_sk)",
                                  "Filter": "((d_year = 2002) AND (d_moy = 11))"
                                }
                              ]
                            }
                          ]
                        }
                      ]
                    }
                  ]
                }
              ]
            }
          ]
        }
      ]
    }
  }
]