[
  {
    "Plan": {
      "Node Type": "Limit",
      "Parallel Aware": false,
      "Startup Cost": 144418.45,
      "Total Cost": 144418.70,
      "Plan Rows": 100,
      "Plan Width": 202,
      "Plans": [
        {
          "Node Type": "Sort",
          "Parent Relationship": "Outer",
          "Parallel Aware": false,
          "Startup Cost": 144418.45,
          "Total Cost": 144419.11,
          "Plan Rows": 265,
          "Plan Width": 202,
          "Sort Key": ["store.s_store_name", "item.i_item_desc"],
          "Plans": [
            {
              "Node Type": "Nested Loop",
              "Parent Relationship": "Outer",
              "Parallel Aware": false,
              "Join Type": "Inner",
              "Startup Cost": 140489.46,
              "Total Cost": 144408.32,
              "Plan Rows": 265,
              "Plan Width": 202,
              "Inner Unique": true,
              "Plans": [
                {
                  "Node Type": "Merge Join",
                  "Parent Relationship": "Outer",
                  "Parallel Aware": false,
                  "Join Type": "Inner",
                  "Startup Cost": 140489.18,
                  "Total Cost": 144224.96,
                  "Plan Rows": 265,
                  "Plan Width": 41,
                  "Inner Unique": false,
                  "Merge Cond": "(store_sales.ss_store_sk = store_sales_1.ss_store_sk)",
                  "Join Filter": "((sum(store_sales.ss_sales_price)) <= (0.1 * (avg((sum(store_sales_1.ss_sales_price))))))",
                  "Plans": [
                    {
                      "Node Type": "Aggregate",
                      "Strategy": "Sorted",
                      "Partial Mode": "Finalize",
                      "Parent Relationship": "Outer",
                      "Parallel Aware": false,
                      "Startup Cost": 70243.92,
                      "Total Cost": 71919.03,
                      "Plan Rows": 13254,
                      "Plan Width": 40,
                      "Group Key": ["store_sales.ss_store_sk", "store_sales.ss_item_sk"],
                      "Plans": [
                        {
                          "Node Type": "Gather Merge",
                          "Parent Relationship": "Outer",
                          "Parallel Aware": false,
                          "Startup Cost": 70243.92,
                          "Total Cost": 71642.92,
                          "Plan Rows": 11044,
                          "Plan Width": 40,
                          "Workers Planned": 2,
                          "Plans": [
                            {
                              "Node Type": "Aggregate",
                              "Strategy": "Sorted",
                              "Partial Mode": "Partial",
                              "Parent Relationship": "Outer",
                              "Parallel Aware": false,
                              "Startup Cost": 69243.90,
                              "Total Cost": 69368.14,
                              "Plan Rows": 5522,
                              "Plan Width": 40,
                              "Group Key": ["store_sales.ss_store_sk", "store_sales.ss_item_sk"],
                              "Plans": [
                                {
                                  "Node Type": "Sort",
                                  "Parent Relationship": "Outer",
                                  "Parallel Aware": false,
                                  "Startup Cost": 69243.90,
                                  "Total Cost": 69257.70,
                                  "Plan Rows": 5522,
                                  "Plan Width": 14,
                                  "Sort Key": ["store_sales.ss_store_sk", "store_sales.ss_item_sk"],
                                  "Plans": [
                                    {
                                      "Node Type": "Hash Join",
                                      "Parent Relationship": "Outer",
                                      "Parallel Aware": true,
                                      "Join Type": "Inner",
                                      "Startup Cost": 2052.14,
                                      "Total Cost": 68900.68,
                                      "Plan Rows": 5522,
                                      "Plan Width": 14,
                                      "Inner Unique": true,
                                      "Hash Cond": "(store_sales.ss_sold_date_sk = date_dim.d_date_sk)",
                                      "Plans": [
                                        {
                                          "Node Type": "Seq Scan",
                                          "Parent Relationship": "Outer",
                                          "Parallel Aware": true,
                                          "Relation Name": "store_sales",
                                          "Alias": "store_sales",
                                          "Startup Cost": 0.00,
                                          "Total Cost": 63697.87,
                                          "Plan Rows": 1200187,
                                          "Plan Width": 18
                                        },
                                        {
                                          "Node Type": "Hash",
                                          "Parent Relationship": "Inner",
                                          "Parallel Aware": true,
                                          "Startup Cost": 2049.55,
                                          "Total Cost": 2049.55,
                                          "Plan Rows": 207,
                                          "Plan Width": 4,
                                          "Plans": [
                                            {
                                              "Node Type": "Seq Scan",
                                              "Parent Relationship": "Outer",
                                              "Parallel Aware": true,
                                              "Relation Name": "date_dim",
                                              "Alias": "date_dim",
                                              "Startup Cost": 0.00,
                                              "Total Cost": 2049.55,
                                              "Plan Rows": 207,
                                              "Plan Width": 4,
                                              "Filter": "((d_month_seq >= 1223) AND (d_month_seq <= 1234))"
                                            }
                                          ]
                                        }
                                      ]
                                    }
                                  ]
                                }
                              ]
                            }
                          ]
                        }
                      ]
                    },
                    {
                      "Node Type": "Materialize",
                      "Parent Relationship": "Inner",
                      "Parallel Aware": false,
                      "Startup Cost": 70245.26,
                      "Total Cost": 72124.39,
                      "Plan Rows": 12,
                      "Plan Width": 45,
                      "Plans": [
                        {
                          "Node Type": "Merge Join",
                          "Parent Relationship": "Outer",
                          "Parallel Aware": false,
                          "Join Type": "Inner",
                          "Startup Cost": 70245.26,
                          "Total Cost": 72124.36,
                          "Plan Rows": 12,
                          "Plan Width": 45,
                          "Inner Unique": true,
                          "Merge Cond": "(store.s_store_sk = store_sales_1.ss_store_sk)",
                          "Plans": [
                            {
                              "Node Type": "Sort",
                              "Parent Relationship": "Outer",
                              "Parallel Aware": false,
                              "Startup Cost": 1.34,
                              "Total Cost": 1.37,
                              "Plan Rows": 12,
                              "Plan Width": 9,
                              "Sort Key": ["store.s_store_sk"],
                              "Plans": [
                                {
                                  "Node Type": "Seq Scan",
                                  "Parent Relationship": "Outer",
                                  "Parallel Aware": false,
                                  "Relation Name": "store",
                                  "Alias": "store",
                                  "Startup Cost": 0.00,
                                  "Total Cost": 1.12,
                                  "Plan Rows": 12,
                                  "Plan Width": 9
                                }
                              ]
                            },
                            {
                              "Node Type": "Aggregate",
                              "Strategy": "Sorted",
                              "Partial Mode": "Simple",
                              "Parent Relationship": "Inner",
                              "Parallel Aware": false,
                              "Startup Cost": 70243.92,
                              "Total Cost": 72120.34,
                              "Plan Rows": 200,
                              "Plan Width": 36,
                              "Group Key": ["store_sales_1.ss_store_sk"],
                              "Plans": [
                                {
                                  "Node Type": "Aggregate",
                                  "Strategy": "Sorted",
                                  "Partial Mode": "Finalize",
                                  "Parent Relationship": "Outer",
                                  "Parallel Aware": false,
                                  "Startup Cost": 70243.92,
                                  "Total Cost": 71919.03,
                                  "Plan Rows": 13254,
                                  "Plan Width": 40,
                                  "Group Key": ["store_sales_1.ss_store_sk", "store_sales_1.ss_item_sk"],
                                  "Plans": [
                                    {
                                      "Node Type": "Gather Merge",
                                      "Parent Relationship": "Outer",
                                      "Parallel Aware": false,
                                      "Startup Cost": 70243.92,
                                      "Total Cost": 71642.92,
                                      "Plan Rows": 11044,
                                      "Plan Width": 40,
                                      "Workers Planned": 2,
                                      "Plans": [
                                        {
                                          "Node Type": "Aggregate",
                                          "Strategy": "Sorted",
                                          "Partial Mode": "Partial",
                                          "Parent Relationship": "Outer",
                                          "Parallel Aware": false,
                                          "Startup Cost": 69243.90,
                                          "Total Cost": 69368.14,
                                          "Plan Rows": 5522,
                                          "Plan Width": 40,
                                          "Group Key": ["store_sales_1.ss_store_sk", "store_sales_1.ss_item_sk"],
                                          "Plans": [
                                            {
                                              "Node Type": "Sort",
                                              "Parent Relationship": "Outer",
                                              "Parallel Aware": false,
                                              "Startup Cost": 69243.90,
                                              "Total Cost": 69257.70,
                                              "Plan Rows": 5522,
                                              "Plan Width": 14,
                                              "Sort Key": ["store_sales_1.ss_store_sk", "store_sales_1.ss_item_sk"],
                                              "Plans": [
                                                {
                                                  "Node Type": "Hash Join",
                                                  "Parent Relationship": "Outer",
                                                  "Parallel Aware": true,
                                                  "Join Type": "Inner",
                                                  "Startup Cost": 2052.14,
                                                  "Total Cost": 68900.68,
                                                  "Plan Rows": 5522,
                                                  "Plan Width": 14,
                                                  "Inner Unique": true,
                                                  "Hash Cond": "(store_sales_1.ss_sold_date_sk = date_dim_1.d_date_sk)",
                                                  "Plans": [
                                                    {
                                                      "Node Type": "Seq Scan",
                                                      "Parent Relationship": "Outer",
                                                      "Parallel Aware": true,
                                                      "Relation Name": "store_sales",
                                                      "Alias": "store_sales_1",
                                                      "Startup Cost": 0.00,
                                                      "Total Cost": 63697.87,
                                                      "Plan Rows": 1200187,
                                                      "Plan Width": 18
                                                    },
                                                    {
                                                      "Node Type": "Hash",
                                                      "Parent Relationship": "Inner",
                                                      "Parallel Aware": true,
                                                      "Startup Cost": 2049.55,
                                                      "Total Cost": 2049.55,
                                                      "Plan Rows": 207,
                                                      "Plan Width": 4,
                                                      "Plans": [
                                                        {
                                                          "Node Type": "Seq Scan",
                                                          "Parent Relationship": "Outer",
                                                          "Parallel Aware": true,
                                                          "Relation Name": "date_dim",
                                                          "Alias": "date_dim_1",
                                                          "Startup Cost": 0.00,
                                                          "Total Cost": 2049.55,
                                                          "Plan Rows": 207,
                                                          "Plan Width": 4,
                                                          "Filter": "((d_month_seq >= 1223) AND (d_month_seq <= 1234))"
                                                        }
                                                      ]
                                                    }
                                                  ]
                                                }
                                              ]
                                            }
                                          ]
                                        }
                                      ]
                                    }
                                  ]
                                }
                              ]
                            }
                          ]
                        }
                      ]
                    }
                  ]
                },
                {
                  "Node Type": "Index Scan",
                  "Parent Relationship": "Inner",
                  "Parallel Aware": false,
                  "Scan Direction": "Forward",
                  "Index Name": "item_pkey",
                  "Relation Name": "item",
                  "Alias": "item",
                  "Startup Cost": 0.29,
                  "Total Cost": 0.69,
                  "Plan Rows": 1,
                  "Plan Width": 169,
                  "Index Cond": "(i_item_sk = store_sales.ss_item_sk)"
                }
              ]
            }
          ]
        }
      ]
    }
  }
]
