[
  {
    "Plan": {
      "Node Type": "Limit",
      "Parallel Aware": false,
      "Startup Cost": 9912.46,
      "Total Cost": 9912.76,
      "Plan Rows": 1,
      "Plan Width": 237,
      "Plans": [
        {
          "Node Type": "Aggregate",
          "Strategy": "Sorted",
          "Partial Mode": "Finalize",
          "Parent Relationship": "Outer",
          "Parallel Aware": false,
          "Startup Cost": 9912.46,
          "Total Cost": 9912.76,
          "Plan Rows": 1,
          "Plan Width": 237,
          "Group Key": ["item.i_item_id", "item.i_item_desc", "store.s_store_id", "store.s_store_name"],
          "Plans": [
            {
              "Node Type": "Gather Merge",
              "Parent Relationship": "Outer",
              "Parallel Aware": false,
              "Startup Cost": 9912.46,
              "Total Cost": 9912.72,
              "Plan Rows": 2,
              "Plan Width": 237,
              "Workers Planned": 2,
              "Plans": [
                {
                  "Node Type": "Aggregate",
                  "Strategy": "Sorted",
                  "Partial Mode": "Partial",
                  "Parent Relationship": "Outer",
                  "Parallel Aware": false,
                  "Startup Cost": 8912.43,
                  "Total Cost": 8912.47,
                  "Plan Rows": 1,
                  "Plan Width": 237,
                  "Group Key": ["item.i_item_id", "item.i_item_desc", "store.s_store_id", "store.s_store_name"],
                  "Plans": [
                    {
                      "Node Type": "Sort",
                      "Parent Relationship": "Outer",
                      "Parallel Aware": false,
                      "Startup Cost": 8912.43,
                      "Total Cost": 8912.44,
                      "Plan Rows": 1,
                      "Plan Width": 159,
                      "Sort Key": ["item.i_item_id", "item.i_item_desc", "store.s_store_id", "store.s_store_name"],
                      "Plans": [
                        {
                          "Node Type": "Nested Loop",
                          "Parent Relationship": "Outer",
                          "Parallel Aware": false,
                          "Join Type": "Inner",
                          "Startup Cost": 2160.40,
                          "Total Cost": 8912.42,
                          "Plan Rows": 1,
                          "Plan Width": 159,
                          "Inner Unique": true,
                          "Plans": [
                            {
                              "Node Type": "Nested Loop",
                              "Parent Relationship": "Outer",
                              "Parallel Aware": false,
                              "Join Type": "Inner",
                              "Startup Cost": 2160.11,
                              "Total Cost": 8912.12,
                              "Plan Rows": 1,
                              "Plan Width": 52,
                              "Inner Unique": true,
                              "Plans": [
                                {
                                  "Node Type": "Nested Loop",
                                  "Parent Relationship": "Outer",
                                  "Parallel Aware": false,
                                  "Join Type": "Inner",
                                  "Startup Cost": 2159.98,
                                  "Total Cost": 8911.96,
                                  "Plan Rows": 1,
                                  "Plan Width": 34,
                                  "Inner Unique": true,
                                  "Plans": [
                                    {
                                      "Node Type": "Nested Loop",
                                      "Parent Relationship": "Outer",
                                      "Parallel Aware": false,
                                      "Join Type": "Inner",
                                      "Startup Cost": 2159.69,
                                      "Total Cost": 8911.64,
                                      "Plan Rows": 1,
                                      "Plan Width": 38,
                                      "Inner Unique": true,
                                      "Plans": [
                                        {
                                          "Node Type": "Nested Loop",
                                          "Parent Relationship": "Outer",
                                          "Parallel Aware": false,
                                          "Join Type": "Inner",
                                          "Startup Cost": 2159.39,
                                          "Total Cost": 8911.32,
                                          "Plan Rows": 1,
                                          "Plan Width": 42,
                                          "Inner Unique": false,
                                          "Plans": [
                                            {
                                              "Node Type": "Nested Loop",
                                              "Parent Relationship": "Outer",
                                              "Parallel Aware": false,
                                              "Join Type": "Inner",
                                              "Startup Cost": 2158.97,
                                              "Total Cost": 8909.06,
                                              "Plan Rows": 1,
                                              "Plan Width": 36,
                                              "Inner Unique": true,
                                              "Plans": [
                                                {
                                                  "Node Type": "Hash Join",
                                                  "Parent Relationship": "Outer",
                                                  "Parallel Aware": true,
                                                  "Join Type": "Inner",
                                                  "Startup Cost": 2158.54,
                                                  "Total Cost": 8462.00,
                                                  "Plan Rows": 337,
                                                  "Plan Width": 18,
                                                  "Inner Unique": true,
                                                  "Hash Cond": "(store_returns.sr_returned_date_sk = d2.d_date_sk)",
                                                  "Plans": [
                                                    {
                                                      "Node Type": "Seq Scan",
                                                      "Parent Relationship": "Outer",
                                                      "Parallel Aware": true,
                                                      "Relation Name": "store_returns",
                                                      "Alias": "store_returns",
                                                      "Startup Cost": 0.00,
                                                      "Total Cost": 5988.98,
                                                      "Plan Rows": 119798,
                                                      "Plan Width": 22
                                                    },
                                                    {
                                                      "Node Type": "Hash",
                                                      "Parent Relationship": "Inner",
                                                      "Parallel Aware": true,
                                                      "Startup Cost": 2156.97,
                                                      "Total Cost": 2156.97,
                                                      "Plan Rows": 125,
                                                      "Plan Width": 4,
                                                      "Plans": [
                                                        {
                                                          "Node Type": "Seq Scan",
                                                          "Parent Relationship": "Outer",
                                                          "Parallel Aware": true,
                                                          "Relation Name": "date_dim",
                                                          "Alias": "d2",
                                                          "Startup Cost": 0.00,
                                                          "Total Cost": 2156.97,
                                                          "Plan Rows": 125,
                                                          "Plan Width": 4,
                                                          "Filter": "((d_moy >= 4) AND (d_moy <= 10) AND (d_year = 1999))"
                                                        }
                                                      ]
                                                    }
                                                  ]
                                                },
                                                {
                                                  "Node Type": "Index Scan",
                                                  "Parent Relationship": "Inner",
                                                  "Parallel Aware": false,
                                                  "Scan Direction": "Forward",
                                                  "Index Name": "store_sales_pkey",
                                                  "Relation Name": "store_sales",
                                                  "Alias": "store_sales",
                                                  "Startup Cost": 0.43,
                                                  "Total Cost": 1.32,
                                                  "Plan Rows": 1,
                                                  "Plan Width": 26,
                                                  "Index Cond": "((ss_item_sk = store_returns.sr_item_sk) AND (ss_ticket_number = store_returns.sr_ticket_number))",
                                                  "Filter": "(store_returns.sr_customer_sk = ss_customer_sk)"
                                                }
                                              ]
                                            },
                                            {
                                              "Node Type": "Index Scan",
                                              "Parent Relationship": "Inner",
                                              "Parallel Aware": false,
                                              "Scan Direction": "Forward",
                                              "Index Name": "catalog_sales_pkey",
                                              "Relation Name": "catalog_sales",
                                              "Alias": "catalog_sales",
                                              "Startup Cost": 0.43,
                                              "Total Cost": 2.25,
                                              "Plan Rows": 1,
                                              "Plan Width": 18,
                                              "Index Cond": "(cs_item_sk = store_sales.ss_item_sk)",
                                              "Filter": "(store_sales.ss_customer_sk = cs_bill_customer_sk)"
                                            }
                                          ]
                                        },
                                        {
                                          "Node Type": "Index Scan",
                                          "Parent Relationship": "Inner",
                                          "Parallel Aware": false,
                                          "Scan Direction": "Forward",
                                          "Index Name": "date_dim_pkey",
                                          "Relation Name": "date_dim",
                                          "Alias": "d1",
                                          "Startup Cost": 0.29,
                                          "Total Cost": 0.32,
                                          "Plan Rows": 1,
                                          "Plan Width": 4,
                                          "Index Cond": "(d_date_sk = store_sales.ss_sold_date_sk)",
                                          "Filter": "((d_moy = 4) AND (d_year = 1999))"
                                        }
                                      ]
                                    },
                                    {
                                      "Node Type": "Index Scan",
                                      "Parent Relationship": "Inner",
                                      "Parallel Aware": false,
                                      "Scan Direction": "Forward",
                                      "Index Name": "date_dim_pkey",
                                      "Relation Name": "date_dim",
                                      "Alias": "d3",
                                      "Startup Cost": 0.29,
                                      "Total Cost": 0.32,
                                      "Plan Rows": 1,
                                      "Plan Width": 4,
                                      "Index Cond": "(d_date_sk = catalog_sales.cs_sold_date_sk)",
                                      "Filter": "((d_moy >= 4) AND (d_moy <= 10) AND (d_year = 1999))"
                                    }
                                  ]
                                },
                                {
                                  "Node Type": "Index Scan",
                                  "Parent Relationship": "Inner",
                                  "Parallel Aware": false,
                                  "Scan Direction": "Forward",
                                  "Index Name": "store_pkey",
                                  "Relation Name": "store",
                                  "Alias": "store",
                                  "Startup Cost": 0.14,
                                  "Total Cost": 0.15,
                                  "Plan Rows": 1,
                                  "Plan Width": 26,
                                  "Index Cond": "(s_store_sk = store_sales.ss_store_sk)"
                                }
                              ]
                            },
                            {
                              "Node Type": "Index Scan",
                              "Parent Relationship": "Inner",
                              "Parallel Aware": false,
                              "Scan Direction": "Forward",
                              "Index Name": "item_pkey",
                              "Relation Name": "item",
                              "Alias": "item",
                              "Startup Cost": 0.29,
                              "Total Cost": 0.31,
                              "Plan Rows": 1,
                              "Plan Width": 123,
                              "Index Cond": "(i_item_sk = store_sales.ss_item_sk)"
                            }
                          ]
                        }
                      ]
                    }
                  ]
                }
              ]
            }
          ]
        }
      ]
    }
  }
]
