[
  {
    "Plan": {
      "Node Type": "Limit",
      "Parallel Aware": false,
      "Startup Cost": 122701.07,
      "Total Cost": 122701.08,
      "Plan Rows": 1,
      "Plan Width": 24,
      "Plans": [
        {
          "Node Type": "Group",
          "Parent Relationship": "InitPlan",
          "Subplan Name": "CTE ssci",
          "Parallel Aware": false,
          "Startup Cost": 70254.97,
          "Total Cost": 71665.60,
          "Plan Rows": 13631,
          "Plan Width": 8,
          "Group Key": ["store_sales.ss_customer_sk", "store_sales.ss_item_sk"],
          "Plans": [
            {
              "Node Type": "Gather Merge",
              "Parent Relationship": "Outer",
              "Parallel Aware": false,
              "Startup Cost": 70254.97,
              "Total Cost": 71608.80,
              "Plan Rows": 11360,
              "Plan Width": 8,
              "Workers Planned": 2,
              "Plans": [
                {
                  "Node Type": "Group",
                  "Parent Relationship": "Outer",
                  "Parallel Aware": false,
                  "Startup Cost": 69254.95,
                  "Total Cost": 69297.55,
                  "Plan Rows": 5680,
                  "Plan Width": 8,
                  "Group Key": ["store_sales.ss_customer_sk", "store_sales.ss_item_sk"],
                  "Plans": [
                    {
                      "Node Type": "Sort",
                      "Parent Relationship": "Outer",
                      "Parallel Aware": false,
                      "Startup Cost": 69254.95,
                      "Total Cost": 69269.15,
                      "Plan Rows": 5680,
                      "Plan Width": 8,
                      "Sort Key": ["store_sales.ss_customer_sk", "store_sales.ss_item_sk"],
                      "Plans": [
                        {
                          "Node Type": "Hash Join",
                          "Parent Relationship": "Outer",
                          "Parallel Aware": true,
                          "Join Type": "Inner",
                          "Startup Cost": 2052.21,
                          "Total Cost": 68900.75,
                          "Plan Rows": 5680,
                          "Plan Width": 8,
                          "Inner Unique": true,
                          "Hash Cond": "(store_sales.ss_sold_date_sk = date_dim.d_date_sk)",
                          "Plans": [
                            {
                              "Node Type": "Seq Scan",
                              "Parent Relationship": "Outer",
                              "Parallel Aware": true,
                              "Relation Name": "store_sales",
                              "Alias": "store_sales",
                              "Startup Cost": 0.00,
                              "Total Cost": 63697.87,
                              "Plan Rows": 1200187,
                              "Plan Width": 12
                            },
                            {
                              "Node Type": "Hash",
                              "Parent Relationship": "Inner",
                              "Parallel Aware": true,
                              "Startup Cost": 2049.55,
                              "Total Cost": 2049.55,
                              "Plan Rows": 213,
                              "Plan Width": 4,
                              "Plans": [
                                {
                                  "Node Type": "Seq Scan",
                                  "Parent Relationship": "Outer",
                                  "Parallel Aware": true,
                                  "Relation Name": "date_dim",
                                  "Alias": "date_dim",
                                  "Startup Cost": 0.00,
                                  "Total Cost": 2049.55,
                                  "Plan Rows": 213,
                                  "Plan Width": 4,
                                  "Filter": "((d_month_seq >= 1194) AND (d_month_seq <= 1205))"
                                }
                              ]
                            }
                          ]
                        }
                      ]
                    }
                  ]
                }
              ]
            }
          ]
        },
        {
          "Node Type": "Group",
          "Parent Relationship": "InitPlan",
          "Subplan Name": "CTE csci",
          "Parallel Aware": false,
          "Startup Cost": 48212.05,
          "Total Cost": 48947.66,
          "Plan Rows": 7110,
          "Plan Width": 8,
          "Group Key": ["catalog_sales.cs_bill_customer_sk", "catalog_sales.cs_item_sk"],
          "Plans": [
            {
              "Node Type": "Gather Merge",
              "Parent Relationship": "Outer",
              "Parallel Aware": false,
              "Startup Cost": 48212.05,
              "Total Cost": 48918.04,
              "Plan Rows": 5924,
              "Plan Width": 8,
              "Workers Planned": 2,
              "Plans": [
                {
                  "Node Type": "Group",
                  "Parent Relationship": "Outer",
                  "Parallel Aware": false,
                  "Startup Cost": 47212.03,
                  "Total Cost": 47234.24,
                  "Plan Rows": 2962,
                  "Plan Width": 8,
                  "Group Key": ["catalog_sales.cs_bill_customer_sk", "catalog_sales.cs_item_sk"],
                  "Plans": [
                    {
                      "Node Type": "Sort",
                      "Parent Relationship": "Outer",
                      "Parallel Aware": false,
                      "Startup Cost": 47212.03,
                      "Total Cost": 47219.43,
                      "Plan Rows": 2962,
                      "Plan Width": 8,
                      "Sort Key": ["catalog_sales.cs_bill_customer_sk", "catalog_sales.cs_item_sk"],
                      "Plans": [
                        {
                          "Node Type": "Hash Join",
                          "Parent Relationship": "Outer",
                          "Parallel Aware": true,
                          "Join Type": "Inner",
                          "Startup Cost": 2052.21,
                          "Total Cost": 47041.24,
                          "Plan Rows": 2962,
                          "Plan Width": 8,
                          "Inner Unique": true,
                          "Hash Cond": "(catalog_sales.cs_sold_date_sk = date_dim_1.d_date_sk)",
                          "Plans": [
                            {
                              "Node Type": "Seq Scan",
                              "Parent Relationship": "Outer",
                              "Parallel Aware": true,
                              "Relation Name": "catalog_sales",
                              "Alias": "catalog_sales",
                              "Startup Cost": 0.00,
                              "Total Cost": 43412.07,
                              "Plan Rows": 600708,
                              "Plan Width": 12
                            },
                            {
                              "Node Type": "Hash",
                              "Parent Relationship": "Inner",
                              "Parallel Aware": true,
                              "Startup Cost": 2049.55,
                              "Total Cost": 2049.55,
                              "Plan Rows": 213,
                              "Plan Width": 4,
                              "Plans": [
                                {
                                  "Node Type": "Seq Scan",
                                  "Parent Relationship": "Outer",
                                  "Parallel Aware": true,
                                  "Relation Name": "date_dim",
                                  "Alias": "date_dim_1",
                                  "Startup Cost": 0.00,
                                  "Total Cost": 2049.55,
                                  "Plan Rows": 213,
                                  "Plan Width": 4,
                                  "Filter": "((d_month_seq >= 1194) AND (d_month_seq <= 1205))"
                                }
                              ]
                            }
                          ]
                        }
                      ]
                    }
                  ]
                }
              ]
            }
          ]
        },
        {
          "Node Type": "Aggregate",
          "Strategy": "Plain",
          "Partial Mode": "Simple",
          "Parent Relationship": "Outer",
          "Parallel Aware": false,
          "Startup Cost": 2087.81,
          "Total Cost": 2087.82,
          "Plan Rows": 1,
          "Plan Width": 24,
          "Plans": [
            {
              "Node Type": "Merge Join",
              "Parent Relationship": "Outer",
              "Parallel Aware": false,
              "Join Type": "Full",
              "Startup Cost": 1805.79,
              "Total Cost": 1985.57,
              "Plan Rows": 13631,
              "Plan Width": 8,
              "Inner Unique": false,
              "Merge Cond": "((ssci.customer_sk = csci.customer_sk) AND (ssci.item_sk = csci.item_sk))",
              "Plans": [
                {
                  "Node Type": "Sort",
                  "Parent Relationship": "Outer",
                  "Parallel Aware": false,
                  "Startup Cost": 1208.70,
                  "Total Cost": 1242.78,
                  "Plan Rows": 13631,
                  "Plan Width": 8,
                  "Sort Key": ["ssci.customer_sk", "ssci.item_sk"],
                  "Plans": [
                    {
                      "Node Type": "CTE Scan",
                      "Parent Relationship": "Outer",
                      "Parallel Aware": false,
                      "CTE Name": "ssci",
                      "Alias": "ssci",
                      "Startup Cost": 0.00,
                      "Total Cost": 272.62,
                      "Plan Rows": 13631,
                      "Plan Width": 8
                    }
                  ]
                },
                {
                  "Node Type": "Sort",
                  "Parent Relationship": "Inner",
                  "Parallel Aware": false,
                  "Startup Cost": 597.08,
                  "Total Cost": 614.86,
                  "Plan Rows": 7110,
                  "Plan Width": 8,
                  "Sort Key": ["csci.customer_sk", "csci.item_sk"],
                  "Plans": [
                    {
                      "Node Type": "CTE Scan",
                      "Parent Relationship": "Outer",
                      "Parallel Aware": false,
                      "CTE Name": "csci",
                      "Alias": "csci",
                      "Startup Cost": 0.00,
                      "Total Cost": 142.20,
                      "Plan Rows": 7110,
                      "Plan Width": 8
                    }
                  ]
                }
              ]
            }
          ]
        }
      ]
    }
  }
]
