[
  {
    "Plan": {
      "Node Type": "Sort",
      "Parallel Aware": false,
      "Startup Cost": 142094.96,
      "Total Cost": 142094.97,
      "Plan Rows": 1,
      "Plan Width": 152,
      "Sort Key": ["inv1.w_warehouse_sk", "inv1.i_item_sk", "inv1.mean", "inv1.cov", "inv2.mean", "inv2.cov"],
      "Plans": [
        {
          "Node Type": "Subquery Scan",
          "Parent Relationship": "InitPlan",
          "Subplan Name": "CTE inv",
          "Parallel Aware": false,
          "Alias": "foo",
          "Startup Cost": 131645.20,
          "Total Cost": 141212.67,
          "Plan Rows": 19508,
          "Plan Width": 126,
          "Plans": [
            {
              "Node Type": "Aggregate",
              "Strategy": "Sorted",
              "Partial Mode": "Finalize",
              "Parent Relationship": "Subquery",
              "Parallel Aware": false,
              "Startup Cost": 131645.20,
              "Total Cost": 140920.05,
              "Plan Rows": 19508,
              "Plan Width": 94,
              "Group Key": ["warehouse.w_warehouse_sk", "item.i_item_sk", "date_dim.d_moy"],
              "Filter": "(CASE avg(inventory.inv_quantity_on_hand) WHEN '0'::numeric THEN '0'::numeric ELSE (stddev_samp(inventory.inv_quantity_on_hand) / avg(inventory.inv_quantity_on_hand)) END > '1'::numeric)",
              "Plans": [
                {
                  "Node Type": "Gather Merge",
                  "Parent Relationship": "Outer",
                  "Parallel Aware": false,
                  "Startup Cost": 131645.20,
                  "Total Cost": 137945.05,
                  "Plan Rows": 48770,
                  "Plan Width": 94,
                  "Workers Planned": 2,
                  "Plans": [
                    {
                      "Node Type": "Aggregate",
                      "Strategy": "Sorted",
                      "Partial Mode": "Partial",
                      "Parent Relationship": "Outer",
                      "Parallel Aware": false,
                      "Startup Cost": 130645.17,
                      "Total Cost": 131315.76,
                      "Plan Rows": 24385,
                      "Plan Width": 94,
                      "Group Key": ["warehouse.w_warehouse_sk", "item.i_item_sk", "date_dim.d_moy"],
                      "Plans": [
                        {
                          "Node Type": "Sort",
                          "Parent Relationship": "Outer",
                          "Parallel Aware": false,
                          "Startup Cost": 130645.17,
                          "Total Cost": 130706.14,
                          "Plan Rows": 24385,
                          "Plan Width": 34,
                          "Sort Key": ["warehouse.w_warehouse_sk", "item.i_item_sk", "date_dim.d_moy"],
                          "Plans": [
                            {
                              "Node Type": "Hash Join",
                              "Parent Relationship": "Outer",
                              "Parallel Aware": false,
                              "Join Type": "Inner",
                              "Startup Cost": 3414.14,
                              "Total Cost": 128868.27,
                              "Plan Rows": 24385,
                              "Plan Width": 34,
                              "Inner Unique": true,
                              "Hash Cond": "(inventory.inv_warehouse_sk = warehouse.w_warehouse_sk)",
                              "Plans": [
                                {
                                  "Node Type": "Hash Join",
                                  "Parent Relationship": "Outer",
                                  "Parallel Aware": true,
                                  "Join Type": "Inner",
                                  "Startup Cost": 3413.03,
                                  "Total Cost": 128748.89,
                                  "Plan Rows": 24385,
                                  "Plan Width": 16,
                                  "Inner Unique": true,
                                  "Hash Cond": "(inventory.inv_item_sk = item.i_item_sk)",
                                  "Plans": [
                                    {
                                      "Node Type": "Hash Join",
                                      "Parent Relationship": "Outer",
                                      "Parallel Aware": true,
                                      "Join Type": "Inner",
                                      "Startup Cost": 1944.80,
                                      "Total Cost": 127216.64,
                                      "Plan Rows": 24385,
                                      "Plan Width": 16,
                                      "Inner Unique": true,
                                      "Hash Cond": "(inventory.inv_date_sk = date_dim.d_date_sk)",
                                      "Plans": [
                                        {
                                          "Node Type": "Seq Scan",
                                          "Parent Relationship": "Outer",
                                          "Parallel Aware": true,
                                          "Relation Name": "inventory",
                                          "Alias": "inventory",
                                          "Startup Cost": 0.00,
                                          "Total Cost": 112424.90,
                                          "Plan Rows": 4893790,
                                          "Plan Width": 16
                                        },
                                        {
                                          "Node Type": "Hash",
                                          "Parent Relationship": "Inner",
                                          "Parallel Aware": true,
                                          "Startup Cost": 1942.12,
                                          "Total Cost": 1942.12,
                                          "Plan Rows": 214,
                                          "Plan Width": 8,
                                          "Plans": [
                                            {
                                              "Node Type": "Seq Scan",
                                              "Parent Relationship": "Outer",
                                              "Parallel Aware": true,
                                              "Relation Name": "date_dim",
                                              "Alias": "date_dim",
                                              "Startup Cost": 0.00,
                                              "Total Cost": 1942.12,
                                              "Plan Rows": 214,
                                              "Plan Width": 8,
                                              "Filter": "(d_year = 1998)"
                                            }
                                          ]
                                        }
                                      ]
                                    },
                                    {
                                      "Node Type": "Hash",
                                      "Parent Relationship": "Inner",
                                      "Parallel Aware": true,
                                      "Startup Cost": 1335.88,
                                      "Total Cost": 1335.88,
                                      "Plan Rows": 10588,
                                      "Plan Width": 4,
                                      "Plans": [
                                        {
                                          "Node Type": "Seq Scan",
                                          "Parent Relationship": "Outer",
                                          "Parallel Aware": true,
                                          "Relation Name": "item",
                                          "Alias": "item",
                                          "Startup Cost": 0.00,
                                          "Total Cost": 1335.88,
                                          "Plan Rows": 10588,
                                          "Plan Width": 4
                                        }
                                      ]
                                    }
                                  ]
                                },
                                {
                                  "Node Type": "Hash",
                                  "Parent Relationship": "Inner",
                                  "Parallel Aware": false,
                                  "Startup Cost": 1.05,
                                  "Total Cost": 1.05,
                                  "Plan Rows": 5,
                                  "Plan Width": 22,
                                  "Plans": [
                                    {
                                      "Node Type": "Seq Scan",
                                      "Parent Relationship": "Outer",
                                      "Parallel Aware": false,
                                      "Relation Name": "warehouse",
                                      "Alias": "warehouse",
                                      "Startup Cost": 0.00,
                                      "Total Cost": 1.05,
                                      "Plan Rows": 5,
                                      "Plan Width": 22
                                    }
                                  ]
                                }
                              ]
                            }
                          ]
                        }
                      ]
                    }
                  ]
                }
              ]
            }
          ]
        },
        {
          "Node Type": "Hash Join",
          "Parent Relationship": "Outer",
          "Parallel Aware": false,
          "Join Type": "Inner",
          "Startup Cost": 440.40,
          "Total Cost": 882.28,
          "Plan Rows": 1,
          "Plan Width": 152,
          "Inner Unique": false,
          "Hash Cond": "((inv1.i_item_sk = inv2.i_item_sk) AND (inv1.w_warehouse_sk = inv2.w_warehouse_sk))",
          "Plans": [
            {
              "Node Type": "CTE Scan",
              "Parent Relationship": "Outer",
              "Parallel Aware": false,
              "CTE Name": "inv",
              "Alias": "inv1",
              "Startup Cost": 0.00,
              "Total Cost": 438.93,
              "Plan Rows": 98,
              "Plan Width": 76,
              "Filter": "(d_moy = 4)"
            },
            {
              "Node Type": "Hash",
              "Parent Relationship": "Inner",
              "Parallel Aware": false,
              "Startup Cost": 438.93,
              "Total Cost": 438.93,
              "Plan Rows": 98,
              "Plan Width": 76,
              "Plans": [
                {
                  "Node Type": "CTE Scan",
                  "Parent Relationship": "Outer",
                  "Parallel Aware": false,
                  "CTE Name": "inv",
                  "Alias": "inv2",
                  "Startup Cost": 0.00,
                  "Total Cost": 438.93,
                  "Plan Rows": 98,
                  "Plan Width": 76,
                  "Filter": "(d_moy = 5)"
                }
              ]
            }
          ]
        }
      ]
    }
  }
]