[
  {
    "Plan": {
      "Node Type": "Aggregate",
      "Strategy": "Plain",
      "Partial Mode": "Simple",
      "Parallel Aware": false,
      "Startup Cost": 102829.99,
      "Total Cost": 102830.00,
      "Plan Rows": 1,
      "Plan Width": 128,
      "Plans": [
        {
          "Node Type": "Gather",
          "Parent Relationship": "Outer",
          "Parallel Aware": false,
          "Startup Cost": 2947.07,
          "Total Cost": 102829.97,
          "Plan Rows": 1,
          "Plan Width": 16,
          "Workers Planned": 2,
          "Single Copy": false,
          "Plans": [
            {
              "Node Type": "Nested Loop",
              "Parent Relationship": "Outer",
              "Parallel Aware": false,
              "Join Type": "Inner",
              "Startup Cost": 1947.07,
              "Total Cost": 101829.87,
              "Plan Rows": 1,
              "Plan Width": 16,
              "Inner Unique": true,
              "Join Filter": "(((customer_demographics.cd_marital_status = 'D'::bpchar) AND (customer_demographics.cd_education_status = '2 yr Degree'::bpchar) AND (store_sales.ss_sales_price >= 100.00) AND (store_sales.ss_sales_price <= 150.00) AND (household_demographics.hd_dep_count = 3)) OR ((customer_demographics.cd_marital_status = 'U'::bpchar) AND (customer_demographics.cd_education_status = 'Unknown'::bpchar) AND (store_sales.ss_sales_price >= 50.00) AND (store_sales.ss_sales_price <= 100.00) AND (household_demographics.hd_dep_count = 1)) OR ((customer_demographics.cd_marital_status = 'M'::bpchar) AND (customer_demographics.cd_education_status = 'College'::bpchar) AND (store_sales.ss_sales_price >= 150.00) AND (store_sales.ss_sales_price <= 200.00) AND (household_demographics.hd_dep_count = 1)))",
              "Plans": [
                {
                  "Node Type": "Nested Loop",
                  "Parent Relationship": "Outer",
                  "Parallel Aware": false,
                  "Join Type": "Inner",
                  "Startup Cost": 1946.64,
                  "Total Cost": 101824.84,
                  "Plan Rows": 3,
                  "Plan Width": 30,
                  "Inner Unique": true,
                  "Plans": [
                    {
                      "Node Type": "Nested Loop",
                      "Parent Relationship": "Outer",
                      "Parallel Aware": false,
                      "Join Type": "Inner",
                      "Startup Cost": 1946.35,
                      "Total Cost": 101806.38,
                      "Plan Rows": 45,
                      "Plan Width": 40,
                      "Inner Unique": true,
                      "Plans": [
                        {
                          "Node Type": "Hash Join",
                          "Parent Relationship": "Outer",
                          "Parallel Aware": false,
                          "Join Type": "Inner",
                          "Startup Cost": 1946.07,
                          "Total Cost": 101751.69,
                          "Plan Rows": 176,
                          "Plan Width": 40,
                          "Inner Unique": true,
                          "Hash Cond": "(store_sales.ss_store_sk = store.s_store_sk)",
                          "Plans": [
                            {
                              "Node Type": "Hash Join",
                              "Parent Relationship": "Outer",
                              "Parallel Aware": true,
                              "Join Type": "Inner",
                              "Startup Cost": 1944.80,
                              "Total Cost": 101749.77,
                              "Plan Rows": 184,
                              "Plan Width": 44,
                              "Inner Unique": true,
                              "Hash Cond": "(store_sales.ss_sold_date_sk = date_dim.d_date_sk)",
                              "Plans": [
                                {
                                  "Node Type": "Seq Scan",
                                  "Parent Relationship": "Outer",
                                  "Parallel Aware": true,
                                  "Relation Name": "store_sales",
                                  "Alias": "store_sales",
                                  "Startup Cost": 0.00,
                                  "Total Cost": 99703.48,
                                  "Plan Rows": 38656,
                                  "Plan Width": 48,
                                  "Filter": "((((ss_sales_price >= 100.00) AND (ss_sales_price <= 150.00)) OR ((ss_sales_price >= 50.00) AND (ss_sales_price <= 100.00)) OR ((ss_sales_price >= 150.00) AND (ss_sales_price <= 200.00))) AND (((ss_net_profit >= '100'::numeric) AND (ss_net_profit <= '200'::numeric)) OR ((ss_net_profit >= '150'::numeric) AND (ss_net_profit <= '300'::numeric)) OR ((ss_net_profit >= '50'::numeric) AND (ss_net_profit <= '250'::numeric))))"
                                },
                                {
                                  "Node Type": "Hash",
                                  "Parent Relationship": "Inner",
                                  "Parallel Aware": true,
                                  "Startup Cost": 1942.12,
                                  "Total Cost": 1942.12,
                                  "Plan Rows": 214,
                                  "Plan Width": 4,
                                  "Plans": [
                                    {
                                      "Node Type": "Seq Scan",
                                      "Parent Relationship": "Outer",
                                      "Parallel Aware": true,
                                      "Relation Name": "date_dim",
                                      "Alias": "date_dim",
                                      "Startup Cost": 0.00,
                                      "Total Cost": 1942.12,
                                      "Plan Rows": 214,
                                      "Plan Width": 4,
                                      "Filter": "(d_year = 2001)"
                                    }
                                  ]
                                }
                              ]
                            },
                            {
                              "Node Type": "Hash",
                              "Parent Relationship": "Inner",
                              "Parallel Aware": false,
                              "Startup Cost": 1.12,
                              "Total Cost": 1.12,
                              "Plan Rows": 12,
                              "Plan Width": 4,
                              "Plans": [
                                {
                                  "Node Type": "Seq Scan",
                                  "Parent Relationship": "Outer",
                                  "Parallel Aware": false,
                                  "Relation Name": "store",
                                  "Alias": "store",
                                  "Startup Cost": 0.00,
                                  "Total Cost": 1.12,
                                  "Plan Rows": 12,
                                  "Plan Width": 4
                                }
                              ]
                            }
                          ]
                        },
                        {
                          "Node Type": "Index Scan",
                          "Parent Relationship": "Inner",
                          "Parallel Aware": false,
                          "Scan Direction": "Forward",
                          "Index Name": "household_demographics_pkey",
                          "Relation Name": "household_demographics",
                          "Alias": "household_demographics",
                          "Startup Cost": 0.28,
                          "Total Cost": 0.31,
                          "Plan Rows": 1,
                          "Plan Width": 8,
                          "Index Cond": "(hd_demo_sk = store_sales.ss_hdemo_sk)",
                          "Filter": "((hd_dep_count = 3) OR (hd_dep_count = 1) OR (hd_dep_count = 1))"
                        }
                      ]
                    },
                    {
                      "Node Type": "Index Scan",
                      "Parent Relationship": "Inner",
                      "Parallel Aware": false,
                      "Scan Direction": "Forward",
                      "Index Name": "customer_address_pkey",
                      "Relation Name": "customer_address",
                      "Alias": "customer_address",
                      "Startup Cost": 0.29,
                      "Total Cost": 0.40,
                      "Plan Rows": 1,
                      "Plan Width": 7,
                      "Index Cond": "(ca_address_sk = store_sales.ss_addr_sk)",
                      "Filter": "(((ca_country)::text = 'United States'::text) AND ((ca_state = ANY ('{NY,AL,PA}'::bpchar[])) OR (ca_state = ANY ('{WI,MT,GA}'::bpchar[])) OR (ca_state = ANY ('{OH,VA,SC}'::bpchar[]))) AND (((ca_state = ANY ('{NY,AL,PA}'::bpchar[])) AND (store_sales.ss_net_profit >= '100'::numeric) AND (store_sales.ss_net_profit <= '200'::numeric)) OR ((ca_state = ANY ('{WI,MT,GA}'::bpchar[])) AND (store_sales.ss_net_profit >= '150'::numeric) AND (store_sales.ss_net_profit <= '300'::numeric)) OR ((ca_state = ANY ('{OH,VA,SC}'::bpchar[])) AND (store_sales.ss_net_profit >= '50'::numeric) AND (store_sales.ss_net_profit <= '250'::numeric))))"
                    }
                  ]
                },
                {
                  "Node Type": "Index Scan",
                  "Parent Relationship": "Inner",
                  "Parallel Aware": false,
                  "Scan Direction": "Forward",
                  "Index Name": "customer_demographics_pkey",
                  "Relation Name": "customer_demographics",
                  "Alias": "customer_demographics",
                  "Startup Cost": 0.43,
                  "Total Cost": 1.63,
                  "Plan Rows": 1,
                  "Plan Width": 27,
                  "Index Cond": "(cd_demo_sk = store_sales.ss_cdemo_sk)",
                  "Filter": "(((cd_marital_status = 'D'::bpchar) AND (cd_education_status = '2 yr Degree'::bpchar)) OR ((cd_marital_status = 'U'::bpchar) AND (cd_education_status = 'Unknown'::bpchar)) OR ((cd_marital_status = 'M'::bpchar) AND (cd_education_status = 'College'::bpchar)))"
                }
              ]
            }
          ]
        }
      ]
    }
  }
]
