[
  {
    "Plan": {
      "Node Type": "Limit",
      "Parallel Aware": false,
      "Startup Cost": 74059.00,
      "Total Cost": 74059.25,
      "Plan Rows": 100,
      "Plan Width": 170,
      "Plans": [
        {
          "Node Type": "Sort",
          "Parent Relationship": "Outer",
          "Parallel Aware": false,
          "Startup Cost": 74059.00,
          "Total Cost": 74060.46,
          "Plan Rows": 581,
          "Plan Width": 170,
          "Sort Key": ["customer.c_last_name", "store_sales.ss_ticket_number"],
          "Plans": [
            {
              "Node Type": "Nested Loop",
              "Parent Relationship": "Outer",
              "Parallel Aware": false,
              "Join Type": "Inner",
              "Startup Cost": 70337.13,
              "Total Cost": 74036.80,
              "Plan Rows": 581,
              "Plan Width": 170,
              "Inner Unique": true,
              "Join Filter": "((current_addr.ca_city)::text <> (customer_address.ca_city)::text)",
              "Plans": [
                {
                  "Node Type": "Nested Loop",
                  "Parent Relationship": "Outer",
                  "Parallel Aware": false,
                  "Join Type": "Inner",
                  "Startup Cost": 70336.84,
                  "Total Cost": 73822.02,
                  "Plan Rows": 582,
                  "Plan Width": 165,
                  "Inner Unique": true,
                  "Plans": [
                    {
                      "Node Type": "Aggregate",
                      "Strategy": "Sorted",
                      "Partial Mode": "Finalize",
                      "Parent Relationship": "Outer",
                      "Parallel Aware": false,
                      "Startup Cost": 70336.55,
                      "Total Cost": 70423.78,
                      "Plan Rows": 582,
                      "Plan Width": 117,
                      "Group Key": ["store_sales.ss_ticket_number", "store_sales.ss_customer_sk", "store_sales.ss_addr_sk", "customer_address.ca_city"],
                      "Plans": [
                        {
                          "Node Type": "Gather Merge",
                          "Parent Relationship": "Outer",
                          "Parallel Aware": false,
                          "Startup Cost": 70336.55,
                          "Total Cost": 70401.49,
                          "Plan Rows": 484,
                          "Plan Width": 117,
                          "Workers Planned": 2,
                          "Plans": [
                            {
                              "Node Type": "Aggregate",
                              "Strategy": "Sorted",
                              "Partial Mode": "Partial",
                              "Parent Relationship": "Outer",
                              "Parallel Aware": false,
                              "Startup Cost": 69336.53,
                              "Total Cost": 69345.60,
                              "Plan Rows": 242,
                              "Plan Width": 117,
                              "Group Key": ["store_sales.ss_ticket_number", "store_sales.ss_customer_sk", "store_sales.ss_addr_sk", "customer_address.ca_city"],
                              "Plans": [
                                {
                                  "Node Type": "Sort",
                                  "Parent Relationship": "Outer",
                                  "Parallel Aware": false,
                                  "Startup Cost": 69336.53,
                                  "Total Cost": 69337.13,
                                  "Plan Rows": 242,
                                  "Plan Width": 40,
                                  "Sort Key": ["store_sales.ss_ticket_number", "store_sales.ss_customer_sk", "store_sales.ss_addr_sk", "customer_address.ca_city"],
                                  "Plans": [
                                    {
                                      "Node Type": "Nested Loop",
                                      "Parent Relationship": "Outer",
                                      "Parallel Aware": false,
                                      "Join Type": "Inner",
                                      "Startup Cost": 2396.30,
                                      "Total Cost": 69326.95,
                                      "Plan Rows": 242,
                                      "Plan Width": 40,
                                      "Inner Unique": true,
                                      "Plans": [
                                        {
                                          "Node Type": "Hash Join",
                                          "Parent Relationship": "Outer",
                                          "Parallel Aware": false,
                                          "Join Type": "Inner",
                                          "Startup Cost": 2396.01,
                                          "Total Cost": 69248.41,
                                          "Plan Rows": 254,
                                          "Plan Width": 31,
                                          "Inner Unique": true,
                                          "Hash Cond": "(store_sales.ss_store_sk = store.s_store_sk)",
                                          "Plans": [
                                            {
                                              "Node Type": "Hash Join",
                                              "Parent Relationship": "Outer",
                                              "Parallel Aware": false,
                                              "Join Type": "Inner",
                                              "Startup Cost": 2394.71,
                                              "Total Cost": 69246.18,
                                              "Plan Rows": 266,
                                              "Plan Width": 35,
                                              "Inner Unique": true,
                                              "Hash Cond": "(store_sales.ss_hdemo_sk = household_demographics.hd_demo_sk)",
                                              "Plans": [
                                                {
                                                  "Node Type": "Hash Join",
                                                  "Parent Relationship": "Outer",
                                                  "Parallel Aware": true,
                                                  "Join Type": "Inner",
                                                  "Startup Cost": 2211.21,
                                                  "Total Cost": 69059.75,
                                                  "Plan Rows": 1114,
                                                  "Plan Width": 39,
                                                  "Inner Unique": true,
                                                  "Hash Cond": "(store_sales.ss_sold_date_sk = date_dim.d_date_sk)",
                                                  "Plans": [
                                                    {
                                                      "Node Type": "Seq Scan",
                                                      "Parent Relationship": "Outer",
                                                      "Parallel Aware": true,
                                                      "Relation Name": "store_sales",
                                                      "Alias": "store_sales",
                                                      "Startup Cost": 0.00,
                                                      "Total Cost": 63697.87,
                                                      "Plan Rows": 1200187,
                                                      "Plan Width": 43
                                                    },
                                                    {
                                                      "Node Type": "Hash",
                                                      "Parent Relationship": "Inner",
                                                      "Parallel Aware": true,
                                                      "Startup Cost": 2210.69,
                                                      "Total Cost": 2210.69,
                                                      "Plan Rows": 42,
                                                      "Plan Width": 4,
                                                      "Plans": [
                                                        {
                                                          "Node Type": "Seq Scan",
                                                          "Parent Relationship": "Outer",
                                                          "Parallel Aware": true,
                                                          "Relation Name": "date_dim",
                                                          "Alias": "date_dim",
                                                          "Startup Cost": 0.00,
                                                          "Total Cost": 2210.69,
                                                          "Plan Rows": 42,
                                                          "Plan Width": 4,
                                                          "Filter": "((d_dom >= 1) AND (d_dom <= 2) AND (d_year = ANY ('{1999,2000,2001}'::integer[])))"
                                                        }
                                                      ]
                                                    }
                                                  ]
                                                },
                                                {
                                                  "Node Type": "Hash",
                                                  "Parent Relationship": "Inner",
                                                  "Parallel Aware": false,
                                                  "Startup Cost": 161.00,
                                                  "Total Cost": 161.00,
                                                  "Plan Rows": 1800,
                                                  "Plan Width": 4,
                                                  "Plans": [
                                                    {
                                                      "Node Type": "Seq Scan",
                                                      "Parent Relationship": "Outer",
                                                      "Parallel Aware": false,
                                                      "Relation Name": "household_demographics",
                                                      "Alias": "household_demographics",
                                                      "Startup Cost": 0.00,
                                                      "Total Cost": 161.00,
                                                      "Plan Rows": 1800,
                                                      "Plan Width": 4,
                                                      "Filter": "((hd_dep_count = 7) OR (hd_vehicle_count = 1))"
                                                    }
                                                  ]
                                                }
                                              ]
                                            },
                                            {
                                              "Node Type": "Hash",
                                              "Parent Relationship": "Inner",
                                              "Parallel Aware": false,
                                              "Startup Cost": 1.15,
                                              "Total Cost": 1.15,
                                              "Plan Rows": 12,
                                              "Plan Width": 4,
                                              "Plans": [
                                                {
                                                  "Node Type": "Seq Scan",
                                                  "Parent Relationship": "Outer",
                                                  "Parallel Aware": false,
                                                  "Relation Name": "store",
                                                  "Alias": "store",
                                                  "Startup Cost": 0.00,
                                                  "Total Cost": 1.15,
                                                  "Plan Rows": 12,
                                                  "Plan Width": 4,
                                                  "Filter": "((s_city)::text = ANY ('{Fairview,Midway}'::text[]))"
                                                }
                                              ]
                                            }
                                          ]
                                        },
                                        {
                                          "Node Type": "Index Scan",
                                          "Parent Relationship": "Inner",
                                          "Parallel Aware": false,
                                          "Scan Direction": "Forward",
                                          "Index Name": "customer_address_pkey",
                                          "Relation Name": "customer_address",
                                          "Alias": "customer_address",
                                          "Startup Cost": 0.29,
                                          "Total Cost": 0.31,
                                          "Plan Rows": 1,
                                          "Plan Width": 13,
                                          "Index Cond": "(ca_address_sk = store_sales.ss_addr_sk)"
                                        }
                                      ]
                                    }
                                  ]
                                }
                              ]
                            }
                          ]
                        }
                      ]
                    },
                    {
                      "Node Type": "Index Scan",
                      "Parent Relationship": "Inner",
                      "Parallel Aware": false,
                      "Scan Direction": "Forward",
                      "Index Name": "customer_pkey",
                      "Relation Name": "customer",
                      "Alias": "customer",
                      "Startup Cost": 0.29,
                      "Total Cost": 5.83,
                      "Plan Rows": 1,
                      "Plan Width": 60,
                      "Index Cond": "(c_customer_sk = store_sales.ss_customer_sk)"
                    }
                  ]
                },
                {
                  "Node Type": "Index Scan",
                  "Parent Relationship": "Inner",
                  "Parallel Aware": false,
                  "Scan Direction": "Forward",
                  "Index Name": "customer_address_pkey",
                  "Relation Name": "customer_address",
                  "Alias": "current_addr",
                  "Startup Cost": 0.29,
                  "Total Cost": 0.36,
                  "Plan Rows": 1,
                  "Plan Width": 13,
                  "Index Cond": "(ca_address_sk = customer.c_current_addr_sk)"
                }
              ]
            }
          ]
        }
      ]
    }
  }
]
