[
  {
    "Plan": {
      "Node Type": "Limit",
      "Parallel Aware": false,
      "Startup Cost": 52657.47,
      "Total Cost": 52657.49,
      "Plan Rows": 10,
      "Plan Width": 87,
      "Plans": [
        {
          "Node Type": "Sort",
          "Parent Relationship": "Outer",
          "Parallel Aware": false,
          "Startup Cost": 52657.47,
          "Total Cost": 52657.49,
          "Plan Rows": 10,
          "Plan Width": 87,
          "Sort Key": ["(sum(store_sales.ss_ext_sales_price)) DESC", "item.i_brand_id"],
          "Plans": [
            {
              "Node Type": "Aggregate",
              "Strategy": "Sorted",
              "Partial Mode": "Finalize",
              "Parent Relationship": "Outer",
              "Parallel Aware": false,
              "Startup Cost": 52656.31,
              "Total Cost": 52657.30,
              "Plan Rows": 10,
              "Plan Width": 87,
              "Group Key": ["item.i_brand", "item.i_brand_id"],
              "Plans": [
                {
                  "Node Type": "Gather Merge",
                  "Parent Relationship": "Outer",
                  "Parallel Aware": false,
                  "Startup Cost": 52656.31,
                  "Total Cost": 52657.12,
                  "Plan Rows": 6,
                  "Plan Width": 87,
                  "Workers Planned": 1,
                  "Plans": [
                    {
                      "Node Type": "Aggregate",
                      "Strategy": "Sorted",
                      "Partial Mode": "Partial",
                      "Parent Relationship": "Outer",
                      "Parallel Aware": false,
                      "Startup Cost": 51656.30,
                      "Total Cost": 51656.43,
                      "Plan Rows": 6,
                      "Plan Width": 87,
                      "Group Key": ["item.i_brand", "item.i_brand_id"],
                      "Plans": [
                        {
                          "Node Type": "Sort",
                          "Parent Relationship": "Outer",
                          "Parallel Aware": false,
                          "Startup Cost": 51656.30,
                          "Total Cost": 51656.31,
                          "Plan Rows": 6,
                          "Plan Width": 61,
                          "Sort Key": ["item.i_brand", "item.i_brand_id"],
                          "Plans": [
                            {
                              "Node Type": "Hash Join",
                              "Parent Relationship": "Outer",
                              "Parallel Aware": true,
                              "Join Type": "Inner",
                              "Startup Cost": 2055.53,
                              "Total Cost": 51656.22,
                              "Plan Rows": 6,
                              "Plan Width": 61,
                              "Inner Unique": true,
                              "Hash Cond": "(store_sales.ss_sold_date_sk = date_dim.d_date_sk)",
                              "Plans": [
                                {
                                  "Node Type": "Nested Loop",
                                  "Parent Relationship": "Outer",
                                  "Parallel Aware": false,
                                  "Join Type": "Inner",
                                  "Startup Cost": 5.75,
                                  "Total Cost": 49569.63,
                                  "Plan Rows": 14026,
                                  "Plan Width": 65,
                                  "Inner Unique": false,
                                  "Plans": [
                                    {
                                      "Node Type": "Seq Scan",
                                      "Parent Relationship": "Outer",
                                      "Parallel Aware": true,
                                      "Relation Name": "item",
                                      "Alias": "item",
                                      "Startup Cost": 0.00,
                                      "Total Cost": 1362.35,
                                      "Plan Rows": 88,
                                      "Plan Width": 59,
                                      "Filter": "(i_manager_id = 54)"
                                    },
                                    {
                                      "Node Type": "Bitmap Heap Scan",
                                      "Parent Relationship": "Inner",
                                      "Parallel Aware": false,
                                      "Relation Name": "store_sales",
                                      "Alias": "store_sales",
                                      "Startup Cost": 5.75,
                                      "Total Cost": 546.07,
                                      "Plan Rows": 174,
                                      "Plan Width": 14,
                                      "Recheck Cond": "(ss_item_sk = item.i_item_sk)",
                                      "Plans": [
                                        {
                                          "Node Type": "Bitmap Index Scan",
                                          "Parent Relationship": "Outer",
                                          "Parallel Aware": false,
                                          "Index Name": "store_sales_pkey",
                                          "Startup Cost": 0.00,
                                          "Total Cost": 5.71,
                                          "Plan Rows": 174,
                                          "Plan Width": 0,
                                          "Index Cond": "(ss_item_sk = item.i_item_sk)"
                                        }
                                      ]
                                    }
                                  ]
                                },
                                {
                                  "Node Type": "Hash",
                                  "Parent Relationship": "Inner",
                                  "Parallel Aware": true,
                                  "Startup Cost": 2049.55,
                                  "Total Cost": 2049.55,
                                  "Plan Rows": 18,
                                  "Plan Width": 4,
                                  "Plans": [
                                    {
                                      "Node Type": "Seq Scan",
                                      "Parent Relationship": "Outer",
                                      "Parallel Aware": true,
                                      "Relation Name": "date_dim",
                                      "Alias": "date_dim",
                                      "Startup Cost": 0.00,
                                      "Total Cost": 2049.55,
                                      "Plan Rows": 18,
                                      "Plan Width": 4,
                                      "Filter": "((d_moy = 12) AND (d_year = 2000))"
                                    }
                                  ]
                                }
                              ]
                            }
                          ]
                        }
                      ]
                    }
                  ]
                }
              ]
            }
          ]
        }
      ]
    }
  }
]
